[0/1] Planning build
Building for debugging...
[0/7] Write sources
[1/7] Write swift-version--58304C5D6DBC2206.txt
[3/5] Compiling SpoonjoyCoreTests NativeAuthSessionTests.swift
[4/5] Emitting module SpoonjoyCoreTests
[4/6] Write Objects.LinkFileList
[5/6] Linking SpoonjoyApplePackageTests
Build complete! (7.71s)
◇ Test run started.
↳ Testing Library Version: 1902
↳ Target Platform: arm64e-apple-macos14.0
◇ Suite "Native auth session contract" started.
◇ Test "OAuth callback contract uses universal links and rejects custom schemes" started.
◇ Test "ASWebAuthenticationSession adapter launches exact HTTPS callback route" started.
◇ Test "app bundle declares associated domains without treating custom scheme as OAuth redirect" started.
◇ Test "xcodebuild blocker wrapper classifies only local pre-parse platform faults" started.
◇ Test "Keychain token vault stores auth material outside general cache" started.
◇ Test "native auth session source defines launch callback and restoration contract" started.
◇ Test "xcodebuild blocker wrapper behavior is executable with fake xcodebuild" started.
◇ Test "secure web handoff URLs are exact and separate from native OAuth redirects" started.
◇ Test "native password dogfood verifier drives real Spoonjoy API instead of fixture tokens" started.
◇ Test "native auth repository behavior persists client id rotates refresh tokens revokes and restores state" started.
◇ Test "auth files are wired into generated app targets and signed out flow" started.
◇ Test "local validation matrix delegates xcodebuild classification to wrapper" started.
◇ Test "Keychain token vault persists values and surfaces security statuses" started.
◇ Test "web authentication adapter is executable with injected session factory" started.
◇ Test "refresh rotation revoke logout and restoration persist through native repository" started.
◇ Test "local validation matrix executes xcodebuild wrapper for app bundle rows" started.
◇ Test "native auth implementation is covered in process" started.
✔ Test "OAuth callback contract uses universal links and rejects custom schemes" passed after 0.005 seconds.
✔ Test "native auth session source defines launch callback and restoration contract" passed after 0.005 seconds.
✔ Test "secure web handoff URLs are exact and separate from native OAuth redirects" passed after 0.005 seconds.
✔ Test "Keychain token vault stores auth material outside general cache" passed after 0.005 seconds.
✔ Test "xcodebuild blocker wrapper classifies only local pre-parse platform faults" passed after 0.005 seconds.
✔ Test "app bundle declares associated domains without treating custom scheme as OAuth redirect" passed after 0.005 seconds.
✔ Test "Keychain token vault persists values and surfaces security statuses" passed after 0.005 seconds.
✔ Test "native password dogfood verifier drives real Spoonjoy API instead of fixture tokens" passed after 0.005 seconds.
✔ Test "local validation matrix delegates xcodebuild classification to wrapper" passed after 0.006 seconds.
✔ Test "ASWebAuthenticationSession adapter launches exact HTTPS callback route" passed after 0.007 seconds.
✔ Test "refresh rotation revoke logout and restoration persist through native repository" passed after 0.007 seconds.
✔ Test "native auth implementation is covered in process" passed after 0.018 seconds.
✔ Test "auth files are wired into generated app targets and signed out flow" passed after 0.690 seconds.
✔ Test "xcodebuild blocker wrapper behavior is executable with fake xcodebuild" passed after 2.573 seconds.
✔ Test "local validation matrix executes xcodebuild wrapper for app bundle rows" passed after 24.141 seconds.
✔ Test "native auth repository behavior persists client id rotates refresh tokens revokes and restores state" passed after 24.429 seconds.
✔ Test "web authentication adapter is executable with injected session factory" passed after 27.878 seconds.
✔ Suite "Native auth session contract" passed after 27.878 seconds.
✔ Test run with 17 tests in 1 suite passed after 27.878 seconds.
