[0/1] Planning build
Building for debugging...
[0/7] Write sources
[1/7] Write swift-version--58304C5D6DBC2206.txt
[3/61] Compiling SpoonjoyCore ScreenViewModels.swift
[4/61] Compiling SpoonjoyCore SearchState.swift
[5/61] Compiling SpoonjoyCore AuthSessionState.swift
[6/61] Compiling SpoonjoyCore InMemoryTokenVault.swift
[7/61] Compiling SpoonjoyCore NativeAuthSession.swift
[8/61] Compiling SpoonjoyCore NativeAuthSessionRepository.swift
[9/66] Compiling SpoonjoyCore ShoppingListState.swift
[10/66] Compiling SpoonjoyCore DeepLinkManifest.swift
[11/66] Compiling SpoonjoyCore NativeCapabilityMetadata.swift
[12/66] Compiling SpoonjoyCore NativeIntentAction.swift
[13/66] Compiling SpoonjoyCore ScenarioCommand.swift
[14/66] Compiling SpoonjoyCore ScenarioReport.swift
[15/66] Compiling SpoonjoyCore OAuthPKCE.swift
[16/66] Compiling SpoonjoyCore OAuthRedirectValidator.swift
[17/66] Compiling SpoonjoyCore OAuthRequests.swift
[18/66] Compiling SpoonjoyCore OAuthResponses.swift
[19/66] Compiling SpoonjoyCore RefreshCoordinator.swift
[20/66] Compiling SpoonjoyCore SecureAuthWebHandoff.swift
[21/66] Compiling SpoonjoyCore ShoppingListRequests.swift
[22/66] Compiling SpoonjoyCore AppNavigationState.swift
[23/66] Compiling SpoonjoyCore AppRoute.swift
[24/66] Compiling SpoonjoyCore DeepLinkRouter.swift
[25/66] Compiling SpoonjoyCore DeepLinkURLBuilder.swift
[26/66] Compiling SpoonjoyCore NativeAppSnapshot.swift
[27/66] Compiling SpoonjoyCore APITransport.swift
[28/66] Compiling SpoonjoyCore JSONValue.swift
[29/66] Compiling SpoonjoyCore NativeAPIRequests.swift
[30/66] Compiling SpoonjoyCore PaginationCursor.swift
[31/66] Compiling SpoonjoyCore PublicCatalogRequests.swift
[32/66] Compiling SpoonjoyCore ShoppingListAPI.swift
[33/66] Compiling SpoonjoyCore ScenarioVerifier.swift
[34/66] Compiling SpoonjoyCore SpotlightIndexPlan.swift
[35/66] Compiling SpoonjoyCore JSONFileStore.swift
[36/66] Compiling SpoonjoyCore MutationQueue.swift
[37/66] Compiling SpoonjoyCore OfflineSnapshot.swift
[38/66] Compiling SpoonjoyCore APIClient.swift
[39/66] Compiling SpoonjoyCore APIEnvelope.swift
[40/66] Compiling SpoonjoyCore APIError.swift
[41/66] Compiling SpoonjoyCore APIRequestBuilder.swift
[42/66] Compiling SpoonjoyCore APIRequestSupport.swift
[43/66] Compiling SpoonjoyCore APIRetryPolicy.swift
[44/66] Compiling SpoonjoyCore NativeMediaStagingPolicy.swift
[45/66] Compiling SpoonjoyCore OfflineFreshnessIndicator.swift
[46/66] Compiling SpoonjoyCore CaptureDraft.swift
[47/66] Compiling SpoonjoyCore CookModeProgress.swift
[48/66] Compiling SpoonjoyCore KitchenFixtureState.swift
[49/66] Compiling SpoonjoyCore SettingsState.swift
[50/66] Emitting module SpoonjoyCore
[51/66] Compiling SpoonjoyCore TokenVault.swift
[52/66] Compiling SpoonjoyCore NativeCacheFreshnessPolicy.swift
[53/66] Compiling SpoonjoyCore NativeCachePrefetchPolicy.swift
[54/66] Compiling SpoonjoyCore NativeDurableCache.swift
[55/66] Compiling SpoonjoyCore NativeDurableCacheStore.swift
[56/66] Compiling SpoonjoyCore NativeIndicatorDismissalStore.swift
[57/66] Compiling SpoonjoyCore SyncCheckpoint.swift
[58/66] Compiling SpoonjoyCore RecipeCookbook.swift
[59/66] Compiling SpoonjoyCore SpoonjoyCore.swift
[60/66] Compiling SpoonjoyCore NativeSyncEngine.swift
[61/66] Compiling SpoonjoyCore resource_bundle_accessor.swift
[62/85] Emitting module SpoonjoyScenarioVerifier
[63/85] Compiling SpoonjoyScenarioVerifier main.swift
[64/85] Compiling SpoonjoyScenarioVerifier ScenarioProcessMain.swift
[64/85] Write Objects.LinkFileList
[65/85] Linking SpoonjoyScenarioVerifier
[66/85] Applying SpoonjoyScenarioVerifier
[68/85] Compiling SpoonjoyCoreTests SpoonjoyCoreBootstrapTests.swift
[69/86] Compiling SpoonjoyCoreTests ShoppingAPIClientTests.swift
[70/86] Compiling SpoonjoyCoreTests TokenRefreshTests.swift
[71/86] Compiling SpoonjoyCoreTests RecipeCookbookTests.swift
[72/86] Compiling SpoonjoyCoreTests NativeAuthSessionTests.swift
[73/86] Compiling SpoonjoyCoreTests NativeCacheFreshnessTests.swift
[74/86] Compiling SpoonjoyCoreTests AppStateTests.swift
[75/86] Compiling SpoonjoyCoreTests DeepLinkRouterTests.swift
[76/86] Compiling SpoonjoyCoreTests KitchenStateTests.swift
[77/86] Compiling SpoonjoyCoreTests NativeAPIExpansionTests.swift
[78/86] Emitting module SpoonjoyCoreTests
[79/86] Compiling SpoonjoyCoreTests APIReadClientTests.swift
[80/86] Compiling SpoonjoyCoreTests APITransportTests.swift
[81/86] Compiling SpoonjoyCoreTests OAuthRequestTests.swift
[82/86] Compiling SpoonjoyCoreTests OfflineStoreTests.swift
[83/86] Compiling SpoonjoyCoreTests NativeScenarioTests.swift
[84/86] Compiling SpoonjoyCoreTests NativeSyncEngineTests.swift
[85/88] Compiling SpoonjoyApplePackageTests runner.swift
[86/88] Emitting module SpoonjoyApplePackageTests
[86/88] Write Objects.LinkFileList
[87/88] Linking SpoonjoyApplePackageTests
Build complete! (9.27s)
◇ Test run started.
↳ Testing Library Version: 1902
↳ Target Platform: arm64e-apple-macos14.0
◇ Suite "Native sync engine and mutation queue" started.
◇ Test "retry results block the failed dependency key while independent mutations can still drain" started.
◇ Test "file backed sync store applies records checkpoints and missing staged media errors" started.
◇ Test "bootstrap tombstones are recorded with checkpoint cursors" started.
◇ Test "capture draft mutations are durable local cache mutations and never build network requests" started.
◇ Test "bootstrap request and sync envelope use the private /me/sync contract" started.
◇ Test "mutation queue and durable decode edge cases fail closed" started.
◇ Test "file backed sync store restores queue checkpoint tombstones and staged media for restart" started.
◇ Test "sync engine bootstraps reads drains FIFO per dependency key and removes replayed mutations" started.
◇ Test "sync engine keeps local capture draft mutations out of remote drain" started.
◇ Test "sync tombstones apply to local cache records and checkpoint revisions" started.
◇ Test "sync engine pauses on auth failure classifies conflicts and retains the blocked queue" started.
◇ Test "expired retry schedules drain and tombstone revisions preserve resource families" started.
◇ Test "queued remote mutations build exact REST requests with idempotency keys and bearer auth" started.
◇ Test "native sync checkpoints validate global and shopping cursors" started.
◇ Test "scheduled retry report keeps the shortest independent retry delay" started.
◇ Test "sync trigger coordinator starts bootstrap and drain for lifecycle network account environment and stale surface events" started.
◇ Test "scheduled retry timestamps are honored before replaying a dependency key" started.
◇ Test "native mutation queue persists every offline product domain with durable replay metadata" started.
◇ Test "offline mutation policy queues allowed writes and refuses online only account security and provider actions" started.
◇ Test "retry schedule uses exact Offline Product Contract backoff with capped jitter" started.
✔ Test "capture draft mutations are durable local cache mutations and never build network requests" passed after 0.004 seconds.
✔ Test "bootstrap request and sync envelope use the private /me/sync contract" passed after 0.004 seconds.
✔ Test "mutation queue and durable decode edge cases fail closed" passed after 0.004 seconds.
✔ Test "sync tombstones apply to local cache records and checkpoint revisions" passed after 0.004 seconds.
✔ Test "bootstrap tombstones are recorded with checkpoint cursors" passed after 0.004 seconds.
✔ Test "native sync checkpoints validate global and shopping cursors" passed after 0.004 seconds.
✔ Test "sync trigger coordinator starts bootstrap and drain for lifecycle network account environment and stale surface events" passed after 0.004 seconds.
✔ Test "sync engine keeps local capture draft mutations out of remote drain" passed after 0.004 seconds.
✔ Test "sync engine pauses on auth failure classifies conflicts and retains the blocked queue" passed after 0.004 seconds.
✔ Test "file backed sync store restores queue checkpoint tombstones and staged media for restart" passed after 0.004 seconds.
✔ Test "scheduled retry timestamps are honored before replaying a dependency key" passed after 0.004 seconds.
✔ Test "retry schedule uses exact Offline Product Contract backoff with capped jitter" passed after 0.004 seconds.
✔ Test "offline mutation policy queues allowed writes and refuses online only account security and provider actions" passed after 0.004 seconds.
✔ Test "sync engine bootstraps reads drains FIFO per dependency key and removes replayed mutations" passed after 0.004 seconds.
✔ Test "scheduled retry report keeps the shortest independent retry delay" passed after 0.004 seconds.
✔ Test "file backed sync store applies records checkpoints and missing staged media errors" passed after 0.004 seconds.
✔ Test "retry results block the failed dependency key while independent mutations can still drain" passed after 0.004 seconds.
✔ Test "expired retry schedules drain and tombstone revisions preserve resource families" passed after 0.005 seconds.
✔ Test "queued remote mutations build exact REST requests with idempotency keys and bearer auth" passed after 0.006 seconds.
✔ Test "native mutation queue persists every offline product domain with durable replay metadata" passed after 0.014 seconds.
✔ Suite "Native sync engine and mutation queue" passed after 0.014 seconds.
✔ Test run with 20 tests in 1 suite passed after 0.014 seconds.
