[0/1] Planning build
Building for debugging...
[0/6] Write sources
[1/6] Write swift-version--58304C5D6DBC2206.txt
[3/87] Compiling SpoonjoyCore OAuthPKCE.swift
[4/87] Compiling SpoonjoyCore OAuthRedirectValidator.swift
[5/87] Compiling SpoonjoyCore OAuthRequests.swift
[6/87] Compiling SpoonjoyCore OAuthResponses.swift
[7/87] Compiling SpoonjoyCore RefreshCoordinator.swift
[8/87] Compiling SpoonjoyCore SecureAuthWebHandoff.swift
[9/87] Compiling SpoonjoyCore TokenVault.swift
[10/87] Compiling SpoonjoyCore NativeCacheFreshnessPolicy.swift
[11/87] Compiling SpoonjoyCore NativeCachePrefetchPolicy.swift
[12/95] Compiling SpoonjoyCore APIClient.swift
[13/95] Compiling SpoonjoyCore APIEnvelope.swift
[14/95] Compiling SpoonjoyCore APIError.swift
[15/95] Compiling SpoonjoyCore APIRequestBuilder.swift
[16/95] Compiling SpoonjoyCore APIRequestSupport.swift
[17/95] Compiling SpoonjoyCore APIRetryPolicy.swift
[18/95] Compiling SpoonjoyCore APITransport.swift
[19/95] Compiling SpoonjoyCore JSONValue.swift
[20/95] Compiling SpoonjoyCore NativeAPIRequests.swift
[21/95] Compiling SpoonjoyCore CaptureDraft.swift
[22/95] Compiling SpoonjoyCore CookModeProgress.swift
[23/95] Compiling SpoonjoyCore KitchenFixtureState.swift
[24/95] Compiling SpoonjoyCore SettingsState.swift
[25/95] Compiling SpoonjoyCore ShoppingListState.swift
[26/95] Compiling SpoonjoyCore CaptureDraftEntityCatalog.swift
[27/95] Compiling SpoonjoyCore ChefProfileEntityCatalog.swift
[28/95] Compiling SpoonjoyCore DeepLinkManifest.swift
[29/95] Compiling SpoonjoyCore NativeCapabilityMetadata.swift
[30/95] Compiling SpoonjoyCore NativeFixtureFallbackPolicy.swift
[31/95] Compiling SpoonjoyCore NativeLiveAppStore.swift
[32/95] Compiling SpoonjoyCore ScreenViewModels.swift
[33/95] Compiling SpoonjoyCore SearchState.swift
[34/95] Compiling SpoonjoyCore AuthSessionState.swift
[35/95] Compiling SpoonjoyCore InMemoryTokenVault.swift
[36/95] Compiling SpoonjoyCore KeychainTokenVault.swift
[37/95] Compiling SpoonjoyCore NativeAuthSession.swift
[38/95] Compiling SpoonjoyCore NativeAuthSessionRepository.swift
[39/95] Compiling SpoonjoyCore PaginationCursor.swift
[40/95] Compiling SpoonjoyCore PublicCatalogRequests.swift
[41/95] Compiling SpoonjoyCore ShoppingListAPI.swift
[42/95] Compiling SpoonjoyCore ShoppingListRequests.swift
[43/95] Compiling SpoonjoyCore AppNavigationState.swift
[44/95] Compiling SpoonjoyCore AppRoute.swift
[45/95] Compiling SpoonjoyCore DeepLinkRouter.swift
[46/95] Compiling SpoonjoyCore DeepLinkURLBuilder.swift
[47/95] Compiling SpoonjoyCore NativeAppSnapshot.swift
[48/95] Compiling SpoonjoyCore RecipeEditorDraftChangePlanner.swift
[49/95] Compiling SpoonjoyCore RecipeEditorViewModel.swift
[50/95] Compiling SpoonjoyCore SearchSurfaceRepository.swift
[51/95] Compiling SpoonjoyCore SearchSurfaceViewModel.swift
[52/95] Compiling SpoonjoyCore SettingsSurfaceRepository.swift
[53/95] Compiling SpoonjoyCore SettingsSurfaceViewModel.swift
[54/95] Compiling SpoonjoyCore NativeSharePayload.swift
[55/95] Compiling SpoonjoyCore ShoppingSurfaceViewModel.swift
[56/95] Compiling SpoonjoyCore SpoonCookLogViewModel.swift
[57/95] Compiling SpoonjoyCore NativeIntentAction.swift
[58/95] Compiling SpoonjoyCore RecipeCookbookEntityCatalog.swift
[59/95] Compiling SpoonjoyCore ScenarioCommand.swift
[60/95] Compiling SpoonjoyCore ScenarioReport.swift
[61/95] Compiling SpoonjoyCore ScenarioVerifier.swift
[62/95] Compiling SpoonjoyCore ShoppingEntityCatalog.swift
[63/95] Compiling SpoonjoyCore SpoonEntityCatalog.swift
[64/95] Compiling SpoonjoyCore SpotlightIndexPlan.swift
[65/95] Compiling SpoonjoyCore NotificationAPNsSurfaceRepository.swift
[66/95] Compiling SpoonjoyCore NotificationAPNsSurfaceViewModel.swift
[67/95] Compiling SpoonjoyCore ProfileChefGraphSurfaceRepository.swift
[68/95] Compiling SpoonjoyCore ProfileChefGraphSurfaceViewModel.swift
[69/95] Compiling SpoonjoyCore RecipeActionsViewModel.swift
[70/95] Compiling SpoonjoyCore RecipeCatalogRepository.swift
[71/95] Compiling SpoonjoyCore RecipeCatalogViewModel.swift
[72/95] Compiling SpoonjoyCore RecipeDetailScreenViewModel.swift
[73/95] Compiling SpoonjoyCore RecipeEditorDraft.swift
[74/95] Compiling SpoonjoyCore NativeDurableCache.swift
[75/95] Compiling SpoonjoyCore NativeDurableCacheStore.swift
[76/95] Compiling SpoonjoyCore NativeIndicatorDismissalStore.swift
[77/95] Compiling SpoonjoyCore NativeMediaStagingPolicy.swift
[78/95] Compiling SpoonjoyCore OfflineFreshnessIndicator.swift
[79/95] Compiling SpoonjoyCore CaptureImportViewModel.swift
[80/95] Compiling SpoonjoyCore CookbookSurfaceRepository.swift
[81/95] Compiling SpoonjoyCore CookbookSurfaceViewModel.swift
[82/95] Compiling SpoonjoyCore RecipeCoverControlsViewModel.swift
[83/95] Emitting module SpoonjoyCore
[84/95] Compiling SpoonjoyCore JSONFileStore.swift
[85/95] Compiling SpoonjoyCore MutationQueue.swift
[86/95] Compiling SpoonjoyCore OfflineSnapshot.swift
[87/95] Compiling SpoonjoyCore SyncCheckpoint.swift
[88/95] Compiling SpoonjoyCore RecipeCookbook.swift
[89/95] Compiling SpoonjoyCore SpoonjoyCore.swift
[90/95] Compiling SpoonjoyCore NativeSyncEngine.swift
[91/95] Compiling SpoonjoyCore resource_bundle_accessor.swift
[92/135] Emitting module SpoonjoyScenarioVerifier
[93/135] Compiling SpoonjoyScenarioVerifier ScenarioProcessMain.swift
[94/135] Compiling SpoonjoyScenarioVerifier main.swift
[94/139] Linking SpoonjoyScenarioVerifier
[95/139] Applying SpoonjoyScenarioVerifier
[97/139] Emitting module SpoonjoyCoreTests
[98/143] Compiling SpoonjoyCoreTests OpenSearchShareCookIntentTests.swift
[99/143] Compiling SpoonjoyCoreTests ProfileChefGraphSurfaceTests.swift
[100/143] Compiling SpoonjoyCoreTests ProfileSettingsIntentTests.swift
[101/143] Compiling SpoonjoyCoreTests RecipeActionIntentTests.swift
[102/143] Compiling SpoonjoyCoreTests SpoonIntentTests.swift
[103/143] Compiling SpoonjoyCoreTests SpoonjoyCoreBootstrapTests.swift
[104/143] Compiling SpoonjoyCoreTests SpotlightShortcutTransferTests.swift
[105/143] Compiling SpoonjoyCoreTests TokenRefreshTests.swift
[106/143] Compiling SpoonjoyCoreTests RecipeActionParityTests.swift
[107/143] Compiling SpoonjoyCoreTests RecipeCatalogDetailTests.swift
[108/143] Compiling SpoonjoyCoreTests RecipeCookbookEntityTests.swift
[109/143] Compiling SpoonjoyCoreTests RecipeCookbookTests.swift
[110/143] Compiling SpoonjoyCoreTests RecipeEditorParityTests.swift
[111/143] Compiling SpoonjoyCoreTests SettingsTokenConnectionTests.swift
[112/143] Compiling SpoonjoyCoreTests ShoppingAPIClientTests.swift
[113/143] Compiling SpoonjoyCoreTests ShoppingEntityTests.swift
[114/143] Compiling SpoonjoyCoreTests APIReadClientTests.swift
[115/143] Compiling SpoonjoyCoreTests APITransportTests.swift
[116/143] Compiling SpoonjoyCoreTests AppStateTests.swift
[117/143] Compiling SpoonjoyCoreTests CaptureDraftEntityTests.swift
[118/143] Compiling SpoonjoyCoreTests CaptureImportIntentTests.swift
[119/143] Compiling SpoonjoyCoreTests CaptureImportSurfaceTests.swift
[120/143] Compiling SpoonjoyCoreTests ChefProfileEntityTests.swift
[121/143] Compiling SpoonjoyCoreTests CookModeParityTests.swift
[122/143] Compiling SpoonjoyCoreTests CookbookIntentTests.swift
[123/143] Compiling SpoonjoyCoreTests CookbookSurfaceParityTests.swift
[124/143] Compiling SpoonjoyCoreTests ShoppingIntentTests.swift
[125/143] Compiling SpoonjoyCoreTests ShoppingSurfaceParityTests.swift
[126/143] Compiling SpoonjoyCoreTests SpoonCookLogSurfaceTests.swift
[127/143] Compiling SpoonjoyCoreTests SpoonEntityTests.swift
[128/143] Compiling SpoonjoyCoreTests NativeCacheFreshnessTests.swift
[129/143] Compiling SpoonjoyCoreTests NativeLiveStoreTests.swift
[130/143] Compiling SpoonjoyCoreTests NativeScenarioTests.swift
[131/143] Compiling SpoonjoyCoreTests NativeSearchSurfaceTests.swift
[132/143] Compiling SpoonjoyCoreTests NativeSharingTests.swift
[133/143] Compiling SpoonjoyCoreTests NativeSyncEngineTests.swift
[134/143] Compiling SpoonjoyCoreTests NotificationAPNsSurfaceTests.swift
[135/143] Compiling SpoonjoyCoreTests NotificationIntentTests.swift
[136/143] Compiling SpoonjoyCoreTests OAuthRequestTests.swift
[137/143] Compiling SpoonjoyCoreTests OfflineStoreTests.swift
[138/143] Compiling SpoonjoyCoreTests CoverControlSurfaceTests.swift
[139/143] Compiling SpoonjoyCoreTests DeepLinkRouterTests.swift
[140/143] Compiling SpoonjoyCoreTests KitchenStateTests.swift
[141/143] Compiling SpoonjoyCoreTests NativeAPIExpansionTests.swift
[142/143] Compiling SpoonjoyCoreTests NativeAuthSessionTests.swift
[142/144] Write Objects.LinkFileList
[143/144] Linking SpoonjoyApplePackageTests
Build complete! (30.19s)
◇ Test run started.
↳ Testing Library Version: 1902
↳ Target Platform: arm64e-apple-macos14.0
◇ Suite "Notification Siri intent contracts" started.
◇ Test "notification Siri intents require preference read update and APNs status actions" started.
◇ Test "notification intent planner preserves queueable preferences and APNs blocker boundaries" started.
✔ Test "notification intent planner preserves queueable preferences and APNs blocker boundaries" passed after 0.006 seconds.
✘ Test "notification Siri intents require preference read update and APNs status actions" recorded an issue at NotificationIntentTests.swift:339:9: Expectation failed: (failures → ["Apps/Spoonjoy/Shared/Native/SpoonjoyAppIntents.swift missing struct ReadNotificationPreferencesIntent: AppIntent", "Apps/Spoonjoy/Shared/Native/SpoonjoyAppIntents.swift missing struct UpdateNotificationPreferencesIntent: AppIntent", "Apps/Spoonjoy/Shared/Native/SpoonjoyAppIntents.swift missing struct OpenNotificationAPNsStatusIntent: AppIntent", "Apps/Spoonjoy/Shared/Native/SpoonjoyAppIntents.swift missing @Parameter(title: \"Spoons\")", "Apps/Spoonjoy/Shared/Native/SpoonjoyAppIntents.swift missing @Parameter(title: \"Forks\")", "Apps/Spoonjoy/Shared/Native/SpoonjoyAppIntents.swift missing @Parameter(title: \"Cookbook Saves\")", "Apps/Spoonjoy/Shared/Native/SpoonjoyAppIntents.swift missing @Parameter(title: \"Fellow-Chef Cooks\")", "Apps/Spoonjoy/Shared/Native/SpoonjoyAppIntents.swift missing SettingsNotificationPreferences(", "Apps/Spoonjoy/Shared/Native/SpoonjoyAppIntents.swift missing NativeIntentActionResolver().readNotificationPreferences(", "Apps/Spoonjoy/Shared/Native/SpoonjoyAppIntents.swift missing NativeIntentActionResolver().updateNotificationPreferences(", "Apps/Spoonjoy/Shared/Native/SpoonjoyAppIntents.swift missing NativeIntentActionResolver().openNotificationAPNsStatus(", "Apps/Spoonjoy/Shared/Native/SpoonjoyAppIntents.swift missing notificationAPNsSurfaceData()", "Apps/Spoonjoy/Shared/Native/SpoonjoyAppIntents.swift missing notificationAPNsConnectivity()", "Apps/Spoonjoy/Shared/Native/SpoonjoyAppIntents.swift missing performNotificationAPNsActionStatus", "Apps/Spoonjoy/Shared/Native/SpoonjoyAppIntents.swift missing APNsDeliveryBlockerState", "Apps/Spoonjoy/Shared/Native/SpoonjoyAppIntents.swift missing AppleDeveloperProgramBlocker.artifactFileName", "Apps/Spoonjoy/Shared/Native/SpoonjoyAppIntents.swift missing String(describing: ReadNotificationPreferencesIntent())", "Apps/Spoonjoy/Shared/Native/SpoonjoyAppIntents.swift missing String(describing: UpdateNotificationPreferencesIntent())", "Apps/Spoonjoy/Shared/Native/SpoonjoyAppIntents.swift missing String(describing: OpenNotificationAPNsStatusIntent())", "Sources/SpoonjoyCore/Native/NativeIntentAction.swift missing public struct NativeIntentNotificationPreferencesSummary", "Sources/SpoonjoyCore/Native/NativeIntentAction.swift missing public struct NativeIntentNotificationAction", "Sources/SpoonjoyCore/Native/NativeIntentAction.swift missing public func readNotificationPreferences(", "Sources/SpoonjoyCore/Native/NativeIntentAction.swift missing public func updateNotificationPreferences(", "Sources/SpoonjoyCore/Native/NativeIntentAction.swift missing public func openNotificationAPNsStatus(", "Sources/SpoonjoyCore/Native/NativeIntentAction.swift missing NotificationAPNsActionPlanner", "Sources/SpoonjoyCore/Native/NativeIntentAction.swift missing NotificationAPNsSurfaceConnectivity", "Sources/SpoonjoyCore/Native/NativeIntentAction.swift missing NotificationAPNsActionPlan", "Sources/SpoonjoyCore/Native/NativeIntentAction.swift missing .updatePreferences(preferences, clientMutationID: mutationID)", "Sources/SpoonjoyCore/Native/NativeIntentAction.swift missing SettingsNotificationPreferences", "Sources/SpoonjoyCore/Native/NativeIntentAction.swift missing APNsDeliveryBlockerState", "Sources/SpoonjoyCore/Native/NativeIntentAction.swift missing AppleDeveloperProgramBlocker.artifactFileName", "Sources/SpoonjoyCore/Native/NativeCapabilityMetadata.swift missing ReadNotificationPreferencesIntent", "Sources/SpoonjoyCore/Native/NativeCapabilityMetadata.swift missing UpdateNotificationPreferencesIntent", "Sources/SpoonjoyCore/Native/NativeCapabilityMetadata.swift missing OpenNotificationAPNsStatusIntent", "Sources/SpoonjoyCore/Native/ScenarioVerifier.swift missing Notification Siri intents", "Sources/SpoonjoyCore/Native/ScenarioVerifier.swift missing ReadNotificationPreferencesIntent", "Sources/SpoonjoyCore/Native/ScenarioVerifier.swift missing UpdateNotificationPreferencesIntent", "Sources/SpoonjoyCore/Native/ScenarioVerifier.swift missing OpenNotificationAPNsStatusIntent", "Apps/Spoonjoy/Shared/Native/SpoonjoyAppIntents.swift missing body for ReadNotificationPreferencesIntent", "Apps/Spoonjoy/Shared/Native/SpoonjoyAppIntents.swift missing body for UpdateNotificationPreferencesIntent", "Apps/Spoonjoy/Shared/Native/SpoonjoyAppIntents.swift missing body for OpenNotificationAPNsStatusIntent", "Apps/Spoonjoy/Shared/Native/SpoonjoyAppIntents.swift SpoonjoyIntentStateWriter missing func notificationAPNsSurfaceData() async throws -> NotificationAPNsSurfaceData", "Apps/Spoonjoy/Shared/Native/SpoonjoyAppIntents.swift SpoonjoyIntentStateWriter missing func notificationAPNsConnectivity() async throws -> NotificationAPNsSurfaceConnectivity", "Apps/Spoonjoy/Shared/Native/SpoonjoyAppIntents.swift SpoonjoyIntentStateWriter missing func performNotificationAPNsActionStatus(_ action: NativeIntentNotificationAction, savedAt: String) async throws -> SpoonjoyIntentSettingsActionStatus", "Apps/Spoonjoy/Shared/Native/SpoonjoyAppIntents.swift SpoonjoyIntentStateWriter missing executeNotificationAPNsAction(action)", "Apps/Spoonjoy/Shared/Native/SpoonjoyAppIntents.swift SpoonjoyIntentStateWriter missing NotificationAPNsActionPlanner", "Apps/Spoonjoy/Shared/Native/SpoonjoyAppIntents.swift SpoonjoyIntentStateWriter missing recordNotificationAPNsBlocker", "Apps/Spoonjoy/Shared/Native/SpoonjoyAppIntents.swift SpoonjoyIntentShortcutBudget missing String(describing: ReadNotificationPreferencesIntent())", "Apps/Spoonjoy/Shared/Native/SpoonjoyAppIntents.swift SpoonjoyIntentShortcutBudget missing String(describing: UpdateNotificationPreferencesIntent())", "Apps/Spoonjoy/Shared/Native/SpoonjoyAppIntents.swift SpoonjoyIntentShortcutBudget missing String(describing: OpenNotificationAPNsStatusIntent())", "Sources/SpoonjoyCore/Native/NativeIntentAction.swift missing body for readNotificationPreferences resolver", "Sources/SpoonjoyCore/Native/NativeIntentAction.swift missing body for updateNotificationPreferences resolver", "Sources/SpoonjoyCore/Native/NativeIntentAction.swift missing body for openNotificationAPNsStatus resolver"]).isEmpty → false
↳ Apps/Spoonjoy/Shared/Native/SpoonjoyAppIntents.swift missing struct ReadNotificationPreferencesIntent: AppIntent
  Apps/Spoonjoy/Shared/Native/SpoonjoyAppIntents.swift missing struct UpdateNotificationPreferencesIntent: AppIntent
  Apps/Spoonjoy/Shared/Native/SpoonjoyAppIntents.swift missing struct OpenNotificationAPNsStatusIntent: AppIntent
  Apps/Spoonjoy/Shared/Native/SpoonjoyAppIntents.swift missing @Parameter(title: "Spoons")
  Apps/Spoonjoy/Shared/Native/SpoonjoyAppIntents.swift missing @Parameter(title: "Forks")
  Apps/Spoonjoy/Shared/Native/SpoonjoyAppIntents.swift missing @Parameter(title: "Cookbook Saves")
  Apps/Spoonjoy/Shared/Native/SpoonjoyAppIntents.swift missing @Parameter(title: "Fellow-Chef Cooks")
  Apps/Spoonjoy/Shared/Native/SpoonjoyAppIntents.swift missing SettingsNotificationPreferences(
  Apps/Spoonjoy/Shared/Native/SpoonjoyAppIntents.swift missing NativeIntentActionResolver().readNotificationPreferences(
  Apps/Spoonjoy/Shared/Native/SpoonjoyAppIntents.swift missing NativeIntentActionResolver().updateNotificationPreferences(
  Apps/Spoonjoy/Shared/Native/SpoonjoyAppIntents.swift missing NativeIntentActionResolver().openNotificationAPNsStatus(
  Apps/Spoonjoy/Shared/Native/SpoonjoyAppIntents.swift missing notificationAPNsSurfaceData()
  Apps/Spoonjoy/Shared/Native/SpoonjoyAppIntents.swift missing notificationAPNsConnectivity()
  Apps/Spoonjoy/Shared/Native/SpoonjoyAppIntents.swift missing performNotificationAPNsActionStatus
  Apps/Spoonjoy/Shared/Native/SpoonjoyAppIntents.swift missing APNsDeliveryBlockerState
  Apps/Spoonjoy/Shared/Native/SpoonjoyAppIntents.swift missing AppleDeveloperProgramBlocker.artifactFileName
  Apps/Spoonjoy/Shared/Native/SpoonjoyAppIntents.swift missing String(describing: ReadNotificationPreferencesIntent())
  Apps/Spoonjoy/Shared/Native/SpoonjoyAppIntents.swift missing String(describing: UpdateNotificationPreferencesIntent())
  Apps/Spoonjoy/Shared/Native/SpoonjoyAppIntents.swift missing String(describing: OpenNotificationAPNsStatusIntent())
  Sources/SpoonjoyCore/Native/NativeIntentAction.swift missing public struct NativeIntentNotificationPreferencesSummary
  Sources/SpoonjoyCore/Native/NativeIntentAction.swift missing public struct NativeIntentNotificationAction
  Sources/SpoonjoyCore/Native/NativeIntentAction.swift missing public func readNotificationPreferences(
  Sources/SpoonjoyCore/Native/NativeIntentAction.swift missing public func updateNotificationPreferences(
  Sources/SpoonjoyCore/Native/NativeIntentAction.swift missing public func openNotificationAPNsStatus(
  Sources/SpoonjoyCore/Native/NativeIntentAction.swift missing NotificationAPNsActionPlanner
  Sources/SpoonjoyCore/Native/NativeIntentAction.swift missing NotificationAPNsSurfaceConnectivity
  Sources/SpoonjoyCore/Native/NativeIntentAction.swift missing NotificationAPNsActionPlan
  Sources/SpoonjoyCore/Native/NativeIntentAction.swift missing .updatePreferences(preferences, clientMutationID: mutationID)
  Sources/SpoonjoyCore/Native/NativeIntentAction.swift missing SettingsNotificationPreferences
  Sources/SpoonjoyCore/Native/NativeIntentAction.swift missing APNsDeliveryBlockerState
  Sources/SpoonjoyCore/Native/NativeIntentAction.swift missing AppleDeveloperProgramBlocker.artifactFileName
  Sources/SpoonjoyCore/Native/NativeCapabilityMetadata.swift missing ReadNotificationPreferencesIntent
  Sources/SpoonjoyCore/Native/NativeCapabilityMetadata.swift missing UpdateNotificationPreferencesIntent
  Sources/SpoonjoyCore/Native/NativeCapabilityMetadata.swift missing OpenNotificationAPNsStatusIntent
  Sources/SpoonjoyCore/Native/ScenarioVerifier.swift missing Notification Siri intents
  Sources/SpoonjoyCore/Native/ScenarioVerifier.swift missing ReadNotificationPreferencesIntent
  Sources/SpoonjoyCore/Native/ScenarioVerifier.swift missing UpdateNotificationPreferencesIntent
  Sources/SpoonjoyCore/Native/ScenarioVerifier.swift missing OpenNotificationAPNsStatusIntent
  Apps/Spoonjoy/Shared/Native/SpoonjoyAppIntents.swift missing body for ReadNotificationPreferencesIntent
  Apps/Spoonjoy/Shared/Native/SpoonjoyAppIntents.swift missing body for UpdateNotificationPreferencesIntent
  Apps/Spoonjoy/Shared/Native/SpoonjoyAppIntents.swift missing body for OpenNotificationAPNsStatusIntent
  Apps/Spoonjoy/Shared/Native/SpoonjoyAppIntents.swift SpoonjoyIntentStateWriter missing func notificationAPNsSurfaceData() async throws -> NotificationAPNsSurfaceData
  Apps/Spoonjoy/Shared/Native/SpoonjoyAppIntents.swift SpoonjoyIntentStateWriter missing func notificationAPNsConnectivity() async throws -> NotificationAPNsSurfaceConnectivity
  Apps/Spoonjoy/Shared/Native/SpoonjoyAppIntents.swift SpoonjoyIntentStateWriter missing func performNotificationAPNsActionStatus(_ action: NativeIntentNotificationAction, savedAt: String) async throws -> SpoonjoyIntentSettingsActionStatus
  Apps/Spoonjoy/Shared/Native/SpoonjoyAppIntents.swift SpoonjoyIntentStateWriter missing executeNotificationAPNsAction(action)
  Apps/Spoonjoy/Shared/Native/SpoonjoyAppIntents.swift SpoonjoyIntentStateWriter missing NotificationAPNsActionPlanner
  Apps/Spoonjoy/Shared/Native/SpoonjoyAppIntents.swift SpoonjoyIntentStateWriter missing recordNotificationAPNsBlocker
  Apps/Spoonjoy/Shared/Native/SpoonjoyAppIntents.swift SpoonjoyIntentShortcutBudget missing String(describing: ReadNotificationPreferencesIntent())
  Apps/Spoonjoy/Shared/Native/SpoonjoyAppIntents.swift SpoonjoyIntentShortcutBudget missing String(describing: UpdateNotificationPreferencesIntent())
  Apps/Spoonjoy/Shared/Native/SpoonjoyAppIntents.swift SpoonjoyIntentShortcutBudget missing String(describing: OpenNotificationAPNsStatusIntent())
  Sources/SpoonjoyCore/Native/NativeIntentAction.swift missing body for readNotificationPreferences resolver
  Sources/SpoonjoyCore/Native/NativeIntentAction.swift missing body for updateNotificationPreferences resolver
  Sources/SpoonjoyCore/Native/NativeIntentAction.swift missing body for openNotificationAPNsStatus resolver
✘ Test "notification Siri intents require preference read update and APNs status actions" failed after 0.353 seconds with 1 issue.
✘ Suite "Notification Siri intent contracts" failed after 0.354 seconds with 1 issue.
✘ Test run with 2 tests in 1 suite failed after 0.354 seconds with 1 issue.
expected red status: 1
