[0/1] Planning build
Building for debugging...
[0/6] Write sources
[1/6] Write swift-version--58304C5D6DBC2206.txt
[3/33] Emitting module SpoonjoyCoreTests
[4/36] Compiling SpoonjoyCoreTests OfflineStoreTests.swift
[5/36] Compiling SpoonjoyCoreTests ProfileChefGraphSurfaceTests.swift
[6/36] Compiling SpoonjoyCoreTests RecipeActionParityTests.swift
[7/36] Compiling SpoonjoyCoreTests DeepLinkRouterTests.swift
[8/36] Compiling SpoonjoyCoreTests KitchenStateTests.swift
[9/36] Compiling SpoonjoyCoreTests NativeAPIExpansionTests.swift
[10/36] Compiling SpoonjoyCoreTests SpoonCookLogSurfaceTests.swift
[11/36] Compiling SpoonjoyCoreTests SpoonjoyCoreBootstrapTests.swift
[12/36] Compiling SpoonjoyCoreTests TokenRefreshTests.swift
[13/36] Compiling SpoonjoyCoreTests SettingsTokenConnectionTests.swift
[14/36] Compiling SpoonjoyCoreTests ShoppingAPIClientTests.swift
[15/36] Compiling SpoonjoyCoreTests ShoppingSurfaceParityTests.swift
[16/36] Compiling SpoonjoyCoreTests RecipeCatalogDetailTests.swift
[17/36] Compiling SpoonjoyCoreTests RecipeCookbookTests.swift
[18/36] Compiling SpoonjoyCoreTests RecipeEditorParityTests.swift
[19/36] Compiling SpoonjoyCoreTests CookModeParityTests.swift
[20/36] Compiling SpoonjoyCoreTests CookbookSurfaceParityTests.swift
[21/36] Compiling SpoonjoyCoreTests CoverControlSurfaceTests.swift
[22/36] Compiling SpoonjoyCoreTests NativeScenarioTests.swift
[23/36] Compiling SpoonjoyCoreTests NativeSearchSurfaceTests.swift
[24/36] Compiling SpoonjoyCoreTests NativeSharingTests.swift
[25/36] Compiling SpoonjoyCoreTests APIReadClientTests.swift
[26/36] Compiling SpoonjoyCoreTests APITransportTests.swift
[27/36] Compiling SpoonjoyCoreTests AppStateTests.swift
[28/36] Compiling SpoonjoyCoreTests CaptureImportSurfaceTests.swift
[29/36] Compiling SpoonjoyCoreTests NativeAuthSessionTests.swift
[30/36] Compiling SpoonjoyCoreTests NativeCacheFreshnessTests.swift
[31/36] Compiling SpoonjoyCoreTests NativeLiveStoreTests.swift
[32/36] Compiling SpoonjoyCoreTests NativeSyncEngineTests.swift
[33/36] Compiling SpoonjoyCoreTests NotificationAPNsSurfaceTests.swift
[34/36] Compiling SpoonjoyCoreTests OAuthRequestTests.swift
[35/38] Emitting module SpoonjoyApplePackageTests
[36/38] Compiling SpoonjoyApplePackageTests runner.swift
[36/38] Write Objects.LinkFileList
[37/38] Linking SpoonjoyApplePackageTests
Build complete! (17.87s)
Test Suite 'Selected tests' started at 2026-06-28 18:21:45.046.
Test Suite 'SpoonjoyApplePackageTests.xctest' started at 2026-06-28 18:21:45.049.
Test Suite 'SpoonjoyApplePackageTests.xctest' passed at 2026-06-28 18:21:45.049.
	 Executed 0 tests, with 0 failures (0 unexpected) in 0.000 (0.000) seconds
Test Suite 'Selected tests' passed at 2026-06-28 18:21:45.049.
	 Executed 0 tests, with 0 failures (0 unexpected) in 0.000 (0.003) seconds
◇ Test run started.
↳ Testing Library Version: 1902
↳ Target Platform: arm64e-apple-macos14.0
◇ Suite "Native live store and shell wiring" started.
◇ Suite "Native settings profile tokens and connections parity" started.
◇ Test "platform navigation consumes live content state and never decodes production fixtures" started.
◇ Test "URLSession settings transport builds exact requests and decodes every settings response" started.
◇ Test "tokens connections logout and credential handoffs are online-only while offline" started.
◇ Test "settings action planner fails closed when offline policy mappings regress" started.
◇ Test "settings response decoders accept current legacy and empty token connection shapes" started.
◇ Test "settings view model covers queued offline signed-in empty and fresh cache states" started.
◇ Test "profile and notification actions plan exact REST requests with offline queue fallbacks" started.
◇ Test "profile photo staging follows web allowlist and preserves existing draft on rejected replacement" started.
◇ Test "settings UI and scenario verifier expose native sections instead of web handoff placeholders" started.
◇ Test "account settings decoder accepts legacy passkeys without created timestamps" started.
◇ Test "settings surface exposes signed-in account state, signed-out handoff, tokens, connections, and conflicts" started.
◇ Test "live and snapshot repositories read the same account settings API surface" started.
◇ Test "snapshot settings restore covers legacy notifications and sparse token connection metadata" started.
✔ Test "profile photo staging follows web allowlist and preserves existing draft on rejected replacement" passed after 0.001 seconds.
✔ Test "account settings decoder accepts legacy passkeys without created timestamps" passed after 0.001 seconds.
✔ Test "settings response decoders accept current legacy and empty token connection shapes" passed after 0.001 seconds.
✔ Test "URLSession settings transport builds exact requests and decodes every settings response" passed after 0.001 seconds.
✔ Test "settings surface exposes signed-in account state, signed-out handoff, tokens, connections, and conflicts" passed after 0.001 seconds.
✔ Test "snapshot settings restore covers legacy notifications and sparse token connection metadata" passed after 0.001 seconds.
✔ Test "live and snapshot repositories read the same account settings API surface" passed after 0.001 seconds.
✔ Test "settings view model covers queued offline signed-in empty and fresh cache states" passed after 0.006 seconds.
✔ Test "settings action planner fails closed when offline policy mappings regress" passed after 0.006 seconds.
✔ Test "tokens connections logout and credential handoffs are online-only while offline" passed after 0.007 seconds.
✔ Test "profile and notification actions plan exact REST requests with offline queue fallbacks" passed after 0.007 seconds.
✔ Test "settings UI and scenario verifier expose native sections instead of web handoff placeholders" passed after 0.024 seconds.
✔ Suite "Native settings profile tokens and connections parity" passed after 0.024 seconds.
✔ Test "platform navigation consumes live content state and never decodes production fixtures" passed after 0.026 seconds.
✔ Suite "Native live store and shell wiring" passed after 0.027 seconds.
✔ Test run with 13 tests in 2 suites passed after 0.027 seconds.
