Building for debugging...
[0/5] Write sources
[1/5] Write swift-version--58304C5D6DBC2206.txt
[3/5] Compiling SpoonjoyCoreTests OpenSearchShareCookIntentTests.swift
[4/5] Emitting module SpoonjoyCoreTests
[4/6] Write Objects.LinkFileList
[5/6] Linking SpoonjoyApplePackageTests
Build complete! (4.63s)
Test Suite 'Selected tests' started at 2026-06-29 05:39:18.419.
Test Suite 'SpoonjoyApplePackageTests.xctest' started at 2026-06-29 05:39:18.422.
Test Suite 'SpoonjoyApplePackageTests.xctest' passed at 2026-06-29 05:39:18.422.
	 Executed 0 tests, with 0 failures (0 unexpected) in 0.000 (0.000) seconds
Test Suite 'Selected tests' passed at 2026-06-29 05:39:18.422.
	 Executed 0 tests, with 0 failures (0 unexpected) in 0.000 (0.003) seconds
◇ Test run started.
↳ Testing Library Version: 1902
↳ Target Platform: arm64e-apple-macos14.0
◇ Suite "Open search share and cook Siri intent contracts" started.
◇ Test "open search share and cook intents are entity backed" started.
◇ Test "share intent contract keeps shopping private and avoids invented social surfaces" started.
✘ Test "share intent contract keeps shopping private and avoids invented social surfaces" recorded an issue at OpenSearchShareCookIntentTests.swift:344:9: Expectation failed: (failures → ["Sources/SpoonjoyCore/Native/NativeIntentAction.swift missing body for shareShoppingList"]).isEmpty → false
↳ Sources/SpoonjoyCore/Native/NativeIntentAction.swift missing body for shareShoppingList
✘ Test "share intent contract keeps shopping private and avoids invented social surfaces" failed after 0.009 seconds with 1 issue.
✘ Test "open search share and cook intents are entity backed" recorded an issue at OpenSearchShareCookIntentTests.swift:295:9: Expectation failed: (failures → ["Apps/Spoonjoy/Shared/Native/SpoonjoyAppIntents.swift missing struct OpenCookbookIntent: AppIntent", "Apps/Spoonjoy/Shared/Native/SpoonjoyAppIntents.swift missing struct OpenProfileIntent: AppIntent", "Apps/Spoonjoy/Shared/Native/SpoonjoyAppIntents.swift missing struct SearchSpoonjoyIntent: AppIntent", "Apps/Spoonjoy/Shared/Native/SpoonjoyAppIntents.swift missing struct ShareRecipeIntent: AppIntent", "Apps/Spoonjoy/Shared/Native/SpoonjoyAppIntents.swift missing struct ShareCookbookIntent: AppIntent", "Apps/Spoonjoy/Shared/Native/SpoonjoyAppIntents.swift missing struct ShareShoppingListIntent: AppIntent", "Apps/Spoonjoy/Shared/Native/SpoonjoyAppIntents.swift missing struct ContinueCookModeIntent: AppIntent", "Apps/Spoonjoy/Shared/Native/SpoonjoyAppIntents.swift missing enum SpoonjoySearchScopeOption: String, AppEnum", "Apps/Spoonjoy/Shared/Native/SpoonjoyAppIntents.swift missing var cookbook: SpoonjoyCookbookEntity", "Apps/Spoonjoy/Shared/Native/SpoonjoyAppIntents.swift missing var profile: SpoonjoyChefProfileEntity", "Apps/Spoonjoy/Shared/Native/SpoonjoyAppIntents.swift missing var shoppingList: SpoonjoyShoppingListEntity", "Apps/Spoonjoy/Shared/Native/SpoonjoyAppIntents.swift missing var scope: SpoonjoySearchScopeOption", "Apps/Spoonjoy/Shared/Native/SpoonjoyAppIntents.swift missing OpenCookbookIntent()", "Apps/Spoonjoy/Shared/Native/SpoonjoyAppIntents.swift missing OpenProfileIntent()", "Apps/Spoonjoy/Shared/Native/SpoonjoyAppIntents.swift missing SearchSpoonjoyIntent()", "Apps/Spoonjoy/Shared/Native/SpoonjoyAppIntents.swift missing ShareRecipeIntent()", "Apps/Spoonjoy/Shared/Native/SpoonjoyAppIntents.swift missing ShareCookbookIntent()", "Apps/Spoonjoy/Shared/Native/SpoonjoyAppIntents.swift missing ShareShoppingListIntent()", "Apps/Spoonjoy/Shared/Native/SpoonjoyAppIntents.swift missing ContinueCookModeIntent()", "Sources/SpoonjoyCore/Native/NativeIntentAction.swift missing NativeIntentShareValue", "Sources/SpoonjoyCore/Native/NativeIntentAction.swift missing public func openRecipe(recipe: RecipeEntityDescriptor)", "Sources/SpoonjoyCore/Native/NativeIntentAction.swift missing public func openCookbook(cookbook: CookbookEntityDescriptor)", "Sources/SpoonjoyCore/Native/NativeIntentAction.swift missing public func openProfile(profile: ChefProfileEntityDescriptor)", "Sources/SpoonjoyCore/Native/NativeIntentAction.swift missing public func searchSpoonjoy(query: String, scope: SearchScope)", "Sources/SpoonjoyCore/Native/NativeIntentAction.swift missing public func shareRecipe(recipe: RecipeEntityDescriptor)", "Sources/SpoonjoyCore/Native/NativeIntentAction.swift missing public func shareCookbook(cookbook: CookbookEntityDescriptor)", "Sources/SpoonjoyCore/Native/NativeIntentAction.swift missing public func shareShoppingList(shoppingList: ShoppingListEntityDescriptor)", "Sources/SpoonjoyCore/Native/NativeIntentAction.swift missing public func startCookMode(recipe: RecipeEntityDescriptor)", "Sources/SpoonjoyCore/Native/NativeIntentAction.swift missing public func continueCookMode(recipe: RecipeEntityDescriptor)", "Sources/SpoonjoyCore/Native/NativeIntentAction.swift missing NativeSharePayloadKind.publicURL", "Sources/SpoonjoyCore/Native/NativeIntentAction.swift missing NativeSharePayloadKind.privateTransfer", "Sources/SpoonjoyCore/Native/NativeIntentAction.swift missing privateTransferValue", "Sources/SpoonjoyCore/Native/NativeIntentAction.swift missing DeepLinkURLBuilder.url(for:", "Sources/SpoonjoyCore/Native/NativeCapabilityMetadata.swift missing OpenCookbookIntent", "Sources/SpoonjoyCore/Native/NativeCapabilityMetadata.swift missing OpenProfileIntent", "Sources/SpoonjoyCore/Native/NativeCapabilityMetadata.swift missing SearchSpoonjoyIntent", "Sources/SpoonjoyCore/Native/NativeCapabilityMetadata.swift missing ShareRecipeIntent", "Sources/SpoonjoyCore/Native/NativeCapabilityMetadata.swift missing ShareCookbookIntent", "Sources/SpoonjoyCore/Native/NativeCapabilityMetadata.swift missing ShareShoppingListIntent", "Sources/SpoonjoyCore/Native/NativeCapabilityMetadata.swift missing ContinueCookModeIntent", "Sources/SpoonjoyCore/Native/ScenarioVerifier.swift missing Open/search/share/cook Siri intents", "Sources/SpoonjoyCore/Native/ScenarioVerifier.swift missing OpenCookbookIntent", "Sources/SpoonjoyCore/Native/ScenarioVerifier.swift missing OpenProfileIntent", "Sources/SpoonjoyCore/Native/ScenarioVerifier.swift missing SearchSpoonjoyIntent", "Sources/SpoonjoyCore/Native/ScenarioVerifier.swift missing ShareRecipeIntent", "Sources/SpoonjoyCore/Native/ScenarioVerifier.swift missing ShareCookbookIntent", "Sources/SpoonjoyCore/Native/ScenarioVerifier.swift missing ShareShoppingListIntent", "Sources/SpoonjoyCore/Native/ScenarioVerifier.swift missing ContinueCookModeIntent", "Apps/Spoonjoy/Shared/Native/SpoonjoyAppIntents.swift OpenRecipeIntent missing NativeIntentActionResolver().openRecipe(recipe: recipe.descriptor)", "Apps/Spoonjoy/Shared/Native/SpoonjoyAppIntents.swift OpenRecipeIntent contains forbidden try recipe.resolvedRecipeID()", "Apps/Spoonjoy/Shared/Native/SpoonjoyAppIntents.swift OpenRecipeIntent contains forbidden openRecipe(recipeID:", "Apps/Spoonjoy/Shared/Native/SpoonjoyAppIntents.swift missing body for OpenCookbookIntent", "Apps/Spoonjoy/Shared/Native/SpoonjoyAppIntents.swift missing body for OpenProfileIntent", "Apps/Spoonjoy/Shared/Native/SpoonjoyAppIntents.swift missing body for SearchSpoonjoyIntent", "Apps/Spoonjoy/Shared/Native/SpoonjoyAppIntents.swift missing body for ShareRecipeIntent", "Apps/Spoonjoy/Shared/Native/SpoonjoyAppIntents.swift missing body for ShareCookbookIntent", "Apps/Spoonjoy/Shared/Native/SpoonjoyAppIntents.swift missing body for ShareShoppingListIntent", "Apps/Spoonjoy/Shared/Native/SpoonjoyAppIntents.swift StartCookModeIntent missing NativeIntentActionResolver().startCookMode(recipe: recipe.descriptor)", "Apps/Spoonjoy/Shared/Native/SpoonjoyAppIntents.swift StartCookModeIntent contains forbidden try recipe.resolvedRecipeID()", "Apps/Spoonjoy/Shared/Native/SpoonjoyAppIntents.swift StartCookModeIntent contains forbidden startCookMode(recipeID:", "Apps/Spoonjoy/Shared/Native/SpoonjoyAppIntents.swift missing body for ContinueCookModeIntent"]).isEmpty → false
↳ Apps/Spoonjoy/Shared/Native/SpoonjoyAppIntents.swift missing struct OpenCookbookIntent: AppIntent
  Apps/Spoonjoy/Shared/Native/SpoonjoyAppIntents.swift missing struct OpenProfileIntent: AppIntent
  Apps/Spoonjoy/Shared/Native/SpoonjoyAppIntents.swift missing struct SearchSpoonjoyIntent: AppIntent
  Apps/Spoonjoy/Shared/Native/SpoonjoyAppIntents.swift missing struct ShareRecipeIntent: AppIntent
  Apps/Spoonjoy/Shared/Native/SpoonjoyAppIntents.swift missing struct ShareCookbookIntent: AppIntent
  Apps/Spoonjoy/Shared/Native/SpoonjoyAppIntents.swift missing struct ShareShoppingListIntent: AppIntent
  Apps/Spoonjoy/Shared/Native/SpoonjoyAppIntents.swift missing struct ContinueCookModeIntent: AppIntent
  Apps/Spoonjoy/Shared/Native/SpoonjoyAppIntents.swift missing enum SpoonjoySearchScopeOption: String, AppEnum
  Apps/Spoonjoy/Shared/Native/SpoonjoyAppIntents.swift missing var cookbook: SpoonjoyCookbookEntity
  Apps/Spoonjoy/Shared/Native/SpoonjoyAppIntents.swift missing var profile: SpoonjoyChefProfileEntity
  Apps/Spoonjoy/Shared/Native/SpoonjoyAppIntents.swift missing var shoppingList: SpoonjoyShoppingListEntity
  Apps/Spoonjoy/Shared/Native/SpoonjoyAppIntents.swift missing var scope: SpoonjoySearchScopeOption
  Apps/Spoonjoy/Shared/Native/SpoonjoyAppIntents.swift missing OpenCookbookIntent()
  Apps/Spoonjoy/Shared/Native/SpoonjoyAppIntents.swift missing OpenProfileIntent()
  Apps/Spoonjoy/Shared/Native/SpoonjoyAppIntents.swift missing SearchSpoonjoyIntent()
  Apps/Spoonjoy/Shared/Native/SpoonjoyAppIntents.swift missing ShareRecipeIntent()
  Apps/Spoonjoy/Shared/Native/SpoonjoyAppIntents.swift missing ShareCookbookIntent()
  Apps/Spoonjoy/Shared/Native/SpoonjoyAppIntents.swift missing ShareShoppingListIntent()
  Apps/Spoonjoy/Shared/Native/SpoonjoyAppIntents.swift missing ContinueCookModeIntent()
  Sources/SpoonjoyCore/Native/NativeIntentAction.swift missing NativeIntentShareValue
  Sources/SpoonjoyCore/Native/NativeIntentAction.swift missing public func openRecipe(recipe: RecipeEntityDescriptor)
  Sources/SpoonjoyCore/Native/NativeIntentAction.swift missing public func openCookbook(cookbook: CookbookEntityDescriptor)
  Sources/SpoonjoyCore/Native/NativeIntentAction.swift missing public func openProfile(profile: ChefProfileEntityDescriptor)
  Sources/SpoonjoyCore/Native/NativeIntentAction.swift missing public func searchSpoonjoy(query: String, scope: SearchScope)
  Sources/SpoonjoyCore/Native/NativeIntentAction.swift missing public func shareRecipe(recipe: RecipeEntityDescriptor)
  Sources/SpoonjoyCore/Native/NativeIntentAction.swift missing public func shareCookbook(cookbook: CookbookEntityDescriptor)
  Sources/SpoonjoyCore/Native/NativeIntentAction.swift missing public func shareShoppingList(shoppingList: ShoppingListEntityDescriptor)
  Sources/SpoonjoyCore/Native/NativeIntentAction.swift missing public func startCookMode(recipe: RecipeEntityDescriptor)
  Sources/SpoonjoyCore/Native/NativeIntentAction.swift missing public func continueCookMode(recipe: RecipeEntityDescriptor)
  Sources/SpoonjoyCore/Native/NativeIntentAction.swift missing NativeSharePayloadKind.publicURL
  Sources/SpoonjoyCore/Native/NativeIntentAction.swift missing NativeSharePayloadKind.privateTransfer
  Sources/SpoonjoyCore/Native/NativeIntentAction.swift missing privateTransferValue
  Sources/SpoonjoyCore/Native/NativeIntentAction.swift missing DeepLinkURLBuilder.url(for:
  Sources/SpoonjoyCore/Native/NativeCapabilityMetadata.swift missing OpenCookbookIntent
  Sources/SpoonjoyCore/Native/NativeCapabilityMetadata.swift missing OpenProfileIntent
  Sources/SpoonjoyCore/Native/NativeCapabilityMetadata.swift missing SearchSpoonjoyIntent
  Sources/SpoonjoyCore/Native/NativeCapabilityMetadata.swift missing ShareRecipeIntent
  Sources/SpoonjoyCore/Native/NativeCapabilityMetadata.swift missing ShareCookbookIntent
  Sources/SpoonjoyCore/Native/NativeCapabilityMetadata.swift missing ShareShoppingListIntent
  Sources/SpoonjoyCore/Native/NativeCapabilityMetadata.swift missing ContinueCookModeIntent
  Sources/SpoonjoyCore/Native/ScenarioVerifier.swift missing Open/search/share/cook Siri intents
  Sources/SpoonjoyCore/Native/ScenarioVerifier.swift missing OpenCookbookIntent
  Sources/SpoonjoyCore/Native/ScenarioVerifier.swift missing OpenProfileIntent
  Sources/SpoonjoyCore/Native/ScenarioVerifier.swift missing SearchSpoonjoyIntent
  Sources/SpoonjoyCore/Native/ScenarioVerifier.swift missing ShareRecipeIntent
  Sources/SpoonjoyCore/Native/ScenarioVerifier.swift missing ShareCookbookIntent
  Sources/SpoonjoyCore/Native/ScenarioVerifier.swift missing ShareShoppingListIntent
  Sources/SpoonjoyCore/Native/ScenarioVerifier.swift missing ContinueCookModeIntent
  Apps/Spoonjoy/Shared/Native/SpoonjoyAppIntents.swift OpenRecipeIntent missing NativeIntentActionResolver().openRecipe(recipe: recipe.descriptor)
  Apps/Spoonjoy/Shared/Native/SpoonjoyAppIntents.swift OpenRecipeIntent contains forbidden try recipe.resolvedRecipeID()
  Apps/Spoonjoy/Shared/Native/SpoonjoyAppIntents.swift OpenRecipeIntent contains forbidden openRecipe(recipeID:
  Apps/Spoonjoy/Shared/Native/SpoonjoyAppIntents.swift missing body for OpenCookbookIntent
  Apps/Spoonjoy/Shared/Native/SpoonjoyAppIntents.swift missing body for OpenProfileIntent
  Apps/Spoonjoy/Shared/Native/SpoonjoyAppIntents.swift missing body for SearchSpoonjoyIntent
  Apps/Spoonjoy/Shared/Native/SpoonjoyAppIntents.swift missing body for ShareRecipeIntent
  Apps/Spoonjoy/Shared/Native/SpoonjoyAppIntents.swift missing body for ShareCookbookIntent
  Apps/Spoonjoy/Shared/Native/SpoonjoyAppIntents.swift missing body for ShareShoppingListIntent
  Apps/Spoonjoy/Shared/Native/SpoonjoyAppIntents.swift StartCookModeIntent missing NativeIntentActionResolver().startCookMode(recipe: recipe.descriptor)
  Apps/Spoonjoy/Shared/Native/SpoonjoyAppIntents.swift StartCookModeIntent contains forbidden try recipe.resolvedRecipeID()
  Apps/Spoonjoy/Shared/Native/SpoonjoyAppIntents.swift StartCookModeIntent contains forbidden startCookMode(recipeID:
  Apps/Spoonjoy/Shared/Native/SpoonjoyAppIntents.swift missing body for ContinueCookModeIntent
✘ Test "open search share and cook intents are entity backed" failed after 0.068 seconds with 1 issue.
✘ Suite "Open search share and cook Siri intent contracts" failed after 0.068 seconds with 2 issues.
✘ Test run with 2 tests in 1 suite failed after 0.069 seconds with 2 issues.
expected red status: 1
