FAIL: missing Sources/SpoonjoyCore/Native/RecipeCookbookEntityCatalog.swift
missing Apps/Spoonjoy/Shared/Native/SpoonjoyRecipeCookbookEntities.swift
Apps/Spoonjoy/Shared/Native/SpoonjoyAppIntents.swift missing @Parameter(title: "Recipe", requestValueDialog:
Apps/Spoonjoy/Shared/Native/SpoonjoyAppIntents.swift missing var recipe: SpoonjoyRecipeEntity
Apps/Spoonjoy/Shared/Native/SpoonjoyAppIntents.swift missing OpenRecipeIntent(recipe:
Apps/Spoonjoy/Shared/Native/SpoonjoyAppIntents.swift missing StartCookModeIntent(recipe:
Apps/Spoonjoy/Shared/Native/SpoonjoyAppIntents.swift missing AddRecipeIngredientsToShoppingListIntent(recipe:
Apps/Spoonjoy/Shared/Native/SpoonjoyAppIntents.swift missing recipe.descriptor.id
Apps/Spoonjoy/Shared/Native/SpoonjoyAppIntents.swift missing SpoonjoyRecipeEntityQuery
Apps/Spoonjoy/Shared/Native/SpoonjoyAppIntents.swift OpenRecipeIntent missing @Parameter(title: "Recipe", requestValueDialog:
Apps/Spoonjoy/Shared/Native/SpoonjoyAppIntents.swift OpenRecipeIntent missing var recipe: SpoonjoyRecipeEntity
Apps/Spoonjoy/Shared/Native/SpoonjoyAppIntents.swift OpenRecipeIntent missing recipe.descriptor.id
Apps/Spoonjoy/Shared/Native/SpoonjoyAppIntents.swift OpenRecipeIntent contains forbidden var recipeID: String
Apps/Spoonjoy/Shared/Native/SpoonjoyAppIntents.swift OpenRecipeIntent contains forbidden @Parameter(title: "Recipe ID")
Apps/Spoonjoy/Shared/Native/SpoonjoyAppIntents.swift StartCookModeIntent missing @Parameter(title: "Recipe", requestValueDialog:
Apps/Spoonjoy/Shared/Native/SpoonjoyAppIntents.swift StartCookModeIntent missing var recipe: SpoonjoyRecipeEntity
Apps/Spoonjoy/Shared/Native/SpoonjoyAppIntents.swift StartCookModeIntent missing recipe.descriptor.id
Apps/Spoonjoy/Shared/Native/SpoonjoyAppIntents.swift StartCookModeIntent contains forbidden var recipeID: String
Apps/Spoonjoy/Shared/Native/SpoonjoyAppIntents.swift StartCookModeIntent contains forbidden @Parameter(title: "Recipe ID")
Apps/Spoonjoy/Shared/Native/SpoonjoyAppIntents.swift AddRecipeIngredientsToShoppingListIntent missing @Parameter(title: "Recipe", requestValueDialog:
Apps/Spoonjoy/Shared/Native/SpoonjoyAppIntents.swift AddRecipeIngredientsToShoppingListIntent missing var recipe: SpoonjoyRecipeEntity
Apps/Spoonjoy/Shared/Native/SpoonjoyAppIntents.swift AddRecipeIngredientsToShoppingListIntent missing recipe.descriptor.id
Apps/Spoonjoy/Shared/Native/SpoonjoyAppIntents.swift AddRecipeIngredientsToShoppingListIntent contains forbidden var recipeID: String
Apps/Spoonjoy/Shared/Native/SpoonjoyAppIntents.swift AddRecipeIngredientsToShoppingListIntent contains forbidden @Parameter(title: "Recipe ID")
Sources/SpoonjoyCore/Native/NativeCapabilityMetadata.swift missing SpoonjoyRecipeEntity
Sources/SpoonjoyCore/Native/NativeCapabilityMetadata.swift missing SpoonjoyCookbookEntity
Sources/SpoonjoyCore/Native/NativeCapabilityMetadata.swift missing SpoonjoyRecipeEntityQuery
Sources/SpoonjoyCore/Native/NativeCapabilityMetadata.swift missing SpoonjoyCookbookEntityQuery
Sources/SpoonjoyCore/Native/NativeCapabilityMetadata.swift missing recipe-entity
Sources/SpoonjoyCore/Native/NativeCapabilityMetadata.swift missing cookbook-entity
Sources/SpoonjoyCore/Native/ScenarioVerifier.swift missing recipe App Entity
Sources/SpoonjoyCore/Native/ScenarioVerifier.swift missing cookbook App Entity
Sources/SpoonjoyCore/Native/ScenarioVerifier.swift missing RecipeCookbookEntityCatalog
Sources/SpoonjoyCore/Native/ScenarioVerifier.swift missing SpoonjoyRecipeEntity
Sources/SpoonjoyCore/Native/ScenarioVerifier.swift missing SpoonjoyCookbookEntity
Spoonjoy.xcodeproj target Spoonjoy iOS missing Apps/Spoonjoy/Shared/Native/SpoonjoyRecipeCookbookEntities.swift
Spoonjoy.xcodeproj target Spoonjoy macOS missing Apps/Spoonjoy/Shared/Native/SpoonjoyRecipeCookbookEntities.swift
Apps/Spoonjoy/Shared/Native/SpoonjoyAppIntents.swift contains forbidden @Parameter(title: "Recipe ID")
appintents contract exit status: 1
