Building for debugging...
[0/5] Write sources
[1/5] Write swift-version--58304C5D6DBC2206.txt
[3/7] Compiling SpoonjoyCore NativeSyncEngine.swift
[4/7] Emitting module SpoonjoyCore
[4/8] Write Objects.LinkFileList
[5/9] Linking SpoonjoyScenarioVerifier
[6/9] Applying SpoonjoyScenarioVerifier
[8/9] Emitting module SpoonjoyCoreTests
[8/10] Write Objects.LinkFileList
[9/10] Linking SpoonjoyApplePackageTests
Build complete! (4.84s)
◇ Test run started.
↳ Testing Library Version: 1902
↳ Target Platform: arm64e-apple-macos14.0
◇ Suite "Native sync engine and mutation queue" started.
◇ Suite "URLSession API transport" started.
◇ Test "URLSession native sync transport remaps duplicate recipe ingredients to coalesced shopping row" started.
◇ Test "drained add-from-recipe replays queued ingredient descriptors without cached recipe" started.
✔ Test "URLSession native sync transport remaps duplicate recipe ingredients to coalesced shopping row" passed after 0.005 seconds.
✔ Suite "URLSession API transport" passed after 0.005 seconds.
✔ Test "drained add-from-recipe replays queued ingredient descriptors without cached recipe" passed after 0.005 seconds.
✔ Suite "Native sync engine and mutation queue" passed after 0.005 seconds.
✔ Test run with 2 tests in 2 suites passed after 0.006 seconds.
