◇ Test run started.
↳ Testing Library Version: 1902
↳ Target Platform: arm64e-apple-macos14.0
◇ Suite "Shopping Siri intent contracts" started.
◇ Suite "Recipe action Siri intent contracts" started.
◇ Suite "Open search share and cook Siri intent contracts" started.
◇ Suite "Native scenario metadata" started.
◇ Suite "Recipe and cookbook App Entity contracts" started.
◇ Test "recipe action Siri intents require entity-backed queueable actions" started.
◇ Test "share intent contract keeps shopping private and avoids invented social surfaces" started.
◇ Test "open search share and cook intents are entity backed" started.
◇ Test "shopping intent resolver queues UI-compatible offline mutations" started.
◇ Test "scenario command parses surfaces stage" started.
◇ Test "entity catalog honors sync account environment and tombstone boundaries" started.
◇ Test "entity descriptors cover placeholder sparse recipe and singular cookbook display edges" started.
◇ Test "entity search disambiguates same-title recipes and cookbooks deterministically" started.
◇ Test "spotlight index plan builds route aware searchable documents" started.
◇ Test "shopping Siri intents require entity-backed queueable actions" started.
◇ Test "recipe entities resolve from native sync cached records and expose transfer values" started.
◇ Test "surfaces report fails when surface sources are missing" started.
◇ Test "native intent actions resolve routes local mutations and capture drafts" started.
◇ Test "scenario command writes output and supports stdout mode" started.
◇ Test "descriptor resolver validates entity route shape before opening and sharing" started.
◇ Test "entity catalog trims identifiers and reports missing cached entities" started.
◇ Test "surface behavioral checks fail closed for missing or throwing fixture data" started.
◇ Test "AASA validation requires app IDs and every deep link route component" started.
◇ Test "shell content exposes spotlight scope only for bound signed in accounts" started.
◇ Test "native metadata command parses stage and output path" started.
◇ Test "verify native scenarios script gates native metadata behavior" started.
◇ Test "native metadata report exposes Apple-native capabilities" started.
◇ Test "surfaces report proves kitchen recipe cook and shopping slices" started.
◇ Test "scenario verifier covers root override and failing native metadata checks" started.
◇ Test "entity catalog loads persisted sync store snapshots" started.
◇ Test "final behavioral checks fail closed for weak settings offline and link safety" started.
◇ Test "final report proves search capture settings and deep link safety" started.
◇ Test "native metadata report encoding is deterministic" started.
◇ Test "cookbook entities resolve from native sync cached records and expose transfer values" started.
◇ Test "spotlight index plan covers fallback copy singular counts and uncategorized items" started.
◇ Test "app integration sources typecheck and declare expected native types" started.
◇ Test "recipe and cookbook entity sources exist with AppIntents contracts" started.
{
  "checks" : [
    {
      "detail" : "Fixture resources are packaged.",
      "name" : "fixture bundle",
      "status" : "pass"
    },
    {
      "detail" : "Native metadata lands in Unit 10.",
      "name" : "native metadata",
      "status" : "pending"
    },
    {
      "detail" : "SwiftUI surfaces land in Units 13-16.",
      "name" : "app surfaces",
      "status" : "pending"
    }
  ],
  "nativeCapabilities" : {
    "appIntents" : [

    ],
    "associatedDomains" : [

    ],
    "deepLinkRoutes" : [

    ],
    "offlineFlows" : [
      "fixture-offline-restore"
    ],
    "searchableScopes" : [

    ],
    "shareActions" : [

    ],
    "spotlightIndexedTypes" : [

    ],
    "urlSchemes" : [

    ]
  },
  "ok" : true,
  "stage" : "bootstrap"
}
✔ Test "scenario command parses surfaces stage" passed after 0.067 seconds.
✔ Test "shopping intent resolver queues UI-compatible offline mutations" passed after 0.067 seconds.
✔ Test "share intent contract keeps shopping private and avoids invented social surfaces" passed after 0.067 seconds.
✔ Test "native intent actions resolve routes local mutations and capture drafts" passed after 0.067 seconds.
✔ Test "spotlight index plan builds route aware searchable documents" passed after 0.067 seconds.
✔ Test "descriptor resolver validates entity route shape before opening and sharing" passed after 0.067 seconds.
✔ Test "entity catalog trims identifiers and reports missing cached entities" passed after 0.067 seconds.
✔ Test "recipe entities resolve from native sync cached records and expose transfer values" passed after 0.067 seconds.
✔ Test "entity search disambiguates same-title recipes and cookbooks deterministically" passed after 0.067 seconds.
✔ Test "entity descriptors cover placeholder sparse recipe and singular cookbook display edges" passed after 0.067 seconds.
✔ Test "native metadata command parses stage and output path" passed after 0.067 seconds.
✔ Test "surface behavioral checks fail closed for missing or throwing fixture data" passed after 0.067 seconds.
✔ Test "shell content exposes spotlight scope only for bound signed in accounts" passed after 0.067 seconds.
✔ Test "entity catalog honors sync account environment and tombstone boundaries" passed after 0.067 seconds.
✔ Test "surfaces report fails when surface sources are missing" passed after 0.067 seconds.
✔ Test "scenario command writes output and supports stdout mode" passed after 0.067 seconds.
✔ Test "native metadata report exposes Apple-native capabilities" passed after 0.067 seconds.
✔ Test "entity catalog loads persisted sync store snapshots" passed after 0.067 seconds.
✔ Test "final behavioral checks fail closed for weak settings offline and link safety" passed after 0.067 seconds.
✔ Test "cookbook entities resolve from native sync cached records and expose transfer values" passed after 0.067 seconds.
✔ Test "spotlight index plan covers fallback copy singular counts and uncategorized items" passed after 0.067 seconds.
✔ Test "scenario verifier covers root override and failing native metadata checks" passed after 0.067 seconds.
✔ Test "shopping Siri intents require entity-backed queueable actions" passed after 0.067 seconds.
✔ Suite "Shopping Siri intent contracts" passed after 0.068 seconds.
✔ Test "recipe action Siri intents require entity-backed queueable actions" passed after 0.073 seconds.
✔ Suite "Recipe action Siri intent contracts" passed after 0.073 seconds.
✔ Test "open search share and cook intents are entity backed" passed after 0.079 seconds.
✔ Suite "Open search share and cook Siri intent contracts" passed after 0.079 seconds.
✔ Test "native metadata report encoding is deterministic" passed after 0.079 seconds.
✔ Test "surfaces report proves kitchen recipe cook and shopping slices" passed after 0.095 seconds.
✔ Test "recipe and cookbook entity sources exist with AppIntents contracts" passed after 0.106 seconds.
✔ Suite "Recipe and cookbook App Entity contracts" passed after 0.107 seconds.
✔ Test "final report proves search capture settings and deep link safety" passed after 0.121 seconds.
✔ Test "AASA validation requires app IDs and every deep link route component" passed after 0.725 seconds.
✔ Test "app integration sources typecheck and declare expected native types" passed after 2.546 seconds.
✔ Test "verify native scenarios script gates native metadata behavior" passed after 22.218 seconds.
✔ Suite "Native scenario metadata" passed after 22.219 seconds.
✔ Test run with 32 tests in 5 suites passed after 22.219 seconds.
