
 RUN  v4.0.18 /Users/arimendelow/Projects/spoonjoy-v2

 ❯ test/routes/developers-playground.test.tsx (36 tests | 1 failed) 3989ms
     ✓ is registered with API aliases before the legacy /api/* catch-all 1ms
     × publishes every generated API v1 operation from the OpenAPI playground manifest 7ms
     ✓ uses the configured public origin for playground OG URLs 0ms
     ✓ groups generated operations by OpenAPI tag 0ms
     ✓ declares playground metadata 0ms
     ✓ captures safe playground view, surface, operation, and auth-mode telemetry from generated metadata 137ms
     ✓ builds request paths from path and query parameters 1ms
     ✓ builds SSR-safe spec URLs and response outcome classes 0ms
     ✓ builds timestamp request IDs when crypto UUIDs are unavailable 0ms
     ✓ builds fetch options for session, anonymous, bearer, and JSON-body requests 1ms
     ✓ renders all operations and sends the default public recipes request anonymously 142ms
     ✓ captures safe sign-in handoff telemetry without URL or token values 72ms
     ✓ captures safe request and response telemetry without query, body, token, or response payloads 116ms
     ✓ reflects a signed-in Spoonjoy session after returning from login 68ms
     ✓ switches an already-mounted playground to session mode after sign-in 56ms
     ✓ uses query params and bearer auth only after the user enables it 70ms
     ✓ filters operations by generated connector profile and search text 82ms
     ✓ uses the first generated operation when a custom manifest has no recipe list 25ms
     ✓ sends generated JSON-body operations with session auth by default 71ms
     ✓ blocks blank bearer mode before sending private requests 46ms
     ✓ renders required path parameters for generated detail operations 43ms
     ✓ can intentionally omit auth for public requests 39ms
     ✓ covers generated OAuth, mutation id, example body, and secret-response playground controls  416ms
     ✓ renders portable curl for bearer mode and body requests 0ms
     ✓ redacts token-bearing responses while preserving explicit copyable secrets 1ms
     ✓ masks token-like plain text responses 0ms
     ✓ copies generated playground values and reports clipboard failures  1744ms
     ✓ supports keyboard roving for surface and auth mode radio groups  341ms
     ✓ handles OAuth callback validation failures and redirect submissions 287ms
     ✓ reports when a custom manifest omits the OAuth token operation 52ms
     ✓ switches from bearer mode to token creation with session auth 52ms
     ✓ recovers from invalid JSON when generating body mutation ids 49ms
     ✓ formats empty non-JSON responses 0ms
     ✓ formats non-OK text responses without a status text 0ms
     ✓ formats Error network failures 0ms
     ✓ formats non-Error network failures 0ms
 ❯ test/routes/api-v1-shopping-sync.test.ts (8 tests | 1 failed) 319ms
     ✓ declares read scope rows for list and sync endpoints 14ms
     ✓ returns the authenticated shopping list with active items and next cursor 45ms
     ✓ returns an empty shopping list for a chef with no items 16ms
     ✓ syncs active items and tombstones, filters by cursor, and reports hasMore false 34ms
     ✓ uses deterministic sync ordering and cursor fallbacks 44ms
     ✓ requires authentication, enforces shopping_list:read, and validates cursors 46ms
     × adds recipe ingredients through API v1 with duplicate merge and idempotent replay 51ms
     ✓ clears completed and all shopping-list items through API v1 37ms
 ✓ test/routes/api-v1-telemetry.test.ts (16 tests) 328ms
 ❯ test/routes/api-v1-scopes.test.ts (4 tests | 1 failed) 282ms
     ✓ resolves exact scope rows for every first-slice v1 endpoint 9ms
     ✓ allows anonymous public routes and enforces bearer public read scopes when credentials are present 94ms
     × enforces authenticated shopping-list read and write scopes with legacy compatibility 99ms
     ✓ enforces authenticated token read/write scopes without kitchen-scope escalation 35ms
 ✓ test/lib/api-v1-openapi.server.test.ts (8 tests) 59ms
 ✓ test/routes/api-v1-shopping-d1.test.ts (2 tests) 105ms

⎯⎯⎯⎯⎯⎯⎯ Failed Tests 3 ⎯⎯⎯⎯⎯⎯⎯

 FAIL  test/routes/api-v1-scopes.test.ts > API v1 complete scope matrix > enforces authenticated shopping-list read and write scopes with legacy compatibility
AssertionError: expected 200 to be 201 // Object.is equality

- Expected
+ Received

- 201
+ 200

 ❯ test/routes/api-v1-scopes.test.ts:277:33
    275|           }),
    276|         }) as unknown as Request, testCase.splat));
    277|         expect(response.status).toBe(testCase.successStatus);
       |                                 ^
    278|       }
    279|     }

⎯⎯⎯⎯⎯⎯⎯⎯⎯⎯⎯⎯⎯⎯⎯⎯⎯⎯⎯⎯⎯⎯⎯⎯[1/3]⎯

 FAIL  test/routes/api-v1-shopping-sync.test.ts > API v1 shopping-list read and sync > adds recipe ingredients through API v1 with duplicate merge and idempotent replay
AssertionError: expected { recipe: { …(2) }, created: 1, …(3) } to match object { created: 1, updated: 1, …(3) }

- Expected
+ Received

@@ -15,7 +15,7 @@
    },
    "recipe": {
      "id": "cmqw3scjn002emur0srmjfi10",
      "title": "Pizza w0iHxT",
    },
-   "updated": 1,
+   "updated": 0,
  }

 ❯ test/routes/api-v1-shopping-sync.test.ts:509:26
    507|     expectSuccessEnvelope(payload, "req_shopping_add_recipe");
    508|     expectExactKeys(payload.data, ["recipe", "created", "updated", "it…
    509|     expect(payload.data).toMatchObject({
       |                          ^
    510|       created: 1,
    511|       updated: 1,

⎯⎯⎯⎯⎯⎯⎯⎯⎯⎯⎯⎯⎯⎯⎯⎯⎯⎯⎯⎯⎯⎯⎯⎯[2/3]⎯

 FAIL  test/routes/developers-playground.test.tsx > /developers/playground > publishes every generated API v1 operation from the OpenAPI playground manifest
AssertionError: expected 27 to be 24 // Object.is equality

- Expected
+ Received

- 24
+ 27

 ❯ test/routes/developers-playground.test.tsx:135:45
    133|     expect(data.manifest.operations.find((operation) => operation.id =…
    134|     expect(data.manifest.operations.find((operation) => operation.id =…
    135|     expect(data.manifest.operations.length).toBe(24);
       |                                             ^
    136|   });
    137|

⎯⎯⎯⎯⎯⎯⎯⎯⎯⎯⎯⎯⎯⎯⎯⎯⎯⎯⎯⎯⎯⎯⎯⎯[3/3]⎯


 Test Files  3 failed | 3 passed (6)
      Tests  3 failed | 71 passed (74)
   Start at  01:33:43
   Duration  9.51s (transform 433ms, setup 440ms, import 1.70s, tests 5.08s, environment 1.28s)
