◇ Test run started.
↳ Testing Library Version: 1902
↳ Target Platform: arm64e-apple-macos14.0
◇ Suite "Native sync engine and mutation queue" started.
◇ Suite "Native scenario metadata" started.
◇ Suite "Shopping Siri intent contracts" started.
◇ Suite "Native shopping surface parity" started.
◇ Test "bootstrap account switch reports previous shopping entity purge identifiers" started.
◇ Test "spotlight index plan builds route aware searchable documents" started.
◇ Test "bootstrap profile tombstones emit scoped chef profile purge requests" started.
◇ Test "shopping intent resolver queues UI-compatible offline mutations" started.
◇ Test "shopping Siri intents require entity-backed queueable actions" started.
◇ Test "scenario command writes output and supports stdout mode" started.
◇ Test "sync engine applies bootstrap sync data before draining queued mutations" started.
◇ Test "recipe shopping coverage requires every ingredient name and unit" started.
◇ Test "live shopping repository fetches API read data into native state" started.
◇ Test "sync engine rewrites dependent shopping item ids after add-from-recipe drains" started.
◇ Test "mutation queue and durable decode edge cases fail closed" started.
◇ Test "sync engine pauses on auth failure classifies conflicts and retains the blocked queue" started.
◇ Test "offline shopping actions queue safe mutations and destructive clears require confirmation" started.
◇ Test "final behavioral checks fail closed for weak settings offline and link safety" started.
◇ Test "online shopping actions plan exact REST mutations with offline fallbacks" started.
◇ Test "retry schedule uses exact Offline Product Contract backoff with capped jitter" started.
◇ Test "drained spoon mutations persist to recipe cache for restart" started.
◇ Test "shopping surface covers queued local validation and prompt edge states" started.
◇ Test "scenario command parses surfaces stage" started.
◇ Test "app integration sources typecheck and declare expected native types" started.
◇ Test "shell content exposes spotlight scope only for bound signed in accounts" started.
◇ Test "AASA validation requires app IDs and every deep link route component" started.
◇ Test "shopping conflicts and queued work are scoped to shopping mutations" started.
◇ Test "shopping surface executor does not clobber remote success and queues offline fallbacks" started.
◇ Test "native metadata command parses stage and output path" started.
◇ Test "provider-secret blockers retain blocked imports while independent mutations drain" started.
◇ Test "sync engine bootstraps reads drains FIFO per dependency key and removes replayed mutations" started.
◇ Test "shopping add form keeps draft on failure and clears only after accepted action" started.
◇ Test "sync tombstones apply to local cache records and checkpoint revisions" started.
◇ Test "shopping surface loads live state and exposes queued, conflict, and empty affordances" started.
◇ Test "native metadata report exposes Apple-native capabilities" started.
◇ Test "surfaces report proves kitchen recipe cook and shopping slices" started.
◇ Test "online shopping actions queue behind existing shopping work" started.
◇ Test "clear completed removes stale checked-at rows" started.
◇ Test "stale shopping check mutations preserve the current list" started.
◇ Test "sync stores expose simple queue checkpoint and unavailable errors" started.
◇ Test "surfaces report fails when surface sources are missing" started.
◇ Test "sync engine blocks local cookbook dependent replay when create has not drained" started.
◇ Test "queued remote mutations build exact REST requests with idempotency keys and bearer auth" started.
◇ Test "bootstrap tombstones are recorded with checkpoint cursors" started.
◇ Test "surface behavioral checks fail closed for missing or throwing fixture data" started.
◇ Test "expired retry schedules drain and tombstone revisions preserve resource families" started.
◇ Test "native sync checkpoints validate global and shopping cursors" started.
◇ Test "scenario verifier covers root override and failing native metadata checks" started.
◇ Test "file backed sync store applies records checkpoints and missing staged media errors" started.
◇ Test "drained cookbook mutations patch cached cookbook records" started.
◇ Test "spotlight index plan covers fallback copy singular counts and uncategorized items" started.
◇ Test "bootstrap profile cache deletes without tombstones emit scoped chef profile purge requests" started.
◇ Test "offline mutation policy queues allowed writes and refuses online only account security and provider actions" started.
◇ Test "native intent actions resolve routes local mutations and capture drafts" started.
◇ Test "final report proves search capture settings and deep link safety" started.
◇ Test "legacy intent shopping mutations convert into native durable queued mutations" started.
◇ Test "optimistic recipe mutations cover every recipe branch and malformed payload fallback" started.
◇ Test "drained shopping cache patch deletes removed cached rows and timestamps from first drained mutation" started.
◇ Test "verify native scenarios script gates native metadata behavior" started.
◇ Test "sync engine rewrites local optimistic recipe and step ids after create responses" started.
◇ Test "native metadata report encoding is deterministic" started.
◇ Test "sync engine rewrites dependent shopping item ids after add drains" started.
◇ Test "drained recipe mutations persist to file backed cache for restart" started.
◇ Test "file backed sync store lets scoped bootstrap discard previous owner staged media" started.
◇ Test "capture draft mutations are durable local cache mutations and never build network requests" started.
◇ Test "native sync report builds scoped purge requests from legacy fallback arrays" started.
◇ Test "sync apply rebinds account and clears previous owner queue before replay" started.
◇ Test "sync engine keeps local capture draft mutations out of remote drain" started.
◇ Test "native mutation queue persists every offline product domain with durable replay metadata" started.
◇ Test "sync engine ignores previous owner checkpoint and queue on first scoped bootstrap" started.
◇ Test "bootstrap request and sync envelope use the private /me/sync contract" started.
◇ Test "drained shopping mutations persist to file backed cache for restart" started.
◇ Test "file backed sync store restores queue checkpoint tombstones and staged media for restart" started.
◇ Test "optimistic cookbook mutations preserve cache for stale and malformed payloads" started.
◇ Test "sync apply clears legacy unscoped snapshots before binding current account" started.
◇ Test "sync engine rewrites remaining local ids when auth failure pauses after create success" started.
◇ Test "scheduled retry report keeps the shortest independent retry delay" started.
◇ Test "queued mutation resource id replacement targets identifier fields only" started.
◇ Test "sync trigger coordinator starts bootstrap and drain for lifecycle network account environment and stale surface events" started.
◇ Test "sync engine records spoon create id remaps without sending internal fields" started.
◇ Test "drained cover mutations clear stale active cover cache for restart" started.
◇ Test "scheduled retry timestamps are honored before replaying a dependency key" started.
◇ Test "drained add-from-recipe replays queued ingredient descriptors without cached recipe" started.
◇ Test "optimistic shopping check and clear completed update stale timestamps" started.
◇ Test "optimistic shopping mutations fail closed for malformed replay payloads" started.
◇ Test "sync engine blocks local recipe dependent replay when create has not drained" started.
◇ Test "retry results block the failed dependency key while independent mutations can still drain" started.
◇ Test "scoped queue save clears previous owner checkpoint records and tombstones" started.
◇ Test "sync engine rewrites local optimistic cookbook ids after create responses" started.
◇ Test "sync engine records step and ingredient create id remaps for drained optimistic mutations" started.
{
  "checks" : [
    {
      "detail" : "Fixture resources are packaged.",
      "name" : "fixture bundle",
      "status" : "pass"
    },
    {
      "detail" : "Native metadata lands in Unit 10.",
      "name" : "native metadata",
      "status" : "pending"
    },
    {
      "detail" : "SwiftUI surfaces land in Units 13-16.",
      "name" : "app surfaces",
      "status" : "pending"
    }
  ],
  "nativeCapabilities" : {
    "appIntents" : [

    ],
    "associatedDomains" : [

    ],
    "deepLinkRoutes" : [

    ],
    "offlineFlows" : [
      "fixture-offline-restore"
    ],
    "searchableScopes" : [

    ],
    "shareActions" : [

    ],
    "spotlightIndexedTypes" : [

    ],
    "urlSchemes" : [

    ]
  },
  "ok" : true,
  "stage" : "bootstrap"
}
✔ Test "recipe shopping coverage requires every ingredient name and unit" passed after 0.033 seconds.
✔ Test "shopping intent resolver queues UI-compatible offline mutations" passed after 0.035 seconds.
✔ Test "bootstrap profile tombstones emit scoped chef profile purge requests" passed after 0.043 seconds.
✔ Test "mutation queue and durable decode edge cases fail closed" passed after 0.049 seconds.
✔ Test "live shopping repository fetches API read data into native state" passed after 0.049 seconds.
✔ Test "sync engine pauses on auth failure classifies conflicts and retains the blocked queue" passed after 0.050 seconds.
✔ Test "bootstrap account switch reports previous shopping entity purge identifiers" passed after 0.051 seconds.
✔ Test "retry schedule uses exact Offline Product Contract backoff with capped jitter" passed after 0.051 seconds.
✔ Test "offline shopping actions queue safe mutations and destructive clears require confirmation" passed after 0.052 seconds.
✔ Test "scenario command parses surfaces stage" passed after 0.053 seconds.
✔ Test "sync engine applies bootstrap sync data before draining queued mutations" passed after 0.054 seconds.
✔ Test "online shopping actions plan exact REST mutations with offline fallbacks" passed after 0.054 seconds.
✔ Test "sync engine rewrites dependent shopping item ids after add-from-recipe drains" passed after 0.054 seconds.
✔ Test "shopping conflicts and queued work are scoped to shopping mutations" passed after 0.054 seconds.
✔ Test "native metadata command parses stage and output path" passed after 0.054 seconds.
✔ Test "spotlight index plan builds route aware searchable documents" passed after 0.054 seconds.
✔ Test "sync engine bootstraps reads drains FIFO per dependency key and removes replayed mutations" passed after 0.054 seconds.
✔ Test "sync tombstones apply to local cache records and checkpoint revisions" passed after 0.054 seconds.
✔ Test "provider-secret blockers retain blocked imports while independent mutations drain" passed after 0.054 seconds.
✔ Test "final behavioral checks fail closed for weak settings offline and link safety" passed after 0.054 seconds.
✔ Test "online shopping actions queue behind existing shopping work" passed after 0.054 seconds.
✔ Test "clear completed removes stale checked-at rows" passed after 0.054 seconds.
✔ Test "shopping surface loads live state and exposes queued, conflict, and empty affordances" passed after 0.054 seconds.
✔ Test "stale shopping check mutations preserve the current list" passed after 0.054 seconds.
✔ Test "shell content exposes spotlight scope only for bound signed in accounts" passed after 0.054 seconds.
✔ Test "sync engine blocks local cookbook dependent replay when create has not drained" passed after 0.054 seconds.
✔ Test "bootstrap tombstones are recorded with checkpoint cursors" passed after 0.054 seconds.
✔ Test "surfaces report fails when surface sources are missing" passed after 0.054 seconds.
✔ Test "surface behavioral checks fail closed for missing or throwing fixture data" passed after 0.054 seconds.
✔ Test "native sync checkpoints validate global and shopping cursors" passed after 0.054 seconds.
✔ Test "queued remote mutations build exact REST requests with idempotency keys and bearer auth" passed after 0.054 seconds.
✔ Test "sync stores expose simple queue checkpoint and unavailable errors" passed after 0.054 seconds.
✔ Test "native metadata report exposes Apple-native capabilities" passed after 0.054 seconds.
✔ Test "spotlight index plan covers fallback copy singular counts and uncategorized items" passed after 0.054 seconds.
✔ Test "offline mutation policy queues allowed writes and refuses online only account security and provider actions" passed after 0.054 seconds.
✔ Test "expired retry schedules drain and tombstone revisions preserve resource families" passed after 0.054 seconds.
✔ Test "drained spoon mutations persist to recipe cache for restart" passed after 0.054 seconds.
✔ Test "legacy intent shopping mutations convert into native durable queued mutations" passed after 0.054 seconds.
✔ Test "file backed sync store applies records checkpoints and missing staged media errors" passed after 0.054 seconds.
✔ Test "native intent actions resolve routes local mutations and capture drafts" passed after 0.054 seconds.
✔ Test "drained shopping cache patch deletes removed cached rows and timestamps from first drained mutation" passed after 0.054 seconds.
✔ Test "drained cookbook mutations patch cached cookbook records" passed after 0.054 seconds.
✔ Test "optimistic recipe mutations cover every recipe branch and malformed payload fallback" passed after 0.054 seconds.
✔ Test "sync engine rewrites dependent shopping item ids after add drains" passed after 0.054 seconds.
✔ Test "sync engine rewrites local optimistic recipe and step ids after create responses" passed after 0.054 seconds.
✔ Test "file backed sync store lets scoped bootstrap discard previous owner staged media" passed after 0.050 seconds.
✔ Test "capture draft mutations are durable local cache mutations and never build network requests" passed after 0.049 seconds.
✔ Test "native sync report builds scoped purge requests from legacy fallback arrays" passed after 0.049 seconds.
✔ Test "drained recipe mutations persist to file backed cache for restart" passed after 0.050 seconds.
✔ Test "sync engine keeps local capture draft mutations out of remote drain" passed after 0.049 seconds.
✔ Test "scenario verifier covers root override and failing native metadata checks" passed after 0.054 seconds.
✔ Test "sync apply rebinds account and clears previous owner queue before replay" passed after 0.050 seconds.
✔ Test "sync engine ignores previous owner checkpoint and queue on first scoped bootstrap" passed after 0.049 seconds.
✔ Test "bootstrap request and sync envelope use the private /me/sync contract" passed after 0.049 seconds.
✔ Test "drained shopping mutations persist to file backed cache for restart" passed after 0.049 seconds.
✔ Test "optimistic cookbook mutations preserve cache for stale and malformed payloads" passed after 0.049 seconds.
✔ Test "shopping Siri intents require entity-backed queueable actions" passed after 0.055 seconds.
✔ Test "sync engine rewrites remaining local ids when auth failure pauses after create success" passed after 0.049 seconds.
✔ Test "scheduled retry report keeps the shortest independent retry delay" passed after 0.049 seconds.
✔ Test "sync apply clears legacy unscoped snapshots before binding current account" passed after 0.049 seconds.
✔ Test "native metadata report encoding is deterministic" passed after 0.054 seconds.
✔ Test "sync engine records spoon create id remaps without sending internal fields" passed after 0.047 seconds.
✔ Test "sync trigger coordinator starts bootstrap and drain for lifecycle network account environment and stale surface events" passed after 0.049 seconds.
✔ Test "scheduled retry timestamps are honored before replaying a dependency key" passed after 0.046 seconds.
✔ Test "drained add-from-recipe replays queued ingredient descriptors without cached recipe" passed after 0.046 seconds.
✔ Test "optimistic shopping check and clear completed update stale timestamps" passed after 0.046 seconds.
✔ Test "queued mutation resource id replacement targets identifier fields only" passed after 0.049 seconds.
✔ Test "sync engine blocks local recipe dependent replay when create has not drained" passed after 0.046 seconds.
✔ Test "retry results block the failed dependency key while independent mutations can still drain" passed after 0.046 seconds.
✔ Test "native mutation queue persists every offline product domain with durable replay metadata" passed after 0.050 seconds.
✔ Test "sync engine rewrites local optimistic cookbook ids after create responses" passed after 0.046 seconds.
✔ Test "shopping surface executor does not clobber remote success and queues offline fallbacks" passed after 0.055 seconds.
✔ Test "file backed sync store restores queue checkpoint tombstones and staged media for restart" passed after 0.049 seconds.
✔ Test "shopping add form keeps draft on failure and clears only after accepted action" passed after 0.055 seconds.
✔ Test "sync engine records step and ingredient create id remaps for drained optimistic mutations" passed after 0.045 seconds.
✔ Test "scoped queue save clears previous owner checkpoint records and tombstones" passed after 0.046 seconds.
✔ Test "drained cover mutations clear stale active cover cache for restart" passed after 0.046 seconds.
✔ Test "optimistic shopping mutations fail closed for malformed replay payloads" passed after 0.046 seconds.
✔ Suite "Shopping Siri intent contracts" passed after 0.056 seconds.
✔ Test "scenario command writes output and supports stdout mode" passed after 0.054 seconds.
✔ Test "bootstrap profile cache deletes without tombstones emit scoped chef profile purge requests" passed after 0.054 seconds.
✔ Suite "Native sync engine and mutation queue" passed after 0.056 seconds.
✔ Test "shopping surface covers queued local validation and prompt edge states" passed after 0.056 seconds.
✔ Suite "Native shopping surface parity" passed after 0.057 seconds.
✔ Test "surfaces report proves kitchen recipe cook and shopping slices" passed after 0.062 seconds.
✔ Test "final report proves search capture settings and deep link safety" passed after 0.100 seconds.
✔ Test "AASA validation requires app IDs and every deep link route component" passed after 0.742 seconds.
✔ Test "app integration sources typecheck and declare expected native types" passed after 2.567 seconds.
✔ Test "verify native scenarios script gates native metadata behavior" passed after 28.041 seconds.
✔ Suite "Native scenario metadata" passed after 28.042 seconds.
✔ Test run with 86 tests in 4 suites passed after 28.043 seconds.
