Building for debugging...
[0/6] Write sources
[2/6] Write swift-version--58304C5D6DBC2206.txt
[4/9] Emitting module SpoonjoyCore
[5/9] Compiling SpoonjoyCore RecipeCookbookEntityCatalog.swift
[6/9] Compiling SpoonjoyCore SpotlightIndexPlan.swift
[7/15] Compiling SpoonjoyCore SpoonEntityCatalog.swift
[8/15] Compiling SpoonjoyCore ChefProfileEntityCatalog.swift
[9/15] Compiling SpoonjoyCore ShoppingEntityCatalog.swift
[10/15] Compiling SpoonjoyCore CaptureDraftEntityCatalog.swift
[11/15] Compiling SpoonjoyCore NativeLiveAppStore.swift
[12/15] Compiling SpoonjoyCore NativeSyncEngine.swift
[12/17] Write Objects.LinkFileList
[13/27] Linking SpoonjoyScenarioVerifier
[14/27] Applying SpoonjoyScenarioVerifier
[16/27] Compiling SpoonjoyCoreTests SpoonEntityTests.swift
[17/27] Compiling SpoonjoyCoreTests RecipeCookbookEntityTests.swift
[18/27] Compiling SpoonjoyCoreTests NativeSyncEngineTests.swift
[19/27] Compiling SpoonjoyCoreTests CaptureDraftEntityTests.swift
[20/27] Compiling SpoonjoyCoreTests SpotlightShortcutTransferTests.swift
[21/27] Compiling SpoonjoyCoreTests NativeScenarioTests.swift
[22/27] Compiling SpoonjoyCoreTests ShoppingEntityTests.swift
[23/27] Compiling SpoonjoyCoreTests ChefProfileEntityTests.swift
[24/27] Emitting module SpoonjoyCoreTests
[25/27] Compiling SpoonjoyCoreTests NativeLiveStoreTests.swift
[25/27] Write Objects.LinkFileList
[26/27] Linking SpoonjoyApplePackageTests
Build complete! (14.70s)
◇ Test run started.
↳ Testing Library Version: 1902
↳ Target Platform: arm64e-apple-macos14.0
◇ Suite "Spoon cook-log App Entity contracts" started.
◇ Suite "Spotlight, App Shortcuts, and transfer integration contracts" started.
◇ Suite "Native scenario metadata" started.
◇ Suite "Native live store and shell wiring" started.
◇ Suite "Recipe and cookbook App Entity contracts" started.
◇ Test "spoon entity spotlight and intent error edges stay private and fail closed" started.
◇ Test "Spotlight identifiers stay scoped and reject malformed private routes" started.
◇ Test "spotlight index plan builds route aware searchable documents" started.
◇ Test "signed out settings and offline indicator cover every live shell state" started.
◇ Test "entity catalog honors sync account environment and tombstone boundaries" started.
◇ Test "entity descriptors cover placeholder sparse recipe and singular cookbook display edges" started.
◇ Test "recipe entities resolve from native sync cached records and expose transfer values" started.
◇ Test "entity catalog trims identifiers and reports missing cached entities" started.
◇ Test "cookbook entities resolve from native sync cached records and expose transfer values" started.
◇ Test "entity catalog loads persisted sync store snapshots" started.
✔ Test "spoon entity spotlight and intent error edges stay private and fail closed" passed after 0.001 seconds.
✔ Suite "Spoon cook-log App Entity contracts" passed after 0.001 seconds.
✔ Test "Spotlight identifiers stay scoped and reject malformed private routes" passed after 0.001 seconds.
✔ Suite "Spotlight, App Shortcuts, and transfer integration contracts" passed after 0.001 seconds.
✔ Test "spotlight index plan builds route aware searchable documents" passed after 0.007 seconds.
✔ Suite "Native scenario metadata" passed after 0.007 seconds.
✔ Test "entity catalog trims identifiers and reports missing cached entities" passed after 0.011 seconds.
✔ Test "entity catalog loads persisted sync store snapshots" passed after 0.011 seconds.
✔ Test "recipe entities resolve from native sync cached records and expose transfer values" passed after 0.011 seconds.
✔ Test "cookbook entities resolve from native sync cached records and expose transfer values" passed after 0.011 seconds.
✔ Test "entity descriptors cover placeholder sparse recipe and singular cookbook display edges" passed after 0.011 seconds.
✔ Test "entity catalog honors sync account environment and tombstone boundaries" passed after 0.014 seconds.
✔ Suite "Recipe and cookbook App Entity contracts" passed after 0.014 seconds.
✔ Test "signed out settings and offline indicator cover every live shell state" passed after 0.039 seconds.
✔ Suite "Native live store and shell wiring" passed after 0.039 seconds.
✔ Test run with 10 tests in 5 suites passed after 0.040 seconds.
