FAIL: docs/native-design-language.md missing required tokens: accessibilityProofArtifacts, offlineIndicatorProof, minimumTargetSize, visibleStates, dismissibleStates, severeStates
FAIL: scripts/validate-design-review.rb missing required tokens: accessibilityProofArtifacts, validate_accessibility_proof!, offlineIndicatorProof, minimumTargetSize, visibleStates, dismissibleStates, severeStates, OfflineStatusView, Hide offline status, textFits, noTinyClusters
FAIL: scripts/validate-design-review-blocker.rb missing required tokens: apple/#{unit_slug}-accessibility-proof-ios.json, apple/#{unit_slug}-accessibility-proof-macos.json, stale success artifact
FAIL: scripts/capture-native-screenshots.sh missing required tokens: accessibility_proof_ios, accessibility_proof_macos, write_accessibility_proof, accessibilityProofArtifacts, offlineIndicatorProof, minimumTargetSize, visibleStates, dismissibleStates, severeStates, SPOONJOY_SCREENSHOT_ACCESSIBILITY_PROOF_PATH, apple/${unit_slug}-accessibility-proof-ios.json, apple/${unit_slug}-accessibility-proof-macos.json, rm -f "$accessibility_proof_ios" "$accessibility_proof_macos"
FAIL: scripts/validate-native-local.sh missing required tokens: apple/matrix-accessibility-proof-ios.json, apple/matrix-accessibility-proof-macos.json
FAIL: missing accessibilityProofArtifacts design review expected to fail
STDOUT:
design review ok

STDERR:

FAIL: missing offlineIndicatorProof design review expected to fail
STDOUT:
design review ok

STDERR:

FAIL: valid expanded design-review blocker expected to succeed
STDOUT:

STDERR:
FAIL: /var/folders/md/_fkq3wc92_z55cgtlrfrcfh40000gn/T/spoonjoy-design-accessibility-contract20260629-71397-1eujrbv/design-review-blocked.json skippedArtifacts must exactly name skipped success artifacts

FAIL: old skippedArtifacts design-review blocker expected to fail
STDOUT:
design review blocker ok

STDERR:
expected red status: 1
