Xcode 26.5
Build version 17F42
/Applications/Xcode.app/Contents/Developer
Command line invocation:
    /Applications/Xcode.app/Contents/Developer/usr/bin/xcodebuild -project Spoonjoy.xcodeproj -scheme "Spoonjoy macOS" -configuration BootstrapDebug -destination generic/platform=macOS CODE_SIGNING_ALLOWED=NO GCC_TREAT_WARNINGS_AS_ERRORS=YES build

Build settings from command line:
    CODE_SIGNING_ALLOWED = NO
    GCC_TREAT_WARNINGS_AS_ERRORS = YES

Resolve Package Graph


Resolved source packages:
  SpoonjoyApple: /Users/arimendelow/Projects/spoonjoy-apple @ local

ComputePackagePrebuildTargetDependencyGraph

Prepare packages

CreateBuildRequest

SendProjectDescription

CreateBuildOperation

ComputeTargetDependencyGraph
note: Building targets in dependency order
note: Target dependency graph (4 targets)
    Target 'Spoonjoy macOS' in project 'Spoonjoy'
        ➜ Explicit dependency on target 'SpoonjoyCore' in project 'SpoonjoyApple'
    Target 'SpoonjoyCore' in project 'SpoonjoyApple'
        ➜ Explicit dependency on target 'SpoonjoyCore' in project 'SpoonjoyApple'
        ➜ Explicit dependency on target 'SpoonjoyApple_SpoonjoyCore' in project 'SpoonjoyApple'
    Target 'SpoonjoyCore' in project 'SpoonjoyApple'
        ➜ Explicit dependency on target 'SpoonjoyApple_SpoonjoyCore' in project 'SpoonjoyApple'
    Target 'SpoonjoyApple_SpoonjoyCore' in project 'SpoonjoyApple' (no dependencies)

GatherProvisioningInputs

CreateBuildDescription

ExecuteExternalTool /Applications/Xcode.app/Contents/Developer/Toolchains/XcodeDefault.xctoolchain/usr/bin/clang -v -E -dM -isysroot /Applications/Xcode.app/Contents/Developer/Platforms/MacOSX.platform/Developer/SDKs/MacOSX26.5.sdk -x c -c /dev/null

ExecuteExternalTool /Applications/Xcode.app/Contents/Developer/usr/bin/actool --version --output-format xml1

ExecuteExternalTool /Applications/Xcode.app/Contents/Developer/Toolchains/XcodeDefault.xctoolchain/usr/bin/swiftc --version

ExecuteExternalTool /Applications/Xcode.app/Contents/Developer/Toolchains/XcodeDefault.xctoolchain/usr/bin/ld -version_details

Build description signature: 7565fb680a28f6db6758d15a047ee580
Build description path: /Users/arimendelow/Library/Developer/Xcode/DerivedData/Spoonjoy-adbsilixtyfhasewikyduwzxgckv/Build/Intermediates.noindex/XCBuildData/7565fb680a28f6db6758d15a047ee580.xcbuilddata
ClangStatCache /Applications/Xcode.app/Contents/Developer/Toolchains/XcodeDefault.xctoolchain/usr/bin/clang-stat-cache /Applications/Xcode.app/Contents/Developer/Platforms/MacOSX.platform/Developer/SDKs/MacOSX26.5.sdk /Users/arimendelow/Library/Developer/Xcode/DerivedData/SDKStatCaches.noindex/macosx26.5-25F70-e082c4a02f00227109f4ed75e425c832.sdkstatcache
    cd /Users/arimendelow/Projects/spoonjoy-apple/Spoonjoy.xcodeproj
    /Applications/Xcode.app/Contents/Developer/Toolchains/XcodeDefault.xctoolchain/usr/bin/clang-stat-cache /Applications/Xcode.app/Contents/Developer/Platforms/MacOSX.platform/Developer/SDKs/MacOSX26.5.sdk -o /Users/arimendelow/Library/Developer/Xcode/DerivedData/SDKStatCaches.noindex/macosx26.5-25F70-e082c4a02f00227109f4ed75e425c832.sdkstatcache

ProcessInfoPlistFile /Users/arimendelow/Library/Developer/Xcode/DerivedData/Spoonjoy-adbsilixtyfhasewikyduwzxgckv/Build/Products/BootstrapDebug/SpoonjoyApple_SpoonjoyCore.bundle/Contents/Info.plist /Users/arimendelow/Library/Developer/Xcode/DerivedData/Spoonjoy-adbsilixtyfhasewikyduwzxgckv/Build/Intermediates.noindex/SpoonjoyApple.build/BootstrapDebug/SpoonjoyApple_SpoonjoyCore.build/empty-SpoonjoyApple_SpoonjoyCore.plist (in target 'SpoonjoyApple_SpoonjoyCore' from project 'SpoonjoyApple')
    cd /Users/arimendelow/Projects/spoonjoy-apple
    builtin-infoPlistUtility /Users/arimendelow/Library/Developer/Xcode/DerivedData/Spoonjoy-adbsilixtyfhasewikyduwzxgckv/Build/Intermediates.noindex/SpoonjoyApple.build/BootstrapDebug/SpoonjoyApple_SpoonjoyCore.build/empty-SpoonjoyApple_SpoonjoyCore.plist -producttype com.apple.product-type.bundle -expandbuildsettings -platform macosx -o /Users/arimendelow/Library/Developer/Xcode/DerivedData/Spoonjoy-adbsilixtyfhasewikyduwzxgckv/Build/Products/BootstrapDebug/SpoonjoyApple_SpoonjoyCore.bundle/Contents/Info.plist

SwiftDriver SpoonjoyCore normal arm64 com.apple.xcode.tools.swift.compiler (in target 'SpoonjoyCore' from project 'SpoonjoyApple')
    cd /Users/arimendelow/Projects/spoonjoy-apple/Spoonjoy.xcodeproj
    builtin-SwiftDriver -- /Applications/Xcode.app/Contents/Developer/Toolchains/XcodeDefault.xctoolchain/usr/bin/swiftc -module-name SpoonjoyCore -Onone @/Users/arimendelow/Library/Developer/Xcode/DerivedData/Spoonjoy-adbsilixtyfhasewikyduwzxgckv/Build/Intermediates.noindex/SpoonjoyApple.build/BootstrapDebug/SpoonjoyCore.build/Objects-normal/arm64/SpoonjoyCore.SwiftFileList -DSWIFT_PACKAGE -DDEBUG -DSWIFT_MODULE_RESOURCE_BUNDLE_AVAILABLE -DXcode -plugin-path /Applications/Xcode.app/Contents/Developer/Toolchains/XcodeDefault.xctoolchain/usr/lib/swift/host/plugins/testing -enable-experimental-feature DebugDescriptionMacro -sdk /Applications/Xcode.app/Contents/Developer/Platforms/MacOSX.platform/Developer/SDKs/MacOSX26.5.sdk -target arm64-apple-macos26.0 -g -module-cache-path /Users/arimendelow/Library/Developer/Xcode/DerivedData/ModuleCache.noindex -Xfrontend -serialize-debugging-options -enable-testing -suppress-warnings -index-store-path /Users/arimendelow/Library/Developer/Xcode/DerivedData/Spoonjoy-adbsilixtyfhasewikyduwzxgckv/Index.noindex/DataStore -Xcc -D_LIBCPP_HARDENING_MODE\=_LIBCPP_HARDENING_MODE_DEBUG -swift-version 6 -I /Users/arimendelow/Library/Developer/Xcode/DerivedData/Spoonjoy-adbsilixtyfhasewikyduwzxgckv/Build/Products/BootstrapDebug -Isystem /Applications/Xcode.app/Contents/Developer/Platforms/MacOSX.platform/Developer/usr/lib -F /Users/arimendelow/Library/Developer/Xcode/DerivedData/Spoonjoy-adbsilixtyfhasewikyduwzxgckv/Build/Products/BootstrapDebug -F /Applications/Xcode.app/Contents/Developer/Platforms/MacOSX.platform/Developer/Library/Frameworks -c -j10 -enable-batch-mode -incremental -Xcc -ivfsstatcache -Xcc /Users/arimendelow/Library/Developer/Xcode/DerivedData/SDKStatCaches.noindex/macosx26.5-25F70-e082c4a02f00227109f4ed75e425c832.sdkstatcache -output-file-map /Users/arimendelow/Library/Developer/Xcode/DerivedData/Spoonjoy-adbsilixtyfhasewikyduwzxgckv/Build/Intermediates.noindex/SpoonjoyApple.build/BootstrapDebug/SpoonjoyCore.build/Objects-normal/arm64/SpoonjoyCore-OutputFileMap.json -use-frontend-parseable-output -save-temps -no-color-diagnostics -explicit-module-build -module-cache-path /Users/arimendelow/Library/Developer/Xcode/DerivedData/Spoonjoy-adbsilixtyfhasewikyduwzxgckv/Build/Intermediates.noindex/SwiftExplicitPrecompiledModules -clang-scanner-module-cache-path /Users/arimendelow/Library/Developer/Xcode/DerivedData/ModuleCache.noindex -sdk-module-cache-path /Users/arimendelow/Library/Developer/Xcode/DerivedData/ModuleCache.noindex -serialize-diagnostics -emit-dependencies -emit-module -emit-module-path /Users/arimendelow/Library/Developer/Xcode/DerivedData/Spoonjoy-adbsilixtyfhasewikyduwzxgckv/Build/Intermediates.noindex/SpoonjoyApple.build/BootstrapDebug/SpoonjoyCore.build/Objects-normal/arm64/SpoonjoyCore.swiftmodule -validate-clang-modules-once -clang-build-session-file /Users/arimendelow/Library/Developer/Xcode/DerivedData/ModuleCache.noindex/Session.modulevalidation -package-name spoonjoy_apple -Xcc -I/Users/arimendelow/Library/Developer/Xcode/DerivedData/Spoonjoy-adbsilixtyfhasewikyduwzxgckv/Build/Intermediates.noindex/SpoonjoyApple.build/BootstrapDebug/SpoonjoyCore.build/swift-overrides.hmap -emit-const-values -Xfrontend -const-gather-protocols-file -Xfrontend /Users/arimendelow/Library/Developer/Xcode/DerivedData/Spoonjoy-adbsilixtyfhasewikyduwzxgckv/Build/Intermediates.noindex/SpoonjoyApple.build/BootstrapDebug/SpoonjoyCore.build/Objects-normal/arm64/SpoonjoyCore_const_extract_protocols.json -Xcc -I/Users/arimendelow/Library/Developer/Xcode/DerivedData/Spoonjoy-adbsilixtyfhasewikyduwzxgckv/Build/Products/BootstrapDebug/include -Xcc -I/Users/arimendelow/Library/Developer/Xcode/DerivedData/Spoonjoy-adbsilixtyfhasewikyduwzxgckv/Build/Intermediates.noindex/SpoonjoyApple.build/BootstrapDebug/SpoonjoyCore.build/DerivedSources-normal/arm64 -Xcc -I/Users/arimendelow/Library/Developer/Xcode/DerivedData/Spoonjoy-adbsilixtyfhasewikyduwzxgckv/Build/Intermediates.noindex/SpoonjoyApple.build/BootstrapDebug/SpoonjoyCore.build/DerivedSources/arm64 -Xcc -I/Users/arimendelow/Library/Developer/Xcode/DerivedData/Spoonjoy-adbsilixtyfhasewikyduwzxgckv/Build/Intermediates.noindex/SpoonjoyApple.build/BootstrapDebug/SpoonjoyCore.build/DerivedSources -Xcc -DSWIFT_PACKAGE -Xcc -DDEBUG\=1 -emit-objc-header -emit-objc-header-path /Users/arimendelow/Library/Developer/Xcode/DerivedData/Spoonjoy-adbsilixtyfhasewikyduwzxgckv/Build/Intermediates.noindex/SpoonjoyApple.build/BootstrapDebug/SpoonjoyCore.build/Objects-normal/arm64/SpoonjoyCore-Swift.h -working-directory /Users/arimendelow/Projects/spoonjoy-apple/Spoonjoy.xcodeproj -experimental-emit-module-separately -disable-cmo

SwiftDriver SpoonjoyCore normal x86_64 com.apple.xcode.tools.swift.compiler (in target 'SpoonjoyCore' from project 'SpoonjoyApple')
    cd /Users/arimendelow/Projects/spoonjoy-apple/Spoonjoy.xcodeproj
    builtin-SwiftDriver -- /Applications/Xcode.app/Contents/Developer/Toolchains/XcodeDefault.xctoolchain/usr/bin/swiftc -module-name SpoonjoyCore -Onone @/Users/arimendelow/Library/Developer/Xcode/DerivedData/Spoonjoy-adbsilixtyfhasewikyduwzxgckv/Build/Intermediates.noindex/SpoonjoyApple.build/BootstrapDebug/SpoonjoyCore.build/Objects-normal/x86_64/SpoonjoyCore.SwiftFileList -DSWIFT_PACKAGE -DDEBUG -DSWIFT_MODULE_RESOURCE_BUNDLE_AVAILABLE -DXcode -plugin-path /Applications/Xcode.app/Contents/Developer/Toolchains/XcodeDefault.xctoolchain/usr/lib/swift/host/plugins/testing -enable-experimental-feature DebugDescriptionMacro -sdk /Applications/Xcode.app/Contents/Developer/Platforms/MacOSX.platform/Developer/SDKs/MacOSX26.5.sdk -target x86_64-apple-macos26.0 -g -module-cache-path /Users/arimendelow/Library/Developer/Xcode/DerivedData/ModuleCache.noindex -Xfrontend -serialize-debugging-options -enable-testing -suppress-warnings -index-store-path /Users/arimendelow/Library/Developer/Xcode/DerivedData/Spoonjoy-adbsilixtyfhasewikyduwzxgckv/Index.noindex/DataStore -Xcc -D_LIBCPP_HARDENING_MODE\=_LIBCPP_HARDENING_MODE_DEBUG -swift-version 6 -I /Users/arimendelow/Library/Developer/Xcode/DerivedData/Spoonjoy-adbsilixtyfhasewikyduwzxgckv/Build/Products/BootstrapDebug -Isystem /Applications/Xcode.app/Contents/Developer/Platforms/MacOSX.platform/Developer/usr/lib -F /Users/arimendelow/Library/Developer/Xcode/DerivedData/Spoonjoy-adbsilixtyfhasewikyduwzxgckv/Build/Products/BootstrapDebug -F /Applications/Xcode.app/Contents/Developer/Platforms/MacOSX.platform/Developer/Library/Frameworks -c -j10 -enable-batch-mode -incremental -Xcc -ivfsstatcache -Xcc /Users/arimendelow/Library/Developer/Xcode/DerivedData/SDKStatCaches.noindex/macosx26.5-25F70-e082c4a02f00227109f4ed75e425c832.sdkstatcache -output-file-map /Users/arimendelow/Library/Developer/Xcode/DerivedData/Spoonjoy-adbsilixtyfhasewikyduwzxgckv/Build/Intermediates.noindex/SpoonjoyApple.build/BootstrapDebug/SpoonjoyCore.build/Objects-normal/x86_64/SpoonjoyCore-OutputFileMap.json -use-frontend-parseable-output -save-temps -no-color-diagnostics -explicit-module-build -module-cache-path /Users/arimendelow/Library/Developer/Xcode/DerivedData/Spoonjoy-adbsilixtyfhasewikyduwzxgckv/Build/Intermediates.noindex/SwiftExplicitPrecompiledModules -clang-scanner-module-cache-path /Users/arimendelow/Library/Developer/Xcode/DerivedData/ModuleCache.noindex -sdk-module-cache-path /Users/arimendelow/Library/Developer/Xcode/DerivedData/ModuleCache.noindex -serialize-diagnostics -emit-dependencies -emit-module -emit-module-path /Users/arimendelow/Library/Developer/Xcode/DerivedData/Spoonjoy-adbsilixtyfhasewikyduwzxgckv/Build/Intermediates.noindex/SpoonjoyApple.build/BootstrapDebug/SpoonjoyCore.build/Objects-normal/x86_64/SpoonjoyCore.swiftmodule -validate-clang-modules-once -clang-build-session-file /Users/arimendelow/Library/Developer/Xcode/DerivedData/ModuleCache.noindex/Session.modulevalidation -package-name spoonjoy_apple -Xcc -I/Users/arimendelow/Library/Developer/Xcode/DerivedData/Spoonjoy-adbsilixtyfhasewikyduwzxgckv/Build/Intermediates.noindex/SpoonjoyApple.build/BootstrapDebug/SpoonjoyCore.build/swift-overrides.hmap -emit-const-values -Xfrontend -const-gather-protocols-file -Xfrontend /Users/arimendelow/Library/Developer/Xcode/DerivedData/Spoonjoy-adbsilixtyfhasewikyduwzxgckv/Build/Intermediates.noindex/SpoonjoyApple.build/BootstrapDebug/SpoonjoyCore.build/Objects-normal/x86_64/SpoonjoyCore_const_extract_protocols.json -Xcc -I/Users/arimendelow/Library/Developer/Xcode/DerivedData/Spoonjoy-adbsilixtyfhasewikyduwzxgckv/Build/Products/BootstrapDebug/include -Xcc -I/Users/arimendelow/Library/Developer/Xcode/DerivedData/Spoonjoy-adbsilixtyfhasewikyduwzxgckv/Build/Intermediates.noindex/SpoonjoyApple.build/BootstrapDebug/SpoonjoyCore.build/DerivedSources-normal/x86_64 -Xcc -I/Users/arimendelow/Library/Developer/Xcode/DerivedData/Spoonjoy-adbsilixtyfhasewikyduwzxgckv/Build/Intermediates.noindex/SpoonjoyApple.build/BootstrapDebug/SpoonjoyCore.build/DerivedSources/x86_64 -Xcc -I/Users/arimendelow/Library/Developer/Xcode/DerivedData/Spoonjoy-adbsilixtyfhasewikyduwzxgckv/Build/Intermediates.noindex/SpoonjoyApple.build/BootstrapDebug/SpoonjoyCore.build/DerivedSources -Xcc -DSWIFT_PACKAGE -Xcc -DDEBUG\=1 -emit-objc-header -emit-objc-header-path /Users/arimendelow/Library/Developer/Xcode/DerivedData/Spoonjoy-adbsilixtyfhasewikyduwzxgckv/Build/Intermediates.noindex/SpoonjoyApple.build/BootstrapDebug/SpoonjoyCore.build/Objects-normal/x86_64/SpoonjoyCore-Swift.h -working-directory /Users/arimendelow/Projects/spoonjoy-apple/Spoonjoy.xcodeproj -experimental-emit-module-separately -disable-cmo

SwiftEmitModule normal arm64 Emitting\ module\ for\ SpoonjoyCore (in target 'SpoonjoyCore' from project 'SpoonjoyApple')

EmitSwiftModule normal arm64 (in target 'SpoonjoyCore' from project 'SpoonjoyApple')
    cd /Users/arimendelow/Projects/spoonjoy-apple/Spoonjoy.xcodeproj
    

SwiftEmitModule normal x86_64 Emitting\ module\ for\ SpoonjoyCore (in target 'SpoonjoyCore' from project 'SpoonjoyApple')
EmitSwiftModule normal x86_64 (in target 'SpoonjoyCore' from project 'SpoonjoyApple')
    cd /Users/arimendelow/Projects/spoonjoy-apple/Spoonjoy.xcodeproj
    

SwiftCompile normal x86_64 Compiling\ ScenarioVerifier.swift /Users/arimendelow/Projects/spoonjoy-apple/Sources/SpoonjoyCore/Native/ScenarioVerifier.swift (in target 'SpoonjoyCore' from project 'SpoonjoyApple')

SwiftCompile normal x86_64 /Users/arimendelow/Projects/spoonjoy-apple/Sources/SpoonjoyCore/Native/ScenarioVerifier.swift (in target 'SpoonjoyCore' from project 'SpoonjoyApple')
    cd /Users/arimendelow/Projects/spoonjoy-apple/Spoonjoy.xcodeproj
    

SwiftCompile normal arm64 Compiling\ ScenarioVerifier.swift /Users/arimendelow/Projects/spoonjoy-apple/Sources/SpoonjoyCore/Native/ScenarioVerifier.swift (in target 'SpoonjoyCore' from project 'SpoonjoyApple')

SwiftCompile normal arm64 /Users/arimendelow/Projects/spoonjoy-apple/Sources/SpoonjoyCore/Native/ScenarioVerifier.swift (in target 'SpoonjoyCore' from project 'SpoonjoyApple')
    cd /Users/arimendelow/Projects/spoonjoy-apple/Spoonjoy.xcodeproj
    

SwiftCompile normal x86_64 Compiling\ ShoppingSurfaceViewModel.swift /Users/arimendelow/Projects/spoonjoy-apple/Sources/SpoonjoyCore/Features/Shopping/ShoppingSurfaceViewModel.swift (in target 'SpoonjoyCore' from project 'SpoonjoyApple')

SwiftCompile normal x86_64 /Users/arimendelow/Projects/spoonjoy-apple/Sources/SpoonjoyCore/Features/Shopping/ShoppingSurfaceViewModel.swift (in target 'SpoonjoyCore' from project 'SpoonjoyApple')
    cd /Users/arimendelow/Projects/spoonjoy-apple/Spoonjoy.xcodeproj
    

SwiftCompile normal arm64 Compiling\ NativeLiveAppStore.swift /Users/arimendelow/Projects/spoonjoy-apple/Sources/SpoonjoyCore/AppState/NativeLiveAppStore.swift (in target 'SpoonjoyCore' from project 'SpoonjoyApple')
SwiftCompile normal arm64 /Users/arimendelow/Projects/spoonjoy-apple/Sources/SpoonjoyCore/AppState/NativeLiveAppStore.swift (in target 'SpoonjoyCore' from project 'SpoonjoyApple')
    cd /Users/arimendelow/Projects/spoonjoy-apple/Spoonjoy.xcodeproj
    

SwiftCompile normal arm64 Compiling\ ShoppingSurfaceViewModel.swift /Users/arimendelow/Projects/spoonjoy-apple/Sources/SpoonjoyCore/Features/Shopping/ShoppingSurfaceViewModel.swift (in target 'SpoonjoyCore' from project 'SpoonjoyApple')

SwiftCompile normal arm64 /Users/arimendelow/Projects/spoonjoy-apple/Sources/SpoonjoyCore/Features/Shopping/ShoppingSurfaceViewModel.swift (in target 'SpoonjoyCore' from project 'SpoonjoyApple')
    cd /Users/arimendelow/Projects/spoonjoy-apple/Spoonjoy.xcodeproj
    

SwiftCompile normal arm64 Compiling\ NativeSyncEngine.swift /Users/arimendelow/Projects/spoonjoy-apple/Sources/SpoonjoyCore/Sync/NativeSyncEngine.swift (in target 'SpoonjoyCore' from project 'SpoonjoyApple')
SwiftCompile normal arm64 /Users/arimendelow/Projects/spoonjoy-apple/Sources/SpoonjoyCore/Sync/NativeSyncEngine.swift (in target 'SpoonjoyCore' from project 'SpoonjoyApple')
    cd /Users/arimendelow/Projects/spoonjoy-apple/Spoonjoy.xcodeproj
    

SwiftCompile normal x86_64 Compiling\ NativeSyncEngine.swift /Users/arimendelow/Projects/spoonjoy-apple/Sources/SpoonjoyCore/Sync/NativeSyncEngine.swift (in target 'SpoonjoyCore' from project 'SpoonjoyApple')
SwiftCompile normal x86_64 /Users/arimendelow/Projects/spoonjoy-apple/Sources/SpoonjoyCore/Sync/NativeSyncEngine.swift (in target 'SpoonjoyCore' from project 'SpoonjoyApple')
    cd /Users/arimendelow/Projects/spoonjoy-apple/Spoonjoy.xcodeproj
    

SwiftCompile normal x86_64 Compiling\ NativeLiveAppStore.swift /Users/arimendelow/Projects/spoonjoy-apple/Sources/SpoonjoyCore/AppState/NativeLiveAppStore.swift (in target 'SpoonjoyCore' from project 'SpoonjoyApple')

SwiftCompile normal x86_64 /Users/arimendelow/Projects/spoonjoy-apple/Sources/SpoonjoyCore/AppState/NativeLiveAppStore.swift (in target 'SpoonjoyCore' from project 'SpoonjoyApple')
    cd /Users/arimendelow/Projects/spoonjoy-apple/Spoonjoy.xcodeproj
    

SwiftDriverJobDiscovery normal x86_64 Compiling ScenarioVerifier.swift (in target 'SpoonjoyCore' from project 'SpoonjoyApple')

SwiftDriverJobDiscovery normal arm64 Compiling ScenarioVerifier.swift (in target 'SpoonjoyCore' from project 'SpoonjoyApple')

SwiftDriverJobDiscovery normal arm64 Compiling ShoppingSurfaceViewModel.swift (in target 'SpoonjoyCore' from project 'SpoonjoyApple')

SwiftCompile normal arm64 Compiling\ OfflineSnapshot.swift /Users/arimendelow/Projects/spoonjoy-apple/Sources/SpoonjoyCore/Offline/OfflineSnapshot.swift (in target 'SpoonjoyCore' from project 'SpoonjoyApple')

SwiftCompile normal arm64 /Users/arimendelow/Projects/spoonjoy-apple/Sources/SpoonjoyCore/Offline/OfflineSnapshot.swift (in target 'SpoonjoyCore' from project 'SpoonjoyApple')
    cd /Users/arimendelow/Projects/spoonjoy-apple/Spoonjoy.xcodeproj
    

SwiftCompile normal arm64 Compiling\ SpotlightIndexPlan.swift /Users/arimendelow/Projects/spoonjoy-apple/Sources/SpoonjoyCore/Native/SpotlightIndexPlan.swift (in target 'SpoonjoyCore' from project 'SpoonjoyApple')

SwiftCompile normal arm64 /Users/arimendelow/Projects/spoonjoy-apple/Sources/SpoonjoyCore/Native/SpotlightIndexPlan.swift (in target 'SpoonjoyCore' from project 'SpoonjoyApple')
    cd /Users/arimendelow/Projects/spoonjoy-apple/Spoonjoy.xcodeproj
    

SwiftCompile normal arm64 Compiling\ ScreenViewModels.swift /Users/arimendelow/Projects/spoonjoy-apple/Sources/SpoonjoyCore/AppState/ScreenViewModels.swift (in target 'SpoonjoyCore' from project 'SpoonjoyApple')

SwiftCompile normal arm64 /Users/arimendelow/Projects/spoonjoy-apple/Sources/SpoonjoyCore/AppState/ScreenViewModels.swift (in target 'SpoonjoyCore' from project 'SpoonjoyApple')
    cd /Users/arimendelow/Projects/spoonjoy-apple/Spoonjoy.xcodeproj
    

SwiftCompile normal arm64 Compiling\ NativeAppSnapshot.swift /Users/arimendelow/Projects/spoonjoy-apple/Sources/SpoonjoyCore/AppState/NativeAppSnapshot.swift (in target 'SpoonjoyCore' from project 'SpoonjoyApple')

SwiftCompile normal arm64 /Users/arimendelow/Projects/spoonjoy-apple/Sources/SpoonjoyCore/AppState/NativeAppSnapshot.swift (in target 'SpoonjoyCore' from project 'SpoonjoyApple')
    cd /Users/arimendelow/Projects/spoonjoy-apple/Spoonjoy.xcodeproj
    

SwiftDriverJobDiscovery normal x86_64 Compiling ShoppingSurfaceViewModel.swift (in target 'SpoonjoyCore' from project 'SpoonjoyApple')

SwiftCompile normal x86_64 Compiling\ NativeAppSnapshot.swift /Users/arimendelow/Projects/spoonjoy-apple/Sources/SpoonjoyCore/AppState/NativeAppSnapshot.swift (in target 'SpoonjoyCore' from project 'SpoonjoyApple')

SwiftCompile normal x86_64 /Users/arimendelow/Projects/spoonjoy-apple/Sources/SpoonjoyCore/AppState/NativeAppSnapshot.swift (in target 'SpoonjoyCore' from project 'SpoonjoyApple')
    cd /Users/arimendelow/Projects/spoonjoy-apple/Spoonjoy.xcodeproj
    

SwiftDriverJobDiscovery normal arm64 Compiling OfflineSnapshot.swift (in target 'SpoonjoyCore' from project 'SpoonjoyApple')

SwiftCompile normal x86_64 Compiling\ OfflineSnapshot.swift /Users/arimendelow/Projects/spoonjoy-apple/Sources/SpoonjoyCore/Offline/OfflineSnapshot.swift (in target 'SpoonjoyCore' from project 'SpoonjoyApple')

SwiftCompile normal x86_64 /Users/arimendelow/Projects/spoonjoy-apple/Sources/SpoonjoyCore/Offline/OfflineSnapshot.swift (in target 'SpoonjoyCore' from project 'SpoonjoyApple')
    cd /Users/arimendelow/Projects/spoonjoy-apple/Spoonjoy.xcodeproj
    

SwiftDriverJobDiscovery normal arm64 Compiling SpotlightIndexPlan.swift (in target 'SpoonjoyCore' from project 'SpoonjoyApple')

SwiftCompile normal x86_64 Compiling\ ShoppingListState.swift /Users/arimendelow/Projects/spoonjoy-apple/Sources/SpoonjoyCore/KitchenState/ShoppingListState.swift (in target 'SpoonjoyCore' from project 'SpoonjoyApple')

SwiftCompile normal x86_64 /Users/arimendelow/Projects/spoonjoy-apple/Sources/SpoonjoyCore/KitchenState/ShoppingListState.swift (in target 'SpoonjoyCore' from project 'SpoonjoyApple')
    cd /Users/arimendelow/Projects/spoonjoy-apple/Spoonjoy.xcodeproj
    

SwiftDriverJobDiscovery normal arm64 Emitting module for SpoonjoyCore (in target 'SpoonjoyCore' from project 'SpoonjoyApple')

SwiftDriver\ Compilation\ Requirements SpoonjoyCore normal arm64 com.apple.xcode.tools.swift.compiler (in target 'SpoonjoyCore' from project 'SpoonjoyApple')
    cd /Users/arimendelow/Projects/spoonjoy-apple/Spoonjoy.xcodeproj
    builtin-Swift-Compilation-Requirements -- /Applications/Xcode.app/Contents/Developer/Toolchains/XcodeDefault.xctoolchain/usr/bin/swiftc -module-name SpoonjoyCore -Onone @/Users/arimendelow/Library/Developer/Xcode/DerivedData/Spoonjoy-adbsilixtyfhasewikyduwzxgckv/Build/Intermediates.noindex/SpoonjoyApple.build/BootstrapDebug/SpoonjoyCore.build/Objects-normal/arm64/SpoonjoyCore.SwiftFileList -DSWIFT_PACKAGE -DDEBUG -DSWIFT_MODULE_RESOURCE_BUNDLE_AVAILABLE -DXcode -plugin-path /Applications/Xcode.app/Contents/Developer/Toolchains/XcodeDefault.xctoolchain/usr/lib/swift/host/plugins/testing -enable-experimental-feature DebugDescriptionMacro -sdk /Applications/Xcode.app/Contents/Developer/Platforms/MacOSX.platform/Developer/SDKs/MacOSX26.5.sdk -target arm64-apple-macos26.0 -g -module-cache-path /Users/arimendelow/Library/Developer/Xcode/DerivedData/ModuleCache.noindex -Xfrontend -serialize-debugging-options -enable-testing -suppress-warnings -index-store-path /Users/arimendelow/Library/Developer/Xcode/DerivedData/Spoonjoy-adbsilixtyfhasewikyduwzxgckv/Index.noindex/DataStore -Xcc -D_LIBCPP_HARDENING_MODE\=_LIBCPP_HARDENING_MODE_DEBUG -swift-version 6 -I /Users/arimendelow/Library/Developer/Xcode/DerivedData/Spoonjoy-adbsilixtyfhasewikyduwzxgckv/Build/Products/BootstrapDebug -Isystem /Applications/Xcode.app/Contents/Developer/Platforms/MacOSX.platform/Developer/usr/lib -F /Users/arimendelow/Library/Developer/Xcode/DerivedData/Spoonjoy-adbsilixtyfhasewikyduwzxgckv/Build/Products/BootstrapDebug -F /Applications/Xcode.app/Contents/Developer/Platforms/MacOSX.platform/Developer/Library/Frameworks -c -j10 -enable-batch-mode -incremental -Xcc -ivfsstatcache -Xcc /Users/arimendelow/Library/Developer/Xcode/DerivedData/SDKStatCaches.noindex/macosx26.5-25F70-e082c4a02f00227109f4ed75e425c832.sdkstatcache -output-file-map /Users/arimendelow/Library/Developer/Xcode/DerivedData/Spoonjoy-adbsilixtyfhasewikyduwzxgckv/Build/Intermediates.noindex/SpoonjoyApple.build/BootstrapDebug/SpoonjoyCore.build/Objects-normal/arm64/SpoonjoyCore-OutputFileMap.json -use-frontend-parseable-output -save-temps -no-color-diagnostics -explicit-module-build -module-cache-path /Users/arimendelow/Library/Developer/Xcode/DerivedData/Spoonjoy-adbsilixtyfhasewikyduwzxgckv/Build/Intermediates.noindex/SwiftExplicitPrecompiledModules -clang-scanner-module-cache-path /Users/arimendelow/Library/Developer/Xcode/DerivedData/ModuleCache.noindex -sdk-module-cache-path /Users/arimendelow/Library/Developer/Xcode/DerivedData/ModuleCache.noindex -serialize-diagnostics -emit-dependencies -emit-module -emit-module-path /Users/arimendelow/Library/Developer/Xcode/DerivedData/Spoonjoy-adbsilixtyfhasewikyduwzxgckv/Build/Intermediates.noindex/SpoonjoyApple.build/BootstrapDebug/SpoonjoyCore.build/Objects-normal/arm64/SpoonjoyCore.swiftmodule -validate-clang-modules-once -clang-build-session-file /Users/arimendelow/Library/Developer/Xcode/DerivedData/ModuleCache.noindex/Session.modulevalidation -package-name spoonjoy_apple -Xcc -I/Users/arimendelow/Library/Developer/Xcode/DerivedData/Spoonjoy-adbsilixtyfhasewikyduwzxgckv/Build/Intermediates.noindex/SpoonjoyApple.build/BootstrapDebug/SpoonjoyCore.build/swift-overrides.hmap -emit-const-values -Xfrontend -const-gather-protocols-file -Xfrontend /Users/arimendelow/Library/Developer/Xcode/DerivedData/Spoonjoy-adbsilixtyfhasewikyduwzxgckv/Build/Intermediates.noindex/SpoonjoyApple.build/BootstrapDebug/SpoonjoyCore.build/Objects-normal/arm64/SpoonjoyCore_const_extract_protocols.json -Xcc -I/Users/arimendelow/Library/Developer/Xcode/DerivedData/Spoonjoy-adbsilixtyfhasewikyduwzxgckv/Build/Products/BootstrapDebug/include -Xcc -I/Users/arimendelow/Library/Developer/Xcode/DerivedData/Spoonjoy-adbsilixtyfhasewikyduwzxgckv/Build/Intermediates.noindex/SpoonjoyApple.build/BootstrapDebug/SpoonjoyCore.build/DerivedSources-normal/arm64 -Xcc -I/Users/arimendelow/Library/Developer/Xcode/DerivedData/Spoonjoy-adbsilixtyfhasewikyduwzxgckv/Build/Intermediates.noindex/SpoonjoyApple.build/BootstrapDebug/SpoonjoyCore.build/DerivedSources/arm64 -Xcc -I/Users/arimendelow/Library/Developer/Xcode/DerivedData/Spoonjoy-adbsilixtyfhasewikyduwzxgckv/Build/Intermediates.noindex/SpoonjoyApple.build/BootstrapDebug/SpoonjoyCore.build/DerivedSources -Xcc -DSWIFT_PACKAGE -Xcc -DDEBUG\=1 -emit-objc-header -emit-objc-header-path /Users/arimendelow/Library/Developer/Xcode/DerivedData/Spoonjoy-adbsilixtyfhasewikyduwzxgckv/Build/Intermediates.noindex/SpoonjoyApple.build/BootstrapDebug/SpoonjoyCore.build/Objects-normal/arm64/SpoonjoyCore-Swift.h -working-directory /Users/arimendelow/Projects/spoonjoy-apple/Spoonjoy.xcodeproj -experimental-emit-module-separately -disable-cmo

SwiftCompile normal x86_64 Compiling\ NativeDurableCache.swift /Users/arimendelow/Projects/spoonjoy-apple/Sources/SpoonjoyCore/Cache/NativeDurableCache.swift (in target 'SpoonjoyCore' from project 'SpoonjoyApple')

SwiftCompile normal x86_64 /Users/arimendelow/Projects/spoonjoy-apple/Sources/SpoonjoyCore/Cache/NativeDurableCache.swift (in target 'SpoonjoyCore' from project 'SpoonjoyApple')
    cd /Users/arimendelow/Projects/spoonjoy-apple/Spoonjoy.xcodeproj
    

Copy /Users/arimendelow/Library/Developer/Xcode/DerivedData/Spoonjoy-adbsilixtyfhasewikyduwzxgckv/Build/Products/BootstrapDebug/SpoonjoyCore.swiftmodule/arm64-apple-macos.abi.json /Users/arimendelow/Library/Developer/Xcode/DerivedData/Spoonjoy-adbsilixtyfhasewikyduwzxgckv/Build/Intermediates.noindex/SpoonjoyApple.build/BootstrapDebug/SpoonjoyCore.build/Objects-normal/arm64/SpoonjoyCore.abi.json (in target 'SpoonjoyCore' from project 'SpoonjoyApple')
    cd /Users/arimendelow/Projects/spoonjoy-apple
    builtin-copy -exclude .DS_Store -exclude CVS -exclude .svn -exclude .git -exclude .hg -resolve-src-symlinks -rename /Users/arimendelow/Library/Developer/Xcode/DerivedData/Spoonjoy-adbsilixtyfhasewikyduwzxgckv/Build/Intermediates.noindex/SpoonjoyApple.build/BootstrapDebug/SpoonjoyCore.build/Objects-normal/arm64/SpoonjoyCore.abi.json /Users/arimendelow/Library/Developer/Xcode/DerivedData/Spoonjoy-adbsilixtyfhasewikyduwzxgckv/Build/Products/BootstrapDebug/SpoonjoyCore.swiftmodule/arm64-apple-macos.abi.json

SwiftDriverJobDiscovery normal arm64 Compiling NativeAppSnapshot.swift (in target 'SpoonjoyCore' from project 'SpoonjoyApple')

SwiftCompile normal x86_64 Compiling\ SpotlightIndexPlan.swift /Users/arimendelow/Projects/spoonjoy-apple/Sources/SpoonjoyCore/Native/SpotlightIndexPlan.swift (in target 'SpoonjoyCore' from project 'SpoonjoyApple')

SwiftCompile normal x86_64 /Users/arimendelow/Projects/spoonjoy-apple/Sources/SpoonjoyCore/Native/SpotlightIndexPlan.swift (in target 'SpoonjoyCore' from project 'SpoonjoyApple')
    cd /Users/arimendelow/Projects/spoonjoy-apple/Spoonjoy.xcodeproj
    

SwiftDriverJobDiscovery normal x86_64 Emitting module for SpoonjoyCore (in target 'SpoonjoyCore' from project 'SpoonjoyApple')

SwiftDriver\ Compilation\ Requirements SpoonjoyCore normal x86_64 com.apple.xcode.tools.swift.compiler (in target 'SpoonjoyCore' from project 'SpoonjoyApple')
    cd /Users/arimendelow/Projects/spoonjoy-apple/Spoonjoy.xcodeproj
    builtin-Swift-Compilation-Requirements -- /Applications/Xcode.app/Contents/Developer/Toolchains/XcodeDefault.xctoolchain/usr/bin/swiftc -module-name SpoonjoyCore -Onone @/Users/arimendelow/Library/Developer/Xcode/DerivedData/Spoonjoy-adbsilixtyfhasewikyduwzxgckv/Build/Intermediates.noindex/SpoonjoyApple.build/BootstrapDebug/SpoonjoyCore.build/Objects-normal/x86_64/SpoonjoyCore.SwiftFileList -DSWIFT_PACKAGE -DDEBUG -DSWIFT_MODULE_RESOURCE_BUNDLE_AVAILABLE -DXcode -plugin-path /Applications/Xcode.app/Contents/Developer/Toolchains/XcodeDefault.xctoolchain/usr/lib/swift/host/plugins/testing -enable-experimental-feature DebugDescriptionMacro -sdk /Applications/Xcode.app/Contents/Developer/Platforms/MacOSX.platform/Developer/SDKs/MacOSX26.5.sdk -target x86_64-apple-macos26.0 -g -module-cache-path /Users/arimendelow/Library/Developer/Xcode/DerivedData/ModuleCache.noindex -Xfrontend -serialize-debugging-options -enable-testing -suppress-warnings -index-store-path /Users/arimendelow/Library/Developer/Xcode/DerivedData/Spoonjoy-adbsilixtyfhasewikyduwzxgckv/Index.noindex/DataStore -Xcc -D_LIBCPP_HARDENING_MODE\=_LIBCPP_HARDENING_MODE_DEBUG -swift-version 6 -I /Users/arimendelow/Library/Developer/Xcode/DerivedData/Spoonjoy-adbsilixtyfhasewikyduwzxgckv/Build/Products/BootstrapDebug -Isystem /Applications/Xcode.app/Contents/Developer/Platforms/MacOSX.platform/Developer/usr/lib -F /Users/arimendelow/Library/Developer/Xcode/DerivedData/Spoonjoy-adbsilixtyfhasewikyduwzxgckv/Build/Products/BootstrapDebug -F /Applications/Xcode.app/Contents/Developer/Platforms/MacOSX.platform/Developer/Library/Frameworks -c -j10 -enable-batch-mode -incremental -Xcc -ivfsstatcache -Xcc /Users/arimendelow/Library/Developer/Xcode/DerivedData/SDKStatCaches.noindex/macosx26.5-25F70-e082c4a02f00227109f4ed75e425c832.sdkstatcache -output-file-map /Users/arimendelow/Library/Developer/Xcode/DerivedData/Spoonjoy-adbsilixtyfhasewikyduwzxgckv/Build/Intermediates.noindex/SpoonjoyApple.build/BootstrapDebug/SpoonjoyCore.build/Objects-normal/x86_64/SpoonjoyCore-OutputFileMap.json -use-frontend-parseable-output -save-temps -no-color-diagnostics -explicit-module-build -module-cache-path /Users/arimendelow/Library/Developer/Xcode/DerivedData/Spoonjoy-adbsilixtyfhasewikyduwzxgckv/Build/Intermediates.noindex/SwiftExplicitPrecompiledModules -clang-scanner-module-cache-path /Users/arimendelow/Library/Developer/Xcode/DerivedData/ModuleCache.noindex -sdk-module-cache-path /Users/arimendelow/Library/Developer/Xcode/DerivedData/ModuleCache.noindex -serialize-diagnostics -emit-dependencies -emit-module -emit-module-path /Users/arimendelow/Library/Developer/Xcode/DerivedData/Spoonjoy-adbsilixtyfhasewikyduwzxgckv/Build/Intermediates.noindex/SpoonjoyApple.build/BootstrapDebug/SpoonjoyCore.build/Objects-normal/x86_64/SpoonjoyCore.swiftmodule -validate-clang-modules-once -clang-build-session-file /Users/arimendelow/Library/Developer/Xcode/DerivedData/ModuleCache.noindex/Session.modulevalidation -package-name spoonjoy_apple -Xcc -I/Users/arimendelow/Library/Developer/Xcode/DerivedData/Spoonjoy-adbsilixtyfhasewikyduwzxgckv/Build/Intermediates.noindex/SpoonjoyApple.build/BootstrapDebug/SpoonjoyCore.build/swift-overrides.hmap -emit-const-values -Xfrontend -const-gather-protocols-file -Xfrontend /Users/arimendelow/Library/Developer/Xcode/DerivedData/Spoonjoy-adbsilixtyfhasewikyduwzxgckv/Build/Intermediates.noindex/SpoonjoyApple.build/BootstrapDebug/SpoonjoyCore.build/Objects-normal/x86_64/SpoonjoyCore_const_extract_protocols.json -Xcc -I/Users/arimendelow/Library/Developer/Xcode/DerivedData/Spoonjoy-adbsilixtyfhasewikyduwzxgckv/Build/Products/BootstrapDebug/include -Xcc -I/Users/arimendelow/Library/Developer/Xcode/DerivedData/Spoonjoy-adbsilixtyfhasewikyduwzxgckv/Build/Intermediates.noindex/SpoonjoyApple.build/BootstrapDebug/SpoonjoyCore.build/DerivedSources-normal/x86_64 -Xcc -I/Users/arimendelow/Library/Developer/Xcode/DerivedData/Spoonjoy-adbsilixtyfhasewikyduwzxgckv/Build/Intermediates.noindex/SpoonjoyApple.build/BootstrapDebug/SpoonjoyCore.build/DerivedSources/x86_64 -Xcc -I/Users/arimendelow/Library/Developer/Xcode/DerivedData/Spoonjoy-adbsilixtyfhasewikyduwzxgckv/Build/Intermediates.noindex/SpoonjoyApple.build/BootstrapDebug/SpoonjoyCore.build/DerivedSources -Xcc -DSWIFT_PACKAGE -Xcc -DDEBUG\=1 -emit-objc-header -emit-objc-header-path /Users/arimendelow/Library/Developer/Xcode/DerivedData/Spoonjoy-adbsilixtyfhasewikyduwzxgckv/Build/Intermediates.noindex/SpoonjoyApple.build/BootstrapDebug/SpoonjoyCore.build/Objects-normal/x86_64/SpoonjoyCore-Swift.h -working-directory /Users/arimendelow/Projects/spoonjoy-apple/Spoonjoy.xcodeproj -experimental-emit-module-separately -disable-cmo

SwiftDriverJobDiscovery normal arm64 Compiling ScreenViewModels.swift (in target 'SpoonjoyCore' from project 'SpoonjoyApple')

Copy /Users/arimendelow/Library/Developer/Xcode/DerivedData/Spoonjoy-adbsilixtyfhasewikyduwzxgckv/Build/Products/BootstrapDebug/SpoonjoyCore.swiftmodule/arm64-apple-macos.swiftmodule /Users/arimendelow/Library/Developer/Xcode/DerivedData/Spoonjoy-adbsilixtyfhasewikyduwzxgckv/Build/Intermediates.noindex/SpoonjoyApple.build/BootstrapDebug/SpoonjoyCore.build/Objects-normal/arm64/SpoonjoyCore.swiftmodule (in target 'SpoonjoyCore' from project 'SpoonjoyApple')
    cd /Users/arimendelow/Projects/spoonjoy-apple
    builtin-copy -exclude .DS_Store -exclude CVS -exclude .svn -exclude .git -exclude .hg -resolve-src-symlinks -rename /Users/arimendelow/Library/Developer/Xcode/DerivedData/Spoonjoy-adbsilixtyfhasewikyduwzxgckv/Build/Intermediates.noindex/SpoonjoyApple.build/BootstrapDebug/SpoonjoyCore.build/Objects-normal/arm64/SpoonjoyCore.swiftmodule /Users/arimendelow/Library/Developer/Xcode/DerivedData/Spoonjoy-adbsilixtyfhasewikyduwzxgckv/Build/Products/BootstrapDebug/SpoonjoyCore.swiftmodule/arm64-apple-macos.swiftmodule

Copy /Users/arimendelow/Library/Developer/Xcode/DerivedData/Spoonjoy-adbsilixtyfhasewikyduwzxgckv/Build/Products/BootstrapDebug/SpoonjoyCore.swiftmodule/x86_64-apple-macos.swiftmodule /Users/arimendelow/Library/Developer/Xcode/DerivedData/Spoonjoy-adbsilixtyfhasewikyduwzxgckv/Build/Intermediates.noindex/SpoonjoyApple.build/BootstrapDebug/SpoonjoyCore.build/Objects-normal/x86_64/SpoonjoyCore.swiftmodule (in target 'SpoonjoyCore' from project 'SpoonjoyApple')
    cd /Users/arimendelow/Projects/spoonjoy-apple
    builtin-copy -exclude .DS_Store -exclude CVS -exclude .svn -exclude .git -exclude .hg -resolve-src-symlinks -rename /Users/arimendelow/Library/Developer/Xcode/DerivedData/Spoonjoy-adbsilixtyfhasewikyduwzxgckv/Build/Intermediates.noindex/SpoonjoyApple.build/BootstrapDebug/SpoonjoyCore.build/Objects-normal/x86_64/SpoonjoyCore.swiftmodule /Users/arimendelow/Library/Developer/Xcode/DerivedData/Spoonjoy-adbsilixtyfhasewikyduwzxgckv/Build/Products/BootstrapDebug/SpoonjoyCore.swiftmodule/x86_64-apple-macos.swiftmodule

Copy /Users/arimendelow/Library/Developer/Xcode/DerivedData/Spoonjoy-adbsilixtyfhasewikyduwzxgckv/Build/Products/BootstrapDebug/SpoonjoyCore.swiftmodule/x86_64-apple-macos.abi.json /Users/arimendelow/Library/Developer/Xcode/DerivedData/Spoonjoy-adbsilixtyfhasewikyduwzxgckv/Build/Intermediates.noindex/SpoonjoyApple.build/BootstrapDebug/SpoonjoyCore.build/Objects-normal/x86_64/SpoonjoyCore.abi.json (in target 'SpoonjoyCore' from project 'SpoonjoyApple')
    cd /Users/arimendelow/Projects/spoonjoy-apple
    builtin-copy -exclude .DS_Store -exclude CVS -exclude .svn -exclude .git -exclude .hg -resolve-src-symlinks -rename /Users/arimendelow/Library/Developer/Xcode/DerivedData/Spoonjoy-adbsilixtyfhasewikyduwzxgckv/Build/Intermediates.noindex/SpoonjoyApple.build/BootstrapDebug/SpoonjoyCore.build/Objects-normal/x86_64/SpoonjoyCore.abi.json /Users/arimendelow/Library/Developer/Xcode/DerivedData/Spoonjoy-adbsilixtyfhasewikyduwzxgckv/Build/Products/BootstrapDebug/SpoonjoyCore.swiftmodule/x86_64-apple-macos.abi.json

Copy /Users/arimendelow/Library/Developer/Xcode/DerivedData/Spoonjoy-adbsilixtyfhasewikyduwzxgckv/Build/Products/BootstrapDebug/SpoonjoyCore.swiftmodule/Project/x86_64-apple-macos.swiftsourceinfo /Users/arimendelow/Library/Developer/Xcode/DerivedData/Spoonjoy-adbsilixtyfhasewikyduwzxgckv/Build/Intermediates.noindex/SpoonjoyApple.build/BootstrapDebug/SpoonjoyCore.build/Objects-normal/x86_64/SpoonjoyCore.swiftsourceinfo (in target 'SpoonjoyCore' from project 'SpoonjoyApple')
    cd /Users/arimendelow/Projects/spoonjoy-apple
    builtin-copy -exclude .DS_Store -exclude CVS -exclude .svn -exclude .git -exclude .hg -resolve-src-symlinks -rename /Users/arimendelow/Library/Developer/Xcode/DerivedData/Spoonjoy-adbsilixtyfhasewikyduwzxgckv/Build/Intermediates.noindex/SpoonjoyApple.build/BootstrapDebug/SpoonjoyCore.build/Objects-normal/x86_64/SpoonjoyCore.swiftsourceinfo /Users/arimendelow/Library/Developer/Xcode/DerivedData/Spoonjoy-adbsilixtyfhasewikyduwzxgckv/Build/Products/BootstrapDebug/SpoonjoyCore.swiftmodule/Project/x86_64-apple-macos.swiftsourceinfo

Copy /Users/arimendelow/Library/Developer/Xcode/DerivedData/Spoonjoy-adbsilixtyfhasewikyduwzxgckv/Build/Products/BootstrapDebug/SpoonjoyCore.swiftmodule/Project/arm64-apple-macos.swiftsourceinfo /Users/arimendelow/Library/Developer/Xcode/DerivedData/Spoonjoy-adbsilixtyfhasewikyduwzxgckv/Build/Intermediates.noindex/SpoonjoyApple.build/BootstrapDebug/SpoonjoyCore.build/Objects-normal/arm64/SpoonjoyCore.swiftsourceinfo (in target 'SpoonjoyCore' from project 'SpoonjoyApple')
    cd /Users/arimendelow/Projects/spoonjoy-apple
    builtin-copy -exclude .DS_Store -exclude CVS -exclude .svn -exclude .git -exclude .hg -resolve-src-symlinks -rename /Users/arimendelow/Library/Developer/Xcode/DerivedData/Spoonjoy-adbsilixtyfhasewikyduwzxgckv/Build/Intermediates.noindex/SpoonjoyApple.build/BootstrapDebug/SpoonjoyCore.build/Objects-normal/arm64/SpoonjoyCore.swiftsourceinfo /Users/arimendelow/Library/Developer/Xcode/DerivedData/Spoonjoy-adbsilixtyfhasewikyduwzxgckv/Build/Products/BootstrapDebug/SpoonjoyCore.swiftmodule/Project/arm64-apple-macos.swiftsourceinfo

SwiftCompile normal x86_64 Compiling\ ScreenViewModels.swift /Users/arimendelow/Projects/spoonjoy-apple/Sources/SpoonjoyCore/AppState/ScreenViewModels.swift (in target 'SpoonjoyCore' from project 'SpoonjoyApple')

SwiftCompile normal x86_64 /Users/arimendelow/Projects/spoonjoy-apple/Sources/SpoonjoyCore/AppState/ScreenViewModels.swift (in target 'SpoonjoyCore' from project 'SpoonjoyApple')
    cd /Users/arimendelow/Projects/spoonjoy-apple/Spoonjoy.xcodeproj
    

SwiftCompile normal arm64 Compiling\ NativeDurableCache.swift /Users/arimendelow/Projects/spoonjoy-apple/Sources/SpoonjoyCore/Cache/NativeDurableCache.swift (in target 'SpoonjoyCore' from project 'SpoonjoyApple')

SwiftCompile normal arm64 /Users/arimendelow/Projects/spoonjoy-apple/Sources/SpoonjoyCore/Cache/NativeDurableCache.swift (in target 'SpoonjoyCore' from project 'SpoonjoyApple')
    cd /Users/arimendelow/Projects/spoonjoy-apple/Spoonjoy.xcodeproj
    

SwiftDriverJobDiscovery normal x86_64 Compiling NativeAppSnapshot.swift (in target 'SpoonjoyCore' from project 'SpoonjoyApple')

SwiftDriver Spoonjoy\ macOS normal arm64 com.apple.xcode.tools.swift.compiler (in target 'Spoonjoy macOS' from project 'Spoonjoy')
    cd /Users/arimendelow/Projects/spoonjoy-apple
    builtin-SwiftDriver -- /Applications/Xcode.app/Contents/Developer/Toolchains/XcodeDefault.xctoolchain/usr/bin/swiftc -module-name Spoonjoy -Onone @/Users/arimendelow/Library/Developer/Xcode/DerivedData/Spoonjoy-adbsilixtyfhasewikyduwzxgckv/Build/Intermediates.noindex/Spoonjoy.build/BootstrapDebug/Spoonjoy\ macOS.build/Objects-normal/arm64/Spoonjoy.SwiftFileList -DDEBUG -enable-experimental-feature DebugDescriptionMacro -sdk /Applications/Xcode.app/Contents/Developer/Platforms/MacOSX.platform/Developer/SDKs/MacOSX26.5.sdk -target arm64-apple-macos26.2 -g -module-cache-path /Users/arimendelow/Library/Developer/Xcode/DerivedData/ModuleCache.noindex -Xfrontend -serialize-debugging-options -enable-testing -warnings-as-errors -index-store-path /Users/arimendelow/Library/Developer/Xcode/DerivedData/Spoonjoy-adbsilixtyfhasewikyduwzxgckv/Index.noindex/DataStore -Xcc -D_LIBCPP_HARDENING_MODE\=_LIBCPP_HARDENING_MODE_DEBUG -swift-version 6 -I /Users/arimendelow/Library/Developer/Xcode/DerivedData/Spoonjoy-adbsilixtyfhasewikyduwzxgckv/Build/Products/BootstrapDebug -F /Users/arimendelow/Library/Developer/Xcode/DerivedData/Spoonjoy-adbsilixtyfhasewikyduwzxgckv/Build/Products/BootstrapDebug/PackageFrameworks -F /Users/arimendelow/Library/Developer/Xcode/DerivedData/Spoonjoy-adbsilixtyfhasewikyduwzxgckv/Build/Products/BootstrapDebug -c -j10 -enable-batch-mode -incremental -Xcc -ivfsstatcache -Xcc /Users/arimendelow/Library/Developer/Xcode/DerivedData/SDKStatCaches.noindex/macosx26.5-25F70-e082c4a02f00227109f4ed75e425c832.sdkstatcache -output-file-map /Users/arimendelow/Library/Developer/Xcode/DerivedData/Spoonjoy-adbsilixtyfhasewikyduwzxgckv/Build/Intermediates.noindex/Spoonjoy.build/BootstrapDebug/Spoonjoy\ macOS.build/Objects-normal/arm64/Spoonjoy\ macOS-OutputFileMap.json -use-frontend-parseable-output -save-temps -no-color-diagnostics -explicit-module-build -module-cache-path /Users/arimendelow/Library/Developer/Xcode/DerivedData/Spoonjoy-adbsilixtyfhasewikyduwzxgckv/Build/Intermediates.noindex/SwiftExplicitPrecompiledModules -clang-scanner-module-cache-path /Users/arimendelow/Library/Developer/Xcode/DerivedData/ModuleCache.noindex -sdk-module-cache-path /Users/arimendelow/Library/Developer/Xcode/DerivedData/ModuleCache.noindex -serialize-diagnostics -emit-dependencies -emit-module -emit-module-path /Users/arimendelow/Library/Developer/Xcode/DerivedData/Spoonjoy-adbsilixtyfhasewikyduwzxgckv/Build/Intermediates.noindex/Spoonjoy.build/BootstrapDebug/Spoonjoy\ macOS.build/Objects-normal/arm64/Spoonjoy.swiftmodule -validate-clang-modules-once -clang-build-session-file /Users/arimendelow/Library/Developer/Xcode/DerivedData/ModuleCache.noindex/Session.modulevalidation -Xcc -I/Users/arimendelow/Library/Developer/Xcode/DerivedData/Spoonjoy-adbsilixtyfhasewikyduwzxgckv/Build/Intermediates.noindex/Spoonjoy.build/BootstrapDebug/Spoonjoy\ macOS.build/swift-overrides.hmap -emit-const-values -Xfrontend -const-gather-protocols-file -Xfrontend /Users/arimendelow/Library/Developer/Xcode/DerivedData/Spoonjoy-adbsilixtyfhasewikyduwzxgckv/Build/Intermediates.noindex/Spoonjoy.build/BootstrapDebug/Spoonjoy\ macOS.build/Objects-normal/arm64/Spoonjoy\ macOS_const_extract_protocols.json -Xcc -iquote -Xcc /Users/arimendelow/Library/Developer/Xcode/DerivedData/Spoonjoy-adbsilixtyfhasewikyduwzxgckv/Build/Intermediates.noindex/Spoonjoy.build/BootstrapDebug/Spoonjoy\ macOS.build/Spoonjoy-generated-files.hmap -Xcc -I/Users/arimendelow/Library/Developer/Xcode/DerivedData/Spoonjoy-adbsilixtyfhasewikyduwzxgckv/Build/Intermediates.noindex/Spoonjoy.build/BootstrapDebug/Spoonjoy\ macOS.build/Spoonjoy-own-target-headers.hmap -Xcc -I/Users/arimendelow/Library/Developer/Xcode/DerivedData/Spoonjoy-adbsilixtyfhasewikyduwzxgckv/Build/Intermediates.noindex/Spoonjoy.build/BootstrapDebug/Spoonjoy\ macOS.build/Spoonjoy-all-non-framework-target-headers.hmap -Xcc -ivfsoverlay -Xcc /Users/arimendelow/Library/Developer/Xcode/DerivedData/Spoonjoy-adbsilixtyfhasewikyduwzxgckv/Build/Intermediates.noindex/Spoonjoy.build/BootstrapDebug/Spoonjoy-561e67053217bb880340d8fba8e33b11-VFS/all-product-headers.yaml -Xcc -iquote -Xcc /Users/arimendelow/Library/Developer/Xcode/DerivedData/Spoonjoy-adbsilixtyfhasewikyduwzxgckv/Build/Intermediates.noindex/Spoonjoy.build/BootstrapDebug/Spoonjoy\ macOS.build/Spoonjoy-project-headers.hmap -Xcc -I/Users/arimendelow/Library/Developer/Xcode/DerivedData/Spoonjoy-adbsilixtyfhasewikyduwzxgckv/Build/Products/BootstrapDebug/include -Xcc -I/Users/arimendelow/Library/Developer/Xcode/DerivedData/Spoonjoy-adbsilixtyfhasewikyduwzxgckv/Build/Intermediates.noindex/Spoonjoy.build/BootstrapDebug/Spoonjoy\ macOS.build/DerivedSources-normal/arm64 -Xcc -I/Users/arimendelow/Library/Developer/Xcode/DerivedData/Spoonjoy-adbsilixtyfhasewikyduwzxgckv/Build/Intermediates.noindex/Spoonjoy.build/BootstrapDebug/Spoonjoy\ macOS.build/DerivedSources/arm64 -Xcc -I/Users/arimendelow/Library/Developer/Xcode/DerivedData/Spoonjoy-adbsilixtyfhasewikyduwzxgckv/Build/Intermediates.noindex/Spoonjoy.build/BootstrapDebug/Spoonjoy\ macOS.build/DerivedSources -Xcc -DDEBUG\=1 -emit-objc-header -emit-objc-header-path /Users/arimendelow/Library/Developer/Xcode/DerivedData/Spoonjoy-adbsilixtyfhasewikyduwzxgckv/Build/Intermediates.noindex/Spoonjoy.build/BootstrapDebug/Spoonjoy\ macOS.build/Objects-normal/arm64/Spoonjoy-Swift.h -working-directory /Users/arimendelow/Projects/spoonjoy-apple -experimental-emit-module-separately -disable-cmo

SwiftDriverJobDiscovery normal x86_64 Compiling OfflineSnapshot.swift (in target 'SpoonjoyCore' from project 'SpoonjoyApple')

SwiftDriver Spoonjoy\ macOS normal x86_64 com.apple.xcode.tools.swift.compiler (in target 'Spoonjoy macOS' from project 'Spoonjoy')
    cd /Users/arimendelow/Projects/spoonjoy-apple
    builtin-SwiftDriver -- /Applications/Xcode.app/Contents/Developer/Toolchains/XcodeDefault.xctoolchain/usr/bin/swiftc -module-name Spoonjoy -Onone @/Users/arimendelow/Library/Developer/Xcode/DerivedData/Spoonjoy-adbsilixtyfhasewikyduwzxgckv/Build/Intermediates.noindex/Spoonjoy.build/BootstrapDebug/Spoonjoy\ macOS.build/Objects-normal/x86_64/Spoonjoy.SwiftFileList -DDEBUG -enable-experimental-feature DebugDescriptionMacro -sdk /Applications/Xcode.app/Contents/Developer/Platforms/MacOSX.platform/Developer/SDKs/MacOSX26.5.sdk -target x86_64-apple-macos26.2 -g -module-cache-path /Users/arimendelow/Library/Developer/Xcode/DerivedData/ModuleCache.noindex -Xfrontend -serialize-debugging-options -enable-testing -warnings-as-errors -index-store-path /Users/arimendelow/Library/Developer/Xcode/DerivedData/Spoonjoy-adbsilixtyfhasewikyduwzxgckv/Index.noindex/DataStore -Xcc -D_LIBCPP_HARDENING_MODE\=_LIBCPP_HARDENING_MODE_DEBUG -swift-version 6 -I /Users/arimendelow/Library/Developer/Xcode/DerivedData/Spoonjoy-adbsilixtyfhasewikyduwzxgckv/Build/Products/BootstrapDebug -F /Users/arimendelow/Library/Developer/Xcode/DerivedData/Spoonjoy-adbsilixtyfhasewikyduwzxgckv/Build/Products/BootstrapDebug/PackageFrameworks -F /Users/arimendelow/Library/Developer/Xcode/DerivedData/Spoonjoy-adbsilixtyfhasewikyduwzxgckv/Build/Products/BootstrapDebug -c -j10 -enable-batch-mode -incremental -Xcc -ivfsstatcache -Xcc /Users/arimendelow/Library/Developer/Xcode/DerivedData/SDKStatCaches.noindex/macosx26.5-25F70-e082c4a02f00227109f4ed75e425c832.sdkstatcache -output-file-map /Users/arimendelow/Library/Developer/Xcode/DerivedData/Spoonjoy-adbsilixtyfhasewikyduwzxgckv/Build/Intermediates.noindex/Spoonjoy.build/BootstrapDebug/Spoonjoy\ macOS.build/Objects-normal/x86_64/Spoonjoy\ macOS-OutputFileMap.json -use-frontend-parseable-output -save-temps -no-color-diagnostics -explicit-module-build -module-cache-path /Users/arimendelow/Library/Developer/Xcode/DerivedData/Spoonjoy-adbsilixtyfhasewikyduwzxgckv/Build/Intermediates.noindex/SwiftExplicitPrecompiledModules -clang-scanner-module-cache-path /Users/arimendelow/Library/Developer/Xcode/DerivedData/ModuleCache.noindex -sdk-module-cache-path /Users/arimendelow/Library/Developer/Xcode/DerivedData/ModuleCache.noindex -serialize-diagnostics -emit-dependencies -emit-module -emit-module-path /Users/arimendelow/Library/Developer/Xcode/DerivedData/Spoonjoy-adbsilixtyfhasewikyduwzxgckv/Build/Intermediates.noindex/Spoonjoy.build/BootstrapDebug/Spoonjoy\ macOS.build/Objects-normal/x86_64/Spoonjoy.swiftmodule -validate-clang-modules-once -clang-build-session-file /Users/arimendelow/Library/Developer/Xcode/DerivedData/ModuleCache.noindex/Session.modulevalidation -Xcc -I/Users/arimendelow/Library/Developer/Xcode/DerivedData/Spoonjoy-adbsilixtyfhasewikyduwzxgckv/Build/Intermediates.noindex/Spoonjoy.build/BootstrapDebug/Spoonjoy\ macOS.build/swift-overrides.hmap -emit-const-values -Xfrontend -const-gather-protocols-file -Xfrontend /Users/arimendelow/Library/Developer/Xcode/DerivedData/Spoonjoy-adbsilixtyfhasewikyduwzxgckv/Build/Intermediates.noindex/Spoonjoy.build/BootstrapDebug/Spoonjoy\ macOS.build/Objects-normal/x86_64/Spoonjoy\ macOS_const_extract_protocols.json -Xcc -iquote -Xcc /Users/arimendelow/Library/Developer/Xcode/DerivedData/Spoonjoy-adbsilixtyfhasewikyduwzxgckv/Build/Intermediates.noindex/Spoonjoy.build/BootstrapDebug/Spoonjoy\ macOS.build/Spoonjoy-generated-files.hmap -Xcc -I/Users/arimendelow/Library/Developer/Xcode/DerivedData/Spoonjoy-adbsilixtyfhasewikyduwzxgckv/Build/Intermediates.noindex/Spoonjoy.build/BootstrapDebug/Spoonjoy\ macOS.build/Spoonjoy-own-target-headers.hmap -Xcc -I/Users/arimendelow/Library/Developer/Xcode/DerivedData/Spoonjoy-adbsilixtyfhasewikyduwzxgckv/Build/Intermediates.noindex/Spoonjoy.build/BootstrapDebug/Spoonjoy\ macOS.build/Spoonjoy-all-non-framework-target-headers.hmap -Xcc -ivfsoverlay -Xcc /Users/arimendelow/Library/Developer/Xcode/DerivedData/Spoonjoy-adbsilixtyfhasewikyduwzxgckv/Build/Intermediates.noindex/Spoonjoy.build/BootstrapDebug/Spoonjoy-561e67053217bb880340d8fba8e33b11-VFS/all-product-headers.yaml -Xcc -iquote -Xcc /Users/arimendelow/Library/Developer/Xcode/DerivedData/Spoonjoy-adbsilixtyfhasewikyduwzxgckv/Build/Intermediates.noindex/Spoonjoy.build/BootstrapDebug/Spoonjoy\ macOS.build/Spoonjoy-project-headers.hmap -Xcc -I/Users/arimendelow/Library/Developer/Xcode/DerivedData/Spoonjoy-adbsilixtyfhasewikyduwzxgckv/Build/Products/BootstrapDebug/include -Xcc -I/Users/arimendelow/Library/Developer/Xcode/DerivedData/Spoonjoy-adbsilixtyfhasewikyduwzxgckv/Build/Intermediates.noindex/Spoonjoy.build/BootstrapDebug/Spoonjoy\ macOS.build/DerivedSources-normal/x86_64 -Xcc -I/Users/arimendelow/Library/Developer/Xcode/DerivedData/Spoonjoy-adbsilixtyfhasewikyduwzxgckv/Build/Intermediates.noindex/Spoonjoy.build/BootstrapDebug/Spoonjoy\ macOS.build/DerivedSources/x86_64 -Xcc -I/Users/arimendelow/Library/Developer/Xcode/DerivedData/Spoonjoy-adbsilixtyfhasewikyduwzxgckv/Build/Intermediates.noindex/Spoonjoy.build/BootstrapDebug/Spoonjoy\ macOS.build/DerivedSources -Xcc -DDEBUG\=1 -emit-objc-header -emit-objc-header-path /Users/arimendelow/Library/Developer/Xcode/DerivedData/Spoonjoy-adbsilixtyfhasewikyduwzxgckv/Build/Intermediates.noindex/Spoonjoy.build/BootstrapDebug/Spoonjoy\ macOS.build/Objects-normal/x86_64/Spoonjoy-Swift.h -working-directory /Users/arimendelow/Projects/spoonjoy-apple -experimental-emit-module-separately -disable-cmo

SwiftDriverJobDiscovery normal x86_64 Compiling SpotlightIndexPlan.swift (in target 'SpoonjoyCore' from project 'SpoonjoyApple')

SwiftCompile normal arm64 Compiling\ ShoppingListState.swift /Users/arimendelow/Projects/spoonjoy-apple/Sources/SpoonjoyCore/KitchenState/ShoppingListState.swift (in target 'SpoonjoyCore' from project 'SpoonjoyApple')

SwiftCompile normal arm64 /Users/arimendelow/Projects/spoonjoy-apple/Sources/SpoonjoyCore/KitchenState/ShoppingListState.swift (in target 'SpoonjoyCore' from project 'SpoonjoyApple')
    cd /Users/arimendelow/Projects/spoonjoy-apple/Spoonjoy.xcodeproj
    

SwiftDriverJobDiscovery normal arm64 Compiling NativeLiveAppStore.swift (in target 'SpoonjoyCore' from project 'SpoonjoyApple')

SwiftDriverJobDiscovery normal x86_64 Compiling NativeLiveAppStore.swift (in target 'SpoonjoyCore' from project 'SpoonjoyApple')

SwiftDriverJobDiscovery normal x86_64 Compiling ShoppingListState.swift (in target 'SpoonjoyCore' from project 'SpoonjoyApple')

SwiftDriverJobDiscovery normal x86_64 Compiling ScreenViewModels.swift (in target 'SpoonjoyCore' from project 'SpoonjoyApple')

SwiftDriverJobDiscovery normal arm64 Compiling ShoppingListState.swift (in target 'SpoonjoyCore' from project 'SpoonjoyApple')

SwiftDriverJobDiscovery normal x86_64 Compiling NativeDurableCache.swift (in target 'SpoonjoyCore' from project 'SpoonjoyApple')

SwiftCompile normal x86_64 Compiling\ SignedOutSetupView.swift,\ SpoonjoyAppIntents.swift /Users/arimendelow/Projects/spoonjoy-apple/Apps/Spoonjoy/Shared/AppShell/SignedOutSetupView.swift /Users/arimendelow/Projects/spoonjoy-apple/Apps/Spoonjoy/Shared/Native/SpoonjoyAppIntents.swift (in target 'Spoonjoy macOS' from project 'Spoonjoy')

SwiftCompile normal x86_64 /Users/arimendelow/Projects/spoonjoy-apple/Apps/Spoonjoy/Shared/AppShell/SignedOutSetupView.swift (in target 'Spoonjoy macOS' from project 'Spoonjoy')
    cd /Users/arimendelow/Projects/spoonjoy-apple
    

SwiftCompile normal x86_64 /Users/arimendelow/Projects/spoonjoy-apple/Apps/Spoonjoy/Shared/Native/SpoonjoyAppIntents.swift (in target 'Spoonjoy macOS' from project 'Spoonjoy')
    cd /Users/arimendelow/Projects/spoonjoy-apple
    

SwiftCompile normal arm64 Compiling\ SpoonjoyWebAuthenticationSession.swift,\ GeneratedAssetSymbols.swift /Users/arimendelow/Projects/spoonjoy-apple/Apps/Spoonjoy/Shared/Auth/SpoonjoyWebAuthenticationSession.swift /Users/arimendelow/Library/Developer/Xcode/DerivedData/Spoonjoy-adbsilixtyfhasewikyduwzxgckv/Build/Intermediates.noindex/Spoonjoy.build/BootstrapDebug/Spoonjoy\ macOS.build/DerivedSources/GeneratedAssetSymbols.swift (in target 'Spoonjoy macOS' from project 'Spoonjoy')

SwiftCompile normal arm64 /Users/arimendelow/Projects/spoonjoy-apple/Apps/Spoonjoy/Shared/Auth/SpoonjoyWebAuthenticationSession.swift (in target 'Spoonjoy macOS' from project 'Spoonjoy')
    cd /Users/arimendelow/Projects/spoonjoy-apple
    

SwiftCompile normal arm64 /Users/arimendelow/Library/Developer/Xcode/DerivedData/Spoonjoy-adbsilixtyfhasewikyduwzxgckv/Build/Intermediates.noindex/Spoonjoy.build/BootstrapDebug/Spoonjoy\ macOS.build/DerivedSources/GeneratedAssetSymbols.swift (in target 'Spoonjoy macOS' from project 'Spoonjoy')
    cd /Users/arimendelow/Projects/spoonjoy-apple
    

SwiftCompile normal arm64 Compiling\ SpoonjoyMacApp.swift,\ SpoonjoyRootView.swift /Users/arimendelow/Projects/spoonjoy-apple/Apps/Spoonjoy/macOS/SpoonjoyMacApp.swift /Users/arimendelow/Projects/spoonjoy-apple/Apps/Spoonjoy/Shared/AppShell/SpoonjoyRootView.swift (in target 'Spoonjoy macOS' from project 'Spoonjoy')

SwiftCompile normal arm64 /Users/arimendelow/Projects/spoonjoy-apple/Apps/Spoonjoy/macOS/SpoonjoyMacApp.swift (in target 'Spoonjoy macOS' from project 'Spoonjoy')
    cd /Users/arimendelow/Projects/spoonjoy-apple
    

SwiftCompile normal arm64 /Users/arimendelow/Projects/spoonjoy-apple/Apps/Spoonjoy/Shared/AppShell/SpoonjoyRootView.swift (in target 'Spoonjoy macOS' from project 'Spoonjoy')
    cd /Users/arimendelow/Projects/spoonjoy-apple
    

SwiftEmitModule normal x86_64 Emitting\ module\ for\ Spoonjoy (in target 'Spoonjoy macOS' from project 'Spoonjoy')

EmitSwiftModule normal x86_64 (in target 'Spoonjoy macOS' from project 'Spoonjoy')
    cd /Users/arimendelow/Projects/spoonjoy-apple
    

SwiftCompile normal x86_64 Compiling\ SearchView.swift,\ SettingsView.swift /Users/arimendelow/Projects/spoonjoy-apple/Apps/Spoonjoy/Shared/Views/SearchView.swift /Users/arimendelow/Projects/spoonjoy-apple/Apps/Spoonjoy/Shared/Views/SettingsView.swift (in target 'Spoonjoy macOS' from project 'Spoonjoy')

SwiftCompile normal x86_64 /Users/arimendelow/Projects/spoonjoy-apple/Apps/Spoonjoy/Shared/Views/SearchView.swift (in target 'Spoonjoy macOS' from project 'Spoonjoy')
    cd /Users/arimendelow/Projects/spoonjoy-apple
    

SwiftCompile normal x86_64 /Users/arimendelow/Projects/spoonjoy-apple/Apps/Spoonjoy/Shared/Views/SettingsView.swift (in target 'Spoonjoy macOS' from project 'Spoonjoy')
    cd /Users/arimendelow/Projects/spoonjoy-apple
    

SwiftEmitModule normal arm64 Emitting\ module\ for\ Spoonjoy (in target 'Spoonjoy macOS' from project 'Spoonjoy')

EmitSwiftModule normal arm64 (in target 'Spoonjoy macOS' from project 'Spoonjoy')
    cd /Users/arimendelow/Projects/spoonjoy-apple
    

SwiftCompile normal arm64 Compiling\ ShareActions.swift,\ ShoppingListView.swift /Users/arimendelow/Projects/spoonjoy-apple/Apps/Spoonjoy/Shared/AppShell/ShareActions.swift /Users/arimendelow/Projects/spoonjoy-apple/Apps/Spoonjoy/Shared/Views/ShoppingListView.swift (in target 'Spoonjoy macOS' from project 'Spoonjoy')
Failed frontend command:
/Applications/Xcode.app/Contents/Developer/Toolchains/XcodeDefault.xctoolchain/usr/bin/swift-frontend -frontend -c /Users/arimendelow/Projects/spoonjoy-apple/Apps/Spoonjoy/Shared/Views/CaptureDraftView.swift /Users/arimendelow/Projects/spoonjoy-apple/Apps/Spoonjoy/Shared/Views/CookbooksView.swift /Users/arimendelow/Projects/spoonjoy-apple/Apps/Spoonjoy/Shared/Views/CookModeView.swift /Users/arimendelow/Projects/spoonjoy-apple/Apps/Spoonjoy/Shared/Components/KitchenSafeControls.swift /Users/arimendelow/Projects/spoonjoy-apple/Apps/Spoonjoy/Shared/Design/KitchenTableTheme.swift /Users/arimendelow/Projects/spoonjoy-apple/Apps/Spoonjoy/Shared/Views/KitchenView.swift /Users/arimendelow/Projects/spoonjoy-apple/Apps/Spoonjoy/Shared/Components/OfflineStatusView.swift /Users/arimendelow/Projects/spoonjoy-apple/Apps/Spoonjoy/Shared/AppShell/PlatformNavigationView.swift /Users/arimendelow/Projects/spoonjoy-apple/Apps/Spoonjoy/Shared/Components/ReceiptListView.swift /Users/arimendelow/Projects/spoonjoy-apple/Apps/Spoonjoy/Shared/Components/RecipeCoverImage.swift /Users/arimendelow/Projects/spoonjoy-apple/Apps/Spoonjoy/Shared/Views/RecipeDetailView.swift /Users/arimendelow/Projects/spoonjoy-apple/Apps/Spoonjoy/Shared/Views/RecipeEditorView.swift /Users/arimendelow/Projects/spoonjoy-apple/Apps/Spoonjoy/Shared/Views/RecipesView.swift /Users/arimendelow/Projects/spoonjoy-apple/Apps/Spoonjoy/Shared/Views/SearchView.swift /Users/arimendelow/Projects/spoonjoy-apple/Apps/Spoonjoy/Shared/Views/SettingsView.swift -primary-file /Users/arimendelow/Projects/spoonjoy-apple/Apps/Spoonjoy/Shared/AppShell/ShareActions.swift -primary-file /Users/arimendelow/Projects/spoonjoy-apple/Apps/Spoonjoy/Shared/Views/ShoppingListView.swift /Users/arimendelow/Projects/spoonjoy-apple/Apps/Spoonjoy/Shared/AppShell/SignedOutSetupView.swift /Users/arimendelow/Projects/spoonjoy-apple/Apps/Spoonjoy/Shared/SpoonjoyApp.swift /Users/arimendelow/Projects/spoonjoy-apple/Apps/Spoonjoy/Shared/Native/SpoonjoyAppIntents.swift /Users/arimendelow/Projects/spoonjoy-apple/Apps/Spoonjoy/macOS/SpoonjoyMacApp.swift /Users/arimendelow/Projects/spoonjoy-apple/Apps/Spoonjoy/Shared/AppShell/SpoonjoyRootView.swift /Users/arimendelow/Projects/spoonjoy-apple/Apps/Spoonjoy/Shared/Native/SpoonjoySpotlightIndexer.swift /Users/arimendelow/Projects/spoonjoy-apple/Apps/Spoonjoy/Shared/AppShell/SpoonjoyToolbar.swift /Users/arimendelow/Projects/spoonjoy-apple/Apps/Spoonjoy/Shared/Auth/SpoonjoyWebAuthenticationSession.swift /Users/arimendelow/Library/Developer/Xcode/DerivedData/Spoonjoy-adbsilixtyfhasewikyduwzxgckv/Build/Intermediates.noindex/Spoonjoy.build/BootstrapDebug/Spoonjoy\ macOS.build/DerivedSources/GeneratedAssetSymbols.swift -emit-dependencies-path /Users/arimendelow/Library/Developer/Xcode/DerivedData/Spoonjoy-adbsilixtyfhasewikyduwzxgckv/Build/Intermediates.noindex/Spoonjoy.build/BootstrapDebug/Spoonjoy\ macOS.build/Objects-normal/arm64/ShareActions.d -emit-const-values-path /Users/arimendelow/Library/Developer/Xcode/DerivedData/Spoonjoy-adbsilixtyfhasewikyduwzxgckv/Build/Intermediates.noindex/Spoonjoy.build/BootstrapDebug/Spoonjoy\ macOS.build/Objects-normal/arm64/ShareActions.swiftconstvalues -emit-reference-dependencies-path /Users/arimendelow/Library/Developer/Xcode/DerivedData/Spoonjoy-adbsilixtyfhasewikyduwzxgckv/Build/Intermediates.noindex/Spoonjoy.build/BootstrapDebug/Spoonjoy\ macOS.build/Objects-normal/arm64/ShareActions.swiftdeps -serialize-diagnostics-path /Users/arimendelow/Library/Developer/Xcode/DerivedData/Spoonjoy-adbsilixtyfhasewikyduwzxgckv/Build/Intermediates.noindex/Spoonjoy.build/BootstrapDebug/Spoonjoy\ macOS.build/Objects-normal/arm64/ShareActions.dia -emit-dependencies-path /Users/arimendelow/Library/Developer/Xcode/DerivedData/Spoonjoy-adbsilixtyfhasewikyduwzxgckv/Build/Intermediates.noindex/Spoonjoy.build/BootstrapDebug/Spoonjoy\ macOS.build/Objects-normal/arm64/ShoppingListView.d -emit-const-values-path /Users/arimendelow/Library/Developer/Xcode/DerivedData/Spoonjoy-adbsilixtyfhasewikyduwzxgckv/Build/Intermediates.noindex/Spoonjoy.build/BootstrapDebug/Spoonjoy\ macOS.build/Objects-normal/arm64/ShoppingListView.swiftconstvalues -emit-reference-dependencies-path /Users/arimendelow/Library/Developer/Xcode/DerivedData/Spoonjoy-adbsilixtyfhasewikyduwzxgckv/Build/Intermediates.noindex/Spoonjoy.build/BootstrapDebug/Spoonjoy\ macOS.build/Objects-normal/arm64/ShoppingListView.swiftdeps -serialize-diagnostics-path /Users/arimendelow/Library/Developer/Xcode/DerivedData/Spoonjoy-adbsilixtyfhasewikyduwzxgckv/Build/Intermediates.noindex/Spoonjoy.build/BootstrapDebug/Spoonjoy\ macOS.build/Objects-normal/arm64/ShoppingListView.dia -target arm64-apple-macos26.2 -module-can-import-version AppIntents 300.5.12.1 300.5.12 -module-can-import-version CoreSpotlight 2418.5.9.101 2418.5.9 -module-can-import-version DeveloperToolsSupport 23.40.26 23.40.26 -load-resolved-plugin /Applications/Xcode.app/Contents/Developer/Platforms/MacOSX.platform/Developer/usr/lib/swift/host/plugins/libAppIntentsMacros.dylib\#/Applications/Xcode.app/Contents/Developer/Platforms/MacOSX.platform/Developer/usr/bin/swift-plugin-server\#AppIntentsMacros -load-resolved-plugin /Applications/Xcode.app/Contents/Developer/Platforms/MacOSX.platform/Developer/usr/lib/swift/host/plugins/libFoundationMacros.dylib\#/Applications/Xcode.app/Contents/Developer/Platforms/MacOSX.platform/Developer/usr/bin/swift-plugin-server\#FoundationMacros -load-resolved-plugin /Applications/Xcode.app/Contents/Developer/Platforms/MacOSX.platform/Developer/usr/lib/swift/host/plugins/libObservationMacros.dylib\#/Applications/Xcode.app/Contents/Developer/Platforms/MacOSX.platform/Developer/usr/bin/swift-plugin-server\#ObservationMacros -load-resolved-plugin /Applications/Xcode.app/Contents/Developer/Platforms/MacOSX.platform/Developer/usr/lib/swift/host/plugins/libPreviewsMacros.dylib\#/Applications/Xcode.app/Contents/Developer/Platforms/MacOSX.platform/Developer/usr/bin/swift-plugin-server\#PreviewsMacros -load-resolved-plugin /Applications/Xcode.app/Contents/Developer/Platforms/MacOSX.platform/Developer/usr/lib/swift/host/plugins/libSwiftMacros.dylib\#/Applications/Xcode.app/Contents/Developer/Platforms/MacOSX.platform/Developer/usr/bin/swift-plugin-server\#SwiftMacros -load-resolved-plugin /Applications/Xcode.app/Contents/Developer/Platforms/MacOSX.platform/Developer/usr/lib/swift/host/plugins/libSwiftUIMacros.dylib\#/Applications/Xcode.app/Contents/Developer/Platforms/MacOSX.platform/Developer/usr/bin/swift-plugin-server\#SwiftUIMacros -disable-implicit-swift-modules -Xcc -fno-implicit-modules -Xcc -fno-implicit-module-maps -explicit-swift-module-map-file /Users/arimendelow/Library/Developer/Xcode/DerivedData/Spoonjoy-adbsilixtyfhasewikyduwzxgckv/Build/Intermediates.noindex/Spoonjoy.build/BootstrapDebug/Spoonjoy\ macOS.build/Objects-normal/arm64/Spoonjoy-dependencies-2.json -debug-module-path /Users/arimendelow/Library/Developer/Xcode/DerivedData/Spoonjoy-adbsilixtyfhasewikyduwzxgckv/Build/Intermediates.noindex/Spoonjoy.build/BootstrapDebug/Spoonjoy\ macOS.build/Objects-normal/arm64/Spoonjoy.swiftmodule -Xllvm -aarch64-use-tbi -enable-objc-interop -stack-check -sdk /Applications/Xcode.app/Contents/Developer/Platforms/MacOSX.platform/Developer/SDKs/MacOSX26.5.sdk -I /Users/arimendelow/Library/Developer/Xcode/DerivedData/Spoonjoy-adbsilixtyfhasewikyduwzxgckv/Build/Products/BootstrapDebug -F /Users/arimendelow/Library/Developer/Xcode/DerivedData/Spoonjoy-adbsilixtyfhasewikyduwzxgckv/Build/Products/BootstrapDebug/PackageFrameworks -F /Users/arimendelow/Library/Developer/Xcode/DerivedData/Spoonjoy-adbsilixtyfhasewikyduwzxgckv/Build/Products/BootstrapDebug -no-color-diagnostics -Xcc -fno-color-diagnostics -enable-testing -g -debug-info-format\=dwarf -dwarf-version\=5 -module-cache-path /Users/arimendelow/Library/Developer/Xcode/DerivedData/Spoonjoy-adbsilixtyfhasewikyduwzxgckv/Build/Intermediates.noindex/SwiftExplicitPrecompiledModules -warnings-as-errors -warnings-as-errors -swift-version 6 -Onone -D DEBUG -serialize-debugging-options -const-gather-protocols-file /Users/arimendelow/Library/Developer/Xcode/DerivedData/Spoonjoy-adbsilixtyfhasewikyduwzxgckv/Build/Intermediates.noindex/Spoonjoy.build/BootstrapDebug/Spoonjoy\ macOS.build/Objects-normal/arm64/Spoonjoy\ macOS_const_extract_protocols.json -enable-experimental-feature DebugDescriptionMacro -empty-abi-descriptor -validate-clang-modules-once -clang-build-session-file /Users/arimendelow/Library/Developer/Xcode/DerivedData/ModuleCache.noindex/Session.modulevalidation -Xcc -working-directory -Xcc /Users/arimendelow/Projects/spoonjoy-apple -enable-anonymous-context-mangled-names -file-compilation-dir /Users/arimendelow/Projects/spoonjoy-apple -Xcc -D_LIBCPP_HARDENING_MODE\=_LIBCPP_HARDENING_MODE_DEBUG -Xcc -ivfsstatcache -Xcc /Users/arimendelow/Library/Developer/Xcode/DerivedData/SDKStatCaches.noindex/macosx26.5-25F70-e082c4a02f00227109f4ed75e425c832.sdkstatcache -Xcc -I/Users/arimendelow/Library/Developer/Xcode/DerivedData/Spoonjoy-adbsilixtyfhasewikyduwzxgckv/Build/Intermediates.noindex/Spoonjoy.build/BootstrapDebug/Spoonjoy\ macOS.build/swift-overrides.hmap -Xcc -iquote -Xcc /Users/arimendelow/Library/Developer/Xcode/DerivedData/Spoonjoy-adbsilixtyfhasewikyduwzxgckv/Build/Intermediates.noindex/Spoonjoy.build/BootstrapDebug/Spoonjoy\ macOS.build/Spoonjoy-generated-files.hmap -Xcc -I/Users/arimendelow/Library/Developer/Xcode/DerivedData/Spoonjoy-adbsilixtyfhasewikyduwzxgckv/Build/Intermediates.noindex/Spoonjoy.build/BootstrapDebug/Spoonjoy\ macOS.build/Spoonjoy-own-target-headers.hmap -Xcc -I/Users/arimendelow/Library/Developer/Xcode/DerivedData/Spoonjoy-adbsilixtyfhasewikyduwzxgckv/Build/Intermediates.noindex/Spoonjoy.build/BootstrapDebug/Spoonjoy\ macOS.build/Spoonjoy-all-non-framework-target-headers.hmap -Xcc -ivfsoverlay -Xcc /Users/arimendelow/Library/Developer/Xcode/DerivedData/Spoonjoy-adbsilixtyfhasewikyduwzxgckv/Build/Intermediates.noindex/Spoonjoy.build/BootstrapDebug/Spoonjoy-561e67053217bb880340d8fba8e33b11-VFS/all-product-headers.yaml -Xcc -iquote -Xcc /Users/arimendelow/Library/Developer/Xcode/DerivedData/Spoonjoy-adbsilixtyfhasewikyduwzxgckv/Build/Intermediates.noindex/Spoonjoy.build/BootstrapDebug/Spoonjoy\ macOS.build/Spoonjoy-project-headers.hmap -Xcc -I/Users/arimendelow/Library/Developer/Xcode/DerivedData/Spoonjoy-adbsilixtyfhasewikyduwzxgckv/Build/Products/BootstrapDebug/include -Xcc -I/Users/arimendelow/Library/Developer/Xcode/DerivedData/Spoonjoy-adbsilixtyfhasewikyduwzxgckv/Build/Intermediates.noindex/Spoonjoy.build/BootstrapDebug/Spoonjoy\ macOS.build/DerivedSources-normal/arm64 -Xcc -I/Users/arimendelow/Library/Developer/Xcode/DerivedData/Spoonjoy-adbsilixtyfhasewikyduwzxgckv/Build/Intermediates.noindex/Spoonjoy.build/BootstrapDebug/Spoonjoy\ macOS.build/DerivedSources/arm64 -Xcc -I/Users/arimendelow/Library/Developer/Xcode/DerivedData/Spoonjoy-adbsilixtyfhasewikyduwzxgckv/Build/Intermediates.noindex/Spoonjoy.build/BootstrapDebug/Spoonjoy\ macOS.build/DerivedSources -Xcc -DDEBUG\=1 -no-auto-bridging-header-chaining -module-name Spoonjoy -frontend-parseable-output -disable-clang-spi -clang-target arm64-apple-macos26.5 -target-sdk-version 26.5 -target-sdk-name macosx26.5 -in-process-plugin-server-path /Applications/Xcode.app/Contents/Developer/Toolchains/XcodeDefault.xctoolchain/usr/lib/swift/host/libSwiftInProcPluginServer.dylib -o /Users/arimendelow/Library/Developer/Xcode/DerivedData/Spoonjoy-adbsilixtyfhasewikyduwzxgckv/Build/Intermediates.noindex/Spoonjoy.build/BootstrapDebug/Spoonjoy\ macOS.build/Objects-normal/arm64/ShareActions.o -o /Users/arimendelow/Library/Developer/Xcode/DerivedData/Spoonjoy-adbsilixtyfhasewikyduwzxgckv/Build/Intermediates.noindex/Spoonjoy.build/BootstrapDebug/Spoonjoy\ macOS.build/Objects-normal/arm64/ShoppingListView.o -index-unit-output-path /Spoonjoy.build/BootstrapDebug/Spoonjoy\ macOS.build/Objects-normal/arm64/ShareActions.o -index-unit-output-path /Spoonjoy.build/BootstrapDebug/Spoonjoy\ macOS.build/Objects-normal/arm64/ShoppingListView.o -index-store-path /Users/arimendelow/Library/Developer/Xcode/DerivedData/Spoonjoy-adbsilixtyfhasewikyduwzxgckv/Index.noindex/DataStore -index-system-modules

SwiftCompile normal arm64 /Users/arimendelow/Projects/spoonjoy-apple/Apps/Spoonjoy/Shared/AppShell/ShareActions.swift (in target 'Spoonjoy macOS' from project 'Spoonjoy')
    cd /Users/arimendelow/Projects/spoonjoy-apple
    

SwiftCompile normal arm64 /Users/arimendelow/Projects/spoonjoy-apple/Apps/Spoonjoy/Shared/Views/ShoppingListView.swift (in target 'Spoonjoy macOS' from project 'Spoonjoy')
    cd /Users/arimendelow/Projects/spoonjoy-apple
    
/Users/arimendelow/Projects/spoonjoy-apple/Apps/Spoonjoy/Shared/Views/ShoppingListView.swift:198:19: error: actor-isolated property 'addItemForm' cannot be passed 'inout' to 'async' function call
            await addItemForm.submit(
                  ^
/Users/arimendelow/Projects/spoonjoy-apple/Apps/Spoonjoy/Shared/Views/ShoppingListView.swift:9:24: note: property declared here
    @State private var addItemForm = ShoppingAddItemFormState()
                       ^

SwiftCompile normal x86_64 Compiling\ KitchenSafeControls.swift,\ KitchenView.swift,\ OfflineStatusView.swift /Users/arimendelow/Projects/spoonjoy-apple/Apps/Spoonjoy/Shared/Components/KitchenSafeControls.swift /Users/arimendelow/Projects/spoonjoy-apple/Apps/Spoonjoy/Shared/Views/KitchenView.swift /Users/arimendelow/Projects/spoonjoy-apple/Apps/Spoonjoy/Shared/Components/OfflineStatusView.swift (in target 'Spoonjoy macOS' from project 'Spoonjoy')

SwiftCompile normal x86_64 /Users/arimendelow/Projects/spoonjoy-apple/Apps/Spoonjoy/Shared/Components/KitchenSafeControls.swift (in target 'Spoonjoy macOS' from project 'Spoonjoy')
    cd /Users/arimendelow/Projects/spoonjoy-apple
    

SwiftCompile normal x86_64 /Users/arimendelow/Projects/spoonjoy-apple/Apps/Spoonjoy/Shared/Views/KitchenView.swift (in target 'Spoonjoy macOS' from project 'Spoonjoy')
    cd /Users/arimendelow/Projects/spoonjoy-apple
    

SwiftCompile normal x86_64 /Users/arimendelow/Projects/spoonjoy-apple/Apps/Spoonjoy/Shared/Components/OfflineStatusView.swift (in target 'Spoonjoy macOS' from project 'Spoonjoy')
    cd /Users/arimendelow/Projects/spoonjoy-apple
    

SwiftDriverJobDiscovery normal arm64 Compiling NativeDurableCache.swift (in target 'SpoonjoyCore' from project 'SpoonjoyApple')

SwiftCompile normal x86_64 Compiling\ RecipeDetailView.swift,\ RecipeEditorView.swift,\ RecipesView.swift /Users/arimendelow/Projects/spoonjoy-apple/Apps/Spoonjoy/Shared/Views/RecipeDetailView.swift /Users/arimendelow/Projects/spoonjoy-apple/Apps/Spoonjoy/Shared/Views/RecipeEditorView.swift /Users/arimendelow/Projects/spoonjoy-apple/Apps/Spoonjoy/Shared/Views/RecipesView.swift (in target 'Spoonjoy macOS' from project 'Spoonjoy')

** BUILD FAILED **


The following build commands failed:
	SwiftCompile normal arm64 Compiling\ ShareActions.swift,\ ShoppingListView.swift /Users/arimendelow/Projects/spoonjoy-apple/Apps/Spoonjoy/Shared/AppShell/ShareActions.swift /Users/arimendelow/Projects/spoonjoy-apple/Apps/Spoonjoy/Shared/Views/ShoppingListView.swift (in target 'Spoonjoy macOS' from project 'Spoonjoy')
	SwiftCompile normal arm64 /Users/arimendelow/Projects/spoonjoy-apple/Apps/Spoonjoy/Shared/Views/ShoppingListView.swift (in target 'Spoonjoy macOS' from project 'Spoonjoy')
	Building project Spoonjoy with scheme Spoonjoy macOS and configuration BootstrapDebug
(3 failures)
