Building for debugging...
[0/5] Write sources
[1/5] Write swift-version--58304C5D6DBC2206.txt
[3/5] Compiling SpoonjoyCoreTests ProfileSettingsIntentTests.swift
[4/5] Emitting module SpoonjoyCoreTests
[4/6] Write Objects.LinkFileList
[5/6] Linking SpoonjoyApplePackageTests
Build complete! (3.42s)
◇ Test run started.
↳ Testing Library Version: 1902
↳ Target Platform: arm64e-apple-macos14.0
◇ Suite "Profile and settings Siri intent contracts" started.
◇ Test "profile settings resolver executes settings routes queueable mutations handoffs and safe credential actions" started.
◇ Test "profile and settings Siri intents require queueable profile actions and online-only credential actions" started.
◇ Test "profile settings resolver fails closed for unsafe entities rejected media and impossible planner states" started.
✔ Test "profile settings resolver fails closed for unsafe entities rejected media and impossible planner states" passed after 0.001 seconds.
✔ Test "profile settings resolver executes settings routes queueable mutations handoffs and safe credential actions" passed after 0.004 seconds.
✔ Test "profile and settings Siri intents require queueable profile actions and online-only credential actions" passed after 0.489 seconds.
✔ Suite "Profile and settings Siri intent contracts" passed after 0.489 seconds.
✔ Test run with 3 tests in 1 suite passed after 0.490 seconds.
