◇ Test run started.
↳ Testing Library Version: 1902
↳ Target Platform: arm64e-apple-macos14.0
◇ Suite "Chef profile App Entity contracts" started.
◇ Test "chef profile suggestions include graph chefs without follow feed or comment semantics" started.
◇ Test "chef profile graph page rows honor profile tombstones" started.
◇ Test "chef profile entities filter tombstoned profiles and recipe graph sources" started.
◇ Test "chef profile entities resolve cached profiles and expose public transfer values" started.
◇ Test "chef profile recipe graph suggestions sort ties use fallback timestamps and require an owner" started.
◇ Test "chef profile entity sources exist with AppIntents contracts" started.
◇ Test "chef profile entities filter wrong scopes reject unsafe identifiers and load stores" started.
◇ Test "chef profile entities decode profile payload variants and graph pages" started.
◇ Test "chef profile descriptor placeholder and unresolved intent error are user safe" started.
✔ Test "chef profile descriptor placeholder and unresolved intent error are user safe" passed after 0.001 seconds.
✔ Test "chef profile suggestions include graph chefs without follow feed or comment semantics" passed after 0.005 seconds.
✔ Test "chef profile recipe graph suggestions sort ties use fallback timestamps and require an owner" passed after 0.007 seconds.
✔ Test "chef profile entities decode profile payload variants and graph pages" passed after 0.008 seconds.
✔ Test "chef profile entities filter tombstoned profiles and recipe graph sources" passed after 0.009 seconds.
✔ Test "chef profile graph page rows honor profile tombstones" passed after 0.009 seconds.
✔ Test "chef profile entities resolve cached profiles and expose public transfer values" passed after 0.009 seconds.
✔ Test "chef profile entities filter wrong scopes reject unsafe identifiers and load stores" passed after 0.012 seconds.
✔ Test "chef profile entity sources exist with AppIntents contracts" passed after 0.055 seconds.
✔ Suite "Chef profile App Entity contracts" passed after 0.055 seconds.
✔ Test run with 9 tests in 1 suite passed after 0.055 seconds.
