[0/1] Planning build
Building for debugging...
[0/6] Write swift-version--58304C5D6DBC2206.txt
[2/59] Compiling SpoonjoyCore ShoppingListRequests.swift
[3/59] Compiling SpoonjoyCore AppNavigationState.swift
[4/59] Compiling SpoonjoyCore AppRoute.swift
[5/59] Compiling SpoonjoyCore DeepLinkRouter.swift
[6/59] Compiling SpoonjoyCore DeepLinkURLBuilder.swift
[7/59] Compiling SpoonjoyCore NativeAppSnapshot.swift
[8/64] Compiling SpoonjoyCore ShoppingListState.swift
[9/64] Compiling SpoonjoyCore DeepLinkManifest.swift
[10/64] Compiling SpoonjoyCore NativeCapabilityMetadata.swift
[11/64] Compiling SpoonjoyCore NativeIntentAction.swift
[12/64] Compiling SpoonjoyCore ScenarioCommand.swift
[13/64] Compiling SpoonjoyCore OAuthPKCE.swift
[14/64] Compiling SpoonjoyCore OAuthRedirectValidator.swift
[15/64] Compiling SpoonjoyCore OAuthRequests.swift
[16/64] Compiling SpoonjoyCore OAuthResponses.swift
[17/64] Compiling SpoonjoyCore RefreshCoordinator.swift
[18/64] Compiling SpoonjoyCore SecureAuthWebHandoff.swift
[19/64] Compiling SpoonjoyCore APITransport.swift
[20/64] Compiling SpoonjoyCore JSONValue.swift
[21/64] Compiling SpoonjoyCore NativeAPIRequests.swift
[22/64] Compiling SpoonjoyCore PaginationCursor.swift
[23/64] Compiling SpoonjoyCore PublicCatalogRequests.swift
[24/64] Compiling SpoonjoyCore ShoppingListAPI.swift
[25/64] Compiling SpoonjoyCore ScreenViewModels.swift
[26/64] Compiling SpoonjoyCore SearchState.swift
[27/64] Compiling SpoonjoyCore AuthSessionState.swift
[28/64] Compiling SpoonjoyCore InMemoryTokenVault.swift
[29/64] Compiling SpoonjoyCore NativeAuthSession.swift
[30/64] Compiling SpoonjoyCore NativeAuthSessionRepository.swift
[31/64] Compiling SpoonjoyCore APIClient.swift
[32/64] Compiling SpoonjoyCore APIEnvelope.swift
[33/64] Compiling SpoonjoyCore APIError.swift
[34/64] Compiling SpoonjoyCore APIRequestBuilder.swift
[35/64] Compiling SpoonjoyCore APIRequestSupport.swift
[36/64] Compiling SpoonjoyCore APIRetryPolicy.swift
[37/64] Emitting module SpoonjoyCore
[38/64] Compiling SpoonjoyCore NativeMediaStagingPolicy.swift
[39/64] Compiling SpoonjoyCore OfflineFreshnessIndicator.swift
[40/64] Compiling SpoonjoyCore CaptureDraft.swift
[41/64] Compiling SpoonjoyCore CookModeProgress.swift
[42/64] Compiling SpoonjoyCore KitchenFixtureState.swift
[43/64] Compiling SpoonjoyCore SettingsState.swift
[44/64] Compiling SpoonjoyCore TokenVault.swift
[45/64] Compiling SpoonjoyCore NativeCacheFreshnessPolicy.swift
[46/64] Compiling SpoonjoyCore NativeCachePrefetchPolicy.swift
[47/64] Compiling SpoonjoyCore NativeDurableCache.swift
[48/64] Compiling SpoonjoyCore NativeDurableCacheStore.swift
[49/64] Compiling SpoonjoyCore NativeIndicatorDismissalStore.swift
[50/64] Compiling SpoonjoyCore ScenarioReport.swift
[51/64] Compiling SpoonjoyCore ScenarioVerifier.swift
[52/64] Compiling SpoonjoyCore SpotlightIndexPlan.swift
[53/64] Compiling SpoonjoyCore JSONFileStore.swift
[54/64] Compiling SpoonjoyCore MutationQueue.swift
[55/64] Compiling SpoonjoyCore OfflineSnapshot.swift
[56/64] Compiling SpoonjoyCore SyncCheckpoint.swift
[57/64] Compiling SpoonjoyCore RecipeCookbook.swift
[58/64] Compiling SpoonjoyCore SpoonjoyCore.swift
[59/64] Compiling SpoonjoyCore resource_bundle_accessor.swift
[60/82] Compiling SpoonjoyScenarioVerifier ScenarioProcessMain.swift
[61/82] Emitting module SpoonjoyScenarioVerifier
[62/82] Compiling SpoonjoyScenarioVerifier main.swift
[62/82] Write Objects.LinkFileList
[63/82] Linking SpoonjoyScenarioVerifier
[64/82] Applying SpoonjoyScenarioVerifier
[66/82] Compiling SpoonjoyCoreTests SpoonjoyCoreBootstrapTests.swift
[67/83] Compiling SpoonjoyCoreTests TokenRefreshTests.swift
[68/83] Compiling SpoonjoyCoreTests NativeAuthSessionTests.swift
[69/83] Compiling SpoonjoyCoreTests NativeCacheFreshnessTests.swift
[70/83] Compiling SpoonjoyCoreTests AppStateTests.swift
[71/83] Compiling SpoonjoyCoreTests DeepLinkRouterTests.swift
[72/83] Compiling SpoonjoyCoreTests RecipeCookbookTests.swift
[73/83] Compiling SpoonjoyCoreTests OfflineStoreTests.swift
[74/83] Compiling SpoonjoyCoreTests KitchenStateTests.swift
[75/83] Compiling SpoonjoyCoreTests NativeAPIExpansionTests.swift
[76/83] Compiling SpoonjoyCoreTests APIReadClientTests.swift
[77/83] Compiling SpoonjoyCoreTests APITransportTests.swift
[78/83] Compiling SpoonjoyCoreTests NativeScenarioTests.swift
[79/83] Compiling SpoonjoyCoreTests OAuthRequestTests.swift
[80/83] Emitting module SpoonjoyCoreTests
[81/83] Compiling SpoonjoyCoreTests ShoppingAPIClientTests.swift
[82/85] Compiling SpoonjoyApplePackageTests runner.swift
[83/85] Emitting module SpoonjoyApplePackageTests
[83/85] Write Objects.LinkFileList
[84/85] Linking SpoonjoyApplePackageTests
Build complete! (6.00s)
◇ Test run started.
↳ Testing Library Version: 1902
↳ Target Platform: arm64e-apple-macos14.0
◇ Suite "Native cache schema and freshness" started.
◇ Test "indicator transitions preserve queued failed conflict blocker destructive and dismissed states" started.
◇ Test "media staging metadata is privacy safe and enforces exact size and count thresholds" started.
◇ Test "durable schema version 2 covers every Offline Product Contract domain with record metadata" started.
◇ Test "dismissal persistence is scoped by account environment and freshness change" started.
◇ Test "intelligent prefetch policy includes signed-in bootstrap recent surfaces and excludes online-only credential work" started.
◇ Test "expanded native cache behavior contract is executable" started.
◇ Test "cache store rejects secret material and never serializes tokens provider secrets signed URLs or raw media paths" started.
◇ Test "app indicator source exposes labels icons dismissal and non-dismissable severity" started.
◇ Test "corrupt cache recovery quarantines bad JSON and restores deterministic fallback without overwriting" started.
◇ Test "freshness policy uses exact Offline Product Contract thresholds without wall clock flake" started.
◇ Test "native cache implementation is covered in process" started.
✔ Test "intelligent prefetch policy includes signed-in bootstrap recent surfaces and excludes online-only credential work" passed after 0.001 seconds.
✔ Test "dismissal persistence is scoped by account environment and freshness change" passed after 0.001 seconds.
✔ Test "corrupt cache recovery quarantines bad JSON and restores deterministic fallback without overwriting" passed after 0.001 seconds.
✔ Test "freshness policy uses exact Offline Product Contract thresholds without wall clock flake" passed after 0.001 seconds.
✔ Test "cache store rejects secret material and never serializes tokens provider secrets signed URLs or raw media paths" passed after 0.001 seconds.
✔ Test "indicator transitions preserve queued failed conflict blocker destructive and dismissed states" passed after 0.001 seconds.
✔ Test "app indicator source exposes labels icons dismissal and non-dismissable severity" passed after 0.002 seconds.
✔ Test "media staging metadata is privacy safe and enforces exact size and count thresholds" passed after 0.003 seconds.
✔ Test "durable schema version 2 covers every Offline Product Contract domain with record metadata" passed after 0.004 seconds.
✔ Test "native cache implementation is covered in process" passed after 0.015 seconds.
✔ Test "expanded native cache behavior contract is executable" passed after 8.928 seconds.
✔ Suite "Native cache schema and freshness" passed after 8.928 seconds.
✔ Test run with 11 tests in 1 suite passed after 8.929 seconds.
