Building for debugging...
[0/4] Write swift-version--58304C5D6DBC2206.txt
Build complete! (0.13s)
◇ Test run started.
↳ Testing Library Version: 1902
↳ Target Platform: arm64e-apple-macos14.0
◇ Suite "Shopping App Entity contracts" started.
◇ Test "shopping entity sources exist with AppIntents contracts" started.
◇ Test "shopping entity lookup filters deleted, tombstoned, and wrong-scope data" started.
◇ Test "shopping entities resolve from scoped native sync cache records" started.
◇ Test "shopping entity transfer values filter private and debug-only fields" started.
◇ Test "shopping entity purge plans cover logout account-switch cache-delete and tombstones" started.
◇ Test "shopping entity lookup uses supplied sync snapshot records instead of fixture fallback" started.
✔ Test "shopping entity purge plans cover logout account-switch cache-delete and tombstones" passed after 0.001 seconds.
✔ Test "shopping entity lookup uses supplied sync snapshot records instead of fixture fallback" passed after 0.007 seconds.
✔ Test "shopping entity transfer values filter private and debug-only fields" passed after 0.007 seconds.
✔ Test "shopping entities resolve from scoped native sync cache records" passed after 0.007 seconds.
✔ Test "shopping entity lookup filters deleted, tombstoned, and wrong-scope data" passed after 0.007 seconds.
✔ Test "shopping entity sources exist with AppIntents contracts" passed after 0.128 seconds.
✔ Suite "Shopping App Entity contracts" passed after 0.128 seconds.
✔ Test run with 6 tests in 1 suite passed after 0.128 seconds.
