Xcode 26.5
Build version 17F42
/Applications/Xcode.app/Contents/Developer
Command line invocation:
    /Applications/Xcode.app/Contents/Developer/usr/bin/xcodebuild -project Spoonjoy.xcodeproj -scheme "Spoonjoy macOS" -configuration BootstrapDebug -destination platform=macOS,arch=arm64 CODE_SIGNING_ALLOWED=NO build

Build settings from command line:
    CODE_SIGNING_ALLOWED = NO

Resolve Package Graph


Resolved source packages:
  SpoonjoyApple: /Users/arimendelow/Projects/spoonjoy-apple @ local

ComputePackagePrebuildTargetDependencyGraph

Prepare packages

CreateBuildRequest

SendProjectDescription

CreateBuildOperation

ComputeTargetDependencyGraph
note: Building targets in dependency order
note: Target dependency graph (4 targets)
    Target 'Spoonjoy macOS' in project 'Spoonjoy'
        ➜ Explicit dependency on target 'SpoonjoyCore' in project 'SpoonjoyApple'
    Target 'SpoonjoyCore' in project 'SpoonjoyApple'
        ➜ Explicit dependency on target 'SpoonjoyCore' in project 'SpoonjoyApple'
        ➜ Explicit dependency on target 'SpoonjoyApple_SpoonjoyCore' in project 'SpoonjoyApple'
    Target 'SpoonjoyCore' in project 'SpoonjoyApple'
        ➜ Explicit dependency on target 'SpoonjoyApple_SpoonjoyCore' in project 'SpoonjoyApple'
    Target 'SpoonjoyApple_SpoonjoyCore' in project 'SpoonjoyApple' (no dependencies)

GatherProvisioningInputs

CreateBuildDescription

ClangStatCache /Applications/Xcode.app/Contents/Developer/Toolchains/XcodeDefault.xctoolchain/usr/bin/clang-stat-cache /Applications/Xcode.app/Contents/Developer/Platforms/MacOSX.platform/Developer/SDKs/MacOSX26.5.sdk /Users/arimendelow/Library/Developer/Xcode/DerivedData/SDKStatCaches.noindex/macosx26.5-25F70-e082c4a02f00227109f4ed75e425c832.sdkstatcache
    cd /Users/arimendelow/Projects/spoonjoy-apple/Spoonjoy.xcodeproj
    /Applications/Xcode.app/Contents/Developer/Toolchains/XcodeDefault.xctoolchain/usr/bin/clang-stat-cache /Applications/Xcode.app/Contents/Developer/Platforms/MacOSX.platform/Developer/SDKs/MacOSX26.5.sdk -o /Users/arimendelow/Library/Developer/Xcode/DerivedData/SDKStatCaches.noindex/macosx26.5-25F70-e082c4a02f00227109f4ed75e425c832.sdkstatcache

SwiftDriver SpoonjoyCore normal arm64 com.apple.xcode.tools.swift.compiler (in target 'SpoonjoyCore' from project 'SpoonjoyApple')
    cd /Users/arimendelow/Projects/spoonjoy-apple/Spoonjoy.xcodeproj
    builtin-SwiftDriver -- /Applications/Xcode.app/Contents/Developer/Toolchains/XcodeDefault.xctoolchain/usr/bin/swiftc -module-name SpoonjoyCore -Onone @/Users/arimendelow/Library/Developer/Xcode/DerivedData/Spoonjoy-adbsilixtyfhasewikyduwzxgckv/Build/Intermediates.noindex/SpoonjoyApple.build/BootstrapDebug/SpoonjoyCore.build/Objects-normal/arm64/SpoonjoyCore.SwiftFileList -DSWIFT_PACKAGE -DDEBUG -DSWIFT_MODULE_RESOURCE_BUNDLE_AVAILABLE -DXcode -plugin-path /Applications/Xcode.app/Contents/Developer/Toolchains/XcodeDefault.xctoolchain/usr/lib/swift/host/plugins/testing -enable-experimental-feature DebugDescriptionMacro -sdk /Applications/Xcode.app/Contents/Developer/Platforms/MacOSX.platform/Developer/SDKs/MacOSX26.5.sdk -target arm64-apple-macos26.0 -g -module-cache-path /Users/arimendelow/Library/Developer/Xcode/DerivedData/ModuleCache.noindex -Xfrontend -serialize-debugging-options -enable-testing -suppress-warnings -index-store-path /Users/arimendelow/Library/Developer/Xcode/DerivedData/Spoonjoy-adbsilixtyfhasewikyduwzxgckv/Index.noindex/DataStore -Xcc -D_LIBCPP_HARDENING_MODE\=_LIBCPP_HARDENING_MODE_DEBUG -swift-version 6 -I /Users/arimendelow/Library/Developer/Xcode/DerivedData/Spoonjoy-adbsilixtyfhasewikyduwzxgckv/Build/Products/BootstrapDebug -Isystem /Applications/Xcode.app/Contents/Developer/Platforms/MacOSX.platform/Developer/usr/lib -F /Users/arimendelow/Library/Developer/Xcode/DerivedData/Spoonjoy-adbsilixtyfhasewikyduwzxgckv/Build/Products/BootstrapDebug -F /Applications/Xcode.app/Contents/Developer/Platforms/MacOSX.platform/Developer/Library/Frameworks -c -j10 -enable-batch-mode -incremental -Xcc -ivfsstatcache -Xcc /Users/arimendelow/Library/Developer/Xcode/DerivedData/SDKStatCaches.noindex/macosx26.5-25F70-e082c4a02f00227109f4ed75e425c832.sdkstatcache -output-file-map /Users/arimendelow/Library/Developer/Xcode/DerivedData/Spoonjoy-adbsilixtyfhasewikyduwzxgckv/Build/Intermediates.noindex/SpoonjoyApple.build/BootstrapDebug/SpoonjoyCore.build/Objects-normal/arm64/SpoonjoyCore-OutputFileMap.json -use-frontend-parseable-output -save-temps -no-color-diagnostics -explicit-module-build -module-cache-path /Users/arimendelow/Library/Developer/Xcode/DerivedData/Spoonjoy-adbsilixtyfhasewikyduwzxgckv/Build/Intermediates.noindex/SwiftExplicitPrecompiledModules -clang-scanner-module-cache-path /Users/arimendelow/Library/Developer/Xcode/DerivedData/ModuleCache.noindex -sdk-module-cache-path /Users/arimendelow/Library/Developer/Xcode/DerivedData/ModuleCache.noindex -serialize-diagnostics -emit-dependencies -emit-module -emit-module-path /Users/arimendelow/Library/Developer/Xcode/DerivedData/Spoonjoy-adbsilixtyfhasewikyduwzxgckv/Build/Intermediates.noindex/SpoonjoyApple.build/BootstrapDebug/SpoonjoyCore.build/Objects-normal/arm64/SpoonjoyCore.swiftmodule -validate-clang-modules-once -clang-build-session-file /Users/arimendelow/Library/Developer/Xcode/DerivedData/ModuleCache.noindex/Session.modulevalidation -package-name spoonjoy_apple -Xcc -I/Users/arimendelow/Library/Developer/Xcode/DerivedData/Spoonjoy-adbsilixtyfhasewikyduwzxgckv/Build/Intermediates.noindex/SpoonjoyApple.build/BootstrapDebug/SpoonjoyCore.build/swift-overrides.hmap -emit-const-values -Xfrontend -const-gather-protocols-file -Xfrontend /Users/arimendelow/Library/Developer/Xcode/DerivedData/Spoonjoy-adbsilixtyfhasewikyduwzxgckv/Build/Intermediates.noindex/SpoonjoyApple.build/BootstrapDebug/SpoonjoyCore.build/Objects-normal/arm64/SpoonjoyCore_const_extract_protocols.json -Xcc -I/Users/arimendelow/Library/Developer/Xcode/DerivedData/Spoonjoy-adbsilixtyfhasewikyduwzxgckv/Build/Products/BootstrapDebug/include -Xcc -I/Users/arimendelow/Library/Developer/Xcode/DerivedData/Spoonjoy-adbsilixtyfhasewikyduwzxgckv/Build/Intermediates.noindex/SpoonjoyApple.build/BootstrapDebug/SpoonjoyCore.build/DerivedSources-normal/arm64 -Xcc -I/Users/arimendelow/Library/Developer/Xcode/DerivedData/Spoonjoy-adbsilixtyfhasewikyduwzxgckv/Build/Intermediates.noindex/SpoonjoyApple.build/BootstrapDebug/SpoonjoyCore.build/DerivedSources/arm64 -Xcc -I/Users/arimendelow/Library/Developer/Xcode/DerivedData/Spoonjoy-adbsilixtyfhasewikyduwzxgckv/Build/Intermediates.noindex/SpoonjoyApple.build/BootstrapDebug/SpoonjoyCore.build/DerivedSources -Xcc -DSWIFT_PACKAGE -Xcc -DDEBUG\=1 -emit-objc-header -emit-objc-header-path /Users/arimendelow/Library/Developer/Xcode/DerivedData/Spoonjoy-adbsilixtyfhasewikyduwzxgckv/Build/Intermediates.noindex/SpoonjoyApple.build/BootstrapDebug/SpoonjoyCore.build/Objects-normal/arm64/SpoonjoyCore-Swift.h -working-directory /Users/arimendelow/Projects/spoonjoy-apple/Spoonjoy.xcodeproj -experimental-emit-module-separately -disable-cmo

SwiftEmitModule normal arm64 Emitting\ module\ for\ SpoonjoyCore (in target 'SpoonjoyCore' from project 'SpoonjoyApple')

EmitSwiftModule normal arm64 (in target 'SpoonjoyCore' from project 'SpoonjoyApple')
    cd /Users/arimendelow/Projects/spoonjoy-apple/Spoonjoy.xcodeproj


SwiftCompile normal arm64 Compiling\ ProfileChefGraphSurfaceRepository.swift /Users/arimendelow/Projects/spoonjoy-apple/Sources/SpoonjoyCore/Features/Profiles/ProfileChefGraphSurfaceRepository.swift (in target 'SpoonjoyCore' from project 'SpoonjoyApple')

SwiftCompile normal arm64 /Users/arimendelow/Projects/spoonjoy-apple/Sources/SpoonjoyCore/Features/Profiles/ProfileChefGraphSurfaceRepository.swift (in target 'SpoonjoyCore' from project 'SpoonjoyApple')
    cd /Users/arimendelow/Projects/spoonjoy-apple/Spoonjoy.xcodeproj


SwiftDriverJobDiscovery normal arm64 Compiling ProfileChefGraphSurfaceRepository.swift (in target 'SpoonjoyCore' from project 'SpoonjoyApple')

SwiftCompile normal arm64 Compiling\ RecipeCatalogViewModel.swift,\ RecipeDetailScreenViewModel.swift /Users/arimendelow/Projects/spoonjoy-apple/Sources/SpoonjoyCore/Features/RecipeCatalog/RecipeCatalogViewModel.swift /Users/arimendelow/Projects/spoonjoy-apple/Sources/SpoonjoyCore/Features/RecipeCatalog/RecipeDetailScreenViewModel.swift (in target 'SpoonjoyCore' from project 'SpoonjoyApple')
SwiftCompile normal arm64 /Users/arimendelow/Projects/spoonjoy-apple/Sources/SpoonjoyCore/Features/RecipeCatalog/RecipeCatalogViewModel.swift (in target 'SpoonjoyCore' from project 'SpoonjoyApple')
    cd /Users/arimendelow/Projects/spoonjoy-apple/Spoonjoy.xcodeproj


SwiftCompile normal arm64 /Users/arimendelow/Projects/spoonjoy-apple/Sources/SpoonjoyCore/Features/RecipeCatalog/RecipeDetailScreenViewModel.swift (in target 'SpoonjoyCore' from project 'SpoonjoyApple')
    cd /Users/arimendelow/Projects/spoonjoy-apple/Spoonjoy.xcodeproj


SwiftCompile normal arm64 Compiling\ SpotlightIndexPlan.swift /Users/arimendelow/Projects/spoonjoy-apple/Sources/SpoonjoyCore/Native/SpotlightIndexPlan.swift (in target 'SpoonjoyCore' from project 'SpoonjoyApple')

SwiftCompile normal arm64 /Users/arimendelow/Projects/spoonjoy-apple/Sources/SpoonjoyCore/Native/SpotlightIndexPlan.swift (in target 'SpoonjoyCore' from project 'SpoonjoyApple')
    cd /Users/arimendelow/Projects/spoonjoy-apple/Spoonjoy.xcodeproj


SwiftCompile normal arm64 Compiling\ CaptureImportViewModel.swift,\ CookbookSurfaceViewModel.swift /Users/arimendelow/Projects/spoonjoy-apple/Sources/SpoonjoyCore/Features/CaptureImport/CaptureImportViewModel.swift /Users/arimendelow/Projects/spoonjoy-apple/Sources/SpoonjoyCore/Features/Cookbooks/CookbookSurfaceViewModel.swift (in target 'SpoonjoyCore' from project 'SpoonjoyApple')
SwiftCompile normal arm64 /Users/arimendelow/Projects/spoonjoy-apple/Sources/SpoonjoyCore/Features/CaptureImport/CaptureImportViewModel.swift (in target 'SpoonjoyCore' from project 'SpoonjoyApple')
    cd /Users/arimendelow/Projects/spoonjoy-apple/Spoonjoy.xcodeproj


SwiftCompile normal arm64 /Users/arimendelow/Projects/spoonjoy-apple/Sources/SpoonjoyCore/Features/Cookbooks/CookbookSurfaceViewModel.swift (in target 'SpoonjoyCore' from project 'SpoonjoyApple')
    cd /Users/arimendelow/Projects/spoonjoy-apple/Spoonjoy.xcodeproj


SwiftCompile normal arm64 Compiling\ NativeIntentAction.swift,\ ScenarioVerifier.swift /Users/arimendelow/Projects/spoonjoy-apple/Sources/SpoonjoyCore/Native/NativeIntentAction.swift /Users/arimendelow/Projects/spoonjoy-apple/Sources/SpoonjoyCore/Native/ScenarioVerifier.swift (in target 'SpoonjoyCore' from project 'SpoonjoyApple')
SwiftCompile normal arm64 /Users/arimendelow/Projects/spoonjoy-apple/Sources/SpoonjoyCore/Native/NativeIntentAction.swift (in target 'SpoonjoyCore' from project 'SpoonjoyApple')
    cd /Users/arimendelow/Projects/spoonjoy-apple/Spoonjoy.xcodeproj


SwiftCompile normal arm64 /Users/arimendelow/Projects/spoonjoy-apple/Sources/SpoonjoyCore/Native/ScenarioVerifier.swift (in target 'SpoonjoyCore' from project 'SpoonjoyApple')
    cd /Users/arimendelow/Projects/spoonjoy-apple/Spoonjoy.xcodeproj


SwiftCompile normal arm64 Compiling\ NativeAppSnapshot.swift,\ NativeLiveAppStore.swift /Users/arimendelow/Projects/spoonjoy-apple/Sources/SpoonjoyCore/AppState/NativeAppSnapshot.swift /Users/arimendelow/Projects/spoonjoy-apple/Sources/SpoonjoyCore/AppState/NativeLiveAppStore.swift (in target 'SpoonjoyCore' from project 'SpoonjoyApple')
SwiftCompile normal arm64 /Users/arimendelow/Projects/spoonjoy-apple/Sources/SpoonjoyCore/AppState/NativeAppSnapshot.swift (in target 'SpoonjoyCore' from project 'SpoonjoyApple')
    cd /Users/arimendelow/Projects/spoonjoy-apple/Spoonjoy.xcodeproj


SwiftCompile normal arm64 /Users/arimendelow/Projects/spoonjoy-apple/Sources/SpoonjoyCore/AppState/NativeLiveAppStore.swift (in target 'SpoonjoyCore' from project 'SpoonjoyApple')
    cd /Users/arimendelow/Projects/spoonjoy-apple/Spoonjoy.xcodeproj


SwiftCompile normal arm64 Compiling\ ScreenViewModels.swift,\ SearchState.swift /Users/arimendelow/Projects/spoonjoy-apple/Sources/SpoonjoyCore/AppState/ScreenViewModels.swift /Users/arimendelow/Projects/spoonjoy-apple/Sources/SpoonjoyCore/AppState/SearchState.swift (in target 'SpoonjoyCore' from project 'SpoonjoyApple')

SwiftCompile normal arm64 /Users/arimendelow/Projects/spoonjoy-apple/Sources/SpoonjoyCore/AppState/ScreenViewModels.swift (in target 'SpoonjoyCore' from project 'SpoonjoyApple')
    cd /Users/arimendelow/Projects/spoonjoy-apple/Spoonjoy.xcodeproj


SwiftCompile normal arm64 /Users/arimendelow/Projects/spoonjoy-apple/Sources/SpoonjoyCore/AppState/SearchState.swift (in target 'SpoonjoyCore' from project 'SpoonjoyApple')
    cd /Users/arimendelow/Projects/spoonjoy-apple/Spoonjoy.xcodeproj


SwiftCompile normal arm64 Compiling\ DeepLinkRouter.swift,\ DeepLinkURLBuilder.swift /Users/arimendelow/Projects/spoonjoy-apple/Sources/SpoonjoyCore/AppState/DeepLinkRouter.swift /Users/arimendelow/Projects/spoonjoy-apple/Sources/SpoonjoyCore/AppState/DeepLinkURLBuilder.swift (in target 'SpoonjoyCore' from project 'SpoonjoyApple')

SwiftCompile normal arm64 /Users/arimendelow/Projects/spoonjoy-apple/Sources/SpoonjoyCore/AppState/DeepLinkRouter.swift (in target 'SpoonjoyCore' from project 'SpoonjoyApple')
    cd /Users/arimendelow/Projects/spoonjoy-apple/Spoonjoy.xcodeproj


SwiftCompile normal arm64 /Users/arimendelow/Projects/spoonjoy-apple/Sources/SpoonjoyCore/AppState/DeepLinkURLBuilder.swift (in target 'SpoonjoyCore' from project 'SpoonjoyApple')
    cd /Users/arimendelow/Projects/spoonjoy-apple/Spoonjoy.xcodeproj


SwiftCompile normal arm64 Compiling\ RecipeEditorViewModel.swift,\ NativeSharePayload.swift /Users/arimendelow/Projects/spoonjoy-apple/Sources/SpoonjoyCore/Features/RecipeEditor/RecipeEditorViewModel.swift /Users/arimendelow/Projects/spoonjoy-apple/Sources/SpoonjoyCore/Features/Sharing/NativeSharePayload.swift (in target 'SpoonjoyCore' from project 'SpoonjoyApple')

SwiftCompile normal arm64 /Users/arimendelow/Projects/spoonjoy-apple/Sources/SpoonjoyCore/Features/RecipeEditor/RecipeEditorViewModel.swift (in target 'SpoonjoyCore' from project 'SpoonjoyApple')
    cd /Users/arimendelow/Projects/spoonjoy-apple/Spoonjoy.xcodeproj


SwiftCompile normal arm64 /Users/arimendelow/Projects/spoonjoy-apple/Sources/SpoonjoyCore/Features/Sharing/NativeSharePayload.swift (in target 'SpoonjoyCore' from project 'SpoonjoyApple')
    cd /Users/arimendelow/Projects/spoonjoy-apple/Spoonjoy.xcodeproj


SwiftCompile normal arm64 Compiling\ ProfileChefGraphSurfaceViewModel.swift,\ RecipeActionsViewModel.swift /Users/arimendelow/Projects/spoonjoy-apple/Sources/SpoonjoyCore/Features/Profiles/ProfileChefGraphSurfaceViewModel.swift /Users/arimendelow/Projects/spoonjoy-apple/Sources/SpoonjoyCore/Features/RecipeActions/RecipeActionsViewModel.swift (in target 'SpoonjoyCore' from project 'SpoonjoyApple')

SwiftCompile normal arm64 /Users/arimendelow/Projects/spoonjoy-apple/Sources/SpoonjoyCore/Features/Profiles/ProfileChefGraphSurfaceViewModel.swift (in target 'SpoonjoyCore' from project 'SpoonjoyApple')
    cd /Users/arimendelow/Projects/spoonjoy-apple/Spoonjoy.xcodeproj


SwiftCompile normal arm64 /Users/arimendelow/Projects/spoonjoy-apple/Sources/SpoonjoyCore/Features/RecipeActions/RecipeActionsViewModel.swift (in target 'SpoonjoyCore' from project 'SpoonjoyApple')
    cd /Users/arimendelow/Projects/spoonjoy-apple/Spoonjoy.xcodeproj


SwiftCompile normal arm64 Compiling\ AppNavigationState.swift,\ AppRoute.swift /Users/arimendelow/Projects/spoonjoy-apple/Sources/SpoonjoyCore/AppState/AppNavigationState.swift /Users/arimendelow/Projects/spoonjoy-apple/Sources/SpoonjoyCore/AppState/AppRoute.swift (in target 'SpoonjoyCore' from project 'SpoonjoyApple')

SwiftCompile normal arm64 /Users/arimendelow/Projects/spoonjoy-apple/Sources/SpoonjoyCore/AppState/AppNavigationState.swift (in target 'SpoonjoyCore' from project 'SpoonjoyApple')
    cd /Users/arimendelow/Projects/spoonjoy-apple/Spoonjoy.xcodeproj


SwiftCompile normal arm64 /Users/arimendelow/Projects/spoonjoy-apple/Sources/SpoonjoyCore/AppState/AppRoute.swift (in target 'SpoonjoyCore' from project 'SpoonjoyApple')
    cd /Users/arimendelow/Projects/spoonjoy-apple/Spoonjoy.xcodeproj


SwiftDriverJobDiscovery normal arm64 Emitting module for SpoonjoyCore (in target 'SpoonjoyCore' from project 'SpoonjoyApple')

SwiftDriver\ Compilation\ Requirements SpoonjoyCore normal arm64 com.apple.xcode.tools.swift.compiler (in target 'SpoonjoyCore' from project 'SpoonjoyApple')
    cd /Users/arimendelow/Projects/spoonjoy-apple/Spoonjoy.xcodeproj
    builtin-Swift-Compilation-Requirements -- /Applications/Xcode.app/Contents/Developer/Toolchains/XcodeDefault.xctoolchain/usr/bin/swiftc -module-name SpoonjoyCore -Onone @/Users/arimendelow/Library/Developer/Xcode/DerivedData/Spoonjoy-adbsilixtyfhasewikyduwzxgckv/Build/Intermediates.noindex/SpoonjoyApple.build/BootstrapDebug/SpoonjoyCore.build/Objects-normal/arm64/SpoonjoyCore.SwiftFileList -DSWIFT_PACKAGE -DDEBUG -DSWIFT_MODULE_RESOURCE_BUNDLE_AVAILABLE -DXcode -plugin-path /Applications/Xcode.app/Contents/Developer/Toolchains/XcodeDefault.xctoolchain/usr/lib/swift/host/plugins/testing -enable-experimental-feature DebugDescriptionMacro -sdk /Applications/Xcode.app/Contents/Developer/Platforms/MacOSX.platform/Developer/SDKs/MacOSX26.5.sdk -target arm64-apple-macos26.0 -g -module-cache-path /Users/arimendelow/Library/Developer/Xcode/DerivedData/ModuleCache.noindex -Xfrontend -serialize-debugging-options -enable-testing -suppress-warnings -index-store-path /Users/arimendelow/Library/Developer/Xcode/DerivedData/Spoonjoy-adbsilixtyfhasewikyduwzxgckv/Index.noindex/DataStore -Xcc -D_LIBCPP_HARDENING_MODE\=_LIBCPP_HARDENING_MODE_DEBUG -swift-version 6 -I /Users/arimendelow/Library/Developer/Xcode/DerivedData/Spoonjoy-adbsilixtyfhasewikyduwzxgckv/Build/Products/BootstrapDebug -Isystem /Applications/Xcode.app/Contents/Developer/Platforms/MacOSX.platform/Developer/usr/lib -F /Users/arimendelow/Library/Developer/Xcode/DerivedData/Spoonjoy-adbsilixtyfhasewikyduwzxgckv/Build/Products/BootstrapDebug -F /Applications/Xcode.app/Contents/Developer/Platforms/MacOSX.platform/Developer/Library/Frameworks -c -j10 -enable-batch-mode -incremental -Xcc -ivfsstatcache -Xcc /Users/arimendelow/Library/Developer/Xcode/DerivedData/SDKStatCaches.noindex/macosx26.5-25F70-e082c4a02f00227109f4ed75e425c832.sdkstatcache -output-file-map /Users/arimendelow/Library/Developer/Xcode/DerivedData/Spoonjoy-adbsilixtyfhasewikyduwzxgckv/Build/Intermediates.noindex/SpoonjoyApple.build/BootstrapDebug/SpoonjoyCore.build/Objects-normal/arm64/SpoonjoyCore-OutputFileMap.json -use-frontend-parseable-output -save-temps -no-color-diagnostics -explicit-module-build -module-cache-path /Users/arimendelow/Library/Developer/Xcode/DerivedData/Spoonjoy-adbsilixtyfhasewikyduwzxgckv/Build/Intermediates.noindex/SwiftExplicitPrecompiledModules -clang-scanner-module-cache-path /Users/arimendelow/Library/Developer/Xcode/DerivedData/ModuleCache.noindex -sdk-module-cache-path /Users/arimendelow/Library/Developer/Xcode/DerivedData/ModuleCache.noindex -serialize-diagnostics -emit-dependencies -emit-module -emit-module-path /Users/arimendelow/Library/Developer/Xcode/DerivedData/Spoonjoy-adbsilixtyfhasewikyduwzxgckv/Build/Intermediates.noindex/SpoonjoyApple.build/BootstrapDebug/SpoonjoyCore.build/Objects-normal/arm64/SpoonjoyCore.swiftmodule -validate-clang-modules-once -clang-build-session-file /Users/arimendelow/Library/Developer/Xcode/DerivedData/ModuleCache.noindex/Session.modulevalidation -package-name spoonjoy_apple -Xcc -I/Users/arimendelow/Library/Developer/Xcode/DerivedData/Spoonjoy-adbsilixtyfhasewikyduwzxgckv/Build/Intermediates.noindex/SpoonjoyApple.build/BootstrapDebug/SpoonjoyCore.build/swift-overrides.hmap -emit-const-values -Xfrontend -const-gather-protocols-file -Xfrontend /Users/arimendelow/Library/Developer/Xcode/DerivedData/Spoonjoy-adbsilixtyfhasewikyduwzxgckv/Build/Intermediates.noindex/SpoonjoyApple.build/BootstrapDebug/SpoonjoyCore.build/Objects-normal/arm64/SpoonjoyCore_const_extract_protocols.json -Xcc -I/Users/arimendelow/Library/Developer/Xcode/DerivedData/Spoonjoy-adbsilixtyfhasewikyduwzxgckv/Build/Products/BootstrapDebug/include -Xcc -I/Users/arimendelow/Library/Developer/Xcode/DerivedData/Spoonjoy-adbsilixtyfhasewikyduwzxgckv/Build/Intermediates.noindex/SpoonjoyApple.build/BootstrapDebug/SpoonjoyCore.build/DerivedSources-normal/arm64 -Xcc -I/Users/arimendelow/Library/Developer/Xcode/DerivedData/Spoonjoy-adbsilixtyfhasewikyduwzxgckv/Build/Intermediates.noindex/SpoonjoyApple.build/BootstrapDebug/SpoonjoyCore.build/DerivedSources/arm64 -Xcc -I/Users/arimendelow/Library/Developer/Xcode/DerivedData/Spoonjoy-adbsilixtyfhasewikyduwzxgckv/Build/Intermediates.noindex/SpoonjoyApple.build/BootstrapDebug/SpoonjoyCore.build/DerivedSources -Xcc -DSWIFT_PACKAGE -Xcc -DDEBUG\=1 -emit-objc-header -emit-objc-header-path /Users/arimendelow/Library/Developer/Xcode/DerivedData/Spoonjoy-adbsilixtyfhasewikyduwzxgckv/Build/Intermediates.noindex/SpoonjoyApple.build/BootstrapDebug/SpoonjoyCore.build/Objects-normal/arm64/SpoonjoyCore-Swift.h -working-directory /Users/arimendelow/Projects/spoonjoy-apple/Spoonjoy.xcodeproj -experimental-emit-module-separately -disable-cmo

SwiftDriverJobDiscovery normal arm64 Compiling SpotlightIndexPlan.swift (in target 'SpoonjoyCore' from project 'SpoonjoyApple')

Copy /Users/arimendelow/Library/Developer/Xcode/DerivedData/Spoonjoy-adbsilixtyfhasewikyduwzxgckv/Build/Products/BootstrapDebug/SpoonjoyCore.swiftmodule/Project/arm64-apple-macos.swiftsourceinfo /Users/arimendelow/Library/Developer/Xcode/DerivedData/Spoonjoy-adbsilixtyfhasewikyduwzxgckv/Build/Intermediates.noindex/SpoonjoyApple.build/BootstrapDebug/SpoonjoyCore.build/Objects-normal/arm64/SpoonjoyCore.swiftsourceinfo (in target 'SpoonjoyCore' from project 'SpoonjoyApple')
    cd /Users/arimendelow/Projects/spoonjoy-apple
    builtin-copy -exclude .DS_Store -exclude CVS -exclude .svn -exclude .git -exclude .hg -resolve-src-symlinks -rename /Users/arimendelow/Library/Developer/Xcode/DerivedData/Spoonjoy-adbsilixtyfhasewikyduwzxgckv/Build/Intermediates.noindex/SpoonjoyApple.build/BootstrapDebug/SpoonjoyCore.build/Objects-normal/arm64/SpoonjoyCore.swiftsourceinfo /Users/arimendelow/Library/Developer/Xcode/DerivedData/Spoonjoy-adbsilixtyfhasewikyduwzxgckv/Build/Products/BootstrapDebug/SpoonjoyCore.swiftmodule/Project/arm64-apple-macos.swiftsourceinfo

Copy /Users/arimendelow/Library/Developer/Xcode/DerivedData/Spoonjoy-adbsilixtyfhasewikyduwzxgckv/Build/Products/BootstrapDebug/SpoonjoyCore.swiftmodule/arm64-apple-macos.swiftmodule /Users/arimendelow/Library/Developer/Xcode/DerivedData/Spoonjoy-adbsilixtyfhasewikyduwzxgckv/Build/Intermediates.noindex/SpoonjoyApple.build/BootstrapDebug/SpoonjoyCore.build/Objects-normal/arm64/SpoonjoyCore.swiftmodule (in target 'SpoonjoyCore' from project 'SpoonjoyApple')
    cd /Users/arimendelow/Projects/spoonjoy-apple
    builtin-copy -exclude .DS_Store -exclude CVS -exclude .svn -exclude .git -exclude .hg -resolve-src-symlinks -rename /Users/arimendelow/Library/Developer/Xcode/DerivedData/Spoonjoy-adbsilixtyfhasewikyduwzxgckv/Build/Intermediates.noindex/SpoonjoyApple.build/BootstrapDebug/SpoonjoyCore.build/Objects-normal/arm64/SpoonjoyCore.swiftmodule /Users/arimendelow/Library/Developer/Xcode/DerivedData/Spoonjoy-adbsilixtyfhasewikyduwzxgckv/Build/Products/BootstrapDebug/SpoonjoyCore.swiftmodule/arm64-apple-macos.swiftmodule

Copy /Users/arimendelow/Library/Developer/Xcode/DerivedData/Spoonjoy-adbsilixtyfhasewikyduwzxgckv/Build/Products/BootstrapDebug/SpoonjoyCore.swiftmodule/arm64-apple-macos.abi.json /Users/arimendelow/Library/Developer/Xcode/DerivedData/Spoonjoy-adbsilixtyfhasewikyduwzxgckv/Build/Intermediates.noindex/SpoonjoyApple.build/BootstrapDebug/SpoonjoyCore.build/Objects-normal/arm64/SpoonjoyCore.abi.json (in target 'SpoonjoyCore' from project 'SpoonjoyApple')
    cd /Users/arimendelow/Projects/spoonjoy-apple
    builtin-copy -exclude .DS_Store -exclude CVS -exclude .svn -exclude .git -exclude .hg -resolve-src-symlinks -rename /Users/arimendelow/Library/Developer/Xcode/DerivedData/Spoonjoy-adbsilixtyfhasewikyduwzxgckv/Build/Intermediates.noindex/SpoonjoyApple.build/BootstrapDebug/SpoonjoyCore.build/Objects-normal/arm64/SpoonjoyCore.abi.json /Users/arimendelow/Library/Developer/Xcode/DerivedData/Spoonjoy-adbsilixtyfhasewikyduwzxgckv/Build/Products/BootstrapDebug/SpoonjoyCore.swiftmodule/arm64-apple-macos.abi.json

SwiftDriver Spoonjoy\ macOS normal arm64 com.apple.xcode.tools.swift.compiler (in target 'Spoonjoy macOS' from project 'Spoonjoy')
    cd /Users/arimendelow/Projects/spoonjoy-apple
    builtin-SwiftDriver -- /Applications/Xcode.app/Contents/Developer/Toolchains/XcodeDefault.xctoolchain/usr/bin/swiftc -module-name Spoonjoy -Onone @/Users/arimendelow/Library/Developer/Xcode/DerivedData/Spoonjoy-adbsilixtyfhasewikyduwzxgckv/Build/Intermediates.noindex/Spoonjoy.build/BootstrapDebug/Spoonjoy\ macOS.build/Objects-normal/arm64/Spoonjoy.SwiftFileList -DDEBUG -enable-experimental-feature DebugDescriptionMacro -sdk /Applications/Xcode.app/Contents/Developer/Platforms/MacOSX.platform/Developer/SDKs/MacOSX26.5.sdk -target arm64-apple-macos26.2 -g -module-cache-path /Users/arimendelow/Library/Developer/Xcode/DerivedData/ModuleCache.noindex -Xfrontend -serialize-debugging-options -enable-testing -warnings-as-errors -index-store-path /Users/arimendelow/Library/Developer/Xcode/DerivedData/Spoonjoy-adbsilixtyfhasewikyduwzxgckv/Index.noindex/DataStore -Xcc -D_LIBCPP_HARDENING_MODE\=_LIBCPP_HARDENING_MODE_DEBUG -swift-version 6 -I /Users/arimendelow/Library/Developer/Xcode/DerivedData/Spoonjoy-adbsilixtyfhasewikyduwzxgckv/Build/Products/BootstrapDebug -F /Users/arimendelow/Library/Developer/Xcode/DerivedData/Spoonjoy-adbsilixtyfhasewikyduwzxgckv/Build/Products/BootstrapDebug/PackageFrameworks -F /Users/arimendelow/Library/Developer/Xcode/DerivedData/Spoonjoy-adbsilixtyfhasewikyduwzxgckv/Build/Products/BootstrapDebug -c -j10 -enable-batch-mode -incremental -Xcc -ivfsstatcache -Xcc /Users/arimendelow/Library/Developer/Xcode/DerivedData/SDKStatCaches.noindex/macosx26.5-25F70-e082c4a02f00227109f4ed75e425c832.sdkstatcache -output-file-map /Users/arimendelow/Library/Developer/Xcode/DerivedData/Spoonjoy-adbsilixtyfhasewikyduwzxgckv/Build/Intermediates.noindex/Spoonjoy.build/BootstrapDebug/Spoonjoy\ macOS.build/Objects-normal/arm64/Spoonjoy\ macOS-OutputFileMap.json -use-frontend-parseable-output -save-temps -no-color-diagnostics -explicit-module-build -module-cache-path /Users/arimendelow/Library/Developer/Xcode/DerivedData/Spoonjoy-adbsilixtyfhasewikyduwzxgckv/Build/Intermediates.noindex/SwiftExplicitPrecompiledModules -clang-scanner-module-cache-path /Users/arimendelow/Library/Developer/Xcode/DerivedData/ModuleCache.noindex -sdk-module-cache-path /Users/arimendelow/Library/Developer/Xcode/DerivedData/ModuleCache.noindex -serialize-diagnostics -emit-dependencies -emit-module -emit-module-path /Users/arimendelow/Library/Developer/Xcode/DerivedData/Spoonjoy-adbsilixtyfhasewikyduwzxgckv/Build/Intermediates.noindex/Spoonjoy.build/BootstrapDebug/Spoonjoy\ macOS.build/Objects-normal/arm64/Spoonjoy.swiftmodule -validate-clang-modules-once -clang-build-session-file /Users/arimendelow/Library/Developer/Xcode/DerivedData/ModuleCache.noindex/Session.modulevalidation -Xcc -I/Users/arimendelow/Library/Developer/Xcode/DerivedData/Spoonjoy-adbsilixtyfhasewikyduwzxgckv/Build/Intermediates.noindex/Spoonjoy.build/BootstrapDebug/Spoonjoy\ macOS.build/swift-overrides.hmap -emit-const-values -Xfrontend -const-gather-protocols-file -Xfrontend /Users/arimendelow/Library/Developer/Xcode/DerivedData/Spoonjoy-adbsilixtyfhasewikyduwzxgckv/Build/Intermediates.noindex/Spoonjoy.build/BootstrapDebug/Spoonjoy\ macOS.build/Objects-normal/arm64/Spoonjoy\ macOS_const_extract_protocols.json -Xcc -iquote -Xcc /Users/arimendelow/Library/Developer/Xcode/DerivedData/Spoonjoy-adbsilixtyfhasewikyduwzxgckv/Build/Intermediates.noindex/Spoonjoy.build/BootstrapDebug/Spoonjoy\ macOS.build/Spoonjoy-generated-files.hmap -Xcc -I/Users/arimendelow/Library/Developer/Xcode/DerivedData/Spoonjoy-adbsilixtyfhasewikyduwzxgckv/Build/Intermediates.noindex/Spoonjoy.build/BootstrapDebug/Spoonjoy\ macOS.build/Spoonjoy-own-target-headers.hmap -Xcc -I/Users/arimendelow/Library/Developer/Xcode/DerivedData/Spoonjoy-adbsilixtyfhasewikyduwzxgckv/Build/Intermediates.noindex/Spoonjoy.build/BootstrapDebug/Spoonjoy\ macOS.build/Spoonjoy-all-non-framework-target-headers.hmap -Xcc -ivfsoverlay -Xcc /Users/arimendelow/Library/Developer/Xcode/DerivedData/Spoonjoy-adbsilixtyfhasewikyduwzxgckv/Build/Intermediates.noindex/Spoonjoy.build/BootstrapDebug/Spoonjoy-561e67053217bb880340d8fba8e33b11-VFS/all-product-headers.yaml -Xcc -iquote -Xcc /Users/arimendelow/Library/Developer/Xcode/DerivedData/Spoonjoy-adbsilixtyfhasewikyduwzxgckv/Build/Intermediates.noindex/Spoonjoy.build/BootstrapDebug/Spoonjoy\ macOS.build/Spoonjoy-project-headers.hmap -Xcc -I/Users/arimendelow/Library/Developer/Xcode/DerivedData/Spoonjoy-adbsilixtyfhasewikyduwzxgckv/Build/Products/BootstrapDebug/include -Xcc -I/Users/arimendelow/Library/Developer/Xcode/DerivedData/Spoonjoy-adbsilixtyfhasewikyduwzxgckv/Build/Intermediates.noindex/Spoonjoy.build/BootstrapDebug/Spoonjoy\ macOS.build/DerivedSources-normal/arm64 -Xcc -I/Users/arimendelow/Library/Developer/Xcode/DerivedData/Spoonjoy-adbsilixtyfhasewikyduwzxgckv/Build/Intermediates.noindex/Spoonjoy.build/BootstrapDebug/Spoonjoy\ macOS.build/DerivedSources/arm64 -Xcc -I/Users/arimendelow/Library/Developer/Xcode/DerivedData/Spoonjoy-adbsilixtyfhasewikyduwzxgckv/Build/Intermediates.noindex/Spoonjoy.build/BootstrapDebug/Spoonjoy\ macOS.build/DerivedSources -Xcc -DDEBUG\=1 -emit-objc-header -emit-objc-header-path /Users/arimendelow/Library/Developer/Xcode/DerivedData/Spoonjoy-adbsilixtyfhasewikyduwzxgckv/Build/Intermediates.noindex/Spoonjoy.build/BootstrapDebug/Spoonjoy\ macOS.build/Objects-normal/arm64/Spoonjoy-Swift.h -working-directory /Users/arimendelow/Projects/spoonjoy-apple -experimental-emit-module-separately -disable-cmo

SwiftDriverJobDiscovery normal arm64 Compiling DeepLinkRouter.swift, DeepLinkURLBuilder.swift (in target 'SpoonjoyCore' from project 'SpoonjoyApple')

SwiftDriverJobDiscovery normal arm64 Compiling ProfileChefGraphSurfaceViewModel.swift, RecipeActionsViewModel.swift (in target 'SpoonjoyCore' from project 'SpoonjoyApple')

SwiftDriverJobDiscovery normal arm64 Compiling ScreenViewModels.swift, SearchState.swift (in target 'SpoonjoyCore' from project 'SpoonjoyApple')

SwiftDriverJobDiscovery normal arm64 Compiling AppNavigationState.swift, AppRoute.swift (in target 'SpoonjoyCore' from project 'SpoonjoyApple')

SwiftDriverJobDiscovery normal arm64 Compiling RecipeCatalogViewModel.swift, RecipeDetailScreenViewModel.swift (in target 'SpoonjoyCore' from project 'SpoonjoyApple')

SwiftDriverJobDiscovery normal arm64 Compiling RecipeEditorViewModel.swift, NativeSharePayload.swift (in target 'SpoonjoyCore' from project 'SpoonjoyApple')

SwiftDriverJobDiscovery normal arm64 Compiling CaptureImportViewModel.swift, CookbookSurfaceViewModel.swift (in target 'SpoonjoyCore' from project 'SpoonjoyApple')

SwiftDriverJobDiscovery normal arm64 Compiling NativeIntentAction.swift, ScenarioVerifier.swift (in target 'SpoonjoyCore' from project 'SpoonjoyApple')

SwiftCompile normal arm64 Compiling\ CaptureDraftView.swift,\ CookbooksView.swift,\ CookModeView.swift /Users/arimendelow/Projects/spoonjoy-apple/Apps/Spoonjoy/Shared/Views/CaptureDraftView.swift /Users/arimendelow/Projects/spoonjoy-apple/Apps/Spoonjoy/Shared/Views/CookbooksView.swift /Users/arimendelow/Projects/spoonjoy-apple/Apps/Spoonjoy/Shared/Views/CookModeView.swift (in target 'Spoonjoy macOS' from project 'Spoonjoy')

SwiftCompile normal arm64 /Users/arimendelow/Projects/spoonjoy-apple/Apps/Spoonjoy/Shared/Views/CaptureDraftView.swift (in target 'Spoonjoy macOS' from project 'Spoonjoy')
    cd /Users/arimendelow/Projects/spoonjoy-apple


SwiftCompile normal arm64 /Users/arimendelow/Projects/spoonjoy-apple/Apps/Spoonjoy/Shared/Views/CookbooksView.swift (in target 'Spoonjoy macOS' from project 'Spoonjoy')
    cd /Users/arimendelow/Projects/spoonjoy-apple


SwiftCompile normal arm64 /Users/arimendelow/Projects/spoonjoy-apple/Apps/Spoonjoy/Shared/Views/CookModeView.swift (in target 'Spoonjoy macOS' from project 'Spoonjoy')
    cd /Users/arimendelow/Projects/spoonjoy-apple


SwiftCompile normal arm64 Compiling\ RecipeEditorView.swift,\ RecipesView.swift,\ SearchView.swift /Users/arimendelow/Projects/spoonjoy-apple/Apps/Spoonjoy/Shared/Views/RecipeEditorView.swift /Users/arimendelow/Projects/spoonjoy-apple/Apps/Spoonjoy/Shared/Views/RecipesView.swift /Users/arimendelow/Projects/spoonjoy-apple/Apps/Spoonjoy/Shared/Views/SearchView.swift (in target 'Spoonjoy macOS' from project 'Spoonjoy')

SwiftCompile normal arm64 /Users/arimendelow/Projects/spoonjoy-apple/Apps/Spoonjoy/Shared/Views/RecipeEditorView.swift (in target 'Spoonjoy macOS' from project 'Spoonjoy')
    cd /Users/arimendelow/Projects/spoonjoy-apple


SwiftCompile normal arm64 /Users/arimendelow/Projects/spoonjoy-apple/Apps/Spoonjoy/Shared/Views/RecipesView.swift (in target 'Spoonjoy macOS' from project 'Spoonjoy')
    cd /Users/arimendelow/Projects/spoonjoy-apple


SwiftCompile normal arm64 /Users/arimendelow/Projects/spoonjoy-apple/Apps/Spoonjoy/Shared/Views/SearchView.swift (in target 'Spoonjoy macOS' from project 'Spoonjoy')
    cd /Users/arimendelow/Projects/spoonjoy-apple


SwiftCompile normal arm64 Compiling\ SignedOutSetupView.swift,\ SpoonCookLogView.swift,\ SpoonjoyAppIntents.swift /Users/arimendelow/Projects/spoonjoy-apple/Apps/Spoonjoy/Shared/AppShell/SignedOutSetupView.swift /Users/arimendelow/Projects/spoonjoy-apple/Apps/Spoonjoy/Shared/Views/SpoonCookLogView.swift /Users/arimendelow/Projects/spoonjoy-apple/Apps/Spoonjoy/Shared/Native/SpoonjoyAppIntents.swift (in target 'Spoonjoy macOS' from project 'Spoonjoy')

SwiftCompile normal arm64 /Users/arimendelow/Projects/spoonjoy-apple/Apps/Spoonjoy/Shared/AppShell/SignedOutSetupView.swift (in target 'Spoonjoy macOS' from project 'Spoonjoy')
    cd /Users/arimendelow/Projects/spoonjoy-apple


SwiftCompile normal arm64 /Users/arimendelow/Projects/spoonjoy-apple/Apps/Spoonjoy/Shared/Views/SpoonCookLogView.swift (in target 'Spoonjoy macOS' from project 'Spoonjoy')
    cd /Users/arimendelow/Projects/spoonjoy-apple


SwiftCompile normal arm64 /Users/arimendelow/Projects/spoonjoy-apple/Apps/Spoonjoy/Shared/Native/SpoonjoyAppIntents.swift (in target 'Spoonjoy macOS' from project 'Spoonjoy')
    cd /Users/arimendelow/Projects/spoonjoy-apple


SwiftCompile normal arm64 Compiling\ SpoonjoyWebAuthenticationSession.swift,\ GeneratedAssetSymbols.swift /Users/arimendelow/Projects/spoonjoy-apple/Apps/Spoonjoy/Shared/Auth/SpoonjoyWebAuthenticationSession.swift /Users/arimendelow/Library/Developer/Xcode/DerivedData/Spoonjoy-adbsilixtyfhasewikyduwzxgckv/Build/Intermediates.noindex/Spoonjoy.build/BootstrapDebug/Spoonjoy\ macOS.build/DerivedSources/GeneratedAssetSymbols.swift (in target 'Spoonjoy macOS' from project 'Spoonjoy')

SwiftCompile normal arm64 /Users/arimendelow/Projects/spoonjoy-apple/Apps/Spoonjoy/Shared/Auth/SpoonjoyWebAuthenticationSession.swift (in target 'Spoonjoy macOS' from project 'Spoonjoy')
    cd /Users/arimendelow/Projects/spoonjoy-apple


SwiftCompile normal arm64 /Users/arimendelow/Library/Developer/Xcode/DerivedData/Spoonjoy-adbsilixtyfhasewikyduwzxgckv/Build/Intermediates.noindex/Spoonjoy.build/BootstrapDebug/Spoonjoy\ macOS.build/DerivedSources/GeneratedAssetSymbols.swift (in target 'Spoonjoy macOS' from project 'Spoonjoy')
    cd /Users/arimendelow/Projects/spoonjoy-apple


SwiftEmitModule normal arm64 Emitting\ module\ for\ Spoonjoy (in target 'Spoonjoy macOS' from project 'Spoonjoy')

EmitSwiftModule normal arm64 (in target 'Spoonjoy macOS' from project 'Spoonjoy')
    cd /Users/arimendelow/Projects/spoonjoy-apple


SwiftCompile normal arm64 Compiling\ SettingsView.swift,\ ShareActions.swift,\ ShoppingListView.swift /Users/arimendelow/Projects/spoonjoy-apple/Apps/Spoonjoy/Shared/Views/SettingsView.swift /Users/arimendelow/Projects/spoonjoy-apple/Apps/Spoonjoy/Shared/AppShell/ShareActions.swift /Users/arimendelow/Projects/spoonjoy-apple/Apps/Spoonjoy/Shared/Views/ShoppingListView.swift (in target 'Spoonjoy macOS' from project 'Spoonjoy')

SwiftCompile normal arm64 /Users/arimendelow/Projects/spoonjoy-apple/Apps/Spoonjoy/Shared/Views/SettingsView.swift (in target 'Spoonjoy macOS' from project 'Spoonjoy')
    cd /Users/arimendelow/Projects/spoonjoy-apple


SwiftCompile normal arm64 /Users/arimendelow/Projects/spoonjoy-apple/Apps/Spoonjoy/Shared/AppShell/ShareActions.swift (in target 'Spoonjoy macOS' from project 'Spoonjoy')
    cd /Users/arimendelow/Projects/spoonjoy-apple


SwiftCompile normal arm64 /Users/arimendelow/Projects/spoonjoy-apple/Apps/Spoonjoy/Shared/Views/ShoppingListView.swift (in target 'Spoonjoy macOS' from project 'Spoonjoy')
    cd /Users/arimendelow/Projects/spoonjoy-apple


SwiftCompile normal arm64 Compiling\ RecipeCoverControlsView.swift,\ RecipeCoverImage.swift,\ RecipeDetailView.swift /Users/arimendelow/Projects/spoonjoy-apple/Apps/Spoonjoy/Shared/Views/RecipeCoverControlsView.swift /Users/arimendelow/Projects/spoonjoy-apple/Apps/Spoonjoy/Shared/Components/RecipeCoverImage.swift /Users/arimendelow/Projects/spoonjoy-apple/Apps/Spoonjoy/Shared/Views/RecipeDetailView.swift (in target 'Spoonjoy macOS' from project 'Spoonjoy')

SwiftCompile normal arm64 /Users/arimendelow/Projects/spoonjoy-apple/Apps/Spoonjoy/Shared/Views/RecipeCoverControlsView.swift (in target 'Spoonjoy macOS' from project 'Spoonjoy')
    cd /Users/arimendelow/Projects/spoonjoy-apple


SwiftCompile normal arm64 /Users/arimendelow/Projects/spoonjoy-apple/Apps/Spoonjoy/Shared/Components/RecipeCoverImage.swift (in target 'Spoonjoy macOS' from project 'Spoonjoy')
    cd /Users/arimendelow/Projects/spoonjoy-apple


SwiftCompile normal arm64 /Users/arimendelow/Projects/spoonjoy-apple/Apps/Spoonjoy/Shared/Views/RecipeDetailView.swift (in target 'Spoonjoy macOS' from project 'Spoonjoy')
    cd /Users/arimendelow/Projects/spoonjoy-apple


SwiftCompile normal arm64 Compiling\ SpoonjoyMacApp.swift,\ SpoonjoyRootView.swift /Users/arimendelow/Projects/spoonjoy-apple/Apps/Spoonjoy/macOS/SpoonjoyMacApp.swift /Users/arimendelow/Projects/spoonjoy-apple/Apps/Spoonjoy/Shared/AppShell/SpoonjoyRootView.swift (in target 'Spoonjoy macOS' from project 'Spoonjoy')

SwiftCompile normal arm64 /Users/arimendelow/Projects/spoonjoy-apple/Apps/Spoonjoy/macOS/SpoonjoyMacApp.swift (in target 'Spoonjoy macOS' from project 'Spoonjoy')
    cd /Users/arimendelow/Projects/spoonjoy-apple


SwiftCompile normal arm64 /Users/arimendelow/Projects/spoonjoy-apple/Apps/Spoonjoy/Shared/AppShell/SpoonjoyRootView.swift (in target 'Spoonjoy macOS' from project 'Spoonjoy')
    cd /Users/arimendelow/Projects/spoonjoy-apple


SwiftCompile normal arm64 Compiling\ SpoonjoySpotlightIndexer.swift,\ SpoonjoyToolbar.swift /Users/arimendelow/Projects/spoonjoy-apple/Apps/Spoonjoy/Shared/Native/SpoonjoySpotlightIndexer.swift /Users/arimendelow/Projects/spoonjoy-apple/Apps/Spoonjoy/Shared/AppShell/SpoonjoyToolbar.swift (in target 'Spoonjoy macOS' from project 'Spoonjoy')

SwiftCompile normal arm64 /Users/arimendelow/Projects/spoonjoy-apple/Apps/Spoonjoy/Shared/Native/SpoonjoySpotlightIndexer.swift (in target 'Spoonjoy macOS' from project 'Spoonjoy')
    cd /Users/arimendelow/Projects/spoonjoy-apple


SwiftCompile normal arm64 /Users/arimendelow/Projects/spoonjoy-apple/Apps/Spoonjoy/Shared/AppShell/SpoonjoyToolbar.swift (in target 'Spoonjoy macOS' from project 'Spoonjoy')
    cd /Users/arimendelow/Projects/spoonjoy-apple


SwiftCompile normal arm64 Compiling\ PlatformNavigationView.swift,\ ProfileView.swift,\ ReceiptListView.swift /Users/arimendelow/Projects/spoonjoy-apple/Apps/Spoonjoy/Shared/AppShell/PlatformNavigationView.swift /Users/arimendelow/Projects/spoonjoy-apple/Apps/Spoonjoy/Shared/Views/ProfileView.swift /Users/arimendelow/Projects/spoonjoy-apple/Apps/Spoonjoy/Shared/Components/ReceiptListView.swift (in target 'Spoonjoy macOS' from project 'Spoonjoy')
SwiftCompile normal arm64 /Users/arimendelow/Projects/spoonjoy-apple/Apps/Spoonjoy/Shared/AppShell/PlatformNavigationView.swift (in target 'Spoonjoy macOS' from project 'Spoonjoy')
    cd /Users/arimendelow/Projects/spoonjoy-apple


SwiftCompile normal arm64 /Users/arimendelow/Projects/spoonjoy-apple/Apps/Spoonjoy/Shared/Views/ProfileView.swift (in target 'Spoonjoy macOS' from project 'Spoonjoy')
    cd /Users/arimendelow/Projects/spoonjoy-apple


SwiftCompile normal arm64 /Users/arimendelow/Projects/spoonjoy-apple/Apps/Spoonjoy/Shared/Components/ReceiptListView.swift (in target 'Spoonjoy macOS' from project 'Spoonjoy')
    cd /Users/arimendelow/Projects/spoonjoy-apple


SwiftDriverJobDiscovery normal arm64 Compiling NativeAppSnapshot.swift, NativeLiveAppStore.swift (in target 'SpoonjoyCore' from project 'SpoonjoyApple')

SwiftDriver\ Compilation SpoonjoyCore normal arm64 com.apple.xcode.tools.swift.compiler (in target 'SpoonjoyCore' from project 'SpoonjoyApple')
    cd /Users/arimendelow/Projects/spoonjoy-apple/Spoonjoy.xcodeproj
    builtin-Swift-Compilation -- /Applications/Xcode.app/Contents/Developer/Toolchains/XcodeDefault.xctoolchain/usr/bin/swiftc -module-name SpoonjoyCore -Onone @/Users/arimendelow/Library/Developer/Xcode/DerivedData/Spoonjoy-adbsilixtyfhasewikyduwzxgckv/Build/Intermediates.noindex/SpoonjoyApple.build/BootstrapDebug/SpoonjoyCore.build/Objects-normal/arm64/SpoonjoyCore.SwiftFileList -DSWIFT_PACKAGE -DDEBUG -DSWIFT_MODULE_RESOURCE_BUNDLE_AVAILABLE -DXcode -plugin-path /Applications/Xcode.app/Contents/Developer/Toolchains/XcodeDefault.xctoolchain/usr/lib/swift/host/plugins/testing -enable-experimental-feature DebugDescriptionMacro -sdk /Applications/Xcode.app/Contents/Developer/Platforms/MacOSX.platform/Developer/SDKs/MacOSX26.5.sdk -target arm64-apple-macos26.0 -g -module-cache-path /Users/arimendelow/Library/Developer/Xcode/DerivedData/ModuleCache.noindex -Xfrontend -serialize-debugging-options -enable-testing -suppress-warnings -index-store-path /Users/arimendelow/Library/Developer/Xcode/DerivedData/Spoonjoy-adbsilixtyfhasewikyduwzxgckv/Index.noindex/DataStore -Xcc -D_LIBCPP_HARDENING_MODE\=_LIBCPP_HARDENING_MODE_DEBUG -swift-version 6 -I /Users/arimendelow/Library/Developer/Xcode/DerivedData/Spoonjoy-adbsilixtyfhasewikyduwzxgckv/Build/Products/BootstrapDebug -Isystem /Applications/Xcode.app/Contents/Developer/Platforms/MacOSX.platform/Developer/usr/lib -F /Users/arimendelow/Library/Developer/Xcode/DerivedData/Spoonjoy-adbsilixtyfhasewikyduwzxgckv/Build/Products/BootstrapDebug -F /Applications/Xcode.app/Contents/Developer/Platforms/MacOSX.platform/Developer/Library/Frameworks -c -j10 -enable-batch-mode -incremental -Xcc -ivfsstatcache -Xcc /Users/arimendelow/Library/Developer/Xcode/DerivedData/SDKStatCaches.noindex/macosx26.5-25F70-e082c4a02f00227109f4ed75e425c832.sdkstatcache -output-file-map /Users/arimendelow/Library/Developer/Xcode/DerivedData/Spoonjoy-adbsilixtyfhasewikyduwzxgckv/Build/Intermediates.noindex/SpoonjoyApple.build/BootstrapDebug/SpoonjoyCore.build/Objects-normal/arm64/SpoonjoyCore-OutputFileMap.json -use-frontend-parseable-output -save-temps -no-color-diagnostics -explicit-module-build -module-cache-path /Users/arimendelow/Library/Developer/Xcode/DerivedData/Spoonjoy-adbsilixtyfhasewikyduwzxgckv/Build/Intermediates.noindex/SwiftExplicitPrecompiledModules -clang-scanner-module-cache-path /Users/arimendelow/Library/Developer/Xcode/DerivedData/ModuleCache.noindex -sdk-module-cache-path /Users/arimendelow/Library/Developer/Xcode/DerivedData/ModuleCache.noindex -serialize-diagnostics -emit-dependencies -emit-module -emit-module-path /Users/arimendelow/Library/Developer/Xcode/DerivedData/Spoonjoy-adbsilixtyfhasewikyduwzxgckv/Build/Intermediates.noindex/SpoonjoyApple.build/BootstrapDebug/SpoonjoyCore.build/Objects-normal/arm64/SpoonjoyCore.swiftmodule -validate-clang-modules-once -clang-build-session-file /Users/arimendelow/Library/Developer/Xcode/DerivedData/ModuleCache.noindex/Session.modulevalidation -package-name spoonjoy_apple -Xcc -I/Users/arimendelow/Library/Developer/Xcode/DerivedData/Spoonjoy-adbsilixtyfhasewikyduwzxgckv/Build/Intermediates.noindex/SpoonjoyApple.build/BootstrapDebug/SpoonjoyCore.build/swift-overrides.hmap -emit-const-values -Xfrontend -const-gather-protocols-file -Xfrontend /Users/arimendelow/Library/Developer/Xcode/DerivedData/Spoonjoy-adbsilixtyfhasewikyduwzxgckv/Build/Intermediates.noindex/SpoonjoyApple.build/BootstrapDebug/SpoonjoyCore.build/Objects-normal/arm64/SpoonjoyCore_const_extract_protocols.json -Xcc -I/Users/arimendelow/Library/Developer/Xcode/DerivedData/Spoonjoy-adbsilixtyfhasewikyduwzxgckv/Build/Products/BootstrapDebug/include -Xcc -I/Users/arimendelow/Library/Developer/Xcode/DerivedData/Spoonjoy-adbsilixtyfhasewikyduwzxgckv/Build/Intermediates.noindex/SpoonjoyApple.build/BootstrapDebug/SpoonjoyCore.build/DerivedSources-normal/arm64 -Xcc -I/Users/arimendelow/Library/Developer/Xcode/DerivedData/Spoonjoy-adbsilixtyfhasewikyduwzxgckv/Build/Intermediates.noindex/SpoonjoyApple.build/BootstrapDebug/SpoonjoyCore.build/DerivedSources/arm64 -Xcc -I/Users/arimendelow/Library/Developer/Xcode/DerivedData/Spoonjoy-adbsilixtyfhasewikyduwzxgckv/Build/Intermediates.noindex/SpoonjoyApple.build/BootstrapDebug/SpoonjoyCore.build/DerivedSources -Xcc -DSWIFT_PACKAGE -Xcc -DDEBUG\=1 -emit-objc-header -emit-objc-header-path /Users/arimendelow/Library/Developer/Xcode/DerivedData/Spoonjoy-adbsilixtyfhasewikyduwzxgckv/Build/Intermediates.noindex/SpoonjoyApple.build/BootstrapDebug/SpoonjoyCore.build/Objects-normal/arm64/SpoonjoyCore-Swift.h -working-directory /Users/arimendelow/Projects/spoonjoy-apple/Spoonjoy.xcodeproj -experimental-emit-module-separately -disable-cmo

SwiftDriverJobDiscovery normal arm64 Compiling SpoonjoySpotlightIndexer.swift, SpoonjoyToolbar.swift (in target 'Spoonjoy macOS' from project 'Spoonjoy')

SwiftCompile normal arm64 Compiling\ KitchenSafeControls.swift,\ KitchenView.swift,\ OfflineStatusView.swift /Users/arimendelow/Projects/spoonjoy-apple/Apps/Spoonjoy/Shared/Components/KitchenSafeControls.swift /Users/arimendelow/Projects/spoonjoy-apple/Apps/Spoonjoy/Shared/Views/KitchenView.swift /Users/arimendelow/Projects/spoonjoy-apple/Apps/Spoonjoy/Shared/Components/OfflineStatusView.swift (in target 'Spoonjoy macOS' from project 'Spoonjoy')

SwiftCompile normal arm64 /Users/arimendelow/Projects/spoonjoy-apple/Apps/Spoonjoy/Shared/Components/KitchenSafeControls.swift (in target 'Spoonjoy macOS' from project 'Spoonjoy')
    cd /Users/arimendelow/Projects/spoonjoy-apple


SwiftCompile normal arm64 /Users/arimendelow/Projects/spoonjoy-apple/Apps/Spoonjoy/Shared/Views/KitchenView.swift (in target 'Spoonjoy macOS' from project 'Spoonjoy')
    cd /Users/arimendelow/Projects/spoonjoy-apple


SwiftCompile normal arm64 /Users/arimendelow/Projects/spoonjoy-apple/Apps/Spoonjoy/Shared/Components/OfflineStatusView.swift (in target 'Spoonjoy macOS' from project 'Spoonjoy')
    cd /Users/arimendelow/Projects/spoonjoy-apple


SwiftDriverJobDiscovery normal arm64 Compiling SpoonjoyWebAuthenticationSession.swift, GeneratedAssetSymbols.swift (in target 'Spoonjoy macOS' from project 'Spoonjoy')

Ld /Users/arimendelow/Library/Developer/Xcode/DerivedData/Spoonjoy-adbsilixtyfhasewikyduwzxgckv/Build/Products/BootstrapDebug/SpoonjoyCore.o normal (in target 'SpoonjoyCore' from project 'SpoonjoyApple')
    cd /Users/arimendelow/Projects/spoonjoy-apple
    /Applications/Xcode.app/Contents/Developer/Toolchains/XcodeDefault.xctoolchain/usr/bin/clang -Xlinker -reproducible -target arm64-apple-macos26.0 -r -isysroot /Applications/Xcode.app/Contents/Developer/Platforms/MacOSX.platform/Developer/SDKs/MacOSX26.5.sdk -O0 -w -F/Users/arimendelow/Library/Developer/Xcode/DerivedData/Spoonjoy-adbsilixtyfhasewikyduwzxgckv/Build/Intermediates.noindex/EagerLinkingTBDs/BootstrapDebug -F/Users/arimendelow/Library/Developer/Xcode/DerivedData/Spoonjoy-adbsilixtyfhasewikyduwzxgckv/Build/Products/BootstrapDebug -iframework /Applications/Xcode.app/Contents/Developer/Platforms/MacOSX.platform/Developer/Library/Frameworks -filelist /Users/arimendelow/Library/Developer/Xcode/DerivedData/Spoonjoy-adbsilixtyfhasewikyduwzxgckv/Build/Intermediates.noindex/SpoonjoyApple.build/BootstrapDebug/SpoonjoyCore.build/Objects-normal/arm64/SpoonjoyCore.LinkFileList -nostdlib -Xlinker -object_path_lto -Xlinker /Users/arimendelow/Library/Developer/Xcode/DerivedData/Spoonjoy-adbsilixtyfhasewikyduwzxgckv/Build/Intermediates.noindex/SpoonjoyApple.build/BootstrapDebug/SpoonjoyCore.build/Objects-normal/arm64/SpoonjoyCore_lto.o -Xlinker -no_deduplicate -Xlinker -dependency_info -Xlinker /Users/arimendelow/Library/Developer/Xcode/DerivedData/Spoonjoy-adbsilixtyfhasewikyduwzxgckv/Build/Intermediates.noindex/SpoonjoyApple.build/BootstrapDebug/SpoonjoyCore.build/Objects-normal/arm64/SpoonjoyCore_dependency_info.dat -fobjc-link-runtime -L/Applications/Xcode.app/Contents/Developer/Toolchains/XcodeDefault.xctoolchain/usr/lib/swift/macosx -L/usr/lib/swift -Xlinker -add_ast_path -Xlinker /Users/arimendelow/Library/Developer/Xcode/DerivedData/Spoonjoy-adbsilixtyfhasewikyduwzxgckv/Build/Intermediates.noindex/SpoonjoyApple.build/BootstrapDebug/SpoonjoyCore.build/Objects-normal/arm64/SpoonjoyCore.swiftmodule @/Users/arimendelow/Library/Developer/Xcode/DerivedData/Spoonjoy-adbsilixtyfhasewikyduwzxgckv/Build/Intermediates.noindex/SpoonjoyApple.build/BootstrapDebug/SpoonjoyCore.build/Objects-normal/arm64/SpoonjoyCore-linker-args.resp -o /Users/arimendelow/Library/Developer/Xcode/DerivedData/Spoonjoy-adbsilixtyfhasewikyduwzxgckv/Build/Products/BootstrapDebug/SpoonjoyCore.o

ExtractAppIntentsMetadata (in target 'SpoonjoyCore' from project 'SpoonjoyApple')
    cd /Users/arimendelow/Projects/spoonjoy-apple
    /Applications/Xcode.app/Contents/Developer/Toolchains/XcodeDefault.xctoolchain/usr/bin/appintentsmetadataprocessor --toolchain-dir /Applications/Xcode.app/Contents/Developer/Toolchains/XcodeDefault.xctoolchain --module-name SpoonjoyCore --sdk-root /Applications/Xcode.app/Contents/Developer/Platforms/MacOSX.platform/Developer/SDKs/MacOSX26.5.sdk --xcode-version 17F42 --platform-family macOS --deployment-target 26.0 --bundle-identifier spoonjoy-apple.SpoonjoyCore --output /Users/arimendelow/Library/Developer/Xcode/DerivedData/Spoonjoy-adbsilixtyfhasewikyduwzxgckv/Build/Products/BootstrapDebug/SpoonjoyCore.appintents --target-triple arm64-apple-macos26.0 --binary-file /Users/arimendelow/Library/Developer/Xcode/DerivedData/Spoonjoy-adbsilixtyfhasewikyduwzxgckv/Build/Products/BootstrapDebug/SpoonjoyCore.o --dependency-file /Users/arimendelow/Library/Developer/Xcode/DerivedData/Spoonjoy-adbsilixtyfhasewikyduwzxgckv/Build/Intermediates.noindex/SpoonjoyApple.build/BootstrapDebug/SpoonjoyCore.build/Objects-normal/arm64/SpoonjoyCore_dependency_info.dat --stringsdata-file /Users/arimendelow/Library/Developer/Xcode/DerivedData/Spoonjoy-adbsilixtyfhasewikyduwzxgckv/Build/Intermediates.noindex/SpoonjoyApple.build/BootstrapDebug/SpoonjoyCore.build/Objects-normal/arm64/ExtractedAppShortcutsMetadata.stringsdata --source-file-list /Users/arimendelow/Library/Developer/Xcode/DerivedData/Spoonjoy-adbsilixtyfhasewikyduwzxgckv/Build/Intermediates.noindex/SpoonjoyApple.build/BootstrapDebug/SpoonjoyCore.build/Objects-normal/arm64/SpoonjoyCore.SwiftFileList --metadata-file-list /Users/arimendelow/Library/Developer/Xcode/DerivedData/Spoonjoy-adbsilixtyfhasewikyduwzxgckv/Build/Intermediates.noindex/SpoonjoyApple.build/BootstrapDebug/SpoonjoyCore.build/SpoonjoyCore.DependencyMetadataFileList --static-metadata-file-list /Users/arimendelow/Library/Developer/Xcode/DerivedData/Spoonjoy-adbsilixtyfhasewikyduwzxgckv/Build/Intermediates.noindex/SpoonjoyApple.build/BootstrapDebug/SpoonjoyCore.build/SpoonjoyCore.DependencyStaticMetadataFileList --swift-const-vals-list /Users/arimendelow/Library/Developer/Xcode/DerivedData/Spoonjoy-adbsilixtyfhasewikyduwzxgckv/Build/Intermediates.noindex/SpoonjoyApple.build/BootstrapDebug/SpoonjoyCore.build/Objects-normal/arm64/SpoonjoyCore.SwiftConstValuesFileList --force --compile-time-extraction --deployment-aware-processing --validate-assistant-intents --no-app-shortcuts-localization
2026-06-27 18:26:38.540 appintentsmetadataprocessor[92074:12786357] Starting appintentsmetadataprocessor export
2026-06-27 18:26:38.593 appintentsmetadataprocessor[92074:12786357] Extracted no relevant App Intents symbols, skipping writing output

SwiftDriverJobDiscovery normal arm64 Compiling SettingsView.swift, ShareActions.swift, ShoppingListView.swift (in target 'Spoonjoy macOS' from project 'Spoonjoy')

SwiftDriverJobDiscovery normal arm64 Compiling SpoonjoyMacApp.swift, SpoonjoyRootView.swift (in target 'Spoonjoy macOS' from project 'Spoonjoy')

RegisterExecutionPolicyException /Users/arimendelow/Library/Developer/Xcode/DerivedData/Spoonjoy-adbsilixtyfhasewikyduwzxgckv/Build/Products/BootstrapDebug/SpoonjoyCore.o (in target 'SpoonjoyCore' from project 'SpoonjoyApple')
    cd /Users/arimendelow/Projects/spoonjoy-apple
    builtin-RegisterExecutionPolicyException /Users/arimendelow/Library/Developer/Xcode/DerivedData/Spoonjoy-adbsilixtyfhasewikyduwzxgckv/Build/Products/BootstrapDebug/SpoonjoyCore.o

SwiftDriverJobDiscovery normal arm64 Compiling KitchenSafeControls.swift, KitchenView.swift, OfflineStatusView.swift (in target 'Spoonjoy macOS' from project 'Spoonjoy')

SwiftDriverJobDiscovery normal arm64 Compiling RecipeEditorView.swift, RecipesView.swift, SearchView.swift (in target 'Spoonjoy macOS' from project 'Spoonjoy')

SwiftDriverJobDiscovery normal arm64 Compiling SignedOutSetupView.swift, SpoonCookLogView.swift, SpoonjoyAppIntents.swift (in target 'Spoonjoy macOS' from project 'Spoonjoy')

SwiftDriverJobDiscovery normal arm64 Compiling RecipeCoverControlsView.swift, RecipeCoverImage.swift, RecipeDetailView.swift (in target 'Spoonjoy macOS' from project 'Spoonjoy')

SwiftDriverJobDiscovery normal arm64 Compiling CaptureDraftView.swift, CookbooksView.swift, CookModeView.swift (in target 'Spoonjoy macOS' from project 'Spoonjoy')

SwiftDriverJobDiscovery normal arm64 Compiling PlatformNavigationView.swift, ProfileView.swift, ReceiptListView.swift (in target 'Spoonjoy macOS' from project 'Spoonjoy')

SwiftDriver\ Compilation Spoonjoy\ macOS normal arm64 com.apple.xcode.tools.swift.compiler (in target 'Spoonjoy macOS' from project 'Spoonjoy')
    cd /Users/arimendelow/Projects/spoonjoy-apple
    builtin-Swift-Compilation -- /Applications/Xcode.app/Contents/Developer/Toolchains/XcodeDefault.xctoolchain/usr/bin/swiftc -module-name Spoonjoy -Onone @/Users/arimendelow/Library/Developer/Xcode/DerivedData/Spoonjoy-adbsilixtyfhasewikyduwzxgckv/Build/Intermediates.noindex/Spoonjoy.build/BootstrapDebug/Spoonjoy\ macOS.build/Objects-normal/arm64/Spoonjoy.SwiftFileList -DDEBUG -enable-experimental-feature DebugDescriptionMacro -sdk /Applications/Xcode.app/Contents/Developer/Platforms/MacOSX.platform/Developer/SDKs/MacOSX26.5.sdk -target arm64-apple-macos26.2 -g -module-cache-path /Users/arimendelow/Library/Developer/Xcode/DerivedData/ModuleCache.noindex -Xfrontend -serialize-debugging-options -enable-testing -warnings-as-errors -index-store-path /Users/arimendelow/Library/Developer/Xcode/DerivedData/Spoonjoy-adbsilixtyfhasewikyduwzxgckv/Index.noindex/DataStore -Xcc -D_LIBCPP_HARDENING_MODE\=_LIBCPP_HARDENING_MODE_DEBUG -swift-version 6 -I /Users/arimendelow/Library/Developer/Xcode/DerivedData/Spoonjoy-adbsilixtyfhasewikyduwzxgckv/Build/Products/BootstrapDebug -F /Users/arimendelow/Library/Developer/Xcode/DerivedData/Spoonjoy-adbsilixtyfhasewikyduwzxgckv/Build/Products/BootstrapDebug/PackageFrameworks -F /Users/arimendelow/Library/Developer/Xcode/DerivedData/Spoonjoy-adbsilixtyfhasewikyduwzxgckv/Build/Products/BootstrapDebug -c -j10 -enable-batch-mode -incremental -Xcc -ivfsstatcache -Xcc /Users/arimendelow/Library/Developer/Xcode/DerivedData/SDKStatCaches.noindex/macosx26.5-25F70-e082c4a02f00227109f4ed75e425c832.sdkstatcache -output-file-map /Users/arimendelow/Library/Developer/Xcode/DerivedData/Spoonjoy-adbsilixtyfhasewikyduwzxgckv/Build/Intermediates.noindex/Spoonjoy.build/BootstrapDebug/Spoonjoy\ macOS.build/Objects-normal/arm64/Spoonjoy\ macOS-OutputFileMap.json -use-frontend-parseable-output -save-temps -no-color-diagnostics -explicit-module-build -module-cache-path /Users/arimendelow/Library/Developer/Xcode/DerivedData/Spoonjoy-adbsilixtyfhasewikyduwzxgckv/Build/Intermediates.noindex/SwiftExplicitPrecompiledModules -clang-scanner-module-cache-path /Users/arimendelow/Library/Developer/Xcode/DerivedData/ModuleCache.noindex -sdk-module-cache-path /Users/arimendelow/Library/Developer/Xcode/DerivedData/ModuleCache.noindex -serialize-diagnostics -emit-dependencies -emit-module -emit-module-path /Users/arimendelow/Library/Developer/Xcode/DerivedData/Spoonjoy-adbsilixtyfhasewikyduwzxgckv/Build/Intermediates.noindex/Spoonjoy.build/BootstrapDebug/Spoonjoy\ macOS.build/Objects-normal/arm64/Spoonjoy.swiftmodule -validate-clang-modules-once -clang-build-session-file /Users/arimendelow/Library/Developer/Xcode/DerivedData/ModuleCache.noindex/Session.modulevalidation -Xcc -I/Users/arimendelow/Library/Developer/Xcode/DerivedData/Spoonjoy-adbsilixtyfhasewikyduwzxgckv/Build/Intermediates.noindex/Spoonjoy.build/BootstrapDebug/Spoonjoy\ macOS.build/swift-overrides.hmap -emit-const-values -Xfrontend -const-gather-protocols-file -Xfrontend /Users/arimendelow/Library/Developer/Xcode/DerivedData/Spoonjoy-adbsilixtyfhasewikyduwzxgckv/Build/Intermediates.noindex/Spoonjoy.build/BootstrapDebug/Spoonjoy\ macOS.build/Objects-normal/arm64/Spoonjoy\ macOS_const_extract_protocols.json -Xcc -iquote -Xcc /Users/arimendelow/Library/Developer/Xcode/DerivedData/Spoonjoy-adbsilixtyfhasewikyduwzxgckv/Build/Intermediates.noindex/Spoonjoy.build/BootstrapDebug/Spoonjoy\ macOS.build/Spoonjoy-generated-files.hmap -Xcc -I/Users/arimendelow/Library/Developer/Xcode/DerivedData/Spoonjoy-adbsilixtyfhasewikyduwzxgckv/Build/Intermediates.noindex/Spoonjoy.build/BootstrapDebug/Spoonjoy\ macOS.build/Spoonjoy-own-target-headers.hmap -Xcc -I/Users/arimendelow/Library/Developer/Xcode/DerivedData/Spoonjoy-adbsilixtyfhasewikyduwzxgckv/Build/Intermediates.noindex/Spoonjoy.build/BootstrapDebug/Spoonjoy\ macOS.build/Spoonjoy-all-non-framework-target-headers.hmap -Xcc -ivfsoverlay -Xcc /Users/arimendelow/Library/Developer/Xcode/DerivedData/Spoonjoy-adbsilixtyfhasewikyduwzxgckv/Build/Intermediates.noindex/Spoonjoy.build/BootstrapDebug/Spoonjoy-561e67053217bb880340d8fba8e33b11-VFS/all-product-headers.yaml -Xcc -iquote -Xcc /Users/arimendelow/Library/Developer/Xcode/DerivedData/Spoonjoy-adbsilixtyfhasewikyduwzxgckv/Build/Intermediates.noindex/Spoonjoy.build/BootstrapDebug/Spoonjoy\ macOS.build/Spoonjoy-project-headers.hmap -Xcc -I/Users/arimendelow/Library/Developer/Xcode/DerivedData/Spoonjoy-adbsilixtyfhasewikyduwzxgckv/Build/Products/BootstrapDebug/include -Xcc -I/Users/arimendelow/Library/Developer/Xcode/DerivedData/Spoonjoy-adbsilixtyfhasewikyduwzxgckv/Build/Intermediates.noindex/Spoonjoy.build/BootstrapDebug/Spoonjoy\ macOS.build/DerivedSources-normal/arm64 -Xcc -I/Users/arimendelow/Library/Developer/Xcode/DerivedData/Spoonjoy-adbsilixtyfhasewikyduwzxgckv/Build/Intermediates.noindex/Spoonjoy.build/BootstrapDebug/Spoonjoy\ macOS.build/DerivedSources/arm64 -Xcc -I/Users/arimendelow/Library/Developer/Xcode/DerivedData/Spoonjoy-adbsilixtyfhasewikyduwzxgckv/Build/Intermediates.noindex/Spoonjoy.build/BootstrapDebug/Spoonjoy\ macOS.build/DerivedSources -Xcc -DDEBUG\=1 -emit-objc-header -emit-objc-header-path /Users/arimendelow/Library/Developer/Xcode/DerivedData/Spoonjoy-adbsilixtyfhasewikyduwzxgckv/Build/Intermediates.noindex/Spoonjoy.build/BootstrapDebug/Spoonjoy\ macOS.build/Objects-normal/arm64/Spoonjoy-Swift.h -working-directory /Users/arimendelow/Projects/spoonjoy-apple -experimental-emit-module-separately -disable-cmo

SwiftDriverJobDiscovery normal arm64 Emitting module for Spoonjoy (in target 'Spoonjoy macOS' from project 'Spoonjoy')

SwiftDriver\ Compilation\ Requirements Spoonjoy\ macOS normal arm64 com.apple.xcode.tools.swift.compiler (in target 'Spoonjoy macOS' from project 'Spoonjoy')
    cd /Users/arimendelow/Projects/spoonjoy-apple
    builtin-Swift-Compilation-Requirements -- /Applications/Xcode.app/Contents/Developer/Toolchains/XcodeDefault.xctoolchain/usr/bin/swiftc -module-name Spoonjoy -Onone @/Users/arimendelow/Library/Developer/Xcode/DerivedData/Spoonjoy-adbsilixtyfhasewikyduwzxgckv/Build/Intermediates.noindex/Spoonjoy.build/BootstrapDebug/Spoonjoy\ macOS.build/Objects-normal/arm64/Spoonjoy.SwiftFileList -DDEBUG -enable-experimental-feature DebugDescriptionMacro -sdk /Applications/Xcode.app/Contents/Developer/Platforms/MacOSX.platform/Developer/SDKs/MacOSX26.5.sdk -target arm64-apple-macos26.2 -g -module-cache-path /Users/arimendelow/Library/Developer/Xcode/DerivedData/ModuleCache.noindex -Xfrontend -serialize-debugging-options -enable-testing -warnings-as-errors -index-store-path /Users/arimendelow/Library/Developer/Xcode/DerivedData/Spoonjoy-adbsilixtyfhasewikyduwzxgckv/Index.noindex/DataStore -Xcc -D_LIBCPP_HARDENING_MODE\=_LIBCPP_HARDENING_MODE_DEBUG -swift-version 6 -I /Users/arimendelow/Library/Developer/Xcode/DerivedData/Spoonjoy-adbsilixtyfhasewikyduwzxgckv/Build/Products/BootstrapDebug -F /Users/arimendelow/Library/Developer/Xcode/DerivedData/Spoonjoy-adbsilixtyfhasewikyduwzxgckv/Build/Products/BootstrapDebug/PackageFrameworks -F /Users/arimendelow/Library/Developer/Xcode/DerivedData/Spoonjoy-adbsilixtyfhasewikyduwzxgckv/Build/Products/BootstrapDebug -c -j10 -enable-batch-mode -incremental -Xcc -ivfsstatcache -Xcc /Users/arimendelow/Library/Developer/Xcode/DerivedData/SDKStatCaches.noindex/macosx26.5-25F70-e082c4a02f00227109f4ed75e425c832.sdkstatcache -output-file-map /Users/arimendelow/Library/Developer/Xcode/DerivedData/Spoonjoy-adbsilixtyfhasewikyduwzxgckv/Build/Intermediates.noindex/Spoonjoy.build/BootstrapDebug/Spoonjoy\ macOS.build/Objects-normal/arm64/Spoonjoy\ macOS-OutputFileMap.json -use-frontend-parseable-output -save-temps -no-color-diagnostics -explicit-module-build -module-cache-path /Users/arimendelow/Library/Developer/Xcode/DerivedData/Spoonjoy-adbsilixtyfhasewikyduwzxgckv/Build/Intermediates.noindex/SwiftExplicitPrecompiledModules -clang-scanner-module-cache-path /Users/arimendelow/Library/Developer/Xcode/DerivedData/ModuleCache.noindex -sdk-module-cache-path /Users/arimendelow/Library/Developer/Xcode/DerivedData/ModuleCache.noindex -serialize-diagnostics -emit-dependencies -emit-module -emit-module-path /Users/arimendelow/Library/Developer/Xcode/DerivedData/Spoonjoy-adbsilixtyfhasewikyduwzxgckv/Build/Intermediates.noindex/Spoonjoy.build/BootstrapDebug/Spoonjoy\ macOS.build/Objects-normal/arm64/Spoonjoy.swiftmodule -validate-clang-modules-once -clang-build-session-file /Users/arimendelow/Library/Developer/Xcode/DerivedData/ModuleCache.noindex/Session.modulevalidation -Xcc -I/Users/arimendelow/Library/Developer/Xcode/DerivedData/Spoonjoy-adbsilixtyfhasewikyduwzxgckv/Build/Intermediates.noindex/Spoonjoy.build/BootstrapDebug/Spoonjoy\ macOS.build/swift-overrides.hmap -emit-const-values -Xfrontend -const-gather-protocols-file -Xfrontend /Users/arimendelow/Library/Developer/Xcode/DerivedData/Spoonjoy-adbsilixtyfhasewikyduwzxgckv/Build/Intermediates.noindex/Spoonjoy.build/BootstrapDebug/Spoonjoy\ macOS.build/Objects-normal/arm64/Spoonjoy\ macOS_const_extract_protocols.json -Xcc -iquote -Xcc /Users/arimendelow/Library/Developer/Xcode/DerivedData/Spoonjoy-adbsilixtyfhasewikyduwzxgckv/Build/Intermediates.noindex/Spoonjoy.build/BootstrapDebug/Spoonjoy\ macOS.build/Spoonjoy-generated-files.hmap -Xcc -I/Users/arimendelow/Library/Developer/Xcode/DerivedData/Spoonjoy-adbsilixtyfhasewikyduwzxgckv/Build/Intermediates.noindex/Spoonjoy.build/BootstrapDebug/Spoonjoy\ macOS.build/Spoonjoy-own-target-headers.hmap -Xcc -I/Users/arimendelow/Library/Developer/Xcode/DerivedData/Spoonjoy-adbsilixtyfhasewikyduwzxgckv/Build/Intermediates.noindex/Spoonjoy.build/BootstrapDebug/Spoonjoy\ macOS.build/Spoonjoy-all-non-framework-target-headers.hmap -Xcc -ivfsoverlay -Xcc /Users/arimendelow/Library/Developer/Xcode/DerivedData/Spoonjoy-adbsilixtyfhasewikyduwzxgckv/Build/Intermediates.noindex/Spoonjoy.build/BootstrapDebug/Spoonjoy-561e67053217bb880340d8fba8e33b11-VFS/all-product-headers.yaml -Xcc -iquote -Xcc /Users/arimendelow/Library/Developer/Xcode/DerivedData/Spoonjoy-adbsilixtyfhasewikyduwzxgckv/Build/Intermediates.noindex/Spoonjoy.build/BootstrapDebug/Spoonjoy\ macOS.build/Spoonjoy-project-headers.hmap -Xcc -I/Users/arimendelow/Library/Developer/Xcode/DerivedData/Spoonjoy-adbsilixtyfhasewikyduwzxgckv/Build/Products/BootstrapDebug/include -Xcc -I/Users/arimendelow/Library/Developer/Xcode/DerivedData/Spoonjoy-adbsilixtyfhasewikyduwzxgckv/Build/Intermediates.noindex/Spoonjoy.build/BootstrapDebug/Spoonjoy\ macOS.build/DerivedSources-normal/arm64 -Xcc -I/Users/arimendelow/Library/Developer/Xcode/DerivedData/Spoonjoy-adbsilixtyfhasewikyduwzxgckv/Build/Intermediates.noindex/Spoonjoy.build/BootstrapDebug/Spoonjoy\ macOS.build/DerivedSources/arm64 -Xcc -I/Users/arimendelow/Library/Developer/Xcode/DerivedData/Spoonjoy-adbsilixtyfhasewikyduwzxgckv/Build/Intermediates.noindex/Spoonjoy.build/BootstrapDebug/Spoonjoy\ macOS.build/DerivedSources -Xcc -DDEBUG\=1 -emit-objc-header -emit-objc-header-path /Users/arimendelow/Library/Developer/Xcode/DerivedData/Spoonjoy-adbsilixtyfhasewikyduwzxgckv/Build/Intermediates.noindex/Spoonjoy.build/BootstrapDebug/Spoonjoy\ macOS.build/Objects-normal/arm64/Spoonjoy-Swift.h -working-directory /Users/arimendelow/Projects/spoonjoy-apple -experimental-emit-module-separately -disable-cmo

Copy /Users/arimendelow/Library/Developer/Xcode/DerivedData/Spoonjoy-adbsilixtyfhasewikyduwzxgckv/Build/Products/BootstrapDebug/Spoonjoy.swiftmodule/arm64-apple-macos.swiftmodule /Users/arimendelow/Library/Developer/Xcode/DerivedData/Spoonjoy-adbsilixtyfhasewikyduwzxgckv/Build/Intermediates.noindex/Spoonjoy.build/BootstrapDebug/Spoonjoy\ macOS.build/Objects-normal/arm64/Spoonjoy.swiftmodule (in target 'Spoonjoy macOS' from project 'Spoonjoy')
    cd /Users/arimendelow/Projects/spoonjoy-apple
    builtin-copy -exclude .DS_Store -exclude CVS -exclude .svn -exclude .git -exclude .hg -resolve-src-symlinks -rename /Users/arimendelow/Library/Developer/Xcode/DerivedData/Spoonjoy-adbsilixtyfhasewikyduwzxgckv/Build/Intermediates.noindex/Spoonjoy.build/BootstrapDebug/Spoonjoy\ macOS.build/Objects-normal/arm64/Spoonjoy.swiftmodule /Users/arimendelow/Library/Developer/Xcode/DerivedData/Spoonjoy-adbsilixtyfhasewikyduwzxgckv/Build/Products/BootstrapDebug/Spoonjoy.swiftmodule/arm64-apple-macos.swiftmodule

Copy /Users/arimendelow/Library/Developer/Xcode/DerivedData/Spoonjoy-adbsilixtyfhasewikyduwzxgckv/Build/Products/BootstrapDebug/Spoonjoy.swiftmodule/arm64-apple-macos.abi.json /Users/arimendelow/Library/Developer/Xcode/DerivedData/Spoonjoy-adbsilixtyfhasewikyduwzxgckv/Build/Intermediates.noindex/Spoonjoy.build/BootstrapDebug/Spoonjoy\ macOS.build/Objects-normal/arm64/Spoonjoy.abi.json (in target 'Spoonjoy macOS' from project 'Spoonjoy')
    cd /Users/arimendelow/Projects/spoonjoy-apple
    builtin-copy -exclude .DS_Store -exclude CVS -exclude .svn -exclude .git -exclude .hg -resolve-src-symlinks -rename /Users/arimendelow/Library/Developer/Xcode/DerivedData/Spoonjoy-adbsilixtyfhasewikyduwzxgckv/Build/Intermediates.noindex/Spoonjoy.build/BootstrapDebug/Spoonjoy\ macOS.build/Objects-normal/arm64/Spoonjoy.abi.json /Users/arimendelow/Library/Developer/Xcode/DerivedData/Spoonjoy-adbsilixtyfhasewikyduwzxgckv/Build/Products/BootstrapDebug/Spoonjoy.swiftmodule/arm64-apple-macos.abi.json

Copy /Users/arimendelow/Library/Developer/Xcode/DerivedData/Spoonjoy-adbsilixtyfhasewikyduwzxgckv/Build/Products/BootstrapDebug/Spoonjoy.swiftmodule/Project/arm64-apple-macos.swiftsourceinfo /Users/arimendelow/Library/Developer/Xcode/DerivedData/Spoonjoy-adbsilixtyfhasewikyduwzxgckv/Build/Intermediates.noindex/Spoonjoy.build/BootstrapDebug/Spoonjoy\ macOS.build/Objects-normal/arm64/Spoonjoy.swiftsourceinfo (in target 'Spoonjoy macOS' from project 'Spoonjoy')
    cd /Users/arimendelow/Projects/spoonjoy-apple
    builtin-copy -exclude .DS_Store -exclude CVS -exclude .svn -exclude .git -exclude .hg -resolve-src-symlinks -rename /Users/arimendelow/Library/Developer/Xcode/DerivedData/Spoonjoy-adbsilixtyfhasewikyduwzxgckv/Build/Intermediates.noindex/Spoonjoy.build/BootstrapDebug/Spoonjoy\ macOS.build/Objects-normal/arm64/Spoonjoy.swiftsourceinfo /Users/arimendelow/Library/Developer/Xcode/DerivedData/Spoonjoy-adbsilixtyfhasewikyduwzxgckv/Build/Products/BootstrapDebug/Spoonjoy.swiftmodule/Project/arm64-apple-macos.swiftsourceinfo

Ld /Users/arimendelow/Library/Developer/Xcode/DerivedData/Spoonjoy-adbsilixtyfhasewikyduwzxgckv/Build/Products/BootstrapDebug/Spoonjoy.app/Contents/MacOS/Spoonjoy.debug.dylib normal (in target 'Spoonjoy macOS' from project 'Spoonjoy')
    cd /Users/arimendelow/Projects/spoonjoy-apple
    /Applications/Xcode.app/Contents/Developer/Toolchains/XcodeDefault.xctoolchain/usr/bin/clang -Xlinker -reproducible -target arm64-apple-macos26.2 -dynamiclib -isysroot /Applications/Xcode.app/Contents/Developer/Platforms/MacOSX.platform/Developer/SDKs/MacOSX26.5.sdk -O0 -L/Users/arimendelow/Library/Developer/Xcode/DerivedData/Spoonjoy-adbsilixtyfhasewikyduwzxgckv/Build/Intermediates.noindex/EagerLinkingTBDs/BootstrapDebug -L/Users/arimendelow/Library/Developer/Xcode/DerivedData/Spoonjoy-adbsilixtyfhasewikyduwzxgckv/Build/Products/BootstrapDebug -F/Users/arimendelow/Library/Developer/Xcode/DerivedData/Spoonjoy-adbsilixtyfhasewikyduwzxgckv/Build/Intermediates.noindex/EagerLinkingTBDs/BootstrapDebug -F/Users/arimendelow/Library/Developer/Xcode/DerivedData/Spoonjoy-adbsilixtyfhasewikyduwzxgckv/Build/Products/BootstrapDebug/PackageFrameworks -F/Users/arimendelow/Library/Developer/Xcode/DerivedData/Spoonjoy-adbsilixtyfhasewikyduwzxgckv/Build/Products/BootstrapDebug -filelist /Users/arimendelow/Library/Developer/Xcode/DerivedData/Spoonjoy-adbsilixtyfhasewikyduwzxgckv/Build/Intermediates.noindex/Spoonjoy.build/BootstrapDebug/Spoonjoy\ macOS.build/Objects-normal/arm64/Spoonjoy.LinkFileList -install_name @rpath/Spoonjoy.debug.dylib -Xlinker -rpath -Xlinker @executable_path/../Frameworks -Xlinker -object_path_lto -Xlinker /Users/arimendelow/Library/Developer/Xcode/DerivedData/Spoonjoy-adbsilixtyfhasewikyduwzxgckv/Build/Intermediates.noindex/Spoonjoy.build/BootstrapDebug/Spoonjoy\ macOS.build/Objects-normal/arm64/Spoonjoy_lto.o -rdynamic -Xlinker -no_deduplicate -Xlinker -dependency_info -Xlinker /Users/arimendelow/Library/Developer/Xcode/DerivedData/Spoonjoy-adbsilixtyfhasewikyduwzxgckv/Build/Intermediates.noindex/Spoonjoy.build/BootstrapDebug/Spoonjoy\ macOS.build/Objects-normal/arm64/Spoonjoy_dependency_info.dat -fobjc-link-runtime -L/Applications/Xcode.app/Contents/Developer/Toolchains/XcodeDefault.xctoolchain/usr/lib/swift/macosx -L/usr/lib/swift -Xlinker -add_ast_path -Xlinker /Users/arimendelow/Library/Developer/Xcode/DerivedData/Spoonjoy-adbsilixtyfhasewikyduwzxgckv/Build/Intermediates.noindex/Spoonjoy.build/BootstrapDebug/Spoonjoy\ macOS.build/Objects-normal/arm64/Spoonjoy.swiftmodule @/Users/arimendelow/Library/Developer/Xcode/DerivedData/Spoonjoy-adbsilixtyfhasewikyduwzxgckv/Build/Intermediates.noindex/Spoonjoy.build/BootstrapDebug/Spoonjoy\ macOS.build/Objects-normal/arm64/Spoonjoy-linker-args.resp -Wl,-no_warn_duplicate_libraries -Xlinker -alias -Xlinker _main -Xlinker ___debug_main_executable_dylib_entry_point -o /Users/arimendelow/Library/Developer/Xcode/DerivedData/Spoonjoy-adbsilixtyfhasewikyduwzxgckv/Build/Products/BootstrapDebug/Spoonjoy.app/Contents/MacOS/Spoonjoy.debug.dylib -Xlinker -add_ast_path -Xlinker /Users/arimendelow/Library/Developer/Xcode/DerivedData/Spoonjoy-adbsilixtyfhasewikyduwzxgckv/Build/Intermediates.noindex/SpoonjoyApple.build/BootstrapDebug/SpoonjoyCore.build/Objects-normal/arm64/SpoonjoyCore.swiftmodule @/Users/arimendelow/Library/Developer/Xcode/DerivedData/Spoonjoy-adbsilixtyfhasewikyduwzxgckv/Build/Intermediates.noindex/SpoonjoyApple.build/BootstrapDebug/SpoonjoyCore.build/Objects-normal/arm64/SpoonjoyCore-linker-args.resp

ConstructStubExecutorLinkFileList /Users/arimendelow/Library/Developer/Xcode/DerivedData/Spoonjoy-adbsilixtyfhasewikyduwzxgckv/Build/Intermediates.noindex/Spoonjoy.build/BootstrapDebug/Spoonjoy\ macOS.build/Spoonjoy-ExecutorLinkFileList-normal-arm64.txt (in target 'Spoonjoy macOS' from project 'Spoonjoy')
    cd /Users/arimendelow/Projects/spoonjoy-apple
    construct-stub-executor-link-file-list /Users/arimendelow/Library/Developer/Xcode/DerivedData/Spoonjoy-adbsilixtyfhasewikyduwzxgckv/Build/Products/BootstrapDebug/Spoonjoy.app/Contents/MacOS/Spoonjoy.debug.dylib /Applications/Xcode.app/Contents/Developer/Platforms/MacOSX.platform/Developer/usr/lib/libPreviewsJITStubExecutor_no_swift_entry_point.a /Applications/Xcode.app/Contents/Developer/Platforms/MacOSX.platform/Developer/usr/lib/libPreviewsJITStubExecutor.a --output /Users/arimendelow/Library/Developer/Xcode/DerivedData/Spoonjoy-adbsilixtyfhasewikyduwzxgckv/Build/Intermediates.noindex/Spoonjoy.build/BootstrapDebug/Spoonjoy\ macOS.build/Spoonjoy-ExecutorLinkFileList-normal-arm64.txt
note: Using stub executor library with Swift entry point. (in target 'Spoonjoy macOS' from project 'Spoonjoy')

Ld /Users/arimendelow/Library/Developer/Xcode/DerivedData/Spoonjoy-adbsilixtyfhasewikyduwzxgckv/Build/Products/BootstrapDebug/Spoonjoy.app/Contents/MacOS/Spoonjoy normal (in target 'Spoonjoy macOS' from project 'Spoonjoy')
    cd /Users/arimendelow/Projects/spoonjoy-apple
    /Applications/Xcode.app/Contents/Developer/Toolchains/XcodeDefault.xctoolchain/usr/bin/clang -Xlinker -reproducible -target arm64-apple-macos26.2 -isysroot /Applications/Xcode.app/Contents/Developer/Platforms/MacOSX.platform/Developer/SDKs/MacOSX26.5.sdk -O0 -L/Users/arimendelow/Library/Developer/Xcode/DerivedData/Spoonjoy-adbsilixtyfhasewikyduwzxgckv/Build/Products/BootstrapDebug -F/Users/arimendelow/Library/Developer/Xcode/DerivedData/Spoonjoy-adbsilixtyfhasewikyduwzxgckv/Build/Products/BootstrapDebug/PackageFrameworks -F/Users/arimendelow/Library/Developer/Xcode/DerivedData/Spoonjoy-adbsilixtyfhasewikyduwzxgckv/Build/Products/BootstrapDebug -Xlinker -rpath -Xlinker @executable_path -Xlinker -rpath -Xlinker @executable_path/../Frameworks -rdynamic -Xlinker -no_deduplicate -e ___debug_blank_executor_main -Xlinker -sectcreate -Xlinker __TEXT -Xlinker __debug_dylib -Xlinker /Users/arimendelow/Library/Developer/Xcode/DerivedData/Spoonjoy-adbsilixtyfhasewikyduwzxgckv/Build/Intermediates.noindex/Spoonjoy.build/BootstrapDebug/Spoonjoy\ macOS.build/Spoonjoy-DebugDylibPath-normal-arm64.txt -Xlinker -sectcreate -Xlinker __TEXT -Xlinker __debug_instlnm -Xlinker /Users/arimendelow/Library/Developer/Xcode/DerivedData/Spoonjoy-adbsilixtyfhasewikyduwzxgckv/Build/Intermediates.noindex/Spoonjoy.build/BootstrapDebug/Spoonjoy\ macOS.build/Spoonjoy-DebugDylibInstallName-normal-arm64.txt -Xlinker -filelist -Xlinker /Users/arimendelow/Library/Developer/Xcode/DerivedData/Spoonjoy-adbsilixtyfhasewikyduwzxgckv/Build/Intermediates.noindex/Spoonjoy.build/BootstrapDebug/Spoonjoy\ macOS.build/Spoonjoy-ExecutorLinkFileList-normal-arm64.txt /Users/arimendelow/Library/Developer/Xcode/DerivedData/Spoonjoy-adbsilixtyfhasewikyduwzxgckv/Build/Products/BootstrapDebug/Spoonjoy.app/Contents/MacOS/Spoonjoy.debug.dylib -o /Users/arimendelow/Library/Developer/Xcode/DerivedData/Spoonjoy-adbsilixtyfhasewikyduwzxgckv/Build/Products/BootstrapDebug/Spoonjoy.app/Contents/MacOS/Spoonjoy

ExtractAppIntentsMetadata (in target 'Spoonjoy macOS' from project 'Spoonjoy')
    cd /Users/arimendelow/Projects/spoonjoy-apple
    /Applications/Xcode.app/Contents/Developer/Toolchains/XcodeDefault.xctoolchain/usr/bin/appintentsmetadataprocessor --toolchain-dir /Applications/Xcode.app/Contents/Developer/Toolchains/XcodeDefault.xctoolchain --module-name Spoonjoy --sdk-root /Applications/Xcode.app/Contents/Developer/Platforms/MacOSX.platform/Developer/SDKs/MacOSX26.5.sdk --xcode-version 17F42 --platform-family macOS --deployment-target 26.2 --bundle-identifier app.spoonjoy.Spoonjoy.mac --output /Users/arimendelow/Library/Developer/Xcode/DerivedData/Spoonjoy-adbsilixtyfhasewikyduwzxgckv/Build/Products/BootstrapDebug/Spoonjoy.app/Contents/Resources --target-triple arm64-apple-macos26.2 --binary-file /Users/arimendelow/Library/Developer/Xcode/DerivedData/Spoonjoy-adbsilixtyfhasewikyduwzxgckv/Build/Products/BootstrapDebug/Spoonjoy.app/Contents/MacOS/Spoonjoy --dependency-file /Users/arimendelow/Library/Developer/Xcode/DerivedData/Spoonjoy-adbsilixtyfhasewikyduwzxgckv/Build/Intermediates.noindex/Spoonjoy.build/BootstrapDebug/Spoonjoy\ macOS.build/Objects-normal/arm64/Spoonjoy_dependency_info.dat --stringsdata-file /Users/arimendelow/Library/Developer/Xcode/DerivedData/Spoonjoy-adbsilixtyfhasewikyduwzxgckv/Build/Intermediates.noindex/Spoonjoy.build/BootstrapDebug/Spoonjoy\ macOS.build/Objects-normal/arm64/ExtractedAppShortcutsMetadata.stringsdata --source-file-list /Users/arimendelow/Library/Developer/Xcode/DerivedData/Spoonjoy-adbsilixtyfhasewikyduwzxgckv/Build/Intermediates.noindex/Spoonjoy.build/BootstrapDebug/Spoonjoy\ macOS.build/Objects-normal/arm64/Spoonjoy.SwiftFileList --metadata-file-list /Users/arimendelow/Library/Developer/Xcode/DerivedData/Spoonjoy-adbsilixtyfhasewikyduwzxgckv/Build/Intermediates.noindex/Spoonjoy.build/BootstrapDebug/Spoonjoy\ macOS.build/Spoonjoy.DependencyMetadataFileList --static-metadata-file-list /Users/arimendelow/Library/Developer/Xcode/DerivedData/Spoonjoy-adbsilixtyfhasewikyduwzxgckv/Build/Intermediates.noindex/Spoonjoy.build/BootstrapDebug/Spoonjoy\ macOS.build/Spoonjoy.DependencyStaticMetadataFileList --swift-const-vals-list /Users/arimendelow/Library/Developer/Xcode/DerivedData/Spoonjoy-adbsilixtyfhasewikyduwzxgckv/Build/Intermediates.noindex/Spoonjoy.build/BootstrapDebug/Spoonjoy\ macOS.build/Objects-normal/arm64/Spoonjoy.SwiftConstValuesFileList --compile-time-extraction --deployment-aware-processing --validate-assistant-intents --no-app-shortcuts-localization
2026-06-27 18:26:40.372 appintentsmetadataprocessor[92091:12786514] Starting appintentsmetadataprocessor export
2026-06-27 18:26:40.392 appintentsmetadataprocessor[92091:12786514] Writing Metadata.appintents
2026-06-27 18:26:40.392 appintentsmetadataprocessor[92091:12786514] Metadata root: /Users/arimendelow/Library/Developer/Xcode/DerivedData/Spoonjoy-adbsilixtyfhasewikyduwzxgckv/Build/Products/BootstrapDebug/Spoonjoy.app/Contents/Resources/Metadata.appintents

CopySwiftLibs /Users/arimendelow/Library/Developer/Xcode/DerivedData/Spoonjoy-adbsilixtyfhasewikyduwzxgckv/Build/Products/BootstrapDebug/Spoonjoy.app (in target 'Spoonjoy macOS' from project 'Spoonjoy')
    cd /Users/arimendelow/Projects/spoonjoy-apple
    builtin-swiftStdLibTool --copy --verbose --scan-executable /Users/arimendelow/Library/Developer/Xcode/DerivedData/Spoonjoy-adbsilixtyfhasewikyduwzxgckv/Build/Products/BootstrapDebug/Spoonjoy.app/Contents/MacOS/Spoonjoy.debug.dylib --scan-folder /Users/arimendelow/Library/Developer/Xcode/DerivedData/Spoonjoy-adbsilixtyfhasewikyduwzxgckv/Build/Products/BootstrapDebug/Spoonjoy.app/Contents/Frameworks --scan-folder /Users/arimendelow/Library/Developer/Xcode/DerivedData/Spoonjoy-adbsilixtyfhasewikyduwzxgckv/Build/Products/BootstrapDebug/Spoonjoy.app/Contents/PlugIns --scan-folder /Users/arimendelow/Library/Developer/Xcode/DerivedData/Spoonjoy-adbsilixtyfhasewikyduwzxgckv/Build/Products/BootstrapDebug/Spoonjoy.app/Contents/Library/SystemExtensions --scan-folder /Users/arimendelow/Library/Developer/Xcode/DerivedData/Spoonjoy-adbsilixtyfhasewikyduwzxgckv/Build/Products/BootstrapDebug/Spoonjoy.app/Contents/Extensions --platform macosx --toolchain /Applications/Xcode.app/Contents/Developer/Toolchains/XcodeDefault.xctoolchain --destination /Users/arimendelow/Library/Developer/Xcode/DerivedData/Spoonjoy-adbsilixtyfhasewikyduwzxgckv/Build/Products/BootstrapDebug/Spoonjoy.app/Contents/Frameworks --strip-bitcode --strip-bitcode-tool /Applications/Xcode.app/Contents/Developer/Toolchains/XcodeDefault.xctoolchain/usr/bin/bitcode_strip --emit-dependency-info /Users/arimendelow/Library/Developer/Xcode/DerivedData/Spoonjoy-adbsilixtyfhasewikyduwzxgckv/Build/Intermediates.noindex/Spoonjoy.build/BootstrapDebug/Spoonjoy\ macOS.build/SwiftStdLibToolInputDependencies.dep --filter-for-swift-os
Ignoring --strip-bitcode because --sign was not passed

** BUILD SUCCEEDED **
