[0/1] Planning build
Building for debugging...
[0/8] Write sources
[2/8] Write swift-version--58304C5D6DBC2206.txt
[4/61] Compiling SpoonjoyCore ScreenViewModels.swift
[5/61] Compiling SpoonjoyCore SearchState.swift
[6/61] Compiling SpoonjoyCore AuthSessionState.swift
[7/61] Compiling SpoonjoyCore InMemoryTokenVault.swift
[8/61] Compiling SpoonjoyCore NativeAuthSession.swift
[9/61] Compiling SpoonjoyCore NativeAuthSessionRepository.swift
[10/61] Compiling SpoonjoyCore ShoppingListState.swift
[11/61] Compiling SpoonjoyCore DeepLinkManifest.swift
[12/61] Compiling SpoonjoyCore NativeCapabilityMetadata.swift
[13/61] Compiling SpoonjoyCore NativeIntentAction.swift
[14/61] Compiling SpoonjoyCore ScenarioCommand.swift
[15/61] Compiling SpoonjoyCore ShoppingListRequests.swift
[16/61] Compiling SpoonjoyCore AppNavigationState.swift
[17/61] Compiling SpoonjoyCore AppRoute.swift
[18/61] Compiling SpoonjoyCore DeepLinkRouter.swift
[19/61] Compiling SpoonjoyCore DeepLinkURLBuilder.swift
[20/61] Compiling SpoonjoyCore NativeAppSnapshot.swift
[21/66] Compiling SpoonjoyCore ScenarioReport.swift
[22/66] Compiling SpoonjoyCore ScenarioVerifier.swift
[23/66] Compiling SpoonjoyCore SpotlightIndexPlan.swift
[24/66] Compiling SpoonjoyCore JSONFileStore.swift
[25/66] Compiling SpoonjoyCore MutationQueue.swift
[26/66] Compiling SpoonjoyCore APIClient.swift
[27/66] Compiling SpoonjoyCore APIEnvelope.swift
[28/66] Compiling SpoonjoyCore APIError.swift
[29/66] Compiling SpoonjoyCore APIRequestBuilder.swift
[30/66] Compiling SpoonjoyCore APIRequestSupport.swift
[31/66] Compiling SpoonjoyCore APIRetryPolicy.swift
[32/66] Compiling SpoonjoyCore OAuthPKCE.swift
[33/66] Compiling SpoonjoyCore OAuthRedirectValidator.swift
[34/66] Compiling SpoonjoyCore OAuthRequests.swift
[35/66] Compiling SpoonjoyCore OAuthResponses.swift
[36/66] Compiling SpoonjoyCore RefreshCoordinator.swift
[37/66] Compiling SpoonjoyCore SecureAuthWebHandoff.swift
[38/66] Compiling SpoonjoyCore NativeMediaStagingPolicy.swift
[39/66] Compiling SpoonjoyCore OfflineFreshnessIndicator.swift
[40/66] Compiling SpoonjoyCore CaptureDraft.swift
[41/66] Compiling SpoonjoyCore CookModeProgress.swift
[42/66] Compiling SpoonjoyCore KitchenFixtureState.swift
[43/66] Compiling SpoonjoyCore SettingsState.swift
[44/66] Compiling SpoonjoyCore APITransport.swift
[45/66] Compiling SpoonjoyCore JSONValue.swift
[46/66] Compiling SpoonjoyCore NativeAPIRequests.swift
[47/66] Compiling SpoonjoyCore PaginationCursor.swift
[48/66] Compiling SpoonjoyCore PublicCatalogRequests.swift
[49/66] Compiling SpoonjoyCore ShoppingListAPI.swift
[50/66] Emitting module SpoonjoyCore
[51/66] Compiling SpoonjoyCore TokenVault.swift
[52/66] Compiling SpoonjoyCore NativeCacheFreshnessPolicy.swift
[53/66] Compiling SpoonjoyCore NativeCachePrefetchPolicy.swift
[54/66] Compiling SpoonjoyCore NativeDurableCache.swift
[55/66] Compiling SpoonjoyCore NativeDurableCacheStore.swift
[56/66] Compiling SpoonjoyCore NativeIndicatorDismissalStore.swift
[57/66] Compiling SpoonjoyCore OfflineSnapshot.swift
[58/66] Compiling SpoonjoyCore SyncCheckpoint.swift
[59/66] Compiling SpoonjoyCore RecipeCookbook.swift
[60/66] Compiling SpoonjoyCore SpoonjoyCore.swift
[61/66] Compiling SpoonjoyCore resource_bundle_accessor.swift
[62/84] Compiling SpoonjoyScenarioVerifier main.swift
[63/84] Compiling SpoonjoyScenarioVerifier ScenarioProcessMain.swift
[64/84] Emitting module SpoonjoyScenarioVerifier
[64/84] Write Objects.LinkFileList
[65/84] Linking SpoonjoyScenarioVerifier
[66/84] Applying SpoonjoyScenarioVerifier
[68/84] Compiling SpoonjoyCoreTests SpoonjoyCoreBootstrapTests.swift
[69/84] Compiling SpoonjoyCoreTests RecipeCookbookTests.swift
[70/85] Compiling SpoonjoyCoreTests NativeAuthSessionTests.swift
[71/85] Compiling SpoonjoyCoreTests NativeCacheFreshnessTests.swift
[72/85] Compiling SpoonjoyCoreTests KitchenStateTests.swift
[73/85] Compiling SpoonjoyCoreTests NativeAPIExpansionTests.swift
[74/85] Compiling SpoonjoyCoreTests TokenRefreshTests.swift
[75/85] Compiling SpoonjoyCoreTests ShoppingAPIClientTests.swift
[76/85] Compiling SpoonjoyCoreTests APIReadClientTests.swift
[77/85] Compiling SpoonjoyCoreTests APITransportTests.swift
[78/85] Compiling SpoonjoyCoreTests OfflineStoreTests.swift
[79/85] Compiling SpoonjoyCoreTests AppStateTests.swift
[80/85] Compiling SpoonjoyCoreTests DeepLinkRouterTests.swift
[81/85] Emitting module SpoonjoyCoreTests
[82/85] Compiling SpoonjoyCoreTests NativeScenarioTests.swift
[83/85] Compiling SpoonjoyCoreTests OAuthRequestTests.swift
[84/87] Compiling SpoonjoyApplePackageTests runner.swift
[85/87] Emitting module SpoonjoyApplePackageTests
[85/87] Write Objects.LinkFileList
[86/87] Linking SpoonjoyApplePackageTests
Build complete! (6.05s)
◇ Test run started.
↳ Testing Library Version: 1902
↳ Target Platform: arm64e-apple-macos14.0
◇ Suite "Native cache schema and freshness" started.
◇ Test "cache store rejects secret material and never serializes tokens provider secrets signed URLs or raw media paths" started.
◇ Test "indicator transitions preserve queued failed conflict blocker destructive and dismissed states" started.
◇ Test "dismissal persistence is scoped by account environment and freshness change" started.
◇ Test "media staging metadata is privacy safe and enforces exact size and count thresholds" started.
◇ Test "app indicator source exposes labels icons dismissal and non-dismissable severity" started.
◇ Test "corrupt cache recovery quarantines bad JSON and restores deterministic fallback without overwriting" started.
◇ Test "intelligent prefetch policy includes signed-in bootstrap recent surfaces and excludes online-only credential work" started.
◇ Test "expanded native cache behavior contract is executable" started.
◇ Test "native cache implementation is covered in process" started.
◇ Test "freshness policy uses exact Offline Product Contract thresholds without wall clock flake" started.
◇ Test "durable schema version 2 covers every Offline Product Contract domain with record metadata" started.
✔ Test "intelligent prefetch policy includes signed-in bootstrap recent surfaces and excludes online-only credential work" passed after 0.001 seconds.
✔ Test "corrupt cache recovery quarantines bad JSON and restores deterministic fallback without overwriting" passed after 0.001 seconds.
✔ Test "dismissal persistence is scoped by account environment and freshness change" passed after 0.001 seconds.
✔ Test "freshness policy uses exact Offline Product Contract thresholds without wall clock flake" passed after 0.001 seconds.
✔ Test "indicator transitions preserve queued failed conflict blocker destructive and dismissed states" passed after 0.001 seconds.
✔ Test "app indicator source exposes labels icons dismissal and non-dismissable severity" passed after 0.002 seconds.
✔ Test "cache store rejects secret material and never serializes tokens provider secrets signed URLs or raw media paths" passed after 0.002 seconds.
✔ Test "media staging metadata is privacy safe and enforces exact size and count thresholds" passed after 0.002 seconds.
✔ Test "durable schema version 2 covers every Offline Product Contract domain with record metadata" passed after 0.005 seconds.
✔ Test "native cache implementation is covered in process" passed after 0.014 seconds.
✔ Test "expanded native cache behavior contract is executable" passed after 8.597 seconds.
✔ Suite "Native cache schema and freshness" passed after 8.597 seconds.
✔ Test run with 11 tests in 1 suite passed after 8.597 seconds.
