Building for debugging...
[0/5] Write sources
[1/5] Write swift-version--58304C5D6DBC2206.txt
[3/6] Emitting module SpoonjoyCoreTests
[4/6] Compiling SpoonjoyCoreTests CookbookSurfaceParityTests.swift
[4/6] Write Objects.LinkFileList
[5/6] Linking SpoonjoyApplePackageTests
Build complete! (2.69s)
◇ Test run started.
↳ Testing Library Version: 1902
↳ Target Platform: arm64e-apple-macos14.0
◇ Suite "Native cookbook surface parity" started.
◇ Test "cookbook action edges block non owners duplicates and dependent queue bypasses" started.
◇ Test "cookbook actions plan exact REST mutations with offline fallbacks and confirmations" started.
◇ Test "cookbook cache restore and queued work expose honest offline states" started.
◇ Test "cookbook list and detail load live state, share payloads, and owner tools" started.
✔ Test "cookbook cache restore and queued work expose honest offline states" passed after 0.005 seconds.
✔ Test "cookbook action edges block non owners duplicates and dependent queue bypasses" passed after 0.005 seconds.
✔ Test "cookbook list and detail load live state, share payloads, and owner tools" passed after 0.005 seconds.
✔ Test "cookbook actions plan exact REST mutations with offline fallbacks and confirmations" passed after 0.005 seconds.
✔ Suite "Native cookbook surface parity" passed after 0.006 seconds.
✔ Test run with 4 tests in 1 suite passed after 0.006 seconds.
