Another instance of SwiftPM (PID: 94584) is already running using '/Users/arimendelow/Projects/spoonjoy-apple/.build', waiting until that process has finished execution...[0/1] Planning build
Building for debugging...
[0/5] Write swift-version--58304C5D6DBC2206.txt
[2/74] Compiling SpoonjoyCore KeychainTokenVault.swift
[3/74] Compiling SpoonjoyCore NativeAuthSession.swift
[4/74] Compiling SpoonjoyCore NativeAuthSessionRepository.swift
[5/74] Compiling SpoonjoyCore OAuthPKCE.swift
[6/74] Compiling SpoonjoyCore OAuthRedirectValidator.swift
[7/74] Compiling SpoonjoyCore OAuthRequests.swift
[8/74] Compiling SpoonjoyCore OAuthResponses.swift
[9/74] Compiling SpoonjoyCore RefreshCoordinator.swift
[10/81] Compiling SpoonjoyCore NativeCapabilityMetadata.swift
[11/81] Compiling SpoonjoyCore NativeIntentAction.swift
[12/81] Compiling SpoonjoyCore ScenarioCommand.swift
[13/81] Compiling SpoonjoyCore ScenarioReport.swift
[14/81] Compiling SpoonjoyCore ScenarioVerifier.swift
[15/81] Compiling SpoonjoyCore SpotlightIndexPlan.swift
[16/81] Compiling SpoonjoyCore JSONFileStore.swift
[17/81] Compiling SpoonjoyCore SpoonCookLogViewModel.swift
[18/81] Compiling SpoonjoyCore CaptureDraft.swift
[19/81] Compiling SpoonjoyCore CookModeProgress.swift
[20/81] Compiling SpoonjoyCore KitchenFixtureState.swift
[21/81] Compiling SpoonjoyCore SettingsState.swift
[22/81] Compiling SpoonjoyCore ShoppingListState.swift
[23/81] Compiling SpoonjoyCore DeepLinkManifest.swift
[24/81] Compiling SpoonjoyCore APIClient.swift
[25/81] Compiling SpoonjoyCore APIEnvelope.swift
[26/81] Compiling SpoonjoyCore APIError.swift
[27/81] Compiling SpoonjoyCore APIRequestBuilder.swift
[28/81] Compiling SpoonjoyCore APIRequestSupport.swift
[29/81] Compiling SpoonjoyCore APIRetryPolicy.swift
[30/81] Compiling SpoonjoyCore APITransport.swift
[31/81] Compiling SpoonjoyCore JSONValue.swift
[32/81] Compiling SpoonjoyCore SecureAuthWebHandoff.swift
[33/81] Compiling SpoonjoyCore TokenVault.swift
[34/81] Compiling SpoonjoyCore NativeCacheFreshnessPolicy.swift
[35/81] Compiling SpoonjoyCore NativeCachePrefetchPolicy.swift
[36/81] Compiling SpoonjoyCore NativeDurableCache.swift
[37/81] Compiling SpoonjoyCore NativeDurableCacheStore.swift
[38/81] Compiling SpoonjoyCore NativeIndicatorDismissalStore.swift
[39/81] Compiling SpoonjoyCore NativeMediaStagingPolicy.swift
[40/81] Compiling SpoonjoyCore DeepLinkURLBuilder.swift
[41/81] Compiling SpoonjoyCore NativeAppSnapshot.swift
[42/81] Compiling SpoonjoyCore NativeFixtureFallbackPolicy.swift
[43/81] Compiling SpoonjoyCore NativeLiveAppStore.swift
[44/81] Compiling SpoonjoyCore ScreenViewModels.swift
[45/81] Compiling SpoonjoyCore SearchState.swift
[46/81] Compiling SpoonjoyCore AuthSessionState.swift
[47/81] Compiling SpoonjoyCore InMemoryTokenVault.swift
[48/81] Compiling SpoonjoyCore RecipeCatalogViewModel.swift
[49/81] Compiling SpoonjoyCore RecipeDetailScreenViewModel.swift
[50/81] Compiling SpoonjoyCore RecipeEditorDraft.swift
[51/81] Compiling SpoonjoyCore RecipeEditorDraftChangePlanner.swift
[52/81] Compiling SpoonjoyCore RecipeEditorViewModel.swift
[53/81] Compiling SpoonjoyCore NativeSharePayload.swift
[54/81] Compiling SpoonjoyCore ShoppingSurfaceViewModel.swift
[55/81] Emitting module SpoonjoyCore
[56/81] Compiling SpoonjoyCore NativeAPIRequests.swift
[57/81] Compiling SpoonjoyCore PaginationCursor.swift
[58/81] Compiling SpoonjoyCore PublicCatalogRequests.swift
[59/81] Compiling SpoonjoyCore ShoppingListAPI.swift
[60/81] Compiling SpoonjoyCore ShoppingListRequests.swift
[61/81] Compiling SpoonjoyCore AppNavigationState.swift
[62/81] Compiling SpoonjoyCore AppRoute.swift
[63/81] Compiling SpoonjoyCore DeepLinkRouter.swift
[64/81] Compiling SpoonjoyCore OfflineFreshnessIndicator.swift
[65/81] Compiling SpoonjoyCore CaptureImportViewModel.swift
[66/81] Compiling SpoonjoyCore CookbookSurfaceRepository.swift
[67/81] Compiling SpoonjoyCore CookbookSurfaceViewModel.swift
[68/81] Compiling SpoonjoyCore RecipeCoverControlsViewModel.swift
[69/81] Compiling SpoonjoyCore RecipeActionsViewModel.swift
[70/81] Compiling SpoonjoyCore RecipeCatalogRepository.swift
[71/81] Compiling SpoonjoyCore MutationQueue.swift
[72/81] Compiling SpoonjoyCore OfflineSnapshot.swift
[73/81] Compiling SpoonjoyCore SyncCheckpoint.swift
[74/81] Compiling SpoonjoyCore RecipeCookbook.swift
[75/81] Compiling SpoonjoyCore SpoonjoyCore.swift
[76/81] Compiling SpoonjoyCore NativeSyncEngine.swift
[77/81] Compiling SpoonjoyCore resource_bundle_accessor.swift
[78/83] Compiling SpoonjoyScenarioVerifier main.swift
[79/83] Compiling SpoonjoyScenarioVerifier ScenarioProcessMain.swift
[80/83] Emitting module SpoonjoyScenarioVerifier
[80/82] Linking SpoonjoyScenarioVerifier
[81/82] Applying SpoonjoyScenarioVerifier
Build complete! (3.59s)
◇ Test run started.
↳ Testing Library Version: 1902
↳ Target Platform: arm64e-apple-macos14.0
◇ Suite "Native live store and shell wiring" started.
◇ Test "platform navigation consumes live content state and never decodes production fixtures" started.
◇ Test "live store discards conflicted queued recipe mutation when discarding local edit" started.
◇ Test "root view bootstraps through live store instead of fixture first run" started.
◇ Test "live store deletes superseded spoon draft media unless queued" started.
◇ Test "live store discard keeps independent conflicts and removes dependent queued recipe work" started.
◇ Test "live store handles capture import blockers without durable app state" started.
◇ Test "live store clears capture draft and pending import after queued import drains" started.
◇ Test "live store queueMutation persists mutations through native sync store" started.
◇ Test "recipe editor app surface drains online structural batches and labels conflict discard honestly" started.
◇ Test "live store keeps drained recipe editor mutations visible after immediate online drain" started.
◇ Test "shell content folds synced spoon records and tombstones into restored recipes" started.
◇ Test "live store persists queued capture import blockers while unrelated work drains" started.
◇ Test "scenario verifier reports live store as structured checks and capabilities" started.
◇ Test "signed out live store restores durable fallback content and records scoped routes" started.
◇ Test "live store queueMutation optimistically reflects queued recipe edits" started.
◇ Test "live store executes capture import requests and prepends imported recipes" started.
◇ Test "live store reports fixture fallback and queue persistence failures as sync failures" started.
◇ Test "live store executes recipe editor requests with auth-refreshing transport" started.
◇ Test "live store reports partial online recipe editor drains before the editor closes" started.
◇ Test "live store refreshes auth before sync and hydrates applied sync cache" started.
◇ Test "live store covers shopping merge ties signed-in settings and environment failures" started.
◇ Test "live store resets mismatched app snapshots before recording local state" started.
◇ Test "live store persists drained shopping checks when the base list came from app snapshot" started.
◇ Test "live store persists direct capture import provider blocker through successful bootstrap" started.
◇ Test "production fixture fallback is an explicit test and demo only policy" started.
◇ Test "shell contract gate live store instead of fixture parity" started.
◇ Test "live store keeps drained shopping mutations visible and cached after immediate online drain" started.
◇ Test "live store queueMutation discards previous owner media queue before appending current work" started.
◇ Test "live store appends mutations to matching scoped queue" started.
◇ Test "live store contract covers global search scopes and environment rebinding" started.
◇ Test "shell content exposes recipe catalog source for live and offline states" started.
◇ Test "core declares live app bootstrap state and repository dependencies" started.
◇ Test "environment switch clears previous environment content and applies scoped sync" started.
◇ Test "live store restores only bound account cache route and Siri capture draft" started.
◇ Test "production sources cannot silently use fixture bundles" started.
◇ Test "live store ignores legacy unscoped app snapshot state" started.
◇ Test "unbound authenticated offline restore fails closed for private sync cache" started.
◇ Test "bootstrap states replace content without changing severity" started.
◇ Test "live store ignores app snapshot state from another account" started.
◇ Test "live store restores queued shopping mutations as optimistic content" started.
◇ Test "live store records capture drafts retries and discard through durable app state" started.
◇ Test "live store represents an empty synced shopping list" started.
◇ Test "live store restores queued spoon mutations as optimistic recipe detail" started.
◇ Test "live store queueMutation optimistically reflects queued cookbook edits" started.
◇ Test "live store does not double apply drained structural recipe mutations after immediate online drain" started.
◇ Test "live store maps sync conflict auth retry and local queue outcomes to shell states" started.
◇ Test "live store queue and conflict discard no-ops leave state untouched" started.
◇ Test "live store dependencies default recipe editor transport is URLSession-backed" started.
◇ Test "signed out settings and offline indicator cover every live shell state" started.
✔ Test "shell contract gate live store instead of fixture parity" passed after 0.006 seconds.
✔ Test "root view bootstraps through live store instead of fixture first run" passed after 0.007 seconds.
✔ Test "bootstrap states replace content without changing severity" passed after 0.006 seconds.
✔ Test "live store contract covers global search scopes and environment rebinding" passed after 0.007 seconds.
✔ Test "shell content exposes recipe catalog source for live and offline states" passed after 0.007 seconds.
✔ Test "recipe editor app surface drains online structural batches and labels conflict discard honestly" passed after 0.008 seconds.
✔ Test "signed out settings and offline indicator cover every live shell state" passed after 0.007 seconds.
✔ Test "platform navigation consumes live content state and never decodes production fixtures" passed after 0.014 seconds.
✔ Test "shell content folds synced spoon records and tombstones into restored recipes" passed after 0.016 seconds.
✔ Test "live store resets mismatched app snapshots before recording local state" passed after 0.016 seconds.
✔ Test "live store dependencies default recipe editor transport is URLSession-backed" passed after 0.019 seconds.
✔ Test "core declares live app bootstrap state and repository dependencies" passed after 0.021 seconds.
✔ Test "scenario verifier reports live store as structured checks and capabilities" passed after 0.036 seconds.
✔ Test "live store queueMutation persists mutations through native sync store" passed after 0.052 seconds.
✔ Test "live store handles capture import blockers without durable app state" passed after 0.061 seconds.
✔ Test "unbound authenticated offline restore fails closed for private sync cache" passed after 0.072 seconds.
✔ Test "live store records capture drafts retries and discard through durable app state" passed after 0.075 seconds.
✔ Test "live store persists queued capture import blockers while unrelated work drains" passed after 0.076 seconds.
✔ Test "signed out live store restores durable fallback content and records scoped routes" passed after 0.079 seconds.
✔ Test "live store ignores legacy unscoped app snapshot state" passed after 0.080 seconds.
✔ Test "live store ignores app snapshot state from another account" passed after 0.080 seconds.
✔ Test "live store executes capture import requests and prepends imported recipes" passed after 0.083 seconds.
✔ Test "live store represents an empty synced shopping list" passed after 0.084 seconds.
✔ Test "live store reports fixture fallback and queue persistence failures as sync failures" passed after 0.084 seconds.
✔ Test "live store restores only bound account cache route and Siri capture draft" passed after 0.085 seconds.
✔ Test "live store deletes superseded spoon draft media unless queued" passed after 0.089 seconds.
✔ Test "live store covers shopping merge ties signed-in settings and environment failures" passed after 0.092 seconds.
✔ Test "live store queueMutation discards previous owner media queue before appending current work" passed after 0.093 seconds.
✔ Test "live store queueMutation optimistically reflects queued cookbook edits" passed after 0.094 seconds.
✔ Test "live store appends mutations to matching scoped queue" passed after 0.096 seconds.
✔ Test "live store queue and conflict discard no-ops leave state untouched" passed after 0.097 seconds.
✔ Test "live store refreshes auth before sync and hydrates applied sync cache" passed after 0.099 seconds.
✔ Test "environment switch clears previous environment content and applies scoped sync" passed after 0.099 seconds.
✔ Test "live store executes recipe editor requests with auth-refreshing transport" passed after 0.099 seconds.
✔ Test "live store persists direct capture import provider blocker through successful bootstrap" passed after 0.100 seconds.
✔ Test "live store discards conflicted queued recipe mutation when discarding local edit" passed after 0.101 seconds.
✔ Test "live store clears capture draft and pending import after queued import drains" passed after 0.101 seconds.
✔ Test "live store persists drained shopping checks when the base list came from app snapshot" passed after 0.103 seconds.
✔ Test "live store reports partial online recipe editor drains before the editor closes" passed after 0.104 seconds.
✔ Test "live store restores queued shopping mutations as optimistic content" passed after 0.104 seconds.
✔ Test "live store restores queued spoon mutations as optimistic recipe detail" passed after 0.105 seconds.
✔ Test "live store keeps drained recipe editor mutations visible after immediate online drain" passed after 0.106 seconds.
✔ Test "live store does not double apply drained structural recipe mutations after immediate online drain" passed after 0.106 seconds.
✔ Test "live store queueMutation optimistically reflects queued recipe edits" passed after 0.108 seconds.
✔ Test "live store keeps drained shopping mutations visible and cached after immediate online drain" passed after 0.108 seconds.
✔ Test "live store maps sync conflict auth retry and local queue outcomes to shell states" passed after 0.109 seconds.
✔ Test "live store discard keeps independent conflicts and removes dependent queued recipe work" passed after 0.112 seconds.
✔ Test "production sources cannot silently use fixture bundles" passed after 0.113 seconds.
✔ Test "production fixture fallback is an explicit test and demo only policy" passed after 0.461 seconds.
✔ Suite "Native live store and shell wiring" passed after 0.462 seconds.
✔ Test run with 49 tests in 1 suite passed after 0.462 seconds.
