Another instance of SwiftPM (PID: 49953) is already running using '/Users/arimendelow/Projects/spoonjoy-apple/.build', waiting until that process has finished execution...Building for debugging...
[0/4] Write swift-version--58304C5D6DBC2206.txt
Build complete! (0.15s)
◇ Test run started.
↳ Testing Library Version: 1902
↳ Target Platform: arm64e-apple-macos14.0
◇ Suite "Native live store and shell wiring" started.
◇ Test "signed out settings and offline indicator cover every live shell state" started.
◇ Test "live store keeps drained recipe editor mutations visible after immediate online drain" started.
◇ Test "platform navigation consumes live content state and never decodes production fixtures" started.
◇ Test "live store reports partial online recipe editor drains before the editor closes" started.
◇ Test "live store persists drained shopping checks when the base list came from app snapshot" started.
◇ Test "shell content folds synced spoon records and tombstones into restored recipes" started.
◇ Test "recipe editor app surface drains online structural batches and labels conflict discard honestly" started.
◇ Test "production fixture fallback is an explicit test and demo only policy" started.
◇ Test "live store restores queued shopping mutations as optimistic content" started.
◇ Test "live store dependencies default recipe editor transport is URLSession-backed" started.
◇ Test "live store ignores app snapshot state from another account" started.
◇ Test "shell contract gate live store instead of fixture parity" started.
◇ Test "scenario verifier reports live store as structured checks and capabilities" started.
◇ Test "environment switch clears previous environment content and applies scoped sync" started.
◇ Test "production sources cannot silently use fixture bundles" started.
◇ Test "live store represents an empty synced shopping list" started.
◇ Test "bootstrap states replace content without changing severity" started.
◇ Test "live store maps sync conflict auth retry and local queue outcomes to shell states" started.
◇ Test "live store restores only bound account cache route and Siri capture draft" started.
◇ Test "signed out live store restores durable fallback content and records scoped routes" started.
◇ Test "unbound authenticated offline restore fails closed for private sync cache" started.
◇ Test "live store restores queued spoon mutations as optimistic recipe detail" started.
◇ Test "live store contract covers global search scopes and environment rebinding" started.
◇ Test "live store executes recipe editor requests with auth-refreshing transport" started.
◇ Test "live store queueMutation persists mutations through native sync store" started.
◇ Test "live store covers shopping merge ties signed-in settings and environment failures" started.
◇ Test "core declares live app bootstrap state and repository dependencies" started.
◇ Test "live store appends mutations to matching scoped queue" started.
◇ Test "live store queueMutation discards previous owner media queue before appending current work" started.
◇ Test "live store resets mismatched app snapshots before recording local state" started.
◇ Test "live store queueMutation optimistically reflects queued recipe edits" started.
◇ Test "live store discards conflicted queued recipe mutation when discarding local edit" started.
◇ Test "live store refreshes auth before sync and hydrates applied sync cache" started.
◇ Test "root view bootstraps through live store instead of fixture first run" started.
◇ Test "live store keeps drained shopping mutations visible and cached after immediate online drain" started.
◇ Test "live store ignores legacy unscoped app snapshot state" started.
◇ Test "live store does not double apply drained structural recipe mutations after immediate online drain" started.
◇ Test "live store queue and conflict discard no-ops leave state untouched" started.
◇ Test "live store reports fixture fallback and queue persistence failures as sync failures" started.
◇ Test "live store discard keeps independent conflicts and removes dependent queued recipe work" started.
◇ Test "shell content exposes recipe catalog source for live and offline states" started.
◇ Test "live store deletes superseded spoon draft media unless queued" started.
✔ Test "signed out settings and offline indicator cover every live shell state" passed after 0.008 seconds.
✔ Test "bootstrap states replace content without changing severity" passed after 0.008 seconds.
✔ Test "recipe editor app surface drains online structural batches and labels conflict discard honestly" passed after 0.009 seconds.
✔ Test "shell contract gate live store instead of fixture parity" passed after 0.009 seconds.
✔ Test "live store contract covers global search scopes and environment rebinding" passed after 0.010 seconds.
✔ Test "platform navigation consumes live content state and never decodes production fixtures" passed after 0.012 seconds.
✔ Test "root view bootstraps through live store instead of fixture first run" passed after 0.012 seconds.
✔ Test "shell content exposes recipe catalog source for live and offline states" passed after 0.007 seconds.
✔ Test "live store dependencies default recipe editor transport is URLSession-backed" passed after 0.018 seconds.
✔ Test "shell content folds synced spoon records and tombstones into restored recipes" passed after 0.023 seconds.
✔ Test "core declares live app bootstrap state and repository dependencies" passed after 0.025 seconds.
✔ Test "scenario verifier reports live store as structured checks and capabilities" passed after 0.030 seconds.
✔ Test "live store resets mismatched app snapshots before recording local state" passed after 0.031 seconds.
✔ Test "live store queueMutation persists mutations through native sync store" passed after 0.066 seconds.
✔ Test "unbound authenticated offline restore fails closed for private sync cache" passed after 0.075 seconds.
✔ Test "live store ignores app snapshot state from another account" passed after 0.079 seconds.
✔ Test "live store represents an empty synced shopping list" passed after 0.081 seconds.
✔ Test "signed out live store restores durable fallback content and records scoped routes" passed after 0.087 seconds.
✔ Test "live store ignores legacy unscoped app snapshot state" passed after 0.088 seconds.
✔ Test "live store restores only bound account cache route and Siri capture draft" passed after 0.090 seconds.
✔ Test "live store reports fixture fallback and queue persistence failures as sync failures" passed after 0.089 seconds.
✔ Test "live store covers shopping merge ties signed-in settings and environment failures" passed after 0.095 seconds.
✔ Test "live store queueMutation discards previous owner media queue before appending current work" passed after 0.095 seconds.
✔ Test "live store deletes superseded spoon draft media unless queued" passed after 0.100 seconds.
✔ Test "environment switch clears previous environment content and applies scoped sync" passed after 0.101 seconds.
✔ Test "live store appends mutations to matching scoped queue" passed after 0.103 seconds.
✔ Test "live store queue and conflict discard no-ops leave state untouched" passed after 0.104 seconds.
✔ Test "live store refreshes auth before sync and hydrates applied sync cache" passed after 0.104 seconds.
✔ Test "live store executes recipe editor requests with auth-refreshing transport" passed after 0.104 seconds.
✔ Test "live store discards conflicted queued recipe mutation when discarding local edit" passed after 0.107 seconds.
✔ Test "live store persists drained shopping checks when the base list came from app snapshot" passed after 0.109 seconds.
✔ Test "live store restores queued shopping mutations as optimistic content" passed after 0.109 seconds.
✔ Test "live store reports partial online recipe editor drains before the editor closes" passed after 0.110 seconds.
✔ Test "live store restores queued spoon mutations as optimistic recipe detail" passed after 0.111 seconds.
✔ Test "live store keeps drained recipe editor mutations visible after immediate online drain" passed after 0.111 seconds.
✔ Test "live store does not double apply drained structural recipe mutations after immediate online drain" passed after 0.112 seconds.
✔ Test "live store queueMutation optimistically reflects queued recipe edits" passed after 0.114 seconds.
✔ Test "live store keeps drained shopping mutations visible and cached after immediate online drain" passed after 0.115 seconds.
✔ Test "live store maps sync conflict auth retry and local queue outcomes to shell states" passed after 0.117 seconds.
✔ Test "live store discard keeps independent conflicts and removes dependent queued recipe work" passed after 0.119 seconds.
✔ Test "production sources cannot silently use fixture bundles" passed after 0.126 seconds.
✔ Test "production fixture fallback is an explicit test and demo only policy" passed after 0.556 seconds.
✔ Suite "Native live store and shell wiring" passed after 0.556 seconds.
✔ Test run with 42 tests in 1 suite passed after 0.557 seconds.
