Building for debugging...
[0/5] Write sources
[1/5] Write swift-version--58304C5D6DBC2206.txt
[3/6] Compiling SpoonjoyCoreTests NativeCacheFreshnessTests.swift
[4/6] Compiling SpoonjoyCoreTests NativeAuthSessionTests.swift
[5/6] Emitting module SpoonjoyCoreTests
[5/7] Write Objects.LinkFileList
[6/7] Linking SpoonjoyApplePackageTests
Build complete! (1.32s)
◇ Test run started.
↳ Testing Library Version: 1902
↳ Target Platform: arm64e-apple-macos14.0
◇ Suite "Native cache schema and freshness" started.
◇ Test "durable schema version 2 covers every Offline Product Contract domain with record metadata" started.
◇ Test "app indicator source exposes labels icons dismissal and non-dismissable severity" started.
◇ Test "media staging metadata is privacy safe and enforces exact size and count thresholds" started.
◇ Test "dismissal persistence is scoped by account environment and freshness change" started.
◇ Test "cache store rejects secret material and never serializes tokens provider secrets signed URLs or raw media paths" started.
◇ Test "corrupt cache recovery quarantines bad JSON and restores deterministic fallback without overwriting" started.
◇ Test "freshness policy uses exact Offline Product Contract thresholds without wall clock flake" started.
◇ Test "indicator transitions preserve queued failed conflict blocker destructive and dismissed states" started.
◇ Test "expanded native cache behavior contract is executable" started.
◇ Test "intelligent prefetch policy includes signed-in bootstrap recent surfaces and excludes online-only credential work" started.
✘ Test "app indicator source exposes labels icons dismissal and non-dismissable severity" recorded an issue at NativeCacheFreshnessTests.swift:513:9: Expectation failed: hasToken
↳ Apps/Spoonjoy/Shared/Components/OfflineStatusView.swift missing required token OfflineIndicatorDisplay
✘ Test "indicator transitions preserve queued failed conflict blocker destructive and dismissed states" recorded an issue at NativeCacheFreshnessTests.swift:112:6: Caught error: Missing required native cache contract file: Sources/SpoonjoyCore/Cache/OfflineFreshnessIndicator.swift
✘ Test "durable schema version 2 covers every Offline Product Contract domain with record metadata" recorded an issue at NativeCacheFreshnessTests.swift:17:6: Caught error: Missing required native cache contract file: Sources/SpoonjoyCore/Cache/NativeDurableCache.swift
✘ Test "app indicator source exposes labels icons dismissal and non-dismissable severity" recorded an issue at NativeCacheFreshnessTests.swift:513:9: Expectation failed: hasToken
↳ Apps/Spoonjoy/Shared/Components/OfflineStatusView.swift missing required token synced
✘ Test "corrupt cache recovery quarantines bad JSON and restores deterministic fallback without overwriting" recorded an issue at NativeCacheFreshnessTests.swift:299:6: Caught error: Missing required native cache contract file: Sources/SpoonjoyCore/Cache/NativeDurableCacheStore.swift
✘ Test "cache store rejects secret material and never serializes tokens provider secrets signed URLs or raw media paths" recorded an issue at NativeCacheFreshnessTests.swift:267:6: Caught error: Missing required native cache contract file: Sources/SpoonjoyCore/Cache/NativeDurableCacheStore.swift
✘ Test "media staging metadata is privacy safe and enforces exact size and count thresholds" recorded an issue at NativeCacheFreshnessTests.swift:229:6: Caught error: Missing required native cache contract file: Sources/SpoonjoyCore/Cache/NativeMediaStagingPolicy.swift
✘ Test "intelligent prefetch policy includes signed-in bootstrap recent surfaces and excludes online-only credential work" recorded an issue at NativeCacheFreshnessTests.swift:186:6: Caught error: Missing required native cache contract file: Sources/SpoonjoyCore/Cache/NativeCachePrefetchPolicy.swift
✘ Test "freshness policy uses exact Offline Product Contract thresholds without wall clock flake" recorded an issue at NativeCacheFreshnessTests.swift:70:6: Caught error: Missing required native cache contract file: Sources/SpoonjoyCore/Cache/NativeCacheFreshnessPolicy.swift
✘ Test "durable schema version 2 covers every Offline Product Contract domain with record metadata" failed after 0.001 seconds with 1 issue.
✘ Test "cache store rejects secret material and never serializes tokens provider secrets signed URLs or raw media paths" failed after 0.001 seconds with 1 issue.
✘ Test "media staging metadata is privacy safe and enforces exact size and count thresholds" failed after 0.001 seconds with 1 issue.
✘ Test "indicator transitions preserve queued failed conflict blocker destructive and dismissed states" failed after 0.001 seconds with 1 issue.
✘ Test "dismissal persistence is scoped by account environment and freshness change" recorded an issue at NativeCacheFreshnessTests.swift:151:6: Caught error: Missing required native cache contract file: Sources/SpoonjoyCore/Cache/NativeIndicatorDismissalStore.swift
✘ Test "app indicator source exposes labels icons dismissal and non-dismissable severity" recorded an issue at NativeCacheFreshnessTests.swift:513:9: Expectation failed: hasToken
↳ Apps/Spoonjoy/Shared/Components/OfflineStatusView.swift missing required token offline
✘ Test "corrupt cache recovery quarantines bad JSON and restores deterministic fallback without overwriting" failed after 0.001 seconds with 1 issue.
✘ Test "intelligent prefetch policy includes signed-in bootstrap recent surfaces and excludes online-only credential work" failed after 0.001 seconds with 1 issue.
✘ Test "freshness policy uses exact Offline Product Contract thresholds without wall clock flake" failed after 0.001 seconds with 1 issue.
✘ Test "dismissal persistence is scoped by account environment and freshness change" failed after 0.001 seconds with 1 issue.
✘ Test "app indicator source exposes labels icons dismissal and non-dismissable severity" recorded an issue at NativeCacheFreshnessTests.swift:513:9: Expectation failed: hasToken
↳ Apps/Spoonjoy/Shared/Components/OfflineStatusView.swift missing required token stale
✘ Test "app indicator source exposes labels icons dismissal and non-dismissable severity" recorded an issue at NativeCacheFreshnessTests.swift:513:9: Expectation failed: hasToken
↳ Apps/Spoonjoy/Shared/Components/OfflineStatusView.swift missing required token queuedWork
✘ Test "app indicator source exposes labels icons dismissal and non-dismissable severity" recorded an issue at NativeCacheFreshnessTests.swift:513:9: Expectation failed: hasToken
↳ Apps/Spoonjoy/Shared/Components/OfflineStatusView.swift missing required token syncFailure
✘ Test "app indicator source exposes labels icons dismissal and non-dismissable severity" recorded an issue at NativeCacheFreshnessTests.swift:513:9: Expectation failed: hasToken
↳ Apps/Spoonjoy/Shared/Components/OfflineStatusView.swift missing required token conflict
✘ Test "app indicator source exposes labels icons dismissal and non-dismissable severity" recorded an issue at NativeCacheFreshnessTests.swift:513:9: Expectation failed: hasToken
↳ Apps/Spoonjoy/Shared/Components/OfflineStatusView.swift missing required token blocker
✘ Test "app indicator source exposes labels icons dismissal and non-dismissable severity" recorded an issue at NativeCacheFreshnessTests.swift:513:9: Expectation failed: hasToken
↳ Apps/Spoonjoy/Shared/Components/OfflineStatusView.swift missing required token destructiveConfirmation
✘ Test "app indicator source exposes labels icons dismissal and non-dismissable severity" recorded an issue at NativeCacheFreshnessTests.swift:513:9: Expectation failed: hasToken
↳ Apps/Spoonjoy/Shared/Components/OfflineStatusView.swift missing required token dismissed
✘ Test "app indicator source exposes labels icons dismissal and non-dismissable severity" recorded an issue at NativeCacheFreshnessTests.swift:513:9: Expectation failed: hasToken
↳ Apps/Spoonjoy/Shared/Components/OfflineStatusView.swift missing required token Button
✘ Test "app indicator source exposes labels icons dismissal and non-dismissable severity" recorded an issue at NativeCacheFreshnessTests.swift:513:9: Expectation failed: hasToken
↳ Apps/Spoonjoy/Shared/Components/OfflineStatusView.swift missing required token xmark.circle
✘ Test "app indicator source exposes labels icons dismissal and non-dismissable severity" recorded an issue at NativeCacheFreshnessTests.swift:513:9: Expectation failed: hasToken
↳ Apps/Spoonjoy/Shared/Components/OfflineStatusView.swift missing required token exclamationmark.arrow.trianglehead.2.clockwise.rotate.90
✘ Test "app indicator source exposes labels icons dismissal and non-dismissable severity" recorded an issue at NativeCacheFreshnessTests.swift:513:9: Expectation failed: hasToken
↳ Apps/Spoonjoy/Shared/Components/OfflineStatusView.swift missing required token wifi.slash
✘ Test "app indicator source exposes labels icons dismissal and non-dismissable severity" recorded an issue at NativeCacheFreshnessTests.swift:513:9: Expectation failed: hasToken
↳ Apps/Spoonjoy/Shared/Components/OfflineStatusView.swift missing required token clock.badge.exclamationmark
✘ Test "app indicator source exposes labels icons dismissal and non-dismissable severity" recorded an issue at NativeCacheFreshnessTests.swift:513:9: Expectation failed: hasToken
↳ Apps/Spoonjoy/Shared/Components/OfflineStatusView.swift missing required token tray.and.arrow.up.fill
✘ Test "app indicator source exposes labels icons dismissal and non-dismissable severity" recorded an issue at NativeCacheFreshnessTests.swift:513:9: Expectation failed: hasToken
↳ Apps/Spoonjoy/Shared/Components/OfflineStatusView.swift missing required token exclamationmark.triangle.fill
✘ Test "app indicator source exposes labels icons dismissal and non-dismissable severity" recorded an issue at NativeCacheFreshnessTests.swift:513:9: Expectation failed: hasToken
↳ Apps/Spoonjoy/Shared/Components/OfflineStatusView.swift missing required token lock.shield.fill
✘ Test "app indicator source exposes labels icons dismissal and non-dismissable severity" recorded an issue at NativeCacheFreshnessTests.swift:513:9: Expectation failed: hasToken
↳ Apps/Spoonjoy/Shared/Components/OfflineStatusView.swift missing required token trash.slash.fill
✘ Test "app indicator source exposes labels icons dismissal and non-dismissable severity" failed after 0.001 seconds with 19 issues.
✘ Test "expanded native cache behavior contract is executable" recorded an issue at NativeCacheFreshnessTests.swift:14:9: Expectation failed: (result.status → 1) == 0
↳ -v1\""), payload: .apnsStatus(deviceID: "device_ios_1", registrationState: .registered), fetchedAt: fetchedAt, lastValidatedAt: lastValidatedAt)
      |                             `- error: cannot infer contextual base in reference to member 'apnsStatus'
  261 |     ]
  262 | }

  /private/var/folders/md/_fkq3wc92_z55cgtlrfrcfh40000gn/T/459B66D9-69D5-415B-BA6E-8D5B63184382/Tests/NativeCacheBehaviorProbeTests/NativeCacheBehaviorProbeTests.swift:260:101: error: cannot infer contextual base in reference to member 'etag'
  258 |         try record(domain: .tokenMetadata, sourceEndpoint: "/api/v1/tokens", serverRevision: .etag("\"token-metadata-v2\""), payload: .tokenMetadata(credentials: [NativeTokenMetadata(id: "cred_1", name: "Kitchen iPad", scopes: ["recipes:read"])]), fetchedAt: fetchedAt, lastValidatedAt: lastValidatedAt),
  259 |         try record(domain: .connectionStatus, sourceEndpoint: "/api/v1/me/connections", serverRevision: .etag("\"connections-v1\""), payload: .connectionStatus(connections: [NativeConnectionStatus(id: "conn_google", provider: "google", status: .connected)]), fetchedAt: fetchedAt, lastValidatedAt: lastValidatedAt),
  260 |         try record(domain: .apnsStatus, sourceEndpoint: "/api/v1/me/apns-devices", serverRevision: .etag("\"apns-v1\""), payload: .apnsStatus(deviceID: "device_ios_1", registrationState: .registered), fetchedAt: fetchedAt, lastValidatedAt: lastValidatedAt)
      |                                                                                                     `- error: cannot infer contextual base in reference to member 'etag'
  261 |     ]
  262 | }

  /private/var/folders/md/_fkq3wc92_z55cgtlrfrcfh40000gn/T/459B66D9-69D5-415B-BA6E-8D5B63184382/Tests/NativeCacheBehaviorProbeTests/NativeCacheBehaviorProbeTests.swift:260:132: error: cannot infer contextual base in reference to member 'apnsStatus'
  258 |         try record(domain: .tokenMetadata, sourceEndpoint: "/api/v1/tokens", serverRevision: .etag("\"token-metadata-v2\""), payload: .tokenMetadata(credentials: [NativeTokenMetadata(id: "cred_1", name: "Kitchen iPad", scopes: ["recipes:read"])]), fetchedAt: fetchedAt, lastValidatedAt: lastValidatedAt),
  259 |         try record(domain: .connectionStatus, sourceEndpoint: "/api/v1/me/connections", serverRevision: .etag("\"connections-v1\""), payload: .connectionStatus(connections: [NativeConnectionStatus(id: "conn_google", provider: "google", status: .connected)]), fetchedAt: fetchedAt, lastValidatedAt: lastValidatedAt),
  260 |         try record(domain: .apnsStatus, sourceEndpoint: "/api/v1/me/apns-devices", serverRevision: .etag("\"apns-v1\""), payload: .apnsStatus(deviceID: "device_ios_1", registrationState: .registered), fetchedAt: fetchedAt, lastValidatedAt: lastValidatedAt)
      |                                                                                                                                    `- error: cannot infer contextual base in reference to member 'apnsStatus'
  261 |     ]
  262 | }

  /private/var/folders/md/_fkq3wc92_z55cgtlrfrcfh40000gn/T/459B66D9-69D5-415B-BA6E-8D5B63184382/Tests/NativeCacheBehaviorProbeTests/NativeCacheBehaviorProbeTests.swift:260:189: error: cannot infer contextual base in reference to member 'registered'
  258 |         try record(domain: .tokenMetadata, sourceEndpoint: "/api/v1/tokens", serverRevision: .etag("\"token-metadata-v2\""), payload: .tokenMetadata(credentials: [NativeTokenMetadata(id: "cred_1", name: "Kitchen iPad", scopes: ["recipes:read"])]), fetchedAt: fetchedAt, lastValidatedAt: lastValidatedAt),
  259 |         try record(domain: .connectionStatus, sourceEndpoint: "/api/v1/me/connections", serverRevision: .etag("\"connections-v1\""), payload: .connectionStatus(connections: [NativeConnectionStatus(id: "conn_google", provider: "google", status: .connected)]), fetchedAt: fetchedAt, lastValidatedAt: lastValidatedAt),
  260 |         try record(domain: .apnsStatus, sourceEndpoint: "/api/v1/me/apns-devices", serverRevision: .etag("\"apns-v1\""), payload: .apnsStatus(deviceID: "device_ios_1", registrationState: .registered), fetchedAt: fetchedAt, lastValidatedAt: lastValidatedAt)
      |                                                                                                                                                                                             `- error: cannot infer contextual base in reference to member 'registered'
  261 |     ]
  262 | }

  /private/var/folders/md/_fkq3wc92_z55cgtlrfrcfh40000gn/T/459B66D9-69D5-415B-BA6E-8D5B63184382/Tests/NativeCacheBehaviorProbeTests/NativeCacheBehaviorProbeTests.swift:272:9: error: cannot find 'NativeCacheRecord' in scope
  270 |     lastValidatedAt: Date
  271 | ) throws -> NativeCacheRecord {
  272 |     try NativeCacheRecord(
      |         `- error: cannot find 'NativeCacheRecord' in scope
  273 |         id: domain.stableRecordID,
  274 |         metadata: NativeCacheRecordMetadata(

  /private/var/folders/md/_fkq3wc92_z55cgtlrfrcfh40000gn/T/459B66D9-69D5-415B-BA6E-8D5B63184382/Tests/NativeCacheBehaviorProbeTests/NativeCacheBehaviorProbeTests.swift:274:19: error: cannot find 'NativeCacheRecordMetadata' in scope
  272 |     try NativeCacheRecord(
  273 |         id: domain.stableRecordID,
  274 |         metadata: NativeCacheRecordMetadata(
      |                   `- error: cannot find 'NativeCacheRecordMetadata' in scope
  275 |             accountID: "chef_ari",
  276 |             environment: .production,

  /private/var/folders/md/_fkq3wc92_z55cgtlrfrcfh40000gn/T/459B66D9-69D5-415B-BA6E-8D5B63184382/Tests/NativeCacheBehaviorProbeTests/NativeCacheBehaviorProbeTests.swift:276:27: error: cannot infer contextual base in reference to member 'production'
  274 |         metadata: NativeCacheRecordMetadata(
  275 |             accountID: "chef_ari",
  276 |             environment: .production,
      |                           `- error: cannot infer contextual base in reference to member 'production'
  277 |             schemaVersion: 2,
  278 |             domain: domain,
  error: fatalError

✘ Test "expanded native cache behavior contract is executable" failed after 17.781 seconds with 1 issue.
✘ Suite "Native cache schema and freshness" failed after 17.782 seconds with 28 issues.
✘ Test run with 10 tests in 1 suite failed after 17.782 seconds with 28 issues.
