Building for debugging...
[0/4] Write swift-version--58304C5D6DBC2206.txt
Build complete! (0.12s)
◇ Test run started.
↳ Testing Library Version: 1902
↳ Target Platform: arm64e-apple-macos14.0
◇ Suite "Native sync engine and mutation queue" started.
◇ Suite "Native live store and shell wiring" started.
◇ Suite "Spotlight, App Shortcuts, and transfer integration contracts" started.
◇ Suite "URLSession API transport" started.
◇ Suite "Recipe and cookbook App Entity contracts" started.
◇ Test "native sync report builds scoped purge requests from legacy fallback arrays" started.
◇ Test "recipe cookbook entity purge plans cover logout account switch cache delete and tombstones" started.
◇ Test "URLSession native sync transport returns typed cover provider-secret blockers" started.
◇ Test "Spotlight identifiers stay scoped and reject malformed private routes" started.
◇ Test "recipe entities resolve from native sync cached records and expose transfer values" started.
◇ Test "cookbook entities resolve from native sync cached records and expose transfer values" started.
◇ Test "signed out settings and offline indicator cover every live shell state" started.
✔ Test "recipe cookbook entity purge plans cover logout account switch cache delete and tombstones" passed after 0.001 seconds.
✔ Test "native sync report builds scoped purge requests from legacy fallback arrays" passed after 0.001 seconds.
✔ Suite "Native sync engine and mutation queue" passed after 0.001 seconds.
✔ Test "Spotlight identifiers stay scoped and reject malformed private routes" passed after 0.001 seconds.
✔ Suite "Spotlight, App Shortcuts, and transfer integration contracts" passed after 0.001 seconds.
✔ Test "URLSession native sync transport returns typed cover provider-secret blockers" passed after 0.003 seconds.
✔ Suite "URLSession API transport" passed after 0.004 seconds.
✔ Test "recipe entities resolve from native sync cached records and expose transfer values" passed after 0.006 seconds.
✔ Test "cookbook entities resolve from native sync cached records and expose transfer values" passed after 0.006 seconds.
✔ Suite "Recipe and cookbook App Entity contracts" passed after 0.007 seconds.
✔ Test "signed out settings and offline indicator cover every live shell state" passed after 0.034 seconds.
✔ Suite "Native live store and shell wiring" passed after 0.034 seconds.
✔ Test run with 7 tests in 5 suites passed after 0.034 seconds.
