== Unit 19j red: Swift notification/APNs surface contract ==
[0/1] Planning build
Building for debugging...
[0/7] Write sources
[1/7] Write swift-version--58304C5D6DBC2206.txt
[3/80] Compiling SpoonjoyCore SecureAuthWebHandoff.swift
[4/80] Compiling SpoonjoyCore TokenVault.swift
[5/80] Compiling SpoonjoyCore NativeCacheFreshnessPolicy.swift
[6/80] Compiling SpoonjoyCore NativeCachePrefetchPolicy.swift
[7/80] Compiling SpoonjoyCore NativeDurableCache.swift
[8/80] Compiling SpoonjoyCore NativeDurableCacheStore.swift
[9/80] Compiling SpoonjoyCore NativeIndicatorDismissalStore.swift
[10/80] Compiling SpoonjoyCore NativeMediaStagingPolicy.swift
[11/87] Compiling SpoonjoyCore DeepLinkURLBuilder.swift
[12/87] Compiling SpoonjoyCore NativeAppSnapshot.swift
[13/87] Compiling SpoonjoyCore NativeFixtureFallbackPolicy.swift
[14/87] Compiling SpoonjoyCore NativeLiveAppStore.swift
[15/87] Compiling SpoonjoyCore ScreenViewModels.swift
[16/87] Compiling SpoonjoyCore SearchState.swift
[17/87] Compiling SpoonjoyCore AuthSessionState.swift
[18/87] Compiling SpoonjoyCore InMemoryTokenVault.swift
[19/87] Compiling SpoonjoyCore KeychainTokenVault.swift
[20/87] Compiling SpoonjoyCore NativeAuthSession.swift
[21/87] Compiling SpoonjoyCore NativeAuthSessionRepository.swift
[22/87] Compiling SpoonjoyCore OAuthPKCE.swift
[23/87] Compiling SpoonjoyCore OAuthRedirectValidator.swift
[24/87] Compiling SpoonjoyCore OAuthRequests.swift
[25/87] Compiling SpoonjoyCore OAuthResponses.swift
[26/87] Compiling SpoonjoyCore RefreshCoordinator.swift
[27/87] Emitting module SpoonjoyCore
[28/87] Compiling SpoonjoyCore APIClient.swift
[29/87] Compiling SpoonjoyCore APIEnvelope.swift
[30/87] Compiling SpoonjoyCore APIError.swift
[31/87] Compiling SpoonjoyCore APIRequestBuilder.swift
[32/87] Compiling SpoonjoyCore APIRequestSupport.swift
[33/87] Compiling SpoonjoyCore APIRetryPolicy.swift
[34/87] Compiling SpoonjoyCore APITransport.swift
[35/87] Compiling SpoonjoyCore JSONValue.swift
[36/87] Compiling SpoonjoyCore NativeSharePayload.swift
[37/87] Compiling SpoonjoyCore ShoppingSurfaceViewModel.swift
[38/87] Compiling SpoonjoyCore SpoonCookLogViewModel.swift
[39/87] Compiling SpoonjoyCore CaptureDraft.swift
[40/87] Compiling SpoonjoyCore CookModeProgress.swift
[41/87] Compiling SpoonjoyCore KitchenFixtureState.swift
[42/87] Compiling SpoonjoyCore SettingsState.swift
[43/87] Compiling SpoonjoyCore ShoppingListState.swift
[44/87] Compiling SpoonjoyCore DeepLinkManifest.swift
[45/87] Compiling SpoonjoyCore NativeCapabilityMetadata.swift
[46/87] Compiling SpoonjoyCore NativeIntentAction.swift
[47/87] Compiling SpoonjoyCore ScenarioCommand.swift
[48/87] Compiling SpoonjoyCore ScenarioReport.swift
[49/87] Compiling SpoonjoyCore ScenarioVerifier.swift
[50/87] Compiling SpoonjoyCore SpotlightIndexPlan.swift
[51/87] Compiling SpoonjoyCore JSONFileStore.swift
[52/87] Compiling SpoonjoyCore NativeAPIRequests.swift
[53/87] Compiling SpoonjoyCore PaginationCursor.swift
[54/87] Compiling SpoonjoyCore PublicCatalogRequests.swift
[55/87] Compiling SpoonjoyCore ShoppingListAPI.swift
[56/87] Compiling SpoonjoyCore ShoppingListRequests.swift
[57/87] Compiling SpoonjoyCore AppNavigationState.swift
[58/87] Compiling SpoonjoyCore AppRoute.swift
[59/87] Compiling SpoonjoyCore DeepLinkRouter.swift
[60/87] Compiling SpoonjoyCore OfflineFreshnessIndicator.swift
[61/87] Compiling SpoonjoyCore CaptureImportViewModel.swift
[62/87] Compiling SpoonjoyCore CookbookSurfaceRepository.swift
[63/87] Compiling SpoonjoyCore CookbookSurfaceViewModel.swift
[64/87] Compiling SpoonjoyCore RecipeCoverControlsViewModel.swift
[65/87] Compiling SpoonjoyCore ProfileChefGraphSurfaceRepository.swift
[66/87] Compiling SpoonjoyCore ProfileChefGraphSurfaceViewModel.swift
[67/87] Compiling SpoonjoyCore RecipeActionsViewModel.swift
[68/87] Compiling SpoonjoyCore RecipeCatalogRepository.swift
[69/87] Compiling SpoonjoyCore RecipeCatalogViewModel.swift
[70/87] Compiling SpoonjoyCore RecipeDetailScreenViewModel.swift
[71/87] Compiling SpoonjoyCore RecipeEditorDraft.swift
[72/87] Compiling SpoonjoyCore RecipeEditorDraftChangePlanner.swift
[73/87] Compiling SpoonjoyCore RecipeEditorViewModel.swift
[74/87] Compiling SpoonjoyCore SettingsSurfaceRepository.swift
[75/87] Compiling SpoonjoyCore SettingsSurfaceViewModel.swift
[76/87] Compiling SpoonjoyCore MutationQueue.swift
[77/87] Compiling SpoonjoyCore OfflineSnapshot.swift
[78/87] Compiling SpoonjoyCore SyncCheckpoint.swift
[79/87] Compiling SpoonjoyCore RecipeCookbook.swift
[80/87] Compiling SpoonjoyCore SpoonjoyCore.swift
[81/87] Compiling SpoonjoyCore NativeSyncEngine.swift
[82/87] Compiling SpoonjoyCore resource_bundle_accessor.swift
[83/118] Emitting module SpoonjoyScenarioVerifier
[84/118] Compiling SpoonjoyScenarioVerifier main.swift
[85/118] Compiling SpoonjoyScenarioVerifier ScenarioProcessMain.swift
[85/117] Linking SpoonjoyScenarioVerifier
[86/117] Applying SpoonjoyScenarioVerifier
[88/117] Emitting module SpoonjoyCoreTests
[89/120] Compiling SpoonjoyCoreTests CoverControlSurfaceTests.swift
[90/120] Compiling SpoonjoyCoreTests DeepLinkRouterTests.swift
[91/120] Compiling SpoonjoyCoreTests KitchenStateTests.swift
[92/120] Compiling SpoonjoyCoreTests OfflineStoreTests.swift
[93/120] Compiling SpoonjoyCoreTests ProfileChefGraphSurfaceTests.swift
[94/120] Compiling SpoonjoyCoreTests RecipeActionParityTests.swift
[95/120] Compiling SpoonjoyCoreTests NativeAPIExpansionTests.swift
[96/120] Compiling SpoonjoyCoreTests NativeAuthSessionTests.swift
[97/120] Compiling SpoonjoyCoreTests NativeCacheFreshnessTests.swift
[98/120] Compiling SpoonjoyCoreTests SpoonCookLogSurfaceTests.swift
[99/120] Compiling SpoonjoyCoreTests SpoonjoyCoreBootstrapTests.swift
[100/120] Compiling SpoonjoyCoreTests TokenRefreshTests.swift
[101/120] Compiling SpoonjoyCoreTests APIReadClientTests.swift
[102/120] Compiling SpoonjoyCoreTests APITransportTests.swift
[103/120] Compiling SpoonjoyCoreTests AppStateTests.swift
[104/120] Compiling SpoonjoyCoreTests CaptureImportSurfaceTests.swift
[105/120] Compiling SpoonjoyCoreTests CookModeParityTests.swift
[106/120] Compiling SpoonjoyCoreTests CookbookSurfaceParityTests.swift
[107/120] Compiling SpoonjoyCoreTests RecipeCatalogDetailTests.swift
[108/120] Compiling SpoonjoyCoreTests RecipeCookbookTests.swift
[109/120] Compiling SpoonjoyCoreTests RecipeEditorParityTests.swift
[110/120] Compiling SpoonjoyCoreTests NativeSyncEngineTests.swift
/Users/arimendelow/Projects/spoonjoy-apple/Tests/SpoonjoyCoreTests/NotificationAPNsSurfaceTests.swift:237:26: error: cannot find 'SnapshotNotificationAPNsSurfaceRepository' in scope
235 |         #expect(cache.record(for: .apnsStatus)?.payload == .apnsStatus(deviceID: "device_ios_1", registrationState: .registered))
236 |
237 |         let repository = SnapshotNotificationAPNsSurfaceRepository(
    |                          `- error: cannot find 'SnapshotNotificationAPNsSurfaceRepository' in scope
238 |             cache: cache,
239 |             environment: .production,

/Users/arimendelow/Projects/spoonjoy-apple/Tests/SpoonjoyCoreTests/NotificationAPNsSurfaceTests.swift:239:27: error: cannot infer contextual base in reference to member 'production'
237 |         let repository = SnapshotNotificationAPNsSurfaceRepository(
238 |             cache: cache,
239 |             environment: .production,
    |                           `- error: cannot infer contextual base in reference to member 'production'
240 |             permissionState: .denied(lastCheckedAt: lastValidatedAt),
241 |             now: { now }

/Users/arimendelow/Projects/spoonjoy-apple/Tests/SpoonjoyCoreTests/NotificationAPNsSurfaceTests.swift:240:31: error: cannot infer contextual base in reference to member 'denied'
238 |             cache: cache,
239 |             environment: .production,
240 |             permissionState: .denied(lastCheckedAt: lastValidatedAt),
    |                               `- error: cannot infer contextual base in reference to member 'denied'
241 |             now: { now }
242 |         )

/Users/arimendelow/Projects/spoonjoy-apple/Tests/SpoonjoyCoreTests/NotificationAPNsSurfaceTests.swift:245:42: error: cannot find 'APNsRegistrationSummary' in scope
243 |         let data = try await repository.restore()
244 |         #expect(data.preferences == preferences)
245 |         #expect(data.apnsRegistration == APNsRegistrationSummary(
    |                                          `- error: cannot find 'APNsRegistrationSummary' in scope
246 |             deviceID: "device_ios_1",
247 |             platform: .ios,

/Users/arimendelow/Projects/spoonjoy-apple/Tests/SpoonjoyCoreTests/NotificationAPNsSurfaceTests.swift:247:24: error: cannot infer contextual base in reference to member 'ios'
245 |         #expect(data.apnsRegistration == APNsRegistrationSummary(
246 |             deviceID: "device_ios_1",
247 |             platform: .ios,
    |                        `- error: cannot infer contextual base in reference to member 'ios'
248 |             environment: .development,
249 |             registrationState: .registered,

/Users/arimendelow/Projects/spoonjoy-apple/Tests/SpoonjoyCoreTests/NotificationAPNsSurfaceTests.swift:248:27: error: cannot infer contextual base in reference to member 'development'
246 |             deviceID: "device_ios_1",
247 |             platform: .ios,
248 |             environment: .development,
    |                           `- error: cannot infer contextual base in reference to member 'development'
249 |             registrationState: .registered,
250 |             lastValidatedAt: lastValidatedAt

/Users/arimendelow/Projects/spoonjoy-apple/Tests/SpoonjoyCoreTests/NotificationAPNsSurfaceTests.swift:249:33: error: cannot infer contextual base in reference to member 'registered'
247 |             platform: .ios,
248 |             environment: .development,
249 |             registrationState: .registered,
    |                                 `- error: cannot infer contextual base in reference to member 'registered'
250 |             lastValidatedAt: lastValidatedAt
251 |         ))

/Users/arimendelow/Projects/spoonjoy-apple/Tests/SpoonjoyCoreTests/NotificationAPNsSurfaceTests.swift:252:42: error: cannot infer contextual base in reference to member 'denied'
250 |             lastValidatedAt: lastValidatedAt
251 |         ))
252 |         #expect(data.permissionState == .denied(lastCheckedAt: lastValidatedAt))
    |                                          `- error: cannot infer contextual base in reference to member 'denied'
253 |         #expect(data.source == .cache(serverRevision: .etag("\"apns-device-v1\""), lastValidatedAt: lastValidatedAt))
254 |

/Users/arimendelow/Projects/spoonjoy-apple/Tests/SpoonjoyCoreTests/NotificationAPNsSurfaceTests.swift:253:33: error: cannot infer contextual base in reference to member 'cache'
251 |         ))
252 |         #expect(data.permissionState == .denied(lastCheckedAt: lastValidatedAt))
253 |         #expect(data.source == .cache(serverRevision: .etag("\"apns-device-v1\""), lastValidatedAt: lastValidatedAt))
    |                                 `- error: cannot infer contextual base in reference to member 'cache'
254 |
255 |         let viewModel = NotificationAPNsSurfaceViewModel(

/Users/arimendelow/Projects/spoonjoy-apple/Tests/SpoonjoyCoreTests/NotificationAPNsSurfaceTests.swift:253:56: error: cannot infer contextual base in reference to member 'etag'
251 |         ))
252 |         #expect(data.permissionState == .denied(lastCheckedAt: lastValidatedAt))
253 |         #expect(data.source == .cache(serverRevision: .etag("\"apns-device-v1\""), lastValidatedAt: lastValidatedAt))
    |                                                        `- error: cannot infer contextual base in reference to member 'etag'
254 |
255 |         let viewModel = NotificationAPNsSurfaceViewModel(

/Users/arimendelow/Projects/spoonjoy-apple/Tests/SpoonjoyCoreTests/NotificationAPNsSurfaceTests.swift:255:25: error: cannot find 'NotificationAPNsSurfaceViewModel' in scope
253 |         #expect(data.source == .cache(serverRevision: .etag("\"apns-device-v1\""), lastValidatedAt: lastValidatedAt))
254 |
255 |         let viewModel = NotificationAPNsSurfaceViewModel(
    |                         `- error: cannot find 'NotificationAPNsSurfaceViewModel' in scope
256 |             data: data,
257 |             queuedMutations: [],

/Users/arimendelow/Projects/spoonjoy-apple/Tests/SpoonjoyCoreTests/NotificationAPNsSurfaceTests.swift:258:28: error: cannot infer contextual base in reference to member 'offline'
256 |             data: data,
257 |             queuedMutations: [],
258 |             connectivity: .offline,
    |                            `- error: cannot infer contextual base in reference to member 'offline'
259 |             now: { now }
260 |         )

/Users/arimendelow/Projects/spoonjoy-apple/Tests/SpoonjoyCoreTests/NotificationAPNsSurfaceTests.swift:265:53: error: cannot find 'NotificationAPNsPermissionBanner' in scope
263 |         #expect(viewModel.apnsRegistration?.deviceID == "device_ios_1")
264 |         #expect(viewModel.apnsRegistration?.registrationState == .registered)
265 |         #expect(viewModel.permissionDeniedBanner == NotificationAPNsPermissionBanner(
    |                                                     `- error: cannot find 'NotificationAPNsPermissionBanner' in scope
266 |             title: "Notifications are off in System Settings",
267 |             message: "Turn on notifications for Spoonjoy in System Settings, then register this device again.",

/Users/arimendelow/Projects/spoonjoy-apple/Tests/SpoonjoyCoreTests/NotificationAPNsSurfaceTests.swift:270:56: error: cannot infer contextual base in reference to member 'stale'
268 |             actionTitle: "Open System Settings"
269 |         ))
270 |         #expect(viewModel.offlineIndicator.display == .stale(domain: .notificationPreferences))
    |                                                        `- error: cannot infer contextual base in reference to member 'stale'
271 |         #expect(viewModel.lastValidatedAt == lastValidatedAt)
272 |     }

/Users/arimendelow/Projects/spoonjoy-apple/Tests/SpoonjoyCoreTests/NotificationAPNsSurfaceTests.swift:270:71: error: cannot infer contextual base in reference to member 'notificationPreferences'
268 |             actionTitle: "Open System Settings"
269 |         ))
270 |         #expect(viewModel.offlineIndicator.display == .stale(domain: .notificationPreferences))
    |                                                                       `- error: cannot infer contextual base in reference to member 'notificationPreferences'
271 |         #expect(viewModel.lastValidatedAt == lastValidatedAt)
272 |     }
[111/120] Compiling SpoonjoyCoreTests NotificationAPNsSurfaceTests.swift
/Users/arimendelow/Projects/spoonjoy-apple/Tests/SpoonjoyCoreTests/NotificationAPNsSurfaceTests.swift:237:26: error: cannot find 'SnapshotNotificationAPNsSurfaceRepository' in scope
235 |         #expect(cache.record(for: .apnsStatus)?.payload == .apnsStatus(deviceID: "device_ios_1", registrationState: .registered))
236 |
237 |         let repository = SnapshotNotificationAPNsSurfaceRepository(
    |                          `- error: cannot find 'SnapshotNotificationAPNsSurfaceRepository' in scope
238 |             cache: cache,
239 |             environment: .production,

/Users/arimendelow/Projects/spoonjoy-apple/Tests/SpoonjoyCoreTests/NotificationAPNsSurfaceTests.swift:239:27: error: cannot infer contextual base in reference to member 'production'
237 |         let repository = SnapshotNotificationAPNsSurfaceRepository(
238 |             cache: cache,
239 |             environment: .production,
    |                           `- error: cannot infer contextual base in reference to member 'production'
240 |             permissionState: .denied(lastCheckedAt: lastValidatedAt),
241 |             now: { now }

/Users/arimendelow/Projects/spoonjoy-apple/Tests/SpoonjoyCoreTests/NotificationAPNsSurfaceTests.swift:240:31: error: cannot infer contextual base in reference to member 'denied'
238 |             cache: cache,
239 |             environment: .production,
240 |             permissionState: .denied(lastCheckedAt: lastValidatedAt),
    |                               `- error: cannot infer contextual base in reference to member 'denied'
241 |             now: { now }
242 |         )

/Users/arimendelow/Projects/spoonjoy-apple/Tests/SpoonjoyCoreTests/NotificationAPNsSurfaceTests.swift:245:42: error: cannot find 'APNsRegistrationSummary' in scope
243 |         let data = try await repository.restore()
244 |         #expect(data.preferences == preferences)
245 |         #expect(data.apnsRegistration == APNsRegistrationSummary(
    |                                          `- error: cannot find 'APNsRegistrationSummary' in scope
246 |             deviceID: "device_ios_1",
247 |             platform: .ios,

/Users/arimendelow/Projects/spoonjoy-apple/Tests/SpoonjoyCoreTests/NotificationAPNsSurfaceTests.swift:247:24: error: cannot infer contextual base in reference to member 'ios'
245 |         #expect(data.apnsRegistration == APNsRegistrationSummary(
246 |             deviceID: "device_ios_1",
247 |             platform: .ios,
    |                        `- error: cannot infer contextual base in reference to member 'ios'
248 |             environment: .development,
249 |             registrationState: .registered,

/Users/arimendelow/Projects/spoonjoy-apple/Tests/SpoonjoyCoreTests/NotificationAPNsSurfaceTests.swift:248:27: error: cannot infer contextual base in reference to member 'development'
246 |             deviceID: "device_ios_1",
247 |             platform: .ios,
248 |             environment: .development,
    |                           `- error: cannot infer contextual base in reference to member 'development'
249 |             registrationState: .registered,
250 |             lastValidatedAt: lastValidatedAt

/Users/arimendelow/Projects/spoonjoy-apple/Tests/SpoonjoyCoreTests/NotificationAPNsSurfaceTests.swift:249:33: error: cannot infer contextual base in reference to member 'registered'
247 |             platform: .ios,
248 |             environment: .development,
249 |             registrationState: .registered,
    |                                 `- error: cannot infer contextual base in reference to member 'registered'
250 |             lastValidatedAt: lastValidatedAt
251 |         ))

/Users/arimendelow/Projects/spoonjoy-apple/Tests/SpoonjoyCoreTests/NotificationAPNsSurfaceTests.swift:252:42: error: cannot infer contextual base in reference to member 'denied'
250 |             lastValidatedAt: lastValidatedAt
251 |         ))
252 |         #expect(data.permissionState == .denied(lastCheckedAt: lastValidatedAt))
    |                                          `- error: cannot infer contextual base in reference to member 'denied'
253 |         #expect(data.source == .cache(serverRevision: .etag("\"apns-device-v1\""), lastValidatedAt: lastValidatedAt))
254 |

/Users/arimendelow/Projects/spoonjoy-apple/Tests/SpoonjoyCoreTests/NotificationAPNsSurfaceTests.swift:253:33: error: cannot infer contextual base in reference to member 'cache'
251 |         ))
252 |         #expect(data.permissionState == .denied(lastCheckedAt: lastValidatedAt))
253 |         #expect(data.source == .cache(serverRevision: .etag("\"apns-device-v1\""), lastValidatedAt: lastValidatedAt))
    |                                 `- error: cannot infer contextual base in reference to member 'cache'
254 |
255 |         let viewModel = NotificationAPNsSurfaceViewModel(

/Users/arimendelow/Projects/spoonjoy-apple/Tests/SpoonjoyCoreTests/NotificationAPNsSurfaceTests.swift:253:56: error: cannot infer contextual base in reference to member 'etag'
251 |         ))
252 |         #expect(data.permissionState == .denied(lastCheckedAt: lastValidatedAt))
253 |         #expect(data.source == .cache(serverRevision: .etag("\"apns-device-v1\""), lastValidatedAt: lastValidatedAt))
    |                                                        `- error: cannot infer contextual base in reference to member 'etag'
254 |
255 |         let viewModel = NotificationAPNsSurfaceViewModel(

/Users/arimendelow/Projects/spoonjoy-apple/Tests/SpoonjoyCoreTests/NotificationAPNsSurfaceTests.swift:255:25: error: cannot find 'NotificationAPNsSurfaceViewModel' in scope
253 |         #expect(data.source == .cache(serverRevision: .etag("\"apns-device-v1\""), lastValidatedAt: lastValidatedAt))
254 |
255 |         let viewModel = NotificationAPNsSurfaceViewModel(
    |                         `- error: cannot find 'NotificationAPNsSurfaceViewModel' in scope
256 |             data: data,
257 |             queuedMutations: [],

/Users/arimendelow/Projects/spoonjoy-apple/Tests/SpoonjoyCoreTests/NotificationAPNsSurfaceTests.swift:258:28: error: cannot infer contextual base in reference to member 'offline'
256 |             data: data,
257 |             queuedMutations: [],
258 |             connectivity: .offline,
    |                            `- error: cannot infer contextual base in reference to member 'offline'
259 |             now: { now }
260 |         )

/Users/arimendelow/Projects/spoonjoy-apple/Tests/SpoonjoyCoreTests/NotificationAPNsSurfaceTests.swift:265:53: error: cannot find 'NotificationAPNsPermissionBanner' in scope
263 |         #expect(viewModel.apnsRegistration?.deviceID == "device_ios_1")
264 |         #expect(viewModel.apnsRegistration?.registrationState == .registered)
265 |         #expect(viewModel.permissionDeniedBanner == NotificationAPNsPermissionBanner(
    |                                                     `- error: cannot find 'NotificationAPNsPermissionBanner' in scope
266 |             title: "Notifications are off in System Settings",
267 |             message: "Turn on notifications for Spoonjoy in System Settings, then register this device again.",

/Users/arimendelow/Projects/spoonjoy-apple/Tests/SpoonjoyCoreTests/NotificationAPNsSurfaceTests.swift:270:56: error: cannot infer contextual base in reference to member 'stale'
268 |             actionTitle: "Open System Settings"
269 |         ))
270 |         #expect(viewModel.offlineIndicator.display == .stale(domain: .notificationPreferences))
    |                                                        `- error: cannot infer contextual base in reference to member 'stale'
271 |         #expect(viewModel.lastValidatedAt == lastValidatedAt)
272 |     }

/Users/arimendelow/Projects/spoonjoy-apple/Tests/SpoonjoyCoreTests/NotificationAPNsSurfaceTests.swift:270:71: error: cannot infer contextual base in reference to member 'notificationPreferences'
268 |             actionTitle: "Open System Settings"
269 |         ))
270 |         #expect(viewModel.offlineIndicator.display == .stale(domain: .notificationPreferences))
    |                                                                       `- error: cannot infer contextual base in reference to member 'notificationPreferences'
271 |         #expect(viewModel.lastValidatedAt == lastValidatedAt)
272 |     }
[112/120] Compiling SpoonjoyCoreTests OAuthRequestTests.swift
/Users/arimendelow/Projects/spoonjoy-apple/Tests/SpoonjoyCoreTests/NotificationAPNsSurfaceTests.swift:237:26: error: cannot find 'SnapshotNotificationAPNsSurfaceRepository' in scope
235 |         #expect(cache.record(for: .apnsStatus)?.payload == .apnsStatus(deviceID: "device_ios_1", registrationState: .registered))
236 |
237 |         let repository = SnapshotNotificationAPNsSurfaceRepository(
    |                          `- error: cannot find 'SnapshotNotificationAPNsSurfaceRepository' in scope
238 |             cache: cache,
239 |             environment: .production,

/Users/arimendelow/Projects/spoonjoy-apple/Tests/SpoonjoyCoreTests/NotificationAPNsSurfaceTests.swift:239:27: error: cannot infer contextual base in reference to member 'production'
237 |         let repository = SnapshotNotificationAPNsSurfaceRepository(
238 |             cache: cache,
239 |             environment: .production,
    |                           `- error: cannot infer contextual base in reference to member 'production'
240 |             permissionState: .denied(lastCheckedAt: lastValidatedAt),
241 |             now: { now }

/Users/arimendelow/Projects/spoonjoy-apple/Tests/SpoonjoyCoreTests/NotificationAPNsSurfaceTests.swift:240:31: error: cannot infer contextual base in reference to member 'denied'
238 |             cache: cache,
239 |             environment: .production,
240 |             permissionState: .denied(lastCheckedAt: lastValidatedAt),
    |                               `- error: cannot infer contextual base in reference to member 'denied'
241 |             now: { now }
242 |         )

/Users/arimendelow/Projects/spoonjoy-apple/Tests/SpoonjoyCoreTests/NotificationAPNsSurfaceTests.swift:245:42: error: cannot find 'APNsRegistrationSummary' in scope
243 |         let data = try await repository.restore()
244 |         #expect(data.preferences == preferences)
245 |         #expect(data.apnsRegistration == APNsRegistrationSummary(
    |                                          `- error: cannot find 'APNsRegistrationSummary' in scope
246 |             deviceID: "device_ios_1",
247 |             platform: .ios,

/Users/arimendelow/Projects/spoonjoy-apple/Tests/SpoonjoyCoreTests/NotificationAPNsSurfaceTests.swift:247:24: error: cannot infer contextual base in reference to member 'ios'
245 |         #expect(data.apnsRegistration == APNsRegistrationSummary(
246 |             deviceID: "device_ios_1",
247 |             platform: .ios,
    |                        `- error: cannot infer contextual base in reference to member 'ios'
248 |             environment: .development,
249 |             registrationState: .registered,

/Users/arimendelow/Projects/spoonjoy-apple/Tests/SpoonjoyCoreTests/NotificationAPNsSurfaceTests.swift:248:27: error: cannot infer contextual base in reference to member 'development'
246 |             deviceID: "device_ios_1",
247 |             platform: .ios,
248 |             environment: .development,
    |                           `- error: cannot infer contextual base in reference to member 'development'
249 |             registrationState: .registered,
250 |             lastValidatedAt: lastValidatedAt

/Users/arimendelow/Projects/spoonjoy-apple/Tests/SpoonjoyCoreTests/NotificationAPNsSurfaceTests.swift:249:33: error: cannot infer contextual base in reference to member 'registered'
247 |             platform: .ios,
248 |             environment: .development,
249 |             registrationState: .registered,
    |                                 `- error: cannot infer contextual base in reference to member 'registered'
250 |             lastValidatedAt: lastValidatedAt
251 |         ))

/Users/arimendelow/Projects/spoonjoy-apple/Tests/SpoonjoyCoreTests/NotificationAPNsSurfaceTests.swift:252:42: error: cannot infer contextual base in reference to member 'denied'
250 |             lastValidatedAt: lastValidatedAt
251 |         ))
252 |         #expect(data.permissionState == .denied(lastCheckedAt: lastValidatedAt))
    |                                          `- error: cannot infer contextual base in reference to member 'denied'
253 |         #expect(data.source == .cache(serverRevision: .etag("\"apns-device-v1\""), lastValidatedAt: lastValidatedAt))
254 |

/Users/arimendelow/Projects/spoonjoy-apple/Tests/SpoonjoyCoreTests/NotificationAPNsSurfaceTests.swift:253:33: error: cannot infer contextual base in reference to member 'cache'
251 |         ))
252 |         #expect(data.permissionState == .denied(lastCheckedAt: lastValidatedAt))
253 |         #expect(data.source == .cache(serverRevision: .etag("\"apns-device-v1\""), lastValidatedAt: lastValidatedAt))
    |                                 `- error: cannot infer contextual base in reference to member 'cache'
254 |
255 |         let viewModel = NotificationAPNsSurfaceViewModel(

/Users/arimendelow/Projects/spoonjoy-apple/Tests/SpoonjoyCoreTests/NotificationAPNsSurfaceTests.swift:253:56: error: cannot infer contextual base in reference to member 'etag'
251 |         ))
252 |         #expect(data.permissionState == .denied(lastCheckedAt: lastValidatedAt))
253 |         #expect(data.source == .cache(serverRevision: .etag("\"apns-device-v1\""), lastValidatedAt: lastValidatedAt))
    |                                                        `- error: cannot infer contextual base in reference to member 'etag'
254 |
255 |         let viewModel = NotificationAPNsSurfaceViewModel(

/Users/arimendelow/Projects/spoonjoy-apple/Tests/SpoonjoyCoreTests/NotificationAPNsSurfaceTests.swift:255:25: error: cannot find 'NotificationAPNsSurfaceViewModel' in scope
253 |         #expect(data.source == .cache(serverRevision: .etag("\"apns-device-v1\""), lastValidatedAt: lastValidatedAt))
254 |
255 |         let viewModel = NotificationAPNsSurfaceViewModel(
    |                         `- error: cannot find 'NotificationAPNsSurfaceViewModel' in scope
256 |             data: data,
257 |             queuedMutations: [],

/Users/arimendelow/Projects/spoonjoy-apple/Tests/SpoonjoyCoreTests/NotificationAPNsSurfaceTests.swift:258:28: error: cannot infer contextual base in reference to member 'offline'
256 |             data: data,
257 |             queuedMutations: [],
258 |             connectivity: .offline,
    |                            `- error: cannot infer contextual base in reference to member 'offline'
259 |             now: { now }
260 |         )

/Users/arimendelow/Projects/spoonjoy-apple/Tests/SpoonjoyCoreTests/NotificationAPNsSurfaceTests.swift:265:53: error: cannot find 'NotificationAPNsPermissionBanner' in scope
263 |         #expect(viewModel.apnsRegistration?.deviceID == "device_ios_1")
264 |         #expect(viewModel.apnsRegistration?.registrationState == .registered)
265 |         #expect(viewModel.permissionDeniedBanner == NotificationAPNsPermissionBanner(
    |                                                     `- error: cannot find 'NotificationAPNsPermissionBanner' in scope
266 |             title: "Notifications are off in System Settings",
267 |             message: "Turn on notifications for Spoonjoy in System Settings, then register this device again.",

/Users/arimendelow/Projects/spoonjoy-apple/Tests/SpoonjoyCoreTests/NotificationAPNsSurfaceTests.swift:270:56: error: cannot infer contextual base in reference to member 'stale'
268 |             actionTitle: "Open System Settings"
269 |         ))
270 |         #expect(viewModel.offlineIndicator.display == .stale(domain: .notificationPreferences))
    |                                                        `- error: cannot infer contextual base in reference to member 'stale'
271 |         #expect(viewModel.lastValidatedAt == lastValidatedAt)
272 |     }

/Users/arimendelow/Projects/spoonjoy-apple/Tests/SpoonjoyCoreTests/NotificationAPNsSurfaceTests.swift:270:71: error: cannot infer contextual base in reference to member 'notificationPreferences'
268 |             actionTitle: "Open System Settings"
269 |         ))
270 |         #expect(viewModel.offlineIndicator.display == .stale(domain: .notificationPreferences))
    |                                                                       `- error: cannot infer contextual base in reference to member 'notificationPreferences'
271 |         #expect(viewModel.lastValidatedAt == lastValidatedAt)
272 |     }
[113/120] Compiling SpoonjoyCoreTests SettingsTokenConnectionTests.swift
[114/120] Compiling SpoonjoyCoreTests ShoppingAPIClientTests.swift
[115/120] Compiling SpoonjoyCoreTests ShoppingSurfaceParityTests.swift
[116/120] Compiling SpoonjoyCoreTests NativeLiveStoreTests.swift
[117/120] Compiling SpoonjoyCoreTests NativeScenarioTests.swift
[118/120] Compiling SpoonjoyCoreTests NativeSharingTests.swift
error: fatalError
swift_status=1

== Unit 19j red: static notification/APNs surface contract ==
FAIL: missing notification/APNs surface file: Sources/SpoonjoyCore/Features/Notifications/NotificationAPNsSurfaceRepository.swift
FAIL: missing notification/APNs surface file: Sources/SpoonjoyCore/Features/Notifications/NotificationAPNsSurfaceViewModel.swift
FAIL: missing notification/APNs surface file: Apps/Spoonjoy/Shared/Views/NotificationAPNsSettingsView.swift
FAIL: Apps/Spoonjoy/Shared/AppShell/PlatformNavigationView.swift missing required notification/APNs tokens: NotificationAPNsSettingsView(, notificationAPNsSurfaceViewModel, performNotificationAPNsAction, queueNotificationAPNsMutationIfNeeded, recordNotificationAPNsBlocker
FAIL: Sources/SpoonjoyCore/AppState/NativeLiveAppStore.swift missing required notification/APNs tokens: notificationAPNsSurfaceViewModel, NotificationAPNsSurfaceViewModel, LiveNotificationAPNsSurfaceRepository, FallbackNotificationAPNsSurfaceRepository, restoreNotificationAPNsSnapshot
FAIL: Sources/SpoonjoyCore/Native/ScenarioVerifier.swift missing required notification/APNs tokens: notification APNs surface, APNs registration, permission denied, AppleDeveloperProgram, NotificationAPNsSettingsView.swift
FAIL: missing canonical Apple Developer Program APNs blocker artifact: /Users/arimendelow/Projects/spoonjoy-apple/tasks/2026-06-16-1754-doing-siri-full-access-parity/apple/apple-developer-program-blocker-apns.json
static_status=1

red contract ok: Swift and static checks fail before first-class notification/APNs parity exists
