Building for debugging...
[0/6] Write sources
[1/6] Write swift-version--58304C5D6DBC2206.txt
error: emit-module command failed with exit code 1 (use -v to see invocation)
[3/6] Emitting module SpoonjoyCoreTests
/Users/arimendelow/Projects/spoonjoy-apple/Tests/SpoonjoyCoreTests/ShoppingEntityTests.swift:398:17: error: cannot find type 'ShoppingEntityCatalog' in scope
396 |         items: [ShoppingListItem]? = nil,
397 |         tombstones: [NativeSyncTombstone] = []
398 |     ) throws -> ShoppingEntityCatalog {
    |                 `- error: cannot find type 'ShoppingEntityCatalog' in scope
399 |         ShoppingEntityCatalog(
400 |             syncSnapshot: try syncSnapshot(items: items, tombstones: tombstones),
[4/6] Compiling SpoonjoyCoreTests ShoppingEntityTests.swift
/Users/arimendelow/Projects/spoonjoy-apple/Tests/SpoonjoyCoreTests/ShoppingEntityTests.swift:398:17: error: cannot find type 'ShoppingEntityCatalog' in scope
396 |         items: [ShoppingListItem]? = nil,
397 |         tombstones: [NativeSyncTombstone] = []
398 |     ) throws -> ShoppingEntityCatalog {
    |                 `- error: cannot find type 'ShoppingEntityCatalog' in scope
399 |         ShoppingEntityCatalog(
400 |             syncSnapshot: try syncSnapshot(items: items, tombstones: tombstones),

/Users/arimendelow/Projects/spoonjoy-apple/Tests/SpoonjoyCoreTests/ShoppingEntityTests.swift:184:28: error: cannot find 'ShoppingEntityCatalog' in scope
182 |         let list = try await catalog.shoppingListEntity()
183 |
184 |         #expect(list.id == ShoppingEntityCatalog.shoppingListEntityIdentifier(accountID: "account_ari", environment: .production))
    |                            `- error: cannot find 'ShoppingEntityCatalog' in scope
185 |         #expect(list.scope == ShoppingEntityScope(accountID: "account_ari", environment: .production))
186 |         #expect(list.title == "Shopping List")

/Users/arimendelow/Projects/spoonjoy-apple/Tests/SpoonjoyCoreTests/ShoppingEntityTests.swift:184:119: error: cannot infer contextual base in reference to member 'production'
182 |         let list = try await catalog.shoppingListEntity()
183 |
184 |         #expect(list.id == ShoppingEntityCatalog.shoppingListEntityIdentifier(accountID: "account_ari", environment: .production))
    |                                                                                                                       `- error: cannot infer contextual base in reference to member 'production'
185 |         #expect(list.scope == ShoppingEntityScope(accountID: "account_ari", environment: .production))
186 |         #expect(list.title == "Shopping List")

/Users/arimendelow/Projects/spoonjoy-apple/Tests/SpoonjoyCoreTests/ShoppingEntityTests.swift:185:31: error: cannot find 'ShoppingEntityScope' in scope
183 |
184 |         #expect(list.id == ShoppingEntityCatalog.shoppingListEntityIdentifier(accountID: "account_ari", environment: .production))
185 |         #expect(list.scope == ShoppingEntityScope(accountID: "account_ari", environment: .production))
    |                               `- error: cannot find 'ShoppingEntityScope' in scope
186 |         #expect(list.title == "Shopping List")
187 |         #expect(list.subtitle == "3 active items")

/Users/arimendelow/Projects/spoonjoy-apple/Tests/SpoonjoyCoreTests/ShoppingEntityTests.swift:185:91: error: cannot infer contextual base in reference to member 'production'
183 |
184 |         #expect(list.id == ShoppingEntityCatalog.shoppingListEntityIdentifier(accountID: "account_ari", environment: .production))
185 |         #expect(list.scope == ShoppingEntityScope(accountID: "account_ari", environment: .production))
    |                                                                                           `- error: cannot infer contextual base in reference to member 'production'
186 |         #expect(list.title == "Shopping List")
187 |         #expect(list.subtitle == "3 active items")

/Users/arimendelow/Projects/spoonjoy-apple/Tests/SpoonjoyCoreTests/ShoppingEntityTests.swift:189:32: error: cannot infer contextual base in reference to member 'shoppingList'
187 |         #expect(list.subtitle == "3 active items")
188 |         #expect(list.disambiguationLabel == "Shopping List for ari")
189 |         #expect(list.route == .shoppingList)
    |                                `- error: cannot infer contextual base in reference to member 'shoppingList'
190 |         #expect(list.activeItemCount == 3)
191 |         #expect(list.transferValue.kind == .shoppingList)

/Users/arimendelow/Projects/spoonjoy-apple/Tests/SpoonjoyCoreTests/ShoppingEntityTests.swift:191:45: error: cannot infer contextual base in reference to member 'shoppingList'
189 |         #expect(list.route == .shoppingList)
190 |         #expect(list.activeItemCount == 3)
191 |         #expect(list.transferValue.kind == .shoppingList)
    |                                             `- error: cannot infer contextual base in reference to member 'shoppingList'
192 |         #expect(list.transferValue.title == "Shopping List")
193 |         #expect(list.transferValue.routeIdentifier == AppRoute.shoppingList.stateIdentifier)

/Users/arimendelow/Projects/spoonjoy-apple/Tests/SpoonjoyCoreTests/ShoppingEntityTests.swift:199:30: error: cannot find 'ShoppingEntityCatalog' in scope
197 |
198 |         let lemons = try await catalog.shoppingItemEntity(id: "item_lemons")
199 |         #expect(lemons.id == ShoppingEntityCatalog.shoppingItemEntityIdentifier(itemID: "item_lemons", accountID: "account_ari", environment: .production))
    |                              `- error: cannot find 'ShoppingEntityCatalog' in scope
200 |         #expect(lemons.itemID == "item_lemons")
201 |         #expect(lemons.scope == ShoppingEntityScope(accountID: "account_ari", environment: .production))

/Users/arimendelow/Projects/spoonjoy-apple/Tests/SpoonjoyCoreTests/ShoppingEntityTests.swift:199:144: error: cannot infer contextual base in reference to member 'production'
197 |
198 |         let lemons = try await catalog.shoppingItemEntity(id: "item_lemons")
199 |         #expect(lemons.id == ShoppingEntityCatalog.shoppingItemEntityIdentifier(itemID: "item_lemons", accountID: "account_ari", environment: .production))
    |                                                                                                                                                `- error: cannot infer contextual base in reference to member 'production'
200 |         #expect(lemons.itemID == "item_lemons")
201 |         #expect(lemons.scope == ShoppingEntityScope(accountID: "account_ari", environment: .production))

/Users/arimendelow/Projects/spoonjoy-apple/Tests/SpoonjoyCoreTests/ShoppingEntityTests.swift:201:33: error: cannot find 'ShoppingEntityScope' in scope
199 |         #expect(lemons.id == ShoppingEntityCatalog.shoppingItemEntityIdentifier(itemID: "item_lemons", accountID: "account_ari", environment: .production))
200 |         #expect(lemons.itemID == "item_lemons")
201 |         #expect(lemons.scope == ShoppingEntityScope(accountID: "account_ari", environment: .production))
    |                                 `- error: cannot find 'ShoppingEntityScope' in scope
202 |         #expect(lemons.title == "lemons")
203 |         #expect(lemons.subtitle == "2 each")

/Users/arimendelow/Projects/spoonjoy-apple/Tests/SpoonjoyCoreTests/ShoppingEntityTests.swift:201:93: error: cannot infer contextual base in reference to member 'production'
199 |         #expect(lemons.id == ShoppingEntityCatalog.shoppingItemEntityIdentifier(itemID: "item_lemons", accountID: "account_ari", environment: .production))
200 |         #expect(lemons.itemID == "item_lemons")
201 |         #expect(lemons.scope == ShoppingEntityScope(accountID: "account_ari", environment: .production))
    |                                                                                             `- error: cannot infer contextual base in reference to member 'production'
202 |         #expect(lemons.title == "lemons")
203 |         #expect(lemons.subtitle == "2 each")

/Users/arimendelow/Projects/spoonjoy-apple/Tests/SpoonjoyCoreTests/ShoppingEntityTests.swift:205:34: error: cannot infer contextual base in reference to member 'shoppingList'
203 |         #expect(lemons.subtitle == "2 each")
204 |         #expect(lemons.disambiguationLabel == "lemons in Shopping List")
205 |         #expect(lemons.route == .shoppingList)
    |                                  `- error: cannot infer contextual base in reference to member 'shoppingList'
206 |         #expect(!lemons.checked)
207 |         #expect(lemons.transferValue.kind == .shoppingItem)

/Users/arimendelow/Projects/spoonjoy-apple/Tests/SpoonjoyCoreTests/ShoppingEntityTests.swift:207:47: error: cannot infer contextual base in reference to member 'shoppingItem'
205 |         #expect(lemons.route == .shoppingList)
206 |         #expect(!lemons.checked)
207 |         #expect(lemons.transferValue.kind == .shoppingItem)
    |                                               `- error: cannot infer contextual base in reference to member 'shoppingItem'
208 |         #expect(lemons.transferValue.rawResourceID == "item_lemons")
209 |         #expect(lemons.transferValue.routeIdentifier == AppRoute.shoppingList.stateIdentifier)

/Users/arimendelow/Projects/spoonjoy-apple/Tests/SpoonjoyCoreTests/ShoppingEntityTests.swift:213:21: error: cannot find 'ShoppingEntityCatalog' in scope
211 |         #expect(lemons.transferValue.privateTransferValue.contains("shopping-item"))
212 |         #expect(lemons.transferValue.debugFields.isEmpty)
213 |         #expect(try ShoppingEntityCatalog.resolvedShoppingItemID(from: lemons.id, accountID: "account_ari", environment: .production) == "item_lemons")
    |                     `- error: cannot find 'ShoppingEntityCatalog' in scope
214 |
215 |         let matches = try await catalog.shoppingItemEntities(matching: "  lemon  ")

/Users/arimendelow/Projects/spoonjoy-apple/Tests/SpoonjoyCoreTests/ShoppingEntityTests.swift:213:123: error: cannot infer contextual base in reference to member 'production'
211 |         #expect(lemons.transferValue.privateTransferValue.contains("shopping-item"))
212 |         #expect(lemons.transferValue.debugFields.isEmpty)
213 |         #expect(try ShoppingEntityCatalog.resolvedShoppingItemID(from: lemons.id, accountID: "account_ari", environment: .production) == "item_lemons")
    |                                                                                                                           `- error: cannot infer contextual base in reference to member 'production'
214 |
215 |         let matches = try await catalog.shoppingItemEntities(matching: "  lemon  ")

/Users/arimendelow/Projects/spoonjoy-apple/Tests/SpoonjoyCoreTests/ShoppingEntityTests.swift:216:29: error: cannot infer key path type from context; consider explicitly specifying a root type
214 |
215 |         let matches = try await catalog.shoppingItemEntities(matching: "  lemon  ")
216 |         #expect(matches.map(\.itemID) == ["item_lemons"])
    |                             `- error: cannot infer key path type from context; consider explicitly specifying a root type
217 |
218 |         let suggested = try await catalog.suggestedShoppingItemEntities(limit: 10)

/Users/arimendelow/Projects/spoonjoy-apple/Tests/SpoonjoyCoreTests/ShoppingEntityTests.swift:219:31: error: cannot infer key path type from context; consider explicitly specifying a root type
217 |
218 |         let suggested = try await catalog.suggestedShoppingItemEntities(limit: 10)
219 |         #expect(suggested.map(\.itemID) == ["item_lemons", "item_spaghetti", "item_parmesan"])
    |                               `- error: cannot infer key path type from context; consider explicitly specifying a root type
220 |
221 |         let byIdentifier = try await catalog.shoppingItemEntities(for: [suggested[1].id, suggested[0].id])

/Users/arimendelow/Projects/spoonjoy-apple/Tests/SpoonjoyCoreTests/ShoppingEntityTests.swift:222:34: error: cannot infer key path type from context; consider explicitly specifying a root type
220 |
221 |         let byIdentifier = try await catalog.shoppingItemEntities(for: [suggested[1].id, suggested[0].id])
222 |         #expect(byIdentifier.map(\.itemID) == ["item_spaghetti", "item_lemons"])
    |                                  `- error: cannot infer key path type from context; consider explicitly specifying a root type
223 |
224 |         let rawIdentifierBatch = try await catalog.shoppingItemEntities(for: ["item_lemons"])

/Users/arimendelow/Projects/spoonjoy-apple/Tests/SpoonjoyCoreTests/ShoppingEntityTests.swift:240:31: error: cannot infer key path type from context; consider explicitly specifying a root type
238 |
239 |         let suggested = try await catalog.suggestedShoppingItemEntities(limit: 10)
240 |         #expect(suggested.map(\.itemID) == ["item_saffron"])
    |                               `- error: cannot infer key path type from context; consider explicitly specifying a root type
241 |         #expect(suggested.first?.title == "saffron")
242 |         #expect(suggested.first?.subtitle == "1 pinch")

/Users/arimendelow/Projects/spoonjoy-apple/Tests/SpoonjoyCoreTests/ShoppingEntityTests.swift:245:29: error: cannot infer key path type from context; consider explicitly specifying a root type
243 |
244 |         let matches = try await catalog.shoppingItemEntities(matching: "saff")
245 |         #expect(matches.map(\.itemID) == ["item_saffron"])
    |                             `- error: cannot infer key path type from context; consider explicitly specifying a root type
246 |
247 |         let fixtureMatches = try await catalog.shoppingItemEntities(matching: "lemons")

/Users/arimendelow/Projects/spoonjoy-apple/Tests/SpoonjoyCoreTests/ShoppingEntityTests.swift:267:31: error: cannot infer key path type from context; consider explicitly specifying a root type
265 |
266 |         let suggested = try await catalog.suggestedShoppingItemEntities(limit: 10)
267 |         #expect(suggested.map(\.itemID) == ["item_lemons", "item_parmesan"])
    |                               `- error: cannot infer key path type from context; consider explicitly specifying a root type
268 |
269 |         let deletedMatches = try await catalog.shoppingItemEntities(matching: "basil")

/Users/arimendelow/Projects/spoonjoy-apple/Tests/SpoonjoyCoreTests/ShoppingEntityTests.swift:276:78: error: cannot infer contextual base in reference to member 'local'
274 |
275 |         let wrongAccountCatalog = try Self.shoppingCatalog(currentAccountID: "account_other")
276 |         let wrongEnvironmentCatalog = try Self.shoppingCatalog(environment: .local)
    |                                                                              `- error: cannot infer contextual base in reference to member 'local'
277 |
278 |         #expect(try await wrongAccountCatalog.suggestedShoppingItemEntities(limit: 10).isEmpty)

/Users/arimendelow/Projects/spoonjoy-apple/Tests/SpoonjoyCoreTests/ShoppingEntityTests.swift:283:41: error: cannot find 'ShoppingEntityCatalogError' in scope
281 |         #expect(try await wrongEnvironmentCatalog.shoppingItemEntities(matching: "lemon").isEmpty)
282 |
283 |         await shoppingExpectAsyncThrows(ShoppingEntityCatalogError.self) {
    |                                         `- error: cannot find 'ShoppingEntityCatalogError' in scope
284 |             _ = try await wrongAccountCatalog.shoppingListEntity()
285 |         }

/Users/arimendelow/Projects/spoonjoy-apple/Tests/SpoonjoyCoreTests/ShoppingEntityTests.swift:283:15: error: generic parameter 'E' could not be inferred
281 |         #expect(try await wrongEnvironmentCatalog.shoppingItemEntities(matching: "lemon").isEmpty)
282 |
283 |         await shoppingExpectAsyncThrows(ShoppingEntityCatalogError.self) {
    |               `- error: generic parameter 'E' could not be inferred
284 |             _ = try await wrongAccountCatalog.shoppingListEntity()
285 |         }
    :
554 | }
555 |
556 | private func shoppingExpectAsyncThrows<E: Error>(
    |              `- note: in call to function 'shoppingExpectAsyncThrows'
557 |     _ expectedError: E.Type,
558 |     _ body: () async throws -> Void

/Users/arimendelow/Projects/spoonjoy-apple/Tests/SpoonjoyCoreTests/ShoppingEntityTests.swift:286:41: error: cannot find 'ShoppingEntityCatalogError' in scope
284 |             _ = try await wrongAccountCatalog.shoppingListEntity()
285 |         }
286 |         await shoppingExpectAsyncThrows(ShoppingEntityCatalogError.self) {
    |                                         `- error: cannot find 'ShoppingEntityCatalogError' in scope
287 |             _ = try await wrongAccountCatalog.shoppingItemEntity(id: "item_lemons")
288 |         }

/Users/arimendelow/Projects/spoonjoy-apple/Tests/SpoonjoyCoreTests/ShoppingEntityTests.swift:286:15: error: generic parameter 'E' could not be inferred
284 |             _ = try await wrongAccountCatalog.shoppingListEntity()
285 |         }
286 |         await shoppingExpectAsyncThrows(ShoppingEntityCatalogError.self) {
    |               `- error: generic parameter 'E' could not be inferred
287 |             _ = try await wrongAccountCatalog.shoppingItemEntity(id: "item_lemons")
288 |         }
    :
554 | }
555 |
556 | private func shoppingExpectAsyncThrows<E: Error>(
    |              `- note: in call to function 'shoppingExpectAsyncThrows'
557 |     _ expectedError: E.Type,
558 |     _ body: () async throws -> Void

/Users/arimendelow/Projects/spoonjoy-apple/Tests/SpoonjoyCoreTests/ShoppingEntityTests.swift:289:41: error: cannot find 'ShoppingEntityCatalogError' in scope
287 |             _ = try await wrongAccountCatalog.shoppingItemEntity(id: "item_lemons")
288 |         }
289 |         await shoppingExpectAsyncThrows(ShoppingEntityCatalogError.self) {
    |                                         `- error: cannot find 'ShoppingEntityCatalogError' in scope
290 |             _ = try await wrongEnvironmentCatalog.shoppingListEntity()
291 |         }

/Users/arimendelow/Projects/spoonjoy-apple/Tests/SpoonjoyCoreTests/ShoppingEntityTests.swift:289:15: error: generic parameter 'E' could not be inferred
287 |             _ = try await wrongAccountCatalog.shoppingItemEntity(id: "item_lemons")
288 |         }
289 |         await shoppingExpectAsyncThrows(ShoppingEntityCatalogError.self) {
    |               `- error: generic parameter 'E' could not be inferred
290 |             _ = try await wrongEnvironmentCatalog.shoppingListEntity()
291 |         }
    :
554 | }
555 |
556 | private func shoppingExpectAsyncThrows<E: Error>(
    |              `- note: in call to function 'shoppingExpectAsyncThrows'
557 |     _ expectedError: E.Type,
558 |     _ body: () async throws -> Void

/Users/arimendelow/Projects/spoonjoy-apple/Tests/SpoonjoyCoreTests/ShoppingEntityTests.swift:292:41: error: cannot find 'ShoppingEntityCatalogError' in scope
290 |             _ = try await wrongEnvironmentCatalog.shoppingListEntity()
291 |         }
292 |         await shoppingExpectAsyncThrows(ShoppingEntityCatalogError.self) {
    |                                         `- error: cannot find 'ShoppingEntityCatalogError' in scope
293 |             _ = try await wrongEnvironmentCatalog.shoppingItemEntity(id: "item_lemons")
294 |         }

/Users/arimendelow/Projects/spoonjoy-apple/Tests/SpoonjoyCoreTests/ShoppingEntityTests.swift:292:15: error: generic parameter 'E' could not be inferred
290 |             _ = try await wrongEnvironmentCatalog.shoppingListEntity()
291 |         }
292 |         await shoppingExpectAsyncThrows(ShoppingEntityCatalogError.self) {
    |               `- error: generic parameter 'E' could not be inferred
293 |             _ = try await wrongEnvironmentCatalog.shoppingItemEntity(id: "item_lemons")
294 |         }
    :
554 | }
555 |
556 | private func shoppingExpectAsyncThrows<E: Error>(
    |              `- note: in call to function 'shoppingExpectAsyncThrows'
557 |     _ expectedError: E.Type,
558 |     _ body: () async throws -> Void

/Users/arimendelow/Projects/spoonjoy-apple/Tests/SpoonjoyCoreTests/ShoppingEntityTests.swift:296:29: error: cannot find 'ShoppingEntityCatalog' in scope
294 |         }
295 |
296 |         let wrongScopedID = ShoppingEntityCatalog.shoppingItemEntityIdentifier(
    |                             `- error: cannot find 'ShoppingEntityCatalog' in scope
297 |             itemID: "item_lemons",
298 |             accountID: "account_other",

/Users/arimendelow/Projects/spoonjoy-apple/Tests/SpoonjoyCoreTests/ShoppingEntityTests.swift:299:27: error: cannot infer contextual base in reference to member 'production'
297 |             itemID: "item_lemons",
298 |             accountID: "account_other",
299 |             environment: .production
    |                           `- error: cannot infer contextual base in reference to member 'production'
300 |         )
301 |         let wrongScopedBatch = try await catalog.shoppingItemEntities(for: [wrongScopedID])

/Users/arimendelow/Projects/spoonjoy-apple/Tests/SpoonjoyCoreTests/ShoppingEntityTests.swift:339:21: error: cannot find 'ShoppingEntityScope' in scope
337 |     @Test("shopping entity purge plans cover logout account-switch cache-delete and tombstones")
338 |     func shoppingEntityPurgePlansCoverLogoutAccountSwitchCacheDeleteAndTombstones() throws {
339 |         let scope = ShoppingEntityScope(accountID: "account_ari", environment: .production)
    |                     `- error: cannot find 'ShoppingEntityScope' in scope
340 |         let logoutPlan = ShoppingEntityIndexPurgePlan.accountScopePurge(
341 |             accountID: scope.accountID,

/Users/arimendelow/Projects/spoonjoy-apple/Tests/SpoonjoyCoreTests/ShoppingEntityTests.swift:339:81: error: cannot infer contextual base in reference to member 'production'
337 |     @Test("shopping entity purge plans cover logout account-switch cache-delete and tombstones")
338 |     func shoppingEntityPurgePlansCoverLogoutAccountSwitchCacheDeleteAndTombstones() throws {
339 |         let scope = ShoppingEntityScope(accountID: "account_ari", environment: .production)
    |                                                                                 `- error: cannot infer contextual base in reference to member 'production'
340 |         let logoutPlan = ShoppingEntityIndexPurgePlan.accountScopePurge(
341 |             accountID: scope.accountID,

/Users/arimendelow/Projects/spoonjoy-apple/Tests/SpoonjoyCoreTests/ShoppingEntityTests.swift:340:26: error: cannot find 'ShoppingEntityIndexPurgePlan' in scope
338 |     func shoppingEntityPurgePlansCoverLogoutAccountSwitchCacheDeleteAndTombstones() throws {
339 |         let scope = ShoppingEntityScope(accountID: "account_ari", environment: .production)
340 |         let logoutPlan = ShoppingEntityIndexPurgePlan.accountScopePurge(
    |                          `- error: cannot find 'ShoppingEntityIndexPurgePlan' in scope
341 |             accountID: scope.accountID,
342 |             environment: scope.environment,

/Users/arimendelow/Projects/spoonjoy-apple/Tests/SpoonjoyCoreTests/ShoppingEntityTests.swift:347:13: error: cannot find 'ShoppingEntityCatalog' in scope
345 |
346 |         #expect(logoutPlan.identifiers == [
347 |             ShoppingEntityCatalog.shoppingListEntityIdentifier(accountID: "account_ari", environment: .production),
    |             `- error: cannot find 'ShoppingEntityCatalog' in scope
348 |             ShoppingEntityCatalog.shoppingItemEntityIdentifier(itemID: "item_lemons", accountID: "account_ari", environment: .production),
349 |             ShoppingEntityCatalog.shoppingItemEntityIdentifier(itemID: "item_spaghetti", accountID: "account_ari", environment: .production)

/Users/arimendelow/Projects/spoonjoy-apple/Tests/SpoonjoyCoreTests/ShoppingEntityTests.swift:348:13: error: cannot find 'ShoppingEntityCatalog' in scope
346 |         #expect(logoutPlan.identifiers == [
347 |             ShoppingEntityCatalog.shoppingListEntityIdentifier(accountID: "account_ari", environment: .production),
348 |             ShoppingEntityCatalog.shoppingItemEntityIdentifier(itemID: "item_lemons", accountID: "account_ari", environment: .production),
    |             `- error: cannot find 'ShoppingEntityCatalog' in scope
349 |             ShoppingEntityCatalog.shoppingItemEntityIdentifier(itemID: "item_spaghetti", accountID: "account_ari", environment: .production)
350 |         ])

/Users/arimendelow/Projects/spoonjoy-apple/Tests/SpoonjoyCoreTests/ShoppingEntityTests.swift:349:13: error: cannot find 'ShoppingEntityCatalog' in scope
347 |             ShoppingEntityCatalog.shoppingListEntityIdentifier(accountID: "account_ari", environment: .production),
348 |             ShoppingEntityCatalog.shoppingItemEntityIdentifier(itemID: "item_lemons", accountID: "account_ari", environment: .production),
349 |             ShoppingEntityCatalog.shoppingItemEntityIdentifier(itemID: "item_spaghetti", accountID: "account_ari", environment: .production)
    |             `- error: cannot find 'ShoppingEntityCatalog' in scope
350 |         ])
351 |         #expect(logoutPlan.domainIdentifiers.contains(scope.domainIdentifier))

/Users/arimendelow/Projects/spoonjoy-apple/Tests/SpoonjoyCoreTests/ShoppingEntityTests.swift:347:104: error: cannot infer contextual base in reference to member 'production'
345 |
346 |         #expect(logoutPlan.identifiers == [
347 |             ShoppingEntityCatalog.shoppingListEntityIdentifier(accountID: "account_ari", environment: .production),
    |                                                                                                        `- error: cannot infer contextual base in reference to member 'production'
348 |             ShoppingEntityCatalog.shoppingItemEntityIdentifier(itemID: "item_lemons", accountID: "account_ari", environment: .production),
349 |             ShoppingEntityCatalog.shoppingItemEntityIdentifier(itemID: "item_spaghetti", accountID: "account_ari", environment: .production)

/Users/arimendelow/Projects/spoonjoy-apple/Tests/SpoonjoyCoreTests/ShoppingEntityTests.swift:348:127: error: cannot infer contextual base in reference to member 'production'
346 |         #expect(logoutPlan.identifiers == [
347 |             ShoppingEntityCatalog.shoppingListEntityIdentifier(accountID: "account_ari", environment: .production),
348 |             ShoppingEntityCatalog.shoppingItemEntityIdentifier(itemID: "item_lemons", accountID: "account_ari", environment: .production),
    |                                                                                                                               `- error: cannot infer contextual base in reference to member 'production'
349 |             ShoppingEntityCatalog.shoppingItemEntityIdentifier(itemID: "item_spaghetti", accountID: "account_ari", environment: .production)
350 |         ])

/Users/arimendelow/Projects/spoonjoy-apple/Tests/SpoonjoyCoreTests/ShoppingEntityTests.swift:349:130: error: cannot infer contextual base in reference to member 'production'
347 |             ShoppingEntityCatalog.shoppingListEntityIdentifier(accountID: "account_ari", environment: .production),
348 |             ShoppingEntityCatalog.shoppingItemEntityIdentifier(itemID: "item_lemons", accountID: "account_ari", environment: .production),
349 |             ShoppingEntityCatalog.shoppingItemEntityIdentifier(itemID: "item_spaghetti", accountID: "account_ari", environment: .production)
    |                                                                                                                                  `- error: cannot infer contextual base in reference to member 'production'
350 |         ])
351 |         #expect(logoutPlan.domainIdentifiers.contains(scope.domainIdentifier))

/Users/arimendelow/Projects/spoonjoy-apple/Tests/SpoonjoyCoreTests/ShoppingEntityTests.swift:352:39: error: cannot infer contextual base in reference to member 'accountScopeChanged'
350 |         ])
351 |         #expect(logoutPlan.domainIdentifiers.contains(scope.domainIdentifier))
352 |         #expect(logoutPlan.reason == .accountScopeChanged)
    |                                       `- error: cannot infer contextual base in reference to member 'accountScopeChanged'
353 |
354 |         let cacheDeletePlan = ShoppingEntityIndexPurgePlan.cacheDeletePurge(

/Users/arimendelow/Projects/spoonjoy-apple/Tests/SpoonjoyCoreTests/ShoppingEntityTests.swift:354:31: error: cannot find 'ShoppingEntityIndexPurgePlan' in scope
352 |         #expect(logoutPlan.reason == .accountScopeChanged)
353 |
354 |         let cacheDeletePlan = ShoppingEntityIndexPurgePlan.cacheDeletePurge(
    |                               `- error: cannot find 'ShoppingEntityIndexPurgePlan' in scope
355 |             accountID: scope.accountID,
356 |             environment: scope.environment,

/Users/arimendelow/Projects/spoonjoy-apple/Tests/SpoonjoyCoreTests/ShoppingEntityTests.swift:360:13: error: cannot find 'ShoppingEntityCatalog' in scope
358 |         )
359 |         #expect(cacheDeletePlan.identifiers == [
360 |             ShoppingEntityCatalog.shoppingListEntityIdentifier(accountID: "account_ari", environment: .production),
    |             `- error: cannot find 'ShoppingEntityCatalog' in scope
361 |             ShoppingEntityCatalog.shoppingItemEntityIdentifier(itemID: "item_parmesan", accountID: "account_ari", environment: .production)
362 |         ])

/Users/arimendelow/Projects/spoonjoy-apple/Tests/SpoonjoyCoreTests/ShoppingEntityTests.swift:361:13: error: cannot find 'ShoppingEntityCatalog' in scope
359 |         #expect(cacheDeletePlan.identifiers == [
360 |             ShoppingEntityCatalog.shoppingListEntityIdentifier(accountID: "account_ari", environment: .production),
361 |             ShoppingEntityCatalog.shoppingItemEntityIdentifier(itemID: "item_parmesan", accountID: "account_ari", environment: .production)
    |             `- error: cannot find 'ShoppingEntityCatalog' in scope
362 |         ])
363 |         #expect(cacheDeletePlan.reason == .cacheDeleted)

/Users/arimendelow/Projects/spoonjoy-apple/Tests/SpoonjoyCoreTests/ShoppingEntityTests.swift:360:104: error: cannot infer contextual base in reference to member 'production'
358 |         )
359 |         #expect(cacheDeletePlan.identifiers == [
360 |             ShoppingEntityCatalog.shoppingListEntityIdentifier(accountID: "account_ari", environment: .production),
    |                                                                                                        `- error: cannot infer contextual base in reference to member 'production'
361 |             ShoppingEntityCatalog.shoppingItemEntityIdentifier(itemID: "item_parmesan", accountID: "account_ari", environment: .production)
362 |         ])

/Users/arimendelow/Projects/spoonjoy-apple/Tests/SpoonjoyCoreTests/ShoppingEntityTests.swift:361:129: error: cannot infer contextual base in reference to member 'production'
359 |         #expect(cacheDeletePlan.identifiers == [
360 |             ShoppingEntityCatalog.shoppingListEntityIdentifier(accountID: "account_ari", environment: .production),
361 |             ShoppingEntityCatalog.shoppingItemEntityIdentifier(itemID: "item_parmesan", accountID: "account_ari", environment: .production)
    |                                                                                                                                 `- error: cannot infer contextual base in reference to member 'production'
362 |         ])
363 |         #expect(cacheDeletePlan.reason == .cacheDeleted)

/Users/arimendelow/Projects/spoonjoy-apple/Tests/SpoonjoyCoreTests/ShoppingEntityTests.swift:363:44: error: cannot infer contextual base in reference to member 'cacheDeleted'
361 |             ShoppingEntityCatalog.shoppingItemEntityIdentifier(itemID: "item_parmesan", accountID: "account_ari", environment: .production)
362 |         ])
363 |         #expect(cacheDeletePlan.reason == .cacheDeleted)
    |                                            `- error: cannot infer contextual base in reference to member 'cacheDeleted'
364 |
365 |         let tombstonePlan = ShoppingEntityIndexPurgePlan.tombstonePurge(

/Users/arimendelow/Projects/spoonjoy-apple/Tests/SpoonjoyCoreTests/ShoppingEntityTests.swift:365:29: error: cannot find 'ShoppingEntityIndexPurgePlan' in scope
363 |         #expect(cacheDeletePlan.reason == .cacheDeleted)
364 |
365 |         let tombstonePlan = ShoppingEntityIndexPurgePlan.tombstonePurge(
    |                             `- error: cannot find 'ShoppingEntityIndexPurgePlan' in scope
366 |             tombstones: [
367 |                 NativeSyncTombstone(

/Users/arimendelow/Projects/spoonjoy-apple/Tests/SpoonjoyCoreTests/ShoppingEntityTests.swift:388:13: error: cannot find 'ShoppingEntityCatalog' in scope
386 |         )
387 |         #expect(tombstonePlan.identifiers == [
388 |             ShoppingEntityCatalog.shoppingItemEntityIdentifier(itemID: "item_lemons", accountID: "account_ari", environment: .production)
    |             `- error: cannot find 'ShoppingEntityCatalog' in scope
389 |         ])
390 |         #expect(tombstonePlan.reason == .tombstoneApplied)

/Users/arimendelow/Projects/spoonjoy-apple/Tests/SpoonjoyCoreTests/ShoppingEntityTests.swift:388:127: error: cannot infer contextual base in reference to member 'production'
386 |         )
387 |         #expect(tombstonePlan.identifiers == [
388 |             ShoppingEntityCatalog.shoppingItemEntityIdentifier(itemID: "item_lemons", accountID: "account_ari", environment: .production)
    |                                                                                                                               `- error: cannot infer contextual base in reference to member 'production'
389 |         ])
390 |         #expect(tombstonePlan.reason == .tombstoneApplied)

/Users/arimendelow/Projects/spoonjoy-apple/Tests/SpoonjoyCoreTests/ShoppingEntityTests.swift:390:42: error: cannot infer contextual base in reference to member 'tombstoneApplied'
388 |             ShoppingEntityCatalog.shoppingItemEntityIdentifier(itemID: "item_lemons", accountID: "account_ari", environment: .production)
389 |         ])
390 |         #expect(tombstonePlan.reason == .tombstoneApplied)
    |                                          `- error: cannot infer contextual base in reference to member 'tombstoneApplied'
391 |     }
392 |

/Users/arimendelow/Projects/spoonjoy-apple/Tests/SpoonjoyCoreTests/ShoppingEntityTests.swift:399:9: error: cannot find 'ShoppingEntityCatalog' in scope
397 |         tombstones: [NativeSyncTombstone] = []
398 |     ) throws -> ShoppingEntityCatalog {
399 |         ShoppingEntityCatalog(
    |         `- error: cannot find 'ShoppingEntityCatalog' in scope
400 |             syncSnapshot: try syncSnapshot(items: items, tombstones: tombstones),
401 |             currentAccountID: currentAccountID,
error: fatalError
