
 RUN  v4.0.18 /Users/arimendelow/Projects/spoonjoy-v2

 ✓ test/routes/developers-playground.test.tsx (36 tests) 4048ms
     ✓ covers generated OAuth, mutation id, example body, and secret-response playground controls  432ms
     ✓ copies generated playground values and reports clipboard failures  1748ms
     ✓ supports keyboard roving for surface and auth mode radio groups  339ms
 ✓ test/routes/api-v1-shopping-sync.test.ts (8 tests) 337ms
 ❯ test/routes/api-v1-scopes.test.ts (4 tests | 1 failed) 673ms
     ✓ resolves exact scope rows for every first-slice v1 endpoint 54ms
     ✓ allows anonymous public routes and enforces bearer public read scopes when credentials are present 207ms
     × enforces authenticated shopping-list read and write scopes with legacy compatibility 239ms
     ✓ enforces authenticated token read/write scopes without kitchen-scope escalation 45ms
 ✓ test/routes/api-v1-telemetry.test.ts (16 tests) 290ms
 ✓ test/routes/api-v1-shopping-d1.test.ts (2 tests) 107ms
 ✓ test/lib/api-v1-openapi.server.test.ts (8 tests) 63ms

⎯⎯⎯⎯⎯⎯⎯ Failed Tests 1 ⎯⎯⎯⎯⎯⎯⎯

 FAIL  test/routes/api-v1-scopes.test.ts > API v1 complete scope matrix > enforces authenticated shopping-list read and write scopes with legacy compatibility
AssertionError: expected 404 to be 200 // Object.is equality

- Expected
+ Received

- 200
+ 404

 ❯ test/routes/api-v1-scopes.test.ts:278:33
    276|           }),
    277|         }) as unknown as Request, testCase.splat));
    278|         expect(response.status).toBe(testCase.successStatus);
       |                                 ^
    279|       }
    280|     }

⎯⎯⎯⎯⎯⎯⎯⎯⎯⎯⎯⎯⎯⎯⎯⎯⎯⎯⎯⎯⎯⎯⎯⎯[1/1]⎯


 Test Files  1 failed | 5 passed (6)
      Tests  1 failed | 73 passed (74)
   Start at  01:34:26
   Duration  10.12s (transform 484ms, setup 397ms, import 2.41s, tests 5.52s, environment 1.03s)

