Building for debugging...
[0/5] Write sources
[1/5] Write swift-version--58304C5D6DBC2206.txt
[3/5] Compiling SpoonjoyCoreTests NativeScenarioTests.swift
[4/5] Emitting module SpoonjoyCoreTests
[4/6] Write Objects.LinkFileList
[5/6] Linking SpoonjoyApplePackageTests
Build complete! (5.68s)
◇ Test run started.
↳ Testing Library Version: 1902
↳ Target Platform: arm64e-apple-macos14.0
◇ Suite "Native scenario metadata" started.
◇ Suite "Native live store and shell wiring" started.
◇ Test "app integration sources typecheck and declare expected native types" started.
◇ Test "spotlight index plan builds route aware searchable documents" started.
◇ Test "signed out settings and offline indicator cover every live shell state" started.
✔ Test "spotlight index plan builds route aware searchable documents" passed after 0.006 seconds.
✔ Test "signed out settings and offline indicator cover every live shell state" passed after 0.036 seconds.
✔ Suite "Native live store and shell wiring" passed after 0.036 seconds.
✔ Test "app integration sources typecheck and declare expected native types" passed after 2.963 seconds.
✔ Suite "Native scenario metadata" passed after 2.963 seconds.
✔ Test run with 3 tests in 2 suites passed after 2.963 seconds.
