Another instance of SwiftPM (PID: 44361) is already running using '/Users/arimendelow/Projects/spoonjoy-apple/.build', waiting until that process has finished execution...Building for debugging...
[0/4] Write swift-version--58304C5D6DBC2206.txt
Build complete! (0.13s)
Test Suite 'Selected tests' started at 2026-06-29 06:07:33.687.
Test Suite 'SpoonjoyApplePackageTests.xctest' started at 2026-06-29 06:07:33.688.
Test Suite 'SpoonjoyApplePackageTests.xctest' passed at 2026-06-29 06:07:33.688.
	 Executed 0 tests, with 0 failures (0 unexpected) in 0.000 (0.000) seconds
Test Suite 'Selected tests' passed at 2026-06-29 06:07:33.688.
	 Executed 0 tests, with 0 failures (0 unexpected) in 0.000 (0.001) seconds
◇ Test run started.
↳ Testing Library Version: 1902
↳ Target Platform: arm64e-apple-macos14.0
◇ Suite "Chef profile App Entity contracts" started.
◇ Suite "Native cook mode parity" started.
◇ Suite "Recipe and cookbook App Entity contracts" started.
◇ Suite "Native sharing payloads" started.
◇ Suite "Shopping App Entity contracts" started.
◇ Test "chef profile entities resolve cached profiles and expose public transfer values" started.
◇ Test "legacy cook progress rehydrates against a full recipe after placeholder restore" started.
◇ Test "offline app snapshot restores exact cook mode progress" started.
◇ Test "duration timers exist only for duration bearing steps" started.
◇ Test "scale ingredient checkoff and step output checkoff match web cook mode" started.
◇ Test "chef profile suggestions include graph chefs without follow feed or comment semantics" started.
◇ Test "chef profile entity sources exist with AppIntents contracts" started.
◇ Test "public payload builders reject non-object and non-spoonjoy canonical URLs" started.
◇ Test "chef profile recipe graph suggestions sort ties use fallback timestamps and require an owner" started.
◇ Test "entity catalog loads persisted sync store snapshots" started.
◇ Test "chef profile descriptor placeholder and unresolved intent error are user safe" started.
◇ Test "view model covers empty progress navigation bounds and quantity format edges" started.
◇ Test "private transfer edge labels cover checked items and sanitized capture titles" started.
◇ Test "recipe and cookbook public payloads use canonical model URLs exactly" started.
◇ Test "private transfer fallback labels cover sparse shopping spoon and capture values" started.
◇ Test "chef profile graph page rows honor profile tombstones" started.
◇ Test "chef profile entities decode profile payload variants and graph pages" started.
◇ Test "recipe and cookbook entity sources exist with AppIntents contracts" started.
◇ Test "entity descriptors cover placeholder sparse recipe and singular cookbook display edges" started.
◇ Test "recipe entities resolve from native sync cached records and expose transfer values" started.
◇ Test "chef profile entities filter wrong scopes reject unsafe identifiers and load stores" started.
◇ Test "public share route policy only exposes recipe and cookbook object URLs" started.
◇ Test "chef profile entities filter tombstoned profiles and recipe graph sources" started.
◇ Test "entity catalog honors sync account environment and tombstone boundaries" started.
◇ Test "Siri and deep links open or continue cook mode in the correct place" started.
◇ Test "chef profile entity purge plans dedupe and reject wrong scopes" started.
◇ Test "public route payloads back toolbar sharing without leaking native-only routes" started.
◇ Test "capture draft private transfers redact credential URLs and local media identifiers" started.
◇ Test "entity search disambiguates same-title recipes and cookbooks deterministically" started.
◇ Test "shopping entity coverage edges preserve placeholder loading and identifier behavior" started.
◇ Test "shopping entity purge plans cover logout account-switch cache-delete and tombstones" started.
◇ Test "private product values use native transfers without fake public URLs" started.
◇ Test "start and continue cook mode preserve active step route state" started.
◇ Test "shopping entity sources exist with AppIntents contracts" started.
◇ Test "cookbook entities resolve from native sync cached records and expose transfer values" started.
◇ Test "shopping entity transfer values filter private and debug-only fields" started.
◇ Test "sharing catalog stays system-share only and does not invent social surfaces" started.
◇ Test "entity catalog trims identifiers and reports missing cached entities" started.
◇ Test "shopping entity lookup uses supplied sync snapshot records instead of fixture fallback" started.
◇ Test "shopping entity lookup filters deleted, tombstoned, and wrong-scope data" started.
◇ Test "shopping entities resolve from scoped native sync cache records" started.
✔ Test "chef profile suggestions include graph chefs without follow feed or comment semantics" passed after 0.023 seconds.
✔ Test "chef profile descriptor placeholder and unresolved intent error are user safe" passed after 0.023 seconds.
✔ Test "chef profile recipe graph suggestions sort ties use fallback timestamps and require an owner" passed after 0.023 seconds.
✔ Test "chef profile entities resolve cached profiles and expose public transfer values" passed after 0.024 seconds.
✔ Test "private transfer edge labels cover checked items and sanitized capture titles" passed after 0.023 seconds.
✔ Test "private transfer fallback labels cover sparse shopping spoon and capture values" passed after 0.024 seconds.
✔ Test "legacy cook progress rehydrates against a full recipe after placeholder restore" passed after 0.024 seconds.
✔ Test "recipe and cookbook public payloads use canonical model URLs exactly" passed after 0.024 seconds.
✔ Test "duration timers exist only for duration bearing steps" passed after 0.024 seconds.
✔ Test "view model covers empty progress navigation bounds and quantity format edges" passed after 0.024 seconds.
✔ Test "offline app snapshot restores exact cook mode progress" passed after 0.024 seconds.
✔ Test "scale ingredient checkoff and step output checkoff match web cook mode" passed after 0.024 seconds.
✔ Test "public share route policy only exposes recipe and cookbook object URLs" passed after 0.024 seconds.
✔ Test "chef profile entities filter tombstoned profiles and recipe graph sources" passed after 0.024 seconds.
✔ Test "entity descriptors cover placeholder sparse recipe and singular cookbook display edges" passed after 0.024 seconds.
✔ Test "Siri and deep links open or continue cook mode in the correct place" passed after 0.024 seconds.
✔ Test "chef profile entity purge plans dedupe and reject wrong scopes" passed after 0.024 seconds.
✔ Test "public route payloads back toolbar sharing without leaking native-only routes" passed after 0.024 seconds.
✔ Test "capture draft private transfers redact credential URLs and local media identifiers" passed after 0.024 seconds.
✔ Test "entity catalog loads persisted sync store snapshots" passed after 0.024 seconds.
✔ Test "chef profile graph page rows honor profile tombstones" passed after 0.024 seconds.
✔ Test "private product values use native transfers without fake public URLs" passed after 0.026 seconds.
✔ Test "shopping entity purge plans cover logout account-switch cache-delete and tombstones" passed after 0.026 seconds.
✔ Test "start and continue cook mode preserve active step route state" passed after 0.026 seconds.
✔ Test "recipe entities resolve from native sync cached records and expose transfer values" passed after 0.026 seconds.
✔ Test "shopping entity coverage edges preserve placeholder loading and identifier behavior" passed after 0.026 seconds.
✔ Test "shopping entity transfer values filter private and debug-only fields" passed after 0.026 seconds.
✔ Test "sharing catalog stays system-share only and does not invent social surfaces" passed after 0.026 seconds.
✔ Test "chef profile entities decode profile payload variants and graph pages" passed after 0.026 seconds.
✔ Test "shopping entity lookup uses supplied sync snapshot records instead of fixture fallback" passed after 0.026 seconds.
✔ Test "public payload builders reject non-object and non-spoonjoy canonical URLs" passed after 0.026 seconds.
✔ Test "shopping entities resolve from scoped native sync cache records" passed after 0.006 seconds.
✔ Suite "Native cook mode parity" passed after 0.027 seconds.
✔ Suite "Native sharing payloads" passed after 0.027 seconds.
✔ Test "entity search disambiguates same-title recipes and cookbooks deterministically" passed after 0.028 seconds.
✔ Test "shopping entity lookup filters deleted, tombstoned, and wrong-scope data" passed after 0.010 seconds.
✔ Test "cookbook entities resolve from native sync cached records and expose transfer values" passed after 0.032 seconds.
✔ Test "chef profile entities filter wrong scopes reject unsafe identifiers and load stores" passed after 0.032 seconds.
✔ Test "entity catalog trims identifiers and reports missing cached entities" passed after 0.032 seconds.
✔ Test "entity catalog honors sync account environment and tombstone boundaries" passed after 0.034 seconds.
✔ Test "recipe and cookbook entity sources exist with AppIntents contracts" passed after 0.049 seconds.
✔ Suite "Recipe and cookbook App Entity contracts" passed after 0.049 seconds.
✔ Test "chef profile entity sources exist with AppIntents contracts" passed after 0.063 seconds.
✔ Suite "Chef profile App Entity contracts" passed after 0.064 seconds.
✔ Test "shopping entity sources exist with AppIntents contracts" passed after 0.186 seconds.
✔ Suite "Shopping App Entity contracts" passed after 0.187 seconds.
✔ Test run with 41 tests in 5 suites passed after 0.187 seconds.
