Building for debugging...
[0/5] Write sources
[1/5] Write swift-version--58304C5D6DBC2206.txt
[3/5] Emitting module SpoonjoyCoreTests
[4/5] Compiling SpoonjoyCoreTests OpenSearchShareCookIntentTests.swift
[4/6] Write Objects.LinkFileList
[5/6] Linking SpoonjoyApplePackageTests
Build complete! (3.82s)
Test Suite 'Selected tests' started at 2026-06-29 06:06:33.798.
Test Suite 'SpoonjoyApplePackageTests.xctest' started at 2026-06-29 06:06:33.799.
Test Suite 'SpoonjoyApplePackageTests.xctest' passed at 2026-06-29 06:06:33.799.
	 Executed 0 tests, with 0 failures (0 unexpected) in 0.000 (0.000) seconds
Test Suite 'Selected tests' passed at 2026-06-29 06:06:33.799.
	 Executed 0 tests, with 0 failures (0 unexpected) in 0.000 (0.001) seconds
◇ Test run started.
↳ Testing Library Version: 1902
↳ Target Platform: arm64e-apple-macos14.0
◇ Suite "Open search share and cook Siri intent contracts" started.
◇ Test "descriptor resolver validates entity route shape before opening and sharing" started.
◇ Test "share intent contract keeps shopping private and avoids invented social surfaces" started.
◇ Test "open search share and cook intents are entity backed" started.
✔ Test "descriptor resolver validates entity route shape before opening and sharing" passed after 0.001 seconds.
✔ Test "share intent contract keeps shopping private and avoids invented social surfaces" passed after 0.010 seconds.
✔ Test "open search share and cook intents are entity backed" passed after 0.050 seconds.
✔ Suite "Open search share and cook Siri intent contracts" passed after 0.050 seconds.
✔ Test run with 3 tests in 1 suite passed after 0.051 seconds.
