[0/1] Planning build
Building for debugging...
[0/5] Write sources
[1/5] Write swift-version--58304C5D6DBC2206.txt
[3/6] Compiling SpoonjoyCoreTests APITransportTests.swift
[4/6] Emitting module SpoonjoyCoreTests
[5/6] Compiling SpoonjoyCoreTests NativeSyncEngineTests.swift
[5/7] Write Objects.LinkFileList
[6/7] Linking SpoonjoyApplePackageTests
Build complete! (10.12s)
◇ Test run started.
↳ Testing Library Version: 1902
↳ Target Platform: arm64e-apple-macos14.0
◇ Suite "Native sync engine and mutation queue" started.
◇ Suite "URLSession API transport" started.
◇ Test "URLSession native sync transport remaps duplicate recipe ingredients to coalesced shopping row" started.
◇ Test "drained add-from-recipe replays queued ingredient descriptors without cached recipe" started.
✘ Test "URLSession native sync transport remaps duplicate recipe ingredients to coalesced shopping row" recorded an issue at APITransportTests.swift:606:9: Expectation failed: try await transport.send(addFromRecipe, configuration: Self.configuration(bearerToken: "sj_access_native")) == .success(serverRevision: nil, idRemaps: [
            NativeSyncIDRemap(localID: "item_local_cm_shopping_duplicate_recipe-ingredient-1", serverID: "item_server_sugar"),
            NativeSyncIDRemap(localID: "item_local_cm_shopping_duplicate_recipe-ingredient-2", serverID: "item_server_sugar")
        ])
✘ Test "drained add-from-recipe replays queued ingredient descriptors without cached recipe" recorded an issue at NativeSyncEngineTests.swift:1855:31: Expectation failed: try await store.cachedRecord(kind: .shoppingItem, resourceID: "item_server_sugar") → nil
✘ Test "URLSession native sync transport remaps duplicate recipe ingredients to coalesced shopping row" failed after 0.005 seconds with 1 issue.
✘ Test "drained add-from-recipe replays queued ingredient descriptors without cached recipe" failed after 0.006 seconds with 1 issue.
✘ Suite "URLSession API transport" failed after 0.006 seconds with 1 issue.
✘ Suite "Native sync engine and mutation queue" failed after 0.006 seconds with 1 issue.
✘ Test run with 2 tests in 2 suites failed after 0.006 seconds with 2 issues.
