Test Suite 'Selected tests' started at 2026-06-28 20:12:10.577.
Test Suite 'SpoonjoyApplePackageTests.xctest' started at 2026-06-28 20:12:10.579.
Test Suite 'SpoonjoyApplePackageTests.xctest' passed at 2026-06-28 20:12:10.579.
	 Executed 0 tests, with 0 failures (0 unexpected) in 0.000 (0.000) seconds
Test Suite 'Selected tests' passed at 2026-06-28 20:12:10.579.
	 Executed 0 tests, with 0 failures (0 unexpected) in 0.000 (0.002) seconds
◇ Test run started.
↳ Testing Library Version: 1902
↳ Target Platform: arm64e-apple-macos14.0
◇ Suite "Recipe and cookbook App Entity contracts" started.
◇ Test "recipe entities resolve from native sync cached records and expose transfer values" started.
◇ Test "entity catalog trims identifiers and reports missing cached entities" started.
◇ Test "entity search disambiguates same-title recipes and cookbooks deterministically" started.
◇ Test "recipe and cookbook entity sources exist with AppIntents contracts" started.
◇ Test "entity catalog honors sync account environment and tombstone boundaries" started.
◇ Test "cookbook entities resolve from native sync cached records and expose transfer values" started.
◇ Test "entity catalog loads persisted sync store snapshots" started.
✔ Test "entity catalog trims identifiers and reports missing cached entities" passed after 0.014 seconds.
✔ Test "entity catalog loads persisted sync store snapshots" passed after 0.014 seconds.
✔ Test "cookbook entities resolve from native sync cached records and expose transfer values" passed after 0.015 seconds.
✔ Test "entity search disambiguates same-title recipes and cookbooks deterministically" passed after 0.016 seconds.
✔ Test "recipe entities resolve from native sync cached records and expose transfer values" passed after 0.018 seconds.
✔ Test "entity catalog honors sync account environment and tombstone boundaries" passed after 0.021 seconds.
✔ Test "recipe and cookbook entity sources exist with AppIntents contracts" passed after 0.045 seconds.
✔ Suite "Recipe and cookbook App Entity contracts" passed after 0.045 seconds.
✔ Test run with 7 tests in 1 suite passed after 0.045 seconds.
