Building for debugging...
[0/5] Write sources
[1/5] Write swift-version--58304C5D6DBC2206.txt
[3/5] Emitting module SpoonjoyCoreTests
[4/5] Compiling SpoonjoyCoreTests SpoonEntityTests.swift
[4/6] Write Objects.LinkFileList
[5/6] Linking SpoonjoyApplePackageTests
Build complete! (3.61s)
◇ Test run started.
↳ Testing Library Version: 1902
↳ Target Platform: arm64e-apple-macos14.0
◇ Suite "Spoon cook-log App Entity contracts" started.
◇ Test "spoon entity lookup uses supplied sync snapshot records instead of fixture fallback" started.
◇ Test "spoon entity transfer values filter private and debug-only fields" started.
◇ Test "spoon entity lookup filters deleted, tombstoned, and wrong-scope data" started.
◇ Test "spoon entities resolve from scoped native sync cache records" started.
◇ Test "spoon entity sources exist with AppIntents contracts" started.
◇ Test "spoon entity purge plans cover logout account-switch cache-delete and tombstones" started.
✔ Test "spoon entity purge plans cover logout account-switch cache-delete and tombstones" passed after 0.001 seconds.
✔ Test "spoon entity lookup uses supplied sync snapshot records instead of fixture fallback" passed after 0.008 seconds.
✔ Test "spoon entities resolve from scoped native sync cache records" passed after 0.009 seconds.
✔ Test "spoon entity transfer values filter private and debug-only fields" passed after 0.009 seconds.
✔ Test "spoon entity lookup filters deleted, tombstoned, and wrong-scope data" passed after 0.012 seconds.
✔ Test "spoon entity sources exist with AppIntents contracts" passed after 0.189 seconds.
✔ Suite "Spoon cook-log App Entity contracts" passed after 0.189 seconds.
✔ Test run with 6 tests in 1 suite passed after 0.189 seconds.
