Building for debugging...
[0/5] Write sources
[1/5] Write swift-version--58304C5D6DBC2206.txt
[3/5] Emitting module SpoonjoyCoreTests
[4/5] Compiling SpoonjoyCoreTests SpoonCookLogSurfaceTests.swift
[4/6] Write Objects.LinkFileList
[5/6] Linking SpoonjoyApplePackageTests
Build complete! (2.45s)
Test Suite 'Selected tests' started at 2026-06-27 07:04:28.232.
Test Suite 'SpoonjoyApplePackageTests.xctest' started at 2026-06-27 07:04:28.233.
Test Suite 'SpoonjoyApplePackageTests.xctest' passed at 2026-06-27 07:04:28.233.
	 Executed 0 tests, with 0 failures (0 unexpected) in 0.000 (0.000) seconds
Test Suite 'Selected tests' passed at 2026-06-27 07:04:28.233.
	 Executed 0 tests, with 0 failures (0 unexpected) in 0.000 (0.001) seconds
◇ Test run started.
↳ Testing Library Version: 1902
↳ Target Platform: arm64e-apple-macos14.0
◇ Suite "Native spoon cook-log surface parity" started.
◇ Test "recipe detail wires the native spoon cook-log surface" started.
✘ Test "recipe detail wires the native spoon cook-log surface" recorded an issue at SpoonCookLogSurfaceTests.swift:290:9: Expectation failed: !((spoonSource → "import PhotosUI
import SpoonjoyCore
import SwiftUI

struct SpoonCookLogView: View {
    let viewModel: SpoonCookLogViewModel
    let actionDidPlan: @MainActor (SpoonCookLogMutationPlan) async throws -> Void

    @State private var note = ""
    @State private var nextTime = ""
    @State private var useAsRecipeCover = false
    @State private var selectedPhoto: PhotosPickerItem?
    @State private var stagedPhoto: SpoonCookLogPhotoAttachment?
    @State private var editingRow: SpoonCookLogRow?
    @State private var deletingRow: SpoonCookLogRow?
    @State private var actionStatusMessage: String?
    @State private var actionErrorMessage: String?

    var body: some View {
        VStack(alignment: .leading, spacing: 14) {
            header
            statusMessages
            createForm
            rows
        }
    }

    private var header: some View {
        HStack(alignment: .firstTextBaseline) {
            Text("Cook Log")
                .font(.title2)
                .foregroundStyle(KitchenTableTheme.charcoal)
            Spacer()
            if let queuedWorkSummary = viewModel.queuedWorkSummary {
                Label(queuedWorkSummary, systemImage: "clock.arrow.circlepath")
                    .font(KitchenTableTheme.uiLabel)
                    .foregroundStyle(KitchenTableTheme.brass)
            }
        }
    }

    @ViewBuilder private var statusMessages: some View {
        if viewModel.offlineIndicator.display != .synced {
            OfflineStatusView(display: viewModel.offlineIndicator.display)
        }
        if let conflictBanner = viewModel.conflictBanner {
            Label(conflictBanner.message, systemImage: "exclamationmark.arrow.triangle.2.circlepath")
                .font(KitchenTableTheme.uiLabel)
                .foregroundStyle(KitchenTableTheme.tomato)
        }
        if let actionStatusMessage {
            Label(actionStatusMessage, systemImage: "checkmark.circle")
                .font(KitchenTableTheme.uiLabel)
                .foregroundStyle(KitchenTableTheme.herb)
        }
        if let actionErrorMessage {
            Label(actionErrorMessage, systemImage: "exclamationmark.triangle")
                .font(KitchenTableTheme.uiLabel)
                .foregroundStyle(.red)
        }
    }

    private var createForm: some View {
        let hasStagedPhoto = stagedPhoto != nil
        return VStack(alignment: .leading, spacing: 10) {
            TextField("What changed?", text: $note, axis: .vertical)
                .textFieldStyle(.roundedBorder)
                .lineLimit(2...4)
            TextField("Next time", text: $nextTime, axis: .vertical)
                .textFieldStyle(.roundedBorder)
                .lineLimit(1...3)

            HStack(spacing: 12) {
                PhotosPicker(selection: $selectedPhoto, matching: .images) {
                    Label(hasStagedPhoto ? "Photo Ready" : "Add Photo", systemImage: hasStagedPhoto ? "photo" : "photo.badge.plus")
                }
                .buttonStyle(.bordered)
                .onChange(of: selectedPhoto) { _, item in
                    Task { @MainActor in
                        await loadPhoto(item)
                    }
                }

                Toggle(isOn: $useAsRecipeCover) {
                    Label("Use as cover", systemImage: "photo.on.rectangle")
                }
                .toggleStyle(.switch)
                .disabled(stagedPhoto == nil)

                Spacer()

                Button {
                    run(.create(
                        note: note,
                        nextTime: nextTime,
                        cookedAt: ISO8601DateFormatter().string(from: Date()),
                        photo: stagedPhoto,
                        photoURL: nil,
                        useAsRecipeCover: stagedPhoto != nil && useAsRecipeCover,
                        clientMutationID: clientMutationID(prefix: "spoon-create")
                    ))
                } label: {
                    Label("Log Cook", systemImage: "fork.knife")
                }
                .buttonStyle(.borderedProminent)
            }
        }
        .padding()
        .background(.background)
        .clipShape(RoundedRectangle(cornerRadius: KitchenTableTheme.Radius.panel))
    }

    @ViewBuilder private var rows: some View {
        if let emptyState = viewModel.emptyState {
            Label(emptyState.message, systemImage: emptyState.systemImage)
                .font(KitchenTableTheme.bodyNote)
                .foregroundStyle(.secondary)
                .padding()
                .frame(maxWidth: .infinity, alignment: .leading)
                .background(.background)
                .clipShape(RoundedRectangle(cornerRadius: KitchenTableTheme.Radius.panel))
        } else {
            VStack(alignment: .leading, spacing: 10) {
                ForEach(viewModel.rows) { row in
                    spoonRow(row)
                }
            }
        }
    }

    private func spoonRow(_ row: SpoonCookLogRow) -> some View {
        HStack(alignment: .top, spacing: 12) {
            RecipeCoverImage(url: row.photoURL)
                .frame(width: 76, height: 76)
                .clipShape(RoundedRectangle(cornerRadius: KitchenTableTheme.Radius.media))

            VStack(alignment: .leading, spacing: 6) {
                HStack {
                    Label(row.chefLine, systemImage: "fork.knife")
                        .font(.headline)
                        .foregroundStyle(KitchenTableTheme.charcoal)
                    Spacer()
                    Text(row.cookedAtLabel)
                        .font(KitchenTableTheme.uiLabel)
                        .foregroundStyle(.secondary)
                }
                if let note = row.note {
                    Text(note)
                        .font(KitchenTableTheme.bodyNote)
                        .foregroundStyle(.secondary)
                }
                if let nextTime = row.nextTime {
                    Label(nextTime, systemImage: "arrow.clockwise")
                        .font(KitchenTableTheme.uiLabel)
                        .foregroundStyle(KitchenTableTheme.brass)
                }
                if row.canEdit || row.canDelete {
                    HStack {
                        if row.canEdit {
                            Button {
                                editingRow = row
                                note = row.note ?? ""
                                nextTime = row.nextTime ?? ""
                            } label: {
                                Label("Edit", systemImage: "pencil")
                            }
                            .buttonStyle(.bordered)
                        }
                        if row.canDelete {
                            Button(role: .destructive) {
                                deletingRow = row
                            } label: {
                                Label("Delete", systemImage: "trash")
                            }
                            .buttonStyle(.bordered)
                        }
                    }
                }
            }
        }
        .padding()
        .background(.background)
        .clipShape(RoundedRectangle(cornerRadius: KitchenTableTheme.Radius.panel))
        .confirmationDialog(
            "Delete cook log?",
            isPresented: Binding(
                get: { deletingRow?.id == row.id },
                set: { isPresented in
                    if !isPresented {
                        deletingRow = nil
                    }
                }
            ),
            titleVisibility: .visible
        ) {
            Button("Delete Cook Log", role: .destructive) {
                run(.delete(spoonID: row.id, clientMutationID: clientMutationID(prefix: "spoon-delete")))
                deletingRow = nil
            }
            Button("Cancel", role: .cancel) {
                deletingRow = nil
            }
        } message: {
            Text("This removes your cook note from this recipe.")
        }
        .sheet(item: $editingRow) { editing in
            SpoonCookLogEditSheet(
                row: editing,
                note: note,
                nextTime: nextTime,
                save: { nextNote, nextNextTime in
                    run(.update(
                        spoonID: editing.id,
                        note: nextNote,
                        nextTime: nextNextTime,
                        cookedAt: editing.spoon.cookedAt,
                        photoURL: editing.photoURL?.absoluteString,
                        clientMutationID: clientMutationID(prefix: "spoon-update")
                    ))
                    editingRow = nil
                },
                cancel: {
                    editingRow = nil
                }
            )
        }
    }

    @MainActor private func loadPhoto(_ item: PhotosPickerItem?) async {
        guard let item else {
            stagedPhoto = nil
            return
        }
        do {
            guard let data = try await item.loadTransferable(type: Data.self), !data.isEmpty else {
                actionErrorMessage = "Photo could not be loaded."
                return
            }
            let contentType = item.supportedContentTypes.first?.preferredMIMEType ?? "image/jpeg"
            let fileExtension = item.supportedContentTypes.first?.preferredFilenameExtension ?? "jpg"
            stagedPhoto = SpoonCookLogPhotoAttachment(
                localStageID: "spoon-photo-\(UUID().uuidString)",
                fileName: "spoon.\(fileExtension)",
                contentType: contentType,
                data: data
            )
            actionErrorMessage = nil
        } catch {
            actionErrorMessage = "Photo could not be loaded."
        }
    }

    @MainActor private func run(_ action: SpoonCookLogAction) {
        let plan: SpoonCookLogMutationPlan
        do {
            plan = try viewModel.plan(action)
        } catch {
            actionErrorMessage = error.localizedDescription
            return
        }
        if let blockedReason = plan.blockedReason {
            actionErrorMessage = blockedReason
            return
        }

        Task { @MainActor in
            do {
                try await actionDidPlan(plan)
                actionStatusMessage = action.successMessage
                actionErrorMessage = nil
                if case .create = action {
                    note = ""
                    nextTime = ""
                    selectedPhoto = nil
                    stagedPhoto = nil
                    useAsRecipeCover = false
                }
            } catch {
                actionErrorMessage = "Cook log change could not be saved."
            }
        }
    }

    private func clientMutationID(prefix: String) -> String {
        "\(prefix)-\(UUID().uuidString)"
    }
}

private struct SpoonCookLogEditSheet: View {
    let row: SpoonCookLogRow
    @State private var note: String
    @State private var nextTime: String
    let save: (String, String) -> Void
    let cancel: () -> Void

    init(row: SpoonCookLogRow, note: String, nextTime: String, save: @escaping (String, String) -> Void, cancel: @escaping () -> Void) {
        self.row = row
        _note = State(initialValue: note)
        _nextTime = State(initialValue: nextTime)
        self.save = save
        self.cancel = cancel
    }

    var body: some View {
        NavigationStack {
            Form {
                TextField("What changed?", text: $note, axis: .vertical)
                    .lineLimit(2...4)
                TextField("Next time", text: $nextTime, axis: .vertical)
                    .lineLimit(1...3)
            }
            .navigationTitle("Edit Cook Log")
            .toolbar {
                ToolbarItem(placement: .cancellationAction) {
                    Button("Cancel", action: cancel)
                }
                ToolbarItem(placement: .confirmationAction) {
                    Button("Save") {
                        save(note, nextTime)
                    }
                }
            }
        }
    }
}
").contains("RecipeCoverImage(url: row.photoURL)") → true)
✘ Test "recipe detail wires the native spoon cook-log surface" recorded an issue at SpoonCookLogSurfaceTests.swift:291:9: Expectation failed: (spoonSource → "import PhotosUI
import SpoonjoyCore
import SwiftUI

struct SpoonCookLogView: View {
    let viewModel: SpoonCookLogViewModel
    let actionDidPlan: @MainActor (SpoonCookLogMutationPlan) async throws -> Void

    @State private var note = ""
    @State private var nextTime = ""
    @State private var useAsRecipeCover = false
    @State private var selectedPhoto: PhotosPickerItem?
    @State private var stagedPhoto: SpoonCookLogPhotoAttachment?
    @State private var editingRow: SpoonCookLogRow?
    @State private var deletingRow: SpoonCookLogRow?
    @State private var actionStatusMessage: String?
    @State private var actionErrorMessage: String?

    var body: some View {
        VStack(alignment: .leading, spacing: 14) {
            header
            statusMessages
            createForm
            rows
        }
    }

    private var header: some View {
        HStack(alignment: .firstTextBaseline) {
            Text("Cook Log")
                .font(.title2)
                .foregroundStyle(KitchenTableTheme.charcoal)
            Spacer()
            if let queuedWorkSummary = viewModel.queuedWorkSummary {
                Label(queuedWorkSummary, systemImage: "clock.arrow.circlepath")
                    .font(KitchenTableTheme.uiLabel)
                    .foregroundStyle(KitchenTableTheme.brass)
            }
        }
    }

    @ViewBuilder private var statusMessages: some View {
        if viewModel.offlineIndicator.display != .synced {
            OfflineStatusView(display: viewModel.offlineIndicator.display)
        }
        if let conflictBanner = viewModel.conflictBanner {
            Label(conflictBanner.message, systemImage: "exclamationmark.arrow.triangle.2.circlepath")
                .font(KitchenTableTheme.uiLabel)
                .foregroundStyle(KitchenTableTheme.tomato)
        }
        if let actionStatusMessage {
            Label(actionStatusMessage, systemImage: "checkmark.circle")
                .font(KitchenTableTheme.uiLabel)
                .foregroundStyle(KitchenTableTheme.herb)
        }
        if let actionErrorMessage {
            Label(actionErrorMessage, systemImage: "exclamationmark.triangle")
                .font(KitchenTableTheme.uiLabel)
                .foregroundStyle(.red)
        }
    }

    private var createForm: some View {
        let hasStagedPhoto = stagedPhoto != nil
        return VStack(alignment: .leading, spacing: 10) {
            TextField("What changed?", text: $note, axis: .vertical)
                .textFieldStyle(.roundedBorder)
                .lineLimit(2...4)
            TextField("Next time", text: $nextTime, axis: .vertical)
                .textFieldStyle(.roundedBorder)
                .lineLimit(1...3)

            HStack(spacing: 12) {
                PhotosPicker(selection: $selectedPhoto, matching: .images) {
                    Label(hasStagedPhoto ? "Photo Ready" : "Add Photo", systemImage: hasStagedPhoto ? "photo" : "photo.badge.plus")
                }
                .buttonStyle(.bordered)
                .onChange(of: selectedPhoto) { _, item in
                    Task { @MainActor in
                        await loadPhoto(item)
                    }
                }

                Toggle(isOn: $useAsRecipeCover) {
                    Label("Use as cover", systemImage: "photo.on.rectangle")
                }
                .toggleStyle(.switch)
                .disabled(stagedPhoto == nil)

                Spacer()

                Button {
                    run(.create(
                        note: note,
                        nextTime: nextTime,
                        cookedAt: ISO8601DateFormatter().string(from: Date()),
                        photo: stagedPhoto,
                        photoURL: nil,
                        useAsRecipeCover: stagedPhoto != nil && useAsRecipeCover,
                        clientMutationID: clientMutationID(prefix: "spoon-create")
                    ))
                } label: {
                    Label("Log Cook", systemImage: "fork.knife")
                }
                .buttonStyle(.borderedProminent)
            }
        }
        .padding()
        .background(.background)
        .clipShape(RoundedRectangle(cornerRadius: KitchenTableTheme.Radius.panel))
    }

    @ViewBuilder private var rows: some View {
        if let emptyState = viewModel.emptyState {
            Label(emptyState.message, systemImage: emptyState.systemImage)
                .font(KitchenTableTheme.bodyNote)
                .foregroundStyle(.secondary)
                .padding()
                .frame(maxWidth: .infinity, alignment: .leading)
                .background(.background)
                .clipShape(RoundedRectangle(cornerRadius: KitchenTableTheme.Radius.panel))
        } else {
            VStack(alignment: .leading, spacing: 10) {
                ForEach(viewModel.rows) { row in
                    spoonRow(row)
                }
            }
        }
    }

    private func spoonRow(_ row: SpoonCookLogRow) -> some View {
        HStack(alignment: .top, spacing: 12) {
            RecipeCoverImage(url: row.photoURL)
                .frame(width: 76, height: 76)
                .clipShape(RoundedRectangle(cornerRadius: KitchenTableTheme.Radius.media))

            VStack(alignment: .leading, spacing: 6) {
                HStack {
                    Label(row.chefLine, systemImage: "fork.knife")
                        .font(.headline)
                        .foregroundStyle(KitchenTableTheme.charcoal)
                    Spacer()
                    Text(row.cookedAtLabel)
                        .font(KitchenTableTheme.uiLabel)
                        .foregroundStyle(.secondary)
                }
                if let note = row.note {
                    Text(note)
                        .font(KitchenTableTheme.bodyNote)
                        .foregroundStyle(.secondary)
                }
                if let nextTime = row.nextTime {
                    Label(nextTime, systemImage: "arrow.clockwise")
                        .font(KitchenTableTheme.uiLabel)
                        .foregroundStyle(KitchenTableTheme.brass)
                }
                if row.canEdit || row.canDelete {
                    HStack {
                        if row.canEdit {
                            Button {
                                editingRow = row
                                note = row.note ?? ""
                                nextTime = row.nextTime ?? ""
                            } label: {
                                Label("Edit", systemImage: "pencil")
                            }
                            .buttonStyle(.bordered)
                        }
                        if row.canDelete {
                            Button(role: .destructive) {
                                deletingRow = row
                            } label: {
                                Label("Delete", systemImage: "trash")
                            }
                            .buttonStyle(.bordered)
                        }
                    }
                }
            }
        }
        .padding()
        .background(.background)
        .clipShape(RoundedRectangle(cornerRadius: KitchenTableTheme.Radius.panel))
        .confirmationDialog(
            "Delete cook log?",
            isPresented: Binding(
                get: { deletingRow?.id == row.id },
                set: { isPresented in
                    if !isPresented {
                        deletingRow = nil
                    }
                }
            ),
            titleVisibility: .visible
        ) {
            Button("Delete Cook Log", role: .destructive) {
                run(.delete(spoonID: row.id, clientMutationID: clientMutationID(prefix: "spoon-delete")))
                deletingRow = nil
            }
            Button("Cancel", role: .cancel) {
                deletingRow = nil
            }
        } message: {
            Text("This removes your cook note from this recipe.")
        }
        .sheet(item: $editingRow) { editing in
            SpoonCookLogEditSheet(
                row: editing,
                note: note,
                nextTime: nextTime,
                save: { nextNote, nextNextTime in
                    run(.update(
                        spoonID: editing.id,
                        note: nextNote,
                        nextTime: nextNextTime,
                        cookedAt: editing.spoon.cookedAt,
                        photoURL: editing.photoURL?.absoluteString,
                        clientMutationID: clientMutationID(prefix: "spoon-update")
                    ))
                    editingRow = nil
                },
                cancel: {
                    editingRow = nil
                }
            )
        }
    }

    @MainActor private func loadPhoto(_ item: PhotosPickerItem?) async {
        guard let item else {
            stagedPhoto = nil
            return
        }
        do {
            guard let data = try await item.loadTransferable(type: Data.self), !data.isEmpty else {
                actionErrorMessage = "Photo could not be loaded."
                return
            }
            let contentType = item.supportedContentTypes.first?.preferredMIMEType ?? "image/jpeg"
            let fileExtension = item.supportedContentTypes.first?.preferredFilenameExtension ?? "jpg"
            stagedPhoto = SpoonCookLogPhotoAttachment(
                localStageID: "spoon-photo-\(UUID().uuidString)",
                fileName: "spoon.\(fileExtension)",
                contentType: contentType,
                data: data
            )
            actionErrorMessage = nil
        } catch {
            actionErrorMessage = "Photo could not be loaded."
        }
    }

    @MainActor private func run(_ action: SpoonCookLogAction) {
        let plan: SpoonCookLogMutationPlan
        do {
            plan = try viewModel.plan(action)
        } catch {
            actionErrorMessage = error.localizedDescription
            return
        }
        if let blockedReason = plan.blockedReason {
            actionErrorMessage = blockedReason
            return
        }

        Task { @MainActor in
            do {
                try await actionDidPlan(plan)
                actionStatusMessage = action.successMessage
                actionErrorMessage = nil
                if case .create = action {
                    note = ""
                    nextTime = ""
                    selectedPhoto = nil
                    stagedPhoto = nil
                    useAsRecipeCover = false
                }
            } catch {
                actionErrorMessage = "Cook log change could not be saved."
            }
        }
    }

    private func clientMutationID(prefix: String) -> String {
        "\(prefix)-\(UUID().uuidString)"
    }
}

private struct SpoonCookLogEditSheet: View {
    let row: SpoonCookLogRow
    @State private var note: String
    @State private var nextTime: String
    let save: (String, String) -> Void
    let cancel: () -> Void

    init(row: SpoonCookLogRow, note: String, nextTime: String, save: @escaping (String, String) -> Void, cancel: @escaping () -> Void) {
        self.row = row
        _note = State(initialValue: note)
        _nextTime = State(initialValue: nextTime)
        self.save = save
        self.cancel = cancel
    }

    var body: some View {
        NavigationStack {
            Form {
                TextField("What changed?", text: $note, axis: .vertical)
                    .lineLimit(2...4)
                TextField("Next time", text: $nextTime, axis: .vertical)
                    .lineLimit(1...3)
            }
            .navigationTitle("Edit Cook Log")
            .toolbar {
                ToolbarItem(placement: .cancellationAction) {
                    Button("Cancel", action: cancel)
                }
                ToolbarItem(placement: .confirmationAction) {
                    Button("Save") {
                        save(note, nextTime)
                    }
                }
            }
        }
    }
}
").contains("Image(systemName: \"fork.knife.circle\")" → "Image(systemName: "fork.knife.circle")")
✘ Test "recipe detail wires the native spoon cook-log surface" recorded an issue at SpoonCookLogSurfaceTests.swift:292:9: Expectation failed: (spoonSource → "import PhotosUI
import SpoonjoyCore
import SwiftUI

struct SpoonCookLogView: View {
    let viewModel: SpoonCookLogViewModel
    let actionDidPlan: @MainActor (SpoonCookLogMutationPlan) async throws -> Void

    @State private var note = ""
    @State private var nextTime = ""
    @State private var useAsRecipeCover = false
    @State private var selectedPhoto: PhotosPickerItem?
    @State private var stagedPhoto: SpoonCookLogPhotoAttachment?
    @State private var editingRow: SpoonCookLogRow?
    @State private var deletingRow: SpoonCookLogRow?
    @State private var actionStatusMessage: String?
    @State private var actionErrorMessage: String?

    var body: some View {
        VStack(alignment: .leading, spacing: 14) {
            header
            statusMessages
            createForm
            rows
        }
    }

    private var header: some View {
        HStack(alignment: .firstTextBaseline) {
            Text("Cook Log")
                .font(.title2)
                .foregroundStyle(KitchenTableTheme.charcoal)
            Spacer()
            if let queuedWorkSummary = viewModel.queuedWorkSummary {
                Label(queuedWorkSummary, systemImage: "clock.arrow.circlepath")
                    .font(KitchenTableTheme.uiLabel)
                    .foregroundStyle(KitchenTableTheme.brass)
            }
        }
    }

    @ViewBuilder private var statusMessages: some View {
        if viewModel.offlineIndicator.display != .synced {
            OfflineStatusView(display: viewModel.offlineIndicator.display)
        }
        if let conflictBanner = viewModel.conflictBanner {
            Label(conflictBanner.message, systemImage: "exclamationmark.arrow.triangle.2.circlepath")
                .font(KitchenTableTheme.uiLabel)
                .foregroundStyle(KitchenTableTheme.tomato)
        }
        if let actionStatusMessage {
            Label(actionStatusMessage, systemImage: "checkmark.circle")
                .font(KitchenTableTheme.uiLabel)
                .foregroundStyle(KitchenTableTheme.herb)
        }
        if let actionErrorMessage {
            Label(actionErrorMessage, systemImage: "exclamationmark.triangle")
                .font(KitchenTableTheme.uiLabel)
                .foregroundStyle(.red)
        }
    }

    private var createForm: some View {
        let hasStagedPhoto = stagedPhoto != nil
        return VStack(alignment: .leading, spacing: 10) {
            TextField("What changed?", text: $note, axis: .vertical)
                .textFieldStyle(.roundedBorder)
                .lineLimit(2...4)
            TextField("Next time", text: $nextTime, axis: .vertical)
                .textFieldStyle(.roundedBorder)
                .lineLimit(1...3)

            HStack(spacing: 12) {
                PhotosPicker(selection: $selectedPhoto, matching: .images) {
                    Label(hasStagedPhoto ? "Photo Ready" : "Add Photo", systemImage: hasStagedPhoto ? "photo" : "photo.badge.plus")
                }
                .buttonStyle(.bordered)
                .onChange(of: selectedPhoto) { _, item in
                    Task { @MainActor in
                        await loadPhoto(item)
                    }
                }

                Toggle(isOn: $useAsRecipeCover) {
                    Label("Use as cover", systemImage: "photo.on.rectangle")
                }
                .toggleStyle(.switch)
                .disabled(stagedPhoto == nil)

                Spacer()

                Button {
                    run(.create(
                        note: note,
                        nextTime: nextTime,
                        cookedAt: ISO8601DateFormatter().string(from: Date()),
                        photo: stagedPhoto,
                        photoURL: nil,
                        useAsRecipeCover: stagedPhoto != nil && useAsRecipeCover,
                        clientMutationID: clientMutationID(prefix: "spoon-create")
                    ))
                } label: {
                    Label("Log Cook", systemImage: "fork.knife")
                }
                .buttonStyle(.borderedProminent)
            }
        }
        .padding()
        .background(.background)
        .clipShape(RoundedRectangle(cornerRadius: KitchenTableTheme.Radius.panel))
    }

    @ViewBuilder private var rows: some View {
        if let emptyState = viewModel.emptyState {
            Label(emptyState.message, systemImage: emptyState.systemImage)
                .font(KitchenTableTheme.bodyNote)
                .foregroundStyle(.secondary)
                .padding()
                .frame(maxWidth: .infinity, alignment: .leading)
                .background(.background)
                .clipShape(RoundedRectangle(cornerRadius: KitchenTableTheme.Radius.panel))
        } else {
            VStack(alignment: .leading, spacing: 10) {
                ForEach(viewModel.rows) { row in
                    spoonRow(row)
                }
            }
        }
    }

    private func spoonRow(_ row: SpoonCookLogRow) -> some View {
        HStack(alignment: .top, spacing: 12) {
            RecipeCoverImage(url: row.photoURL)
                .frame(width: 76, height: 76)
                .clipShape(RoundedRectangle(cornerRadius: KitchenTableTheme.Radius.media))

            VStack(alignment: .leading, spacing: 6) {
                HStack {
                    Label(row.chefLine, systemImage: "fork.knife")
                        .font(.headline)
                        .foregroundStyle(KitchenTableTheme.charcoal)
                    Spacer()
                    Text(row.cookedAtLabel)
                        .font(KitchenTableTheme.uiLabel)
                        .foregroundStyle(.secondary)
                }
                if let note = row.note {
                    Text(note)
                        .font(KitchenTableTheme.bodyNote)
                        .foregroundStyle(.secondary)
                }
                if let nextTime = row.nextTime {
                    Label(nextTime, systemImage: "arrow.clockwise")
                        .font(KitchenTableTheme.uiLabel)
                        .foregroundStyle(KitchenTableTheme.brass)
                }
                if row.canEdit || row.canDelete {
                    HStack {
                        if row.canEdit {
                            Button {
                                editingRow = row
                                note = row.note ?? ""
                                nextTime = row.nextTime ?? ""
                            } label: {
                                Label("Edit", systemImage: "pencil")
                            }
                            .buttonStyle(.bordered)
                        }
                        if row.canDelete {
                            Button(role: .destructive) {
                                deletingRow = row
                            } label: {
                                Label("Delete", systemImage: "trash")
                            }
                            .buttonStyle(.bordered)
                        }
                    }
                }
            }
        }
        .padding()
        .background(.background)
        .clipShape(RoundedRectangle(cornerRadius: KitchenTableTheme.Radius.panel))
        .confirmationDialog(
            "Delete cook log?",
            isPresented: Binding(
                get: { deletingRow?.id == row.id },
                set: { isPresented in
                    if !isPresented {
                        deletingRow = nil
                    }
                }
            ),
            titleVisibility: .visible
        ) {
            Button("Delete Cook Log", role: .destructive) {
                run(.delete(spoonID: row.id, clientMutationID: clientMutationID(prefix: "spoon-delete")))
                deletingRow = nil
            }
            Button("Cancel", role: .cancel) {
                deletingRow = nil
            }
        } message: {
            Text("This removes your cook note from this recipe.")
        }
        .sheet(item: $editingRow) { editing in
            SpoonCookLogEditSheet(
                row: editing,
                note: note,
                nextTime: nextTime,
                save: { nextNote, nextNextTime in
                    run(.update(
                        spoonID: editing.id,
                        note: nextNote,
                        nextTime: nextNextTime,
                        cookedAt: editing.spoon.cookedAt,
                        photoURL: editing.photoURL?.absoluteString,
                        clientMutationID: clientMutationID(prefix: "spoon-update")
                    ))
                    editingRow = nil
                },
                cancel: {
                    editingRow = nil
                }
            )
        }
    }

    @MainActor private func loadPhoto(_ item: PhotosPickerItem?) async {
        guard let item else {
            stagedPhoto = nil
            return
        }
        do {
            guard let data = try await item.loadTransferable(type: Data.self), !data.isEmpty else {
                actionErrorMessage = "Photo could not be loaded."
                return
            }
            let contentType = item.supportedContentTypes.first?.preferredMIMEType ?? "image/jpeg"
            let fileExtension = item.supportedContentTypes.first?.preferredFilenameExtension ?? "jpg"
            stagedPhoto = SpoonCookLogPhotoAttachment(
                localStageID: "spoon-photo-\(UUID().uuidString)",
                fileName: "spoon.\(fileExtension)",
                contentType: contentType,
                data: data
            )
            actionErrorMessage = nil
        } catch {
            actionErrorMessage = "Photo could not be loaded."
        }
    }

    @MainActor private func run(_ action: SpoonCookLogAction) {
        let plan: SpoonCookLogMutationPlan
        do {
            plan = try viewModel.plan(action)
        } catch {
            actionErrorMessage = error.localizedDescription
            return
        }
        if let blockedReason = plan.blockedReason {
            actionErrorMessage = blockedReason
            return
        }

        Task { @MainActor in
            do {
                try await actionDidPlan(plan)
                actionStatusMessage = action.successMessage
                actionErrorMessage = nil
                if case .create = action {
                    note = ""
                    nextTime = ""
                    selectedPhoto = nil
                    stagedPhoto = nil
                    useAsRecipeCover = false
                }
            } catch {
                actionErrorMessage = "Cook log change could not be saved."
            }
        }
    }

    private func clientMutationID(prefix: String) -> String {
        "\(prefix)-\(UUID().uuidString)"
    }
}

private struct SpoonCookLogEditSheet: View {
    let row: SpoonCookLogRow
    @State private var note: String
    @State private var nextTime: String
    let save: (String, String) -> Void
    let cancel: () -> Void

    init(row: SpoonCookLogRow, note: String, nextTime: String, save: @escaping (String, String) -> Void, cancel: @escaping () -> Void) {
        self.row = row
        _note = State(initialValue: note)
        _nextTime = State(initialValue: nextTime)
        self.save = save
        self.cancel = cancel
    }

    var body: some View {
        NavigationStack {
            Form {
                TextField("What changed?", text: $note, axis: .vertical)
                    .lineLimit(2...4)
                TextField("Next time", text: $nextTime, axis: .vertical)
                    .lineLimit(1...3)
            }
            .navigationTitle("Edit Cook Log")
            .toolbar {
                ToolbarItem(placement: .cancellationAction) {
                    Button("Cancel", action: cancel)
                }
                ToolbarItem(placement: .confirmationAction) {
                    Button("Save") {
                        save(note, nextTime)
                    }
                }
            }
        }
    }
}
").contains("supportedSpoonPhotoContentTypes")
✘ Test "recipe detail wires the native spoon cook-log surface" recorded an issue at SpoonCookLogSurfaceTests.swift:293:9: Expectation failed: (spoonSource → "import PhotosUI
import SpoonjoyCore
import SwiftUI

struct SpoonCookLogView: View {
    let viewModel: SpoonCookLogViewModel
    let actionDidPlan: @MainActor (SpoonCookLogMutationPlan) async throws -> Void

    @State private var note = ""
    @State private var nextTime = ""
    @State private var useAsRecipeCover = false
    @State private var selectedPhoto: PhotosPickerItem?
    @State private var stagedPhoto: SpoonCookLogPhotoAttachment?
    @State private var editingRow: SpoonCookLogRow?
    @State private var deletingRow: SpoonCookLogRow?
    @State private var actionStatusMessage: String?
    @State private var actionErrorMessage: String?

    var body: some View {
        VStack(alignment: .leading, spacing: 14) {
            header
            statusMessages
            createForm
            rows
        }
    }

    private var header: some View {
        HStack(alignment: .firstTextBaseline) {
            Text("Cook Log")
                .font(.title2)
                .foregroundStyle(KitchenTableTheme.charcoal)
            Spacer()
            if let queuedWorkSummary = viewModel.queuedWorkSummary {
                Label(queuedWorkSummary, systemImage: "clock.arrow.circlepath")
                    .font(KitchenTableTheme.uiLabel)
                    .foregroundStyle(KitchenTableTheme.brass)
            }
        }
    }

    @ViewBuilder private var statusMessages: some View {
        if viewModel.offlineIndicator.display != .synced {
            OfflineStatusView(display: viewModel.offlineIndicator.display)
        }
        if let conflictBanner = viewModel.conflictBanner {
            Label(conflictBanner.message, systemImage: "exclamationmark.arrow.triangle.2.circlepath")
                .font(KitchenTableTheme.uiLabel)
                .foregroundStyle(KitchenTableTheme.tomato)
        }
        if let actionStatusMessage {
            Label(actionStatusMessage, systemImage: "checkmark.circle")
                .font(KitchenTableTheme.uiLabel)
                .foregroundStyle(KitchenTableTheme.herb)
        }
        if let actionErrorMessage {
            Label(actionErrorMessage, systemImage: "exclamationmark.triangle")
                .font(KitchenTableTheme.uiLabel)
                .foregroundStyle(.red)
        }
    }

    private var createForm: some View {
        let hasStagedPhoto = stagedPhoto != nil
        return VStack(alignment: .leading, spacing: 10) {
            TextField("What changed?", text: $note, axis: .vertical)
                .textFieldStyle(.roundedBorder)
                .lineLimit(2...4)
            TextField("Next time", text: $nextTime, axis: .vertical)
                .textFieldStyle(.roundedBorder)
                .lineLimit(1...3)

            HStack(spacing: 12) {
                PhotosPicker(selection: $selectedPhoto, matching: .images) {
                    Label(hasStagedPhoto ? "Photo Ready" : "Add Photo", systemImage: hasStagedPhoto ? "photo" : "photo.badge.plus")
                }
                .buttonStyle(.bordered)
                .onChange(of: selectedPhoto) { _, item in
                    Task { @MainActor in
                        await loadPhoto(item)
                    }
                }

                Toggle(isOn: $useAsRecipeCover) {
                    Label("Use as cover", systemImage: "photo.on.rectangle")
                }
                .toggleStyle(.switch)
                .disabled(stagedPhoto == nil)

                Spacer()

                Button {
                    run(.create(
                        note: note,
                        nextTime: nextTime,
                        cookedAt: ISO8601DateFormatter().string(from: Date()),
                        photo: stagedPhoto,
                        photoURL: nil,
                        useAsRecipeCover: stagedPhoto != nil && useAsRecipeCover,
                        clientMutationID: clientMutationID(prefix: "spoon-create")
                    ))
                } label: {
                    Label("Log Cook", systemImage: "fork.knife")
                }
                .buttonStyle(.borderedProminent)
            }
        }
        .padding()
        .background(.background)
        .clipShape(RoundedRectangle(cornerRadius: KitchenTableTheme.Radius.panel))
    }

    @ViewBuilder private var rows: some View {
        if let emptyState = viewModel.emptyState {
            Label(emptyState.message, systemImage: emptyState.systemImage)
                .font(KitchenTableTheme.bodyNote)
                .foregroundStyle(.secondary)
                .padding()
                .frame(maxWidth: .infinity, alignment: .leading)
                .background(.background)
                .clipShape(RoundedRectangle(cornerRadius: KitchenTableTheme.Radius.panel))
        } else {
            VStack(alignment: .leading, spacing: 10) {
                ForEach(viewModel.rows) { row in
                    spoonRow(row)
                }
            }
        }
    }

    private func spoonRow(_ row: SpoonCookLogRow) -> some View {
        HStack(alignment: .top, spacing: 12) {
            RecipeCoverImage(url: row.photoURL)
                .frame(width: 76, height: 76)
                .clipShape(RoundedRectangle(cornerRadius: KitchenTableTheme.Radius.media))

            VStack(alignment: .leading, spacing: 6) {
                HStack {
                    Label(row.chefLine, systemImage: "fork.knife")
                        .font(.headline)
                        .foregroundStyle(KitchenTableTheme.charcoal)
                    Spacer()
                    Text(row.cookedAtLabel)
                        .font(KitchenTableTheme.uiLabel)
                        .foregroundStyle(.secondary)
                }
                if let note = row.note {
                    Text(note)
                        .font(KitchenTableTheme.bodyNote)
                        .foregroundStyle(.secondary)
                }
                if let nextTime = row.nextTime {
                    Label(nextTime, systemImage: "arrow.clockwise")
                        .font(KitchenTableTheme.uiLabel)
                        .foregroundStyle(KitchenTableTheme.brass)
                }
                if row.canEdit || row.canDelete {
                    HStack {
                        if row.canEdit {
                            Button {
                                editingRow = row
                                note = row.note ?? ""
                                nextTime = row.nextTime ?? ""
                            } label: {
                                Label("Edit", systemImage: "pencil")
                            }
                            .buttonStyle(.bordered)
                        }
                        if row.canDelete {
                            Button(role: .destructive) {
                                deletingRow = row
                            } label: {
                                Label("Delete", systemImage: "trash")
                            }
                            .buttonStyle(.bordered)
                        }
                    }
                }
            }
        }
        .padding()
        .background(.background)
        .clipShape(RoundedRectangle(cornerRadius: KitchenTableTheme.Radius.panel))
        .confirmationDialog(
            "Delete cook log?",
            isPresented: Binding(
                get: { deletingRow?.id == row.id },
                set: { isPresented in
                    if !isPresented {
                        deletingRow = nil
                    }
                }
            ),
            titleVisibility: .visible
        ) {
            Button("Delete Cook Log", role: .destructive) {
                run(.delete(spoonID: row.id, clientMutationID: clientMutationID(prefix: "spoon-delete")))
                deletingRow = nil
            }
            Button("Cancel", role: .cancel) {
                deletingRow = nil
            }
        } message: {
            Text("This removes your cook note from this recipe.")
        }
        .sheet(item: $editingRow) { editing in
            SpoonCookLogEditSheet(
                row: editing,
                note: note,
                nextTime: nextTime,
                save: { nextNote, nextNextTime in
                    run(.update(
                        spoonID: editing.id,
                        note: nextNote,
                        nextTime: nextNextTime,
                        cookedAt: editing.spoon.cookedAt,
                        photoURL: editing.photoURL?.absoluteString,
                        clientMutationID: clientMutationID(prefix: "spoon-update")
                    ))
                    editingRow = nil
                },
                cancel: {
                    editingRow = nil
                }
            )
        }
    }

    @MainActor private func loadPhoto(_ item: PhotosPickerItem?) async {
        guard let item else {
            stagedPhoto = nil
            return
        }
        do {
            guard let data = try await item.loadTransferable(type: Data.self), !data.isEmpty else {
                actionErrorMessage = "Photo could not be loaded."
                return
            }
            let contentType = item.supportedContentTypes.first?.preferredMIMEType ?? "image/jpeg"
            let fileExtension = item.supportedContentTypes.first?.preferredFilenameExtension ?? "jpg"
            stagedPhoto = SpoonCookLogPhotoAttachment(
                localStageID: "spoon-photo-\(UUID().uuidString)",
                fileName: "spoon.\(fileExtension)",
                contentType: contentType,
                data: data
            )
            actionErrorMessage = nil
        } catch {
            actionErrorMessage = "Photo could not be loaded."
        }
    }

    @MainActor private func run(_ action: SpoonCookLogAction) {
        let plan: SpoonCookLogMutationPlan
        do {
            plan = try viewModel.plan(action)
        } catch {
            actionErrorMessage = error.localizedDescription
            return
        }
        if let blockedReason = plan.blockedReason {
            actionErrorMessage = blockedReason
            return
        }

        Task { @MainActor in
            do {
                try await actionDidPlan(plan)
                actionStatusMessage = action.successMessage
                actionErrorMessage = nil
                if case .create = action {
                    note = ""
                    nextTime = ""
                    selectedPhoto = nil
                    stagedPhoto = nil
                    useAsRecipeCover = false
                }
            } catch {
                actionErrorMessage = "Cook log change could not be saved."
            }
        }
    }

    private func clientMutationID(prefix: String) -> String {
        "\(prefix)-\(UUID().uuidString)"
    }
}

private struct SpoonCookLogEditSheet: View {
    let row: SpoonCookLogRow
    @State private var note: String
    @State private var nextTime: String
    let save: (String, String) -> Void
    let cancel: () -> Void

    init(row: SpoonCookLogRow, note: String, nextTime: String, save: @escaping (String, String) -> Void, cancel: @escaping () -> Void) {
        self.row = row
        _note = State(initialValue: note)
        _nextTime = State(initialValue: nextTime)
        self.save = save
        self.cancel = cancel
    }

    var body: some View {
        NavigationStack {
            Form {
                TextField("What changed?", text: $note, axis: .vertical)
                    .lineLimit(2...4)
                TextField("Next time", text: $nextTime, axis: .vertical)
                    .lineLimit(1...3)
            }
            .navigationTitle("Edit Cook Log")
            .toolbar {
                ToolbarItem(placement: .cancellationAction) {
                    Button("Cancel", action: cancel)
                }
                ToolbarItem(placement: .confirmationAction) {
                    Button("Save") {
                        save(note, nextTime)
                    }
                }
            }
        }
    }
}
").contains("Unsupported photo format. Choose a JPEG, PNG, or WebP image.")
✘ Test "recipe detail wires the native spoon cook-log surface" failed after 0.003 seconds with 4 issues.
✘ Suite "Native spoon cook-log surface parity" failed after 0.003 seconds with 4 issues.
✘ Test run with 1 test in 1 suite failed after 0.003 seconds with 4 issues.
