[0/1] Planning build
Building for debugging...
[0/5] Write sources
[1/5] Write swift-version--58304C5D6DBC2206.txt
[3/6] Emitting module SpoonjoyCoreTests
[4/6] Compiling SpoonjoyCoreTests SpoonCookLogSurfaceTests.swift
/Users/arimendelow/Projects/spoonjoy-apple/Tests/SpoonjoyCoreTests/SpoonCookLogSurfaceTests.swift:258:21: error: cannot find 'SpoonCookLogDraftState' in scope
256 |             data: Data([0xFF, 0xD8])
257 |         )
258 |         let draft = SpoonCookLogDraftState(
    |                     `- error: cannot find 'SpoonCookLogDraftState' in scope
259 |             recipeID: " recipe/lemon ",
260 |             note: " Loved it. ",

/Users/arimendelow/Projects/spoonjoy-apple/Tests/SpoonjoyCoreTests/SpoonCookLogSurfaceTests.swift:275:13: error: cannot find 'SpoonCookLogDraftState' in scope
273 |
274 |         let decoded = try JSONDecoder().decode(
275 |             SpoonCookLogDraftState.self,
    |             `- error: cannot find 'SpoonCookLogDraftState' in scope
276 |             from: try JSONEncoder().encode(draft)
277 |         )

/Users/arimendelow/Projects/spoonjoy-apple/Tests/SpoonjoyCoreTests/SpoonCookLogSurfaceTests.swift:274:41: error: failed to produce diagnostic for expression; please submit a bug report (https://swift.org/contributing/#reporting-bugs)
272 |         #expect(draft.persistable?.useAsRecipeCover == true)
273 |
274 |         let decoded = try JSONDecoder().decode(
    |                                         `- error: failed to produce diagnostic for expression; please submit a bug report (https://swift.org/contributing/#reporting-bugs)
275 |             SpoonCookLogDraftState.self,
276 |             from: try JSONEncoder().encode(draft)

/Users/arimendelow/Projects/spoonjoy-apple/Tests/SpoonjoyCoreTests/SpoonCookLogSurfaceTests.swift:281:21: error: cannot find 'SpoonCookLogDraftState' in scope
279 |         #expect(decoded.stagedPhoto?.data.isEmpty == true)
280 |
281 |         let empty = SpoonCookLogDraftState(
    |                     `- error: cannot find 'SpoonCookLogDraftState' in scope
282 |             recipeID: "recipe/lemon",
283 |             note: "   ",

/Users/arimendelow/Projects/spoonjoy-apple/Tests/SpoonjoyCoreTests/SpoonCookLogSurfaceTests.swift:284:23: error: 'nil' requires a contextual type
282 |             recipeID: "recipe/lemon",
283 |             note: "   ",
284 |             nextTime: nil,
    |                       `- error: 'nil' requires a contextual type
285 |             stagedPhoto: nil,
286 |             useAsRecipeCover: true,

/Users/arimendelow/Projects/spoonjoy-apple/Tests/SpoonjoyCoreTests/SpoonCookLogSurfaceTests.swift:285:26: error: 'nil' requires a contextual type
283 |             note: "   ",
284 |             nextTime: nil,
285 |             stagedPhoto: nil,
    |                          `- error: 'nil' requires a contextual type
286 |             useAsRecipeCover: true,
287 |             updatedAt: Self.createdAt
[5/6] Compiling SpoonjoyCoreTests NativeLiveStoreTests.swift
/Users/arimendelow/Projects/spoonjoy-apple/Tests/SpoonjoyCoreTests/NativeLiveStoreTests.swift:1655:30: error: cannot find 'SpoonCookLogDraftState' in scope
1653 |             #expect(liveStore.bootstrapState.contentState.shoppingList == manualShoppingList)
1654 |
1655 |             let spoonDraft = SpoonCookLogDraftState(
     |                              `- error: cannot find 'SpoonCookLogDraftState' in scope
1656 |                 recipeID: "recipe_cached",
1657 |                 note: "Try more lemon.",

/Users/arimendelow/Projects/spoonjoy-apple/Tests/SpoonjoyCoreTests/NativeLiveStoreTests.swift:1659:30: error: 'nil' requires a contextual type
1657 |                 note: "Try more lemon.",
1658 |                 nextTime: "Less salt.",
1659 |                 stagedPhoto: nil,
     |                              `- error: 'nil' requires a contextual type
1660 |                 useAsRecipeCover: false,
1661 |                 updatedAt: Self.isoString(Self.now)
error: fatalError
