Building for debugging...
[0/5] Write sources
[1/5] Write swift-version--58304C5D6DBC2206.txt
[3/5] Emitting module SpoonjoyCoreTests
[4/5] Compiling SpoonjoyCoreTests RecipeActionParityTests.swift
[4/6] Write Objects.LinkFileList
[5/6] Linking SpoonjoyApplePackageTests
Build complete! (2.61s)
◇ Test run started.
↳ Testing Library Version: 1902
↳ Target Platform: arm64e-apple-macos14.0
◇ Suite "Native recipe action parity" started.
◇ Test "visitor recipe detail exposes fork but hides owner-only actions" started.
◇ Test "recipe detail exposes native action metadata without inventing new social surfaces" started.
◇ Test "platform navigation renders native cover controls instead of a placeholder" started.
◇ Test "online recipe actions plan exact REST mutations with offline fallbacks" started.
◇ Test "offline actions queue safe mutations and owner delete requires confirmation" started.
✔ Test "offline actions queue safe mutations and owner delete requires confirmation" passed after 0.001 seconds.
✔ Test "online recipe actions plan exact REST mutations with offline fallbacks" passed after 0.004 seconds.
✔ Test "recipe detail exposes native action metadata without inventing new social surfaces" passed after 0.004 seconds.
✔ Test "visitor recipe detail exposes fork but hides owner-only actions" passed after 0.004 seconds.
✔ Test "platform navigation renders native cover controls instead of a placeholder" passed after 0.009 seconds.
✔ Suite "Native recipe action parity" passed after 0.009 seconds.
✔ Test run with 5 tests in 1 suite passed after 0.009 seconds.
