[0/1] Planning build
Building for debugging...
[0/4] Write swift-version--58304C5D6DBC2206.txt
[2/73] Compiling SpoonjoyCore KeychainTokenVault.swift
[3/73] Compiling SpoonjoyCore NativeAuthSession.swift
[4/73] Compiling SpoonjoyCore NativeAuthSessionRepository.swift
[5/73] Compiling SpoonjoyCore OAuthPKCE.swift
[6/73] Compiling SpoonjoyCore OAuthRedirectValidator.swift
[7/73] Compiling SpoonjoyCore OAuthRequests.swift
[8/73] Compiling SpoonjoyCore OAuthResponses.swift
[9/73] Compiling SpoonjoyCore RefreshCoordinator.swift
[10/73] Compiling SpoonjoyCore APIClient.swift
[11/73] Compiling SpoonjoyCore APIEnvelope.swift
[12/73] Compiling SpoonjoyCore APIError.swift
[13/73] Compiling SpoonjoyCore APIRequestBuilder.swift
[14/73] Compiling SpoonjoyCore APIRequestSupport.swift
[15/73] Compiling SpoonjoyCore APIRetryPolicy.swift
[16/73] Compiling SpoonjoyCore APITransport.swift
[17/73] Compiling SpoonjoyCore JSONValue.swift
[18/80] Compiling SpoonjoyCore SpoonCookLogViewModel.swift
[19/80] Compiling SpoonjoyCore CaptureDraft.swift
[20/80] Compiling SpoonjoyCore CookModeProgress.swift
[21/80] Compiling SpoonjoyCore KitchenFixtureState.swift
[22/80] Compiling SpoonjoyCore SettingsState.swift
[23/80] Compiling SpoonjoyCore ShoppingListState.swift
[24/80] Compiling SpoonjoyCore DeepLinkManifest.swift
[25/80] Compiling SpoonjoyCore SecureAuthWebHandoff.swift
[26/80] Compiling SpoonjoyCore TokenVault.swift
[27/80] Compiling SpoonjoyCore NativeCacheFreshnessPolicy.swift
[28/80] Compiling SpoonjoyCore NativeCachePrefetchPolicy.swift
[29/80] Compiling SpoonjoyCore NativeDurableCache.swift
[30/80] Compiling SpoonjoyCore NativeDurableCacheStore.swift
[31/80] Compiling SpoonjoyCore NativeIndicatorDismissalStore.swift
[32/80] Compiling SpoonjoyCore NativeMediaStagingPolicy.swift
[33/80] Compiling SpoonjoyCore NativeAPIRequests.swift
[34/80] Compiling SpoonjoyCore PaginationCursor.swift
[35/80] Compiling SpoonjoyCore PublicCatalogRequests.swift
[36/80] Compiling SpoonjoyCore ShoppingListAPI.swift
[37/80] Compiling SpoonjoyCore ShoppingListRequests.swift
[38/80] Compiling SpoonjoyCore AppNavigationState.swift
[39/80] Compiling SpoonjoyCore AppRoute.swift
[40/80] Compiling SpoonjoyCore DeepLinkRouter.swift
[41/80] Emitting module SpoonjoyCore
[42/80] Compiling SpoonjoyCore DeepLinkURLBuilder.swift
[43/80] Compiling SpoonjoyCore NativeAppSnapshot.swift
[44/80] Compiling SpoonjoyCore NativeFixtureFallbackPolicy.swift
[45/80] Compiling SpoonjoyCore NativeLiveAppStore.swift
[46/80] Compiling SpoonjoyCore ScreenViewModels.swift
[47/80] Compiling SpoonjoyCore SearchState.swift
[48/80] Compiling SpoonjoyCore AuthSessionState.swift
[49/80] Compiling SpoonjoyCore InMemoryTokenVault.swift
[50/80] Compiling SpoonjoyCore NativeCapabilityMetadata.swift
[51/80] Compiling SpoonjoyCore NativeIntentAction.swift
[52/80] Compiling SpoonjoyCore ScenarioCommand.swift
[53/80] Compiling SpoonjoyCore ScenarioReport.swift
[54/80] Compiling SpoonjoyCore ScenarioVerifier.swift
[55/80] Compiling SpoonjoyCore SpotlightIndexPlan.swift
[56/80] Compiling SpoonjoyCore JSONFileStore.swift
[57/80] Compiling SpoonjoyCore RecipeCatalogViewModel.swift
[58/80] Compiling SpoonjoyCore RecipeDetailScreenViewModel.swift
[59/80] Compiling SpoonjoyCore RecipeEditorDraft.swift
[60/80] Compiling SpoonjoyCore RecipeEditorDraftChangePlanner.swift
[61/80] Compiling SpoonjoyCore RecipeEditorViewModel.swift
[62/80] Compiling SpoonjoyCore NativeSharePayload.swift
[63/80] Compiling SpoonjoyCore ShoppingSurfaceViewModel.swift
[64/80] Compiling SpoonjoyCore OfflineFreshnessIndicator.swift
[65/80] Compiling SpoonjoyCore CaptureImportViewModel.swift
[66/80] Compiling SpoonjoyCore CookbookSurfaceRepository.swift
[67/80] Compiling SpoonjoyCore CookbookSurfaceViewModel.swift
[68/80] Compiling SpoonjoyCore RecipeCoverControlsViewModel.swift
[69/80] Compiling SpoonjoyCore RecipeActionsViewModel.swift
[70/80] Compiling SpoonjoyCore RecipeCatalogRepository.swift
[71/80] Compiling SpoonjoyCore MutationQueue.swift
[72/80] Compiling SpoonjoyCore OfflineSnapshot.swift
[73/80] Compiling SpoonjoyCore SyncCheckpoint.swift
[74/80] Compiling SpoonjoyCore RecipeCookbook.swift
[75/80] Compiling SpoonjoyCore SpoonjoyCore.swift
[76/80] Compiling SpoonjoyCore NativeSyncEngine.swift
[77/80] Compiling SpoonjoyCore resource_bundle_accessor.swift
[78/83] Compiling SpoonjoyScenarioVerifier ScenarioProcessMain.swift
[79/83] Compiling SpoonjoyScenarioVerifier main.swift
[80/83] Emitting module SpoonjoyScenarioVerifier
[80/82] Linking SpoonjoyScenarioVerifier
[81/82] Applying SpoonjoyScenarioVerifier
Build of product 'SpoonjoyScenarioVerifier' complete! (3.99s)
{
  "checks" : [
    {
      "detail" : "Fixture kitchen browsing is backed by KitchenView.",
      "name" : "fixture kitchen browsing",
      "status" : "pass"
    },
    {
      "detail" : "Recipe detail renders hero, provenance, actions, ingredient receipt, cookbook spread, and method sections.",
      "name" : "recipe detail",
      "status" : "pass"
    },
    {
      "detail" : "Cook mode progress snapshots restore completed steps and current step.",
      "name" : "cook progress persistence",
      "status" : "pass"
    },
    {
      "detail" : "Shopping list checkoff uses ShoppingSurfaceViewModel and preserves receipt sections.",
      "name" : "shopping checkoff",
      "status" : "pass"
    },
    {
      "detail" : "Shopping add item plans live REST with a durable offline fallback.",
      "name" : "shopping add item",
      "status" : "pass"
    },
    {
      "detail" : "Recipe and cook surfaces can plan scaled add-to-shopping mutations.",
      "name" : "shopping add recipe ingredients",
      "status" : "pass"
    },
    {
      "detail" : "Recipe add-to-shopping only reports In List when every active ingredient name\/unit key exists.",
      "name" : "shopping recipe coverage",
      "status" : "pass"
    },
    {
      "detail" : "Destructive shopping clears require native confirmation before planning a mutation.",
      "name" : "shopping clear confirmation",
      "status" : "pass"
    },
    {
      "detail" : "Cookbook detail exposes recipe rows, native share payloads, and deep-link routes.",
      "name" : "cookbook detail",
      "status" : "pass"
    },
    {
      "detail" : "Cookbook owner tools are visible only to the owning chef and include edit, add, remove, and delete actions.",
      "name" : "cookbook owner tools",
      "status" : "pass"
    },
    {
      "detail" : "Cookbook list create plans a live REST write with a durable offline fallback.",
      "name" : "cookbook create",
      "status" : "pass"
    },
    {
      "detail" : "Cookbook rename trims titles, previews the optimistic cookbook, and keeps an offline fallback.",
      "name" : "cookbook rename",
      "status" : "pass"
    },
    {
      "detail" : "Cookbook delete requires native confirmation before producing a destructive mutation.",
      "name" : "cookbook delete",
      "status" : "pass"
    },
    {
      "detail" : "Cookbook add recipe plans live and offline association writes from native owner tools.",
      "name" : "cookbook add recipe",
      "status" : "pass"
    },
    {
      "detail" : "Cookbook remove recipe confirms before removing the association and queues safely offline.",
      "name" : "cookbook remove recipe",
      "status" : "pass"
    },
    {
      "detail" : "Kitchen surface includes lead object, recipe index, and cookbook shelf.",
      "name" : "kitchen surface source",
      "status" : "pass"
    },
    {
      "detail" : "Recipe detail surface includes required cookbook spread and receipt\/method structure.",
      "name" : "recipe detail surface source",
      "status" : "pass"
    },
    {
      "detail" : "Cook mode surface includes focused step, controls, progress, and persisted progress text.",
      "name" : "cook mode surface source",
      "status" : "pass"
    },
    {
      "detail" : "Shopping surface includes native edit mode, add\/remove\/clear controls, and ShoppingSurfaceViewModel behavior.",
      "name" : "shopping surface source",
      "status" : "pass"
    },
    {
      "detail" : "Receipt list uses native list sections, large check toggles, and swipe actions.",
      "name" : "receipt controls source",
      "status" : "pass"
    },
    {
      "detail" : "Kitchen-safe controls use large native buttons with accessibility labels.",
      "name" : "kitchen safe controls source",
      "status" : "pass"
    },
    {
      "detail" : "Platform navigation routes kitchen, live\/fallback recipe catalog, async recipe detail, async cook mode, shopping, and cookbooks.",
      "name" : "navigation surface source",
      "status" : "pass"
    },
    {
      "detail" : "Search surface includes native searchable scopes and typed result rows.",
      "name" : "search surface source",
      "status" : "pass"
    },
    {
      "detail" : "Capture surface creates native drafts and submits import-ready sources.",
      "name" : "capture surface source",
      "status" : "pass"
    },
    {
      "detail" : "Settings surface presents auth, environment, shopping permissions, and offline state.",
      "name" : "settings surface source",
      "status" : "pass"
    },
    {
      "detail" : "Offline status component presents live OfflineIndicatorDisplay states.",
      "name" : "offline status source",
      "status" : "pass"
    },
    {
      "detail" : "Platform navigation routes search, capture, settings, and import submission to real surfaces.",
      "name" : "navigation final surface source",
      "status" : "pass"
    }
  ],
  "nativeCapabilities" : {
    "appIntents" : [
      "OpenRecipeIntent",
      "StartCookModeIntent",
      "AddShoppingListItemIntent",
      "SetShoppingListItemCheckedIntent",
      "AddRecipeIngredientsToShoppingListIntent",
      "ClearCompletedShoppingItemsIntent",
      "ClearShoppingListIntent",
      "CaptureRecipeIntent"
    ],
    "associatedDomains" : [
      "applinks:spoonjoy.app"
    ],
    "deepLinkRoutes" : [
      "https:\/\/spoonjoy.app\/",
      "https:\/\/spoonjoy.app\/recipes",
      "https:\/\/spoonjoy.app\/recipes\/{id}",
      "https:\/\/spoonjoy.app\/recipes\/{id}\/edit",
      "https:\/\/spoonjoy.app\/recipes\/{id}#cook",
      "https:\/\/spoonjoy.app\/recipes\/{id}?mode=cook",
      "https:\/\/spoonjoy.app\/cookbooks",
      "https:\/\/spoonjoy.app\/cookbooks\/{id}",
      "https:\/\/spoonjoy.app\/shopping-list",
      "https:\/\/spoonjoy.app\/search?q={query}&scope={all|recipes|cookbooks|chefs|shopping-list}",
      "https:\/\/spoonjoy.app\/recipes\/new",
      "https:\/\/spoonjoy.app\/account\/settings",
      "spoonjoy:\/\/kitchen",
      "spoonjoy:\/\/recipes",
      "spoonjoy:\/\/recipes\/{id}",
      "spoonjoy:\/\/recipes\/{id}\/edit",
      "spoonjoy:\/\/recipes\/{id}\/covers",
      "spoonjoy:\/\/recipes\/{id}\/cook",
      "spoonjoy:\/\/recipes\/new\/edit",
      "spoonjoy:\/\/cookbooks",
      "spoonjoy:\/\/cookbooks\/{id}",
      "spoonjoy:\/\/shopping-list",
      "spoonjoy:\/\/search?q={query}&scope={all|recipes|cookbooks|chefs|shopping-list}",
      "spoonjoy:\/\/capture",
      "spoonjoy:\/\/settings"
    ],
    "offlineFlows" : [
      "fixture-offline-restore",
      "shopping-queue-replay",
      "cook-mode-progress-restore",
      "capture-draft-offline",
      "capture-import-offline-retry",
      "provider-secret-blocked-import"
    ],
    "searchableScopes" : [
      "all",
      "recipes",
      "cookbooks",
      "chefs",
      "shopping-list"
    ],
    "shareActions" : [
      "capture-recipe-url",
      "capture-recipe-text",
      "capture-recipe-camera",
      "capture-recipe-photo-library",
      "capture-recipe-json-ld",
      "capture-recipe-video-url",
      "recipe-import-submit",
      "share-recipe",
      "share-cookbook"
    ],
    "spotlightIndexedTypes" : [
      "recipe",
      "cookbook",
      "shopping-list-item"
    ],
    "urlSchemes" : [
      "spoonjoy"
    ]
  },
  "ok" : true,
  "stage" : "surfaces"
}
