◇ Test run started.
↳ Testing Library Version: 1902
↳ Target Platform: arm64e-apple-macos14.0
◇ Suite "Native cache schema and freshness" started.
◇ Test "native cache implementation is covered in process" started.
◇ Test "intelligent prefetch policy includes signed-in bootstrap recent surfaces and excludes online-only credential work" started.
◇ Test "corrupt cache recovery quarantines bad JSON and restores deterministic fallback without overwriting" started.
◇ Test "indicator transitions preserve queued failed conflict blocker destructive and dismissed states" started.
◇ Test "app indicator source exposes labels icons dismissal and non-dismissable severity" started.
◇ Test "media staging metadata is privacy safe and enforces exact size and count thresholds" started.
◇ Test "dismissal persistence is scoped by account environment and freshness change" started.
◇ Test "durable schema version 2 covers every Offline Product Contract domain with record metadata" started.
◇ Test "expanded native cache behavior contract is executable" started.
◇ Test "cache store rejects secret material and never serializes tokens provider secrets signed URLs or raw media paths" started.
◇ Test "freshness policy uses exact Offline Product Contract thresholds without wall clock flake" started.
✔ Test "dismissal persistence is scoped by account environment and freshness change" passed after 0.001 seconds.
✔ Test "corrupt cache recovery quarantines bad JSON and restores deterministic fallback without overwriting" passed after 0.001 seconds.
✔ Test "cache store rejects secret material and never serializes tokens provider secrets signed URLs or raw media paths" passed after 0.001 seconds.
✔ Test "intelligent prefetch policy includes signed-in bootstrap recent surfaces and excludes online-only credential work" passed after 0.002 seconds.
✔ Test "app indicator source exposes labels icons dismissal and non-dismissable severity" passed after 0.002 seconds.
✔ Test "freshness policy uses exact Offline Product Contract thresholds without wall clock flake" passed after 0.002 seconds.
✔ Test "media staging metadata is privacy safe and enforces exact size and count thresholds" passed after 0.002 seconds.
✔ Test "indicator transitions preserve queued failed conflict blocker destructive and dismissed states" passed after 0.002 seconds.
✔ Test "durable schema version 2 covers every Offline Product Contract domain with record metadata" passed after 0.006 seconds.
✔ Test "native cache implementation is covered in process" passed after 0.016 seconds.
✔ Test "expanded native cache behavior contract is executable" passed after 12.548 seconds.
✔ Suite "Native cache schema and freshness" passed after 12.548 seconds.
✔ Test run with 11 tests in 1 suite passed after 12.548 seconds.
