[0/1] Planning build
Building for debugging...
[0/6] Write swift-version--58304C5D6DBC2206.txt
[2/65] Compiling SpoonjoyCore OAuthRedirectValidator.swift
[3/65] Compiling SpoonjoyCore OAuthRequests.swift
[4/65] Compiling SpoonjoyCore OAuthResponses.swift
[5/65] Compiling SpoonjoyCore RefreshCoordinator.swift
[6/65] Compiling SpoonjoyCore SecureAuthWebHandoff.swift
[7/65] Compiling SpoonjoyCore TokenVault.swift
[8/71] Compiling SpoonjoyCore SearchState.swift
[9/71] Compiling SpoonjoyCore AuthSessionState.swift
[10/71] Compiling SpoonjoyCore InMemoryTokenVault.swift
[11/71] Compiling SpoonjoyCore KeychainTokenVault.swift
[12/71] Compiling SpoonjoyCore NativeAuthSession.swift
[13/71] Compiling SpoonjoyCore NativeAuthSessionRepository.swift
[14/71] Compiling SpoonjoyCore OAuthPKCE.swift
[15/71] Emitting module SpoonjoyCore
[16/71] Compiling SpoonjoyCore KitchenFixtureState.swift
[17/71] Compiling SpoonjoyCore SettingsState.swift
[18/71] Compiling SpoonjoyCore ShoppingListState.swift
[19/71] Compiling SpoonjoyCore DeepLinkManifest.swift
[20/71] Compiling SpoonjoyCore NativeCapabilityMetadata.swift
[21/71] Compiling SpoonjoyCore NativeIntentAction.swift
[22/71] Compiling SpoonjoyCore JSONValue.swift
[23/71] Compiling SpoonjoyCore NativeAPIRequests.swift
[24/71] Compiling SpoonjoyCore PaginationCursor.swift
[25/71] Compiling SpoonjoyCore PublicCatalogRequests.swift
[26/71] Compiling SpoonjoyCore ShoppingListAPI.swift
[27/71] Compiling SpoonjoyCore ShoppingListRequests.swift
[28/71] Compiling SpoonjoyCore AppNavigationState.swift
[29/71] Compiling SpoonjoyCore ScenarioCommand.swift
[30/71] Compiling SpoonjoyCore ScenarioReport.swift
[31/71] Compiling SpoonjoyCore ScenarioVerifier.swift
[32/71] Compiling SpoonjoyCore SpotlightIndexPlan.swift
[33/71] Compiling SpoonjoyCore JSONFileStore.swift
[34/71] Compiling SpoonjoyCore MutationQueue.swift
[35/71] Compiling SpoonjoyCore OfflineFreshnessIndicator.swift
[36/71] Compiling SpoonjoyCore RecipeCatalogRepository.swift
[37/71] Compiling SpoonjoyCore RecipeCatalogViewModel.swift
[38/71] Compiling SpoonjoyCore RecipeDetailScreenViewModel.swift
[39/71] Compiling SpoonjoyCore CaptureDraft.swift
[40/71] Compiling SpoonjoyCore CookModeProgress.swift
[41/71] Compiling SpoonjoyCore NativeCacheFreshnessPolicy.swift
[42/71] Compiling SpoonjoyCore NativeCachePrefetchPolicy.swift
[43/71] Compiling SpoonjoyCore NativeDurableCache.swift
[44/71] Compiling SpoonjoyCore NativeDurableCacheStore.swift
[45/71] Compiling SpoonjoyCore NativeIndicatorDismissalStore.swift
[46/71] Compiling SpoonjoyCore NativeMediaStagingPolicy.swift
[47/71] Compiling SpoonjoyCore APIClient.swift
[48/71] Compiling SpoonjoyCore APIEnvelope.swift
[49/71] Compiling SpoonjoyCore APIError.swift
[50/71] Compiling SpoonjoyCore APIRequestBuilder.swift
[51/71] Compiling SpoonjoyCore APIRequestSupport.swift
[52/71] Compiling SpoonjoyCore APIRetryPolicy.swift
[53/71] Compiling SpoonjoyCore APITransport.swift
[54/71] Compiling SpoonjoyCore AppRoute.swift
[55/71] Compiling SpoonjoyCore DeepLinkRouter.swift
[56/71] Compiling SpoonjoyCore DeepLinkURLBuilder.swift
[57/71] Compiling SpoonjoyCore NativeAppSnapshot.swift
[58/71] Compiling SpoonjoyCore NativeFixtureFallbackPolicy.swift
[59/71] Compiling SpoonjoyCore NativeLiveAppStore.swift
[60/71] Compiling SpoonjoyCore ScreenViewModels.swift
[61/71] Compiling SpoonjoyCore OfflineSnapshot.swift
[62/71] Compiling SpoonjoyCore SyncCheckpoint.swift
[63/71] Compiling SpoonjoyCore RecipeCookbook.swift
[64/71] Compiling SpoonjoyCore SpoonjoyCore.swift
[65/71] Compiling SpoonjoyCore NativeSyncEngine.swift
[66/71] Compiling SpoonjoyCore resource_bundle_accessor.swift
[67/93] Compiling SpoonjoyScenarioVerifier main.swift
[68/93] Emitting module SpoonjoyScenarioVerifier
[69/93] Compiling SpoonjoyScenarioVerifier ScenarioProcessMain.swift
[69/93] Write Objects.LinkFileList
[70/93] Linking SpoonjoyScenarioVerifier
[71/93] Applying SpoonjoyScenarioVerifier
[73/93] Compiling SpoonjoyCoreTests OAuthRequestTests.swift
[74/93] Compiling SpoonjoyCoreTests OfflineStoreTests.swift
[75/94] Compiling SpoonjoyCoreTests ShoppingAPIClientTests.swift
[76/94] Compiling SpoonjoyCoreTests SpoonjoyCoreBootstrapTests.swift
[77/94] Compiling SpoonjoyCoreTests DeepLinkRouterTests.swift
[78/94] Compiling SpoonjoyCoreTests KitchenStateTests.swift
[79/94] Compiling SpoonjoyCoreTests TokenRefreshTests.swift
[80/94] Compiling SpoonjoyCoreTests RecipeCatalogDetailTests.swift
[81/94] Compiling SpoonjoyCoreTests RecipeCookbookTests.swift
[82/94] Emitting module SpoonjoyCoreTests
[83/94] Compiling SpoonjoyCoreTests NativeAPIExpansionTests.swift
[84/94] Compiling SpoonjoyCoreTests NativeAuthSessionTests.swift
[85/94] Compiling SpoonjoyCoreTests APIReadClientTests.swift
[86/94] Compiling SpoonjoyCoreTests APITransportTests.swift
[87/94] Compiling SpoonjoyCoreTests NativeCacheFreshnessTests.swift
[88/94] Compiling SpoonjoyCoreTests NativeLiveStoreTests.swift
[89/94] Compiling SpoonjoyCoreTests AppStateTests.swift
[90/94] Compiling SpoonjoyCoreTests CookModeParityTests.swift
[91/94] Compiling SpoonjoyCoreTests NativeScenarioTests.swift
[92/94] Compiling SpoonjoyCoreTests NativeSyncEngineTests.swift
[93/96] Compiling SpoonjoyApplePackageTests runner.swift
[94/96] Emitting module SpoonjoyApplePackageTests
[94/96] Write Objects.LinkFileList
[95/96] Linking SpoonjoyApplePackageTests
Build complete! (14.55s)
◇ Test run started.
↳ Testing Library Version: 1902
↳ Target Platform: arm64e-apple-macos14.0
◇ Suite "Deep link router" started.
◇ Suite "Recipe and cookbook domain" started.
◇ Suite "Shopping API v1 client" started.
◇ Suite "URLSession API transport" started.
◇ Suite "Native sync engine and mutation queue" started.
◇ Suite "Offline store and mutation queue" started.
◇ Suite "Native auth session contract" started.
◇ Suite "App state and screen view models" started.
◇ Suite "Native live store and shell wiring" started.
◇ Suite "Native cache schema and freshness" started.
◇ Suite "OAuth PKCE request construction" started.
◇ Suite "SpoonjoyCore bootstrap" started.
◇ Suite "Recipe catalog and detail native parity" started.
◇ Suite "Native scenario metadata" started.
◇ Suite "Native cook mode parity" started.
◇ Suite "Token vault and refresh coordination" started.
◇ Suite "Native expanded REST v1 request builders" started.
◇ Suite "Kitchen state domain" started.
◇ Suite "Public API v1 read client" started.
◇ Test "recipe fixture decodes API v1 recipe detail shape" started.
◇ Test "recipe search summary exposes public navigation fields" started.
◇ Test "recipe validation rejects malformed public payloads" started.
◇ Test "cookbook encoding preserves the API v1 field names" started.
◇ Test "recipe steps and ingredients preserve display-safe API data" started.
◇ Test "cookbook validation rejects malformed public payloads" started.
◇ Test "recipe search summary falls back when serving text is absent" started.
◇ Test "recipe catalog returns nil for missing ids" started.
◇ Test "cookbook catalog returns nil for missing ids" started.
◇ Test "recipe summary preserves index row fields from detail recipes" started.
◇ Test "cookbook cover falls back cleanly when no images are available" started.
◇ Test "cookbook search summary uses singular recipe text" started.
◇ Test "bare and malformed 401 responses refresh and replay authenticated requests once" started.
◇ Test "cookbook fixture decodes cover, recipe summaries, and attribution" started.
◇ Test "ordinary server error envelopes preserve full API error fields" started.
◇ Test "transport preserves already encoded path segments exactly once" started.
◇ Test "URLSession native sync transport applies bootstrap data and classifies mutation HTTP failures" started.
◇ Test "cookbook search summary exposes cover-aware navigation fields" started.
◇ Test "URLSession transport builds URLRequests and decodes successful envelopes" started.
◇ Test "HTTP failure status wins over successful JSON envelopes" started.
◇ Test "recipe attribution exposes only safe source links" started.
◇ Test "recipe search summary preserves free-form serving text" started.
◇ Test "non JSON and malformed JSON failures retain status and request id context" started.
◇ Test "a second 401 after refresh is surfaced instead of looping" started.
◇ Test "transport classifies non HTTP network and retry-after edge responses" started.
◇ Test "JSON file store saves loads deletes and reports file source" started.
◇ Test "mutation queue serializes shopping mutations and rejects duplicates" started.
◇ Test "offline failures and cancellations are classified distinctly" started.
◇ Test "shopping sync cursor rejects blank values" started.
◇ Test "recipe cover source accepts every current API spelling" started.
◇ Test "manual step and ingredient initializers preserve values" started.
◇ Test "corrupt JSON recovers from fallback without overwriting the corrupt file" started.
◇ Test "malformed component and percent decode inputs stay safe" started.
◇ Test "deleted source recipes do not expose safe navigation links" started.
◇ Test "JSON file store does not fallback for filesystem read errors" started.
◇ Test "routes every accepted web and scheme URL" started.
◇ Test "offline snapshot restores shopping list checkpoint and pending mutations" started.
◇ Test "secure web handoff URLs are exact and separate from native OAuth redirects" started.
◇ Test "sync checkpoint persists trimmed durable shopping cursor" started.
◇ Test "delete item request supports header body and query idempotency" started.
◇ Test "JSON file store covers missing fallback corrupt without fallback and empty delete" started.
◇ Test "custom router configuration and route sections stay explicit" started.
◇ Test "add item request sends JSON mutation body" started.
◇ Test "JSON file store reports non-decoding parser failures as unreadable" started.
◇ Test "retry policy classifies idempotency and HTTP error responses" started.
◇ Test "mutation queue validates public construction and durable restore invariants" started.
◇ Test "401 responses refresh configuration and replay authenticated requests once" started.
◇ Test "rejects unsafe or unsupported links as unknown" started.
◇ Test "local validation matrix delegates xcodebuild classification to wrapper" started.
◇ Test "shopping list envelopes decode read sync and mutation payloads" started.
◇ Test "app bundle declares associated domains without treating custom scheme as OAuth redirect" started.
◇ Test "web authentication adapter is executable with injected session factory" started.
◇ Test "native auth implementation is covered in process" started.
◇ Test "OAuth callback contract uses universal links and rejects custom schemes" started.
◇ Test "auth files are wired into generated app targets and signed out flow" started.
◇ Test "navigation applies deep links through the shared router" started.
◇ Test "search state hydrates from search routes" started.
◇ Test "native app snapshot persists first run cook shopping capture and queued mutations" started.
◇ Test "Keychain token vault stores auth material outside general cache" started.
◇ Test "search state trims queries and exposes a route" started.
◇ Test "native auth session source defines launch callback and restoration contract" started.
◇ Test "preserves decoded search query and defaults missing scope to all" started.
◇ Test "ASWebAuthenticationSession adapter launches exact HTTPS callback route" started.
◇ Test "local validation matrix executes xcodebuild wrapper for app bundle rows" started.
◇ Test "native app snapshot covers unavailable offline no-op queue and schema errors" started.
◇ Test "live store queueMutation persists mutations through native sync store" started.
◇ Test "xcodebuild blocker wrapper classifies only local pre-parse platform faults" started.
◇ Test "navigation state tracks route sidebar recipe and cook mode" started.
◇ Test "native auth repository behavior persists client id rotates refresh tokens revokes and restores state" started.
◇ Test "core declares live app bootstrap state and repository dependencies" started.
◇ Test "live store ignores legacy unscoped app snapshot state" started.
◇ Test "route identifiers and native URLs cover every app route" started.
◇ Test "platform navigation consumes live content state and never decodes production fixtures" started.
◇ Test "native app state location is shared by app and native intents" started.
◇ Test "shell contract gate live store instead of fixture parity" started.
◇ Test "live store reports fixture fallback and queue persistence failures as sync failures" started.
◇ Test "xcodebuild blocker wrapper behavior is executable with fake xcodebuild" started.
◇ Test "scenario verifier reports live store as structured checks and capabilities" started.
◇ Test "production sources cannot silently use fixture bundles" started.
◇ Test "refresh rotation revoke logout and restoration persist through native repository" started.
◇ Test "expanded native cache behavior contract is executable" started.
◇ Test "unbound authenticated offline restore fails closed for private sync cache" started.
◇ Test "screen view models delegate to existing domain state" started.
◇ Test "sync engine bootstraps reads drains FIFO per dependency key and removes replayed mutations" started.
◇ Test "live store covers shopping merge ties signed-in settings and environment failures" started.
◇ Test "root view bootstraps through live store instead of fixture first run" started.
◇ Test "Keychain token vault persists values and surfaces security statuses" started.
◇ Test "check item request encodes item id and checked state" started.
◇ Test "register request sends dynamic client registration JSON" started.
◇ Test "environment switch clears previous environment content and applies scoped sync" started.
◇ Test "intelligent prefetch policy includes signed-in bootstrap recent surfaces and excludes online-only credential work" started.
◇ Test "live store appends mutations to matching scoped queue" started.
◇ Test "OAuth state trims and validates exact callback state" started.
◇ Test "live store queueMutation discards previous owner media queue before appending current work" started.
◇ Test "shell content exposes recipe catalog source for live and offline states" started.
◇ Test "sync engine pauses on auth failure classifies conflicts and retains the blocked queue" started.
◇ Test "token exchange refresh and revoke requests are form encoded" started.
◇ Test "app indicator source exposes labels icons dismissal and non-dismissable severity" started.
◇ Test "expired retry schedules drain and tombstone revisions preserve resource families" started.
◇ Test "live store restores only bound account cache route and Siri capture draft" started.
◇ Test "cache store rejects secret material and never serializes tokens provider secrets signed URLs or raw media paths" started.
◇ Test "file backed sync store lets scoped bootstrap discard previous owner staged media" started.
◇ Test "OAuth register and token responses decode snake case payloads" started.
◇ Test "bootstrap request and sync envelope use the private /me/sync contract" started.
◇ Test "corrupt cache recovery quarantines bad JSON and restores deterministic fallback without overwriting" started.
◇ Test "live store maps sync conflict auth retry and local queue outcomes to shell states" started.
◇ Test "production fixture fallback is an explicit test and demo only policy" started.
◇ Test "live store ignores app snapshot state from another account" started.
◇ Test "live store contract covers global search scopes and environment rebinding" started.
◇ Test "sync apply rebinds account and clears previous owner queue before replay" started.
◇ Test "scenario command errors have useful descriptions" started.
◇ Test "native cache implementation is covered in process" started.
◇ Test "scenario command rejects malformed arguments" started.
◇ Test "sync trigger coordinator starts bootstrap and drain for lifecycle network account environment and stale surface events" started.
◇ Test "durable schema version 2 covers every Offline Product Contract domain with record metadata" started.
◇ Test "signed out settings and offline indicator cover every live shell state" started.
◇ Test "dismissal persistence is scoped by account environment and freshness change" started.
◇ Test "shopping list read and sync requests require bearer auth" started.
◇ Test "PKCE verifier validation and S256 challenge match RFC vector" started.
◇ Test "recipe surfaces require feature layer wiring rather than raw fixture arrays" started.
◇ Test "detail cache restore keeps full recipe payload instead of placeholder shell" started.
◇ Test "media staging metadata is privacy safe and enforces exact size and count thresholds" started.
◇ Test "indicator transitions preserve queued failed conflict blocker destructive and dismissed states" started.
◇ Test "product name is stable" started.
◇ Test "freshness policy uses exact Offline Product Contract thresholds without wall clock flake" started.
◇ Test "scheduled retry report keeps the shortest independent retry delay" started.
◇ Test "authorize request builds browser URL and omits REST resource" started.
◇ Test "scenario command parses final stage" started.
◇ Test "sync stores expose simple queue checkpoint and unavailable errors" started.
◇ Test "redirect validator accepts app links and localhost loopback only" started.
◇ Test "bootstrap states replace content without changing severity" started.
◇ Test "live repository builds public catalog requests and maps response envelopes" started.
◇ Test "missing fixture reports file-not-found" started.
◇ Test "fixture resources are copied into test bundle" started.
◇ Test "catalog and detail view models cover blank empty and deleted-spoon states" started.
◇ Test "sync engine keeps local capture draft mutations out of remote drain" started.
◇ Test "visible repository path uses live first cached q filtering and stale detail fallback" started.
◇ Test "scenario command parses bootstrap stage and output" started.
◇ Test "retry schedule uses exact Offline Product Contract backoff with capped jitter" started.
◇ Test "signed out live store restores durable fallback content and records scoped routes" started.
◇ Test "capture draft mutations are durable local cache mutations and never build network requests" started.
◇ Test "scheduled retry timestamps are honored before replaying a dependency key" started.
◇ Test "live store refreshes auth before sync and hydrates applied sync cache" started.
◇ Test "bootstrap tombstones are recorded with checkpoint cursors" started.
◇ Test "offline mutation policy queues allowed writes and refuses online only account security and provider actions" started.
◇ Test "legacy intent shopping mutations convert into native durable queued mutations" started.
◇ Test "file backed sync store restores queue checkpoint tombstones and staged media for restart" started.
◇ Test "bootstrap report allows only future native/app checks to remain pending" started.
◇ Test "native sync checkpoints validate global and shopping cursors" started.
◇ Test "offline app snapshot restores exact cook mode progress" started.
◇ Test "sync tombstones apply to local cache records and checkpoint revisions" started.
◇ Test "catalog view model trims query loads live rows and exposes route actions" started.
◇ Test "detail screen view model exposes current web read parity without inventing comments" started.
◇ Test "retry results block the failed dependency key while independent mutations can still drain" started.
◇ Test "scoped queue save clears previous owner checkpoint records and tombstones" started.
◇ Test "file backed sync store applies records checkpoints and missing staged media errors" started.
◇ Test "sync engine applies bootstrap sync data before draining queued mutations" started.
◇ Test "view model covers empty progress navigation bounds and quantity format edges" started.
◇ Test "mutation queue and durable decode edge cases fail closed" started.
◇ Test "queued remote mutations build exact REST requests with idempotency keys and bearer auth" started.
◇ Test "start and continue cook mode preserve active step route state" started.
◇ Test "sync engine ignores previous owner checkpoint and queue on first scoped bootstrap" started.
◇ Test "refresh coordinator shares one concurrent refresh and rotates tokens atomically" started.
◇ Test "API error envelopes preserve request IDs details and retry decisions" started.
◇ Test "sync apply clears legacy unscoped snapshots before binding current account" started.
◇ Test "Siri and deep links open or continue cook mode in the correct place" started.
◇ Test "native mutation queue persists every offline product domain with durable replay metadata" started.
◇ Test "auth sessions validate, classify state, and rotate token responses" started.
◇ Test "recipe import builders preserve source variants in idempotent JSON bodies" started.
◇ Test "duration timers exist only for duration bearing steps" started.
◇ Test "scale ingredient checkoff and step output checkoff match web cook mode" started.
◇ Test "missing sessions are invalid refresh state" started.
◇ Test "token vault persists client id and sessions independently" started.
◇ Test "refresh coordinator returns valid sessions without network refresh" started.
◇ Test "disconnect invalidates every waiter on a shared in-flight refresh" started.
◇ Test "recipe cover and spoon builders cover multipart JSON and optional public list auth" started.
◇ Test "spotlight index plan covers fallback copy singular counts and uncategorized items" started.
◇ Test "public recipe detail decodes dependencies recent spoons and provenance" started.
◇ Test "legacy cook progress rehydrates against a full recipe after placeholder restore" started.
◇ Test "profile notification token and APNs mutations encode JSON or multipart bodies" started.
◇ Test "public catalog reads stay anonymous by default and carry public cache policy" started.
◇ Test "API error envelopes preserve structured details for native recovery decisions" started.
◇ Test "coverage edges preserve nullable JSON idempotency multipart and import contracts" started.
◇ Test "refresh failures preserve prior session and disconnect clears auth state" started.
◇ Test "cookbook and shopping parity builders encode idempotent bodies" started.
◇ Test "disconnect cancels in-flight refresh and prevents session resurrection" started.
◇ Test "recipe write and step builders encode idempotent JSON and delete fallback forms" started.
◇ Test "discovery and generated contract requests are anonymous exact GETs" started.
◇ Test "multipart builders reject unsafe header values and use unique boundaries" started.
◇ Test "private account sync token and APNs requests use bearer auth and exact paths" started.
◇ Test "optional public profile and search requests omit bearer by default but can include it" started.
◇ Test "scenario verifier covers root override and failing native metadata checks" started.
◇ Test "spotlight index plan builds route aware searchable documents" started.
◇ Test "final report proves search capture settings and deep link safety" started.
◇ Test "scenario command writes output and supports stdout mode" started.
◇ Test "shopping list restore matches normalized unit and moves restored rows to active tail" started.
◇ Test "verify native scenarios script gates native metadata behavior" started.
◇ Test "kitchen fixture associated values encode back to fixture shape" started.
◇ Test "native metadata report encoding is deterministic" started.
◇ Test "shopping list operations cover local create, display, grouping, and error edges" started.
◇ Test "native metadata report exposes Apple-native capabilities" started.
◇ Test "capture drafts reject empty local text" started.
◇ Test "native metadata command parses stage and output path" started.
◇ Test "surfaces report proves kitchen recipe cook and shopping slices" started.
◇ Test "kitchen fixture supports explicit fallback construction" started.
◇ Test "shopping list operations report useful errors" started.
◇ Test "native intent actions resolve routes local mutations and capture drafts" started.
◇ Test "surfaces report fails when surface sources are missing" started.
◇ Test "shopping list add or restore merges matching display items" started.
◇ Test "kitchen fixture exposes the lead food object and restore metadata" started.
◇ Test "shopping list fixture decodes receipt rows and active ordering" started.
◇ Test "surface behavioral checks fail closed for missing or throwing fixture data" started.
◇ Test "settings state describes auth environment and offline readiness" started.
◇ Test "scenario command parses surfaces stage" started.
◇ Test "shopping list checkoff and removal keep receipt ordering stable" started.
◇ Test "cook mode progress handles empty, duplicate, invalid, and stale state" started.
◇ Test "final behavioral checks fail closed for weak settings offline and link safety" started.
◇ Test "app integration sources typecheck and declare expected native types" started.
◇ Test "settings state handles signed-out local and kitchen-scope variants" started.
◇ Test "cook mode progress persists current step and completion" started.
◇ Test "capture drafts stay local until explicitly promoted" started.
◇ Test "recipe list request builds anonymous GET with query parameters" started.
◇ Test "public reads keep blank bearer tokens and blank queries out of requests" started.
◇ Test "cookbook list and detail requests share public read policy" started.
◇ Test "cookbook list data decodes summary rows without detail recipes" started.
◇ Test "success envelopes decode recipe list data and pagination metadata" started.
◇ Test "error envelopes map API errors without losing status or request id" started.
◇ Test "pagination cursor rejects blank raw values" started.
◇ Test "recipe detail request encodes path ids and omits stale bearer token by default" started.
{
  "checks" : [
    {
      "detail" : "Fixture resources are packaged.",
      "name" : "fixture bundle",
      "status" : "pass"
    },
    {
      "detail" : "Native metadata lands in Unit 10.",
      "name" : "native metadata",
      "status" : "pending"
    },
    {
      "detail" : "SwiftUI surfaces land in Units 13-16.",
      "name" : "app surfaces",
      "status" : "pending"
    }
  ],
  "nativeCapabilities" : {
    "appIntents" : [

    ],
    "associatedDomains" : [

    ],
    "deepLinkRoutes" : [

    ],
    "offlineFlows" : [
      "fixture-offline-restore"
    ],
    "searchableScopes" : [

    ],
    "shareActions" : [

    ],
    "spotlightIndexedTypes" : [

    ],
    "urlSchemes" : [

    ]
  },
  "ok" : true,
  "stage" : "bootstrap"
}
✔ Test "recipe search summary falls back when serving text is absent" passed after 0.131 seconds.
✔ Test "cookbook cover falls back cleanly when no images are available" passed after 0.133 seconds.
✔ Test "cookbook validation rejects malformed public payloads" passed after 0.133 seconds.
✔ Test "cookbook search summary uses singular recipe text" passed after 0.134 seconds.
✔ Test "recipe validation rejects malformed public payloads" passed after 0.134 seconds.
✔ Test "ordinary server error envelopes preserve full API error fields" passed after 0.134 seconds.
✔ Test "cookbook catalog returns nil for missing ids" passed after 0.134 seconds.
✔ Test "recipe fixture decodes API v1 recipe detail shape" passed after 0.135 seconds.
✔ Test "cookbook fixture decodes cover, recipe summaries, and attribution" passed after 0.134 seconds.
✔ Test "recipe search summary exposes public navigation fields" passed after 0.135 seconds.
✔ Test "cookbook search summary exposes cover-aware navigation fields" passed after 0.134 seconds.
✔ Test "HTTP failure status wins over successful JSON envelopes" passed after 0.134 seconds.
✔ Test "transport preserves already encoded path segments exactly once" passed after 0.134 seconds.
✔ Test "recipe search summary preserves free-form serving text" passed after 0.134 seconds.
✔ Test "recipe catalog returns nil for missing ids" passed after 0.135 seconds.
✔ Test "recipe summary preserves index row fields from detail recipes" passed after 0.135 seconds.
✔ Test "URLSession transport builds URLRequests and decodes successful envelopes" passed after 0.134 seconds.
✔ Test "cookbook encoding preserves the API v1 field names" passed after 0.135 seconds.
✔ Test "a second 401 after refresh is surfaced instead of looping" passed after 0.148 seconds.
✔ Test "non JSON and malformed JSON failures retain status and request id context" passed after 0.149 seconds.
✔ Test "bare and malformed 401 responses refresh and replay authenticated requests once" passed after 0.149 seconds.
✔ Test "recipe attribution exposes only safe source links" passed after 0.150 seconds.
✔ Test "recipe steps and ingredients preserve display-safe API data" passed after 0.150 seconds.
✔ Test "offline failures and cancellations are classified distinctly" passed after 0.150 seconds.
✔ Test "shopping sync cursor rejects blank values" passed after 0.150 seconds.
✔ Test "manual step and ingredient initializers preserve values" passed after 0.150 seconds.
✔ Test "malformed component and percent decode inputs stay safe" passed after 0.150 seconds.
✔ Test "deleted source recipes do not expose safe navigation links" passed after 0.151 seconds.
✔ Test "recipe cover source accepts every current API spelling" passed after 0.155 seconds.
✔ Test "routes every accepted web and scheme URL" passed after 0.155 seconds.
✔ Test "delete item request supports header body and query idempotency" passed after 0.155 seconds.
✔ Test "offline snapshot restores shopping list checkpoint and pending mutations" passed after 0.155 seconds.
✔ Test "custom router configuration and route sections stay explicit" passed after 0.155 seconds.
✔ Test "URLSession native sync transport applies bootstrap data and classifies mutation HTTP failures" passed after 0.155 seconds.
✔ Test "secure web handoff URLs are exact and separate from native OAuth redirects" passed after 0.155 seconds.
✔ Test "add item request sends JSON mutation body" passed after 0.155 seconds.
✔ Test "mutation queue serializes shopping mutations and rejects duplicates" passed after 0.155 seconds.
✔ Test "corrupt JSON recovers from fallback without overwriting the corrupt file" passed after 0.155 seconds.
✔ Test "JSON file store does not fallback for filesystem read errors" passed after 0.155 seconds.
✔ Test "401 responses refresh configuration and replay authenticated requests once" passed after 0.155 seconds.
✔ Test "JSON file store covers missing fallback corrupt without fallback and empty delete" passed after 0.155 seconds.
✔ Test "mutation queue validates public construction and durable restore invariants" passed after 0.155 seconds.
✔ Test "retry policy classifies idempotency and HTTP error responses" passed after 0.155 seconds.
✔ Test "sync checkpoint persists trimmed durable shopping cursor" passed after 0.155 seconds.
✔ Test "rejects unsafe or unsupported links as unknown" passed after 0.155 seconds.
✔ Test "JSON file store reports non-decoding parser failures as unreadable" passed after 0.155 seconds.
✔ Test "JSON file store saves loads deletes and reports file source" passed after 0.156 seconds.
✔ Test "navigation applies deep links through the shared router" passed after 0.155 seconds.
✔ Test "search state hydrates from search routes" passed after 0.155 seconds.
✔ Test "OAuth callback contract uses universal links and rejects custom schemes" passed after 0.155 seconds.
✔ Test "app bundle declares associated domains without treating custom scheme as OAuth redirect" passed after 0.155 seconds.
✔ Test "shopping list envelopes decode read sync and mutation payloads" passed after 0.156 seconds.
✔ Test "preserves decoded search query and defaults missing scope to all" passed after 0.155 seconds.
✔ Test "search state trims queries and exposes a route" passed after 0.156 seconds.
✔ Test "Keychain token vault stores auth material outside general cache" passed after 0.156 seconds.
✔ Test "transport classifies non HTTP network and retry-after edge responses" passed after 0.156 seconds.
✔ Test "navigation state tracks route sidebar recipe and cook mode" passed after 0.156 seconds.
✔ Test "native app snapshot covers unavailable offline no-op queue and schema errors" passed after 0.156 seconds.
✔ Test "native auth session source defines launch callback and restoration contract" passed after 0.156 seconds.
✔ Test "route identifiers and native URLs cover every app route" passed after 0.156 seconds.
✔ Test "local validation matrix delegates xcodebuild classification to wrapper" passed after 0.156 seconds.
✔ Test "ASWebAuthenticationSession adapter launches exact HTTPS callback route" passed after 0.156 seconds.
✔ Test "native app snapshot persists first run cook shopping capture and queued mutations" passed after 0.156 seconds.
✔ Test "native app state location is shared by app and native intents" passed after 0.156 seconds.
✔ Test "xcodebuild blocker wrapper classifies only local pre-parse platform faults" passed after 0.156 seconds.
✔ Test "platform navigation consumes live content state and never decodes production fixtures" passed after 0.156 seconds.
✔ Test "shell contract gate live store instead of fixture parity" passed after 0.156 seconds.
✔ Test "refresh rotation revoke logout and restoration persist through native repository" passed after 0.156 seconds.
✔ Test "screen view models delegate to existing domain state" passed after 0.156 seconds.
✔ Test "sync engine bootstraps reads drains FIFO per dependency key and removes replayed mutations" passed after 0.156 seconds.
✔ Test "core declares live app bootstrap state and repository dependencies" passed after 0.156 seconds.
✔ Test "check item request encodes item id and checked state" passed after 0.156 seconds.
✔ Test "Keychain token vault persists values and surfaces security statuses" passed after 0.156 seconds.
✔ Test "register request sends dynamic client registration JSON" passed after 0.156 seconds.
✔ Test "intelligent prefetch policy includes signed-in bootstrap recent surfaces and excludes online-only credential work" passed after 0.156 seconds.
✔ Test "OAuth state trims and validates exact callback state" passed after 0.156 seconds.
✔ Test "root view bootstraps through live store instead of fixture first run" passed after 0.156 seconds.
✔ Test "sync engine pauses on auth failure classifies conflicts and retains the blocked queue" passed after 0.156 seconds.
✔ Test "shell content exposes recipe catalog source for live and offline states" passed after 0.156 seconds.
✔ Test "token exchange refresh and revoke requests are form encoded" passed after 0.156 seconds.
✔ Test "expired retry schedules drain and tombstone revisions preserve resource families" passed after 0.156 seconds.
✔ Test "app indicator source exposes labels icons dismissal and non-dismissable severity" passed after 0.156 seconds.
✔ Test "cache store rejects secret material and never serializes tokens provider secrets signed URLs or raw media paths" passed after 0.156 seconds.
✔ Test "OAuth register and token responses decode snake case payloads" passed after 0.156 seconds.
✔ Test "bootstrap request and sync envelope use the private /me/sync contract" passed after 0.156 seconds.
✔ Test "corrupt cache recovery quarantines bad JSON and restores deterministic fallback without overwriting" passed after 0.156 seconds.
✔ Test "file backed sync store lets scoped bootstrap discard previous owner staged media" passed after 0.156 seconds.
✔ Test "live store contract covers global search scopes and environment rebinding" passed after 0.156 seconds.
✔ Test "scenario command errors have useful descriptions" passed after 0.156 seconds.
✔ Test "scenario verifier reports live store as structured checks and capabilities" passed after 0.156 seconds.
✔ Test "sync apply rebinds account and clears previous owner queue before replay" passed after 0.156 seconds.
✔ Test "scenario command rejects malformed arguments" passed after 0.156 seconds.
✔ Test "native cache implementation is covered in process" passed after 0.156 seconds.
✔ Test "sync trigger coordinator starts bootstrap and drain for lifecycle network account environment and stale surface events" passed after 0.156 seconds.
✔ Test "signed out settings and offline indicator cover every live shell state" passed after 0.156 seconds.
✔ Test "shopping list read and sync requests require bearer auth" passed after 0.156 seconds.
✔ Test "PKCE verifier validation and S256 challenge match RFC vector" passed after 0.156 seconds.
✔ Test "durable schema version 2 covers every Offline Product Contract domain with record metadata" passed after 0.156 seconds.
✔ Test "dismissal persistence is scoped by account environment and freshness change" passed after 0.156 seconds.
✔ Test "detail cache restore keeps full recipe payload instead of placeholder shell" passed after 0.156 seconds.
✔ Test "media staging metadata is privacy safe and enforces exact size and count thresholds" passed after 0.156 seconds.
✔ Test "indicator transitions preserve queued failed conflict blocker destructive and dismissed states" passed after 0.156 seconds.
✔ Test "product name is stable" passed after 0.156 seconds.
✔ Test "freshness policy uses exact Offline Product Contract thresholds without wall clock flake" passed after 0.156 seconds.
✔ Test "recipe surfaces require feature layer wiring rather than raw fixture arrays" passed after 0.156 seconds.
✔ Test "authorize request builds browser URL and omits REST resource" passed after 0.156 seconds.
✔ Test "scheduled retry report keeps the shortest independent retry delay" passed after 0.156 seconds.
✔ Test "redirect validator accepts app links and localhost loopback only" passed after 0.156 seconds.
✔ Test "sync stores expose simple queue checkpoint and unavailable errors" passed after 0.156 seconds.
✔ Test "bootstrap states replace content without changing severity" passed after 0.156 seconds.
✔ Test "live repository builds public catalog requests and maps response envelopes" passed after 0.156 seconds.
✔ Test "missing fixture reports file-not-found" passed after 0.156 seconds.
✔ Test "fixture resources are copied into test bundle" passed after 0.156 seconds.
✔ Test "sync engine keeps local capture draft mutations out of remote drain" passed after 0.156 seconds.
✔ Test "visible repository path uses live first cached q filtering and stale detail fallback" passed after 0.156 seconds.
✔ Test "scenario command parses bootstrap stage and output" passed after 0.156 seconds.
✔ Test "retry schedule uses exact Offline Product Contract backoff with capped jitter" passed after 0.156 seconds.
✔ Test "capture draft mutations are durable local cache mutations and never build network requests" passed after 0.156 seconds.
✔ Test "scheduled retry timestamps are honored before replaying a dependency key" passed after 0.156 seconds.
✔ Test "bootstrap tombstones are recorded with checkpoint cursors" passed after 0.156 seconds.
✔ Test "offline mutation policy queues allowed writes and refuses online only account security and provider actions" passed after 0.156 seconds.
✔ Test "legacy intent shopping mutations convert into native durable queued mutations" passed after 0.156 seconds.
✔ Test "scenario command parses final stage" passed after 0.156 seconds.
✔ Test "bootstrap report allows only future native/app checks to remain pending" passed after 0.156 seconds.
✔ Test "offline app snapshot restores exact cook mode progress" passed after 0.156 seconds.
✔ Test "native sync checkpoints validate global and shopping cursors" passed after 0.156 seconds.
✔ Test "sync tombstones apply to local cache records and checkpoint revisions" passed after 0.156 seconds.
✔ Test "detail screen view model exposes current web read parity without inventing comments" passed after 0.156 seconds.
✔ Test "retry results block the failed dependency key while independent mutations can still drain" passed after 0.156 seconds.
✔ Test "scoped queue save clears previous owner checkpoint records and tombstones" passed after 0.156 seconds.
✔ Test "file backed sync store restores queue checkpoint tombstones and staged media for restart" passed after 0.156 seconds.
✔ Test "sync engine applies bootstrap sync data before draining queued mutations" passed after 0.156 seconds.
✔ Test "view model covers empty progress navigation bounds and quantity format edges" passed after 0.156 seconds.
✔ Test "mutation queue and durable decode edge cases fail closed" passed after 0.156 seconds.
✔ Test "queued remote mutations build exact REST requests with idempotency keys and bearer auth" passed after 0.156 seconds.
✔ Test "start and continue cook mode preserve active step route state" passed after 0.156 seconds.
✔ Test "sync engine ignores previous owner checkpoint and queue on first scoped bootstrap" passed after 0.156 seconds.
✔ Test "API error envelopes preserve request IDs details and retry decisions" passed after 0.156 seconds.
✔ Test "sync apply clears legacy unscoped snapshots before binding current account" passed after 0.156 seconds.
✔ Test "Siri and deep links open or continue cook mode in the correct place" passed after 0.156 seconds.
✔ Test "production sources cannot silently use fixture bundles" passed after 0.157 seconds.
✔ Test "duration timers exist only for duration bearing steps" passed after 0.156 seconds.
✔ Test "auth sessions validate, classify state, and rotate token responses" passed after 0.156 seconds.
✔ Test "recipe import builders preserve source variants in idempotent JSON bodies" passed after 0.156 seconds.
✔ Test "scale ingredient checkoff and step output checkoff match web cook mode" passed after 0.156 seconds.
✔ Test "missing sessions are invalid refresh state" passed after 0.156 seconds.
✔ Test "token vault persists client id and sessions independently" passed after 0.156 seconds.
✔ Test "recipe cover and spoon builders cover multipart JSON and optional public list auth" passed after 0.156 seconds.
✔ Test "refresh coordinator returns valid sessions without network refresh" passed after 0.156 seconds.
✔ Test "spotlight index plan covers fallback copy singular counts and uncategorized items" passed after 0.156 seconds.
✔ Test "public recipe detail decodes dependencies recent spoons and provenance" passed after 0.156 seconds.
✔ Test "legacy cook progress rehydrates against a full recipe after placeholder restore" passed after 0.156 seconds.
✔ Test "profile notification token and APNs mutations encode JSON or multipart bodies" passed after 0.156 seconds.
✔ Test "public catalog reads stay anonymous by default and carry public cache policy" passed after 0.156 seconds.
✔ Test "API error envelopes preserve structured details for native recovery decisions" passed after 0.156 seconds.
✔ Test "native mutation queue persists every offline product domain with durable replay metadata" passed after 0.156 seconds.
✔ Test "cookbook and shopping parity builders encode idempotent bodies" passed after 0.155 seconds.
✔ Test "file backed sync store applies records checkpoints and missing staged media errors" passed after 0.156 seconds.
✔ Test "coverage edges preserve nullable JSON idempotency multipart and import contracts" passed after 0.156 seconds.
✔ Test "discovery and generated contract requests are anonymous exact GETs" passed after 0.156 seconds.
✔ Test "recipe write and step builders encode idempotent JSON and delete fallback forms" passed after 0.156 seconds.
✔ Test "multipart builders reject unsafe header values and use unique boundaries" passed after 0.156 seconds.
✔ Test "private account sync token and APNs requests use bearer auth and exact paths" passed after 0.155 seconds.
✔ Test "scenario verifier covers root override and failing native metadata checks" passed after 0.155 seconds.
✔ Test "spotlight index plan builds route aware searchable documents" passed after 0.155 seconds.
✔ Test "optional public profile and search requests omit bearer by default but can include it" passed after 0.156 seconds.
✔ Test "shopping list restore matches normalized unit and moves restored rows to active tail" passed after 0.155 seconds.
✔ Test "scenario command writes output and supports stdout mode" passed after 0.155 seconds.
✔ Test "kitchen fixture associated values encode back to fixture shape" passed after 0.155 seconds.
✔ Test "native metadata report encoding is deterministic" passed after 0.155 seconds.
✔ Test "shopping list operations cover local create, display, grouping, and error edges" passed after 0.155 seconds.
✔ Test "native metadata report exposes Apple-native capabilities" passed after 0.155 seconds.
✔ Test "capture drafts reject empty local text" passed after 0.155 seconds.
✔ Test "native metadata command parses stage and output path" passed after 0.155 seconds.
✔ Test "final report proves search capture settings and deep link safety" passed after 0.156 seconds.
✔ Test "kitchen fixture supports explicit fallback construction" passed after 0.151 seconds.
✔ Test "shopping list operations report useful errors" passed after 0.151 seconds.
✔ Test "native intent actions resolve routes local mutations and capture drafts" passed after 0.151 seconds.
✔ Test "surfaces report fails when surface sources are missing" passed after 0.151 seconds.
✔ Test "shopping list add or restore merges matching display items" passed after 0.151 seconds.
✔ Test "shopping list fixture decodes receipt rows and active ordering" passed after 0.151 seconds.
✔ Test "kitchen fixture exposes the lead food object and restore metadata" passed after 0.154 seconds.
✔ Test "surface behavioral checks fail closed for missing or throwing fixture data" passed after 0.164 seconds.
✔ Test "settings state describes auth environment and offline readiness" passed after 0.164 seconds.
✔ Test "scenario command parses surfaces stage" passed after 0.164 seconds.
✔ Test "shopping list checkoff and removal keep receipt ordering stable" passed after 0.164 seconds.
✔ Test "final behavioral checks fail closed for weak settings offline and link safety" passed after 0.164 seconds.
✔ Test "cook mode progress handles empty, duplicate, invalid, and stale state" passed after 0.164 seconds.
✔ Test "surfaces report proves kitchen recipe cook and shopping slices" passed after 0.164 seconds.
✔ Test "settings state handles signed-out local and kitchen-scope variants" passed after 0.164 seconds.
✔ Test "cook mode progress persists current step and completion" passed after 0.163 seconds.
✔ Test "capture drafts stay local until explicitly promoted" passed after 0.163 seconds.
✔ Test "recipe list request builds anonymous GET with query parameters" passed after 0.162 seconds.
✔ Test "public reads keep blank bearer tokens and blank queries out of requests" passed after 0.162 seconds.
✔ Test "cookbook list and detail requests share public read policy" passed after 0.162 seconds.
✔ Test "cookbook list data decodes summary rows without detail recipes" passed after 0.162 seconds.
✔ Test "success envelopes decode recipe list data and pagination metadata" passed after 0.161 seconds.
✔ Test "error envelopes map API errors without losing status or request id" passed after 0.161 seconds.
✔ Test "pagination cursor rejects blank raw values" passed after 0.161 seconds.
✔ Test "recipe detail request encodes path ids and omits stale bearer token by default" passed after 0.161 seconds.
✔ Test "catalog and detail view models cover blank empty and deleted-spoon states" passed after 0.176 seconds.
✔ Suite "Recipe and cookbook domain" passed after 0.197 seconds.
✔ Suite "URLSession API transport" passed after 0.198 seconds.
✔ Suite "Shopping API v1 client" passed after 0.198 seconds.
✔ Suite "Deep link router" passed after 0.198 seconds.
✔ Suite "Offline store and mutation queue" passed after 0.198 seconds.
✔ Suite "App state and screen view models" passed after 0.198 seconds.
✔ Test "native auth implementation is covered in process" passed after 0.196 seconds.
✔ Suite "Native sync engine and mutation queue" passed after 0.198 seconds.
✔ Suite "OAuth PKCE request construction" passed after 0.198 seconds.
✔ Suite "SpoonjoyCore bootstrap" passed after 0.198 seconds.
✔ Suite "Native cook mode parity" passed after 0.198 seconds.
✔ Suite "Native expanded REST v1 request builders" passed after 0.198 seconds.
✔ Test "refresh failures preserve prior session and disconnect clears auth state" passed after 0.194 seconds.
✔ Suite "Kitchen state domain" passed after 0.198 seconds.
✔ Suite "Public API v1 read client" passed after 0.198 seconds.
✔ Test "disconnect cancels in-flight refresh and prevents session resurrection" passed after 0.194 seconds.
✔ Test "refresh coordinator shares one concurrent refresh and rotates tokens atomically" passed after 0.208 seconds.
✔ Test "disconnect invalidates every waiter on a shared in-flight refresh" passed after 0.208 seconds.
✔ Suite "Token vault and refresh coordination" passed after 0.211 seconds.
✔ Test "catalog view model trims query loads live rows and exposes route actions" passed after 0.213 seconds.
✔ Suite "Recipe catalog and detail native parity" passed after 0.216 seconds.
✔ Test "live store queueMutation persists mutations through native sync store" passed after 0.215 seconds.
✔ Test "signed out live store restores durable fallback content and records scoped routes" passed after 0.280 seconds.
✔ Test "live store ignores legacy unscoped app snapshot state" passed after 0.283 seconds.
✔ Test "unbound authenticated offline restore fails closed for private sync cache" passed after 0.295 seconds.
✔ Test "live store ignores app snapshot state from another account" passed after 0.295 seconds.
✔ Test "live store restores only bound account cache route and Siri capture draft" passed after 0.296 seconds.
✔ Test "live store reports fixture fallback and queue persistence failures as sync failures" passed after 0.306 seconds.
✔ Test "live store covers shopping merge ties signed-in settings and environment failures" passed after 0.306 seconds.
✔ Test "environment switch clears previous environment content and applies scoped sync" passed after 0.306 seconds.
✔ Test "live store appends mutations to matching scoped queue" passed after 0.307 seconds.
✔ Test "live store queueMutation discards previous owner media queue before appending current work" passed after 0.308 seconds.
✔ Test "live store refreshes auth before sync and hydrates applied sync cache" passed after 0.314 seconds.
✔ Test "live store maps sync conflict auth retry and local queue outcomes to shell states" passed after 0.321 seconds.
✔ Test "auth files are wired into generated app targets and signed out flow" passed after 0.697 seconds.
✔ Test "production fixture fallback is an explicit test and demo only policy" passed after 0.807 seconds.
✔ Suite "Native live store and shell wiring" passed after 0.809 seconds.
✔ Test "app integration sources typecheck and declare expected native types" passed after 0.829 seconds.
✔ Test "xcodebuild blocker wrapper behavior is executable with fake xcodebuild" passed after 2.696 seconds.
✔ Test "local validation matrix executes xcodebuild wrapper for app bundle rows" passed after 17.085 seconds.
✔ Test "native auth repository behavior persists client id rotates refresh tokens revokes and restores state" passed after 21.942 seconds.
✔ Test "expanded native cache behavior contract is executable" passed after 22.696 seconds.
✔ Suite "Native cache schema and freshness" passed after 22.699 seconds.
✔ Test "verify native scenarios script gates native metadata behavior" passed after 22.828 seconds.
✔ Suite "Native scenario metadata" passed after 22.833 seconds.
✔ Test "web authentication adapter is executable with injected session factory" passed after 25.394 seconds.
✔ Suite "Native auth session contract" passed after 25.396 seconds.
✔ Test run with 229 tests in 19 suites passed after 25.396 seconds.
