Building for debugging...
[0/6] Write sources
[1/6] Write swift-version--58304C5D6DBC2206.txt
error: emit-module command failed with exit code 1 (use -v to see invocation)
[3/6] Emitting module SpoonjoyCoreTests
/Users/arimendelow/Projects/spoonjoy-apple/Tests/SpoonjoyCoreTests/APITransportTests.swift:418:36: error: cannot find type 'URLSessionPerforming' in scope
416 | }
417 |
418 | private actor RecordingURLSession: URLSessionPerforming {
    |                                    `- error: cannot find type 'URLSessionPerforming' in scope
419 |     private var responses: [Result<(Data, URLResponse), Error>]
420 |     private var requests: [URLRequest] = []

/Users/arimendelow/Projects/spoonjoy-apple/Tests/SpoonjoyCoreTests/APITransportTests.swift:441:49: error: cannot find type 'APIAuthenticationRefresher' in scope
439 | }
440 |
441 | private actor RecordingAuthenticationRefresher: APIAuthenticationRefresher {
    |                                                 `- error: cannot find type 'APIAuthenticationRefresher' in scope
442 |     private let refreshedConfiguration: APIClientConfiguration
443 |     private var errors: [APIError] = []
[4/6] Compiling SpoonjoyCoreTests APITransportTests.swift
/Users/arimendelow/Projects/spoonjoy-apple/Tests/SpoonjoyCoreTests/APITransportTests.swift:418:36: error: cannot find type 'URLSessionPerforming' in scope
416 | }
417 |
418 | private actor RecordingURLSession: URLSessionPerforming {
    |                                    `- error: cannot find type 'URLSessionPerforming' in scope
419 |     private var responses: [Result<(Data, URLResponse), Error>]
420 |     private var requests: [URLRequest] = []

/Users/arimendelow/Projects/spoonjoy-apple/Tests/SpoonjoyCoreTests/APITransportTests.swift:441:49: error: cannot find type 'APIAuthenticationRefresher' in scope
439 | }
440 |
441 | private actor RecordingAuthenticationRefresher: APIAuthenticationRefresher {
    |                                                 `- error: cannot find type 'APIAuthenticationRefresher' in scope
442 |     private let refreshedConfiguration: APIClientConfiguration
443 |     private var errors: [APIError] = []

/Users/arimendelow/Projects/spoonjoy-apple/Tests/SpoonjoyCoreTests/APITransportTests.swift:18:25: error: cannot find 'URLSessionAPITransport' in scope
 16 |             ]
 17 |         )
 18 |         let transport = URLSessionAPITransport(session: session)
    |                         `- error: cannot find 'URLSessionAPITransport' in scope
 19 |         let request = APIRequestBuilder(
 20 |             method: .patch,

/Users/arimendelow/Projects/spoonjoy-apple/Tests/SpoonjoyCoreTests/APITransportTests.swift:68:25: error: cannot find 'URLSessionAPITransport' in scope
 66 |             ]
 67 |         )
 68 |         let transport = URLSessionAPITransport(session: session)
    |                         `- error: cannot find 'URLSessionAPITransport' in scope
 69 |
 70 |         do {

/Users/arimendelow/Projects/spoonjoy-apple/Tests/SpoonjoyCoreTests/APITransportTests.swift:77:30: error: cannot find type 'APITransportError' in scope
 75 |             )
 76 |             Issue.record("Expected rate-limited API response to throw")
 77 |         } catch let error as APITransportError {
    |                              `- error: cannot find type 'APITransportError' in scope
 78 |             #expect(error.requestID == "req_rate_limited")
 79 |             #expect(error.retryDecision == .retrySameRequest(afterSeconds: 9))

/Users/arimendelow/Projects/spoonjoy-apple/Tests/SpoonjoyCoreTests/APITransportTests.swift:79:45: error: cannot infer contextual base in reference to member 'retrySameRequest'
 77 |         } catch let error as APITransportError {
 78 |             #expect(error.requestID == "req_rate_limited")
 79 |             #expect(error.retryDecision == .retrySameRequest(afterSeconds: 9))
    |                                             `- error: cannot infer contextual base in reference to member 'retrySameRequest'
 80 |             #expect(error.apiError == APIError(
 81 |                 requestID: "req_rate_limited",

/Users/arimendelow/Projects/spoonjoy-apple/Tests/SpoonjoyCoreTests/APITransportTests.swift:111:25: error: cannot find 'URLSessionAPITransport' in scope
109 |             ]
110 |         )
111 |         let transport = URLSessionAPITransport(session: session)
    |                         `- error: cannot find 'URLSessionAPITransport' in scope
112 |
113 |         do {

/Users/arimendelow/Projects/spoonjoy-apple/Tests/SpoonjoyCoreTests/APITransportTests.swift:120:30: error: cannot find type 'APITransportError' in scope
118 |             )
119 |             Issue.record("Expected server error envelope to throw")
120 |         } catch let error as APITransportError {
    |                              `- error: cannot find type 'APITransportError' in scope
121 |             #expect(error.requestID == "req_origin_down")
122 |             #expect(error.statusCode == 503)

/Users/arimendelow/Projects/spoonjoy-apple/Tests/SpoonjoyCoreTests/APITransportTests.swift:123:45: error: cannot infer contextual base in reference to member 'retrySameRequest'
121 |             #expect(error.requestID == "req_origin_down")
122 |             #expect(error.statusCode == 503)
123 |             #expect(error.retryDecision == .retrySameRequest(afterSeconds: nil))
    |                                             `- error: cannot infer contextual base in reference to member 'retrySameRequest'
124 |             #expect(error.apiError == APIError(
125 |                 requestID: "req_origin_down",

/Users/arimendelow/Projects/spoonjoy-apple/Tests/SpoonjoyCoreTests/APITransportTests.swift:123:76: error: 'nil' requires a contextual type
121 |             #expect(error.requestID == "req_origin_down")
122 |             #expect(error.statusCode == 503)
123 |             #expect(error.retryDecision == .retrySameRequest(afterSeconds: nil))
    |                                                                            `- error: 'nil' requires a contextual type
124 |             #expect(error.apiError == APIError(
125 |                 requestID: "req_origin_down",

/Users/arimendelow/Projects/spoonjoy-apple/Tests/SpoonjoyCoreTests/APITransportTests.swift:161:25: error: cannot find 'URLSessionAPITransport' in scope
159 |             refreshedConfiguration: Self.configuration(bearerToken: "sj_access_refreshed")
160 |         )
161 |         let transport = URLSessionAPITransport(session: session, authenticationRefresher: refresher)
    |                         `- error: cannot find 'URLSessionAPITransport' in scope
162 |
163 |         let replayedRequest = Self.privateMutationRequest()

/Users/arimendelow/Projects/spoonjoy-apple/Tests/SpoonjoyCoreTests/APITransportTests.swift:232:25: error: cannot find 'URLSessionAPITransport' in scope
230 |             refreshedConfiguration: Self.configuration(bearerToken: "sj_access_refreshed")
231 |         )
232 |         let transport = URLSessionAPITransport(session: session, authenticationRefresher: refresher)
    |                         `- error: cannot find 'URLSessionAPITransport' in scope
233 |
234 |         do {

/Users/arimendelow/Projects/spoonjoy-apple/Tests/SpoonjoyCoreTests/APITransportTests.swift:241:30: error: cannot find type 'APITransportError' in scope
239 |             )
240 |             Issue.record("Expected second unauthorized response to throw")
241 |         } catch let error as APITransportError {
    |                              `- error: cannot find type 'APITransportError' in scope
242 |             #expect(error.requestID == "req_still_invalid")
243 |             #expect(error.retryDecision == .refreshAuthentication)

/Users/arimendelow/Projects/spoonjoy-apple/Tests/SpoonjoyCoreTests/APITransportTests.swift:243:45: error: cannot infer contextual base in reference to member 'refreshAuthentication'
241 |         } catch let error as APITransportError {
242 |             #expect(error.requestID == "req_still_invalid")
243 |             #expect(error.retryDecision == .refreshAuthentication)
    |                                             `- error: cannot infer contextual base in reference to member 'refreshAuthentication'
244 |             #expect(error.apiError?.code == "invalid_token")
245 |             #expect(await session.capturedRequests().count == 2)

/Users/arimendelow/Projects/spoonjoy-apple/Tests/SpoonjoyCoreTests/APITransportTests.swift:272:27: error: cannot find 'URLSessionAPITransport' in scope
270 |
271 |         do {
272 |             _ = try await URLSessionAPITransport(session: nonJSONSession).send(
    |                           `- error: cannot find 'URLSessionAPITransport' in scope
273 |                 Self.privateReadRequest(),
274 |                 configuration: Self.configuration(bearerToken: "sj_access"),

/Users/arimendelow/Projects/spoonjoy-apple/Tests/SpoonjoyCoreTests/APITransportTests.swift:278:30: error: cannot find type 'APITransportError' in scope
276 |             )
277 |             Issue.record("Expected non-JSON response to throw")
278 |         } catch let error as APITransportError {
    |                              `- error: cannot find type 'APITransportError' in scope
279 |             #expect(error.requestID == "req_edge_html")
280 |             #expect(error.statusCode == 502)

/Users/arimendelow/Projects/spoonjoy-apple/Tests/SpoonjoyCoreTests/APITransportTests.swift:282:45: error: cannot infer contextual base in reference to member 'retrySameRequest'
280 |             #expect(error.statusCode == 502)
281 |             #expect(error.isNonJSONResponse)
282 |             #expect(error.retryDecision == .retrySameRequest(afterSeconds: nil))
    |                                             `- error: cannot infer contextual base in reference to member 'retrySameRequest'
283 |         }
284 |

/Users/arimendelow/Projects/spoonjoy-apple/Tests/SpoonjoyCoreTests/APITransportTests.swift:282:76: error: 'nil' requires a contextual type
280 |             #expect(error.statusCode == 502)
281 |             #expect(error.isNonJSONResponse)
282 |             #expect(error.retryDecision == .retrySameRequest(afterSeconds: nil))
    |                                                                            `- error: 'nil' requires a contextual type
283 |         }
284 |

/Users/arimendelow/Projects/spoonjoy-apple/Tests/SpoonjoyCoreTests/APITransportTests.swift:286:27: error: cannot find 'URLSessionAPITransport' in scope
284 |
285 |         do {
286 |             _ = try await URLSessionAPITransport(session: malformedJSONSession).send(
    |                           `- error: cannot find 'URLSessionAPITransport' in scope
287 |                 Self.privateReadRequest(),
288 |                 configuration: Self.configuration(bearerToken: "sj_access"),

/Users/arimendelow/Projects/spoonjoy-apple/Tests/SpoonjoyCoreTests/APITransportTests.swift:292:30: error: cannot find type 'APITransportError' in scope
290 |             )
291 |             Issue.record("Expected malformed JSON response to throw")
292 |         } catch let error as APITransportError {
    |                              `- error: cannot find type 'APITransportError' in scope
293 |             #expect(error.requestID == "req_bad_json")
294 |             #expect(error.statusCode == 200)

/Users/arimendelow/Projects/spoonjoy-apple/Tests/SpoonjoyCoreTests/APITransportTests.swift:296:45: error: cannot infer contextual base in reference to member 'doNotRetry'
294 |             #expect(error.statusCode == 200)
295 |             #expect(error.isMalformedJSONResponse)
296 |             #expect(error.retryDecision == .doNotRetry)
    |                                             `- error: cannot infer contextual base in reference to member 'doNotRetry'
297 |         }
298 |     }

/Users/arimendelow/Projects/spoonjoy-apple/Tests/SpoonjoyCoreTests/APITransportTests.swift:306:27: error: cannot find 'URLSessionAPITransport' in scope
304 |
305 |         do {
306 |             _ = try await URLSessionAPITransport(session: offlineSession).send(
    |                           `- error: cannot find 'URLSessionAPITransport' in scope
307 |                 Self.privateReadRequest(),
308 |                 configuration: Self.configuration(bearerToken: "sj_access"),

/Users/arimendelow/Projects/spoonjoy-apple/Tests/SpoonjoyCoreTests/APITransportTests.swift:312:30: error: cannot find type 'APITransportError' in scope
310 |             )
311 |             Issue.record("Expected offline URL error to throw")
312 |         } catch let error as APITransportError {
    |                              `- error: cannot find type 'APITransportError' in scope
313 |             #expect(error.isOffline)
314 |             #expect(error.retryDecision == .retrySameRequest(afterSeconds: nil))

/Users/arimendelow/Projects/spoonjoy-apple/Tests/SpoonjoyCoreTests/APITransportTests.swift:314:45: error: cannot infer contextual base in reference to member 'retrySameRequest'
312 |         } catch let error as APITransportError {
313 |             #expect(error.isOffline)
314 |             #expect(error.retryDecision == .retrySameRequest(afterSeconds: nil))
    |                                             `- error: cannot infer contextual base in reference to member 'retrySameRequest'
315 |             #expect(error.requestID == nil)
316 |         }

/Users/arimendelow/Projects/spoonjoy-apple/Tests/SpoonjoyCoreTests/APITransportTests.swift:314:76: error: 'nil' requires a contextual type
312 |         } catch let error as APITransportError {
313 |             #expect(error.isOffline)
314 |             #expect(error.retryDecision == .retrySameRequest(afterSeconds: nil))
    |                                                                            `- error: 'nil' requires a contextual type
315 |             #expect(error.requestID == nil)
316 |         }

/Users/arimendelow/Projects/spoonjoy-apple/Tests/SpoonjoyCoreTests/APITransportTests.swift:319:27: error: cannot find 'URLSessionAPITransport' in scope
317 |
318 |         do {
319 |             _ = try await URLSessionAPITransport(session: cancelledSession).send(
    |                           `- error: cannot find 'URLSessionAPITransport' in scope
320 |                 Self.privateReadRequest(),
321 |                 configuration: Self.configuration(bearerToken: "sj_access"),

/Users/arimendelow/Projects/spoonjoy-apple/Tests/SpoonjoyCoreTests/APITransportTests.swift:325:30: error: cannot find type 'APITransportError' in scope
323 |             )
324 |             Issue.record("Expected cancelled URL error to throw")
325 |         } catch let error as APITransportError {
    |                              `- error: cannot find type 'APITransportError' in scope
326 |             #expect(error.isCancelled)
327 |             #expect(error.retryDecision == .doNotRetry)

/Users/arimendelow/Projects/spoonjoy-apple/Tests/SpoonjoyCoreTests/APITransportTests.swift:327:45: error: cannot infer contextual base in reference to member 'doNotRetry'
325 |         } catch let error as APITransportError {
326 |             #expect(error.isCancelled)
327 |             #expect(error.retryDecision == .doNotRetry)
    |                                             `- error: cannot infer contextual base in reference to member 'doNotRetry'
328 |             #expect(error.requestID == nil)
329 |         }
error: fatalError
