Xcode 26.5
Build version 17F42
/Applications/Xcode.app/Contents/Developer
Command line invocation:
    /Applications/Xcode.app/Contents/Developer/usr/bin/xcodebuild -project Spoonjoy.xcodeproj -scheme "Spoonjoy iOS" -configuration BootstrapDebug -destination "generic/platform=iOS Simulator" CODE_SIGNING_ALLOWED=NO GCC_TREAT_WARNINGS_AS_ERRORS=YES build

Build settings from command line:
    CODE_SIGNING_ALLOWED = NO
    GCC_TREAT_WARNINGS_AS_ERRORS = YES

Resolve Package Graph


Resolved source packages:
  SpoonjoyApple: /Users/arimendelow/Projects/spoonjoy-apple @ local

ComputePackagePrebuildTargetDependencyGraph

Prepare packages

CreateBuildRequest

SendProjectDescription

CreateBuildOperation

ComputeTargetDependencyGraph
note: Building targets in dependency order
note: Target dependency graph (4 targets)
    Target 'Spoonjoy iOS' in project 'Spoonjoy'
        ➜ Explicit dependency on target 'SpoonjoyCore' in project 'SpoonjoyApple'
    Target 'SpoonjoyCore' in project 'SpoonjoyApple'
        ➜ Explicit dependency on target 'SpoonjoyCore' in project 'SpoonjoyApple'
        ➜ Explicit dependency on target 'SpoonjoyApple_SpoonjoyCore' in project 'SpoonjoyApple'
    Target 'SpoonjoyCore' in project 'SpoonjoyApple'
        ➜ Explicit dependency on target 'SpoonjoyApple_SpoonjoyCore' in project 'SpoonjoyApple'
    Target 'SpoonjoyApple_SpoonjoyCore' in project 'SpoonjoyApple' (no dependencies)

GatherProvisioningInputs

CreateBuildDescription

ExecuteExternalTool /Applications/Xcode.app/Contents/Developer/Toolchains/XcodeDefault.xctoolchain/usr/bin/clang -v -E -dM -isysroot /Applications/Xcode.app/Contents/Developer/Platforms/iPhoneSimulator.platform/Developer/SDKs/iPhoneSimulator26.5.sdk -x c -c /dev/null

ExecuteExternalTool /Applications/Xcode.app/Contents/Developer/usr/bin/actool --print-asset-tag-combinations --output-format xml1 /Users/arimendelow/Projects/spoonjoy-apple/Apps/Spoonjoy/Shared/Assets.xcassets

ExecuteExternalTool /Applications/Xcode.app/Contents/Developer/Toolchains/XcodeDefault.xctoolchain/usr/bin/swiftc --version

ExecuteExternalTool /Applications/Xcode.app/Contents/Developer/Toolchains/XcodeDefault.xctoolchain/usr/bin/ld -version_details

ExecuteExternalTool /Applications/Xcode.app/Contents/Developer/usr/bin/actool --version --output-format xml1

Build description signature: 9f85a5151c292de25c97d00c3d653ed5
Build description path: /Users/arimendelow/Library/Developer/Xcode/DerivedData/Spoonjoy-adbsilixtyfhasewikyduwzxgckv/Build/Intermediates.noindex/XCBuildData/9f85a5151c292de25c97d00c3d653ed5.xcbuilddata
ClangStatCache /Applications/Xcode.app/Contents/Developer/Toolchains/XcodeDefault.xctoolchain/usr/bin/clang-stat-cache /Applications/Xcode.app/Contents/Developer/Platforms/iPhoneSimulator.platform/Developer/SDKs/iPhoneSimulator26.5.sdk /Users/arimendelow/Library/Developer/Xcode/DerivedData/SDKStatCaches.noindex/iphonesimulator26.5-23F73-6cfe768891a92b912361537c460fe42b.sdkstatcache
    cd /Users/arimendelow/Projects/spoonjoy-apple/Spoonjoy.xcodeproj
    /Applications/Xcode.app/Contents/Developer/Toolchains/XcodeDefault.xctoolchain/usr/bin/clang-stat-cache /Applications/Xcode.app/Contents/Developer/Platforms/iPhoneSimulator.platform/Developer/SDKs/iPhoneSimulator26.5.sdk -o /Users/arimendelow/Library/Developer/Xcode/DerivedData/SDKStatCaches.noindex/iphonesimulator26.5-23F73-6cfe768891a92b912361537c460fe42b.sdkstatcache

ProcessInfoPlistFile /Users/arimendelow/Library/Developer/Xcode/DerivedData/Spoonjoy-adbsilixtyfhasewikyduwzxgckv/Build/Products/BootstrapDebug-iphonesimulator/SpoonjoyApple_SpoonjoyCore.bundle/Info.plist /Users/arimendelow/Library/Developer/Xcode/DerivedData/Spoonjoy-adbsilixtyfhasewikyduwzxgckv/Build/Intermediates.noindex/SpoonjoyApple.build/BootstrapDebug-iphonesimulator/SpoonjoyApple_SpoonjoyCore.build/empty-SpoonjoyApple_SpoonjoyCore.plist (in target 'SpoonjoyApple_SpoonjoyCore' from project 'SpoonjoyApple')
    cd /Users/arimendelow/Projects/spoonjoy-apple
    builtin-infoPlistUtility /Users/arimendelow/Library/Developer/Xcode/DerivedData/Spoonjoy-adbsilixtyfhasewikyduwzxgckv/Build/Intermediates.noindex/SpoonjoyApple.build/BootstrapDebug-iphonesimulator/SpoonjoyApple_SpoonjoyCore.build/empty-SpoonjoyApple_SpoonjoyCore.plist -producttype com.apple.product-type.bundle -expandbuildsettings -format binary -platform iphonesimulator -o /Users/arimendelow/Library/Developer/Xcode/DerivedData/Spoonjoy-adbsilixtyfhasewikyduwzxgckv/Build/Products/BootstrapDebug-iphonesimulator/SpoonjoyApple_SpoonjoyCore.bundle/Info.plist

ProcessInfoPlistFile /Users/arimendelow/Library/Developer/Xcode/DerivedData/Spoonjoy-adbsilixtyfhasewikyduwzxgckv/Build/Products/BootstrapDebug-iphonesimulator/Spoonjoy.app/Info.plist /Users/arimendelow/Projects/spoonjoy-apple/Apps/Spoonjoy/Shared/Info.plist (in target 'Spoonjoy iOS' from project 'Spoonjoy')
    cd /Users/arimendelow/Projects/spoonjoy-apple
    builtin-infoPlistUtility /Users/arimendelow/Projects/spoonjoy-apple/Apps/Spoonjoy/Shared/Info.plist -producttype com.apple.product-type.application -genpkginfo /Users/arimendelow/Library/Developer/Xcode/DerivedData/Spoonjoy-adbsilixtyfhasewikyduwzxgckv/Build/Products/BootstrapDebug-iphonesimulator/Spoonjoy.app/PkgInfo -expandbuildsettings -format binary -platform iphonesimulator -additionalcontentfile /Users/arimendelow/Library/Developer/Xcode/DerivedData/Spoonjoy-adbsilixtyfhasewikyduwzxgckv/Build/Intermediates.noindex/Spoonjoy.build/BootstrapDebug-iphonesimulator/Spoonjoy\ iOS.build/assetcatalog_generated_info.plist -scanforprivacyfile /Users/arimendelow/Library/Developer/Xcode/DerivedData/Spoonjoy-adbsilixtyfhasewikyduwzxgckv/Build/Products/BootstrapDebug-iphonesimulator/Spoonjoy.app/SpoonjoyApple_SpoonjoyCore.bundle -o /Users/arimendelow/Library/Developer/Xcode/DerivedData/Spoonjoy-adbsilixtyfhasewikyduwzxgckv/Build/Products/BootstrapDebug-iphonesimulator/Spoonjoy.app/Info.plist

CopySwiftLibs /Users/arimendelow/Library/Developer/Xcode/DerivedData/Spoonjoy-adbsilixtyfhasewikyduwzxgckv/Build/Products/BootstrapDebug-iphonesimulator/Spoonjoy.app (in target 'Spoonjoy iOS' from project 'Spoonjoy')
    cd /Users/arimendelow/Projects/spoonjoy-apple
    builtin-swiftStdLibTool --copy --verbose --scan-executable /Users/arimendelow/Library/Developer/Xcode/DerivedData/Spoonjoy-adbsilixtyfhasewikyduwzxgckv/Build/Products/BootstrapDebug-iphonesimulator/Spoonjoy.app/Spoonjoy.debug.dylib --scan-folder /Users/arimendelow/Library/Developer/Xcode/DerivedData/Spoonjoy-adbsilixtyfhasewikyduwzxgckv/Build/Products/BootstrapDebug-iphonesimulator/Spoonjoy.app/Frameworks --scan-folder /Users/arimendelow/Library/Developer/Xcode/DerivedData/Spoonjoy-adbsilixtyfhasewikyduwzxgckv/Build/Products/BootstrapDebug-iphonesimulator/Spoonjoy.app/PlugIns --scan-folder /Users/arimendelow/Library/Developer/Xcode/DerivedData/Spoonjoy-adbsilixtyfhasewikyduwzxgckv/Build/Products/BootstrapDebug-iphonesimulator/Spoonjoy.app/SystemExtensions --scan-folder /Users/arimendelow/Library/Developer/Xcode/DerivedData/Spoonjoy-adbsilixtyfhasewikyduwzxgckv/Build/Products/BootstrapDebug-iphonesimulator/Spoonjoy.app/Extensions --platform iphonesimulator --toolchain /Applications/Xcode.app/Contents/Developer/Toolchains/XcodeDefault.xctoolchain --destination /Users/arimendelow/Library/Developer/Xcode/DerivedData/Spoonjoy-adbsilixtyfhasewikyduwzxgckv/Build/Products/BootstrapDebug-iphonesimulator/Spoonjoy.app/Frameworks --strip-bitcode --strip-bitcode-tool /Applications/Xcode.app/Contents/Developer/Toolchains/XcodeDefault.xctoolchain/usr/bin/bitcode_strip --emit-dependency-info /Users/arimendelow/Library/Developer/Xcode/DerivedData/Spoonjoy-adbsilixtyfhasewikyduwzxgckv/Build/Intermediates.noindex/Spoonjoy.build/BootstrapDebug-iphonesimulator/Spoonjoy\ iOS.build/SwiftStdLibToolInputDependencies.dep --filter-for-swift-os
Ignoring --strip-bitcode because --sign was not passed

** BUILD SUCCEEDED **

