Another instance of SwiftPM (PID: 48046) is already running using '/Users/arimendelow/Projects/spoonjoy-apple/.build', waiting until that process has finished execution...Building for debugging...
[0/4] Write swift-version--58304C5D6DBC2206.txt
Build complete! (0.12s)
Test Suite 'Selected tests' started at 2026-06-27 07:39:18.830.
Test Suite 'SpoonjoyApplePackageTests.xctest' started at 2026-06-27 07:39:18.831.
Test Suite 'SpoonjoyApplePackageTests.xctest' passed at 2026-06-27 07:39:18.831.
	 Executed 0 tests, with 0 failures (0 unexpected) in 0.000 (0.000) seconds
Test Suite 'Selected tests' passed at 2026-06-27 07:39:18.831.
	 Executed 0 tests, with 0 failures (0 unexpected) in 0.000 (0.001) seconds
◇ Test run started.
↳ Testing Library Version: 1902
↳ Target Platform: arm64e-apple-macos14.0
◇ Suite "Native spoon cook-log surface parity" started.
◇ Test "cook-log view model exposes ownership empty queued and conflict states" started.
◇ Test "empty spoon create is blocked before reaching the API" started.
◇ Test "recipe detail wires the native spoon cook-log surface" started.
◇ Test "live spoon cook-log repository fetches public recipe spoons" started.
◇ Test "photo spoon actions plan multipart uploads and offline staged media" started.
◇ Test "online spoon actions plan exact REST mutations with offline fallbacks" started.
◇ Test "cook-log draft state normalizes text and persists staged photo metadata only" started.
✔ Test "empty spoon create is blocked before reaching the API" passed after 0.001 seconds.
✔ Test "live spoon cook-log repository fetches public recipe spoons" passed after 0.001 seconds.
✔ Test "photo spoon actions plan multipart uploads and offline staged media" passed after 0.001 seconds.
✔ Test "cook-log draft state normalizes text and persists staged photo metadata only" passed after 0.001 seconds.
✔ Test "recipe detail wires the native spoon cook-log surface" passed after 0.002 seconds.
✔ Test "online spoon actions plan exact REST mutations with offline fallbacks" passed after 0.004 seconds.
✔ Test "cook-log view model exposes ownership empty queued and conflict states" passed after 0.007 seconds.
✔ Suite "Native spoon cook-log surface parity" passed after 0.008 seconds.
✔ Test run with 7 tests in 1 suite passed after 0.008 seconds.
