Building for debugging...
[0/5] Write sources
[1/5] Write swift-version--58304C5D6DBC2206.txt
[3/5] Emitting module SpoonjoyCoreTests
[4/5] Compiling SpoonjoyCoreTests ChefProfileEntityTests.swift
[4/6] Write Objects.LinkFileList
[5/6] Linking SpoonjoyApplePackageTests
Build complete! (4.40s)
◇ Test run started.
↳ Testing Library Version: 1902
↳ Target Platform: arm64e-apple-macos14.0
◇ Suite "Chef profile App Entity contracts" started.
◇ Test "chef profile descriptor placeholder and unresolved intent error are user safe" started.
◇ Test "chef profile entities decode profile payload variants and graph pages" started.
◇ Test "chef profile recipe graph suggestions sort ties use fallback timestamps and require an owner" started.
◇ Test "chef profile graph page rows honor profile tombstones" started.
◇ Test "chef profile entities filter tombstoned profiles and recipe graph sources" started.
◇ Test "chef profile suggestions include graph chefs without follow feed or comment semantics" started.
◇ Test "chef profile entities filter wrong scopes reject unsafe identifiers and load stores" started.
◇ Test "chef profile entities resolve cached profiles and expose public transfer values" started.
◇ Test "chef profile entity sources exist with AppIntents contracts" started.
✔ Test "chef profile descriptor placeholder and unresolved intent error are user safe" passed after 0.001 seconds.
✔ Test "chef profile suggestions include graph chefs without follow feed or comment semantics" passed after 0.004 seconds.
✘ Test "chef profile graph page rows honor profile tombstones" recorded an issue at ChefProfileEntityTests.swift:272:9: Expectation failed: try await catalog.suggestedChefProfileEntities(limit: 10).map(\.profileID) == ["chef_ari"]
✘ Test "chef profile recipe graph suggestions sort ties use fallback timestamps and require an owner" recorded an issue at ChefProfileEntityTests.swift:466:9: Expectation failed: try await nonOwnerCatalog.suggestedChefProfileEntities(limit: 10).map(\.profileID) == ["chef_jules"]
✘ Test "chef profile recipe graph suggestions sort ties use fallback timestamps and require an owner" failed after 0.006 seconds with 1 issue.
✘ Test "chef profile graph page rows honor profile tombstones" recorded an issue at ChefProfileEntityTests.swift:273:9: Expectation failed: try await catalog.chefProfileEntities(matching: "peer").isEmpty
✔ Test "chef profile entities filter tombstoned profiles and recipe graph sources" passed after 0.007 seconds.
✔ Test "chef profile entities resolve cached profiles and expose public transfer values" passed after 0.007 seconds.
✘ Test "chef profile graph page rows honor profile tombstones" recorded an issue at ChefProfileEntityTests.swift:961:21: Issue recorded
↳ Expected ChefProfileEntityCatalogError to be thrown.
✘ Test "chef profile graph page rows honor profile tombstones" failed after 0.007 seconds with 3 issues.
✔ Test "chef profile entities decode profile payload variants and graph pages" passed after 0.008 seconds.
✔ Test "chef profile entities filter wrong scopes reject unsafe identifiers and load stores" passed after 0.011 seconds.
✔ Test "chef profile entity sources exist with AppIntents contracts" passed after 0.056 seconds.
✘ Suite "Chef profile App Entity contracts" failed after 0.057 seconds with 4 issues.
✘ Test run with 9 tests in 1 suite failed after 0.057 seconds with 4 issues.
