Building for debugging...
[0/6] Write sources
[1/6] Write swift-version--58304C5D6DBC2206.txt
error: emit-module command failed with exit code 1 (use -v to see invocation)
[3/6] Emitting module SpoonjoyCoreTests
/Users/arimendelow/Projects/spoonjoy-apple/Tests/SpoonjoyCoreTests/NativeSearchSurfaceTests.swift:373:43: error: cannot find type 'SearchSurfaceResult' in scope
371 |     }
372 | 
373 |     private static func recipeResult() -> SearchSurfaceResult {
    |                                           `- error: cannot find type 'SearchSurfaceResult' in scope
374 |         SearchSurfaceResult(
375 |             type: .recipe,

/Users/arimendelow/Projects/spoonjoy-apple/Tests/SpoonjoyCoreTests/NativeSearchSurfaceTests.swift:393:45: error: cannot find type 'SearchSurfaceResult' in scope
391 |     }
392 | 
393 |     private static func cookbookResult() -> SearchSurfaceResult {
    |                                             `- error: cannot find type 'SearchSurfaceResult' in scope
394 |         SearchSurfaceResult(
395 |             type: .cookbook,

/Users/arimendelow/Projects/spoonjoy-apple/Tests/SpoonjoyCoreTests/NativeSearchSurfaceTests.swift:410:41: error: cannot find type 'SearchSurfaceResult' in scope
408 |     }
409 | 
410 |     private static func chefResult() -> SearchSurfaceResult {
    |                                         `- error: cannot find type 'SearchSurfaceResult' in scope
411 |         SearchSurfaceResult(
412 |             type: .chef,

/Users/arimendelow/Projects/spoonjoy-apple/Tests/SpoonjoyCoreTests/NativeSearchSurfaceTests.swift:427:45: error: cannot find type 'SearchSurfaceResult' in scope
425 |     }
426 | 
427 |     private static func shoppingResult() -> SearchSurfaceResult {
    |                                             `- error: cannot find type 'SearchSurfaceResult' in scope
428 |         SearchSurfaceResult(
429 |             type: .shoppingListItem,

/Users/arimendelow/Projects/spoonjoy-apple/Tests/SpoonjoyCoreTests/NativeSearchSurfaceTests.swift:458:39: error: cannot find type 'SearchSurfaceData' in scope
456 | 
457 | private final class RecordingSearchAPITransport: SpoonjoyAPITransport, @unchecked Sendable {
458 |     private let envelope: APIEnvelope<SearchSurfaceData>
    |                                       `- error: cannot find type 'SearchSurfaceData' in scope
459 |     private(set) var requests: [RecordedSearchRequest] = []
460 | 

/Users/arimendelow/Projects/spoonjoy-apple/Tests/SpoonjoyCoreTests/NativeSearchSurfaceTests.swift:461:32: error: cannot find type 'SearchSurfaceData' in scope
459 |     private(set) var requests: [RecordedSearchRequest] = []
460 | 
461 |     init(envelope: APIEnvelope<SearchSurfaceData>) {
    |                                `- error: cannot find type 'SearchSurfaceData' in scope
462 |         self.envelope = envelope
463 |     }

/Users/arimendelow/Projects/spoonjoy-apple/Tests/SpoonjoyCoreTests/NativeSearchSurfaceTests.swift:484:24: error: cannot find type 'SearchSurfacePage' in scope
482 | 
483 | private struct StubSearchSurfaceRepository: SearchSurfaceRepository {
484 |     let result: Result<SearchSurfacePage, SearchSurfaceRepositoryError>
    |                        `- error: cannot find type 'SearchSurfacePage' in scope
485 | 
486 |     func search(request _: SearchSurfaceRequest) async throws -> SearchSurfacePage {

/Users/arimendelow/Projects/spoonjoy-apple/Tests/SpoonjoyCoreTests/NativeSearchSurfaceTests.swift:486:66: error: cannot find type 'SearchSurfacePage' in scope
484 |     let result: Result<SearchSurfacePage, SearchSurfaceRepositoryError>
485 | 
486 |     func search(request _: SearchSurfaceRequest) async throws -> SearchSurfacePage {
    |                                                                  `- error: cannot find type 'SearchSurfacePage' in scope
487 |         try result.get()
488 |     }

/Users/arimendelow/Projects/spoonjoy-apple/Tests/SpoonjoyCoreTests/NativeSearchSurfaceTests.swift:486:28: error: cannot find type 'SearchSurfaceRequest' in scope
484 |     let result: Result<SearchSurfacePage, SearchSurfaceRepositoryError>
485 | 
486 |     func search(request _: SearchSurfaceRequest) async throws -> SearchSurfacePage {
    |                            `- error: cannot find type 'SearchSurfaceRequest' in scope
487 |         try result.get()
488 |     }

/Users/arimendelow/Projects/spoonjoy-apple/Tests/SpoonjoyCoreTests/NativeSearchSurfaceTests.swift:490:56: error: cannot find type 'SearchSurfaceRecentQuery' in scope
488 |     }
489 | 
490 |     func recentSearches(limit _: Int) async throws -> [SearchSurfaceRecentQuery] {
    |                                                        `- error: cannot find type 'SearchSurfaceRecentQuery' in scope
491 |         []
492 |     }

/Users/arimendelow/Projects/spoonjoy-apple/Tests/SpoonjoyCoreTests/NativeSearchSurfaceTests.swift:483:45: error: cannot find type 'SearchSurfaceRepository' in scope
481 | }
482 | 
483 | private struct StubSearchSurfaceRepository: SearchSurfaceRepository {
    |                                             `- error: cannot find type 'SearchSurfaceRepository' in scope
484 |     let result: Result<SearchSurfacePage, SearchSurfaceRepositoryError>
485 | 
[4/6] Compiling SpoonjoyCoreTests NativeSearchSurfaceTests.swift
/Users/arimendelow/Projects/spoonjoy-apple/Tests/SpoonjoyCoreTests/NativeSearchSurfaceTests.swift:373:43: error: cannot find type 'SearchSurfaceResult' in scope
371 |     }
372 | 
373 |     private static func recipeResult() -> SearchSurfaceResult {
    |                                           `- error: cannot find type 'SearchSurfaceResult' in scope
374 |         SearchSurfaceResult(
375 |             type: .recipe,

/Users/arimendelow/Projects/spoonjoy-apple/Tests/SpoonjoyCoreTests/NativeSearchSurfaceTests.swift:393:45: error: cannot find type 'SearchSurfaceResult' in scope
391 |     }
392 | 
393 |     private static func cookbookResult() -> SearchSurfaceResult {
    |                                             `- error: cannot find type 'SearchSurfaceResult' in scope
394 |         SearchSurfaceResult(
395 |             type: .cookbook,

/Users/arimendelow/Projects/spoonjoy-apple/Tests/SpoonjoyCoreTests/NativeSearchSurfaceTests.swift:410:41: error: cannot find type 'SearchSurfaceResult' in scope
408 |     }
409 | 
410 |     private static func chefResult() -> SearchSurfaceResult {
    |                                         `- error: cannot find type 'SearchSurfaceResult' in scope
411 |         SearchSurfaceResult(
412 |             type: .chef,

/Users/arimendelow/Projects/spoonjoy-apple/Tests/SpoonjoyCoreTests/NativeSearchSurfaceTests.swift:427:45: error: cannot find type 'SearchSurfaceResult' in scope
425 |     }
426 | 
427 |     private static func shoppingResult() -> SearchSurfaceResult {
    |                                             `- error: cannot find type 'SearchSurfaceResult' in scope
428 |         SearchSurfaceResult(
429 |             type: .shoppingListItem,

/Users/arimendelow/Projects/spoonjoy-apple/Tests/SpoonjoyCoreTests/NativeSearchSurfaceTests.swift:458:39: error: cannot find type 'SearchSurfaceData' in scope
456 | 
457 | private final class RecordingSearchAPITransport: SpoonjoyAPITransport, @unchecked Sendable {
458 |     private let envelope: APIEnvelope<SearchSurfaceData>
    |                                       `- error: cannot find type 'SearchSurfaceData' in scope
459 |     private(set) var requests: [RecordedSearchRequest] = []
460 | 

/Users/arimendelow/Projects/spoonjoy-apple/Tests/SpoonjoyCoreTests/NativeSearchSurfaceTests.swift:461:32: error: cannot find type 'SearchSurfaceData' in scope
459 |     private(set) var requests: [RecordedSearchRequest] = []
460 | 
461 |     init(envelope: APIEnvelope<SearchSurfaceData>) {
    |                                `- error: cannot find type 'SearchSurfaceData' in scope
462 |         self.envelope = envelope
463 |     }

/Users/arimendelow/Projects/spoonjoy-apple/Tests/SpoonjoyCoreTests/NativeSearchSurfaceTests.swift:484:24: error: cannot find type 'SearchSurfacePage' in scope
482 | 
483 | private struct StubSearchSurfaceRepository: SearchSurfaceRepository {
484 |     let result: Result<SearchSurfacePage, SearchSurfaceRepositoryError>
    |                        `- error: cannot find type 'SearchSurfacePage' in scope
485 | 
486 |     func search(request _: SearchSurfaceRequest) async throws -> SearchSurfacePage {

/Users/arimendelow/Projects/spoonjoy-apple/Tests/SpoonjoyCoreTests/NativeSearchSurfaceTests.swift:486:66: error: cannot find type 'SearchSurfacePage' in scope
484 |     let result: Result<SearchSurfacePage, SearchSurfaceRepositoryError>
485 | 
486 |     func search(request _: SearchSurfaceRequest) async throws -> SearchSurfacePage {
    |                                                                  `- error: cannot find type 'SearchSurfacePage' in scope
487 |         try result.get()
488 |     }

/Users/arimendelow/Projects/spoonjoy-apple/Tests/SpoonjoyCoreTests/NativeSearchSurfaceTests.swift:486:28: error: cannot find type 'SearchSurfaceRequest' in scope
484 |     let result: Result<SearchSurfacePage, SearchSurfaceRepositoryError>
485 | 
486 |     func search(request _: SearchSurfaceRequest) async throws -> SearchSurfacePage {
    |                            `- error: cannot find type 'SearchSurfaceRequest' in scope
487 |         try result.get()
488 |     }

/Users/arimendelow/Projects/spoonjoy-apple/Tests/SpoonjoyCoreTests/NativeSearchSurfaceTests.swift:490:56: error: cannot find type 'SearchSurfaceRecentQuery' in scope
488 |     }
489 | 
490 |     func recentSearches(limit _: Int) async throws -> [SearchSurfaceRecentQuery] {
    |                                                        `- error: cannot find type 'SearchSurfaceRecentQuery' in scope
491 |         []
492 |     }

/Users/arimendelow/Projects/spoonjoy-apple/Tests/SpoonjoyCoreTests/NativeSearchSurfaceTests.swift:483:45: error: cannot find type 'SearchSurfaceRepository' in scope
481 | }
482 | 
483 | private struct StubSearchSurfaceRepository: SearchSurfaceRepository {
    |                                             `- error: cannot find type 'SearchSurfaceRepository' in scope
484 |     let result: Result<SearchSurfacePage, SearchSurfaceRepositoryError>
485 | 

/Users/arimendelow/Projects/spoonjoy-apple/Tests/SpoonjoyCoreTests/NativeSearchSurfaceTests.swift:112:27: error: cannot find 'SearchSurfaceData' in scope
110 |     @MainActor
111 |     func liveSearchRepositoryUsesAPIV1SearchAndGatesPrivateShoppingListResults() async throws {
112 |         let privateData = SearchSurfaceData(
    |                           `- error: cannot find 'SearchSurfaceData' in scope
113 |             query: "tomato",
114 |             scope: .shoppingList,

/Users/arimendelow/Projects/spoonjoy-apple/Tests/SpoonjoyCoreTests/NativeSearchSurfaceTests.swift:114:21: error: cannot infer contextual base in reference to member 'shoppingList'
112 |         let privateData = SearchSurfaceData(
113 |             query: "tomato",
114 |             scope: .shoppingList,
    |                     `- error: cannot infer contextual base in reference to member 'shoppingList'
115 |             limit: 12,
116 |             isAuthenticated: true,

/Users/arimendelow/Projects/spoonjoy-apple/Tests/SpoonjoyCoreTests/NativeSearchSurfaceTests.swift:120:33: error: cannot find 'LiveSearchSurfaceRepository' in scope
118 |         )
119 |         let privateTransport = RecordingSearchAPITransport(envelope: APIEnvelope(requestID: "req_search_private", data: privateData))
120 |         let privateRepository = LiveSearchSurfaceRepository(
    |                                 `- error: cannot find 'LiveSearchSurfaceRepository' in scope
121 |             transport: privateTransport,
122 |             configuration: Self.configuration,

/Users/arimendelow/Projects/spoonjoy-apple/Tests/SpoonjoyCoreTests/NativeSearchSurfaceTests.swift:123:22: error: cannot find 'SearchSurfaceContext' in scope
121 |             transport: privateTransport,
122 |             configuration: Self.configuration,
123 |             context: SearchSurfaceContext(isAuthenticated: true, canReadShoppingList: true),
    |                      `- error: cannot find 'SearchSurfaceContext' in scope
124 |             now: { Self.now }
125 |         )

/Users/arimendelow/Projects/spoonjoy-apple/Tests/SpoonjoyCoreTests/NativeSearchSurfaceTests.swift:128:22: error: cannot find 'SearchSurfaceRequest' in scope
126 | 
127 |         let page = try await privateRepository.search(
128 |             request: SearchSurfaceRequest(query: "  tomato  ", scope: .shoppingList, limit: 12)
    |                      `- error: cannot find 'SearchSurfaceRequest' in scope
129 |         )
130 | 

/Users/arimendelow/Projects/spoonjoy-apple/Tests/SpoonjoyCoreTests/NativeSearchSurfaceTests.swift:128:72: error: cannot infer contextual base in reference to member 'shoppingList'
126 | 
127 |         let page = try await privateRepository.search(
128 |             request: SearchSurfaceRequest(query: "  tomato  ", scope: .shoppingList, limit: 12)
    |                                                                        `- error: cannot infer contextual base in reference to member 'shoppingList'
129 |         )
130 | 

/Users/arimendelow/Projects/spoonjoy-apple/Tests/SpoonjoyCoreTests/NativeSearchSurfaceTests.swift:132:32: error: cannot infer contextual base in reference to member 'shoppingList'
130 | 
131 |         #expect(page.query == "tomato")
132 |         #expect(page.scope == .shoppingList)
    |                                `- error: cannot infer contextual base in reference to member 'shoppingList'
133 |         #expect(page.limit == 12)
134 |         #expect(page.isAuthenticated)

/Users/arimendelow/Projects/spoonjoy-apple/Tests/SpoonjoyCoreTests/NativeSearchSurfaceTests.swift:135:34: error: cannot infer key path type from context; consider explicitly specifying a root type
133 |         #expect(page.limit == 12)
134 |         #expect(page.isAuthenticated)
135 |         #expect(page.results.map(\.id) == ["item_tomato_paste"])
    |                                  `- error: cannot infer key path type from context; consider explicitly specifying a root type
136 |         #expect(page.results.first?.type == .shoppingListItem)
137 |         #expect(page.results.first?.openRoute == .shoppingList)

/Users/arimendelow/Projects/spoonjoy-apple/Tests/SpoonjoyCoreTests/NativeSearchSurfaceTests.swift:138:33: error: cannot infer contextual base in reference to member 'live'
136 |         #expect(page.results.first?.type == .shoppingListItem)
137 |         #expect(page.results.first?.openRoute == .shoppingList)
138 |         #expect(page.source == .live(requestID: "req_search_private", validatedAt: Self.now))
    |                                 `- error: cannot infer contextual base in reference to member 'live'
139 |         #expect(privateTransport.requests == [
140 |             RecordedSearchRequest(

/Users/arimendelow/Projects/spoonjoy-apple/Tests/SpoonjoyCoreTests/NativeSearchSurfaceTests.swift:154:78: error: cannot find type 'SearchSurfaceResult' in scope
152 |         ])
153 | 
154 |         let scopeSpecs: [(scope: SearchScope, expectedScope: String, result: SearchSurfaceResult, authorizationPolicy: APIAuthorizationPolicy, authorization: String?, responseCachePolicy: APIResponseCachePolicy?)] = [
    |                                                                              `- error: cannot find type 'SearchSurfaceResult' in scope
155 |             (.all, "all", Self.recipeResult(), .includeBearerToken, "Bearer sj_private_token", .privateNoStore),
156 |             (.recipes, "recipes", Self.recipeResult(), .omit, nil, .publicCache(maxAgeSeconds: 60, staleWhileRevalidateSeconds: 300)),

/Users/arimendelow/Projects/spoonjoy-apple/Tests/SpoonjoyCoreTests/NativeSearchSurfaceTests.swift:155:15: error: cannot infer contextual base in reference to member 'all'
153 | 
154 |         let scopeSpecs: [(scope: SearchScope, expectedScope: String, result: SearchSurfaceResult, authorizationPolicy: APIAuthorizationPolicy, authorization: String?, responseCachePolicy: APIResponseCachePolicy?)] = [
155 |             (.all, "all", Self.recipeResult(), .includeBearerToken, "Bearer sj_private_token", .privateNoStore),
    |               `- error: cannot infer contextual base in reference to member 'all'
156 |             (.recipes, "recipes", Self.recipeResult(), .omit, nil, .publicCache(maxAgeSeconds: 60, staleWhileRevalidateSeconds: 300)),
157 |             (.cookbooks, "cookbooks", Self.cookbookResult(), .omit, nil, .publicCache(maxAgeSeconds: 60, staleWhileRevalidateSeconds: 300)),

/Users/arimendelow/Projects/spoonjoy-apple/Tests/SpoonjoyCoreTests/NativeSearchSurfaceTests.swift:155:49: error: cannot infer contextual base in reference to member 'includeBearerToken'
153 | 
154 |         let scopeSpecs: [(scope: SearchScope, expectedScope: String, result: SearchSurfaceResult, authorizationPolicy: APIAuthorizationPolicy, authorization: String?, responseCachePolicy: APIResponseCachePolicy?)] = [
155 |             (.all, "all", Self.recipeResult(), .includeBearerToken, "Bearer sj_private_token", .privateNoStore),
    |                                                 `- error: cannot infer contextual base in reference to member 'includeBearerToken'
156 |             (.recipes, "recipes", Self.recipeResult(), .omit, nil, .publicCache(maxAgeSeconds: 60, staleWhileRevalidateSeconds: 300)),
157 |             (.cookbooks, "cookbooks", Self.cookbookResult(), .omit, nil, .publicCache(maxAgeSeconds: 60, staleWhileRevalidateSeconds: 300)),

/Users/arimendelow/Projects/spoonjoy-apple/Tests/SpoonjoyCoreTests/NativeSearchSurfaceTests.swift:155:97: error: cannot infer contextual base in reference to member 'privateNoStore'
153 | 
154 |         let scopeSpecs: [(scope: SearchScope, expectedScope: String, result: SearchSurfaceResult, authorizationPolicy: APIAuthorizationPolicy, authorization: String?, responseCachePolicy: APIResponseCachePolicy?)] = [
155 |             (.all, "all", Self.recipeResult(), .includeBearerToken, "Bearer sj_private_token", .privateNoStore),
    |                                                                                                 `- error: cannot infer contextual base in reference to member 'privateNoStore'
156 |             (.recipes, "recipes", Self.recipeResult(), .omit, nil, .publicCache(maxAgeSeconds: 60, staleWhileRevalidateSeconds: 300)),
157 |             (.cookbooks, "cookbooks", Self.cookbookResult(), .omit, nil, .publicCache(maxAgeSeconds: 60, staleWhileRevalidateSeconds: 300)),

/Users/arimendelow/Projects/spoonjoy-apple/Tests/SpoonjoyCoreTests/NativeSearchSurfaceTests.swift:156:15: error: cannot infer contextual base in reference to member 'recipes'
154 |         let scopeSpecs: [(scope: SearchScope, expectedScope: String, result: SearchSurfaceResult, authorizationPolicy: APIAuthorizationPolicy, authorization: String?, responseCachePolicy: APIResponseCachePolicy?)] = [
155 |             (.all, "all", Self.recipeResult(), .includeBearerToken, "Bearer sj_private_token", .privateNoStore),
156 |             (.recipes, "recipes", Self.recipeResult(), .omit, nil, .publicCache(maxAgeSeconds: 60, staleWhileRevalidateSeconds: 300)),
    |               `- error: cannot infer contextual base in reference to member 'recipes'
157 |             (.cookbooks, "cookbooks", Self.cookbookResult(), .omit, nil, .publicCache(maxAgeSeconds: 60, staleWhileRevalidateSeconds: 300)),
158 |             (.chefs, "chefs", Self.chefResult(), .omit, nil, .publicCache(maxAgeSeconds: 60, staleWhileRevalidateSeconds: 300))

/Users/arimendelow/Projects/spoonjoy-apple/Tests/SpoonjoyCoreTests/NativeSearchSurfaceTests.swift:156:57: error: cannot infer contextual base in reference to member 'omit'
154 |         let scopeSpecs: [(scope: SearchScope, expectedScope: String, result: SearchSurfaceResult, authorizationPolicy: APIAuthorizationPolicy, authorization: String?, responseCachePolicy: APIResponseCachePolicy?)] = [
155 |             (.all, "all", Self.recipeResult(), .includeBearerToken, "Bearer sj_private_token", .privateNoStore),
156 |             (.recipes, "recipes", Self.recipeResult(), .omit, nil, .publicCache(maxAgeSeconds: 60, staleWhileRevalidateSeconds: 300)),
    |                                                         `- error: cannot infer contextual base in reference to member 'omit'
157 |             (.cookbooks, "cookbooks", Self.cookbookResult(), .omit, nil, .publicCache(maxAgeSeconds: 60, staleWhileRevalidateSeconds: 300)),
158 |             (.chefs, "chefs", Self.chefResult(), .omit, nil, .publicCache(maxAgeSeconds: 60, staleWhileRevalidateSeconds: 300))

/Users/arimendelow/Projects/spoonjoy-apple/Tests/SpoonjoyCoreTests/NativeSearchSurfaceTests.swift:156:63: error: 'nil' requires a contextual type
154 |         let scopeSpecs: [(scope: SearchScope, expectedScope: String, result: SearchSurfaceResult, authorizationPolicy: APIAuthorizationPolicy, authorization: String?, responseCachePolicy: APIResponseCachePolicy?)] = [
155 |             (.all, "all", Self.recipeResult(), .includeBearerToken, "Bearer sj_private_token", .privateNoStore),
156 |             (.recipes, "recipes", Self.recipeResult(), .omit, nil, .publicCache(maxAgeSeconds: 60, staleWhileRevalidateSeconds: 300)),
    |                                                               `- error: 'nil' requires a contextual type
157 |             (.cookbooks, "cookbooks", Self.cookbookResult(), .omit, nil, .publicCache(maxAgeSeconds: 60, staleWhileRevalidateSeconds: 300)),
158 |             (.chefs, "chefs", Self.chefResult(), .omit, nil, .publicCache(maxAgeSeconds: 60, staleWhileRevalidateSeconds: 300))

/Users/arimendelow/Projects/spoonjoy-apple/Tests/SpoonjoyCoreTests/NativeSearchSurfaceTests.swift:156:69: error: cannot infer contextual base in reference to member 'publicCache'
154 |         let scopeSpecs: [(scope: SearchScope, expectedScope: String, result: SearchSurfaceResult, authorizationPolicy: APIAuthorizationPolicy, authorization: String?, responseCachePolicy: APIResponseCachePolicy?)] = [
155 |             (.all, "all", Self.recipeResult(), .includeBearerToken, "Bearer sj_private_token", .privateNoStore),
156 |             (.recipes, "recipes", Self.recipeResult(), .omit, nil, .publicCache(maxAgeSeconds: 60, staleWhileRevalidateSeconds: 300)),
    |                                                                     `- error: cannot infer contextual base in reference to member 'publicCache'
157 |             (.cookbooks, "cookbooks", Self.cookbookResult(), .omit, nil, .publicCache(maxAgeSeconds: 60, staleWhileRevalidateSeconds: 300)),
158 |             (.chefs, "chefs", Self.chefResult(), .omit, nil, .publicCache(maxAgeSeconds: 60, staleWhileRevalidateSeconds: 300))

/Users/arimendelow/Projects/spoonjoy-apple/Tests/SpoonjoyCoreTests/NativeSearchSurfaceTests.swift:157:15: error: cannot infer contextual base in reference to member 'cookbooks'
155 |             (.all, "all", Self.recipeResult(), .includeBearerToken, "Bearer sj_private_token", .privateNoStore),
156 |             (.recipes, "recipes", Self.recipeResult(), .omit, nil, .publicCache(maxAgeSeconds: 60, staleWhileRevalidateSeconds: 300)),
157 |             (.cookbooks, "cookbooks", Self.cookbookResult(), .omit, nil, .publicCache(maxAgeSeconds: 60, staleWhileRevalidateSeconds: 300)),
    |               `- error: cannot infer contextual base in reference to member 'cookbooks'
158 |             (.chefs, "chefs", Self.chefResult(), .omit, nil, .publicCache(maxAgeSeconds: 60, staleWhileRevalidateSeconds: 300))
159 |         ]

/Users/arimendelow/Projects/spoonjoy-apple/Tests/SpoonjoyCoreTests/NativeSearchSurfaceTests.swift:157:63: error: cannot infer contextual base in reference to member 'omit'
155 |             (.all, "all", Self.recipeResult(), .includeBearerToken, "Bearer sj_private_token", .privateNoStore),
156 |             (.recipes, "recipes", Self.recipeResult(), .omit, nil, .publicCache(maxAgeSeconds: 60, staleWhileRevalidateSeconds: 300)),
157 |             (.cookbooks, "cookbooks", Self.cookbookResult(), .omit, nil, .publicCache(maxAgeSeconds: 60, staleWhileRevalidateSeconds: 300)),
    |                                                               `- error: cannot infer contextual base in reference to member 'omit'
158 |             (.chefs, "chefs", Self.chefResult(), .omit, nil, .publicCache(maxAgeSeconds: 60, staleWhileRevalidateSeconds: 300))
159 |         ]

/Users/arimendelow/Projects/spoonjoy-apple/Tests/SpoonjoyCoreTests/NativeSearchSurfaceTests.swift:157:69: error: 'nil' requires a contextual type
155 |             (.all, "all", Self.recipeResult(), .includeBearerToken, "Bearer sj_private_token", .privateNoStore),
156 |             (.recipes, "recipes", Self.recipeResult(), .omit, nil, .publicCache(maxAgeSeconds: 60, staleWhileRevalidateSeconds: 300)),
157 |             (.cookbooks, "cookbooks", Self.cookbookResult(), .omit, nil, .publicCache(maxAgeSeconds: 60, staleWhileRevalidateSeconds: 300)),
    |                                                                     `- error: 'nil' requires a contextual type
158 |             (.chefs, "chefs", Self.chefResult(), .omit, nil, .publicCache(maxAgeSeconds: 60, staleWhileRevalidateSeconds: 300))
159 |         ]

/Users/arimendelow/Projects/spoonjoy-apple/Tests/SpoonjoyCoreTests/NativeSearchSurfaceTests.swift:157:75: error: cannot infer contextual base in reference to member 'publicCache'
155 |             (.all, "all", Self.recipeResult(), .includeBearerToken, "Bearer sj_private_token", .privateNoStore),
156 |             (.recipes, "recipes", Self.recipeResult(), .omit, nil, .publicCache(maxAgeSeconds: 60, staleWhileRevalidateSeconds: 300)),
157 |             (.cookbooks, "cookbooks", Self.cookbookResult(), .omit, nil, .publicCache(maxAgeSeconds: 60, staleWhileRevalidateSeconds: 300)),
    |                                                                           `- error: cannot infer contextual base in reference to member 'publicCache'
158 |             (.chefs, "chefs", Self.chefResult(), .omit, nil, .publicCache(maxAgeSeconds: 60, staleWhileRevalidateSeconds: 300))
159 |         ]

/Users/arimendelow/Projects/spoonjoy-apple/Tests/SpoonjoyCoreTests/NativeSearchSurfaceTests.swift:158:15: error: cannot infer contextual base in reference to member 'chefs'
156 |             (.recipes, "recipes", Self.recipeResult(), .omit, nil, .publicCache(maxAgeSeconds: 60, staleWhileRevalidateSeconds: 300)),
157 |             (.cookbooks, "cookbooks", Self.cookbookResult(), .omit, nil, .publicCache(maxAgeSeconds: 60, staleWhileRevalidateSeconds: 300)),
158 |             (.chefs, "chefs", Self.chefResult(), .omit, nil, .publicCache(maxAgeSeconds: 60, staleWhileRevalidateSeconds: 300))
    |               `- error: cannot infer contextual base in reference to member 'chefs'
159 |         ]
160 |         for spec in scopeSpecs {

/Users/arimendelow/Projects/spoonjoy-apple/Tests/SpoonjoyCoreTests/NativeSearchSurfaceTests.swift:158:51: error: cannot infer contextual base in reference to member 'omit'
156 |             (.recipes, "recipes", Self.recipeResult(), .omit, nil, .publicCache(maxAgeSeconds: 60, staleWhileRevalidateSeconds: 300)),
157 |             (.cookbooks, "cookbooks", Self.cookbookResult(), .omit, nil, .publicCache(maxAgeSeconds: 60, staleWhileRevalidateSeconds: 300)),
158 |             (.chefs, "chefs", Self.chefResult(), .omit, nil, .publicCache(maxAgeSeconds: 60, staleWhileRevalidateSeconds: 300))
    |                                                   `- error: cannot infer contextual base in reference to member 'omit'
159 |         ]
160 |         for spec in scopeSpecs {

/Users/arimendelow/Projects/spoonjoy-apple/Tests/SpoonjoyCoreTests/NativeSearchSurfaceTests.swift:158:57: error: 'nil' requires a contextual type
156 |             (.recipes, "recipes", Self.recipeResult(), .omit, nil, .publicCache(maxAgeSeconds: 60, staleWhileRevalidateSeconds: 300)),
157 |             (.cookbooks, "cookbooks", Self.cookbookResult(), .omit, nil, .publicCache(maxAgeSeconds: 60, staleWhileRevalidateSeconds: 300)),
158 |             (.chefs, "chefs", Self.chefResult(), .omit, nil, .publicCache(maxAgeSeconds: 60, staleWhileRevalidateSeconds: 300))
    |                                                         `- error: 'nil' requires a contextual type
159 |         ]
160 |         for spec in scopeSpecs {

/Users/arimendelow/Projects/spoonjoy-apple/Tests/SpoonjoyCoreTests/NativeSearchSurfaceTests.swift:158:63: error: cannot infer contextual base in reference to member 'publicCache'
156 |             (.recipes, "recipes", Self.recipeResult(), .omit, nil, .publicCache(maxAgeSeconds: 60, staleWhileRevalidateSeconds: 300)),
157 |             (.cookbooks, "cookbooks", Self.cookbookResult(), .omit, nil, .publicCache(maxAgeSeconds: 60, staleWhileRevalidateSeconds: 300)),
158 |             (.chefs, "chefs", Self.chefResult(), .omit, nil, .publicCache(maxAgeSeconds: 60, staleWhileRevalidateSeconds: 300))
    |                                                               `- error: cannot infer contextual base in reference to member 'publicCache'
159 |         ]
160 |         for spec in scopeSpecs {

/Users/arimendelow/Projects/spoonjoy-apple/Tests/SpoonjoyCoreTests/NativeSearchSurfaceTests.swift:163:23: error: cannot find 'SearchSurfaceData' in scope
161 |             let transport = RecordingSearchAPITransport(envelope: APIEnvelope(
162 |                 requestID: "req_search_\(spec.expectedScope)",
163 |                 data: SearchSurfaceData(
    |                       `- error: cannot find 'SearchSurfaceData' in scope
164 |                     query: "tomato",
165 |                     scope: spec.scope,

/Users/arimendelow/Projects/spoonjoy-apple/Tests/SpoonjoyCoreTests/NativeSearchSurfaceTests.swift:171:30: error: cannot find 'LiveSearchSurfaceRepository' in scope
169 |                 )
170 |             ))
171 |             let repository = LiveSearchSurfaceRepository(
    |                              `- error: cannot find 'LiveSearchSurfaceRepository' in scope
172 |                 transport: transport,
173 |                 configuration: Self.configuration,

/Users/arimendelow/Projects/spoonjoy-apple/Tests/SpoonjoyCoreTests/NativeSearchSurfaceTests.swift:174:26: error: cannot find 'SearchSurfaceContext' in scope
172 |                 transport: transport,
173 |                 configuration: Self.configuration,
174 |                 context: SearchSurfaceContext(isAuthenticated: true, canReadShoppingList: true),
    |                          `- error: cannot find 'SearchSurfaceContext' in scope
175 |                 now: { Self.now }
176 |             )

/Users/arimendelow/Projects/spoonjoy-apple/Tests/SpoonjoyCoreTests/NativeSearchSurfaceTests.swift:179:26: error: cannot find 'SearchSurfaceRequest' in scope
177 | 
178 |             let scopedPage = try await repository.search(
179 |                 request: SearchSurfaceRequest(query: "\n tomato\t", scope: spec.scope, limit: 7)
    |                          `- error: cannot find 'SearchSurfaceRequest' in scope
180 |             )
181 | 

/Users/arimendelow/Projects/spoonjoy-apple/Tests/SpoonjoyCoreTests/NativeSearchSurfaceTests.swift:183:44: error: cannot infer key path type from context; consider explicitly specifying a root type
181 | 
182 |             #expect(scopedPage.scope == spec.scope)
183 |             #expect(scopedPage.results.map(\.id) == [spec.result.id])
    |                                            `- error: cannot infer key path type from context; consider explicitly specifying a root type
184 |             #expect(transport.requests == [
185 |                 RecordedSearchRequest(

/Users/arimendelow/Projects/spoonjoy-apple/Tests/SpoonjoyCoreTests/NativeSearchSurfaceTests.swift:201:35: error: cannot find 'LiveSearchSurfaceRepository' in scope
199 | 
200 |         let anonymousTransport = RecordingSearchAPITransport(envelope: APIEnvelope(requestID: "req_unused", data: privateData))
201 |         let anonymousRepository = LiveSearchSurfaceRepository(
    |                                   `- error: cannot find 'LiveSearchSurfaceRepository' in scope
202 |             transport: anonymousTransport,
203 |             configuration: APIClientConfiguration(baseURL: URL(string: "https://spoonjoy.app")!),

/Users/arimendelow/Projects/spoonjoy-apple/Tests/SpoonjoyCoreTests/NativeSearchSurfaceTests.swift:204:22: error: cannot find 'SearchSurfaceContext' in scope
202 |             transport: anonymousTransport,
203 |             configuration: APIClientConfiguration(baseURL: URL(string: "https://spoonjoy.app")!),
204 |             context: SearchSurfaceContext(isAuthenticated: false, canReadShoppingList: false),
    |                      `- error: cannot find 'SearchSurfaceContext' in scope
205 |             now: { Self.now }
206 |         )

/Users/arimendelow/Projects/spoonjoy-apple/Tests/SpoonjoyCoreTests/NativeSearchSurfaceTests.swift:209:26: error: cannot find 'SearchSurfaceRequest' in scope
207 |         do {
208 |             _ = try await anonymousRepository.search(
209 |                 request: SearchSurfaceRequest(query: "tomato", scope: .shoppingList, limit: 20)
    |                          `- error: cannot find 'SearchSurfaceRequest' in scope
210 |             )
211 |             Issue.record("Expected anonymous shopping-list search to require authentication")

/Users/arimendelow/Projects/spoonjoy-apple/Tests/SpoonjoyCoreTests/NativeSearchSurfaceTests.swift:209:72: error: cannot infer contextual base in reference to member 'shoppingList'
207 |         do {
208 |             _ = try await anonymousRepository.search(
209 |                 request: SearchSurfaceRequest(query: "tomato", scope: .shoppingList, limit: 20)
    |                                                                        `- error: cannot infer contextual base in reference to member 'shoppingList'
210 |             )
211 |             Issue.record("Expected anonymous shopping-list search to require authentication")

/Users/arimendelow/Projects/spoonjoy-apple/Tests/SpoonjoyCoreTests/NativeSearchSurfaceTests.swift:212:30: error: cannot find type 'SearchSurfaceRepositoryError' in scope
210 |             )
211 |             Issue.record("Expected anonymous shopping-list search to require authentication")
212 |         } catch let error as SearchSurfaceRepositoryError {
    |                              `- error: cannot find type 'SearchSurfaceRepositoryError' in scope
213 |             #expect(error == .authenticationRequired(scope: .shoppingList))
214 |         }

/Users/arimendelow/Projects/spoonjoy-apple/Tests/SpoonjoyCoreTests/NativeSearchSurfaceTests.swift:213:62: error: cannot infer contextual base in reference to member 'shoppingList'
211 |             Issue.record("Expected anonymous shopping-list search to require authentication")
212 |         } catch let error as SearchSurfaceRepositoryError {
213 |             #expect(error == .authenticationRequired(scope: .shoppingList))
    |                                                              `- error: cannot infer contextual base in reference to member 'shoppingList'
214 |         }
215 |         #expect(anonymousTransport.requests.isEmpty)

/Users/arimendelow/Projects/spoonjoy-apple/Tests/SpoonjoyCoreTests/NativeSearchSurfaceTests.swift:218:38: error: cannot find 'LiveSearchSurfaceRepository' in scope
216 | 
217 |         let missingScopeTransport = RecordingSearchAPITransport(envelope: APIEnvelope(requestID: "req_unused", data: privateData))
218 |         let missingScopeRepository = LiveSearchSurfaceRepository(
    |                                      `- error: cannot find 'LiveSearchSurfaceRepository' in scope
219 |             transport: missingScopeTransport,
220 |             configuration: Self.configuration,

/Users/arimendelow/Projects/spoonjoy-apple/Tests/SpoonjoyCoreTests/NativeSearchSurfaceTests.swift:221:22: error: cannot find 'SearchSurfaceContext' in scope
219 |             transport: missingScopeTransport,
220 |             configuration: Self.configuration,
221 |             context: SearchSurfaceContext(isAuthenticated: true, canReadShoppingList: false),
    |                      `- error: cannot find 'SearchSurfaceContext' in scope
222 |             now: { Self.now }
223 |         )

/Users/arimendelow/Projects/spoonjoy-apple/Tests/SpoonjoyCoreTests/NativeSearchSurfaceTests.swift:226:26: error: cannot find 'SearchSurfaceRequest' in scope
224 |         do {
225 |             _ = try await missingScopeRepository.search(
226 |                 request: SearchSurfaceRequest(query: "tomato", scope: .shoppingList, limit: 20)
    |                          `- error: cannot find 'SearchSurfaceRequest' in scope
227 |             )
228 |             Issue.record("Expected shopping-list search to require shopping_list:read")

/Users/arimendelow/Projects/spoonjoy-apple/Tests/SpoonjoyCoreTests/NativeSearchSurfaceTests.swift:226:72: error: cannot infer contextual base in reference to member 'shoppingList'
224 |         do {
225 |             _ = try await missingScopeRepository.search(
226 |                 request: SearchSurfaceRequest(query: "tomato", scope: .shoppingList, limit: 20)
    |                                                                        `- error: cannot infer contextual base in reference to member 'shoppingList'
227 |             )
228 |             Issue.record("Expected shopping-list search to require shopping_list:read")

/Users/arimendelow/Projects/spoonjoy-apple/Tests/SpoonjoyCoreTests/NativeSearchSurfaceTests.swift:229:30: error: cannot find type 'SearchSurfaceRepositoryError' in scope
227 |             )
228 |             Issue.record("Expected shopping-list search to require shopping_list:read")
229 |         } catch let error as SearchSurfaceRepositoryError {
    |                              `- error: cannot find type 'SearchSurfaceRepositoryError' in scope
230 |             #expect(error == .authorizationRequired(scope: .shoppingList, requiredScope: "shopping_list:read"))
231 |         }

/Users/arimendelow/Projects/spoonjoy-apple/Tests/SpoonjoyCoreTests/NativeSearchSurfaceTests.swift:230:61: error: cannot infer contextual base in reference to member 'shoppingList'
228 |             Issue.record("Expected shopping-list search to require shopping_list:read")
229 |         } catch let error as SearchSurfaceRepositoryError {
230 |             #expect(error == .authorizationRequired(scope: .shoppingList, requiredScope: "shopping_list:read"))
    |                                                             `- error: cannot infer contextual base in reference to member 'shoppingList'
231 |         }
232 |         #expect(missingScopeTransport.requests.isEmpty)

/Users/arimendelow/Projects/spoonjoy-apple/Tests/SpoonjoyCoreTests/NativeSearchSurfaceTests.swift:237:22: error: cannot find 'SearchSurfaceDebouncePolicy' in scope
235 |     @Test("search debounce cancels stale requests and does not schedule blank queries")
236 |     func searchDebounceCancelsStaleRequestsAndDoesNotScheduleBlankQueries() {
237 |         let policy = SearchSurfaceDebouncePolicy(delayMilliseconds: 350, defaultLimit: 20)
    |                      `- error: cannot find 'SearchSurfaceDebouncePolicy' in scope
238 |         let staleRequest = SearchSurfaceRequest(query: "tom", scope: .all, limit: 20)
239 | 

/Users/arimendelow/Projects/spoonjoy-apple/Tests/SpoonjoyCoreTests/NativeSearchSurfaceTests.swift:238:28: error: cannot find 'SearchSurfaceRequest' in scope
236 |     func searchDebounceCancelsStaleRequestsAndDoesNotScheduleBlankQueries() {
237 |         let policy = SearchSurfaceDebouncePolicy(delayMilliseconds: 350, defaultLimit: 20)
238 |         let staleRequest = SearchSurfaceRequest(query: "tom", scope: .all, limit: 20)
    |                            `- error: cannot find 'SearchSurfaceRequest' in scope
239 | 
240 |         let decision = policy.plan(

/Users/arimendelow/Projects/spoonjoy-apple/Tests/SpoonjoyCoreTests/NativeSearchSurfaceTests.swift:238:71: error: cannot infer contextual base in reference to member 'all'
236 |     func searchDebounceCancelsStaleRequestsAndDoesNotScheduleBlankQueries() {
237 |         let policy = SearchSurfaceDebouncePolicy(delayMilliseconds: 350, defaultLimit: 20)
238 |         let staleRequest = SearchSurfaceRequest(query: "tom", scope: .all, limit: 20)
    |                                                                       `- error: cannot infer contextual base in reference to member 'all'
239 | 
240 |         let decision = policy.plan(

/Users/arimendelow/Projects/spoonjoy-apple/Tests/SpoonjoyCoreTests/NativeSearchSurfaceTests.swift:246:29: error: cannot find 'SearchSurfaceDebounceDecision' in scope
244 |         )
245 | 
246 |         #expect(decision == SearchSurfaceDebounceDecision(
    |                             `- error: cannot find 'SearchSurfaceDebounceDecision' in scope
247 |             cancelsInFlightSearch: true,
248 |             scheduledRequest: SearchSurfaceRequest(query: "tomato", scope: .recipes, limit: 20),

/Users/arimendelow/Projects/spoonjoy-apple/Tests/SpoonjoyCoreTests/NativeSearchSurfaceTests.swift:248:31: error: cannot find 'SearchSurfaceRequest' in scope
246 |         #expect(decision == SearchSurfaceDebounceDecision(
247 |             cancelsInFlightSearch: true,
248 |             scheduledRequest: SearchSurfaceRequest(query: "tomato", scope: .recipes, limit: 20),
    |                               `- error: cannot find 'SearchSurfaceRequest' in scope
249 |             delayMilliseconds: 350
250 |         ))

/Users/arimendelow/Projects/spoonjoy-apple/Tests/SpoonjoyCoreTests/NativeSearchSurfaceTests.swift:248:77: error: cannot infer contextual base in reference to member 'recipes'
246 |         #expect(decision == SearchSurfaceDebounceDecision(
247 |             cancelsInFlightSearch: true,
248 |             scheduledRequest: SearchSurfaceRequest(query: "tomato", scope: .recipes, limit: 20),
    |                                                                             `- error: cannot infer contextual base in reference to member 'recipes'
249 |             delayMilliseconds: 350
250 |         ))

/Users/arimendelow/Projects/spoonjoy-apple/Tests/SpoonjoyCoreTests/NativeSearchSurfaceTests.swift:265:20: error: cannot find 'SearchSurfacePage' in scope
263 |     @Test("search view model groups route outputs and keeps unsupported scopes out")
264 |     func searchViewModelGroupsRouteOutputsAndKeepsUnsupportedScopesOut() throws {
265 |         let page = SearchSurfacePage(
    |                    `- error: cannot find 'SearchSurfacePage' in scope
266 |             query: "tomato",
267 |             scope: .all,

/Users/arimendelow/Projects/spoonjoy-apple/Tests/SpoonjoyCoreTests/NativeSearchSurfaceTests.swift:267:21: error: cannot infer contextual base in reference to member 'all'
265 |         let page = SearchSurfacePage(
266 |             query: "tomato",
267 |             scope: .all,
    |                     `- error: cannot infer contextual base in reference to member 'all'
268 |             limit: 20,
269 |             isAuthenticated: true,

/Users/arimendelow/Projects/spoonjoy-apple/Tests/SpoonjoyCoreTests/NativeSearchSurfaceTests.swift:276:22: error: cannot infer contextual base in reference to member 'cache'
274 |                 Self.shoppingResult()
275 |             ],
276 |             source: .cache(serverRevision: .cursor("search-v1"), lastValidatedAt: Self.staleValidatedAt)
    |                      `- error: cannot infer contextual base in reference to member 'cache'
277 |         )
278 |         let viewModel = SearchSurfaceViewModel(

/Users/arimendelow/Projects/spoonjoy-apple/Tests/SpoonjoyCoreTests/NativeSearchSurfaceTests.swift:276:45: error: cannot infer contextual base in reference to member 'cursor'
274 |                 Self.shoppingResult()
275 |             ],
276 |             source: .cache(serverRevision: .cursor("search-v1"), lastValidatedAt: Self.staleValidatedAt)
    |                                             `- error: cannot infer contextual base in reference to member 'cursor'
277 |         )
278 |         let viewModel = SearchSurfaceViewModel(

/Users/arimendelow/Projects/spoonjoy-apple/Tests/SpoonjoyCoreTests/NativeSearchSurfaceTests.swift:278:25: error: cannot find 'SearchSurfaceViewModel' in scope
276 |             source: .cache(serverRevision: .cursor("search-v1"), lastValidatedAt: Self.staleValidatedAt)
277 |         )
278 |         let viewModel = SearchSurfaceViewModel(
    |                         `- error: cannot find 'SearchSurfaceViewModel' in scope
279 |             page: page,
280 |             state: SearchState(query: "tomato", scope: .all),

/Users/arimendelow/Projects/spoonjoy-apple/Tests/SpoonjoyCoreTests/NativeSearchSurfaceTests.swift:281:22: error: cannot find 'SearchSurfaceContext' in scope
279 |             page: page,
280 |             state: SearchState(query: "tomato", scope: .all),
281 |             context: SearchSurfaceContext(isAuthenticated: true, canReadShoppingList: true),
    |                      `- error: cannot find 'SearchSurfaceContext' in scope
282 |             now: { Self.now }
283 |         )

/Users/arimendelow/Projects/spoonjoy-apple/Tests/SpoonjoyCoreTests/NativeSearchSurfaceTests.swift:285:49: error: reference to member 'all' cannot be resolved without a contextual type
283 |         )
284 | 
285 |         #expect(viewModel.searchableScopes == [.all, .recipes, .cookbooks, .chefs, .shoppingList])
    |                                                 `- error: reference to member 'all' cannot be resolved without a contextual type
286 |         #expect(viewModel.unsupportedScopes.isEmpty)
287 |         #expect(viewModel.sections.map(\.kind) == [.recipes, .cookbooks, .chefs, .shoppingList])

/Users/arimendelow/Projects/spoonjoy-apple/Tests/SpoonjoyCoreTests/NativeSearchSurfaceTests.swift:285:55: error: reference to member 'recipes' cannot be resolved without a contextual type
283 |         )
284 | 
285 |         #expect(viewModel.searchableScopes == [.all, .recipes, .cookbooks, .chefs, .shoppingList])
    |                                                       `- error: reference to member 'recipes' cannot be resolved without a contextual type
286 |         #expect(viewModel.unsupportedScopes.isEmpty)
287 |         #expect(viewModel.sections.map(\.kind) == [.recipes, .cookbooks, .chefs, .shoppingList])

/Users/arimendelow/Projects/spoonjoy-apple/Tests/SpoonjoyCoreTests/NativeSearchSurfaceTests.swift:285:65: error: reference to member 'cookbooks' cannot be resolved without a contextual type
283 |         )
284 | 
285 |         #expect(viewModel.searchableScopes == [.all, .recipes, .cookbooks, .chefs, .shoppingList])
    |                                                                 `- error: reference to member 'cookbooks' cannot be resolved without a contextual type
286 |         #expect(viewModel.unsupportedScopes.isEmpty)
287 |         #expect(viewModel.sections.map(\.kind) == [.recipes, .cookbooks, .chefs, .shoppingList])

/Users/arimendelow/Projects/spoonjoy-apple/Tests/SpoonjoyCoreTests/NativeSearchSurfaceTests.swift:285:77: error: reference to member 'chefs' cannot be resolved without a contextual type
283 |         )
284 | 
285 |         #expect(viewModel.searchableScopes == [.all, .recipes, .cookbooks, .chefs, .shoppingList])
    |                                                                             `- error: reference to member 'chefs' cannot be resolved without a contextual type
286 |         #expect(viewModel.unsupportedScopes.isEmpty)
287 |         #expect(viewModel.sections.map(\.kind) == [.recipes, .cookbooks, .chefs, .shoppingList])

/Users/arimendelow/Projects/spoonjoy-apple/Tests/SpoonjoyCoreTests/NativeSearchSurfaceTests.swift:285:85: error: reference to member 'shoppingList' cannot be resolved without a contextual type
283 |         )
284 | 
285 |         #expect(viewModel.searchableScopes == [.all, .recipes, .cookbooks, .chefs, .shoppingList])
    |                                                                                     `- error: reference to member 'shoppingList' cannot be resolved without a contextual type
286 |         #expect(viewModel.unsupportedScopes.isEmpty)
287 |         #expect(viewModel.sections.map(\.kind) == [.recipes, .cookbooks, .chefs, .shoppingList])

/Users/arimendelow/Projects/spoonjoy-apple/Tests/SpoonjoyCoreTests/NativeSearchSurfaceTests.swift:287:40: error: cannot infer key path type from context; consider explicitly specifying a root type
285 |         #expect(viewModel.searchableScopes == [.all, .recipes, .cookbooks, .chefs, .shoppingList])
286 |         #expect(viewModel.unsupportedScopes.isEmpty)
287 |         #expect(viewModel.sections.map(\.kind) == [.recipes, .cookbooks, .chefs, .shoppingList])
    |                                        `- error: cannot infer key path type from context; consider explicitly specifying a root type
288 |         #expect(viewModel.sections.flatMap(\.rows).map(\.openRoute) == [
289 |             .recipeDetail(id: "recipe_tomato_tart", presentation: .detail),

/Users/arimendelow/Projects/spoonjoy-apple/Tests/SpoonjoyCoreTests/NativeSearchSurfaceTests.swift:287:53: error: reference to member 'recipes' cannot be resolved without a contextual type
285 |         #expect(viewModel.searchableScopes == [.all, .recipes, .cookbooks, .chefs, .shoppingList])
286 |         #expect(viewModel.unsupportedScopes.isEmpty)
287 |         #expect(viewModel.sections.map(\.kind) == [.recipes, .cookbooks, .chefs, .shoppingList])
    |                                                     `- error: reference to member 'recipes' cannot be resolved without a contextual type
288 |         #expect(viewModel.sections.flatMap(\.rows).map(\.openRoute) == [
289 |             .recipeDetail(id: "recipe_tomato_tart", presentation: .detail),

/Users/arimendelow/Projects/spoonjoy-apple/Tests/SpoonjoyCoreTests/NativeSearchSurfaceTests.swift:287:63: error: reference to member 'cookbooks' cannot be resolved without a contextual type
285 |         #expect(viewModel.searchableScopes == [.all, .recipes, .cookbooks, .chefs, .shoppingList])
286 |         #expect(viewModel.unsupportedScopes.isEmpty)
287 |         #expect(viewModel.sections.map(\.kind) == [.recipes, .cookbooks, .chefs, .shoppingList])
    |                                                               `- error: reference to member 'cookbooks' cannot be resolved without a contextual type
288 |         #expect(viewModel.sections.flatMap(\.rows).map(\.openRoute) == [
289 |             .recipeDetail(id: "recipe_tomato_tart", presentation: .detail),

/Users/arimendelow/Projects/spoonjoy-apple/Tests/SpoonjoyCoreTests/NativeSearchSurfaceTests.swift:287:75: error: reference to member 'chefs' cannot be resolved without a contextual type
285 |         #expect(viewModel.searchableScopes == [.all, .recipes, .cookbooks, .chefs, .shoppingList])
286 |         #expect(viewModel.unsupportedScopes.isEmpty)
287 |         #expect(viewModel.sections.map(\.kind) == [.recipes, .cookbooks, .chefs, .shoppingList])
    |                                                                           `- error: reference to member 'chefs' cannot be resolved without a contextual type
288 |         #expect(viewModel.sections.flatMap(\.rows).map(\.openRoute) == [
289 |             .recipeDetail(id: "recipe_tomato_tart", presentation: .detail),

/Users/arimendelow/Projects/spoonjoy-apple/Tests/SpoonjoyCoreTests/NativeSearchSurfaceTests.swift:287:83: error: reference to member 'shoppingList' cannot be resolved without a contextual type
285 |         #expect(viewModel.searchableScopes == [.all, .recipes, .cookbooks, .chefs, .shoppingList])
286 |         #expect(viewModel.unsupportedScopes.isEmpty)
287 |         #expect(viewModel.sections.map(\.kind) == [.recipes, .cookbooks, .chefs, .shoppingList])
    |                                                                                   `- error: reference to member 'shoppingList' cannot be resolved without a contextual type
288 |         #expect(viewModel.sections.flatMap(\.rows).map(\.openRoute) == [
289 |             .recipeDetail(id: "recipe_tomato_tart", presentation: .detail),

/Users/arimendelow/Projects/spoonjoy-apple/Tests/SpoonjoyCoreTests/NativeSearchSurfaceTests.swift:288:44: error: cannot infer key path type from context; consider explicitly specifying a root type
286 |         #expect(viewModel.unsupportedScopes.isEmpty)
287 |         #expect(viewModel.sections.map(\.kind) == [.recipes, .cookbooks, .chefs, .shoppingList])
288 |         #expect(viewModel.sections.flatMap(\.rows).map(\.openRoute) == [
    |                                            `- error: cannot infer key path type from context; consider explicitly specifying a root type
289 |             .recipeDetail(id: "recipe_tomato_tart", presentation: .detail),
290 |             .cookbookDetail(id: "cookbook_tomato"),

/Users/arimendelow/Projects/spoonjoy-apple/Tests/SpoonjoyCoreTests/NativeSearchSurfaceTests.swift:288:56: error: cannot infer key path type from context; consider explicitly specifying a root type
286 |         #expect(viewModel.unsupportedScopes.isEmpty)
287 |         #expect(viewModel.sections.map(\.kind) == [.recipes, .cookbooks, .chefs, .shoppingList])
288 |         #expect(viewModel.sections.flatMap(\.rows).map(\.openRoute) == [
    |                                                        `- error: cannot infer key path type from context; consider explicitly specifying a root type
289 |             .recipeDetail(id: "recipe_tomato_tart", presentation: .detail),
290 |             .cookbookDetail(id: "cookbook_tomato"),

/Users/arimendelow/Projects/spoonjoy-apple/Tests/SpoonjoyCoreTests/NativeSearchSurfaceTests.swift:289:14: error: type 'Any' has no member 'recipeDetail'
287 |         #expect(viewModel.sections.map(\.kind) == [.recipes, .cookbooks, .chefs, .shoppingList])
288 |         #expect(viewModel.sections.flatMap(\.rows).map(\.openRoute) == [
289 |             .recipeDetail(id: "recipe_tomato_tart", presentation: .detail),
    |              `- error: type 'Any' has no member 'recipeDetail'
290 |             .cookbookDetail(id: "cookbook_tomato"),
291 |             .profile(identifier: "ari"),

/Users/arimendelow/Projects/spoonjoy-apple/Tests/SpoonjoyCoreTests/NativeSearchSurfaceTests.swift:289:68: error: cannot infer contextual base in reference to member 'detail'
287 |         #expect(viewModel.sections.map(\.kind) == [.recipes, .cookbooks, .chefs, .shoppingList])
288 |         #expect(viewModel.sections.flatMap(\.rows).map(\.openRoute) == [
289 |             .recipeDetail(id: "recipe_tomato_tart", presentation: .detail),
    |                                                                    `- error: cannot infer contextual base in reference to member 'detail'
290 |             .cookbookDetail(id: "cookbook_tomato"),
291 |             .profile(identifier: "ari"),

/Users/arimendelow/Projects/spoonjoy-apple/Tests/SpoonjoyCoreTests/NativeSearchSurfaceTests.swift:290:14: error: type 'Any' has no member 'cookbookDetail'
288 |         #expect(viewModel.sections.flatMap(\.rows).map(\.openRoute) == [
289 |             .recipeDetail(id: "recipe_tomato_tart", presentation: .detail),
290 |             .cookbookDetail(id: "cookbook_tomato"),
    |              `- error: type 'Any' has no member 'cookbookDetail'
291 |             .profile(identifier: "ari"),
292 |             .shoppingList

/Users/arimendelow/Projects/spoonjoy-apple/Tests/SpoonjoyCoreTests/NativeSearchSurfaceTests.swift:291:14: error: type 'Any' has no member 'profile'
289 |             .recipeDetail(id: "recipe_tomato_tart", presentation: .detail),
290 |             .cookbookDetail(id: "cookbook_tomato"),
291 |             .profile(identifier: "ari"),
    |              `- error: type 'Any' has no member 'profile'
292 |             .shoppingList
293 |         ])

/Users/arimendelow/Projects/spoonjoy-apple/Tests/SpoonjoyCoreTests/NativeSearchSurfaceTests.swift:292:14: error: reference to member 'shoppingList' cannot be resolved without a contextual type
290 |             .cookbookDetail(id: "cookbook_tomato"),
291 |             .profile(identifier: "ari"),
292 |             .shoppingList
    |              `- error: reference to member 'shoppingList' cannot be resolved without a contextual type
293 |         ])
294 |         #expect(viewModel.offlineIndicator.display == .stale(domain: .searchResults(query: "tomato")))

/Users/arimendelow/Projects/spoonjoy-apple/Tests/SpoonjoyCoreTests/NativeSearchSurfaceTests.swift:294:56: error: cannot infer contextual base in reference to member 'stale'
292 |             .shoppingList
293 |         ])
294 |         #expect(viewModel.offlineIndicator.display == .stale(domain: .searchResults(query: "tomato")))
    |                                                        `- error: cannot infer contextual base in reference to member 'stale'
295 |         #expect(viewModel.emptyState == nil)
296 | 

/Users/arimendelow/Projects/spoonjoy-apple/Tests/SpoonjoyCoreTests/NativeSearchSurfaceTests.swift:294:71: error: cannot infer contextual base in reference to member 'searchResults'
292 |             .shoppingList
293 |         ])
294 |         #expect(viewModel.offlineIndicator.display == .stale(domain: .searchResults(query: "tomato")))
    |                                                                       `- error: cannot infer contextual base in reference to member 'searchResults'
295 |         #expect(viewModel.emptyState == nil)
296 | 

/Users/arimendelow/Projects/spoonjoy-apple/Tests/SpoonjoyCoreTests/NativeSearchSurfaceTests.swift:297:39: error: cannot find 'SearchSurfaceViewModel' in scope
295 |         #expect(viewModel.emptyState == nil)
296 | 
297 |         let unauthenticatedShopping = SearchSurfaceViewModel(
    |                                       `- error: cannot find 'SearchSurfaceViewModel' in scope
298 |             page: SearchSurfacePage(
299 |                 query: "tomato",

/Users/arimendelow/Projects/spoonjoy-apple/Tests/SpoonjoyCoreTests/NativeSearchSurfaceTests.swift:298:19: error: cannot find 'SearchSurfacePage' in scope
296 | 
297 |         let unauthenticatedShopping = SearchSurfaceViewModel(
298 |             page: SearchSurfacePage(
    |                   `- error: cannot find 'SearchSurfacePage' in scope
299 |                 query: "tomato",
300 |                 scope: .shoppingList,

/Users/arimendelow/Projects/spoonjoy-apple/Tests/SpoonjoyCoreTests/NativeSearchSurfaceTests.swift:307:22: error: cannot find 'SearchSurfaceContext' in scope
305 |             ),
306 |             state: SearchState(query: "tomato", scope: .shoppingList),
307 |             context: SearchSurfaceContext(isAuthenticated: false, canReadShoppingList: false),
    |                      `- error: cannot find 'SearchSurfaceContext' in scope
308 |             now: { Self.now }
309 |         )

/Users/arimendelow/Projects/spoonjoy-apple/Tests/SpoonjoyCoreTests/NativeSearchSurfaceTests.swift:300:25: error: cannot infer contextual base in reference to member 'shoppingList'
298 |             page: SearchSurfacePage(
299 |                 query: "tomato",
300 |                 scope: .shoppingList,
    |                         `- error: cannot infer contextual base in reference to member 'shoppingList'
301 |                 limit: 20,
302 |                 isAuthenticated: false,

/Users/arimendelow/Projects/spoonjoy-apple/Tests/SpoonjoyCoreTests/NativeSearchSurfaceTests.swift:304:26: error: cannot infer contextual base in reference to member 'live'
302 |                 isAuthenticated: false,
303 |                 results: [],
304 |                 source: .live(requestID: "req_search_empty", validatedAt: Self.now)
    |                          `- error: cannot infer contextual base in reference to member 'live'
305 |             ),
306 |             state: SearchState(query: "tomato", scope: .shoppingList),

/Users/arimendelow/Projects/spoonjoy-apple/Tests/SpoonjoyCoreTests/NativeSearchSurfaceTests.swift:310:55: error: cannot find 'SearchSurfaceEmptyState' in scope
308 |             now: { Self.now }
309 |         )
310 |         #expect(unauthenticatedShopping.emptyState == SearchSurfaceEmptyState(
    |                                                       `- error: cannot find 'SearchSurfaceEmptyState' in scope
311 |             title: "Sign in to search your shopping list",
312 |             message: "Shopping-list matches are private to your Spoonjoy account.",

/Users/arimendelow/Projects/spoonjoy-apple/Tests/SpoonjoyCoreTests/NativeSearchSurfaceTests.swift:316:28: error: cannot find 'SearchSurfaceViewModel' in scope
314 |         ))
315 | 
316 |         let failedSearch = SearchSurfaceViewModel(
    |                            `- error: cannot find 'SearchSurfaceViewModel' in scope
317 |             error: .searchFailed(message: "Spoonjoy search is offline."),
318 |             state: SearchState(query: "tomato", scope: .all),

/Users/arimendelow/Projects/spoonjoy-apple/Tests/SpoonjoyCoreTests/NativeSearchSurfaceTests.swift:320:22: error: cannot find 'SearchSurfaceContext' in scope
318 |             state: SearchState(query: "tomato", scope: .all),
319 |             cachedPage: nil,
320 |             context: SearchSurfaceContext(isAuthenticated: true, canReadShoppingList: true),
    |                      `- error: cannot find 'SearchSurfaceContext' in scope
321 |             now: { Self.now }
322 |         )

/Users/arimendelow/Projects/spoonjoy-apple/Tests/SpoonjoyCoreTests/NativeSearchSurfaceTests.swift:317:21: error: cannot infer contextual base in reference to member 'searchFailed'
315 | 
316 |         let failedSearch = SearchSurfaceViewModel(
317 |             error: .searchFailed(message: "Spoonjoy search is offline."),
    |                     `- error: cannot infer contextual base in reference to member 'searchFailed'
318 |             state: SearchState(query: "tomato", scope: .all),
319 |             cachedPage: nil,

/Users/arimendelow/Projects/spoonjoy-apple/Tests/SpoonjoyCoreTests/NativeSearchSurfaceTests.swift:319:25: error: 'nil' requires a contextual type
317 |             error: .searchFailed(message: "Spoonjoy search is offline."),
318 |             state: SearchState(query: "tomato", scope: .all),
319 |             cachedPage: nil,
    |                         `- error: 'nil' requires a contextual type
320 |             context: SearchSurfaceContext(isAuthenticated: true, canReadShoppingList: true),
321 |             now: { Self.now }

/Users/arimendelow/Projects/spoonjoy-apple/Tests/SpoonjoyCoreTests/NativeSearchSurfaceTests.swift:323:44: error: cannot find 'SearchSurfaceErrorState' in scope
321 |             now: { Self.now }
322 |         )
323 |         #expect(failedSearch.errorState == SearchSurfaceErrorState(
    |                                            `- error: cannot find 'SearchSurfaceErrorState' in scope
324 |             title: "Search could not load",
325 |             message: "Spoonjoy search is offline.",

/Users/arimendelow/Projects/spoonjoy-apple/Tests/SpoonjoyCoreTests/NativeSearchSurfaceTests.swift:328:59: error: cannot infer contextual base in reference to member 'offline'
326 |             systemImage: "wifi.exclamationmark"
327 |         ))
328 |         #expect(failedSearch.offlineIndicator.display == .offline(domain: .searchResults(query: "tomato")))
    |                                                           `- error: cannot infer contextual base in reference to member 'offline'
329 |     }
330 | 

/Users/arimendelow/Projects/spoonjoy-apple/Tests/SpoonjoyCoreTests/NativeSearchSurfaceTests.swift:328:76: error: cannot infer contextual base in reference to member 'searchResults'
326 |             systemImage: "wifi.exclamationmark"
327 |         ))
328 |         #expect(failedSearch.offlineIndicator.display == .offline(domain: .searchResults(query: "tomato")))
    |                                                                            `- error: cannot infer contextual base in reference to member 'searchResults'
329 |     }
330 | 

/Users/arimendelow/Projects/spoonjoy-apple/Tests/SpoonjoyCoreTests/NativeSearchSurfaceTests.swift:334:24: error: cannot find 'SearchSurfaceCacheSnapshot' in scope
332 |     @MainActor
333 |     func snapshotAndFallbackSearchRestoreCachedResultsWithoutLeakingPrivateShoppingRows() async throws {
334 |         let snapshot = SearchSurfaceCacheSnapshot(
    |                        `- error: cannot find 'SearchSurfaceCacheSnapshot' in scope
335 |             accountID: "chef_ari",
336 |             environment: .production,

/Users/arimendelow/Projects/spoonjoy-apple/Tests/SpoonjoyCoreTests/NativeSearchSurfaceTests.swift:342:17: error: cannot find 'SearchSurfaceRecentQuery' in scope
340 |             results: [Self.recipeResult(), Self.shoppingResult()],
341 |             recentSearches: [
342 |                 SearchSurfaceRecentQuery(query: "tomato", scope: .all, lastSearchedAt: Self.staleValidatedAt)
    |                 `- error: cannot find 'SearchSurfaceRecentQuery' in scope
343 |             ],
344 |             serverRevision: .cursor("search-v1"),

/Users/arimendelow/Projects/spoonjoy-apple/Tests/SpoonjoyCoreTests/NativeSearchSurfaceTests.swift:336:27: error: cannot infer contextual base in reference to member 'production'
334 |         let snapshot = SearchSurfaceCacheSnapshot(
335 |             accountID: "chef_ari",
336 |             environment: .production,
    |                           `- error: cannot infer contextual base in reference to member 'production'
337 |             query: "tomato",
338 |             scope: .all,

/Users/arimendelow/Projects/spoonjoy-apple/Tests/SpoonjoyCoreTests/NativeSearchSurfaceTests.swift:338:21: error: cannot infer contextual base in reference to member 'all'
336 |             environment: .production,
337 |             query: "tomato",
338 |             scope: .all,
    |                     `- error: cannot infer contextual base in reference to member 'all'
339 |             limit: 20,
340 |             results: [Self.recipeResult(), Self.shoppingResult()],

/Users/arimendelow/Projects/spoonjoy-apple/Tests/SpoonjoyCoreTests/NativeSearchSurfaceTests.swift:342:67: error: cannot infer contextual base in reference to member 'all'
340 |             results: [Self.recipeResult(), Self.shoppingResult()],
341 |             recentSearches: [
342 |                 SearchSurfaceRecentQuery(query: "tomato", scope: .all, lastSearchedAt: Self.staleValidatedAt)
    |                                                                   `- error: cannot infer contextual base in reference to member 'all'
343 |             ],
344 |             serverRevision: .cursor("search-v1"),

/Users/arimendelow/Projects/spoonjoy-apple/Tests/SpoonjoyCoreTests/NativeSearchSurfaceTests.swift:344:30: error: cannot infer contextual base in reference to member 'cursor'
342 |                 SearchSurfaceRecentQuery(query: "tomato", scope: .all, lastSearchedAt: Self.staleValidatedAt)
343 |             ],
344 |             serverRevision: .cursor("search-v1"),
    |                              `- error: cannot infer contextual base in reference to member 'cursor'
345 |             lastValidatedAt: Self.staleValidatedAt
346 |         )

/Users/arimendelow/Projects/spoonjoy-apple/Tests/SpoonjoyCoreTests/NativeSearchSurfaceTests.swift:347:26: error: cannot find 'SnapshotSearchSurfaceRepository' in scope
345 |             lastValidatedAt: Self.staleValidatedAt
346 |         )
347 |         let repository = SnapshotSearchSurfaceRepository(
    |                          `- error: cannot find 'SnapshotSearchSurfaceRepository' in scope
348 |             snapshot: snapshot,
349 |             currentAccountID: "chef_jules",

/Users/arimendelow/Projects/spoonjoy-apple/Tests/SpoonjoyCoreTests/NativeSearchSurfaceTests.swift:351:22: error: cannot find 'SearchSurfaceContext' in scope
349 |             currentAccountID: "chef_jules",
350 |             environment: .production,
351 |             context: SearchSurfaceContext(isAuthenticated: true, canReadShoppingList: true)
    |                      `- error: cannot find 'SearchSurfaceContext' in scope
352 |         )
353 | 

/Users/arimendelow/Projects/spoonjoy-apple/Tests/SpoonjoyCoreTests/NativeSearchSurfaceTests.swift:350:27: error: cannot infer contextual base in reference to member 'production'
348 |             snapshot: snapshot,
349 |             currentAccountID: "chef_jules",
350 |             environment: .production,
    |                           `- error: cannot infer contextual base in reference to member 'production'
351 |             context: SearchSurfaceContext(isAuthenticated: true, canReadShoppingList: true)
352 |         )

/Users/arimendelow/Projects/spoonjoy-apple/Tests/SpoonjoyCoreTests/NativeSearchSurfaceTests.swift:354:61: error: cannot find 'SearchSurfaceRequest' in scope
352 |         )
353 | 
354 |         let restored = try await repository.search(request: SearchSurfaceRequest(query: "tomato", scope: .all, limit: 20))
    |                                                             `- error: cannot find 'SearchSurfaceRequest' in scope
355 | 
356 |         #expect(restored.results.map(\.id) == ["recipe_tomato_tart"])

/Users/arimendelow/Projects/spoonjoy-apple/Tests/SpoonjoyCoreTests/NativeSearchSurfaceTests.swift:354:107: error: cannot infer contextual base in reference to member 'all'
352 |         )
353 | 
354 |         let restored = try await repository.search(request: SearchSurfaceRequest(query: "tomato", scope: .all, limit: 20))
    |                                                                                                           `- error: cannot infer contextual base in reference to member 'all'
355 | 
356 |         #expect(restored.results.map(\.id) == ["recipe_tomato_tart"])

/Users/arimendelow/Projects/spoonjoy-apple/Tests/SpoonjoyCoreTests/NativeSearchSurfaceTests.swift:356:38: error: cannot infer key path type from context; consider explicitly specifying a root type
354 |         let restored = try await repository.search(request: SearchSurfaceRequest(query: "tomato", scope: .all, limit: 20))
355 | 
356 |         #expect(restored.results.map(\.id) == ["recipe_tomato_tart"])
    |                                      `- error: cannot infer key path type from context; consider explicitly specifying a root type
357 |         #expect(restored.results.contains { $0.type == .shoppingListItem } == false)
358 |         #expect(restored.offlineIndicator(now: Self.now).display == .stale(domain: .searchResults(query: "tomato")))

/Users/arimendelow/Projects/spoonjoy-apple/Tests/SpoonjoyCoreTests/NativeSearchSurfaceTests.swift:357:57: error: cannot infer contextual base in reference to member 'shoppingListItem'
355 | 
356 |         #expect(restored.results.map(\.id) == ["recipe_tomato_tart"])
357 |         #expect(restored.results.contains { $0.type == .shoppingListItem } == false)
    |                                                         `- error: cannot infer contextual base in reference to member 'shoppingListItem'
358 |         #expect(restored.offlineIndicator(now: Self.now).display == .stale(domain: .searchResults(query: "tomato")))
359 | 

/Users/arimendelow/Projects/spoonjoy-apple/Tests/SpoonjoyCoreTests/NativeSearchSurfaceTests.swift:358:70: error: cannot infer contextual base in reference to member 'stale'
356 |         #expect(restored.results.map(\.id) == ["recipe_tomato_tart"])
357 |         #expect(restored.results.contains { $0.type == .shoppingListItem } == false)
358 |         #expect(restored.offlineIndicator(now: Self.now).display == .stale(domain: .searchResults(query: "tomato")))
    |                                                                      `- error: cannot infer contextual base in reference to member 'stale'
359 | 
360 |         #expect(try await repository.recentSearches(limit: 5) == [

/Users/arimendelow/Projects/spoonjoy-apple/Tests/SpoonjoyCoreTests/NativeSearchSurfaceTests.swift:358:85: error: cannot infer contextual base in reference to member 'searchResults'
356 |         #expect(restored.results.map(\.id) == ["recipe_tomato_tart"])
357 |         #expect(restored.results.contains { $0.type == .shoppingListItem } == false)
358 |         #expect(restored.offlineIndicator(now: Self.now).display == .stale(domain: .searchResults(query: "tomato")))
    |                                                                                     `- error: cannot infer contextual base in reference to member 'searchResults'
359 | 
360 |         #expect(try await repository.recentSearches(limit: 5) == [

/Users/arimendelow/Projects/spoonjoy-apple/Tests/SpoonjoyCoreTests/NativeSearchSurfaceTests.swift:361:13: error: cannot find 'SearchSurfaceRecentQuery' in scope
359 | 
360 |         #expect(try await repository.recentSearches(limit: 5) == [
361 |             SearchSurfaceRecentQuery(query: "tomato", scope: .all, lastSearchedAt: Self.staleValidatedAt)
    |             `- error: cannot find 'SearchSurfaceRecentQuery' in scope
362 |         ])
363 | 

/Users/arimendelow/Projects/spoonjoy-apple/Tests/SpoonjoyCoreTests/NativeSearchSurfaceTests.swift:361:63: error: cannot infer contextual base in reference to member 'all'
359 | 
360 |         #expect(try await repository.recentSearches(limit: 5) == [
361 |             SearchSurfaceRecentQuery(query: "tomato", scope: .all, lastSearchedAt: Self.staleValidatedAt)
    |                                                               `- error: cannot infer contextual base in reference to member 'all'
362 |         ])
363 | 

/Users/arimendelow/Projects/spoonjoy-apple/Tests/SpoonjoyCoreTests/NativeSearchSurfaceTests.swift:364:24: error: cannot find 'FallbackSearchSurfaceRepository' in scope
362 |         ])
363 | 
364 |         let fallback = FallbackSearchSurfaceRepository(
    |                        `- error: cannot find 'FallbackSearchSurfaceRepository' in scope
365 |             primary: StubSearchSurfaceRepository(result: .failure(SearchSurfaceRepositoryError.offline)),
366 |             fallback: StubSearchSurfaceRepository(result: .success(restored))

/Users/arimendelow/Projects/spoonjoy-apple/Tests/SpoonjoyCoreTests/NativeSearchSurfaceTests.swift:365:67: error: cannot find 'SearchSurfaceRepositoryError' in scope
363 | 
364 |         let fallback = FallbackSearchSurfaceRepository(
365 |             primary: StubSearchSurfaceRepository(result: .failure(SearchSurfaceRepositoryError.offline)),
    |                                                                   `- error: cannot find 'SearchSurfaceRepositoryError' in scope
366 |             fallback: StubSearchSurfaceRepository(result: .success(restored))
367 |         )

/Users/arimendelow/Projects/spoonjoy-apple/Tests/SpoonjoyCoreTests/NativeSearchSurfaceTests.swift:365:59: error: cannot infer contextual base in reference to member 'failure'
363 | 
364 |         let fallback = FallbackSearchSurfaceRepository(
365 |             primary: StubSearchSurfaceRepository(result: .failure(SearchSurfaceRepositoryError.offline)),
    |                                                           `- error: cannot infer contextual base in reference to member 'failure'
366 |             fallback: StubSearchSurfaceRepository(result: .success(restored))
367 |         )

/Users/arimendelow/Projects/spoonjoy-apple/Tests/SpoonjoyCoreTests/NativeSearchSurfaceTests.swift:366:60: error: cannot infer contextual base in reference to member 'success'
364 |         let fallback = FallbackSearchSurfaceRepository(
365 |             primary: StubSearchSurfaceRepository(result: .failure(SearchSurfaceRepositoryError.offline)),
366 |             fallback: StubSearchSurfaceRepository(result: .success(restored))
    |                                                            `- error: cannot infer contextual base in reference to member 'success'
367 |         )
368 |         let fallbackPage = try await fallback.search(request: SearchSurfaceRequest(query: "tomato", scope: .all, limit: 20))

/Users/arimendelow/Projects/spoonjoy-apple/Tests/SpoonjoyCoreTests/NativeSearchSurfaceTests.swift:368:63: error: cannot find 'SearchSurfaceRequest' in scope
366 |             fallback: StubSearchSurfaceRepository(result: .success(restored))
367 |         )
368 |         let fallbackPage = try await fallback.search(request: SearchSurfaceRequest(query: "tomato", scope: .all, limit: 20))
    |                                                               `- error: cannot find 'SearchSurfaceRequest' in scope
369 |         #expect(fallbackPage.results.map(\.id) == ["recipe_tomato_tart"])
370 |         #expect(fallbackPage.offlineIndicator(now: Self.now).display == .offline(domain: .searchResults(query: "tomato")))

/Users/arimendelow/Projects/spoonjoy-apple/Tests/SpoonjoyCoreTests/NativeSearchSurfaceTests.swift:368:109: error: cannot infer contextual base in reference to member 'all'
366 |             fallback: StubSearchSurfaceRepository(result: .success(restored))
367 |         )
368 |         let fallbackPage = try await fallback.search(request: SearchSurfaceRequest(query: "tomato", scope: .all, limit: 20))
    |                                                                                                             `- error: cannot infer contextual base in reference to member 'all'
369 |         #expect(fallbackPage.results.map(\.id) == ["recipe_tomato_tart"])
370 |         #expect(fallbackPage.offlineIndicator(now: Self.now).display == .offline(domain: .searchResults(query: "tomato")))

/Users/arimendelow/Projects/spoonjoy-apple/Tests/SpoonjoyCoreTests/NativeSearchSurfaceTests.swift:369:42: error: cannot infer key path type from context; consider explicitly specifying a root type
367 |         )
368 |         let fallbackPage = try await fallback.search(request: SearchSurfaceRequest(query: "tomato", scope: .all, limit: 20))
369 |         #expect(fallbackPage.results.map(\.id) == ["recipe_tomato_tart"])
    |                                          `- error: cannot infer key path type from context; consider explicitly specifying a root type
370 |         #expect(fallbackPage.offlineIndicator(now: Self.now).display == .offline(domain: .searchResults(query: "tomato")))
371 |     }

/Users/arimendelow/Projects/spoonjoy-apple/Tests/SpoonjoyCoreTests/NativeSearchSurfaceTests.swift:370:74: error: cannot infer contextual base in reference to member 'offline'
368 |         let fallbackPage = try await fallback.search(request: SearchSurfaceRequest(query: "tomato", scope: .all, limit: 20))
369 |         #expect(fallbackPage.results.map(\.id) == ["recipe_tomato_tart"])
370 |         #expect(fallbackPage.offlineIndicator(now: Self.now).display == .offline(domain: .searchResults(query: "tomato")))
    |                                                                          `- error: cannot infer contextual base in reference to member 'offline'
371 |     }
372 | 

/Users/arimendelow/Projects/spoonjoy-apple/Tests/SpoonjoyCoreTests/NativeSearchSurfaceTests.swift:370:91: error: cannot infer contextual base in reference to member 'searchResults'
368 |         let fallbackPage = try await fallback.search(request: SearchSurfaceRequest(query: "tomato", scope: .all, limit: 20))
369 |         #expect(fallbackPage.results.map(\.id) == ["recipe_tomato_tart"])
370 |         #expect(fallbackPage.offlineIndicator(now: Self.now).display == .offline(domain: .searchResults(query: "tomato")))
    |                                                                                           `- error: cannot infer contextual base in reference to member 'searchResults'
371 |     }
372 | 

/Users/arimendelow/Projects/spoonjoy-apple/Tests/SpoonjoyCoreTests/NativeSearchSurfaceTests.swift:374:9: error: cannot find 'SearchSurfaceResult' in scope
372 | 
373 |     private static func recipeResult() -> SearchSurfaceResult {
374 |         SearchSurfaceResult(
    |         `- error: cannot find 'SearchSurfaceResult' in scope
375 |             type: .recipe,
376 |             id: "recipe_tomato_tart",

/Users/arimendelow/Projects/spoonjoy-apple/Tests/SpoonjoyCoreTests/NativeSearchSurfaceTests.swift:375:20: error: cannot infer contextual base in reference to member 'recipe'
373 |     private static func recipeResult() -> SearchSurfaceResult {
374 |         SearchSurfaceResult(
375 |             type: .recipe,
    |                    `- error: cannot infer contextual base in reference to member 'recipe'
376 |             id: "recipe_tomato_tart",
377 |             ownerID: "chef_ari",

/Users/arimendelow/Projects/spoonjoy-apple/Tests/SpoonjoyCoreTests/NativeSearchSurfaceTests.swift:387:30: error: type 'Any' has no member 'string'
385 |             score: -1.25,
386 |             metadata: [
387 |                 "servings": .string("Serves 4"),
    |                              `- error: type 'Any' has no member 'string'
388 |                 "chefUsername": .string("ari")
389 |             ]

/Users/arimendelow/Projects/spoonjoy-apple/Tests/SpoonjoyCoreTests/NativeSearchSurfaceTests.swift:388:34: error: type 'Any' has no member 'string'
386 |             metadata: [
387 |                 "servings": .string("Serves 4"),
388 |                 "chefUsername": .string("ari")
    |                                  `- error: type 'Any' has no member 'string'
389 |             ]
390 |         )

/Users/arimendelow/Projects/spoonjoy-apple/Tests/SpoonjoyCoreTests/NativeSearchSurfaceTests.swift:394:9: error: cannot find 'SearchSurfaceResult' in scope
392 | 
393 |     private static func cookbookResult() -> SearchSurfaceResult {
394 |         SearchSurfaceResult(
    |         `- error: cannot find 'SearchSurfaceResult' in scope
395 |             type: .cookbook,
396 |             id: "cookbook_tomato",

/Users/arimendelow/Projects/spoonjoy-apple/Tests/SpoonjoyCoreTests/NativeSearchSurfaceTests.swift:395:20: error: cannot infer contextual base in reference to member 'cookbook'
393 |     private static func cookbookResult() -> SearchSurfaceResult {
394 |         SearchSurfaceResult(
395 |             type: .cookbook,
    |                    `- error: cannot infer contextual base in reference to member 'cookbook'
396 |             id: "cookbook_tomato",
397 |             ownerID: "chef_ari",

/Users/arimendelow/Projects/spoonjoy-apple/Tests/SpoonjoyCoreTests/NativeSearchSurfaceTests.swift:404:23: error: 'nil' requires a contextual type
402 |             href: "/cookbooks/cookbook_tomato",
403 |             canonicalURL: URL(string: "https://spoonjoy.app/cookbooks/cookbook_tomato")!,
404 |             imageURL: nil,
    |                       `- error: 'nil' requires a contextual type
405 |             score: -0.75,
406 |             metadata: ["recipeCount": .number(3)]

/Users/arimendelow/Projects/spoonjoy-apple/Tests/SpoonjoyCoreTests/NativeSearchSurfaceTests.swift:406:40: error: type 'Any' has no member 'number'
404 |             imageURL: nil,
405 |             score: -0.75,
406 |             metadata: ["recipeCount": .number(3)]
    |                                        `- error: type 'Any' has no member 'number'
407 |         )
408 |     }

/Users/arimendelow/Projects/spoonjoy-apple/Tests/SpoonjoyCoreTests/NativeSearchSurfaceTests.swift:411:9: error: cannot find 'SearchSurfaceResult' in scope
409 | 
410 |     private static func chefResult() -> SearchSurfaceResult {
411 |         SearchSurfaceResult(
    |         `- error: cannot find 'SearchSurfaceResult' in scope
412 |             type: .chef,
413 |             id: "chef_ari",

/Users/arimendelow/Projects/spoonjoy-apple/Tests/SpoonjoyCoreTests/NativeSearchSurfaceTests.swift:412:20: error: cannot infer contextual base in reference to member 'chef'
410 |     private static func chefResult() -> SearchSurfaceResult {
411 |         SearchSurfaceResult(
412 |             type: .chef,
    |                    `- error: cannot infer contextual base in reference to member 'chef'
413 |             id: "chef_ari",
414 |             ownerID: "chef_ari",

/Users/arimendelow/Projects/spoonjoy-apple/Tests/SpoonjoyCoreTests/NativeSearchSurfaceTests.swift:421:23: error: 'nil' requires a contextual type
419 |             href: "/users/ari",
420 |             canonicalURL: URL(string: "https://spoonjoy.app/users/ari")!,
421 |             imageURL: nil,
    |                       `- error: 'nil' requires a contextual type
422 |             score: -0.5,
423 |             metadata: [:]

/Users/arimendelow/Projects/spoonjoy-apple/Tests/SpoonjoyCoreTests/NativeSearchSurfaceTests.swift:428:9: error: cannot find 'SearchSurfaceResult' in scope
426 | 
427 |     private static func shoppingResult() -> SearchSurfaceResult {
428 |         SearchSurfaceResult(
    |         `- error: cannot find 'SearchSurfaceResult' in scope
429 |             type: .shoppingListItem,
430 |             id: "item_tomato_paste",

/Users/arimendelow/Projects/spoonjoy-apple/Tests/SpoonjoyCoreTests/NativeSearchSurfaceTests.swift:429:20: error: cannot infer contextual base in reference to member 'shoppingListItem'
427 |     private static func shoppingResult() -> SearchSurfaceResult {
428 |         SearchSurfaceResult(
429 |             type: .shoppingListItem,
    |                    `- error: cannot infer contextual base in reference to member 'shoppingListItem'
430 |             id: "item_tomato_paste",
431 |             ownerID: "chef_ari",

/Users/arimendelow/Projects/spoonjoy-apple/Tests/SpoonjoyCoreTests/NativeSearchSurfaceTests.swift:438:23: error: 'nil' requires a contextual type
436 |             href: "/shopping-list",
437 |             canonicalURL: URL(string: "https://spoonjoy.app/shopping-list")!,
438 |             imageURL: nil,
    |                       `- error: 'nil' requires a contextual type
439 |             score: -0.25,
440 |             metadata: [

/Users/arimendelow/Projects/spoonjoy-apple/Tests/SpoonjoyCoreTests/NativeSearchSurfaceTests.swift:441:29: error: type 'Any' has no member 'bool'
439 |             score: -0.25,
440 |             metadata: [
441 |                 "checked": .bool(false),
    |                             `- error: type 'Any' has no member 'bool'
442 |                 "categoryKey": .string("pantry")
443 |             ]

/Users/arimendelow/Projects/spoonjoy-apple/Tests/SpoonjoyCoreTests/NativeSearchSurfaceTests.swift:442:33: error: type 'Any' has no member 'string'
440 |             metadata: [
441 |                 "checked": .bool(false),
442 |                 "categoryKey": .string("pantry")
    |                                 `- error: type 'Any' has no member 'string'
443 |             ]
444 |         )
error: fatalError
Syntax OK
FAIL: missing search/capture/settings/profile surface files: Sources/SpoonjoyCore/Features/Search/SearchSurfaceRepository.swift, Sources/SpoonjoyCore/Features/Search/SearchSurfaceViewModel.swift
Unit 19m red contract failed as expected (swift=1 static=1)
