[0/1] Planning build
Building for debugging...
[0/4] Write swift-version--58304C5D6DBC2206.txt
Build complete! (0.19s)
◇ Test run started.
↳ Testing Library Version: 1902
↳ Target Platform: arm64e-apple-macos14.0
◇ Suite "Native recipe editor parity" started.
◇ Test "draft validation blocks empty titles missing steps missing units and unsafe dependencies" started.
◇ Test "create draft plans exact online create request" started.
◇ Test "offline editor queues every allowed recipe mutation with stable dependency keys" started.
◇ Test "draft hydrates from recipe and exposes owner-only editing affordances" started.
◇ Test "conflict display pauses submit and exposes review choices" started.
◇ Test "online editor plans exact REST requests for recipe step ingredient and dependency edits" started.
✔ Test "draft validation blocks empty titles missing steps missing units and unsafe dependencies" passed after 0.001 seconds.
✔ Test "conflict display pauses submit and exposes review choices" passed after 0.002 seconds.
✔ Test "draft hydrates from recipe and exposes owner-only editing affordances" passed after 0.002 seconds.
✔ Test "offline editor queues every allowed recipe mutation with stable dependency keys" passed after 0.005 seconds.
✔ Test "create draft plans exact online create request" passed after 0.005 seconds.
✔ Test "online editor plans exact REST requests for recipe step ingredient and dependency edits" passed after 0.005 seconds.
✔ Suite "Native recipe editor parity" passed after 0.006 seconds.
✔ Test run with 6 tests in 1 suite passed after 0.006 seconds.
