[0/1] Planning build
Building for debugging...
[0/6] Write sources
[2/6] Write swift-version--58304C5D6DBC2206.txt
[4/9] Compiling SpoonjoyCore ScenarioVerifier.swift
[5/9] Compiling SpoonjoyCore NativeIntentAction.swift
[6/9] Emitting module SpoonjoyCore
[6/11] Write Objects.LinkFileList
[7/21] Linking SpoonjoyScenarioVerifier
[8/21] Applying SpoonjoyScenarioVerifier
[10/21] Compiling SpoonjoyCoreTests RecipeActionIntentTests.swift
[11/21] Compiling SpoonjoyCoreTests ShoppingIntentTests.swift
[12/22] Compiling SpoonjoyCoreTests NotificationIntentTests.swift
[13/22] Compiling SpoonjoyCoreTests ProfileSettingsIntentTests.swift
[14/22] Compiling SpoonjoyCoreTests OpenSearchShareCookIntentTests.swift
[15/22] Compiling SpoonjoyCoreTests CookbookIntentTests.swift
[16/22] Compiling SpoonjoyCoreTests SpoonIntentTests.swift
[17/22] Emitting module SpoonjoyCoreTests
[18/22] Compiling SpoonjoyCoreTests CaptureImportIntentTests.swift
[19/22] Compiling SpoonjoyCoreTests NativeScenarioTests.swift
[20/22] Compiling SpoonjoyCoreTests CookModeParityTests.swift
[20/22] Write Objects.LinkFileList
[21/22] Linking SpoonjoyApplePackageTests
Build complete! (11.78s)
◇ Test run started.
↳ Testing Library Version: 1902
↳ Target Platform: arm64e-apple-macos14.0
◇ Suite "Notification Siri intent contracts" started.
◇ Test "notification Siri intents require preference read update and APNs status actions" started.
◇ Test "notification resolver merges partial Siri updates with current preferences" started.
◇ Test "notification intent planner preserves queueable preferences and APNs blocker boundaries" started.
◇ Test "notification resolver rejects unavailable offline preference reads" started.
✔ Test "notification resolver rejects unavailable offline preference reads" passed after 0.001 seconds.
✔ Test "notification resolver merges partial Siri updates with current preferences" passed after 0.007 seconds.
✔ Test "notification intent planner preserves queueable preferences and APNs blocker boundaries" passed after 0.007 seconds.
✔ Test "notification Siri intents require preference read update and APNs status actions" passed after 0.333 seconds.
✔ Suite "Notification Siri intent contracts" passed after 0.333 seconds.
✔ Test run with 4 tests in 1 suite passed after 0.334 seconds.
