[0/1] Planning build
Building for debugging...
[0/4] Write swift-version--58304C5D6DBC2206.txt
[2/80] Compiling SpoonjoyCore APIClient.swift
[3/80] Compiling SpoonjoyCore APIEnvelope.swift
[4/80] Compiling SpoonjoyCore APIError.swift
[5/80] Compiling SpoonjoyCore APIRequestBuilder.swift
[6/80] Compiling SpoonjoyCore APIRequestSupport.swift
[7/80] Compiling SpoonjoyCore APIRetryPolicy.swift
[8/80] Compiling SpoonjoyCore APITransport.swift
[9/80] Compiling SpoonjoyCore JSONValue.swift
[10/80] Compiling SpoonjoyCore NativeAPIRequests.swift
[11/80] Compiling SpoonjoyCore PaginationCursor.swift
[12/80] Compiling SpoonjoyCore PublicCatalogRequests.swift
[13/80] Compiling SpoonjoyCore ShoppingListAPI.swift
[14/80] Compiling SpoonjoyCore ShoppingListRequests.swift
[15/80] Compiling SpoonjoyCore AppNavigationState.swift
[16/80] Compiling SpoonjoyCore AppRoute.swift
[17/80] Compiling SpoonjoyCore DeepLinkRouter.swift
[18/80] Compiling SpoonjoyCore DeepLinkURLBuilder.swift
[19/80] Compiling SpoonjoyCore NativeAppSnapshot.swift
[20/88] Compiling SpoonjoyCore OAuthPKCE.swift
[21/88] Compiling SpoonjoyCore OAuthRedirectValidator.swift
[22/88] Compiling SpoonjoyCore OAuthRequests.swift
[23/88] Compiling SpoonjoyCore OAuthResponses.swift
[24/88] Compiling SpoonjoyCore RefreshCoordinator.swift
[25/88] Compiling SpoonjoyCore SecureAuthWebHandoff.swift
[26/88] Compiling SpoonjoyCore TokenVault.swift
[27/88] Compiling SpoonjoyCore NativeCacheFreshnessPolicy.swift
[28/88] Compiling SpoonjoyCore ShoppingListState.swift
[29/88] Compiling SpoonjoyCore DeepLinkManifest.swift
[30/88] Compiling SpoonjoyCore NativeCapabilityMetadata.swift
[31/88] Compiling SpoonjoyCore NativeIntentAction.swift
[32/88] Compiling SpoonjoyCore ScenarioCommand.swift
[33/88] Compiling SpoonjoyCore ScenarioReport.swift
[34/88] Compiling SpoonjoyCore ScenarioVerifier.swift
[35/88] Compiling SpoonjoyCore SpotlightIndexPlan.swift
[36/88] Compiling SpoonjoyCore SettingsSurfaceViewModel.swift
[37/88] Compiling SpoonjoyCore NativeSharePayload.swift
[38/88] Compiling SpoonjoyCore ShoppingSurfaceViewModel.swift
[39/88] Compiling SpoonjoyCore SpoonCookLogViewModel.swift
[40/88] Compiling SpoonjoyCore CaptureDraft.swift
[41/88] Compiling SpoonjoyCore CookModeProgress.swift
[42/88] Compiling SpoonjoyCore KitchenFixtureState.swift
[43/88] Compiling SpoonjoyCore SettingsState.swift
[44/88] Compiling SpoonjoyCore NativeCachePrefetchPolicy.swift
[45/88] Compiling SpoonjoyCore NativeDurableCache.swift
[46/88] Compiling SpoonjoyCore NativeDurableCacheStore.swift
[47/88] Compiling SpoonjoyCore NativeIndicatorDismissalStore.swift
[48/88] Compiling SpoonjoyCore NativeMediaStagingPolicy.swift
[49/88] Compiling SpoonjoyCore OfflineFreshnessIndicator.swift
[50/88] Compiling SpoonjoyCore CaptureImportViewModel.swift
[51/88] Compiling SpoonjoyCore CookbookSurfaceRepository.swift
[52/88] Compiling SpoonjoyCore NativeFixtureFallbackPolicy.swift
[53/88] Compiling SpoonjoyCore NativeLiveAppStore.swift
[54/88] Compiling SpoonjoyCore ScreenViewModels.swift
[55/88] Compiling SpoonjoyCore SearchState.swift
[56/88] Compiling SpoonjoyCore AuthSessionState.swift
[57/88] Compiling SpoonjoyCore InMemoryTokenVault.swift
[58/88] Compiling SpoonjoyCore KeychainTokenVault.swift
[59/88] Compiling SpoonjoyCore NativeAuthSession.swift
[60/88] Compiling SpoonjoyCore NativeAuthSessionRepository.swift
[61/88] Compiling SpoonjoyCore RecipeCatalogViewModel.swift
[62/88] Compiling SpoonjoyCore RecipeDetailScreenViewModel.swift
[63/88] Compiling SpoonjoyCore RecipeEditorDraft.swift
[64/88] Compiling SpoonjoyCore RecipeEditorDraftChangePlanner.swift
[65/88] Compiling SpoonjoyCore RecipeEditorViewModel.swift
[66/88] Compiling SpoonjoyCore SearchSurfaceRepository.swift
[67/88] Compiling SpoonjoyCore SearchSurfaceViewModel.swift
[68/88] Compiling SpoonjoyCore SettingsSurfaceRepository.swift
[69/88] Emitting module SpoonjoyCore
[70/88] Compiling SpoonjoyCore CookbookSurfaceViewModel.swift
[71/88] Compiling SpoonjoyCore RecipeCoverControlsViewModel.swift
[72/88] Compiling SpoonjoyCore NotificationAPNsSurfaceRepository.swift
[73/88] Compiling SpoonjoyCore NotificationAPNsSurfaceViewModel.swift
[74/88] Compiling SpoonjoyCore ProfileChefGraphSurfaceRepository.swift
[75/88] Compiling SpoonjoyCore ProfileChefGraphSurfaceViewModel.swift
[76/88] Compiling SpoonjoyCore RecipeActionsViewModel.swift
[77/88] Compiling SpoonjoyCore RecipeCatalogRepository.swift
[78/88] Compiling SpoonjoyCore JSONFileStore.swift
[79/88] Compiling SpoonjoyCore MutationQueue.swift
[80/88] Compiling SpoonjoyCore OfflineSnapshot.swift
[81/88] Compiling SpoonjoyCore SyncCheckpoint.swift
[82/88] Compiling SpoonjoyCore RecipeCookbook.swift
[83/88] Compiling SpoonjoyCore SpoonjoyCore.swift
[84/88] Compiling SpoonjoyCore NativeSyncEngine.swift
[85/88] Compiling SpoonjoyCore resource_bundle_accessor.swift
[86/91] Emitting module SpoonjoyScenarioVerifier
[87/91] Compiling SpoonjoyScenarioVerifier ScenarioProcessMain.swift
[88/91] Compiling SpoonjoyScenarioVerifier main.swift
[88/90] Linking SpoonjoyScenarioVerifier
[89/90] Applying SpoonjoyScenarioVerifier
Build of product 'SpoonjoyScenarioVerifier' complete! (5.11s)
{
  "checks" : [
    {
      "detail" : "Fixture kitchen browsing is backed by KitchenView.",
      "name" : "fixture kitchen browsing",
      "status" : "pass"
    },
    {
      "detail" : "Live bootstrap can represent signed-out setup before route navigation.",
      "name" : "first-run session setup",
      "status" : "pass"
    },
    {
      "detail" : "Native live store owns auth restore, cache restore, sync bootstrap, environment switching, and shell state.",
      "name" : "live store source",
      "status" : "pass"
    },
    {
      "detail" : "Live shell state signed-out live bootstrap is represented in app source.",
      "name" : "signed-out live bootstrap",
      "status" : "pass"
    },
    {
      "detail" : "Live shell state restoring cache is represented in app source.",
      "name" : "restoring cache",
      "status" : "pass"
    },
    {
      "detail" : "Live shell state live synced shell is represented in app source.",
      "name" : "live synced shell",
      "status" : "pass"
    },
    {
      "detail" : "Live shell state offline stale shell is represented in app source.",
      "name" : "offline stale shell",
      "status" : "pass"
    },
    {
      "detail" : "Live shell state queued work shell is represented in app source.",
      "name" : "queued work shell",
      "status" : "pass"
    },
    {
      "detail" : "Live shell state conflict shell is represented in app source.",
      "name" : "conflict shell",
      "status" : "pass"
    },
    {
      "detail" : "Live shell state blocker shell is represented in app source.",
      "name" : "blocker shell",
      "status" : "pass"
    },
    {
      "detail" : "Live shell state destructive confirmation shell is represented in app source.",
      "name" : "destructive confirmation shell",
      "status" : "pass"
    },
    {
      "detail" : "Live shell state sync failed shell is represented in app source.",
      "name" : "sync failed shell",
      "status" : "pass"
    },
    {
      "detail" : "Production fixture fallback is disabled unless a test\/demo policy explicitly opts in.",
      "name" : "fixture fallback disabled",
      "status" : "pass"
    },
    {
      "detail" : "Recipe detail renders hero, provenance, actions, ingredient receipt, cookbook spread, and method sections.",
      "name" : "recipe detail",
      "status" : "pass"
    },
    {
      "detail" : "Cook mode progress snapshots restore completed steps and current step.",
      "name" : "cook progress persistence",
      "status" : "pass"
    },
    {
      "detail" : "Cook progress, shopping checkoff, local capture draft, and queued mutation survive native snapshot restore.",
      "name" : "durable native state",
      "status" : "pass"
    },
    {
      "detail" : "Shopping list checkoff uses ShoppingSurfaceViewModel and preserves receipt sections.",
      "name" : "shopping checkoff",
      "status" : "pass"
    },
    {
      "detail" : "Shopping add item plans live REST with a durable offline fallback.",
      "name" : "shopping add item",
      "status" : "pass"
    },
    {
      "detail" : "Recipe and cook surfaces can plan scaled add-to-shopping mutations.",
      "name" : "shopping add recipe ingredients",
      "status" : "pass"
    },
    {
      "detail" : "Destructive shopping clears require native confirmation before planning a mutation.",
      "name" : "shopping clear confirmation",
      "status" : "pass"
    },
    {
      "detail" : "NativeShellContentState search surface view model restores cached search results and keeps shopping-list search auth explicit.",
      "name" : "search",
      "status" : "pass"
    },
    {
      "detail" : "Capture creates import-ready drafts, queues offline import retry, and exposes provider secret blocker state.",
      "name" : "capture import submission",
      "status" : "pass"
    },
    {
      "detail" : "Settings exposes auth, environment, shopping permissions, and cook text size.",
      "name" : "settings state",
      "status" : "pass"
    },
    {
      "detail" : "Settings renders account profile, notification preferences, API token metadata, OAuth connection state, and native offline status.",
      "name" : "settings token connection surface",
      "status" : "pass"
    },
    {
      "detail" : "Settings profile update plans native PATCH \/api\/v1\/me with an offline queue fallback.",
      "name" : "settings profile update",
      "status" : "pass"
    },
    {
      "detail" : "Settings token create is native REST when online and disabled rather than queued offline.",
      "name" : "settings token create online-only",
      "status" : "pass"
    },
    {
      "detail" : "Settings OAuth connection disconnect never enters the offline mutation queue.",
      "name" : "settings connection disconnect online-only",
      "status" : "pass"
    },
    {
      "detail" : "Settings credential actions route to secure web handoff URLs while native token\/profile actions stay REST-backed.",
      "name" : "settings secure handoff",
      "status" : "pass"
    },
    {
      "detail" : "Notification APNs behavior restores cached preferences\/status, blocks production APNs without AppleDeveloperProgram, and keeps permission\/token acquisition online-only.",
      "name" : "notification APNs surface",
      "status" : "pass"
    },
    {
      "detail" : "Offline status labels cover available and unavailable states.",
      "name" : "offline status",
      "status" : "pass"
    },
    {
      "detail" : "Unsupported universal and custom Spoonjoy links resolve to the safe unknown-link state.",
      "name" : "safe unknown link",
      "status" : "pass"
    },
    {
      "detail" : "Root view gates launch through the live store before opening app routes.",
      "name" : "first-run setup source",
      "status" : "pass"
    },
    {
      "detail" : "Platform navigation routes live content state and queues native mutations through the live store.",
      "name" : "native persistence source",
      "status" : "pass"
    },
    {
      "detail" : "Search surface renders the search surface view model with native sections, cached results, and offline status.",
      "name" : "search surface source",
      "status" : "pass"
    },
    {
      "detail" : "Capture surface creates native drafts and submits import-ready sources.",
      "name" : "capture surface source",
      "status" : "pass"
    },
    {
      "detail" : "Settings surface presents auth, environment, shopping permissions, and offline state.",
      "name" : "settings surface source",
      "status" : "pass"
    },
    {
      "detail" : "Offline status component presents live OfflineIndicatorDisplay states.",
      "name" : "offline status source",
      "status" : "pass"
    },
    {
      "detail" : "Platform navigation routes search, capture, and settings to real surfaces.",
      "name" : "navigation final surface source",
      "status" : "pass"
    }
  ],
  "nativeCapabilities" : {
    "appIntents" : [
      "OpenRecipeIntent",
      "StartCookModeIntent",
      "AddShoppingListItemIntent",
      "SetShoppingListItemCheckedIntent",
      "AddRecipeIngredientsToShoppingListIntent",
      "ClearCompletedShoppingItemsIntent",
      "ClearShoppingListIntent",
      "CaptureRecipeIntent"
    ],
    "associatedDomains" : [
      "applinks:spoonjoy.app"
    ],
    "deepLinkRoutes" : [
      "https:\/\/spoonjoy.app\/",
      "https:\/\/spoonjoy.app\/recipes",
      "https:\/\/spoonjoy.app\/recipes\/{id}",
      "https:\/\/spoonjoy.app\/recipes\/{id}\/edit",
      "https:\/\/spoonjoy.app\/recipes\/{id}#cook",
      "https:\/\/spoonjoy.app\/recipes\/{id}?mode=cook",
      "https:\/\/spoonjoy.app\/cookbooks",
      "https:\/\/spoonjoy.app\/cookbooks\/{id}",
      "https:\/\/spoonjoy.app\/users\/{identifier}",
      "https:\/\/spoonjoy.app\/users\/{identifier}\/fellow-chefs?page={page}",
      "https:\/\/spoonjoy.app\/users\/{identifier}\/kitchen-visitors?page={page}",
      "https:\/\/spoonjoy.app\/shopping-list",
      "https:\/\/spoonjoy.app\/search?q={query}&scope={all|recipes|cookbooks|chefs|shopping-list}",
      "https:\/\/spoonjoy.app\/recipes\/new",
      "https:\/\/spoonjoy.app\/account\/settings",
      "spoonjoy:\/\/kitchen",
      "spoonjoy:\/\/recipes",
      "spoonjoy:\/\/recipes\/{id}",
      "spoonjoy:\/\/recipes\/{id}\/edit",
      "spoonjoy:\/\/recipes\/{id}\/covers",
      "spoonjoy:\/\/recipes\/{id}\/cook",
      "spoonjoy:\/\/recipes\/new\/edit",
      "spoonjoy:\/\/cookbooks",
      "spoonjoy:\/\/cookbooks\/{id}",
      "spoonjoy:\/\/users\/{identifier}",
      "spoonjoy:\/\/users\/{identifier}\/fellow-chefs?page={page}",
      "spoonjoy:\/\/users\/{identifier}\/kitchen-visitors?page={page}",
      "spoonjoy:\/\/shopping-list",
      "spoonjoy:\/\/search?q={query}&scope={all|recipes|cookbooks|chefs|shopping-list}",
      "spoonjoy:\/\/capture",
      "spoonjoy:\/\/settings"
    ],
    "offlineFlows" : [
      "blocker",
      "capture-draft-offline",
      "capture-import-offline-retry",
      "conflict",
      "cook-mode-progress-restore",
      "destructive-confirmation",
      "fixture-fallback-disabled",
      "fixture-offline-restore",
      "live-store-source",
      "live-synced",
      "offline-stale",
      "provider-secret-blocked-import",
      "queued-work",
      "restoring-cache",
      "shopping-queue-replay",
      "signed-out-state",
      "sync-failed"
    ],
    "searchableScopes" : [
      "all",
      "recipes",
      "cookbooks",
      "chefs",
      "shopping-list"
    ],
    "shareActions" : [
      "capture-recipe-url",
      "capture-recipe-text",
      "capture-recipe-camera",
      "capture-recipe-photo-library",
      "capture-recipe-json-ld",
      "capture-recipe-video-url",
      "recipe-import-submit",
      "share-recipe",
      "share-cookbook"
    ],
    "spotlightIndexedTypes" : [
      "recipe",
      "cookbook",
      "shopping-list-item"
    ],
    "urlSchemes" : [
      "spoonjoy"
    ]
  },
  "ok" : true,
  "stage" : "final"
}
