Building for debugging...
[0/5] Write sources
[1/5] Write swift-version--58304C5D6DBC2206.txt
[3/5] Emitting module SpoonjoyCoreTests
[4/5] Compiling SpoonjoyCoreTests NativeSyncEngineTests.swift
[4/6] Write Objects.LinkFileList
[5/6] Linking SpoonjoyApplePackageTests
Build complete! (8.92s)
◇ Test run started.
↳ Testing Library Version: 1902
↳ Target Platform: arm64e-apple-macos14.0
◇ Suite "Native live store and shell wiring" started.
◇ Suite "Native shopping surface parity" started.
◇ Suite "URLSession API transport" started.
◇ Suite "Native sync engine and mutation queue" started.
◇ Test "recipe editor app surface drains online structural batches and labels conflict discard honestly" started.
◇ Test "signed out live store restores durable fallback content and records scoped routes" started.
◇ Test "core declares live app bootstrap state and repository dependencies" started.
◇ Test "live store ignores legacy unscoped app snapshot state" started.
◇ Test "unbound authenticated offline restore fails closed for private sync cache" started.
◇ Test "environment switch clears previous environment content and applies scoped sync" started.
◇ Test "live store queueMutation optimistically reflects queued recipe edits" started.
◇ Test "live store restores queued shopping mutations as optimistic content" started.
◇ Test "root view bootstraps through live store instead of fixture first run" started.
◇ Test "live store ignores app snapshot state from another account" started.
◇ Test "live store queue and conflict discard no-ops leave state untouched" started.
◇ Test "platform navigation consumes live content state and never decodes production fixtures" started.
◇ Test "production sources cannot silently use fixture bundles" started.
◇ Test "live store dependencies default recipe editor transport is URLSession-backed" started.
◇ Test "live store contract covers global search scopes and environment rebinding" started.
◇ Test "live store reports partial online recipe editor drains before the editor closes" started.
◇ Test "live store discard keeps independent conflicts and removes dependent queued recipe work" started.
◇ Test "live store keeps drained recipe editor mutations visible after immediate online drain" started.
◇ Test "live store queueMutation persists mutations through native sync store" started.
◇ Test "shell content exposes recipe catalog source for live and offline states" started.
◇ Test "bootstrap states replace content without changing severity" started.
◇ Test "live store restores only bound account cache route and Siri capture draft" started.
◇ Test "live store discards conflicted queued recipe mutation when discarding local edit" started.
◇ Test "live store does not double apply drained structural recipe mutations after immediate online drain" started.
◇ Test "live store queueMutation discards previous owner media queue before appending current work" started.
◇ Test "live store executes recipe editor requests with auth-refreshing transport" started.
◇ Test "live store appends mutations to matching scoped queue" started.
◇ Test "signed out settings and offline indicator cover every live shell state" started.
◇ Test "shell contract gate live store instead of fixture parity" started.
◇ Test "live store refreshes auth before sync and hydrates applied sync cache" started.
◇ Test "scenario verifier reports live store as structured checks and capabilities" started.
◇ Test "live store maps sync conflict auth retry and local queue outcomes to shell states" started.
◇ Test "recipe shopping coverage requires every ingredient name and unit" started.
◇ Test "URLSession native sync transport extracts recipe editor id remaps from success envelopes" started.
◇ Test "production fixture fallback is an explicit test and demo only policy" started.
◇ Test "sync engine keeps local capture draft mutations out of remote drain" started.
◇ Test "live store covers shopping merge ties signed-in settings and environment failures" started.
◇ Test "live store keeps drained shopping mutations visible and cached after immediate online drain" started.
◇ Test "transport classifies non HTTP network and retry-after edge responses" started.
◇ Test "live store reports fixture fallback and queue persistence failures as sync failures" started.
◇ Test "offline failures and cancellations are classified distinctly" started.
◇ Test "401 responses refresh configuration and replay authenticated requests once" started.
◇ Test "mutation queue and durable decode edge cases fail closed" started.
◇ Test "sync engine ignores previous owner checkpoint and queue on first scoped bootstrap" started.
◇ Test "URLSession native sync transport extracts top-level recipe editor id remaps" started.
◇ Test "transport preserves already encoded path segments exactly once" started.
◇ Test "URLSession transport builds URLRequests and decodes successful envelopes" started.
◇ Test "drained shopping mutations persist to file backed cache for restart" started.
◇ Test "HTTP failure status wins over successful JSON envelopes" started.
◇ Test "sync apply clears legacy unscoped snapshots before binding current account" started.
◇ Test "a second 401 after refresh is surfaced instead of looping" started.
◇ Test "sync engine rewrites remaining local ids when auth failure pauses after create success" started.
◇ Test "API error envelopes preserve request IDs details and retry decisions" started.
◇ Test "bootstrap request and sync envelope use the private /me/sync contract" started.
◇ Test "file backed sync store lets scoped bootstrap discard previous owner staged media" started.
◇ Test "scheduled retry timestamps are honored before replaying a dependency key" started.
◇ Test "scoped queue save clears previous owner checkpoint records and tombstones" started.
◇ Test "drained recipe mutations persist to file backed cache for restart" started.
◇ Test "bare and malformed 401 responses refresh and replay authenticated requests once" started.
◇ Test "URLSession native sync transport remaps only identifiable recipe create ingredients" started.
◇ Test "sync engine bootstraps reads drains FIFO per dependency key and removes replayed mutations" started.
◇ Test "sync engine pauses on auth failure classifies conflicts and retains the blocked queue" started.
◇ Test "URLSession native sync transport skips malformed blank and identity id remaps" started.
◇ Test "non JSON and malformed JSON failures retain status and request id context" started.
◇ Test "expired retry schedules drain and tombstone revisions preserve resource families" started.
◇ Test "URLSession native sync transport applies bootstrap data and classifies mutation HTTP failures" started.
◇ Test "URLSession native sync transport extracts shopping add item id remaps" started.
◇ Test "ordinary server error envelopes preserve full API error fields" started.
◇ Test "sync engine applies bootstrap sync data before draining queued mutations" started.
◇ Test "queued mutation resource id replacement targets identifier fields only" started.
◇ Test "optimistic recipe mutations cover every recipe branch and malformed payload fallback" started.
◇ Test "sync trigger coordinator starts bootstrap and drain for lifecycle network account environment and stale surface events" started.
◇ Test "sync engine records step and ingredient create id remaps for drained optimistic mutations" started.
◇ Test "file backed sync store applies records checkpoints and missing staged media errors" started.
◇ Test "offline mutation policy queues allowed writes and refuses online only account security and provider actions" started.
◇ Test "legacy intent shopping mutations convert into native durable queued mutations" started.
◇ Test "sync engine rewrites dependent shopping item ids after add drains" started.
◇ Test "sync stores expose simple queue checkpoint and unavailable errors" started.
◇ Test "native mutation queue persists every offline product domain with durable replay metadata" started.
◇ Test "sync engine rewrites local optimistic recipe and step ids after create responses" started.
◇ Test "sync tombstones apply to local cache records and checkpoint revisions" started.
◇ Test "sync engine blocks local recipe dependent replay when create has not drained" started.
◇ Test "scheduled retry report keeps the shortest independent retry delay" started.
◇ Test "file backed sync store restores queue checkpoint tombstones and staged media for restart" started.
◇ Test "native sync checkpoints validate global and shopping cursors" started.
◇ Test "capture draft mutations are durable local cache mutations and never build network requests" started.
◇ Test "sync apply rebinds account and clears previous owner queue before replay" started.
◇ Test "retry results block the failed dependency key while independent mutations can still drain" started.
◇ Test "bootstrap tombstones are recorded with checkpoint cursors" started.
◇ Test "queued remote mutations build exact REST requests with idempotency keys and bearer auth" started.
◇ Test "retry schedule uses exact Offline Product Contract backoff with capped jitter" started.
◇ Test "offline shopping actions queue safe mutations and destructive clears require confirmation" started.
◇ Test "shopping surface loads live state and exposes queued, conflict, and empty affordances" started.
◇ Test "online shopping actions plan exact REST mutations with offline fallbacks" started.
◇ Test "shopping add form keeps draft on failure and clears only after accepted action" started.
◇ Test "shopping surface executor records planned state after remote success and queues offline fallbacks" started.
✔ Test "shell contract gate live store instead of fixture parity" passed after 0.021 seconds.
✔ Test "signed out settings and offline indicator cover every live shell state" passed after 0.021 seconds.
✔ Test "bootstrap states replace content without changing severity" passed after 0.021 seconds.
✔ Test "recipe shopping coverage requires every ingredient name and unit" passed after 0.021 seconds.
✔ Test "recipe editor app surface drains online structural batches and labels conflict discard honestly" passed after 0.022 seconds.
✔ Test "live store contract covers global search scopes and environment rebinding" passed after 0.022 seconds.
✔ Test "shell content exposes recipe catalog source for live and offline states" passed after 0.021 seconds.
✔ Test "root view bootstraps through live store instead of fixture first run" passed after 0.022 seconds.
✔ Test "offline failures and cancellations are classified distinctly" passed after 0.021 seconds.
✔ Test "sync engine keeps local capture draft mutations out of remote drain" passed after 0.021 seconds.
✔ Test "transport classifies non HTTP network and retry-after edge responses" passed after 0.021 seconds.
✔ Test "sync engine ignores previous owner checkpoint and queue on first scoped bootstrap" passed after 0.021 seconds.
✔ Test "transport preserves already encoded path segments exactly once" passed after 0.021 seconds.
✔ Test "URLSession transport builds URLRequests and decodes successful envelopes" passed after 0.021 seconds.
✔ Test "URLSession native sync transport extracts top-level recipe editor id remaps" passed after 0.021 seconds.
✔ Test "platform navigation consumes live content state and never decodes production fixtures" passed after 0.022 seconds.
✔ Test "401 responses refresh configuration and replay authenticated requests once" passed after 0.021 seconds.
✔ Test "a second 401 after refresh is surfaced instead of looping" passed after 0.021 seconds.
✔ Test "mutation queue and durable decode edge cases fail closed" passed after 0.021 seconds.
✔ Test "sync engine rewrites remaining local ids when auth failure pauses after create success" passed after 0.022 seconds.
✔ Test "HTTP failure status wins over successful JSON envelopes" passed after 0.021 seconds.
✔ Test "API error envelopes preserve request IDs details and retry decisions" passed after 0.022 seconds.
✔ Test "bootstrap request and sync envelope use the private /me/sync contract" passed after 0.021 seconds.
✔ Test "scheduled retry timestamps are honored before replaying a dependency key" passed after 0.021 seconds.
✔ Test "URLSession native sync transport extracts recipe editor id remaps from success envelopes" passed after 0.022 seconds.
✔ Test "scoped queue save clears previous owner checkpoint records and tombstones" passed after 0.022 seconds.
✔ Test "bare and malformed 401 responses refresh and replay authenticated requests once" passed after 0.021 seconds.
✔ Test "drained shopping mutations persist to file backed cache for restart" passed after 0.022 seconds.
✔ Test "sync engine pauses on auth failure classifies conflicts and retains the blocked queue" passed after 0.021 seconds.
✔ Test "non JSON and malformed JSON failures retain status and request id context" passed after 0.022 seconds.
✔ Test "file backed sync store lets scoped bootstrap discard previous owner staged media" passed after 0.022 seconds.
✔ Test "sync engine bootstraps reads drains FIFO per dependency key and removes replayed mutations" passed after 0.022 seconds.
✔ Test "URLSession native sync transport extracts shopping add item id remaps" passed after 0.021 seconds.
✔ Test "URLSession native sync transport remaps only identifiable recipe create ingredients" passed after 0.022 seconds.
✔ Test "ordinary server error envelopes preserve full API error fields" passed after 0.021 seconds.
✔ Test "URLSession native sync transport skips malformed blank and identity id remaps" passed after 0.022 seconds.
✔ Test "URLSession native sync transport applies bootstrap data and classifies mutation HTTP failures" passed after 0.022 seconds.
✔ Test "sync apply clears legacy unscoped snapshots before binding current account" passed after 0.022 seconds.
✔ Test "sync trigger coordinator starts bootstrap and drain for lifecycle network account environment and stale surface events" passed after 0.022 seconds.
✔ Test "sync engine applies bootstrap sync data before draining queued mutations" passed after 0.022 seconds.
✔ Test "queued mutation resource id replacement targets identifier fields only" passed after 0.022 seconds.
✔ Test "offline mutation policy queues allowed writes and refuses online only account security and provider actions" passed after 0.022 seconds.
✔ Test "expired retry schedules drain and tombstone revisions preserve resource families" passed after 0.022 seconds.
✔ Test "sync engine records step and ingredient create id remaps for drained optimistic mutations" passed after 0.022 seconds.
✔ Test "legacy intent shopping mutations convert into native durable queued mutations" passed after 0.022 seconds.
✔ Test "optimistic recipe mutations cover every recipe branch and malformed payload fallback" passed after 0.022 seconds.
✔ Test "sync engine rewrites dependent shopping item ids after add drains" passed after 0.022 seconds.
✔ Test "sync engine blocks local recipe dependent replay when create has not drained" passed after 0.021 seconds.
✔ Test "sync tombstones apply to local cache records and checkpoint revisions" passed after 0.021 seconds.
✔ Test "file backed sync store applies records checkpoints and missing staged media errors" passed after 0.022 seconds.
✔ Test "drained recipe mutations persist to file backed cache for restart" passed after 0.022 seconds.
✔ Test "native sync checkpoints validate global and shopping cursors" passed after 0.021 seconds.
✔ Test "sync apply rebinds account and clears previous owner queue before replay" passed after 0.021 seconds.
✔ Test "retry results block the failed dependency key while independent mutations can still drain" passed after 0.021 seconds.
✔ Test "bootstrap tombstones are recorded with checkpoint cursors" passed after 0.021 seconds.
✔ Test "file backed sync store restores queue checkpoint tombstones and staged media for restart" passed after 0.021 seconds.
✔ Test "retry schedule uses exact Offline Product Contract backoff with capped jitter" passed after 0.021 seconds.
✔ Test "sync engine rewrites local optimistic recipe and step ids after create responses" passed after 0.022 seconds.
✔ Test "core declares live app bootstrap state and repository dependencies" passed after 0.023 seconds.
✔ Test "offline shopping actions queue safe mutations and destructive clears require confirmation" passed after 0.019 seconds.
✔ Test "live store dependencies default recipe editor transport is URLSession-backed" passed after 0.023 seconds.
✔ Test "online shopping actions plan exact REST mutations with offline fallbacks" passed after 0.019 seconds.
✔ Test "capture draft mutations are durable local cache mutations and never build network requests" passed after 0.022 seconds.
✔ Test "sync stores expose simple queue checkpoint and unavailable errors" passed after 0.022 seconds.
✔ Suite "URLSession API transport" passed after 0.024 seconds.
✔ Test "queued remote mutations build exact REST requests with idempotency keys and bearer auth" passed after 0.022 seconds.
✔ Test "shopping add form keeps draft on failure and clears only after accepted action" passed after 0.018 seconds.
✔ Test "shopping surface executor records planned state after remote success and queues offline fallbacks" passed after 0.018 seconds.
✔ Test "shopping surface loads live state and exposes queued, conflict, and empty affordances" passed after 0.019 seconds.
✔ Suite "Native shopping surface parity" passed after 0.024 seconds.
✔ Test "scheduled retry report keeps the shortest independent retry delay" passed after 0.023 seconds.
✔ Test "scenario verifier reports live store as structured checks and capabilities" passed after 0.025 seconds.
✔ Test "native mutation queue persists every offline product domain with durable replay metadata" passed after 0.031 seconds.
✔ Suite "Native sync engine and mutation queue" passed after 0.033 seconds.
✔ Test "live store queueMutation persists mutations through native sync store" passed after 0.051 seconds.
✔ Test "signed out live store restores durable fallback content and records scoped routes" passed after 0.053 seconds.
✔ Test "live store ignores legacy unscoped app snapshot state" passed after 0.056 seconds.
✔ Test "unbound authenticated offline restore fails closed for private sync cache" passed after 0.056 seconds.
✔ Test "live store ignores app snapshot state from another account" passed after 0.056 seconds.
✔ Test "live store restores only bound account cache route and Siri capture draft" passed after 0.061 seconds.
✔ Test "live store reports fixture fallback and queue persistence failures as sync failures" passed after 0.062 seconds.
✔ Test "environment switch clears previous environment content and applies scoped sync" passed after 0.062 seconds.
✔ Test "live store covers shopping merge ties signed-in settings and environment failures" passed after 0.063 seconds.
✔ Test "live store appends mutations to matching scoped queue" passed after 0.064 seconds.
✔ Test "live store queue and conflict discard no-ops leave state untouched" passed after 0.067 seconds.
✔ Test "live store queueMutation discards previous owner media queue before appending current work" passed after 0.066 seconds.
✔ Test "live store refreshes auth before sync and hydrates applied sync cache" passed after 0.066 seconds.
✔ Test "live store discards conflicted queued recipe mutation when discarding local edit" passed after 0.067 seconds.
✔ Test "live store executes recipe editor requests with auth-refreshing transport" passed after 0.067 seconds.
✔ Test "live store restores queued shopping mutations as optimistic content" passed after 0.070 seconds.
✔ Test "live store reports partial online recipe editor drains before the editor closes" passed after 0.071 seconds.
✔ Test "live store keeps drained recipe editor mutations visible after immediate online drain" passed after 0.071 seconds.
✔ Test "live store does not double apply drained structural recipe mutations after immediate online drain" passed after 0.072 seconds.
✔ Test "live store keeps drained shopping mutations visible and cached after immediate online drain" passed after 0.075 seconds.
✔ Test "live store queueMutation optimistically reflects queued recipe edits" passed after 0.075 seconds.
✔ Test "live store maps sync conflict auth retry and local queue outcomes to shell states" passed after 0.076 seconds.
✔ Test "live store discard keeps independent conflicts and removes dependent queued recipe work" passed after 0.078 seconds.
✔ Test "production sources cannot silently use fixture bundles" passed after 0.091 seconds.
✔ Test "production fixture fallback is an explicit test and demo only policy" passed after 0.438 seconds.
✔ Suite "Native live store and shell wiring" passed after 0.439 seconds.
✔ Test run with 96 tests in 4 suites passed after 0.439 seconds.
