[0/1] Planning build
Building for debugging...
[0/5] Write sources
[1/5] Write swift-version--58304C5D6DBC2206.txt
[3/5] Emitting module SpoonjoyCoreTests
[4/5] Compiling SpoonjoyCoreTests ProfileChefGraphSurfaceTests.swift
/Users/arimendelow/Projects/spoonjoy-apple/Tests/SpoonjoyCoreTests/ProfileChefGraphSurfaceTests.swift:181:30: error: cannot find type 'ProfileSurfaceSnapshotError' in scope
179 |         do {
180 |             _ = try await repository.profile(identifier: "not-real")
181 |         } catch let error as ProfileSurfaceSnapshotError {
    |                              `- error: cannot find type 'ProfileSurfaceSnapshotError' in scope
182 |             profileDidThrow = true
183 |             #expect(error == .profileNotCached(identifier: "not-real"))

/Users/arimendelow/Projects/spoonjoy-apple/Tests/SpoonjoyCoreTests/ProfileChefGraphSurfaceTests.swift:190:30: error: cannot find type 'ProfileSurfaceSnapshotError' in scope
188 |         do {
189 |             _ = try await repository.graph(identifier: "not-real", direction: .fellowChefs, page: 1, limit: 50)
190 |         } catch let error as ProfileSurfaceSnapshotError {
    |                              `- error: cannot find type 'ProfileSurfaceSnapshotError' in scope
191 |             graphDidThrow = true
192 |             #expect(error == .profileNotCached(identifier: "not-real"))
error: fatalError
unit 19e review fix red failed as expected
