Building for debugging...
[0/5] Write sources
[1/5] Write swift-version--58304C5D6DBC2206.txt
[3/5] Compiling SpoonjoyCoreTests NativeLiveStoreTests.swift
[4/5] Emitting module SpoonjoyCoreTests
[4/6] Write Objects.LinkFileList
[5/6] Linking SpoonjoyApplePackageTests
Build complete! (7.51s)
◇ Test run started.
↳ Testing Library Version: 1902
↳ Target Platform: arm64e-apple-macos14.0
◇ Suite "URLSession API transport" started.
◇ Suite "Native sync engine and mutation queue" started.
◇ Suite "Native shopping surface parity" started.
◇ Suite "Native live store and shell wiring" started.
◇ Test "401 responses refresh configuration and replay authenticated requests once" started.
◇ Test "a second 401 after refresh is surfaced instead of looping" started.
◇ Test "shopping surface executor does not clobber remote success and queues offline fallbacks" started.
◇ Test "HTTP failure status wins over successful JSON envelopes" started.
◇ Test "shopping surface loads live state and exposes queued, conflict, and empty affordances" started.
◇ Test "online shopping actions plan exact REST mutations with offline fallbacks" started.
◇ Test "shopping add form keeps draft on failure and clears only after accepted action" started.
◇ Test "offline failures and cancellations are classified distinctly" started.
◇ Test "URLSession native sync transport extracts shopping add item id remaps" started.
◇ Test "URLSession native sync transport skips malformed blank and identity id remaps" started.
◇ Test "URLSession native sync transport extracts shopping add-from-recipe item id remaps" started.
◇ Test "offline shopping actions queue safe mutations and destructive clears require confirmation" started.
◇ Test "live store discards conflicted queued recipe mutation when discarding local edit" started.
◇ Test "native mutation queue persists every offline product domain with durable replay metadata" started.
◇ Test "recipe shopping coverage requires every ingredient name and unit" started.
◇ Test "file backed sync store restores queue checkpoint tombstones and staged media for restart" started.
◇ Test "production fixture fallback is an explicit test and demo only policy" started.
◇ Test "URLSession native sync transport remaps only identifiable recipe create ingredients" started.
◇ Test "live store does not double apply drained structural recipe mutations after immediate online drain" started.
◇ Test "drained recipe mutations persist to file backed cache for restart" started.
◇ Test "URLSession native sync transport extracts recipe editor id remaps from success envelopes" started.
◇ Test "transport classifies non HTTP network and retry-after edge responses" started.
◇ Test "live store keeps drained recipe editor mutations visible after immediate online drain" started.
◇ Test "online shopping actions queue behind existing shopping work" started.
◇ Test "URLSession transport builds URLRequests and decodes successful envelopes" started.
◇ Test "queued remote mutations build exact REST requests with idempotency keys and bearer auth" started.
◇ Test "scheduled retry report keeps the shortest independent retry delay" started.
◇ Test "shopping conflicts and queued work are scoped to shopping mutations" started.
◇ Test "sync engine keeps local capture draft mutations out of remote drain" started.
◇ Test "ordinary server error envelopes preserve full API error fields" started.
◇ Test "recipe editor app surface drains online structural batches and labels conflict discard honestly" started.
◇ Test "sync engine ignores previous owner checkpoint and queue on first scoped bootstrap" started.
◇ Test "scheduled retry timestamps are honored before replaying a dependency key" started.
◇ Test "bare and malformed 401 responses refresh and replay authenticated requests once" started.
◇ Test "live store queueMutation persists mutations through native sync store" started.
◇ Test "API error envelopes preserve request IDs details and retry decisions" started.
◇ Test "sync engine blocks local recipe dependent replay when create has not drained" started.
◇ Test "scenario verifier reports live store as structured checks and capabilities" started.
◇ Test "URLSession native sync transport extracts top-level recipe editor id remaps" started.
◇ Test "environment switch clears previous environment content and applies scoped sync" started.
◇ Test "live store reports fixture fallback and queue persistence failures as sync failures" started.
◇ Test "platform navigation consumes live content state and never decodes production fixtures" started.
◇ Test "sync engine bootstraps reads drains FIFO per dependency key and removes replayed mutations" started.
◇ Test "URLSession native sync transport applies bootstrap data and classifies mutation HTTP failures" started.
◇ Test "sync engine rewrites local optimistic recipe and step ids after create responses" started.
◇ Test "live store keeps drained shopping mutations visible and cached after immediate online drain" started.
◇ Test "sync apply rebinds account and clears previous owner queue before replay" started.
◇ Test "bootstrap states replace content without changing severity" started.
◇ Test "live store appends mutations to matching scoped queue" started.
◇ Test "sync engine rewrites dependent shopping item ids after add drains" started.
◇ Test "live store queueMutation optimistically reflects queued recipe edits" started.
◇ Test "file backed sync store applies records checkpoints and missing staged media errors" started.
◇ Test "transport preserves already encoded path segments exactly once" started.
◇ Test "bootstrap tombstones are recorded with checkpoint cursors" started.
◇ Test "stale shopping check mutations preserve the current list" started.
◇ Test "sync engine rewrites remaining local ids when auth failure pauses after create success" started.
◇ Test "live store queue and conflict discard no-ops leave state untouched" started.
◇ Test "live store covers shopping merge ties signed-in settings and environment failures" started.
◇ Test "live store restores queued shopping mutations as optimistic content" started.
◇ Test "non JSON and malformed JSON failures retain status and request id context" started.
◇ Test "sync trigger coordinator starts bootstrap and drain for lifecycle network account environment and stale surface events" started.
◇ Test "live store ignores app snapshot state from another account" started.
◇ Test "live store executes recipe editor requests with auth-refreshing transport" started.
◇ Test "queued mutation resource id replacement targets identifier fields only" started.
◇ Test "capture draft mutations are durable local cache mutations and never build network requests" started.
◇ Test "live store discard keeps independent conflicts and removes dependent queued recipe work" started.
◇ Test "shell content exposes recipe catalog source for live and offline states" started.
◇ Test "live store restores only bound account cache route and Siri capture draft" started.
◇ Test "native sync checkpoints validate global and shopping cursors" started.
◇ Test "sync apply clears legacy unscoped snapshots before binding current account" started.
◇ Test "live store queueMutation discards previous owner media queue before appending current work" started.
◇ Test "production sources cannot silently use fixture bundles" started.
◇ Test "root view bootstraps through live store instead of fixture first run" started.
◇ Test "sync tombstones apply to local cache records and checkpoint revisions" started.
◇ Test "sync stores expose simple queue checkpoint and unavailable errors" started.
◇ Test "live store represents an empty synced shopping list" started.
◇ Test "signed out settings and offline indicator cover every live shell state" started.
◇ Test "sync engine pauses on auth failure classifies conflicts and retains the blocked queue" started.
◇ Test "live store dependencies default recipe editor transport is URLSession-backed" started.
◇ Test "sync engine records step and ingredient create id remaps for drained optimistic mutations" started.
◇ Test "live store refreshes auth before sync and hydrates applied sync cache" started.
◇ Test "retry schedule uses exact Offline Product Contract backoff with capped jitter" started.
◇ Test "expired retry schedules drain and tombstone revisions preserve resource families" started.
◇ Test "legacy intent shopping mutations convert into native durable queued mutations" started.
◇ Test "mutation queue and durable decode edge cases fail closed" started.
◇ Test "bootstrap request and sync envelope use the private /me/sync contract" started.
◇ Test "sync engine applies bootstrap sync data before draining queued mutations" started.
◇ Test "core declares live app bootstrap state and repository dependencies" started.
◇ Test "retry results block the failed dependency key while independent mutations can still drain" started.
◇ Test "live store contract covers global search scopes and environment rebinding" started.
◇ Test "file backed sync store lets scoped bootstrap discard previous owner staged media" started.
◇ Test "drained shopping mutations persist to file backed cache for restart" started.
◇ Test "live store reports partial online recipe editor drains before the editor closes" started.
◇ Test "offline mutation policy queues allowed writes and refuses online only account security and provider actions" started.
◇ Test "live store persists drained shopping checks when the base list came from app snapshot" started.
◇ Test "live store ignores legacy unscoped app snapshot state" started.
◇ Test "live store maps sync conflict auth retry and local queue outcomes to shell states" started.
◇ Test "scoped queue save clears previous owner checkpoint records and tombstones" started.
◇ Test "optimistic recipe mutations cover every recipe branch and malformed payload fallback" started.
◇ Test "shell contract gate live store instead of fixture parity" started.
◇ Test "signed out live store restores durable fallback content and records scoped routes" started.
◇ Test "sync engine rewrites dependent shopping item ids after add-from-recipe drains" started.
◇ Test "unbound authenticated offline restore fails closed for private sync cache" started.
✘ Test "URLSession native sync transport extracts shopping add-from-recipe item id remaps" recorded an issue at APITransportTests.swift:542:9: Expectation failed: try await transport.send(addFromRecipe, configuration: Self.configuration(bearerToken: "sj_access_native")) == .success(serverRevision: nil, idRemaps: [
            NativeSyncIDRemap(localID: "item_local_cm_shopping_recipe-ingredient-1", serverID: "item_server_pasta"),
            NativeSyncIDRemap(localID: "item_local_cm_shopping_recipe-ingredient-2", serverID: "item_server_lemons")
        ])
✘ Test "shopping conflicts and queued work are scoped to shopping mutations" recorded an issue at ShoppingSurfaceParityTests.swift:147:9: Expectation failed: (viewModel.conflictBanner → ShoppingSurfaceConflictBanner(localClientMutationID: "cm_recipe_conflict", message: "Recipe changed elsewhere.", actionTitle: "Review shopping conflict")) == (ShoppingSurfaceConflictBanner(
            localClientMutationID: "cm_shopping_conflict",
            message: "Shopping item changed elsewhere.",
            actionTitle: "Review shopping conflict"
        ) → ShoppingSurfaceConflictBanner(localClientMutationID: "cm_shopping_conflict", message: "Shopping item changed elsewhere.", actionTitle: "Review shopping conflict"))
✘ Test "shopping conflicts and queued work are scoped to shopping mutations" recorded an issue at ShoppingSurfaceParityTests.swift:152:9: Expectation failed: (viewModel.offlineIndicator.display → .conflict(recordID: "cm_recipe_conflict", mutationID: "cm_recipe_conflict")) == .conflict(recordID: "cm_shopping_conflict", mutationID: "cm_shopping_conflict")
✘ Test "shopping conflicts and queued work are scoped to shopping mutations" recorded an issue at ShoppingSurfaceParityTests.swift:170:9: Expectation failed: (recipeOnly.conflictBanner → ShoppingSurfaceConflictBanner(localClientMutationID: "cm_recipe_conflict", message: "Recipe changed elsewhere.", actionTitle: "Review shopping conflict")) == nil
✘ Test "shopping conflicts and queued work are scoped to shopping mutations" recorded an issue at ShoppingSurfaceParityTests.swift:171:9: Expectation failed: (recipeOnly.offlineIndicator.display → .conflict(recordID: "cm_recipe_conflict", mutationID: "cm_recipe_conflict")) == .synced
✘ Test "shopping surface executor does not clobber remote success and queues offline fallbacks" recorded an issue at ShoppingSurfaceParityTests.swift:696:9: Expectation failed: (recordedShoppingLists → [SpoonjoyCore.ShoppingListState(id: "shopping_list_ari", chef: SpoonjoyCore.ChefSummary(id: "chef_ari", username: "ari", photoURL: nil), items: [SpoonjoyCore.ShoppingListItem(id: "item_lemons", name: "lemons", quantity: Optional(2.0), unit: Optional("each"), checked: true, checkedAt: Optional("2026-06-26T02:00:00.000Z"), deletedAt: nil, categoryKey: Optional("produce"), iconKey: Optional("lemon"), sortIndex: 3, updatedAt: "2026-06-26T02:00:00.000Z"), SpoonjoyCore.ShoppingListItem(id: "item_spaghetti", name: "spaghetti", quantity: Optional(12.0), unit: Optional("oz"), checked: false, checkedAt: nil, deletedAt: nil, categoryKey: Optional("pantry"), iconKey: Optional("pasta"), sortIndex: 1, updatedAt: "2026-06-01T00:01:00.000Z"), SpoonjoyCore.ShoppingListItem(id: "item_parmesan", name: "parmesan", quantity: Optional(0.5), unit: Optional("cup"), checked: false, checkedAt: nil, deletedAt: nil, categoryKey: Optional("dairy"), iconKey: Optional("cheese"), sortIndex: 2, updatedAt: "2026-06-01T00:02:00.000Z"), SpoonjoyCore.ShoppingListItem(id: "item_removed_basil", name: "basil", quantity: Optional(1.0), unit: Optional("bunch"), checked: false, checkedAt: nil, deletedAt: Optional("2026-06-01T00:05:00.000Z"), categoryKey: Optional("produce"), iconKey: Optional("herb"), sortIndex: 3, updatedAt: "2026-06-01T00:05:00.000Z")], nextCursor: "v1.fixture.shopping.cursor", updatedAt: "2026-06-01T00:15:00.000Z")]).isEmpty → false
✘ Test "online shopping actions queue behind existing shopping work" recorded an issue at ShoppingSurfaceParityTests.swift:474:9: Expectation failed: (checkLocal.remoteRequestBuilder → APIRequestBuilder(method: SpoonjoyCore.APIRequestMethod.patch, pathComponents: ["api", "v1", "shopping-list", "items", "item_local_cm_pending_add"], queryItems: [], headers: ["Content-Type": "application/json"], body: Optional(54 bytes), defaultAuthorization: SpoonjoyCore.APIAuthorizationPolicy.includeBearerToken, responseCachePolicy: Optional(SpoonjoyCore.APIResponseCachePolicy.privateNoStore))) == nil
✘ Test "online shopping actions queue behind existing shopping work" recorded an issue at ShoppingSurfaceParityTests.swift:436:6: Caught error: Expected queued check behind pending add to provide a native queued mutation.
✘ Test "stale shopping check mutations preserve the current list" recorded an issue at NativeSyncEngineTests.swift:2174:9: Expectation failed: (updated → nil) == (list → ShoppingListState(id: "shopping_list_test", chef: SpoonjoyCore.ChefSummary(id: "chef_ari", username: "ari", photoURL: nil), items: [SpoonjoyCore.ShoppingListItem(id: "item_salt", name: "salt", quantity: Optional(1.0), unit: Optional("pinch"), checked: false, checkedAt: nil, deletedAt: nil, categoryKey: nil, iconKey: nil, sortIndex: 0, updatedAt: "2026-06-16T09:00:00.000Z")], nextCursor: "", updatedAt: "2026-06-16T09:00:00.000Z"))
✘ Test "queued mutation resource id replacement targets identifier fields only" recorded an issue at NativeSyncEngineTests.swift:2144:9: Expectation failed: (addRecipeList?.activeItems.map(\.id) → ["item_local_cm_recipe_items_remap-ingredient-1", "item_local_cm_recipe_items_remap-ingredient-2"]) == ["item_server_water", "item_server_lemon"]
✘ Test "queued mutation resource id replacement targets identifier fields only" recorded an issue at NativeSyncEngineTests.swift:2145:9: Expectation failed: (addRecipeJSON.contains("serverItemIds") → false) == true
✔ Test "HTTP failure status wins over successful JSON envelopes" passed after 0.025 seconds.
✔ Test "a second 401 after refresh is surfaced instead of looping" passed after 0.025 seconds.
✔ Test "401 responses refresh configuration and replay authenticated requests once" passed after 0.025 seconds.
✔ Test "offline failures and cancellations are classified distinctly" passed after 0.025 seconds.
✔ Test "URLSession native sync transport extracts shopping add item id remaps" passed after 0.025 seconds.
✘ Test "URLSession native sync transport extracts shopping add-from-recipe item id remaps" failed after 0.025 seconds with 1 issue.
✔ Test "recipe shopping coverage requires every ingredient name and unit" passed after 0.025 seconds.
✔ Test "shopping surface loads live state and exposes queued, conflict, and empty affordances" passed after 0.025 seconds.
✔ Test "online shopping actions plan exact REST mutations with offline fallbacks" passed after 0.025 seconds.
✔ Test "URLSession native sync transport remaps only identifiable recipe create ingredients" passed after 0.025 seconds.
✔ Test "URLSession native sync transport skips malformed blank and identity id remaps" passed after 0.026 seconds.
✔ Test "offline shopping actions queue safe mutations and destructive clears require confirmation" passed after 0.025 seconds.
✔ Test "URLSession transport builds URLRequests and decodes successful envelopes" passed after 0.025 seconds.
✔ Test "sync engine keeps local capture draft mutations out of remote drain" passed after 0.025 seconds.
✔ Test "URLSession native sync transport extracts recipe editor id remaps from success envelopes" passed after 0.025 seconds.
✔ Test "ordinary server error envelopes preserve full API error fields" passed after 0.025 seconds.
✘ Test "shopping conflicts and queued work are scoped to shopping mutations" failed after 0.025 seconds with 4 issues.
✔ Test "transport classifies non HTTP network and retry-after edge responses" passed after 0.025 seconds.
✘ Test "online shopping actions queue behind existing shopping work" failed after 0.025 seconds with 2 issues.
✔ Test "queued remote mutations build exact REST requests with idempotency keys and bearer auth" passed after 0.025 seconds.
✔ Test "sync engine ignores previous owner checkpoint and queue on first scoped bootstrap" passed after 0.025 seconds.
✔ Test "API error envelopes preserve request IDs details and retry decisions" passed after 0.025 seconds.
✔ Test "bare and malformed 401 responses refresh and replay authenticated requests once" passed after 0.025 seconds.
✔ Test "scheduled retry timestamps are honored before replaying a dependency key" passed after 0.025 seconds.
✔ Test "URLSession native sync transport extracts top-level recipe editor id remaps" passed after 0.025 seconds.
✔ Test "sync engine blocks local recipe dependent replay when create has not drained" passed after 0.025 seconds.
✔ Test "file backed sync store restores queue checkpoint tombstones and staged media for restart" passed after 0.026 seconds.
✔ Test "URLSession native sync transport applies bootstrap data and classifies mutation HTTP failures" passed after 0.025 seconds.
✔ Test "recipe editor app surface drains online structural batches and labels conflict discard honestly" passed after 0.025 seconds.
✔ Test "scheduled retry report keeps the shortest independent retry delay" passed after 0.026 seconds.
✔ Test "sync engine bootstraps reads drains FIFO per dependency key and removes replayed mutations" passed after 0.025 seconds.
✔ Test "sync engine rewrites dependent shopping item ids after add drains" passed after 0.025 seconds.
✔ Test "bootstrap tombstones are recorded with checkpoint cursors" passed after 0.025 seconds.
✔ Test "sync engine rewrites local optimistic recipe and step ids after create responses" passed after 0.025 seconds.
✔ Test "sync engine rewrites remaining local ids when auth failure pauses after create success" passed after 0.025 seconds.
✔ Test "non JSON and malformed JSON failures retain status and request id context" passed after 0.025 seconds.
✔ Test "sync trigger coordinator starts bootstrap and drain for lifecycle network account environment and stale surface events" passed after 0.025 seconds.
✔ Test "sync apply rebinds account and clears previous owner queue before replay" passed after 0.026 seconds.
✔ Test "capture draft mutations are durable local cache mutations and never build network requests" passed after 0.025 seconds.
✔ Test "native sync checkpoints validate global and shopping cursors" passed after 0.025 seconds.
✘ Test "stale shopping check mutations preserve the current list" failed after 0.025 seconds with 1 issue.
✘ Test "queued mutation resource id replacement targets identifier fields only" failed after 0.025 seconds with 2 issues.
✘ Test "sync engine rewrites dependent shopping item ids after add-from-recipe drains" recorded an issue at NativeSyncEngineTests.swift:1802:31: Expectation failed: try await store.cachedRecord(kind: .shoppingItem, resourceID: "item_server_lemon") → nil
✔ Test "file backed sync store applies records checkpoints and missing staged media errors" passed after 0.025 seconds.
✔ Test "sync tombstones apply to local cache records and checkpoint revisions" passed after 0.025 seconds.
✔ Test "native mutation queue persists every offline product domain with durable replay metadata" passed after 0.026 seconds.
✔ Test "sync apply clears legacy unscoped snapshots before binding current account" passed after 0.025 seconds.
✔ Test "shell content exposes recipe catalog source for live and offline states" passed after 0.025 seconds.
✔ Test "sync engine records step and ingredient create id remaps for drained optimistic mutations" passed after 0.025 seconds.
✔ Test "retry schedule uses exact Offline Product Contract backoff with capped jitter" passed after 0.025 seconds.
✔ Test "legacy intent shopping mutations convert into native durable queued mutations" passed after 0.025 seconds.
✔ Test "drained recipe mutations persist to file backed cache for restart" passed after 0.026 seconds.
✔ Test "sync engine pauses on auth failure classifies conflicts and retains the blocked queue" passed after 0.025 seconds.
✔ Test "mutation queue and durable decode edge cases fail closed" passed after 0.025 seconds.
✔ Test "signed out settings and offline indicator cover every live shell state" passed after 0.025 seconds.
✔ Test "root view bootstraps through live store instead of fixture first run" passed after 0.025 seconds.
✔ Test "sync engine applies bootstrap sync data before draining queued mutations" passed after 0.025 seconds.
✔ Test "bootstrap request and sync envelope use the private /me/sync contract" passed after 0.025 seconds.
✔ Test "retry results block the failed dependency key while independent mutations can still drain" passed after 0.025 seconds.
✔ Test "offline mutation policy queues allowed writes and refuses online only account security and provider actions" passed after 0.025 seconds.
✔ Test "platform navigation consumes live content state and never decodes production fixtures" passed after 0.026 seconds.
✔ Test "drained shopping mutations persist to file backed cache for restart" passed after 0.025 seconds.
✔ Test "expired retry schedules drain and tombstone revisions preserve resource families" passed after 0.025 seconds.
✔ Test "file backed sync store lets scoped bootstrap discard previous owner staged media" passed after 0.025 seconds.
✔ Test "shell contract gate live store instead of fixture parity" passed after 0.024 seconds.
✔ Test "sync stores expose simple queue checkpoint and unavailable errors" passed after 0.025 seconds.
✔ Test "bootstrap states replace content without changing severity" passed after 0.026 seconds.
✘ Test "shopping surface executor does not clobber remote success and queues offline fallbacks" failed after 0.027 seconds with 1 issue.
✔ Test "scoped queue save clears previous owner checkpoint records and tombstones" passed after 0.025 seconds.
✔ Test "shopping add form keeps draft on failure and clears only after accepted action" passed after 0.027 seconds.
✘ Test "sync engine rewrites dependent shopping item ids after add-from-recipe drains" failed after 0.025 seconds with 1 issue.
✔ Test "optimistic recipe mutations cover every recipe branch and malformed payload fallback" passed after 0.025 seconds.
✔ Test "transport preserves already encoded path segments exactly once" passed after 0.026 seconds.
✔ Test "live store dependencies default recipe editor transport is URLSession-backed" passed after 0.025 seconds.
✘ Suite "Native shopping surface parity" failed after 0.027 seconds with 7 issues.
✘ Suite "Native sync engine and mutation queue" failed after 0.027 seconds with 4 issues.
✘ Suite "URLSession API transport" failed after 0.027 seconds with 1 issue.
✔ Test "live store contract covers global search scopes and environment rebinding" passed after 0.026 seconds.
✔ Test "scenario verifier reports live store as structured checks and capabilities" passed after 0.035 seconds.
✔ Test "core declares live app bootstrap state and repository dependencies" passed after 0.036 seconds.
✔ Test "live store queueMutation persists mutations through native sync store" passed after 0.056 seconds.
✔ Test "signed out live store restores durable fallback content and records scoped routes" passed after 0.062 seconds.
✔ Test "live store ignores app snapshot state from another account" passed after 0.063 seconds.
✔ Test "live store ignores legacy unscoped app snapshot state" passed after 0.064 seconds.
✘ Test "live store represents an empty synced shopping list" recorded an issue at NativeLiveStoreTests.swift:90:13: Expectation failed: (content.shoppingList → nil) != nil
✘ Test "live store represents an empty synced shopping list" recorded an issue at NativeLiveStoreTests.swift:91:13: Expectation failed: (content.shoppingList?.activeItems.isEmpty → nil) == true
✘ Test "live store represents an empty synced shopping list" failed after 0.069 seconds with 2 issues.
✔ Test "unbound authenticated offline restore fails closed for private sync cache" passed after 0.068 seconds.
✔ Test "live store restores only bound account cache route and Siri capture draft" passed after 0.069 seconds.
✔ Test "live store reports fixture fallback and queue persistence failures as sync failures" passed after 0.071 seconds.
✔ Test "environment switch clears previous environment content and applies scoped sync" passed after 0.071 seconds.
✔ Test "live store covers shopping merge ties signed-in settings and environment failures" passed after 0.072 seconds.
✔ Test "live store appends mutations to matching scoped queue" passed after 0.073 seconds.
✔ Test "live store queue and conflict discard no-ops leave state untouched" passed after 0.075 seconds.
✔ Test "live store queueMutation discards previous owner media queue before appending current work" passed after 0.075 seconds.
✔ Test "live store refreshes auth before sync and hydrates applied sync cache" passed after 0.075 seconds.
✔ Test "live store discards conflicted queued recipe mutation when discarding local edit" passed after 0.077 seconds.
✔ Test "live store executes recipe editor requests with auth-refreshing transport" passed after 0.076 seconds.
✘ Test "live store persists drained shopping checks when the base list came from app snapshot" recorded an issue at NativeLiveStoreTests.swift:500:42: Expectation failed: try await syncStore.cachedRecord(kind: .shoppingItem, resourceID: "item_snapshot") → nil
✔ Test "live store restores queued shopping mutations as optimistic content" passed after 0.079 seconds.
✘ Test "live store persists drained shopping checks when the base list came from app snapshot" failed after 0.079 seconds with 1 issue.
✔ Test "live store reports partial online recipe editor drains before the editor closes" passed after 0.080 seconds.
✔ Test "live store keeps drained recipe editor mutations visible after immediate online drain" passed after 0.082 seconds.
✔ Test "live store does not double apply drained structural recipe mutations after immediate online drain" passed after 0.082 seconds.
✔ Test "live store keeps drained shopping mutations visible and cached after immediate online drain" passed after 0.084 seconds.
✔ Test "live store queueMutation optimistically reflects queued recipe edits" passed after 0.085 seconds.
✔ Test "live store maps sync conflict auth retry and local queue outcomes to shell states" passed after 0.085 seconds.
✔ Test "live store discard keeps independent conflicts and removes dependent queued recipe work" passed after 0.088 seconds.
✔ Test "production sources cannot silently use fixture bundles" passed after 0.115 seconds.
✔ Test "production fixture fallback is an explicit test and demo only policy" passed after 0.525 seconds.
✘ Suite "Native live store and shell wiring" failed after 0.526 seconds with 3 issues.
✘ Test run with 103 tests in 4 suites failed after 0.526 seconds with 15 issues.
