◇ Test run started.
↳ Testing Library Version: 1902
↳ Target Platform: arm64e-apple-macos14.0
◇ Suite "Recipe and cookbook domain" started.
◇ Test "recipe attribution exposes only safe source links" started.
◇ Test "cookbook fixture decodes cover, recipe summaries, and attribution" started.
◇ Test "cookbook encoding preserves the API v1 field names" started.
◇ Test "cookbook search summary exposes cover-aware navigation fields" started.
◇ Test "cookbook catalog returns nil for missing ids" started.
◇ Test "manual step and ingredient initializers preserve values" started.
◇ Test "recipe search summary preserves free-form serving text" started.
◇ Test "recipe search summary exposes public navigation fields" started.
◇ Test "cookbook validation rejects malformed public payloads" started.
◇ Test "recipe summary preserves index row fields from detail recipes" started.
◇ Test "recipe steps and ingredients preserve display-safe API data" started.
◇ Test "recipe fixture decodes API v1 recipe detail shape" started.
◇ Test "deleted source recipes do not expose safe navigation links" started.
◇ Test "recipe catalog returns nil for missing ids" started.
◇ Test "cookbook search summary uses singular recipe text" started.
◇ Test "recipe cover source accepts every current API spelling" started.
◇ Test "recipe validation rejects malformed public payloads" started.
◇ Test "recipe search summary falls back when serving text is absent" started.
◇ Test "cookbook cover falls back cleanly when no images are available" started.
✔ Test "recipe search summary preserves free-form serving text" passed after 0.006 seconds.
✔ Test "cookbook validation rejects malformed public payloads" passed after 0.006 seconds.
✔ Test "manual step and ingredient initializers preserve values" passed after 0.006 seconds.
✔ Test "recipe attribution exposes only safe source links" passed after 0.007 seconds.
✔ Test "deleted source recipes do not expose safe navigation links" passed after 0.006 seconds.
✔ Test "cookbook search summary uses singular recipe text" passed after 0.006 seconds.
✔ Test "recipe cover source accepts every current API spelling" passed after 0.006 seconds.
✔ Test "recipe validation rejects malformed public payloads" passed after 0.006 seconds.
✔ Test "recipe search summary falls back when serving text is absent" passed after 0.007 seconds.
✔ Test "cookbook cover falls back cleanly when no images are available" passed after 0.007 seconds.
✔ Test "cookbook fixture decodes cover, recipe summaries, and attribution" passed after 0.037 seconds.
✔ Test "cookbook catalog returns nil for missing ids" passed after 0.037 seconds.
✔ Test "recipe steps and ingredients preserve display-safe API data" passed after 0.037 seconds.
✔ Test "cookbook encoding preserves the API v1 field names" passed after 0.037 seconds.
✔ Test "recipe summary preserves index row fields from detail recipes" passed after 0.037 seconds.
✔ Test "recipe fixture decodes API v1 recipe detail shape" passed after 0.037 seconds.
✔ Test "recipe search summary exposes public navigation fields" passed after 0.037 seconds.
✔ Test "recipe catalog returns nil for missing ids" passed after 0.037 seconds.
✔ Test "cookbook search summary exposes cover-aware navigation fields" passed after 0.038 seconds.
✔ Suite "Recipe and cookbook domain" passed after 0.039 seconds.
✔ Test run with 19 tests in 1 suite passed after 0.040 seconds.
