Building for debugging...
[0/6] Write sources
[1/6] Write swift-version--58304C5D6DBC2206.txt
[3/8] Compiling SpoonjoyCoreTests NativeSyncEngineTests.swift
[4/8] Compiling SpoonjoyCoreTests NativeScenarioTests.swift
[5/8] Emitting module SpoonjoyCoreTests
[6/8] Compiling SpoonjoyCoreTests NativeSharingTests.swift
[7/16] Compiling SpoonjoyCoreTests OfflineStoreTests.swift
[8/16] Compiling SpoonjoyCoreTests NativeCacheFreshnessTests.swift
[9/16] Compiling SpoonjoyCoreTests NativeAuthSessionTests.swift
[10/16] Compiling SpoonjoyCoreTests AppStateTests.swift
[11/16] Compiling SpoonjoyCoreTests CookModeParityTests.swift
[12/16] Compiling SpoonjoyCoreTests NativeAPIExpansionTests.swift
[13/16] Compiling SpoonjoyCoreTests RecipeEditorParityTests.swift
[14/16] Compiling SpoonjoyCoreTests NativeLiveStoreTests.swift
[15/18] Compiling SpoonjoyApplePackageTests runner.swift
[16/18] Emitting module SpoonjoyApplePackageTests
[16/18] Write Objects.LinkFileList
[17/18] Linking SpoonjoyApplePackageTests
Build complete! (15.57s)
◇ Test run started.
↳ Testing Library Version: 1902
↳ Target Platform: arm64e-apple-macos14.0
◇ Suite "Native sharing payloads" started.
◇ Test "public share route policy only exposes recipe and cookbook object URLs" started.
◇ Test "recipe and cookbook public payloads use canonical model URLs exactly" started.
◇ Test "private transfer fallback labels cover sparse shopping spoon and capture values" started.
◇ Test "private transfer edge labels cover checked items and sanitized capture titles" started.
◇ Test "capture draft private transfers redact credential URLs and local media identifiers" started.
◇ Test "public route payloads back toolbar sharing without leaking native-only routes" started.
◇ Test "private product values use native transfers without fake public URLs" started.
◇ Test "sharing catalog stays system-share only and does not invent social surfaces" started.
◇ Test "public payload builders reject non-object and non-spoonjoy canonical URLs" started.
✔ Test "public share route policy only exposes recipe and cookbook object URLs" passed after 0.001 seconds.
✔ Test "public route payloads back toolbar sharing without leaking native-only routes" passed after 0.001 seconds.
✔ Test "sharing catalog stays system-share only and does not invent social surfaces" passed after 0.001 seconds.
✔ Test "private transfer fallback labels cover sparse shopping spoon and capture values" passed after 0.001 seconds.
✔ Test "private transfer edge labels cover checked items and sanitized capture titles" passed after 0.001 seconds.
✔ Test "capture draft private transfers redact credential URLs and local media identifiers" passed after 0.001 seconds.
✔ Test "recipe and cookbook public payloads use canonical model URLs exactly" passed after 0.005 seconds.
✔ Test "private product values use native transfers without fake public URLs" passed after 0.005 seconds.
✔ Test "public payload builders reject non-object and non-spoonjoy canonical URLs" passed after 0.012 seconds.
✔ Suite "Native sharing payloads" passed after 0.012 seconds.
✔ Test run with 9 tests in 1 suite passed after 0.012 seconds.
