[0/1] Planning build
Building for debugging...
[0/7] Write sources
[1/7] Write swift-version--58304C5D6DBC2206.txt
[3/72] Compiling SpoonjoyCore OAuthRequests.swift
[4/72] Compiling SpoonjoyCore OAuthResponses.swift
[5/72] Compiling SpoonjoyCore RefreshCoordinator.swift
[6/72] Compiling SpoonjoyCore SecureAuthWebHandoff.swift
[7/72] Compiling SpoonjoyCore TokenVault.swift
[8/72] Compiling SpoonjoyCore NativeCacheFreshnessPolicy.swift
[9/72] Compiling SpoonjoyCore NativeCachePrefetchPolicy.swift
[10/72] Compiling SpoonjoyCore NativeAPIRequests.swift
[11/72] Compiling SpoonjoyCore PaginationCursor.swift
[12/72] Compiling SpoonjoyCore PublicCatalogRequests.swift
[13/72] Compiling SpoonjoyCore ShoppingListAPI.swift
[14/72] Compiling SpoonjoyCore ShoppingListRequests.swift
[15/72] Compiling SpoonjoyCore AppNavigationState.swift
[16/72] Compiling SpoonjoyCore AppRoute.swift
[17/79] Compiling SpoonjoyCore RecipeCatalogRepository.swift
[18/79] Compiling SpoonjoyCore RecipeCatalogViewModel.swift
[19/79] Compiling SpoonjoyCore RecipeDetailScreenViewModel.swift
[20/79] Compiling SpoonjoyCore RecipeEditorDraft.swift
[21/79] Compiling SpoonjoyCore RecipeEditorDraftChangePlanner.swift
[22/79] Compiling SpoonjoyCore RecipeEditorViewModel.swift
[23/79] Compiling SpoonjoyCore ShoppingSurfaceViewModel.swift
[24/79] Emitting module SpoonjoyCore
[25/79] Compiling SpoonjoyCore NativeCapabilityMetadata.swift
[26/79] Compiling SpoonjoyCore NativeIntentAction.swift
[27/79] Compiling SpoonjoyCore ScenarioCommand.swift
[28/79] Compiling SpoonjoyCore ScenarioReport.swift
[29/79] Compiling SpoonjoyCore ScenarioVerifier.swift
[30/79] Compiling SpoonjoyCore SpotlightIndexPlan.swift
[31/79] Compiling SpoonjoyCore JSONFileStore.swift
[32/79] Compiling SpoonjoyCore APIClient.swift
[33/79] Compiling SpoonjoyCore APIEnvelope.swift
[34/79] Compiling SpoonjoyCore APIError.swift
[35/79] Compiling SpoonjoyCore APIRequestBuilder.swift
[36/79] Compiling SpoonjoyCore APIRequestSupport.swift
[37/79] Compiling SpoonjoyCore APIRetryPolicy.swift
[38/79] Compiling SpoonjoyCore APITransport.swift
[39/79] Compiling SpoonjoyCore JSONValue.swift
[40/79] Compiling SpoonjoyCore DeepLinkRouter.swift
[41/79] Compiling SpoonjoyCore DeepLinkURLBuilder.swift
[42/79] Compiling SpoonjoyCore NativeAppSnapshot.swift
[43/79] Compiling SpoonjoyCore NativeFixtureFallbackPolicy.swift
[44/79] Compiling SpoonjoyCore NativeLiveAppStore.swift
[45/79] Compiling SpoonjoyCore ScreenViewModels.swift
[46/79] Compiling SpoonjoyCore SearchState.swift
[47/79] Compiling SpoonjoyCore AuthSessionState.swift
[48/79] Compiling SpoonjoyCore InMemoryTokenVault.swift
[49/79] Compiling SpoonjoyCore KeychainTokenVault.swift
[50/79] Compiling SpoonjoyCore NativeAuthSession.swift
[51/79] Compiling SpoonjoyCore NativeAuthSessionRepository.swift
[52/79] Compiling SpoonjoyCore OAuthPKCE.swift
[53/79] Compiling SpoonjoyCore OAuthRedirectValidator.swift
[54/79] Compiling SpoonjoyCore SpoonCookLogViewModel.swift
[55/79] Compiling SpoonjoyCore CaptureDraft.swift
[56/79] Compiling SpoonjoyCore CookModeProgress.swift
[57/79] Compiling SpoonjoyCore KitchenFixtureState.swift
[58/79] Compiling SpoonjoyCore SettingsState.swift
[59/79] Compiling SpoonjoyCore ShoppingListState.swift
[60/79] Compiling SpoonjoyCore DeepLinkManifest.swift
[61/79] Compiling SpoonjoyCore NativeDurableCache.swift
[62/79] Compiling SpoonjoyCore NativeDurableCacheStore.swift
[63/79] Compiling SpoonjoyCore NativeIndicatorDismissalStore.swift
[64/79] Compiling SpoonjoyCore NativeMediaStagingPolicy.swift
[65/79] Compiling SpoonjoyCore OfflineFreshnessIndicator.swift
[66/79] Compiling SpoonjoyCore RecipeCoverControlsViewModel.swift
[67/79] Compiling SpoonjoyCore RecipeActionsViewModel.swift
[68/79] Compiling SpoonjoyCore MutationQueue.swift
[69/79] Compiling SpoonjoyCore OfflineSnapshot.swift
[70/79] Compiling SpoonjoyCore SyncCheckpoint.swift
[71/79] Compiling SpoonjoyCore RecipeCookbook.swift
[72/79] Compiling SpoonjoyCore SpoonjoyCore.swift
[73/79] Compiling SpoonjoyCore NativeSyncEngine.swift
[74/79] Compiling SpoonjoyCore resource_bundle_accessor.swift
[75/105] Emitting module SpoonjoyScenarioVerifier
[76/105] Compiling SpoonjoyScenarioVerifier ScenarioProcessMain.swift
[77/105] Compiling SpoonjoyScenarioVerifier main.swift
[77/105] Write Objects.LinkFileList
[78/105] Linking SpoonjoyScenarioVerifier
[79/105] Applying SpoonjoyScenarioVerifier
[81/105] Emitting module SpoonjoyCoreTests
[82/107] Compiling SpoonjoyCoreTests OfflineStoreTests.swift
[83/107] Compiling SpoonjoyCoreTests RecipeActionParityTests.swift
[84/107] Compiling SpoonjoyCoreTests RecipeEditorParityTests.swift
[85/107] Compiling SpoonjoyCoreTests ShoppingAPIClientTests.swift
[86/107] Compiling SpoonjoyCoreTests SpoonjoyCoreBootstrapTests.swift
[87/107] Compiling SpoonjoyCoreTests TokenRefreshTests.swift
[88/107] Compiling SpoonjoyCoreTests ShoppingSurfaceParityTests.swift
[89/107] Compiling SpoonjoyCoreTests SpoonCookLogSurfaceTests.swift
[90/107] Compiling SpoonjoyCoreTests RecipeCatalogDetailTests.swift
[91/107] Compiling SpoonjoyCoreTests RecipeCookbookTests.swift
[92/107] Compiling SpoonjoyCoreTests KitchenStateTests.swift
[93/107] Compiling SpoonjoyCoreTests NativeAPIExpansionTests.swift
[94/107] Compiling SpoonjoyCoreTests NativeAuthSessionTests.swift
[95/107] Compiling SpoonjoyCoreTests APIReadClientTests.swift
[96/107] Compiling SpoonjoyCoreTests APITransportTests.swift
[97/107] Compiling SpoonjoyCoreTests AppStateTests.swift
[98/107] Compiling SpoonjoyCoreTests NativeCacheFreshnessTests.swift
[99/107] Compiling SpoonjoyCoreTests NativeLiveStoreTests.swift
[100/107] Compiling SpoonjoyCoreTests NativeScenarioTests.swift
[101/107] Compiling SpoonjoyCoreTests NativeSyncEngineTests.swift
[102/107] Compiling SpoonjoyCoreTests OAuthRequestTests.swift
[103/107] Compiling SpoonjoyCoreTests CookModeParityTests.swift
[104/107] Compiling SpoonjoyCoreTests CoverControlSurfaceTests.swift
[105/107] Compiling SpoonjoyCoreTests DeepLinkRouterTests.swift
[106/109] Compiling SpoonjoyApplePackageTests runner.swift
[107/109] Emitting module SpoonjoyApplePackageTests
[107/109] Write Objects.LinkFileList
[108/109] Linking SpoonjoyApplePackageTests
Build complete! (19.20s)
◇ Test run started.
↳ Testing Library Version: 1902
↳ Target Platform: arm64e-apple-macos14.0
◇ Suite "Native sync engine and mutation queue" started.
◇ Test "sync apply rebinds account and clears previous owner queue before replay" started.
◇ Test "retry schedule uses exact Offline Product Contract backoff with capped jitter" started.
◇ Test "mutation queue and durable decode edge cases fail closed" started.
◇ Test "sync engine rewrites dependent shopping item ids after add-from-recipe drains" started.
◇ Test "drained cover mutations clear stale active cover cache for restart" started.
◇ Test "sync engine ignores previous owner checkpoint and queue on first scoped bootstrap" started.
◇ Test "sync stores expose simple queue checkpoint and unavailable errors" started.
◇ Test "native mutation queue persists every offline product domain with durable replay metadata" started.
◇ Test "drained recipe mutations persist to file backed cache for restart" started.
◇ Test "sync engine applies bootstrap sync data before draining queued mutations" started.
◇ Test "capture draft mutations are durable local cache mutations and never build network requests" started.
◇ Test "sync engine rewrites local optimistic recipe and step ids after create responses" started.
◇ Test "native sync checkpoints validate global and shopping cursors" started.
◇ Test "legacy intent shopping mutations convert into native durable queued mutations" started.
◇ Test "sync engine records step and ingredient create id remaps for drained optimistic mutations" started.
◇ Test "sync engine pauses on auth failure classifies conflicts and retains the blocked queue" started.
◇ Test "sync engine records spoon create id remaps without sending internal fields" started.
◇ Test "sync engine blocks local recipe dependent replay when create has not drained" started.
◇ Test "sync tombstones apply to local cache records and checkpoint revisions" started.
◇ Test "expired retry schedules drain and tombstone revisions preserve resource families" started.
◇ Test "scheduled retry report keeps the shortest independent retry delay" started.
◇ Test "queued mutation resource id replacement targets identifier fields only" started.
◇ Test "scoped queue save clears previous owner checkpoint records and tombstones" started.
◇ Test "scheduled retry timestamps are honored before replaying a dependency key" started.
◇ Test "drained spoon mutations persist to recipe cache for restart" started.
◇ Test "queued remote mutations build exact REST requests with idempotency keys and bearer auth" started.
◇ Test "file backed sync store restores queue checkpoint tombstones and staged media for restart" started.
◇ Test "drained shopping mutations persist to file backed cache for restart" started.
◇ Test "stale shopping check mutations preserve the current list" started.
◇ Test "drained shopping cache patch deletes removed cached rows and timestamps from first drained mutation" started.
◇ Test "sync engine keeps local capture draft mutations out of remote drain" started.
◇ Test "optimistic recipe mutations cover every recipe branch and malformed payload fallback" started.
◇ Test "sync engine rewrites remaining local ids when auth failure pauses after create success" started.
◇ Test "retry results block the failed dependency key while independent mutations can still drain" started.
◇ Test "offline mutation policy queues allowed writes and refuses online only account security and provider actions" started.
◇ Test "optimistic shopping mutations fail closed for malformed replay payloads" started.
◇ Test "bootstrap tombstones are recorded with checkpoint cursors" started.
◇ Test "sync engine rewrites dependent shopping item ids after add drains" started.
◇ Test "file backed sync store applies records checkpoints and missing staged media errors" started.
◇ Test "sync apply clears legacy unscoped snapshots before binding current account" started.
◇ Test "bootstrap request and sync envelope use the private /me/sync contract" started.
◇ Test "sync engine bootstraps reads drains FIFO per dependency key and removes replayed mutations" started.
◇ Test "file backed sync store lets scoped bootstrap discard previous owner staged media" started.
◇ Test "drained add-from-recipe replays queued ingredient descriptors without cached recipe" started.
◇ Test "optimistic shopping check and clear completed update stale timestamps" started.
◇ Test "sync trigger coordinator starts bootstrap and drain for lifecycle network account environment and stale surface events" started.
✔ Test "retry schedule uses exact Offline Product Contract backoff with capped jitter" passed after 0.012 seconds.
✔ Test "native sync checkpoints validate global and shopping cursors" passed after 0.011 seconds.
✔ Test "capture draft mutations are durable local cache mutations and never build network requests" passed after 0.011 seconds.
✔ Test "mutation queue and durable decode edge cases fail closed" passed after 0.012 seconds.
✔ Test "sync engine ignores previous owner checkpoint and queue on first scoped bootstrap" passed after 0.012 seconds.
✔ Test "sync apply rebinds account and clears previous owner queue before replay" passed after 0.012 seconds.
✔ Test "legacy intent shopping mutations convert into native durable queued mutations" passed after 0.011 seconds.
✔ Test "sync engine pauses on auth failure classifies conflicts and retains the blocked queue" passed after 0.011 seconds.
✔ Test "sync engine applies bootstrap sync data before draining queued mutations" passed after 0.012 seconds.
✔ Test "sync engine rewrites dependent shopping item ids after add-from-recipe drains" passed after 0.012 seconds.
✔ Test "sync engine records step and ingredient create id remaps for drained optimistic mutations" passed after 0.011 seconds.
✔ Test "sync tombstones apply to local cache records and checkpoint revisions" passed after 0.011 seconds.
✔ Test "sync engine blocks local recipe dependent replay when create has not drained" passed after 0.011 seconds.
✔ Test "sync engine rewrites local optimistic recipe and step ids after create responses" passed after 0.012 seconds.
✔ Test "scoped queue save clears previous owner checkpoint records and tombstones" passed after 0.011 seconds.
✔ Test "sync engine records spoon create id remaps without sending internal fields" passed after 0.012 seconds.
✔ Test "scheduled retry timestamps are honored before replaying a dependency key" passed after 0.012 seconds.
✔ Test "queued mutation resource id replacement targets identifier fields only" passed after 0.012 seconds.
✔ Test "sync stores expose simple queue checkpoint and unavailable errors" passed after 0.012 seconds.
✔ Test "stale shopping check mutations preserve the current list" passed after 0.011 seconds.
✔ Test "scheduled retry report keeps the shortest independent retry delay" passed after 0.012 seconds.
✔ Test "sync engine keeps local capture draft mutations out of remote drain" passed after 0.011 seconds.
✔ Test "expired retry schedules drain and tombstone revisions preserve resource families" passed after 0.012 seconds.
✔ Test "drained shopping cache patch deletes removed cached rows and timestamps from first drained mutation" passed after 0.012 seconds.
✔ Test "sync engine rewrites remaining local ids when auth failure pauses after create success" passed after 0.012 seconds.
✔ Test "retry results block the failed dependency key while independent mutations can still drain" passed after 0.012 seconds.
✔ Test "file backed sync store restores queue checkpoint tombstones and staged media for restart" passed after 0.012 seconds.
✔ Test "offline mutation policy queues allowed writes and refuses online only account security and provider actions" passed after 0.012 seconds.
✔ Test "sync engine rewrites dependent shopping item ids after add drains" passed after 0.012 seconds.
✔ Test "bootstrap tombstones are recorded with checkpoint cursors" passed after 0.012 seconds.
✔ Test "optimistic shopping mutations fail closed for malformed replay payloads" passed after 0.012 seconds.
✔ Test "queued remote mutations build exact REST requests with idempotency keys and bearer auth" passed after 0.012 seconds.
✔ Test "bootstrap request and sync envelope use the private /me/sync contract" passed after 0.012 seconds.
✔ Test "drained shopping mutations persist to file backed cache for restart" passed after 0.012 seconds.
✔ Test "drained cover mutations clear stale active cover cache for restart" passed after 0.012 seconds.
✔ Test "optimistic shopping check and clear completed update stale timestamps" passed after 0.011 seconds.
✔ Test "sync trigger coordinator starts bootstrap and drain for lifecycle network account environment and stale surface events" passed after 0.011 seconds.
✔ Test "drained add-from-recipe replays queued ingredient descriptors without cached recipe" passed after 0.011 seconds.
✔ Test "optimistic recipe mutations cover every recipe branch and malformed payload fallback" passed after 0.012 seconds.
✔ Test "sync apply clears legacy unscoped snapshots before binding current account" passed after 0.012 seconds.
✔ Test "sync engine bootstraps reads drains FIFO per dependency key and removes replayed mutations" passed after 0.012 seconds.
✔ Test "file backed sync store applies records checkpoints and missing staged media errors" passed after 0.012 seconds.
✔ Test "drained recipe mutations persist to file backed cache for restart" passed after 0.013 seconds.
✔ Test "file backed sync store lets scoped bootstrap discard previous owner staged media" passed after 0.013 seconds.
✔ Test "native mutation queue persists every offline product domain with durable replay metadata" passed after 0.014 seconds.
✔ Test "drained spoon mutations persist to recipe cache for restart" passed after 0.014 seconds.
✔ Suite "Native sync engine and mutation queue" passed after 0.016 seconds.
✔ Test run with 46 tests in 1 suite passed after 0.016 seconds.
