Listing iOS simulator runtimes: xcrun simctl list runtimes
== Runtimes ==
iOS 26.5 (26.5 - 23F77) - com.apple.CoreSimulator.SimRuntime.iOS-26-5
runtime list exit code: 0
resolved destination: platform=iOS Simulator,id=10C519CA-BBD2-4780-870C-925916412F67
resolver exit code: 0
Running iOS simulator build: xcodebuild -project Spoonjoy.xcodeproj -scheme 'Spoonjoy iOS' -configuration BootstrapDebug -destination 'generic/platform=iOS Simulator' CODE_SIGNING_ALLOWED=NO GCC_TREAT_WARNINGS_AS_ERRORS=YES build
Command line invocation:
    /Applications/Xcode.app/Contents/Developer/usr/bin/xcodebuild -project Spoonjoy.xcodeproj -scheme "Spoonjoy iOS" -configuration BootstrapDebug -destination "generic/platform=iOS Simulator" -derivedDataPath tasks/2026-06-16-1754-doing-siri-full-access-parity/DerivedData-iOS CODE_SIGNING_ALLOWED=NO GCC_TREAT_WARNINGS_AS_ERRORS=YES build

Build settings from command line:
    CODE_SIGNING_ALLOWED = NO
    GCC_TREAT_WARNINGS_AS_ERRORS = YES

Resolve Package Graph


Resolved source packages:
  SpoonjoyApple: /Users/arimendelow/Projects/spoonjoy-apple @ local

ComputePackagePrebuildTargetDependencyGraph

Prepare packages

CreateBuildRequest

SendProjectDescription

CreateBuildOperation

ComputeTargetDependencyGraph
note: Building targets in dependency order
note: Target dependency graph (4 targets)
    Target 'Spoonjoy iOS' in project 'Spoonjoy'
        ➜ Explicit dependency on target 'SpoonjoyCore' in project 'SpoonjoyApple'
    Target 'SpoonjoyCore' in project 'SpoonjoyApple'
        ➜ Explicit dependency on target 'SpoonjoyCore' in project 'SpoonjoyApple'
        ➜ Explicit dependency on target 'SpoonjoyApple_SpoonjoyCore' in project 'SpoonjoyApple'
    Target 'SpoonjoyCore' in project 'SpoonjoyApple'
        ➜ Explicit dependency on target 'SpoonjoyApple_SpoonjoyCore' in project 'SpoonjoyApple'
    Target 'SpoonjoyApple_SpoonjoyCore' in project 'SpoonjoyApple' (no dependencies)

GatherProvisioningInputs

CreateBuildDescription

ClangStatCache /Applications/Xcode.app/Contents/Developer/Toolchains/XcodeDefault.xctoolchain/usr/bin/clang-stat-cache /Applications/Xcode.app/Contents/Developer/Platforms/iPhoneSimulator.platform/Developer/SDKs/iPhoneSimulator26.5.sdk /Users/arimendelow/Projects/spoonjoy-apple/tasks/2026-06-16-1754-doing-siri-full-access-parity/DerivedData-iOS/SDKStatCaches.noindex/iphonesimulator26.5-23F73-6cfe768891a92b912361537c460fe42b.sdkstatcache
    cd /Users/arimendelow/Projects/spoonjoy-apple/Spoonjoy.xcodeproj
    /Applications/Xcode.app/Contents/Developer/Toolchains/XcodeDefault.xctoolchain/usr/bin/clang-stat-cache /Applications/Xcode.app/Contents/Developer/Platforms/iPhoneSimulator.platform/Developer/SDKs/iPhoneSimulator26.5.sdk -o /Users/arimendelow/Projects/spoonjoy-apple/tasks/2026-06-16-1754-doing-siri-full-access-parity/DerivedData-iOS/SDKStatCaches.noindex/iphonesimulator26.5-23F73-6cfe768891a92b912361537c460fe42b.sdkstatcache

Copy /Users/arimendelow/Projects/spoonjoy-apple/tasks/2026-06-16-1754-doing-siri-full-access-parity/DerivedData-iOS/Build/Products/BootstrapDebug-iphonesimulator/Spoonjoy.app/SpoonjoyApple_SpoonjoyCore.bundle /Users/arimendelow/Projects/spoonjoy-apple/tasks/2026-06-16-1754-doing-siri-full-access-parity/DerivedData-iOS/Build/Products/BootstrapDebug-iphonesimulator/SpoonjoyApple_SpoonjoyCore.bundle (in target 'Spoonjoy iOS' from project 'Spoonjoy')
    cd /Users/arimendelow/Projects/spoonjoy-apple
    builtin-copy -exclude .DS_Store -exclude CVS -exclude .svn -exclude .git -exclude .hg -resolve-src-symlinks /Users/arimendelow/Projects/spoonjoy-apple/tasks/2026-06-16-1754-doing-siri-full-access-parity/DerivedData-iOS/Build/Products/BootstrapDebug-iphonesimulator/SpoonjoyApple_SpoonjoyCore.bundle /Users/arimendelow/Projects/spoonjoy-apple/tasks/2026-06-16-1754-doing-siri-full-access-parity/DerivedData-iOS/Build/Products/BootstrapDebug-iphonesimulator/Spoonjoy.app

ProcessInfoPlistFile /Users/arimendelow/Projects/spoonjoy-apple/tasks/2026-06-16-1754-doing-siri-full-access-parity/DerivedData-iOS/Build/Products/BootstrapDebug-iphonesimulator/Spoonjoy.app/Info.plist /Users/arimendelow/Projects/spoonjoy-apple/Apps/Spoonjoy/Shared/Info.plist (in target 'Spoonjoy iOS' from project 'Spoonjoy')
    cd /Users/arimendelow/Projects/spoonjoy-apple
    builtin-infoPlistUtility /Users/arimendelow/Projects/spoonjoy-apple/Apps/Spoonjoy/Shared/Info.plist -producttype com.apple.product-type.application -genpkginfo /Users/arimendelow/Projects/spoonjoy-apple/tasks/2026-06-16-1754-doing-siri-full-access-parity/DerivedData-iOS/Build/Products/BootstrapDebug-iphonesimulator/Spoonjoy.app/PkgInfo -expandbuildsettings -format binary -platform iphonesimulator -additionalcontentfile /Users/arimendelow/Projects/spoonjoy-apple/tasks/2026-06-16-1754-doing-siri-full-access-parity/DerivedData-iOS/Build/Intermediates.noindex/Spoonjoy.build/BootstrapDebug-iphonesimulator/Spoonjoy\ iOS.build/assetcatalog_generated_info.plist -scanforprivacyfile /Users/arimendelow/Projects/spoonjoy-apple/tasks/2026-06-16-1754-doing-siri-full-access-parity/DerivedData-iOS/Build/Products/BootstrapDebug-iphonesimulator/Spoonjoy.app/SpoonjoyApple_SpoonjoyCore.bundle -o /Users/arimendelow/Projects/spoonjoy-apple/tasks/2026-06-16-1754-doing-siri-full-access-parity/DerivedData-iOS/Build/Products/BootstrapDebug-iphonesimulator/Spoonjoy.app/Info.plist

** BUILD SUCCEEDED **

iOS simulator build exit code: 0
Booting simulator: xcrun simctl boot 10C519CA-BBD2-4780-870C-925916412F67
Simulator was already booted; suppressed benign CoreSimulator boot diagnostic.
simulator boot exit code: 0
Uninstalling stale app before fresh install: 10C519CA-BBD2-4780-870C-925916412F67 app.spoonjoy.Spoonjoy
Installing app: tasks/2026-06-16-1754-doing-siri-full-access-parity/DerivedData-iOS/Build/Products/BootstrapDebug-iphonesimulator/Spoonjoy.app
simulator install exit code: 0
Launching app: xcrun simctl launch app.spoonjoy.Spoonjoy
app.spoonjoy.Spoonjoy: 30079
simulator launch exit code: 0
