Building for debugging...
[0/5] Write sources
[1/5] Write swift-version--58304C5D6DBC2206.txt
[3/5] Emitting module SpoonjoyCoreTests
[4/5] Compiling SpoonjoyCoreTests SpotlightShortcutTransferTests.swift
[4/6] Write Objects.LinkFileList
[5/6] Linking SpoonjoyApplePackageTests
Build complete! (4.68s)
Test Suite 'Selected tests' started at 2026-06-29 03:55:50.082.
Test Suite 'SpoonjoyApplePackageTests.xctest' started at 2026-06-29 03:55:50.083.
Test Suite 'SpoonjoyApplePackageTests.xctest' passed at 2026-06-29 03:55:50.083.
	 Executed 0 tests, with 0 failures (0 unexpected) in 0.000 (0.000) seconds
Test Suite 'Selected tests' passed at 2026-06-29 03:55:50.083.
	 Executed 0 tests, with 0 failures (0 unexpected) in 0.000 (0.001) seconds
◇ Test run started.
↳ Testing Library Version: 1902
↳ Target Platform: arm64e-apple-macos14.0
◇ Suite "Spotlight, App Shortcuts, and transfer integration contracts" started.
◇ Test "source contracts wire semantic Spotlight, App Shortcuts, donations, on-screen annotations, and transfers" started.
◇ Test "Spotlight identifiers stay scoped and reject malformed private routes" started.
◇ Test "native metadata advertises every shipped entity as Spotlight indexed" started.
✔ Test "native metadata advertises every shipped entity as Spotlight indexed" passed after 0.001 seconds.
✔ Test "Spotlight identifiers stay scoped and reject malformed private routes" passed after 0.001 seconds.
✔ Test "source contracts wire semantic Spotlight, App Shortcuts, donations, on-screen annotations, and transfers" passed after 0.160 seconds.
✔ Suite "Spotlight, App Shortcuts, and transfer integration contracts" passed after 0.160 seconds.
✔ Test run with 3 tests in 1 suite passed after 0.160 seconds.
