Building for debugging...
[0/5] Write sources
[1/5] Write swift-version--58304C5D6DBC2206.txt
[3/7] Emitting module SpoonjoyCore
[4/7] Compiling SpoonjoyCore NativeSyncEngine.swift
[4/9] Write Objects.LinkFileList
[5/12] Linking SpoonjoyScenarioVerifier
[6/12] Applying SpoonjoyScenarioVerifier
[8/12] Emitting module SpoonjoyCoreTests
[9/12] Compiling SpoonjoyCoreTests NativeSyncEngineTests.swift
[10/12] Compiling SpoonjoyCoreTests NativeLiveStoreTests.swift
[10/12] Write Objects.LinkFileList
[11/12] Linking SpoonjoyApplePackageTests
Build complete! (6.14s)
◇ Test run started.
↳ Testing Library Version: 1902
↳ Target Platform: arm64e-apple-macos14.0
◇ Suite "URLSession API transport" started.
◇ Suite "Token vault and refresh coordination" started.
◇ Suite "Native live store and shell wiring" started.
◇ Suite "Native sync engine and mutation queue" started.
◇ Suite "App state and screen view models" started.
◇ Suite "Native auth session contract" started.
◇ Suite "Native scenario metadata" started.
◇ Test "ordinary server error envelopes preserve full API error fields" started.
◇ Test "transport classifies non HTTP network and retry-after edge responses" started.
◇ Test "auth sessions validate, classify state, and rotate token responses" started.
◇ Test "a second 401 after refresh is surfaced instead of looping" started.
◇ Test "offline failures and cancellations are classified distinctly" started.
◇ Test "API error envelopes preserve request IDs details and retry decisions" started.
◇ Test "URLSession native sync transport applies bootstrap data and classifies mutation HTTP failures" started.
◇ Test "missing sessions are invalid refresh state" started.
◇ Test "disconnect invalidates every waiter on a shared in-flight refresh" started.
◇ Test "HTTP failure status wins over successful JSON envelopes" started.
◇ Test "refresh coordinator shares one concurrent refresh and rotates tokens atomically" started.
◇ Test "bare and malformed 401 responses refresh and replay authenticated requests once" started.
◇ Test "transport preserves already encoded path segments exactly once" started.
◇ Test "401 responses refresh configuration and replay authenticated requests once" started.
◇ Test "token vault persists client id and sessions independently" started.
◇ Test "expired retry schedules drain and tombstone revisions preserve resource families" started.
◇ Test "refresh coordinator returns valid sessions without network refresh" started.
◇ Test "retry results block the failed dependency key while independent mutations can still drain" started.
◇ Test "disconnect cancels in-flight refresh and prevents session resurrection" started.
◇ Test "refresh failures preserve prior session and disconnect clears auth state" started.
◇ Test "native sync checkpoints validate global and shopping cursors" started.
◇ Test "non JSON and malformed JSON failures retain status and request id context" started.
◇ Test "sync engine ignores previous owner checkpoint and queue on first scoped bootstrap" started.
◇ Test "capture draft mutations are durable local cache mutations and never build network requests" started.
◇ Test "scheduled retry timestamps are honored before replaying a dependency key" started.
◇ Test "file backed sync store lets scoped bootstrap discard previous owner staged media" started.
◇ Test "sync apply clears legacy unscoped snapshots before binding current account" started.
◇ Test "file backed sync store applies records checkpoints and missing staged media errors" started.
◇ Test "mutation queue and durable decode edge cases fail closed" started.
◇ Test "retry schedule uses exact Offline Product Contract backoff with capped jitter" started.
◇ Test "bootstrap tombstones are recorded with checkpoint cursors" started.
◇ Test "sync engine applies bootstrap sync data before draining queued mutations" started.
◇ Test "scheduled retry report keeps the shortest independent retry delay" started.
◇ Test "file backed sync store restores queue checkpoint tombstones and staged media for restart" started.
◇ Test "URLSession transport builds URLRequests and decodes successful envelopes" started.
◇ Test "legacy intent shopping mutations convert into native durable queued mutations" started.
◇ Test "sync trigger coordinator starts bootstrap and drain for lifecycle network account environment and stale surface events" started.
◇ Test "queued remote mutations build exact REST requests with idempotency keys and bearer auth" started.
◇ Test "sync engine keeps local capture draft mutations out of remote drain" started.
◇ Test "offline mutation policy queues allowed writes and refuses online only account security and provider actions" started.
◇ Test "sync engine pauses on auth failure classifies conflicts and retains the blocked queue" started.
◇ Test "native mutation queue persists every offline product domain with durable replay metadata" started.
◇ Test "scoped queue save clears previous owner checkpoint records and tombstones" started.
◇ Test "sync engine bootstraps reads drains FIFO per dependency key and removes replayed mutations" started.
◇ Test "sync tombstones apply to local cache records and checkpoint revisions" started.
◇ Test "sync apply rebinds account and clears previous owner queue before replay" started.
◇ Test "bootstrap request and sync envelope use the private /me/sync contract" started.
◇ Test "shell contract gate live store instead of fixture parity" started.
◇ Test "live store contract covers global search scopes and environment rebinding" started.
◇ Test "native app snapshot persists first run cook shopping capture and queued mutations" started.
◇ Test "live store ignores app snapshot state from another account" started.
◇ Test "surfaces report proves kitchen recipe cook and shopping slices" started.
◇ Test "scenario verifier covers root override and failing native metadata checks" started.
◇ Test "signed out settings and offline indicator cover every live shell state" started.
◇ Test "app integration sources typecheck and declare expected native types" started.
◇ Test "local validation matrix delegates xcodebuild classification to wrapper" started.
◇ Test "navigation applies deep links through the shared router" started.
◇ Test "spotlight index plan covers fallback copy singular counts and uncategorized items" started.
◇ Test "local validation matrix executes xcodebuild wrapper for app bundle rows" started.
◇ Test "live store queueMutation discards previous owner media queue before appending current work" started.
◇ Test "route identifiers and native URLs cover every app route" started.
◇ Test "unbound authenticated offline restore fails closed for private sync cache" started.
◇ Test "native intent actions resolve routes local mutations and capture drafts" started.
◇ Test "secure web handoff URLs are exact and separate from native OAuth redirects" started.
◇ Test "search state hydrates from search routes" started.
◇ Test "core declares live app bootstrap state and repository dependencies" started.
◇ Test "scenario command parses surfaces stage" started.
◇ Test "native app state location is shared by app and native intents" started.
◇ Test "surfaces report fails when surface sources are missing" started.
◇ Test "platform navigation consumes live content state and never decodes production fixtures" started.
◇ Test "scenario command writes output and supports stdout mode" started.
◇ Test "native auth repository behavior persists client id rotates refresh tokens revokes and restores state" started.
◇ Test "environment switch clears previous environment content and applies scoped sync" started.
◇ Test "native metadata command parses stage and output path" started.
◇ Test "navigation state tracks route sidebar recipe and cook mode" started.
◇ Test "final report proves search capture settings and deep link safety" started.
◇ Test "native app snapshot covers unavailable offline no-op queue and schema errors" started.
◇ Test "native metadata report encoding is deterministic" started.
◇ Test "production fixture fallback is an explicit test and demo only policy" started.
◇ Test "xcodebuild blocker wrapper behavior is executable with fake xcodebuild" started.
◇ Test "surface behavioral checks fail closed for missing or throwing fixture data" started.
◇ Test "scenario verifier reports live store as structured checks and capabilities" started.
◇ Test "live store refreshes auth before sync and hydrates applied sync cache" started.
◇ Test "app bundle declares associated domains without treating custom scheme as OAuth redirect" started.
◇ Test "live store ignores legacy unscoped app snapshot state" started.
◇ Test "screen view models delegate to existing domain state" started.
◇ Test "spotlight index plan builds route aware searchable documents" started.
◇ Test "web authentication adapter is executable with injected session factory" started.
◇ Test "search state trims queries and exposes a route" started.
◇ Test "production sources cannot silently use fixture bundles" started.
◇ Test "xcodebuild blocker wrapper classifies only local pre-parse platform faults" started.
◇ Test "verify native scenarios script gates native metadata behavior" started.
◇ Test "root view bootstraps through live store instead of fixture first run" started.
◇ Test "final behavioral checks fail closed for weak settings offline and link safety" started.
◇ Test "live store queueMutation persists mutations through native sync store" started.
◇ Test "live store restores only bound account cache route and Siri capture draft" started.
◇ Test "ASWebAuthenticationSession adapter launches exact HTTPS callback route" started.
◇ Test "native metadata report exposes Apple-native capabilities" started.
◇ Test "native auth session source defines launch callback and restoration contract" started.
◇ Test "native auth implementation is covered in process" started.
◇ Test "Keychain token vault stores auth material outside general cache" started.
◇ Test "OAuth callback contract uses universal links and rejects custom schemes" started.
◇ Test "refresh rotation revoke logout and restoration persist through native repository" started.
◇ Test "auth files are wired into generated app targets and signed out flow" started.
✔ Test "missing sessions are invalid refresh state" passed after 0.008 seconds.
✔ Test "auth sessions validate, classify state, and rotate token responses" passed after 0.009 seconds.
✔ Test "offline failures and cancellations are classified distinctly" passed after 0.009 seconds.
✔ Test "token vault persists client id and sessions independently" passed after 0.009 seconds.
✔ Test "transport preserves already encoded path segments exactly once" passed after 0.009 seconds.
✔ Test "HTTP failure status wins over successful JSON envelopes" passed after 0.009 seconds.
✔ Test "a second 401 after refresh is surfaced instead of looping" passed after 0.009 seconds.
✔ Test "API error envelopes preserve request IDs details and retry decisions" passed after 0.009 seconds.
✔ Test "refresh coordinator returns valid sessions without network refresh" passed after 0.009 seconds.
✔ Test "ordinary server error envelopes preserve full API error fields" passed after 0.009 seconds.
✔ Test "bare and malformed 401 responses refresh and replay authenticated requests once" passed after 0.010 seconds.
✔ Test "401 responses refresh configuration and replay authenticated requests once" passed after 0.010 seconds.
✔ Test "non JSON and malformed JSON failures retain status and request id context" passed after 0.010 seconds.
✔ Test "capture draft mutations are durable local cache mutations and never build network requests" passed after 0.011 seconds.
✔ Test "native sync checkpoints validate global and shopping cursors" passed after 0.011 seconds.
{
  "checks" : [
    {
      "detail" : "Fixture resources are packaged.",
      "name" : "fixture bundle",
      "status" : "pass"
    },
    {
      "detail" : "Native metadata lands in Unit 10.",
      "name" : "native metadata",
      "status" : "pending"
    },
    {
      "detail" : "SwiftUI surfaces land in Units 13-16.",
      "name" : "app surfaces",
      "status" : "pending"
    }
  ],
  "nativeCapabilities" : {
    "appIntents" : [

    ],
    "associatedDomains" : [

    ],
    "deepLinkRoutes" : [

    ],
    "offlineFlows" : [
      "fixture-offline-restore"
    ],
    "searchableScopes" : [

    ],
    "shareActions" : [

    ],
    "spotlightIndexedTypes" : [

    ],
    "urlSchemes" : [

    ]
  },
  "ok" : true,
  "stage" : "bootstrap"
}
✔ Test "URLSession native sync transport applies bootstrap data and classifies mutation HTTP failures" passed after 0.017 seconds.
✔ Test "sync engine ignores previous owner checkpoint and queue on first scoped bootstrap" passed after 0.033 seconds.
✔ Test "retry results block the failed dependency key while independent mutations can still drain" passed after 0.035 seconds.
✔ Test "retry schedule uses exact Offline Product Contract backoff with capped jitter" passed after 0.036 seconds.
✔ Test "mutation queue and durable decode edge cases fail closed" passed after 0.037 seconds.
✔ Test "scheduled retry timestamps are honored before replaying a dependency key" passed after 0.037 seconds.
✔ Test "URLSession transport builds URLRequests and decodes successful envelopes" passed after 0.037 seconds.
✔ Test "transport classifies non HTTP network and retry-after edge responses" passed after 0.037 seconds.
✔ Test "legacy intent shopping mutations convert into native durable queued mutations" passed after 0.037 seconds.
✔ Test "sync trigger coordinator starts bootstrap and drain for lifecycle network account environment and stale surface events" passed after 0.037 seconds.
✔ Test "sync engine keeps local capture draft mutations out of remote drain" passed after 0.037 seconds.
✔ Test "bootstrap tombstones are recorded with checkpoint cursors" passed after 0.037 seconds.
✔ Test "offline mutation policy queues allowed writes and refuses online only account security and provider actions" passed after 0.037 seconds.
✔ Test "sync engine applies bootstrap sync data before draining queued mutations" passed after 0.037 seconds.
✔ Test "sync engine pauses on auth failure classifies conflicts and retains the blocked queue" passed after 0.037 seconds.
✔ Test "sync apply clears legacy unscoped snapshots before binding current account" passed after 0.037 seconds.
✔ Test "scoped queue save clears previous owner checkpoint records and tombstones" passed after 0.037 seconds.
✔ Test "file backed sync store lets scoped bootstrap discard previous owner staged media" passed after 0.037 seconds.
✔ Test "expired retry schedules drain and tombstone revisions preserve resource families" passed after 0.037 seconds.
✔ Test "sync engine bootstraps reads drains FIFO per dependency key and removes replayed mutations" passed after 0.037 seconds.
✔ Test "sync tombstones apply to local cache records and checkpoint revisions" passed after 0.037 seconds.
✔ Test "sync apply rebinds account and clears previous owner queue before replay" passed after 0.037 seconds.
✔ Test "scheduled retry report keeps the shortest independent retry delay" passed after 0.037 seconds.
✔ Test "file backed sync store applies records checkpoints and missing staged media errors" passed after 0.037 seconds.
✔ Test "bootstrap request and sync envelope use the private /me/sync contract" passed after 0.037 seconds.
✔ Test "file backed sync store restores queue checkpoint tombstones and staged media for restart" passed after 0.037 seconds.
✔ Test "shell contract gate live store instead of fixture parity" passed after 0.036 seconds.
✔ Test "navigation applies deep links through the shared router" passed after 0.033 seconds.
✔ Test "queued remote mutations build exact REST requests with idempotency keys and bearer auth" passed after 0.037 seconds.
✔ Test "spotlight index plan covers fallback copy singular counts and uncategorized items" passed after 0.033 seconds.
✔ Test "route identifiers and native URLs cover every app route" passed after 0.033 seconds.
✔ Test "scenario verifier covers root override and failing native metadata checks" passed after 0.034 seconds.
✔ Test "native intent actions resolve routes local mutations and capture drafts" passed after 0.033 seconds.
✔ Test "search state hydrates from search routes" passed after 0.033 seconds.
✔ Test "secure web handoff URLs are exact and separate from native OAuth redirects" passed after 0.033 seconds.
✔ Test "scenario command parses surfaces stage" passed after 0.033 seconds.
✔ Test "local validation matrix delegates xcodebuild classification to wrapper" passed after 0.034 seconds.
✔ Test "native app state location is shared by app and native intents" passed after 0.033 seconds.
✔ Test "signed out settings and offline indicator cover every live shell state" passed after 0.034 seconds.
✔ Test "native app snapshot persists first run cook shopping capture and queued mutations" passed after 0.037 seconds.
✔ Test "surfaces report fails when surface sources are missing" passed after 0.033 seconds.
✔ Test "native metadata command parses stage and output path" passed after 0.033 seconds.
✔ Test "navigation state tracks route sidebar recipe and cook mode" passed after 0.033 seconds.
✔ Test "live store contract covers global search scopes and environment rebinding" passed after 0.037 seconds.
✔ Test "native app snapshot covers unavailable offline no-op queue and schema errors" passed after 0.033 seconds.
✔ Test "surfaces report proves kitchen recipe cook and shopping slices" passed after 0.034 seconds.
✔ Test "scenario command writes output and supports stdout mode" passed after 0.033 seconds.
✔ Test "native metadata report encoding is deterministic" passed after 0.033 seconds.
✔ Test "platform navigation consumes live content state and never decodes production fixtures" passed after 0.033 seconds.
✔ Test "surface behavioral checks fail closed for missing or throwing fixture data" passed after 0.033 seconds.
✔ Test "app bundle declares associated domains without treating custom scheme as OAuth redirect" passed after 0.033 seconds.
✔ Test "screen view models delegate to existing domain state" passed after 0.033 seconds.
✔ Test "spotlight index plan builds route aware searchable documents" passed after 0.033 seconds.
✔ Test "native mutation queue persists every offline product domain with durable replay metadata" passed after 0.038 seconds.
✔ Test "search state trims queries and exposes a route" passed after 0.032 seconds.
✔ Test "core declares live app bootstrap state and repository dependencies" passed after 0.034 seconds.
✔ Test "xcodebuild blocker wrapper classifies only local pre-parse platform faults" passed after 0.032 seconds.
✔ Test "scenario verifier reports live store as structured checks and capabilities" passed after 0.033 seconds.
✔ Test "final report proves search capture settings and deep link safety" passed after 0.033 seconds.
✔ Test "final behavioral checks fail closed for weak settings offline and link safety" passed after 0.032 seconds.
✔ Test "ASWebAuthenticationSession adapter launches exact HTTPS callback route" passed after 0.032 seconds.
✔ Test "native metadata report exposes Apple-native capabilities" passed after 0.032 seconds.
✔ Test "native auth session source defines launch callback and restoration contract" passed after 0.032 seconds.
✔ Test "root view bootstraps through live store instead of fixture first run" passed after 0.032 seconds.
✔ Test "OAuth callback contract uses universal links and rejects custom schemes" passed after 0.032 seconds.
✔ Test "Keychain token vault stores auth material outside general cache" passed after 0.032 seconds.
✔ Test "refresh rotation revoke logout and restoration persist through native repository" passed after 0.032 seconds.
✔ Suite "URLSession API transport" passed after 0.039 seconds.
✔ Test "refresh failures preserve prior session and disconnect clears auth state" passed after 0.038 seconds.
✔ Suite "App state and screen view models" passed after 0.039 seconds.
✔ Suite "Native sync engine and mutation queue" passed after 0.039 seconds.
✔ Test "native auth implementation is covered in process" passed after 0.033 seconds.
✔ Test "disconnect cancels in-flight refresh and prevents session resurrection" passed after 0.039 seconds.
✔ Test "disconnect invalidates every waiter on a shared in-flight refresh" passed after 0.046 seconds.
✔ Test "live store queueMutation persists mutations through native sync store" passed after 0.042 seconds.
✔ Test "live store ignores app snapshot state from another account" passed after 0.054 seconds.
✔ Test "unbound authenticated offline restore fails closed for private sync cache" passed after 0.051 seconds.
✔ Test "live store ignores legacy unscoped app snapshot state" passed after 0.053 seconds.
✔ Test "live store restores only bound account cache route and Siri capture draft" passed after 0.055 seconds.
✔ Test "environment switch clears previous environment content and applies scoped sync" passed after 0.058 seconds.
✔ Test "live store queueMutation discards previous owner media queue before appending current work" passed after 0.059 seconds.
✔ Test "live store refreshes auth before sync and hydrates applied sync cache" passed after 0.058 seconds.
✔ Test "refresh coordinator shares one concurrent refresh and rotates tokens atomically" passed after 0.072 seconds.
✔ Suite "Token vault and refresh coordination" passed after 0.073 seconds.
✔ Test "production sources cannot silently use fixture bundles" passed after 0.068 seconds.
✔ Test "auth files are wired into generated app targets and signed out flow" passed after 0.408 seconds.
✔ Test "production fixture fallback is an explicit test and demo only policy" passed after 0.536 seconds.
✔ Suite "Native live store and shell wiring" passed after 0.541 seconds.
✔ Test "app integration sources typecheck and declare expected native types" passed after 0.556 seconds.
✔ Test "xcodebuild blocker wrapper behavior is executable with fake xcodebuild" passed after 0.812 seconds.
✔ Test "local validation matrix executes xcodebuild wrapper for app bundle rows" passed after 10.182 seconds.
✔ Test "native auth repository behavior persists client id rotates refresh tokens revokes and restores state" passed after 14.211 seconds.
✔ Test "verify native scenarios script gates native metadata behavior" passed after 14.414 seconds.
✔ Suite "Native scenario metadata" passed after 14.420 seconds.
✔ Test "web authentication adapter is executable with injected session factory" passed after 17.288 seconds.
✔ Suite "Native auth session contract" passed after 17.294 seconds.
✔ Test run with 104 tests in 7 suites passed after 17.294 seconds.
