[0/1] Planning build
Building for debugging...
[0/6] Write sources
[1/6] Write swift-version--58304C5D6DBC2206.txt
[3/82] Compiling SpoonjoyCore ShoppingListState.swift
[4/82] Compiling SpoonjoyCore DeepLinkManifest.swift
[5/82] Compiling SpoonjoyCore NativeCapabilityMetadata.swift
[6/82] Compiling SpoonjoyCore NativeIntentAction.swift
[7/82] Compiling SpoonjoyCore ScenarioCommand.swift
[8/82] Compiling SpoonjoyCore ScenarioReport.swift
[9/82] Compiling SpoonjoyCore ScenarioVerifier.swift
[10/82] Compiling SpoonjoyCore SpotlightIndexPlan.swift
[11/82] Compiling SpoonjoyCore NativeCachePrefetchPolicy.swift
[12/82] Compiling SpoonjoyCore NativeDurableCache.swift
[13/82] Compiling SpoonjoyCore NativeDurableCacheStore.swift
[14/82] Compiling SpoonjoyCore NativeIndicatorDismissalStore.swift
[15/82] Compiling SpoonjoyCore NativeMediaStagingPolicy.swift
[16/82] Compiling SpoonjoyCore OfflineFreshnessIndicator.swift
[17/82] Compiling SpoonjoyCore CaptureImportViewModel.swift
[18/82] Compiling SpoonjoyCore CookbookSurfaceRepository.swift
[19/90] Compiling SpoonjoyCore APIClient.swift
[20/90] Compiling SpoonjoyCore APIEnvelope.swift
[21/90] Compiling SpoonjoyCore APIError.swift
[22/90] Compiling SpoonjoyCore APIRequestBuilder.swift
[23/90] Compiling SpoonjoyCore APIRequestSupport.swift
[24/90] Compiling SpoonjoyCore APIRetryPolicy.swift
[25/90] Compiling SpoonjoyCore APITransport.swift
[26/90] Compiling SpoonjoyCore JSONValue.swift
[27/90] Compiling SpoonjoyCore NativeAPIRequests.swift
[28/90] Compiling SpoonjoyCore OAuthPKCE.swift
[29/90] Compiling SpoonjoyCore OAuthRedirectValidator.swift
[30/90] Compiling SpoonjoyCore OAuthRequests.swift
[31/90] Compiling SpoonjoyCore OAuthResponses.swift
[32/90] Compiling SpoonjoyCore RefreshCoordinator.swift
[33/90] Compiling SpoonjoyCore SecureAuthWebHandoff.swift
[34/90] Compiling SpoonjoyCore TokenVault.swift
[35/90] Compiling SpoonjoyCore NativeCacheFreshnessPolicy.swift
[36/90] Emitting module SpoonjoyCore
[37/90] Compiling SpoonjoyCore NativeFixtureFallbackPolicy.swift
[38/90] Compiling SpoonjoyCore NativeLiveAppStore.swift
[39/90] Compiling SpoonjoyCore ScreenViewModels.swift
[40/90] Compiling SpoonjoyCore SearchState.swift
[41/90] Compiling SpoonjoyCore AuthSessionState.swift
[42/90] Compiling SpoonjoyCore InMemoryTokenVault.swift
[43/90] Compiling SpoonjoyCore KeychainTokenVault.swift
[44/90] Compiling SpoonjoyCore NativeAuthSession.swift
[45/90] Compiling SpoonjoyCore NativeAuthSessionRepository.swift
[46/90] Compiling SpoonjoyCore SettingsSurfaceViewModel.swift
[47/90] Compiling SpoonjoyCore NativeSharePayload.swift
[48/90] Compiling SpoonjoyCore ShoppingSurfaceViewModel.swift
[49/90] Compiling SpoonjoyCore SpoonCookLogViewModel.swift
[50/90] Compiling SpoonjoyCore CaptureDraft.swift
[51/90] Compiling SpoonjoyCore CookModeProgress.swift
[52/90] Compiling SpoonjoyCore KitchenFixtureState.swift
[53/90] Compiling SpoonjoyCore SettingsState.swift
[54/90] Compiling SpoonjoyCore RecipeCatalogViewModel.swift
[55/90] Compiling SpoonjoyCore RecipeDetailScreenViewModel.swift
[56/90] Compiling SpoonjoyCore RecipeEditorDraft.swift
[57/90] Compiling SpoonjoyCore RecipeEditorDraftChangePlanner.swift
[58/90] Compiling SpoonjoyCore RecipeEditorViewModel.swift
[59/90] Compiling SpoonjoyCore SearchSurfaceRepository.swift
[60/90] Compiling SpoonjoyCore SearchSurfaceViewModel.swift
[61/90] Compiling SpoonjoyCore SettingsSurfaceRepository.swift
[62/90] Compiling SpoonjoyCore PaginationCursor.swift
[63/90] Compiling SpoonjoyCore PublicCatalogRequests.swift
[64/90] Compiling SpoonjoyCore ShoppingListAPI.swift
[65/90] Compiling SpoonjoyCore ShoppingListRequests.swift
[66/90] Compiling SpoonjoyCore AppNavigationState.swift
[67/90] Compiling SpoonjoyCore AppRoute.swift
[68/90] Compiling SpoonjoyCore DeepLinkRouter.swift
[69/90] Compiling SpoonjoyCore DeepLinkURLBuilder.swift
[70/90] Compiling SpoonjoyCore NativeAppSnapshot.swift
[71/90] Compiling SpoonjoyCore CookbookSurfaceViewModel.swift
[72/90] Compiling SpoonjoyCore RecipeCoverControlsViewModel.swift
[73/90] Compiling SpoonjoyCore NotificationAPNsSurfaceRepository.swift
[74/90] Compiling SpoonjoyCore NotificationAPNsSurfaceViewModel.swift
[75/90] Compiling SpoonjoyCore ProfileChefGraphSurfaceRepository.swift
[76/90] Compiling SpoonjoyCore ProfileChefGraphSurfaceViewModel.swift
[77/90] Compiling SpoonjoyCore RecipeActionsViewModel.swift
[78/90] Compiling SpoonjoyCore RecipeCatalogRepository.swift
[79/90] Compiling SpoonjoyCore JSONFileStore.swift
[80/90] Compiling SpoonjoyCore MutationQueue.swift
[81/90] Compiling SpoonjoyCore OfflineSnapshot.swift
[82/90] Compiling SpoonjoyCore SyncCheckpoint.swift
[83/90] Compiling SpoonjoyCore RecipeCookbook.swift
[84/90] Compiling SpoonjoyCore SpoonjoyCore.swift
[85/90] Compiling SpoonjoyCore NativeSyncEngine.swift
[86/90] Compiling SpoonjoyCore resource_bundle_accessor.swift
[87/95] Compiling SpoonjoyScenarioVerifier ScenarioProcessMain.swift
[88/95] Emitting module SpoonjoyScenarioVerifier
[89/95] Compiling SpoonjoyScenarioVerifier main.swift
[89/94] Linking SpoonjoyScenarioVerifier
[90/94] Applying SpoonjoyScenarioVerifier
[92/94] Compiling SpoonjoyCoreTests NativeSearchSurfaceTests.swift
[93/94] Emitting module SpoonjoyCoreTests
[93/95] Write Objects.LinkFileList
[94/95] Linking SpoonjoyApplePackageTests
Build complete! (7.49s)
◇ Test run started.
↳ Testing Library Version: 1902
↳ Target Platform: arm64e-apple-macos14.0
◇ Suite "Native search surface parity" started.
◇ Test "live search repository uses API v1 search and gates private shopping-list results" started.
◇ Test "shell search state preserves severe indicators and unbound session identity" started.
◇ Test "search surface exists as a first-class native feature" started.
◇ Test "search debounce cancels stale requests and does not schedule blank queries" started.
◇ Test "snapshot and fallback search restore cached results without leaking private shopping rows" started.
◇ Test "search view model groups route outputs and keeps unsupported scopes out" started.
✔ Test "search debounce cancels stale requests and does not schedule blank queries" passed after 0.001 seconds.
✔ Test "search view model groups route outputs and keeps unsupported scopes out" passed after 0.001 seconds.
✔ Test "snapshot and fallback search restore cached results without leaking private shopping rows" passed after 0.001 seconds.
✔ Test "live search repository uses API v1 search and gates private shopping-list results" passed after 0.002 seconds.
✔ Test "shell search state preserves severe indicators and unbound session identity" passed after 0.002 seconds.
✔ Test "search surface exists as a first-class native feature" passed after 0.110 seconds.
✔ Suite "Native search surface parity" passed after 0.110 seconds.
✔ Test run with 6 tests in 1 suite passed after 0.110 seconds.
