[0/1] Planning build
Building for debugging...
[0/7] Write sources
[1/7] Write swift-version--58304C5D6DBC2206.txt
[3/66] Compiling SpoonjoyCore APIClient.swift
[4/66] Compiling SpoonjoyCore APIEnvelope.swift
[5/66] Compiling SpoonjoyCore APIError.swift
[6/66] Compiling SpoonjoyCore APIRequestBuilder.swift
[7/66] Compiling SpoonjoyCore APIRequestSupport.swift
[8/66] Compiling SpoonjoyCore APIRetryPolicy.swift
[9/66] Compiling SpoonjoyCore APITransport.swift
[10/66] Compiling SpoonjoyCore OAuthRedirectValidator.swift
[11/66] Compiling SpoonjoyCore OAuthRequests.swift
[12/66] Compiling SpoonjoyCore OAuthResponses.swift
[13/66] Compiling SpoonjoyCore RefreshCoordinator.swift
[14/66] Compiling SpoonjoyCore SecureAuthWebHandoff.swift
[15/66] Compiling SpoonjoyCore TokenVault.swift
[16/66] Compiling SpoonjoyCore JSONValue.swift
[17/66] Compiling SpoonjoyCore NativeAPIRequests.swift
[18/66] Compiling SpoonjoyCore PaginationCursor.swift
[19/66] Compiling SpoonjoyCore PublicCatalogRequests.swift
[20/66] Compiling SpoonjoyCore ShoppingListAPI.swift
[21/66] Compiling SpoonjoyCore ShoppingListRequests.swift
[22/66] Compiling SpoonjoyCore AppNavigationState.swift
[23/66] Compiling SpoonjoyCore KitchenFixtureState.swift
[24/66] Compiling SpoonjoyCore SettingsState.swift
[25/66] Compiling SpoonjoyCore ShoppingListState.swift
[26/66] Compiling SpoonjoyCore DeepLinkManifest.swift
[27/66] Compiling SpoonjoyCore NativeCapabilityMetadata.swift
[28/66] Compiling SpoonjoyCore NativeIntentAction.swift
[29/72] Compiling SpoonjoyCore ScenarioCommand.swift
[30/72] Compiling SpoonjoyCore ScenarioReport.swift
[31/72] Compiling SpoonjoyCore ScenarioVerifier.swift
[32/72] Compiling SpoonjoyCore SpotlightIndexPlan.swift
[33/72] Compiling SpoonjoyCore JSONFileStore.swift
[34/72] Compiling SpoonjoyCore MutationQueue.swift
[35/72] Emitting module SpoonjoyCore
[36/72] Compiling SpoonjoyCore AppRoute.swift
[37/72] Compiling SpoonjoyCore DeepLinkRouter.swift
[38/72] Compiling SpoonjoyCore DeepLinkURLBuilder.swift
[39/72] Compiling SpoonjoyCore NativeAppSnapshot.swift
[40/72] Compiling SpoonjoyCore NativeFixtureFallbackPolicy.swift
[41/72] Compiling SpoonjoyCore NativeLiveAppStore.swift
[42/72] Compiling SpoonjoyCore ScreenViewModels.swift
[43/72] Compiling SpoonjoyCore OfflineFreshnessIndicator.swift
[44/72] Compiling SpoonjoyCore RecipeCatalogRepository.swift
[45/72] Compiling SpoonjoyCore RecipeCatalogViewModel.swift
[46/72] Compiling SpoonjoyCore RecipeDetailScreenViewModel.swift
[47/72] Compiling SpoonjoyCore CaptureDraft.swift
[48/72] Compiling SpoonjoyCore CookModeProgress.swift
[49/72] Compiling SpoonjoyCore SearchState.swift
[50/72] Compiling SpoonjoyCore AuthSessionState.swift
[51/72] Compiling SpoonjoyCore InMemoryTokenVault.swift
[52/72] Compiling SpoonjoyCore KeychainTokenVault.swift
[53/72] Compiling SpoonjoyCore NativeAuthSession.swift
[54/72] Compiling SpoonjoyCore NativeAuthSessionRepository.swift
[55/72] Compiling SpoonjoyCore OAuthPKCE.swift
[56/72] Compiling SpoonjoyCore NativeCacheFreshnessPolicy.swift
[57/72] Compiling SpoonjoyCore NativeCachePrefetchPolicy.swift
[58/72] Compiling SpoonjoyCore NativeDurableCache.swift
[59/72] Compiling SpoonjoyCore NativeDurableCacheStore.swift
[60/72] Compiling SpoonjoyCore NativeIndicatorDismissalStore.swift
[61/72] Compiling SpoonjoyCore NativeMediaStagingPolicy.swift
[62/72] Compiling SpoonjoyCore OfflineSnapshot.swift
[63/72] Compiling SpoonjoyCore SyncCheckpoint.swift
[64/72] Compiling SpoonjoyCore RecipeCookbook.swift
[65/72] Compiling SpoonjoyCore SpoonjoyCore.swift
[66/72] Compiling SpoonjoyCore NativeSyncEngine.swift
[67/72] Compiling SpoonjoyCore resource_bundle_accessor.swift
[68/94] Emitting module SpoonjoyScenarioVerifier
[69/94] Compiling SpoonjoyScenarioVerifier main.swift
[70/94] Compiling SpoonjoyScenarioVerifier ScenarioProcessMain.swift
[70/93] Linking SpoonjoyScenarioVerifier
[71/93] Applying SpoonjoyScenarioVerifier
[73/93] Compiling SpoonjoyCoreTests ShoppingAPIClientTests.swift
[74/93] Compiling SpoonjoyCoreTests SpoonjoyCoreBootstrapTests.swift
[75/94] Compiling SpoonjoyCoreTests DeepLinkRouterTests.swift
[76/94] Compiling SpoonjoyCoreTests KitchenStateTests.swift
[77/94] Emitting module SpoonjoyCoreTests
[78/94] Compiling SpoonjoyCoreTests APIReadClientTests.swift
[79/94] Compiling SpoonjoyCoreTests APITransportTests.swift
[80/94] Compiling SpoonjoyCoreTests AppStateTests.swift
/Users/arimendelow/Projects/spoonjoy-apple/Tests/SpoonjoyCoreTests/CookModeParityTests.swift:10:40: error: type 'CookModeProgress' has no member 'starting'
  8 |     func startAndContinueCookModePreserveActiveStepRouteState() throws {
  9 |         let recipe = try cookModeParityRecipe()
 10 |         let started = CookModeProgress.starting(recipe: recipe, startedAt: "2026-06-25T12:00:00.000Z")
    |                                        `- error: type 'CookModeProgress' has no member 'starting'
 11 | 
 12 |         #expect(started.recipeID == recipe.id)

/Users/arimendelow/Projects/spoonjoy-apple/Tests/SpoonjoyCoreTests/CookModeParityTests.swift:34:14: error: type 'CookModeProgress' has no member 'starting'
 32 |         let recipe = try cookModeParityRecipe()
 33 |         let progress = try CookModeProgress
 34 |             .starting(recipe: recipe, startedAt: "2026-06-25T12:00:00.000Z")
    |              `- error: type 'CookModeProgress' has no member 'starting'
 35 |             .selectingStep(id: "step_lemon_pasta_2", updatedAt: "2026-06-25T12:01:00.000Z")
 36 |             .settingScaleFactor(2.5, updatedAt: "2026-06-25T12:02:00.000Z")

/Users/arimendelow/Projects/spoonjoy-apple/Tests/SpoonjoyCoreTests/CookModeParityTests.swift:46:55: error: cannot infer key path type from context; consider explicitly specifying a root type
 44 |         #expect(progress.checkedStepOutputUseIDs == ["use_step_lemon_pasta_1"])
 45 |         #expect(viewModel.recipeProgressLabel == "2 of 4 checked")
 46 |         #expect(viewModel.ingredientChecklistRows.map(\.id) == [
    |                                                       `- error: cannot infer key path type from context; consider explicitly specifying a root type
 47 |             "ingredient_lemon_pasta_lemon",
 48 |             "ingredient_lemon_pasta_oil",

/Users/arimendelow/Projects/spoonjoy-apple/Tests/SpoonjoyCoreTests/CookModeParityTests.swift:51:55: error: cannot infer key path type from context; consider explicitly specifying a root type
 49 |             "ingredient_lemon_pasta_garlic"
 50 |         ])
 51 |         #expect(viewModel.ingredientChecklistRows.map(\.quantityText) == ["2.5 each", "5 tbsp", "5 clove"])
    |                                                       `- error: cannot infer key path type from context; consider explicitly specifying a root type
 52 |         #expect(viewModel.ingredientChecklistRows.last?.isChecked == true)
 53 |         #expect(viewModel.stepOutputChecklistRows.map(\.title) == ["Step 1: Boil Pasta"])

/Users/arimendelow/Projects/spoonjoy-apple/Tests/SpoonjoyCoreTests/CookModeParityTests.swift:53:55: error: cannot infer key path type from context; consider explicitly specifying a root type
 51 |         #expect(viewModel.ingredientChecklistRows.map(\.quantityText) == ["2.5 each", "5 tbsp", "5 clove"])
 52 |         #expect(viewModel.ingredientChecklistRows.last?.isChecked == true)
 53 |         #expect(viewModel.stepOutputChecklistRows.map(\.title) == ["Step 1: Boil Pasta"])
    |                                                       `- error: cannot infer key path type from context; consider explicitly specifying a root type
 54 |         #expect(viewModel.stepOutputChecklistRows.first?.isChecked == true)
 55 | 

/Users/arimendelow/Projects/spoonjoy-apple/Tests/SpoonjoyCoreTests/CookModeParityTests.swift:67:40: error: type 'CookModeProgress' has no member 'starting'
 65 |     func durationTimersExistOnlyForDurationBearingStepsAndPersistState() throws {
 66 |         let recipe = try cookModeParityRecipe()
 67 |         let started = CookModeProgress.starting(recipe: recipe, startedAt: "2026-06-25T12:00:00.000Z")
    |                                        `- error: type 'CookModeProgress' has no member 'starting'
 68 |         let timer = try #require(CookModeViewModel(recipe: recipe, progress: started).timer)
 69 | 

/Users/arimendelow/Projects/spoonjoy-apple/Tests/SpoonjoyCoreTests/CookModeParityTests.swift:68:87: error: value of type 'CookModeViewModel' has no member 'timer'
 66 |         let recipe = try cookModeParityRecipe()
 67 |         let started = CookModeProgress.starting(recipe: recipe, startedAt: "2026-06-25T12:00:00.000Z")
 68 |         let timer = try #require(CookModeViewModel(recipe: recipe, progress: started).timer)
    |                                                                                       `- error: value of type 'CookModeViewModel' has no member 'timer'
 69 | 
 70 |         #expect(timer.stepID == "step_lemon_pasta_1")

/Users/arimendelow/Projects/spoonjoy-apple/Tests/SpoonjoyCoreTests/CookModeParityTests.swift:77:13: error: cannot find 'CookModeTimerState' in scope
 75 | 
 76 |         let running = try started.settingTimer(
 77 |             CookModeTimerState(
    |             `- error: cannot find 'CookModeTimerState' in scope
 78 |                 stepID: "step_lemon_pasta_1",
 79 |                 durationSeconds: 600,

/Users/arimendelow/Projects/spoonjoy-apple/Tests/SpoonjoyCoreTests/CookModeParityTests.swift:87:94: error: value of type 'CookModeViewModel' has no member 'timer'
 85 |             updatedAt: "2026-06-25T12:14:18.000Z"
 86 |         )
 87 |         let runningTimer = try #require(CookModeViewModel(recipe: recipe, progress: running).timer)
    |                                                                                              `- error: value of type 'CookModeViewModel' has no member 'timer'
 88 | 
 89 |         #expect(runningTimer.remainingSeconds == 42)

/Users/arimendelow/Projects/spoonjoy-apple/Tests/SpoonjoyCoreTests/CookModeParityTests.swift:95:83: error: value of type 'CookModeViewModel' has no member 'timer'
 93 |         let noTimerStep = recipe.replacingStepDuration(stepID: "step_lemon_pasta_3", duration: nil)
 94 |         let noTimerProgress = try running.selectingStep(id: "step_lemon_pasta_3", updatedAt: "2026-06-25T12:15:00.000Z")
 95 |         #expect(CookModeViewModel(recipe: noTimerStep, progress: noTimerProgress).timer == nil)
    |                                                                                   `- error: value of type 'CookModeViewModel' has no member 'timer'
 96 |     }
 97 | 

/Users/arimendelow/Projects/spoonjoy-apple/Tests/SpoonjoyCoreTests/CookModeParityTests.swift:68:21: warning: no calls to throwing functions occur within 'try' expression
 66 |         let recipe = try cookModeParityRecipe()
 67 |         let started = CookModeProgress.starting(recipe: recipe, startedAt: "2026-06-25T12:00:00.000Z")
 68 |         let timer = try #require(CookModeViewModel(recipe: recipe, progress: started).timer)
    |                     `- warning: no calls to throwing functions occur within 'try' expression
 69 | 
 70 |         #expect(timer.stepID == "step_lemon_pasta_1")

/Users/arimendelow/Projects/spoonjoy-apple/Tests/SpoonjoyCoreTests/CookModeParityTests.swift:87:28: warning: no calls to throwing functions occur within 'try' expression
 85 |             updatedAt: "2026-06-25T12:14:18.000Z"
 86 |         )
 87 |         let runningTimer = try #require(CookModeViewModel(recipe: recipe, progress: running).timer)
    |                            `- warning: no calls to throwing functions occur within 'try' expression
 88 | 
 89 |         #expect(runningTimer.remainingSeconds == 42)

/Users/arimendelow/Projects/spoonjoy-apple/Tests/SpoonjoyCoreTests/CookModeParityTests.swift:111:18: error: type 'CookModeProgress' has no member 'starting'
109 |             )
110 |             let progress = try CookModeProgress
111 |                 .starting(recipe: recipe, startedAt: "2026-06-25T12:00:00.000Z")
    |                  `- error: type 'CookModeProgress' has no member 'starting'
112 |                 .selectingStep(id: "step_lemon_pasta_2", updatedAt: "2026-06-25T12:01:00.000Z")
113 |                 .settingScaleFactor(0.25, updatedAt: "2026-06-25T12:02:00.000Z")

/Users/arimendelow/Projects/spoonjoy-apple/Tests/SpoonjoyCoreTests/CookModeParityTests.swift:135:44: error: value of type 'NativeIntentActionResolver' has no member 'continueCookMode'
133 |         let resolver = NativeIntentActionResolver()
134 |         let start = try resolver.startCookMode(recipeID: "recipe_lemon_pantry_pasta")
135 |         let continueCooking = try resolver.continueCookMode(recipeID: " recipe_lemon_pantry_pasta ")
    |                                            `- error: value of type 'NativeIntentActionResolver' has no member 'continueCookMode'
136 |         let expectedRoute = AppRoute.recipeDetail(id: "recipe_lemon_pantry_pasta", presentation: .cook)
137 | 
[81/94] Compiling SpoonjoyCoreTests CookModeParityTests.swift
/Users/arimendelow/Projects/spoonjoy-apple/Tests/SpoonjoyCoreTests/CookModeParityTests.swift:10:40: error: type 'CookModeProgress' has no member 'starting'
  8 |     func startAndContinueCookModePreserveActiveStepRouteState() throws {
  9 |         let recipe = try cookModeParityRecipe()
 10 |         let started = CookModeProgress.starting(recipe: recipe, startedAt: "2026-06-25T12:00:00.000Z")
    |                                        `- error: type 'CookModeProgress' has no member 'starting'
 11 | 
 12 |         #expect(started.recipeID == recipe.id)

/Users/arimendelow/Projects/spoonjoy-apple/Tests/SpoonjoyCoreTests/CookModeParityTests.swift:34:14: error: type 'CookModeProgress' has no member 'starting'
 32 |         let recipe = try cookModeParityRecipe()
 33 |         let progress = try CookModeProgress
 34 |             .starting(recipe: recipe, startedAt: "2026-06-25T12:00:00.000Z")
    |              `- error: type 'CookModeProgress' has no member 'starting'
 35 |             .selectingStep(id: "step_lemon_pasta_2", updatedAt: "2026-06-25T12:01:00.000Z")
 36 |             .settingScaleFactor(2.5, updatedAt: "2026-06-25T12:02:00.000Z")

/Users/arimendelow/Projects/spoonjoy-apple/Tests/SpoonjoyCoreTests/CookModeParityTests.swift:46:55: error: cannot infer key path type from context; consider explicitly specifying a root type
 44 |         #expect(progress.checkedStepOutputUseIDs == ["use_step_lemon_pasta_1"])
 45 |         #expect(viewModel.recipeProgressLabel == "2 of 4 checked")
 46 |         #expect(viewModel.ingredientChecklistRows.map(\.id) == [
    |                                                       `- error: cannot infer key path type from context; consider explicitly specifying a root type
 47 |             "ingredient_lemon_pasta_lemon",
 48 |             "ingredient_lemon_pasta_oil",

/Users/arimendelow/Projects/spoonjoy-apple/Tests/SpoonjoyCoreTests/CookModeParityTests.swift:51:55: error: cannot infer key path type from context; consider explicitly specifying a root type
 49 |             "ingredient_lemon_pasta_garlic"
 50 |         ])
 51 |         #expect(viewModel.ingredientChecklistRows.map(\.quantityText) == ["2.5 each", "5 tbsp", "5 clove"])
    |                                                       `- error: cannot infer key path type from context; consider explicitly specifying a root type
 52 |         #expect(viewModel.ingredientChecklistRows.last?.isChecked == true)
 53 |         #expect(viewModel.stepOutputChecklistRows.map(\.title) == ["Step 1: Boil Pasta"])

/Users/arimendelow/Projects/spoonjoy-apple/Tests/SpoonjoyCoreTests/CookModeParityTests.swift:53:55: error: cannot infer key path type from context; consider explicitly specifying a root type
 51 |         #expect(viewModel.ingredientChecklistRows.map(\.quantityText) == ["2.5 each", "5 tbsp", "5 clove"])
 52 |         #expect(viewModel.ingredientChecklistRows.last?.isChecked == true)
 53 |         #expect(viewModel.stepOutputChecklistRows.map(\.title) == ["Step 1: Boil Pasta"])
    |                                                       `- error: cannot infer key path type from context; consider explicitly specifying a root type
 54 |         #expect(viewModel.stepOutputChecklistRows.first?.isChecked == true)
 55 | 

/Users/arimendelow/Projects/spoonjoy-apple/Tests/SpoonjoyCoreTests/CookModeParityTests.swift:67:40: error: type 'CookModeProgress' has no member 'starting'
 65 |     func durationTimersExistOnlyForDurationBearingStepsAndPersistState() throws {
 66 |         let recipe = try cookModeParityRecipe()
 67 |         let started = CookModeProgress.starting(recipe: recipe, startedAt: "2026-06-25T12:00:00.000Z")
    |                                        `- error: type 'CookModeProgress' has no member 'starting'
 68 |         let timer = try #require(CookModeViewModel(recipe: recipe, progress: started).timer)
 69 | 

/Users/arimendelow/Projects/spoonjoy-apple/Tests/SpoonjoyCoreTests/CookModeParityTests.swift:68:87: error: value of type 'CookModeViewModel' has no member 'timer'
 66 |         let recipe = try cookModeParityRecipe()
 67 |         let started = CookModeProgress.starting(recipe: recipe, startedAt: "2026-06-25T12:00:00.000Z")
 68 |         let timer = try #require(CookModeViewModel(recipe: recipe, progress: started).timer)
    |                                                                                       `- error: value of type 'CookModeViewModel' has no member 'timer'
 69 | 
 70 |         #expect(timer.stepID == "step_lemon_pasta_1")

/Users/arimendelow/Projects/spoonjoy-apple/Tests/SpoonjoyCoreTests/CookModeParityTests.swift:77:13: error: cannot find 'CookModeTimerState' in scope
 75 | 
 76 |         let running = try started.settingTimer(
 77 |             CookModeTimerState(
    |             `- error: cannot find 'CookModeTimerState' in scope
 78 |                 stepID: "step_lemon_pasta_1",
 79 |                 durationSeconds: 600,

/Users/arimendelow/Projects/spoonjoy-apple/Tests/SpoonjoyCoreTests/CookModeParityTests.swift:87:94: error: value of type 'CookModeViewModel' has no member 'timer'
 85 |             updatedAt: "2026-06-25T12:14:18.000Z"
 86 |         )
 87 |         let runningTimer = try #require(CookModeViewModel(recipe: recipe, progress: running).timer)
    |                                                                                              `- error: value of type 'CookModeViewModel' has no member 'timer'
 88 | 
 89 |         #expect(runningTimer.remainingSeconds == 42)

/Users/arimendelow/Projects/spoonjoy-apple/Tests/SpoonjoyCoreTests/CookModeParityTests.swift:95:83: error: value of type 'CookModeViewModel' has no member 'timer'
 93 |         let noTimerStep = recipe.replacingStepDuration(stepID: "step_lemon_pasta_3", duration: nil)
 94 |         let noTimerProgress = try running.selectingStep(id: "step_lemon_pasta_3", updatedAt: "2026-06-25T12:15:00.000Z")
 95 |         #expect(CookModeViewModel(recipe: noTimerStep, progress: noTimerProgress).timer == nil)
    |                                                                                   `- error: value of type 'CookModeViewModel' has no member 'timer'
 96 |     }
 97 | 

/Users/arimendelow/Projects/spoonjoy-apple/Tests/SpoonjoyCoreTests/CookModeParityTests.swift:68:21: warning: no calls to throwing functions occur within 'try' expression
 66 |         let recipe = try cookModeParityRecipe()
 67 |         let started = CookModeProgress.starting(recipe: recipe, startedAt: "2026-06-25T12:00:00.000Z")
 68 |         let timer = try #require(CookModeViewModel(recipe: recipe, progress: started).timer)
    |                     `- warning: no calls to throwing functions occur within 'try' expression
 69 | 
 70 |         #expect(timer.stepID == "step_lemon_pasta_1")

/Users/arimendelow/Projects/spoonjoy-apple/Tests/SpoonjoyCoreTests/CookModeParityTests.swift:87:28: warning: no calls to throwing functions occur within 'try' expression
 85 |             updatedAt: "2026-06-25T12:14:18.000Z"
 86 |         )
 87 |         let runningTimer = try #require(CookModeViewModel(recipe: recipe, progress: running).timer)
    |                            `- warning: no calls to throwing functions occur within 'try' expression
 88 | 
 89 |         #expect(runningTimer.remainingSeconds == 42)

/Users/arimendelow/Projects/spoonjoy-apple/Tests/SpoonjoyCoreTests/CookModeParityTests.swift:111:18: error: type 'CookModeProgress' has no member 'starting'
109 |             )
110 |             let progress = try CookModeProgress
111 |                 .starting(recipe: recipe, startedAt: "2026-06-25T12:00:00.000Z")
    |                  `- error: type 'CookModeProgress' has no member 'starting'
112 |                 .selectingStep(id: "step_lemon_pasta_2", updatedAt: "2026-06-25T12:01:00.000Z")
113 |                 .settingScaleFactor(0.25, updatedAt: "2026-06-25T12:02:00.000Z")

/Users/arimendelow/Projects/spoonjoy-apple/Tests/SpoonjoyCoreTests/CookModeParityTests.swift:135:44: error: value of type 'NativeIntentActionResolver' has no member 'continueCookMode'
133 |         let resolver = NativeIntentActionResolver()
134 |         let start = try resolver.startCookMode(recipeID: "recipe_lemon_pantry_pasta")
135 |         let continueCooking = try resolver.continueCookMode(recipeID: " recipe_lemon_pantry_pasta ")
    |                                            `- error: value of type 'NativeIntentActionResolver' has no member 'continueCookMode'
136 |         let expectedRoute = AppRoute.recipeDetail(id: "recipe_lemon_pantry_pasta", presentation: .cook)
137 | 
[82/94] Compiling SpoonjoyCoreTests TokenRefreshTests.swift
[83/94] Compiling SpoonjoyCoreTests RecipeCatalogDetailTests.swift
[84/94] Compiling SpoonjoyCoreTests RecipeCookbookTests.swift
[85/94] Compiling SpoonjoyCoreTests NativeAPIExpansionTests.swift
[86/94] Compiling SpoonjoyCoreTests NativeAuthSessionTests.swift
[87/94] Compiling SpoonjoyCoreTests NativeCacheFreshnessTests.swift
[88/94] Compiling SpoonjoyCoreTests NativeLiveStoreTests.swift
[89/94] Compiling SpoonjoyCoreTests OAuthRequestTests.swift
[90/94] Compiling SpoonjoyCoreTests OfflineStoreTests.swift
[91/94] Compiling SpoonjoyCoreTests NativeScenarioTests.swift
[92/94] Compiling SpoonjoyCoreTests NativeSyncEngineTests.swift
error: fatalError
