Building for debugging...
[0/4] Write swift-version--58304C5D6DBC2206.txt
Build complete! (0.13s)
Test Suite 'Selected tests' started at 2026-06-28 18:10:52.329.
Test Suite 'SpoonjoyApplePackageTests.xctest' started at 2026-06-28 18:10:52.330.
Test Suite 'SpoonjoyApplePackageTests.xctest' passed at 2026-06-28 18:10:52.330.
	 Executed 0 tests, with 0 failures (0 unexpected) in 0.000 (0.000) seconds
Test Suite 'Selected tests' passed at 2026-06-28 18:10:52.330.
	 Executed 0 tests, with 0 failures (0 unexpected) in 0.000 (0.001) seconds
◇ Test run started.
↳ Testing Library Version: 1902
↳ Target Platform: arm64e-apple-macos14.0
◇ Suite "Deep link router" started.
◇ Test "malformed component and percent decode inputs stay safe" started.
◇ Test "rejects unsafe or unsupported links as unknown" started.
◇ Test "custom router configuration and route sections stay explicit" started.
◇ Test "preserves decoded search query and defaults missing scope to all" started.
◇ Test "routes every accepted web and scheme URL" started.
✔ Test "malformed component and percent decode inputs stay safe" passed after 0.001 seconds.
✔ Test "custom router configuration and route sections stay explicit" passed after 0.001 seconds.
✔ Test "preserves decoded search query and defaults missing scope to all" passed after 0.001 seconds.
✔ Test "rejects unsafe or unsupported links as unknown" passed after 0.001 seconds.
✔ Test "routes every accepted web and scheme URL" passed after 0.001 seconds.
✔ Suite "Deep link router" passed after 0.002 seconds.
✔ Test run with 5 tests in 1 suite passed after 0.002 seconds.
