[0/1] Planning build
Building for debugging...
[0/7] Write sources
[1/7] Write swift-version--58304C5D6DBC2206.txt
[3/88] Compiling SpoonjoyCore PaginationCursor.swift
[4/88] Compiling SpoonjoyCore PublicCatalogRequests.swift
[5/88] Compiling SpoonjoyCore ShoppingListAPI.swift
[6/88] Compiling SpoonjoyCore ShoppingListRequests.swift
[7/88] Compiling SpoonjoyCore AppNavigationState.swift
[8/88] Compiling SpoonjoyCore AppRoute.swift
[9/88] Compiling SpoonjoyCore DeepLinkRouter.swift
[10/88] Compiling SpoonjoyCore DeepLinkURLBuilder.swift
[11/88] Compiling SpoonjoyCore NativeAppSnapshot.swift
[12/96] Compiling SpoonjoyCore APIClient.swift
[13/96] Compiling SpoonjoyCore APIEnvelope.swift
[14/96] Compiling SpoonjoyCore APIError.swift
[15/96] Compiling SpoonjoyCore APIRequestBuilder.swift
[16/96] Compiling SpoonjoyCore APIRequestSupport.swift
[17/96] Compiling SpoonjoyCore APIRetryPolicy.swift
[18/96] Compiling SpoonjoyCore APITransport.swift
[19/96] Compiling SpoonjoyCore JSONValue.swift
[20/96] Compiling SpoonjoyCore NativeAPIRequests.swift
[21/96] Emitting module SpoonjoyCore
[22/96] Compiling SpoonjoyCore NotificationAPNsSurfaceRepository.swift
[23/96] Compiling SpoonjoyCore NotificationAPNsSurfaceViewModel.swift
[24/96] Compiling SpoonjoyCore ProfileChefGraphSurfaceRepository.swift
[25/96] Compiling SpoonjoyCore ProfileChefGraphSurfaceViewModel.swift
[26/96] Compiling SpoonjoyCore RecipeActionsViewModel.swift
[27/96] Compiling SpoonjoyCore RecipeCatalogRepository.swift
[28/96] Compiling SpoonjoyCore RecipeCatalogViewModel.swift
[29/96] Compiling SpoonjoyCore RecipeDetailScreenViewModel.swift
[30/96] Compiling SpoonjoyCore RecipeEditorDraft.swift
[31/96] Compiling SpoonjoyCore OAuthPKCE.swift
[32/96] Compiling SpoonjoyCore OAuthRedirectValidator.swift
[33/96] Compiling SpoonjoyCore OAuthRequests.swift
[34/96] Compiling SpoonjoyCore OAuthResponses.swift
[35/96] Compiling SpoonjoyCore RefreshCoordinator.swift
[36/96] Compiling SpoonjoyCore SecureAuthWebHandoff.swift
[37/96] Compiling SpoonjoyCore TokenVault.swift
[38/96] Compiling SpoonjoyCore NativeCacheFreshnessPolicy.swift
[39/96] Compiling SpoonjoyCore NativeCachePrefetchPolicy.swift
[40/96] Compiling SpoonjoyCore RecipeEditorDraftChangePlanner.swift
[41/96] Compiling SpoonjoyCore RecipeEditorViewModel.swift
[42/96] Compiling SpoonjoyCore SearchSurfaceRepository.swift
[43/96] Compiling SpoonjoyCore SearchSurfaceViewModel.swift
[44/96] Compiling SpoonjoyCore SettingsSurfaceRepository.swift
[45/96] Compiling SpoonjoyCore SettingsSurfaceViewModel.swift
[46/96] Compiling SpoonjoyCore NativeSharePayload.swift
[47/96] Compiling SpoonjoyCore ShoppingSurfaceViewModel.swift
[48/96] Compiling SpoonjoyCore SpoonCookLogViewModel.swift
[49/96] Compiling SpoonjoyCore CaptureDraft.swift
[50/96] Compiling SpoonjoyCore CookModeProgress.swift
[51/96] Compiling SpoonjoyCore KitchenFixtureState.swift
[52/96] Compiling SpoonjoyCore SettingsState.swift
[53/96] Compiling SpoonjoyCore ShoppingListState.swift
[54/96] Compiling SpoonjoyCore CaptureDraftEntityCatalog.swift
[55/96] Compiling SpoonjoyCore ChefProfileEntityCatalog.swift
[56/96] Compiling SpoonjoyCore DeepLinkManifest.swift
[57/96] Compiling SpoonjoyCore NativeCapabilityMetadata.swift
[58/96] Compiling SpoonjoyCore NativeIntentAction.swift
[59/96] Compiling SpoonjoyCore RecipeCookbookEntityCatalog.swift
[60/96] Compiling SpoonjoyCore ScenarioCommand.swift
[61/96] Compiling SpoonjoyCore ScenarioReport.swift
[62/96] Compiling SpoonjoyCore ScenarioVerifier.swift
[63/96] Compiling SpoonjoyCore ShoppingEntityCatalog.swift
[64/96] Compiling SpoonjoyCore SpoonEntityCatalog.swift
[65/96] Compiling SpoonjoyCore SpotlightIndexPlan.swift
[66/96] Compiling SpoonjoyCore NativeFixtureFallbackPolicy.swift
[67/96] Compiling SpoonjoyCore NativeLiveAppStore.swift
[68/96] Compiling SpoonjoyCore ScreenViewModels.swift
[69/96] Compiling SpoonjoyCore SearchState.swift
[70/96] Compiling SpoonjoyCore AuthSessionState.swift
[71/96] Compiling SpoonjoyCore InMemoryTokenVault.swift
[72/96] Compiling SpoonjoyCore KeychainTokenVault.swift
[73/96] Compiling SpoonjoyCore NativeAuthSession.swift
[74/96] Compiling SpoonjoyCore NativeAuthSessionRepository.swift
[75/96] Compiling SpoonjoyCore NativeDurableCache.swift
[76/96] Compiling SpoonjoyCore NativeDurableCacheStore.swift
[77/96] Compiling SpoonjoyCore NativeIndicatorDismissalStore.swift
[78/96] Compiling SpoonjoyCore NativeMediaStagingPolicy.swift
[79/96] Compiling SpoonjoyCore OfflineFreshnessIndicator.swift
[80/96] Compiling SpoonjoyCore CaptureImportViewModel.swift
[81/96] Compiling SpoonjoyCore CookbookSurfaceRepository.swift
[82/96] Compiling SpoonjoyCore CookbookSurfaceViewModel.swift
[83/96] Compiling SpoonjoyCore RecipeCoverControlsViewModel.swift
[84/96] Compiling SpoonjoyCore JSONFileStore.swift
[85/96] Compiling SpoonjoyCore MutationQueue.swift
[86/96] Compiling SpoonjoyCore OfflineSnapshot.swift
[87/96] Compiling SpoonjoyCore SyncCheckpoint.swift
[88/96] Compiling SpoonjoyCore RecipeCookbook.swift
[89/96] Compiling SpoonjoyCore SpoonjoyCore.swift
[90/96] Compiling SpoonjoyCore NativeSyncEngine.swift
[91/96] Compiling SpoonjoyCore resource_bundle_accessor.swift
[92/100] Emitting module SpoonjoyScenarioVerifier
[93/100] Compiling SpoonjoyScenarioVerifier ScenarioProcessMain.swift
[94/100] Compiling SpoonjoyScenarioVerifier main.swift
[94/141] Write Objects.LinkFileList
[95/141] Linking SpoonjoyScenarioVerifier
[96/141] Applying SpoonjoyScenarioVerifier
[98/141] Emitting module SpoonjoyCoreTests
[99/145] Compiling SpoonjoyCoreTests OpenSearchShareCookIntentTests.swift
[100/145] Compiling SpoonjoyCoreTests ProfileChefGraphSurfaceTests.swift
[101/145] Compiling SpoonjoyCoreTests ProfileSettingsIntentTests.swift
[102/145] Compiling SpoonjoyCoreTests RecipeActionIntentTests.swift
[103/145] Compiling SpoonjoyCoreTests SpoonIntentTests.swift
[104/145] Compiling SpoonjoyCoreTests SpoonjoyCoreBootstrapTests.swift
[105/145] Compiling SpoonjoyCoreTests SpotlightShortcutTransferTests.swift
[106/145] Compiling SpoonjoyCoreTests TokenRefreshTests.swift
[107/145] Compiling SpoonjoyCoreTests ShoppingIntentTests.swift
[108/145] Compiling SpoonjoyCoreTests ShoppingSurfaceParityTests.swift
[109/145] Compiling SpoonjoyCoreTests SpoonCookLogSurfaceTests.swift
[110/145] Compiling SpoonjoyCoreTests SpoonEntityTests.swift
[111/145] Compiling SpoonjoyCoreTests RecipeActionParityTests.swift
[112/145] Compiling SpoonjoyCoreTests RecipeCatalogDetailTests.swift
[113/145] Compiling SpoonjoyCoreTests RecipeCookbookEntityTests.swift
[114/145] Compiling SpoonjoyCoreTests RecipeCookbookTests.swift
[115/145] Compiling SpoonjoyCoreTests CoverControlSurfaceTests.swift
[116/145] Compiling SpoonjoyCoreTests DeepLinkRouterTests.swift
[117/145] Compiling SpoonjoyCoreTests KitchenStateTests.swift
[118/145] Compiling SpoonjoyCoreTests NativeAPIExpansionTests.swift
[119/145] Compiling SpoonjoyCoreTests NativeAuthSessionTests.swift
[120/145] Compiling SpoonjoyCoreTests RecipeEditorParityTests.swift
[121/145] Compiling SpoonjoyCoreTests SettingsTokenConnectionTests.swift
[122/145] Compiling SpoonjoyCoreTests ShoppingAPIClientTests.swift
[123/145] Compiling SpoonjoyCoreTests ShoppingEntityTests.swift
[124/145] Compiling SpoonjoyCoreTests CaptureImportSurfaceTests.swift
[125/145] Compiling SpoonjoyCoreTests ChefProfileEntityTests.swift
[126/145] Compiling SpoonjoyCoreTests CookModeParityTests.swift
[127/145] Compiling SpoonjoyCoreTests CookbookIntentTests.swift
[128/145] Compiling SpoonjoyCoreTests CookbookSurfaceParityTests.swift
[129/145] Compiling SpoonjoyCoreTests APIReadClientTests.swift
[130/145] Compiling SpoonjoyCoreTests APITransportTests.swift
[131/145] Compiling SpoonjoyCoreTests AppStateTests.swift
[132/145] Compiling SpoonjoyCoreTests CaptureDraftEntityTests.swift
[133/145] Compiling SpoonjoyCoreTests CaptureImportIntentTests.swift
[134/145] Compiling SpoonjoyCoreTests NativeSyncEngineTests.swift
[135/145] Compiling SpoonjoyCoreTests NotificationAPNsSurfaceTests.swift
[136/145] Compiling SpoonjoyCoreTests NotificationIntentTests.swift
[137/145] Compiling SpoonjoyCoreTests OAuthRequestTests.swift
[138/145] Compiling SpoonjoyCoreTests OfflineStoreTests.swift
[139/145] Compiling SpoonjoyCoreTests NativeCacheFreshnessTests.swift
[140/145] Compiling SpoonjoyCoreTests NativeLiveStoreTests.swift
[141/145] Compiling SpoonjoyCoreTests NativeScenarioTests.swift
[142/145] Compiling SpoonjoyCoreTests NativeSearchSurfaceTests.swift
[143/145] Compiling SpoonjoyCoreTests NativeSharingTests.swift
[144/147] Compiling SpoonjoyApplePackageTests runner.swift
[145/147] Emitting module SpoonjoyApplePackageTests
[145/147] Write Objects.LinkFileList
[146/147] Linking SpoonjoyApplePackageTests
Build complete! (29.13s)
◇ Test run started.
↳ Testing Library Version: 1902
↳ Target Platform: arm64e-apple-macos14.0
◇ Suite "Recipe and cookbook App Entity contracts" started.
◇ Suite "URLSession API transport" started.
◇ Test "entity descriptors cover placeholder sparse recipe and singular cookbook display edges" started.
◇ Test "URLSession native sync transport returns typed cover provider-secret blockers" started.
✔ Test "URLSession native sync transport returns typed cover provider-secret blockers" passed after 0.005 seconds.
✔ Suite "URLSession API transport" passed after 0.005 seconds.
✔ Test "entity descriptors cover placeholder sparse recipe and singular cookbook display edges" passed after 0.010 seconds.
✔ Suite "Recipe and cookbook App Entity contracts" passed after 0.010 seconds.
✔ Test run with 2 tests in 2 suites passed after 0.010 seconds.
