FAIL: missing Sources/SpoonjoyCore/Native/CaptureDraftEntityCatalog.swift
missing Apps/Spoonjoy/Shared/Native/SpoonjoyCaptureDraftEntities.swift
Sources/SpoonjoyCore/Native/NativeCapabilityMetadata.swift missing SpoonjoyCaptureDraftEntity
Sources/SpoonjoyCore/Native/NativeCapabilityMetadata.swift missing SpoonjoyCaptureDraftEntityQuery
Sources/SpoonjoyCore/Native/ScenarioVerifier.swift missing capture draft App Entity
Sources/SpoonjoyCore/Native/ScenarioVerifier.swift missing CaptureDraftEntityCatalog
Sources/SpoonjoyCore/Native/ScenarioVerifier.swift missing SpoonjoyCaptureDraftEntity
Sources/SpoonjoyCore/Native/NativeIntentAction.swift missing unresolvedCaptureDraftEntity
Sources/SpoonjoyCore/Native/NativeIntentAction.swift missing Choose a Spoonjoy capture draft before running this Siri action.
Sources/SpoonjoyCore/AppState/NativeLiveAppStore.swift performSettingsSessionOperation missing CaptureDraftEntityIndexPurgePlan.accountScopePurge
Sources/SpoonjoyCore/AppState/NativeLiveAppStore.swift performSettingsSessionOperation missing CaptureDraftEntityCatalog.purgeEntityIdentifiers(
Sources/SpoonjoyCore/AppState/NativeLiveAppStore.swift performSettingsSessionOperation missing CaptureDraftEntityCatalog.purgeDomainIdentifiers(
Sources/SpoonjoyCore/AppState/NativeLiveAppStore.swift performSettingsSessionOperation missing purgeCaptureDraftEntityIdentifiers
Sources/SpoonjoyCore/AppState/NativeLiveAppStore.swift restoreFromCache account or environment switch missing preFilterCacheRecord
Sources/SpoonjoyCore/AppState/NativeLiveAppStore.swift restoreFromCache account or environment switch missing preFilterAppStateRecord
Sources/SpoonjoyCore/AppState/NativeLiveAppStore.swift restoreFromCache account or environment switch missing dependencies.cacheStore.loadOrRecover(fallback:
Sources/SpoonjoyCore/AppState/NativeLiveAppStore.swift restoreFromCache account or environment switch missing appStateStore.loadOrCreate(fallback:
Sources/SpoonjoyCore/AppState/NativeLiveAppStore.swift restoreFromCache account or environment switch missing previousCacheSnapshot
Sources/SpoonjoyCore/AppState/NativeLiveAppStore.swift restoreFromCache account or environment switch missing previousAppSnapshot
Sources/SpoonjoyCore/AppState/NativeLiveAppStore.swift restoreFromCache account or environment switch missing preFilterCacheRecord.value
Sources/SpoonjoyCore/AppState/NativeLiveAppStore.swift restoreFromCache account or environment switch missing preFilterAppStateRecord.value
Sources/SpoonjoyCore/AppState/NativeLiveAppStore.swift restoreFromCache account or environment switch missing previousCacheSnapshot.accountID
Sources/SpoonjoyCore/AppState/NativeLiveAppStore.swift restoreFromCache account or environment switch missing previousCacheSnapshot.environment
Sources/SpoonjoyCore/AppState/NativeLiveAppStore.swift restoreFromCache account or environment switch missing previousAppSnapshot.accountID
Sources/SpoonjoyCore/AppState/NativeLiveAppStore.swift restoreFromCache account or environment switch missing previousAppSnapshot.environment
Sources/SpoonjoyCore/AppState/NativeLiveAppStore.swift restoreFromCache account or environment switch missing CaptureDraftEntityIndexPurgePlan.accountScopePurge
Sources/SpoonjoyCore/AppState/NativeLiveAppStore.swift restoreFromCache account or environment switch missing CaptureDraftEntityCatalog.purgeEntityIdentifiers(
Sources/SpoonjoyCore/AppState/NativeLiveAppStore.swift restoreFromCache account or environment switch missing CaptureDraftEntityCatalog.purgeDomainIdentifiers(
Sources/SpoonjoyCore/AppState/NativeLiveAppStore.swift restoreFromCache account or environment switch missing purgeCaptureDraftEntityIdentifiers
Sources/SpoonjoyCore/AppState/NativeLiveAppStore.swift restoreFromCache account or environment switch missing accountID: previousCacheSnapshot.accountID
Sources/SpoonjoyCore/AppState/NativeLiveAppStore.swift restoreFromCache account or environment switch missing environment: previousCacheSnapshot.environment
Sources/SpoonjoyCore/AppState/NativeLiveAppStore.swift restoreFromCache account or environment switch missing accountID: previousAppSnapshot.accountID
Sources/SpoonjoyCore/AppState/NativeLiveAppStore.swift restoreFromCache account or environment switch missing environment: previousAppSnapshot.environment
Sources/SpoonjoyCore/AppState/NativeLiveAppStore.swift restoreFromCache account or environment switch missing != accountID(for: authSessionState)
Sources/SpoonjoyCore/AppState/NativeLiveAppStore.swift restoreFromCache account or environment switch missing != cacheEnvironment
Sources/SpoonjoyCore/AppState/NativeLiveAppStore.swift discardCaptureDraft missing CaptureDraftEntityIndexPurgePlan.draftDiscardPurge
Sources/SpoonjoyCore/AppState/NativeLiveAppStore.swift discardCaptureDraft missing CaptureDraftEntityCatalog.purgeEntityIdentifiers(
Sources/SpoonjoyCore/AppState/NativeLiveAppStore.swift discardCaptureDraft missing purgeCaptureDraftEntityIdentifiers
Sources/SpoonjoyCore/AppState/NativeLiveAppStore.swift recordCaptureDraft missing CaptureDraftEntityIndexPurgePlan.cacheDeletePurge
Sources/SpoonjoyCore/AppState/NativeLiveAppStore.swift recordCaptureDraft missing CaptureDraftEntityCatalog.purgeEntityIdentifiers(
Sources/SpoonjoyCore/AppState/NativeLiveAppStore.swift recordCaptureDraft missing purgeCaptureDraftEntityIdentifiers
Apps/Spoonjoy/Shared/AppShell/PlatformNavigationView.swift missing NativeCaptureDraftEntityIndexPurgeRequest
Apps/Spoonjoy/Shared/AppShell/PlatformNavigationView.swift missing purgeCaptureDraftEntityIndexesHandler
Spoonjoy.xcodeproj target Spoonjoy iOS missing Apps/Spoonjoy/Shared/Native/SpoonjoyCaptureDraftEntities.swift
Spoonjoy.xcodeproj target Spoonjoy macOS missing Apps/Spoonjoy/Shared/Native/SpoonjoyCaptureDraftEntities.swift

red as expected: app intents contract exited 1
