Building for debugging...
[0/5] Write swift-version--58304C5D6DBC2206.txt
error: emit-module command failed with exit code 1 (use -v to see invocation)
[2/5] Emitting module SpoonjoyCoreTests
/Users/arimendelow/Projects/spoonjoy-apple/Tests/SpoonjoyCoreTests/CaptureDraftEntityTests.swift:417:17: error: cannot find type 'CaptureDraftEntityCatalog' in scope
415 |         currentAccountID: String = "account_ari",
416 |         environment: NativeCacheEnvironment = .production
417 |     ) throws -> CaptureDraftEntityCatalog {
    |                 `- error: cannot find type 'CaptureDraftEntityCatalog' in scope
418 |         CaptureDraftEntityCatalog(
419 |             appSnapshot: appSnapshot,
[3/5] Compiling SpoonjoyCoreTests CaptureDraftEntityTests.swift
/Users/arimendelow/Projects/spoonjoy-apple/Tests/SpoonjoyCoreTests/CaptureDraftEntityTests.swift:417:17: error: cannot find type 'CaptureDraftEntityCatalog' in scope
415 |         currentAccountID: String = "account_ari",
416 |         environment: NativeCacheEnvironment = .production
417 |     ) throws -> CaptureDraftEntityCatalog {
    |                 `- error: cannot find type 'CaptureDraftEntityCatalog' in scope
418 |         CaptureDraftEntityCatalog(
419 |             appSnapshot: appSnapshot,

/Users/arimendelow/Projects/spoonjoy-apple/Tests/SpoonjoyCoreTests/CaptureDraftEntityTests.swift:244:30: error: cannot find 'CaptureDraftEntityCatalog' in scope
242 |
243 |         let entity = try await catalog.captureDraftEntity(id: "draft_local_text")
244 |         #expect(entity.id == CaptureDraftEntityCatalog.captureDraftEntityIdentifier(
    |                              `- error: cannot find 'CaptureDraftEntityCatalog' in scope
245 |             draftID: "draft_local_text",
246 |             accountID: "account_ari",

/Users/arimendelow/Projects/spoonjoy-apple/Tests/SpoonjoyCoreTests/CaptureDraftEntityTests.swift:247:27: error: cannot infer contextual base in reference to member 'production'
245 |             draftID: "draft_local_text",
246 |             accountID: "account_ari",
247 |             environment: .production
    |                           `- error: cannot infer contextual base in reference to member 'production'
248 |         ))
249 |         #expect(entity.captureDraftID == "draft_local_text")

/Users/arimendelow/Projects/spoonjoy-apple/Tests/SpoonjoyCoreTests/CaptureDraftEntityTests.swift:250:33: error: cannot find 'CaptureDraftEntityScope' in scope
248 |         ))
249 |         #expect(entity.captureDraftID == "draft_local_text")
250 |         #expect(entity.scope == CaptureDraftEntityScope(accountID: "account_ari", environment: .production))
    |                                 `- error: cannot find 'CaptureDraftEntityScope' in scope
251 |         #expect(entity.title == "Grandma's soup")
252 |         #expect(entity.subtitle == "Text draft - pending import")

/Users/arimendelow/Projects/spoonjoy-apple/Tests/SpoonjoyCoreTests/CaptureDraftEntityTests.swift:250:97: error: cannot infer contextual base in reference to member 'production'
248 |         ))
249 |         #expect(entity.captureDraftID == "draft_local_text")
250 |         #expect(entity.scope == CaptureDraftEntityScope(accountID: "account_ari", environment: .production))
    |                                                                                                 `- error: cannot infer contextual base in reference to member 'production'
251 |         #expect(entity.title == "Grandma's soup")
252 |         #expect(entity.subtitle == "Text draft - pending import")

/Users/arimendelow/Projects/spoonjoy-apple/Tests/SpoonjoyCoreTests/CaptureDraftEntityTests.swift:254:34: error: cannot infer contextual base in reference to member 'capture'
252 |         #expect(entity.subtitle == "Text draft - pending import")
253 |         #expect(entity.disambiguationLabel == "Grandma's soup from capture")
254 |         #expect(entity.route == .capture)
    |                                  `- error: cannot infer contextual base in reference to member 'capture'
255 |         #expect(entity.source == .text)
256 |         #expect(entity.importReadiness == .ready)

/Users/arimendelow/Projects/spoonjoy-apple/Tests/SpoonjoyCoreTests/CaptureDraftEntityTests.swift:255:35: error: cannot infer contextual base in reference to member 'text'
253 |         #expect(entity.disambiguationLabel == "Grandma's soup from capture")
254 |         #expect(entity.route == .capture)
255 |         #expect(entity.source == .text)
    |                                   `- error: cannot infer contextual base in reference to member 'text'
256 |         #expect(entity.importReadiness == .ready)
257 |         #expect(entity.hasPendingImport)

/Users/arimendelow/Projects/spoonjoy-apple/Tests/SpoonjoyCoreTests/CaptureDraftEntityTests.swift:256:44: error: cannot infer contextual base in reference to member 'ready'
254 |         #expect(entity.route == .capture)
255 |         #expect(entity.source == .text)
256 |         #expect(entity.importReadiness == .ready)
    |                                            `- error: cannot infer contextual base in reference to member 'ready'
257 |         #expect(entity.hasPendingImport)
258 |         #expect(!entity.isPlaceholder)

/Users/arimendelow/Projects/spoonjoy-apple/Tests/SpoonjoyCoreTests/CaptureDraftEntityTests.swift:261:35: error: cannot infer contextual base in reference to member 'captureDraft'
259 |
260 |         let transfer = entity.transferValue
261 |         #expect(transfer.kind == .captureDraft)
    |                                   `- error: cannot infer contextual base in reference to member 'captureDraft'
262 |         #expect(transfer.rawResourceID == "draft_local_text")
263 |         #expect(transfer.title == "Grandma's soup")

/Users/arimendelow/Projects/spoonjoy-apple/Tests/SpoonjoyCoreTests/CaptureDraftEntityTests.swift:277:29: error: cannot infer key path type from context; consider explicitly specifying a root type
275 |
276 |         let matches = try await catalog.captureDraftEntities(matching: "  soup  ")
277 |         #expect(matches.map(\.captureDraftID) == ["draft_local_text"])
    |                             `- error: cannot infer key path type from context; consider explicitly specifying a root type
278 |
279 |         let byIdentifier = try await catalog.captureDraftEntities(for: [entity.id])

/Users/arimendelow/Projects/spoonjoy-apple/Tests/SpoonjoyCoreTests/CaptureDraftEntityTests.swift:280:34: error: cannot infer key path type from context; consider explicitly specifying a root type
278 |
279 |         let byIdentifier = try await catalog.captureDraftEntities(for: [entity.id])
280 |         #expect(byIdentifier.map(\.captureDraftID) == ["draft_local_text"])
    |                                  `- error: cannot infer key path type from context; consider explicitly specifying a root type
281 |         #expect(try CaptureDraftEntityCatalog.resolvedCaptureDraftID(
282 |             from: entity.id,

/Users/arimendelow/Projects/spoonjoy-apple/Tests/SpoonjoyCoreTests/CaptureDraftEntityTests.swift:281:21: error: cannot find 'CaptureDraftEntityCatalog' in scope
279 |         let byIdentifier = try await catalog.captureDraftEntities(for: [entity.id])
280 |         #expect(byIdentifier.map(\.captureDraftID) == ["draft_local_text"])
281 |         #expect(try CaptureDraftEntityCatalog.resolvedCaptureDraftID(
    |                     `- error: cannot find 'CaptureDraftEntityCatalog' in scope
282 |             from: entity.id,
283 |             accountID: "account_ari",

/Users/arimendelow/Projects/spoonjoy-apple/Tests/SpoonjoyCoreTests/CaptureDraftEntityTests.swift:284:27: error: cannot infer contextual base in reference to member 'production'
282 |             from: entity.id,
283 |             accountID: "account_ari",
284 |             environment: .production
    |                           `- error: cannot infer contextual base in reference to member 'production'
285 |         ) == "draft_local_text")
286 |     }

/Users/arimendelow/Projects/spoonjoy-apple/Tests/SpoonjoyCoreTests/CaptureDraftEntityTests.swift:302:23: error: cannot find 'CaptureDraftEntityCatalog' in scope
300 |             )
301 |         ])
302 |         let catalog = CaptureDraftEntityCatalog(
    |                       `- error: cannot find 'CaptureDraftEntityCatalog' in scope
303 |             appSnapshot: nil,
304 |             cacheSnapshot: cacheSnapshot,

/Users/arimendelow/Projects/spoonjoy-apple/Tests/SpoonjoyCoreTests/CaptureDraftEntityTests.swift:303:26: error: 'nil' requires a contextual type
301 |         ])
302 |         let catalog = CaptureDraftEntityCatalog(
303 |             appSnapshot: nil,
    |                          `- error: 'nil' requires a contextual type
304 |             cacheSnapshot: cacheSnapshot,
305 |             currentAccountID: "account_ari",

/Users/arimendelow/Projects/spoonjoy-apple/Tests/SpoonjoyCoreTests/CaptureDraftEntityTests.swift:306:27: error: cannot infer contextual base in reference to member 'production'
304 |             cacheSnapshot: cacheSnapshot,
305 |             currentAccountID: "account_ari",
306 |             environment: .production
    |                           `- error: cannot infer contextual base in reference to member 'production'
307 |         )
308 |

/Users/arimendelow/Projects/spoonjoy-apple/Tests/SpoonjoyCoreTests/CaptureDraftEntityTests.swift:310:31: error: cannot infer key path type from context; consider explicitly specifying a root type
308 |
309 |         let suggested = try await catalog.suggestedCaptureDraftEntities(limit: 10)
310 |         #expect(suggested.map(\.captureDraftID) == ["draft_cached_url"])
    |                               `- error: cannot infer key path type from context; consider explicitly specifying a root type
311 |         let cached = try await catalog.captureDraftEntity(id: "draft_cached_url")
312 |         #expect(cached.title == "example.com")

/Users/arimendelow/Projects/spoonjoy-apple/Tests/SpoonjoyCoreTests/CaptureDraftEntityTests.swift:322:45: error: cannot find 'CaptureDraftEntityCatalogError' in scope
320 |
321 |         #expect(try await catalog.captureDraftEntities(matching: "private-local-media").isEmpty)
322 |         await captureDraftExpectAsyncThrows(CaptureDraftEntityCatalogError.self) {
    |                                             `- error: cannot find 'CaptureDraftEntityCatalogError' in scope
323 |             _ = try await catalog.captureDraftEntity(id: "draft_cached_asset")
324 |         }

/Users/arimendelow/Projects/spoonjoy-apple/Tests/SpoonjoyCoreTests/CaptureDraftEntityTests.swift:322:15: error: generic parameter 'E' could not be inferred
320 |
321 |         #expect(try await catalog.captureDraftEntities(matching: "private-local-media").isEmpty)
322 |         await captureDraftExpectAsyncThrows(CaptureDraftEntityCatalogError.self) {
    |               `- error: generic parameter 'E' could not be inferred
323 |             _ = try await catalog.captureDraftEntity(id: "draft_cached_asset")
324 |         }
    :
602 | }
603 |
604 | private func captureDraftExpectAsyncThrows<E: Error>(
    |              `- note: in call to function 'captureDraftExpectAsyncThrows'
605 |     _ expectedError: E.Type,
606 |     _ body: () async throws -> Void

/Users/arimendelow/Projects/spoonjoy-apple/Tests/SpoonjoyCoreTests/CaptureDraftEntityTests.swift:336:96: error: cannot infer contextual base in reference to member 'local'
334 |         let appSnapshot = Self.appSnapshot(captureDraft: draft)
335 |         let wrongAccountCatalog = try Self.catalog(appSnapshot: appSnapshot, currentAccountID: "account_other")
336 |         let wrongEnvironmentCatalog = try Self.catalog(appSnapshot: appSnapshot, environment: .local)
    |                                                                                                `- error: cannot infer contextual base in reference to member 'local'
337 |
338 |         #expect(try await wrongAccountCatalog.suggestedCaptureDraftEntities(limit: 10).isEmpty)

/Users/arimendelow/Projects/spoonjoy-apple/Tests/SpoonjoyCoreTests/CaptureDraftEntityTests.swift:340:45: error: cannot find 'CaptureDraftEntityCatalogError' in scope
338 |         #expect(try await wrongAccountCatalog.suggestedCaptureDraftEntities(limit: 10).isEmpty)
339 |         #expect(try await wrongEnvironmentCatalog.captureDraftEntities(matching: "example").isEmpty)
340 |         await captureDraftExpectAsyncThrows(CaptureDraftEntityCatalogError.self) {
    |                                             `- error: cannot find 'CaptureDraftEntityCatalogError' in scope
341 |             _ = try await wrongAccountCatalog.captureDraftEntity(id: "draft_scoped_url")
342 |         }

/Users/arimendelow/Projects/spoonjoy-apple/Tests/SpoonjoyCoreTests/CaptureDraftEntityTests.swift:340:15: error: generic parameter 'E' could not be inferred
338 |         #expect(try await wrongAccountCatalog.suggestedCaptureDraftEntities(limit: 10).isEmpty)
339 |         #expect(try await wrongEnvironmentCatalog.captureDraftEntities(matching: "example").isEmpty)
340 |         await captureDraftExpectAsyncThrows(CaptureDraftEntityCatalogError.self) {
    |               `- error: generic parameter 'E' could not be inferred
341 |             _ = try await wrongAccountCatalog.captureDraftEntity(id: "draft_scoped_url")
342 |         }
    :
602 | }
603 |
604 | private func captureDraftExpectAsyncThrows<E: Error>(
    |              `- note: in call to function 'captureDraftExpectAsyncThrows'
605 |     _ expectedError: E.Type,
606 |     _ body: () async throws -> Void

/Users/arimendelow/Projects/spoonjoy-apple/Tests/SpoonjoyCoreTests/CaptureDraftEntityTests.swift:343:45: error: cannot find 'CaptureDraftEntityCatalogError' in scope
341 |             _ = try await wrongAccountCatalog.captureDraftEntity(id: "draft_scoped_url")
342 |         }
343 |         await captureDraftExpectAsyncThrows(CaptureDraftEntityCatalogError.self) {
    |                                             `- error: cannot find 'CaptureDraftEntityCatalogError' in scope
344 |             _ = try await wrongEnvironmentCatalog.captureDraftEntity(id: "draft_scoped_url")
345 |         }

/Users/arimendelow/Projects/spoonjoy-apple/Tests/SpoonjoyCoreTests/CaptureDraftEntityTests.swift:343:15: error: generic parameter 'E' could not be inferred
341 |             _ = try await wrongAccountCatalog.captureDraftEntity(id: "draft_scoped_url")
342 |         }
343 |         await captureDraftExpectAsyncThrows(CaptureDraftEntityCatalogError.self) {
    |               `- error: generic parameter 'E' could not be inferred
344 |             _ = try await wrongEnvironmentCatalog.captureDraftEntity(id: "draft_scoped_url")
345 |         }
    :
602 | }
603 |
604 | private func captureDraftExpectAsyncThrows<E: Error>(
    |              `- note: in call to function 'captureDraftExpectAsyncThrows'
605 |     _ expectedError: E.Type,
606 |     _ body: () async throws -> Void

/Users/arimendelow/Projects/spoonjoy-apple/Tests/SpoonjoyCoreTests/CaptureDraftEntityTests.swift:346:45: error: cannot find 'CaptureDraftEntityCatalogError' in scope
344 |             _ = try await wrongEnvironmentCatalog.captureDraftEntity(id: "draft_scoped_url")
345 |         }
346 |         await captureDraftExpectAsyncThrows(CaptureDraftEntityCatalogError.self) {
    |                                             `- error: cannot find 'CaptureDraftEntityCatalogError' in scope
347 |             _ = try await CaptureDraftEntityCatalog(
348 |                 appSnapshot: appSnapshot,

/Users/arimendelow/Projects/spoonjoy-apple/Tests/SpoonjoyCoreTests/CaptureDraftEntityTests.swift:347:27: error: cannot find 'CaptureDraftEntityCatalog' in scope
345 |         }
346 |         await captureDraftExpectAsyncThrows(CaptureDraftEntityCatalogError.self) {
347 |             _ = try await CaptureDraftEntityCatalog(
    |                           `- error: cannot find 'CaptureDraftEntityCatalog' in scope
348 |                 appSnapshot: appSnapshot,
349 |                 cacheSnapshot: nil,

/Users/arimendelow/Projects/spoonjoy-apple/Tests/SpoonjoyCoreTests/CaptureDraftEntityTests.swift:346:15: error: generic parameter 'E' could not be inferred
344 |             _ = try await wrongEnvironmentCatalog.captureDraftEntity(id: "draft_scoped_url")
345 |         }
346 |         await captureDraftExpectAsyncThrows(CaptureDraftEntityCatalogError.self) {
    |               `- error: generic parameter 'E' could not be inferred
347 |             _ = try await CaptureDraftEntityCatalog(
348 |                 appSnapshot: appSnapshot,
    :
602 | }
603 |
604 | private func captureDraftExpectAsyncThrows<E: Error>(
    |              `- note: in call to function 'captureDraftExpectAsyncThrows'
605 |     _ expectedError: E.Type,
606 |     _ body: () async throws -> Void

/Users/arimendelow/Projects/spoonjoy-apple/Tests/SpoonjoyCoreTests/CaptureDraftEntityTests.swift:349:32: error: 'nil' requires a contextual type
347 |             _ = try await CaptureDraftEntityCatalog(
348 |                 appSnapshot: appSnapshot,
349 |                 cacheSnapshot: nil,
    |                                `- error: 'nil' requires a contextual type
350 |                 currentAccountID: "account_ari",
351 |                 environment: .production

/Users/arimendelow/Projects/spoonjoy-apple/Tests/SpoonjoyCoreTests/CaptureDraftEntityTests.swift:351:31: error: cannot infer contextual base in reference to member 'production'
349 |                 cacheSnapshot: nil,
350 |                 currentAccountID: "account_ari",
351 |                 environment: .production
    |                               `- error: cannot infer contextual base in reference to member 'production'
352 |             ).captureDraftEntity(id: "draft/unsafe")
353 |         }

/Users/arimendelow/Projects/spoonjoy-apple/Tests/SpoonjoyCoreTests/CaptureDraftEntityTests.swift:358:21: error: cannot find 'CaptureDraftEntityScope' in scope
356 |     @Test("capture draft entity purge plans cover logout account-switch discard and cache delete")
357 |     func captureDraftEntityPurgePlansCoverLogoutAccountSwitchDiscardAndCacheDelete() throws {
358 |         let scope = CaptureDraftEntityScope(accountID: "account_ari", environment: .production)
    |                     `- error: cannot find 'CaptureDraftEntityScope' in scope
359 |         let otherScope = CaptureDraftEntityScope(accountID: "account_other", environment: .local)
360 |         let draft = try CaptureDraft.localText(

/Users/arimendelow/Projects/spoonjoy-apple/Tests/SpoonjoyCoreTests/CaptureDraftEntityTests.swift:358:85: error: cannot infer contextual base in reference to member 'production'
356 |     @Test("capture draft entity purge plans cover logout account-switch discard and cache delete")
357 |     func captureDraftEntityPurgePlansCoverLogoutAccountSwitchDiscardAndCacheDelete() throws {
358 |         let scope = CaptureDraftEntityScope(accountID: "account_ari", environment: .production)
    |                                                                                     `- error: cannot infer contextual base in reference to member 'production'
359 |         let otherScope = CaptureDraftEntityScope(accountID: "account_other", environment: .local)
360 |         let draft = try CaptureDraft.localText(

/Users/arimendelow/Projects/spoonjoy-apple/Tests/SpoonjoyCoreTests/CaptureDraftEntityTests.swift:359:26: error: cannot find 'CaptureDraftEntityScope' in scope
357 |     func captureDraftEntityPurgePlansCoverLogoutAccountSwitchDiscardAndCacheDelete() throws {
358 |         let scope = CaptureDraftEntityScope(accountID: "account_ari", environment: .production)
359 |         let otherScope = CaptureDraftEntityScope(accountID: "account_other", environment: .local)
    |                          `- error: cannot find 'CaptureDraftEntityScope' in scope
360 |         let draft = try CaptureDraft.localText(
361 |             id: "draft_purge",

/Users/arimendelow/Projects/spoonjoy-apple/Tests/SpoonjoyCoreTests/CaptureDraftEntityTests.swift:359:92: error: cannot infer contextual base in reference to member 'local'
357 |     func captureDraftEntityPurgePlansCoverLogoutAccountSwitchDiscardAndCacheDelete() throws {
358 |         let scope = CaptureDraftEntityScope(accountID: "account_ari", environment: .production)
359 |         let otherScope = CaptureDraftEntityScope(accountID: "account_other", environment: .local)
    |                                                                                            `- error: cannot infer contextual base in reference to member 'local'
360 |         let draft = try CaptureDraft.localText(
361 |             id: "draft_purge",

/Users/arimendelow/Projects/spoonjoy-apple/Tests/SpoonjoyCoreTests/CaptureDraftEntityTests.swift:368:26: error: cannot find 'CaptureDraftEntityIndexPurgePlan' in scope
366 |         let spotlightScope = SpotlightIndexScope(accountID: scope.accountID, environment: scope.environment)
367 |
368 |         let logoutPlan = CaptureDraftEntityIndexPurgePlan.accountScopePurge(
    |                          `- error: cannot find 'CaptureDraftEntityIndexPurgePlan' in scope
369 |             appSnapshot: appSnapshot,
370 |             cacheSnapshot: nil,

/Users/arimendelow/Projects/spoonjoy-apple/Tests/SpoonjoyCoreTests/CaptureDraftEntityTests.swift:370:28: error: 'nil' requires a contextual type
368 |         let logoutPlan = CaptureDraftEntityIndexPurgePlan.accountScopePurge(
369 |             appSnapshot: appSnapshot,
370 |             cacheSnapshot: nil,
    |                            `- error: 'nil' requires a contextual type
371 |             accountID: scope.accountID,
372 |             environment: scope.environment

/Users/arimendelow/Projects/spoonjoy-apple/Tests/SpoonjoyCoreTests/CaptureDraftEntityTests.swift:375:32: error: type 'SpotlightIndexPlan' has no member 'captureDraftUniqueIdentifier'
373 |         )
374 |         #expect(logoutPlan.identifiers == [
375 |             SpotlightIndexPlan.captureDraftUniqueIdentifier(draftID: draft.id, scope: spotlightScope)
    |                                `- error: type 'SpotlightIndexPlan' has no member 'captureDraftUniqueIdentifier'
376 |         ])
377 |         #expect(logoutPlan.domainIdentifiers == [

/Users/arimendelow/Projects/spoonjoy-apple/Tests/SpoonjoyCoreTests/CaptureDraftEntityTests.swift:378:32: error: type 'SpotlightIndexPlan' has no member 'captureDraftDomainIdentifier'
376 |         ])
377 |         #expect(logoutPlan.domainIdentifiers == [
378 |             SpotlightIndexPlan.captureDraftDomainIdentifier(scope: spotlightScope)
    |                                `- error: type 'SpotlightIndexPlan' has no member 'captureDraftDomainIdentifier'
379 |         ])
380 |         #expect(logoutPlan.reason == .accountScopeChanged)

/Users/arimendelow/Projects/spoonjoy-apple/Tests/SpoonjoyCoreTests/CaptureDraftEntityTests.swift:380:39: error: cannot infer contextual base in reference to member 'accountScopeChanged'
378 |             SpotlightIndexPlan.captureDraftDomainIdentifier(scope: spotlightScope)
379 |         ])
380 |         #expect(logoutPlan.reason == .accountScopeChanged)
    |                                       `- error: cannot infer contextual base in reference to member 'accountScopeChanged'
381 |
382 |         let discardPlan = CaptureDraftEntityIndexPurgePlan.draftDiscardPurge(

/Users/arimendelow/Projects/spoonjoy-apple/Tests/SpoonjoyCoreTests/CaptureDraftEntityTests.swift:382:27: error: cannot find 'CaptureDraftEntityIndexPurgePlan' in scope
380 |         #expect(logoutPlan.reason == .accountScopeChanged)
381 |
382 |         let discardPlan = CaptureDraftEntityIndexPurgePlan.draftDiscardPurge(
    |                           `- error: cannot find 'CaptureDraftEntityIndexPurgePlan' in scope
383 |             draftID: draft.id,
384 |             accountID: scope.accountID,

/Users/arimendelow/Projects/spoonjoy-apple/Tests/SpoonjoyCoreTests/CaptureDraftEntityTests.swift:389:40: error: cannot infer contextual base in reference to member 'draftDiscarded'
387 |         #expect(discardPlan.identifiers == logoutPlan.identifiers)
388 |         #expect(discardPlan.domainIdentifiers.isEmpty)
389 |         #expect(discardPlan.reason == .draftDiscarded)
    |                                        `- error: cannot infer contextual base in reference to member 'draftDiscarded'
390 |
391 |         let cacheDeletePlan = CaptureDraftEntityIndexPurgePlan.cacheDeletePurge(

/Users/arimendelow/Projects/spoonjoy-apple/Tests/SpoonjoyCoreTests/CaptureDraftEntityTests.swift:391:31: error: cannot find 'CaptureDraftEntityIndexPurgePlan' in scope
389 |         #expect(discardPlan.reason == .draftDiscarded)
390 |
391 |         let cacheDeletePlan = CaptureDraftEntityIndexPurgePlan.cacheDeletePurge(
    |                               `- error: cannot find 'CaptureDraftEntityIndexPurgePlan' in scope
392 |             deletedRecordDomains: [.captureDraft(id: draft.id), .shoppingList],
393 |             accountID: scope.accountID,

/Users/arimendelow/Projects/spoonjoy-apple/Tests/SpoonjoyCoreTests/CaptureDraftEntityTests.swift:392:37: error: type 'Any' has no member 'captureDraft'
390 |
391 |         let cacheDeletePlan = CaptureDraftEntityIndexPurgePlan.cacheDeletePurge(
392 |             deletedRecordDomains: [.captureDraft(id: draft.id), .shoppingList],
    |                                     `- error: type 'Any' has no member 'captureDraft'
393 |             accountID: scope.accountID,
394 |             environment: scope.environment

/Users/arimendelow/Projects/spoonjoy-apple/Tests/SpoonjoyCoreTests/CaptureDraftEntityTests.swift:392:66: error: reference to member 'shoppingList' cannot be resolved without a contextual type
390 |
391 |         let cacheDeletePlan = CaptureDraftEntityIndexPurgePlan.cacheDeletePurge(
392 |             deletedRecordDomains: [.captureDraft(id: draft.id), .shoppingList],
    |                                                                  `- error: reference to member 'shoppingList' cannot be resolved without a contextual type
393 |             accountID: scope.accountID,
394 |             environment: scope.environment

/Users/arimendelow/Projects/spoonjoy-apple/Tests/SpoonjoyCoreTests/CaptureDraftEntityTests.swift:398:44: error: cannot infer contextual base in reference to member 'cacheDeleted'
396 |         #expect(cacheDeletePlan.identifiers == logoutPlan.identifiers)
397 |         #expect(cacheDeletePlan.domainIdentifiers.isEmpty)
398 |         #expect(cacheDeletePlan.reason == .cacheDeleted)
    |                                            `- error: cannot infer contextual base in reference to member 'cacheDeleted'
399 |
400 |         #expect(CaptureDraftEntityCatalog.purgeEntityIdentifiers(

/Users/arimendelow/Projects/spoonjoy-apple/Tests/SpoonjoyCoreTests/CaptureDraftEntityTests.swift:400:17: error: cannot find 'CaptureDraftEntityCatalog' in scope
398 |         #expect(cacheDeletePlan.reason == .cacheDeleted)
399 |
400 |         #expect(CaptureDraftEntityCatalog.purgeEntityIdentifiers(
    |                 `- error: cannot find 'CaptureDraftEntityCatalog' in scope
401 |             accountID: otherScope.accountID,
402 |             environment: otherScope.environment,

/Users/arimendelow/Projects/spoonjoy-apple/Tests/SpoonjoyCoreTests/CaptureDraftEntityTests.swift:405:17: error: cannot find 'CaptureDraftEntityCatalog' in scope
403 |             plan: logoutPlan
404 |         ).isEmpty)
405 |         #expect(CaptureDraftEntityCatalog.purgeDomainIdentifiers(
    |                 `- error: cannot find 'CaptureDraftEntityCatalog' in scope
406 |             accountID: otherScope.accountID,
407 |             environment: otherScope.environment,

/Users/arimendelow/Projects/spoonjoy-apple/Tests/SpoonjoyCoreTests/CaptureDraftEntityTests.swift:418:9: error: cannot find 'CaptureDraftEntityCatalog' in scope
416 |         environment: NativeCacheEnvironment = .production
417 |     ) throws -> CaptureDraftEntityCatalog {
418 |         CaptureDraftEntityCatalog(
    |         `- error: cannot find 'CaptureDraftEntityCatalog' in scope
419 |             appSnapshot: appSnapshot,
420 |             cacheSnapshot: cacheSnapshot,
error: fatalError

red as expected: swift test exited 1
