[0/1] Planning build
Building for debugging...
[0/7] Write sources
[1/7] Write swift-version--58304C5D6DBC2206.txt
[3/69] Compiling SpoonjoyCore KitchenFixtureState.swift
[4/69] Compiling SpoonjoyCore SettingsState.swift
[5/69] Compiling SpoonjoyCore ShoppingListState.swift
[6/69] Compiling SpoonjoyCore DeepLinkManifest.swift
[7/69] Compiling SpoonjoyCore NativeCapabilityMetadata.swift
[8/69] Compiling SpoonjoyCore NativeIntentAction.swift
[9/75] Compiling SpoonjoyCore JSONValue.swift
[10/75] Compiling SpoonjoyCore NativeAPIRequests.swift
[11/75] Compiling SpoonjoyCore PaginationCursor.swift
[12/75] Compiling SpoonjoyCore PublicCatalogRequests.swift
[13/75] Compiling SpoonjoyCore ShoppingListAPI.swift
[14/75] Compiling SpoonjoyCore ShoppingListRequests.swift
[15/75] Compiling SpoonjoyCore AppNavigationState.swift
[16/75] Compiling SpoonjoyCore OAuthRedirectValidator.swift
[17/75] Compiling SpoonjoyCore OAuthRequests.swift
[18/75] Compiling SpoonjoyCore OAuthResponses.swift
[19/75] Compiling SpoonjoyCore RefreshCoordinator.swift
[20/75] Compiling SpoonjoyCore SecureAuthWebHandoff.swift
[21/75] Compiling SpoonjoyCore TokenVault.swift
[22/75] Compiling SpoonjoyCore NativeCacheFreshnessPolicy.swift
[23/75] Compiling SpoonjoyCore ScenarioCommand.swift
[24/75] Compiling SpoonjoyCore ScenarioReport.swift
[25/75] Compiling SpoonjoyCore ScenarioVerifier.swift
[26/75] Compiling SpoonjoyCore SpotlightIndexPlan.swift
[27/75] Compiling SpoonjoyCore JSONFileStore.swift
[28/75] Compiling SpoonjoyCore MutationQueue.swift
[29/75] Compiling SpoonjoyCore RecipeCatalogViewModel.swift
[30/75] Compiling SpoonjoyCore RecipeDetailScreenViewModel.swift
[31/75] Compiling SpoonjoyCore RecipeEditorDraft.swift
[32/75] Compiling SpoonjoyCore RecipeEditorDraftChangePlanner.swift
[33/75] Compiling SpoonjoyCore RecipeEditorViewModel.swift
[34/75] Compiling SpoonjoyCore CaptureDraft.swift
[35/75] Compiling SpoonjoyCore CookModeProgress.swift
[36/75] Compiling SpoonjoyCore SearchState.swift
[37/75] Compiling SpoonjoyCore AuthSessionState.swift
[38/75] Compiling SpoonjoyCore InMemoryTokenVault.swift
[39/75] Compiling SpoonjoyCore KeychainTokenVault.swift
[40/75] Compiling SpoonjoyCore NativeAuthSession.swift
[41/75] Compiling SpoonjoyCore NativeAuthSessionRepository.swift
[42/75] Compiling SpoonjoyCore OAuthPKCE.swift
[43/75] Compiling SpoonjoyCore APIClient.swift
[44/75] Compiling SpoonjoyCore APIEnvelope.swift
[45/75] Compiling SpoonjoyCore APIError.swift
[46/75] Compiling SpoonjoyCore APIRequestBuilder.swift
[47/75] Compiling SpoonjoyCore APIRequestSupport.swift
[48/75] Compiling SpoonjoyCore APIRetryPolicy.swift
[49/75] Compiling SpoonjoyCore APITransport.swift
[50/75] Emitting module SpoonjoyCore
[51/75] Compiling SpoonjoyCore NativeCachePrefetchPolicy.swift
[52/75] Compiling SpoonjoyCore NativeDurableCache.swift
[53/75] Compiling SpoonjoyCore NativeDurableCacheStore.swift
[54/75] Compiling SpoonjoyCore NativeIndicatorDismissalStore.swift
[55/75] Compiling SpoonjoyCore NativeMediaStagingPolicy.swift
[56/75] Compiling SpoonjoyCore OfflineFreshnessIndicator.swift
[57/75] Compiling SpoonjoyCore RecipeCatalogRepository.swift
[58/75] Compiling SpoonjoyCore AppRoute.swift
[59/75] Compiling SpoonjoyCore DeepLinkRouter.swift
[60/75] Compiling SpoonjoyCore DeepLinkURLBuilder.swift
[61/75] Compiling SpoonjoyCore NativeAppSnapshot.swift
[62/75] Compiling SpoonjoyCore NativeFixtureFallbackPolicy.swift
[63/75] Compiling SpoonjoyCore NativeLiveAppStore.swift
[64/75] Compiling SpoonjoyCore ScreenViewModels.swift
[65/75] Compiling SpoonjoyCore OfflineSnapshot.swift
[66/75] Compiling SpoonjoyCore SyncCheckpoint.swift
[67/75] Compiling SpoonjoyCore RecipeCookbook.swift
[68/75] Compiling SpoonjoyCore SpoonjoyCore.swift
[69/75] Compiling SpoonjoyCore NativeSyncEngine.swift
[70/75] Compiling SpoonjoyCore resource_bundle_accessor.swift
[71/97] Compiling SpoonjoyScenarioVerifier main.swift
[72/97] Compiling SpoonjoyScenarioVerifier ScenarioProcessMain.swift
[73/97] Emitting module SpoonjoyScenarioVerifier
[73/97] Write Objects.LinkFileList
[74/97] Linking SpoonjoyScenarioVerifier
[75/97] Applying SpoonjoyScenarioVerifier
[77/97] Compiling SpoonjoyCoreTests RecipeEditorParityTests.swift
[78/97] Compiling SpoonjoyCoreTests ShoppingAPIClientTests.swift
[79/99] Compiling SpoonjoyCoreTests AppStateTests.swift
[80/99] Compiling SpoonjoyCoreTests CookModeParityTests.swift
[81/99] Compiling SpoonjoyCoreTests DeepLinkRouterTests.swift
[82/99] Compiling SpoonjoyCoreTests KitchenStateTests.swift
[83/99] Compiling SpoonjoyCoreTests APIReadClientTests.swift
[84/99] Compiling SpoonjoyCoreTests APITransportTests.swift
[85/99] Compiling SpoonjoyCoreTests NativeAPIExpansionTests.swift
[86/99] Compiling SpoonjoyCoreTests NativeAuthSessionTests.swift
[87/99] Emitting module SpoonjoyCoreTests
[88/99] Compiling SpoonjoyCoreTests SpoonjoyCoreBootstrapTests.swift
[89/99] Compiling SpoonjoyCoreTests TokenRefreshTests.swift
[90/99] Compiling SpoonjoyCoreTests NativeCacheFreshnessTests.swift
[91/99] Compiling SpoonjoyCoreTests NativeLiveStoreTests.swift
[92/99] Compiling SpoonjoyCoreTests RecipeCatalogDetailTests.swift
[93/99] Compiling SpoonjoyCoreTests RecipeCookbookTests.swift
[94/99] Compiling SpoonjoyCoreTests NativeScenarioTests.swift
[95/99] Compiling SpoonjoyCoreTests NativeSyncEngineTests.swift
[96/99] Compiling SpoonjoyCoreTests OAuthRequestTests.swift
[97/99] Compiling SpoonjoyCoreTests OfflineStoreTests.swift
[98/101] Emitting module SpoonjoyApplePackageTests
[99/101] Compiling SpoonjoyApplePackageTests runner.swift
[99/101] Write Objects.LinkFileList
[100/101] Linking SpoonjoyApplePackageTests
Build complete! (14.17s)
◇ Test run started.
↳ Testing Library Version: 1902
↳ Target Platform: arm64e-apple-macos14.0
◇ Suite "URLSession API transport" started.
◇ Suite "Native sync engine and mutation queue" started.
◇ Test "URLSession native sync transport extracts recipe editor id remaps from success envelopes" started.
◇ Test "URLSession native sync transport skips malformed blank and identity id remaps" started.
◇ Test "sync engine rewrites local optimistic recipe and step ids after create responses" started.
◇ Test "URLSession native sync transport remaps only identifiable recipe create ingredients" started.
✔ Test "URLSession native sync transport remaps only identifiable recipe create ingredients" passed after 0.004 seconds.
✔ Test "URLSession native sync transport skips malformed blank and identity id remaps" passed after 0.004 seconds.
✔ Test "URLSession native sync transport extracts recipe editor id remaps from success envelopes" passed after 0.004 seconds.
✔ Suite "URLSession API transport" passed after 0.004 seconds.
✔ Test "sync engine rewrites local optimistic recipe and step ids after create responses" passed after 0.006 seconds.
✔ Suite "Native sync engine and mutation queue" passed after 0.006 seconds.
✔ Test run with 4 tests in 2 suites passed after 0.006 seconds.
