Xcode 26.5
Build version 17F42
/Applications/Xcode.app/Contents/Developer
Command line invocation:
    /Applications/Xcode.app/Contents/Developer/usr/bin/xcodebuild -project Spoonjoy.xcodeproj -scheme "Spoonjoy macOS" -configuration BootstrapDebug -destination generic/platform=macOS CODE_SIGNING_ALLOWED=NO GCC_TREAT_WARNINGS_AS_ERRORS=YES build

Build settings from command line:
    CODE_SIGNING_ALLOWED = NO
    GCC_TREAT_WARNINGS_AS_ERRORS = YES

Resolve Package Graph


Resolved source packages:
  SpoonjoyApple: /Users/arimendelow/Projects/spoonjoy-apple @ local

ComputePackagePrebuildTargetDependencyGraph

Prepare packages

CreateBuildRequest

SendProjectDescription

CreateBuildOperation

ComputeTargetDependencyGraph
note: Building targets in dependency order
note: Target dependency graph (4 targets)
    Target 'Spoonjoy macOS' in project 'Spoonjoy'
        ➜ Explicit dependency on target 'SpoonjoyCore' in project 'SpoonjoyApple'
    Target 'SpoonjoyCore' in project 'SpoonjoyApple'
        ➜ Explicit dependency on target 'SpoonjoyCore' in project 'SpoonjoyApple'
        ➜ Explicit dependency on target 'SpoonjoyApple_SpoonjoyCore' in project 'SpoonjoyApple'
    Target 'SpoonjoyCore' in project 'SpoonjoyApple'
        ➜ Explicit dependency on target 'SpoonjoyApple_SpoonjoyCore' in project 'SpoonjoyApple'
    Target 'SpoonjoyApple_SpoonjoyCore' in project 'SpoonjoyApple' (no dependencies)

GatherProvisioningInputs

CreateBuildDescription

ExecuteExternalTool /Applications/Xcode.app/Contents/Developer/Toolchains/XcodeDefault.xctoolchain/usr/bin/clang -v -E -dM -isysroot /Applications/Xcode.app/Contents/Developer/Platforms/MacOSX.platform/Developer/SDKs/MacOSX26.5.sdk -x c -c /dev/null

ExecuteExternalTool /Applications/Xcode.app/Contents/Developer/usr/bin/actool --version --output-format xml1

ExecuteExternalTool /Applications/Xcode.app/Contents/Developer/Toolchains/XcodeDefault.xctoolchain/usr/bin/swiftc --version

ExecuteExternalTool /Applications/Xcode.app/Contents/Developer/Toolchains/XcodeDefault.xctoolchain/usr/bin/ld -version_details

Build description signature: 752f8265b0591e005ec46189a227faff
Build description path: /Users/arimendelow/Library/Developer/Xcode/DerivedData/Spoonjoy-adbsilixtyfhasewikyduwzxgckv/Build/Intermediates.noindex/XCBuildData/752f8265b0591e005ec46189a227faff.xcbuilddata
ClangStatCache /Applications/Xcode.app/Contents/Developer/Toolchains/XcodeDefault.xctoolchain/usr/bin/clang-stat-cache /Applications/Xcode.app/Contents/Developer/Platforms/MacOSX.platform/Developer/SDKs/MacOSX26.5.sdk /Users/arimendelow/Library/Developer/Xcode/DerivedData/SDKStatCaches.noindex/macosx26.5-25F70-e082c4a02f00227109f4ed75e425c832.sdkstatcache
    cd /Users/arimendelow/Projects/spoonjoy-apple/Spoonjoy.xcodeproj
    /Applications/Xcode.app/Contents/Developer/Toolchains/XcodeDefault.xctoolchain/usr/bin/clang-stat-cache /Applications/Xcode.app/Contents/Developer/Platforms/MacOSX.platform/Developer/SDKs/MacOSX26.5.sdk -o /Users/arimendelow/Library/Developer/Xcode/DerivedData/SDKStatCaches.noindex/macosx26.5-25F70-e082c4a02f00227109f4ed75e425c832.sdkstatcache

ProcessInfoPlistFile /Users/arimendelow/Library/Developer/Xcode/DerivedData/Spoonjoy-adbsilixtyfhasewikyduwzxgckv/Build/Products/BootstrapDebug/SpoonjoyApple_SpoonjoyCore.bundle/Contents/Info.plist /Users/arimendelow/Library/Developer/Xcode/DerivedData/Spoonjoy-adbsilixtyfhasewikyduwzxgckv/Build/Intermediates.noindex/SpoonjoyApple.build/BootstrapDebug/SpoonjoyApple_SpoonjoyCore.build/empty-SpoonjoyApple_SpoonjoyCore.plist (in target 'SpoonjoyApple_SpoonjoyCore' from project 'SpoonjoyApple')
    cd /Users/arimendelow/Projects/spoonjoy-apple
    builtin-infoPlistUtility /Users/arimendelow/Library/Developer/Xcode/DerivedData/Spoonjoy-adbsilixtyfhasewikyduwzxgckv/Build/Intermediates.noindex/SpoonjoyApple.build/BootstrapDebug/SpoonjoyApple_SpoonjoyCore.build/empty-SpoonjoyApple_SpoonjoyCore.plist -producttype com.apple.product-type.bundle -expandbuildsettings -platform macosx -o /Users/arimendelow/Library/Developer/Xcode/DerivedData/Spoonjoy-adbsilixtyfhasewikyduwzxgckv/Build/Products/BootstrapDebug/SpoonjoyApple_SpoonjoyCore.bundle/Contents/Info.plist

CopySwiftLibs /Users/arimendelow/Library/Developer/Xcode/DerivedData/Spoonjoy-adbsilixtyfhasewikyduwzxgckv/Build/Products/BootstrapDebug/Spoonjoy.app (in target 'Spoonjoy macOS' from project 'Spoonjoy')
    cd /Users/arimendelow/Projects/spoonjoy-apple
    builtin-swiftStdLibTool --copy --verbose --scan-executable /Users/arimendelow/Library/Developer/Xcode/DerivedData/Spoonjoy-adbsilixtyfhasewikyduwzxgckv/Build/Products/BootstrapDebug/Spoonjoy.app/Contents/MacOS/Spoonjoy.debug.dylib --scan-folder /Users/arimendelow/Library/Developer/Xcode/DerivedData/Spoonjoy-adbsilixtyfhasewikyduwzxgckv/Build/Products/BootstrapDebug/Spoonjoy.app/Contents/Frameworks --scan-folder /Users/arimendelow/Library/Developer/Xcode/DerivedData/Spoonjoy-adbsilixtyfhasewikyduwzxgckv/Build/Products/BootstrapDebug/Spoonjoy.app/Contents/PlugIns --scan-folder /Users/arimendelow/Library/Developer/Xcode/DerivedData/Spoonjoy-adbsilixtyfhasewikyduwzxgckv/Build/Products/BootstrapDebug/Spoonjoy.app/Contents/Library/SystemExtensions --scan-folder /Users/arimendelow/Library/Developer/Xcode/DerivedData/Spoonjoy-adbsilixtyfhasewikyduwzxgckv/Build/Products/BootstrapDebug/Spoonjoy.app/Contents/Extensions --platform macosx --toolchain /Applications/Xcode.app/Contents/Developer/Toolchains/XcodeDefault.xctoolchain --destination /Users/arimendelow/Library/Developer/Xcode/DerivedData/Spoonjoy-adbsilixtyfhasewikyduwzxgckv/Build/Products/BootstrapDebug/Spoonjoy.app/Contents/Frameworks --strip-bitcode --strip-bitcode-tool /Applications/Xcode.app/Contents/Developer/Toolchains/XcodeDefault.xctoolchain/usr/bin/bitcode_strip --emit-dependency-info /Users/arimendelow/Library/Developer/Xcode/DerivedData/Spoonjoy-adbsilixtyfhasewikyduwzxgckv/Build/Intermediates.noindex/Spoonjoy.build/BootstrapDebug/Spoonjoy\ macOS.build/SwiftStdLibToolInputDependencies.dep --filter-for-swift-os
Ignoring --strip-bitcode because --sign was not passed

ProcessInfoPlistFile /Users/arimendelow/Library/Developer/Xcode/DerivedData/Spoonjoy-adbsilixtyfhasewikyduwzxgckv/Build/Products/BootstrapDebug/Spoonjoy.app/Contents/Info.plist /Users/arimendelow/Projects/spoonjoy-apple/Apps/Spoonjoy/Shared/Info.plist (in target 'Spoonjoy macOS' from project 'Spoonjoy')
    cd /Users/arimendelow/Projects/spoonjoy-apple
    builtin-infoPlistUtility /Users/arimendelow/Projects/spoonjoy-apple/Apps/Spoonjoy/Shared/Info.plist -producttype com.apple.product-type.application -genpkginfo /Users/arimendelow/Library/Developer/Xcode/DerivedData/Spoonjoy-adbsilixtyfhasewikyduwzxgckv/Build/Products/BootstrapDebug/Spoonjoy.app/Contents/PkgInfo -expandbuildsettings -platform macosx -additionalcontentfile /Users/arimendelow/Library/Developer/Xcode/DerivedData/Spoonjoy-adbsilixtyfhasewikyduwzxgckv/Build/Intermediates.noindex/Spoonjoy.build/BootstrapDebug/Spoonjoy\ macOS.build/assetcatalog_generated_info.plist -scanforprivacyfile /Users/arimendelow/Library/Developer/Xcode/DerivedData/Spoonjoy-adbsilixtyfhasewikyduwzxgckv/Build/Products/BootstrapDebug/Spoonjoy.app/Contents/Resources/SpoonjoyApple_SpoonjoyCore.bundle -o /Users/arimendelow/Library/Developer/Xcode/DerivedData/Spoonjoy-adbsilixtyfhasewikyduwzxgckv/Build/Products/BootstrapDebug/Spoonjoy.app/Contents/Info.plist

** BUILD SUCCEEDED **

