◇ Test run started.
↳ Testing Library Version: 1902
↳ Target Platform: arm64e-apple-macos14.0
◇ Suite "Deep link router" started.
◇ Suite "Native search surface parity" started.
◇ Suite "Native auth session contract" started.
◇ Suite "Native scenario metadata" started.
◇ Suite "App state and screen view models" started.
◇ Test "malformed component and percent decode inputs stay safe" started.
◇ Test "custom router configuration and route sections stay explicit" started.
◇ Test "rejects unsafe or unsupported links as unknown" started.
◇ Test "preserves decoded search query and defaults missing scope to all" started.
◇ Test "app bundle declares associated domains without treating custom scheme as OAuth redirect" started.
◇ Test "snapshot and fallback search restore cached results without leaking private shopping rows" started.
◇ Test "search repositories preserve recent queries and map every API error shape" started.
◇ Test "search view model groups route outputs and keeps unsupported scopes out" started.
◇ Test "search surface exists as a first-class native feature" started.
◇ Test "search debounce cancels stale requests and does not schedule blank queries" started.
◇ Test "shell search state preserves severe indicators and unbound session identity" started.
◇ Test "scenario command writes output and supports stdout mode" started.
◇ Test "shell search state covers live cache scopes and severe identity branches" started.
◇ Test "live search repository uses API v1 search and gates private shopping-list results" started.
◇ Test "routes every accepted web and scheme URL" started.
◇ Test "surface behavioral checks fail closed for missing or throwing fixture data" started.
◇ Test "final behavioral checks fail closed for weak settings offline and link safety" started.
◇ Test "native intent actions resolve routes local mutations and capture drafts" started.
◇ Test "AASA validation requires app IDs and every deep link route component" started.
◇ Test "verify native scenarios script gates native metadata behavior" started.
◇ Test "surfaces report fails when surface sources are missing" started.
◇ Test "native metadata command parses stage and output path" started.
◇ Test "search rows expose stable native labels icons and fallback subtitles" started.
◇ Test "spotlight index plan covers fallback copy singular counts and uncategorized items" started.
◇ Test "scenario verifier covers root override and failing native metadata checks" started.
◇ Test "native metadata report encoding is deterministic" started.
◇ Test "spotlight index plan builds route aware searchable documents" started.
◇ Test "surfaces report proves kitchen recipe cook and shopping slices" started.
◇ Test "scenario command parses surfaces stage" started.
◇ Test "shell content exposes spotlight scope only for bound signed in accounts" started.
◇ Test "app integration sources typecheck and declare expected native types" started.
◇ Test "native app snapshot persists first run cook shopping capture and queued mutations" started.
◇ Test "final report proves search capture settings and deep link safety" started.
◇ Test "native shell derives profile surfaces from cached public chef content" started.
◇ Test "screen view models delegate to existing domain state" started.
◇ Test "route identifiers and native URLs cover every app route" started.
◇ Test "native metadata report exposes Apple-native capabilities" started.
◇ Test "profile cache restore covers durable sync metadata and invalid edges" started.
◇ Test "native app state location is shared by app and native intents" started.
◇ Test "search state trims queries and exposes a route" started.
◇ Test "navigation applies deep links through the shared router" started.
◇ Test "search state hydrates from search routes" started.
◇ Test "navigation state tracks route sidebar recipe and cook mode" started.
◇ Test "native app snapshot covers unavailable offline no-op queue and schema errors" started.
{
  "checks" : [
    {
      "detail" : "Fixture resources are packaged.",
      "name" : "fixture bundle",
      "status" : "pass"
    },
    {
      "detail" : "Native metadata lands in Unit 10.",
      "name" : "native metadata",
      "status" : "pending"
    },
    {
      "detail" : "SwiftUI surfaces land in Units 13-16.",
      "name" : "app surfaces",
      "status" : "pending"
    }
  ],
  "nativeCapabilities" : {
    "appIntents" : [

    ],
    "associatedDomains" : [

    ],
    "deepLinkRoutes" : [

    ],
    "offlineFlows" : [
      "fixture-offline-restore"
    ],
    "searchableScopes" : [

    ],
    "shareActions" : [

    ],
    "spotlightIndexedTypes" : [

    ],
    "urlSchemes" : [

    ]
  },
  "ok" : true,
  "stage" : "bootstrap"
}
✔ Test "malformed component and percent decode inputs stay safe" passed after 0.008 seconds.
✔ Test "custom router configuration and route sections stay explicit" passed after 0.012 seconds.
✔ Test "preserves decoded search query and defaults missing scope to all" passed after 0.013 seconds.
✔ Test "search debounce cancels stale requests and does not schedule blank queries" passed after 0.013 seconds.
✔ Test "rejects unsafe or unsupported links as unknown" passed after 0.013 seconds.
✔ Test "app bundle declares associated domains without treating custom scheme as OAuth redirect" passed after 0.013 seconds.
✔ Test "routes every accepted web and scheme URL" passed after 0.013 seconds.
✔ Test "search view model groups route outputs and keeps unsupported scopes out" passed after 0.013 seconds.
✔ Test "shell search state preserves severe indicators and unbound session identity" passed after 0.013 seconds.
✔ Test "search rows expose stable native labels icons and fallback subtitles" passed after 0.013 seconds.
✔ Test "native metadata command parses stage and output path" passed after 0.013 seconds.
✔ Test "native intent actions resolve routes local mutations and capture drafts" passed after 0.013 seconds.
✔ Test "spotlight index plan covers fallback copy singular counts and uncategorized items" passed after 0.013 seconds.
✔ Test "scenario verifier covers root override and failing native metadata checks" passed after 0.013 seconds.
✔ Test "scenario command writes output and supports stdout mode" passed after 0.013 seconds.
✔ Test "final behavioral checks fail closed for weak settings offline and link safety" passed after 0.013 seconds.
✔ Test "scenario command parses surfaces stage" passed after 0.013 seconds.
✔ Test "shell content exposes spotlight scope only for bound signed in accounts" passed after 0.013 seconds.
✔ Test "spotlight index plan builds route aware searchable documents" passed after 0.013 seconds.
✔ Test "native metadata report encoding is deterministic" passed after 0.013 seconds.
✔ Test "surface behavioral checks fail closed for missing or throwing fixture data" passed after 0.013 seconds.
✔ Test "shell search state covers live cache scopes and severe identity branches" passed after 0.013 seconds.
✔ Test "route identifiers and native URLs cover every app route" passed after 0.013 seconds.
✔ Test "screen view models delegate to existing domain state" passed after 0.013 seconds.
✔ Test "surfaces report fails when surface sources are missing" passed after 0.013 seconds.
✔ Test "native app state location is shared by app and native intents" passed after 0.012 seconds.
✔ Test "search state trims queries and exposes a route" passed after 0.012 seconds.
✔ Test "navigation applies deep links through the shared router" passed after 0.012 seconds.
✔ Test "search state hydrates from search routes" passed after 0.012 seconds.
✔ Test "navigation state tracks route sidebar recipe and cook mode" passed after 0.012 seconds.
✔ Test "native metadata report exposes Apple-native capabilities" passed after 0.013 seconds.
✔ Test "native app snapshot covers unavailable offline no-op queue and schema errors" passed after 0.012 seconds.
✔ Suite "Deep link router" passed after 0.014 seconds.
✔ Suite "Native auth session contract" passed after 0.014 seconds.
✔ Test "native app snapshot persists first run cook shopping capture and queued mutations" passed after 0.013 seconds.
✔ Test "native shell derives profile surfaces from cached public chef content" passed after 0.017 seconds.
✔ Test "live search repository uses API v1 search and gates private shopping-list results" passed after 0.018 seconds.
✔ Test "snapshot and fallback search restore cached results without leaking private shopping rows" passed after 0.019 seconds.
✔ Test "profile cache restore covers durable sync metadata and invalid edges" passed after 0.018 seconds.
✔ Suite "App state and screen view models" passed after 0.019 seconds.
✔ Test "search repositories preserve recent queries and map every API error shape" passed after 0.020 seconds.
✔ Test "surfaces report proves kitchen recipe cook and shopping slices" passed after 0.036 seconds.
✔ Test "final report proves search capture settings and deep link safety" passed after 0.063 seconds.
✔ Test "search surface exists as a first-class native feature" passed after 0.117 seconds.
✔ Suite "Native search surface parity" passed after 0.118 seconds.
✔ Test "AASA validation requires app IDs and every deep link route component" passed after 0.291 seconds.
✔ Test "app integration sources typecheck and declare expected native types" passed after 0.659 seconds.
✔ Test "verify native scenarios script gates native metadata behavior" passed after 14.482 seconds.
✔ Suite "Native scenario metadata" passed after 14.482 seconds.
✔ Test run with 44 tests in 5 suites passed after 14.482 seconds.
