Building for debugging...
[0/5] Write sources
[1/5] Write swift-version--58304C5D6DBC2206.txt
[3/5] Compiling SpoonjoyCoreTests ProfileSettingsIntentTests.swift
[4/5] Emitting module SpoonjoyCoreTests
[4/6] Write Objects.LinkFileList
[5/6] Linking SpoonjoyApplePackageTests
Build complete! (5.06s)
◇ Test run started.
↳ Testing Library Version: 1902
↳ Target Platform: arm64e-apple-macos14.0
◇ Suite "Profile and settings Siri intent contracts" started.
◇ Test "profile and settings Siri intents require queueable profile actions and online-only credential actions" started.
✘ Test "profile and settings Siri intents require queueable profile actions and online-only credential actions" recorded an issue at ProfileSettingsIntentTests.swift:603:9: Expectation failed: (failures → ["Apps/Spoonjoy/Shared/Native/SpoonjoyAppIntents.swift CreateAPITokenIntent missing action.plan.userFacingMessage", "Apps/Spoonjoy/Shared/Native/SpoonjoyAppIntents.swift CreateAPITokenIntent contains forbidden performSettingsAction(action)", "Apps/Spoonjoy/Shared/Native/SpoonjoyAppIntents.swift settingsConnectivity missing SpoonjoyIntentConnectivityProbe.settingsSurfaceConnectivity", "Apps/Spoonjoy/Shared/Native/SpoonjoyAppIntents.swift settingsConnectivity missing return await connectivityProbe()", "Apps/Spoonjoy/Shared/Native/SpoonjoyAppIntents.swift settingsConnectivity contains forbidden return .online", "Apps/Spoonjoy/Shared/Native/SpoonjoyAppIntents.swift performSettingsAction missing action.plan.queuePreflightDecision", "Apps/Spoonjoy/Shared/Native/SpoonjoyAppIntents.swift performSettingsAction missing catch let error as APITransportError where error.isOffline", "Apps/Spoonjoy/Shared/Native/SpoonjoyAppIntents.swift performSettingsAction missing appendNativeMutation(offlineFallbackMutation)", "Apps/Spoonjoy/Shared/Native/SpoonjoyAppIntents.swift performSettingsAction missing applyNativeMutation(offlineFallbackMutation", "Apps/Spoonjoy/Shared/Native/SpoonjoyAppIntents.swift performSettingsSessionOperation missing OAuthRequests.revoke", "Apps/Spoonjoy/Shared/Native/SpoonjoyAppIntents.swift performSettingsSessionOperation missing clearClientID()", "Apps/Spoonjoy/Shared/Native/SpoonjoyAppIntents.swift performSettingsSessionOperation contains forbidden case .logout, .revokeAndLogout:\n            try await authVault.clearSession()", "Apps/Spoonjoy/Shared/Native/SpoonjoySettingsEntities.swift API token entity display missing subtitle: \"\\(descriptor.subtitle)\"", "Apps/Spoonjoy/Shared/Native/SpoonjoySettingsEntities.swift API token entity display contains forbidden descriptor.disambiguationLabel", "Sources/SpoonjoyCore/Native/NativeIntentAction.swift updateProfileDisplay resolver missing .settingsAction(plan", "Sources/SpoonjoyCore/Native/NativeIntentAction.swift updateProfilePhoto resolver missing .settingsAction(plan", "Sources/SpoonjoyCore/Native/NativeIntentAction.swift removeProfilePhoto resolver missing .settingsAction(plan", "Sources/SpoonjoyCore/Native/NativeIntentAction.swift createAPIToken resolver missing userFacingMessage", "Sources/SpoonjoyCore/Native/NativeIntentAction.swift createAPIToken resolver contains forbidden .captureCreatedAPIToken"]).isEmpty → false
↳ Apps/Spoonjoy/Shared/Native/SpoonjoyAppIntents.swift CreateAPITokenIntent missing action.plan.userFacingMessage
  Apps/Spoonjoy/Shared/Native/SpoonjoyAppIntents.swift CreateAPITokenIntent contains forbidden performSettingsAction(action)
  Apps/Spoonjoy/Shared/Native/SpoonjoyAppIntents.swift settingsConnectivity missing SpoonjoyIntentConnectivityProbe.settingsSurfaceConnectivity
  Apps/Spoonjoy/Shared/Native/SpoonjoyAppIntents.swift settingsConnectivity missing return await connectivityProbe()
  Apps/Spoonjoy/Shared/Native/SpoonjoyAppIntents.swift settingsConnectivity contains forbidden return .online
  Apps/Spoonjoy/Shared/Native/SpoonjoyAppIntents.swift performSettingsAction missing action.plan.queuePreflightDecision
  Apps/Spoonjoy/Shared/Native/SpoonjoyAppIntents.swift performSettingsAction missing catch let error as APITransportError where error.isOffline
  Apps/Spoonjoy/Shared/Native/SpoonjoyAppIntents.swift performSettingsAction missing appendNativeMutation(offlineFallbackMutation)
  Apps/Spoonjoy/Shared/Native/SpoonjoyAppIntents.swift performSettingsAction missing applyNativeMutation(offlineFallbackMutation
  Apps/Spoonjoy/Shared/Native/SpoonjoyAppIntents.swift performSettingsSessionOperation missing OAuthRequests.revoke
  Apps/Spoonjoy/Shared/Native/SpoonjoyAppIntents.swift performSettingsSessionOperation missing clearClientID()
  Apps/Spoonjoy/Shared/Native/SpoonjoyAppIntents.swift performSettingsSessionOperation contains forbidden case .logout, .revokeAndLogout:
              try await authVault.clearSession()
  Apps/Spoonjoy/Shared/Native/SpoonjoySettingsEntities.swift API token entity display missing subtitle: "\(descriptor.subtitle)"
  Apps/Spoonjoy/Shared/Native/SpoonjoySettingsEntities.swift API token entity display contains forbidden descriptor.disambiguationLabel
  Sources/SpoonjoyCore/Native/NativeIntentAction.swift updateProfileDisplay resolver missing .settingsAction(plan
  Sources/SpoonjoyCore/Native/NativeIntentAction.swift updateProfilePhoto resolver missing .settingsAction(plan
  Sources/SpoonjoyCore/Native/NativeIntentAction.swift removeProfilePhoto resolver missing .settingsAction(plan
  Sources/SpoonjoyCore/Native/NativeIntentAction.swift createAPIToken resolver missing userFacingMessage
  Sources/SpoonjoyCore/Native/NativeIntentAction.swift createAPIToken resolver contains forbidden .captureCreatedAPIToken
✘ Test "profile and settings Siri intents require queueable profile actions and online-only credential actions" failed after 0.353 seconds with 1 issue.
✘ Suite "Profile and settings Siri intent contracts" failed after 0.353 seconds with 1 issue.
✘ Test run with 1 test in 1 suite failed after 0.353 seconds with 1 issue.
