== Unit 19e review fix profile fallback fail-closed green ==
[0/1] Planning build
Building for debugging...
[0/4] Write swift-version--58304C5D6DBC2206.txt
Build complete! (0.19s)
◇ Test run started.
↳ Testing Library Version: 1902
↳ Target Platform: arm64e-apple-macos14.0
◇ Suite "Native profile and chef graph surface parity" started.
◇ Test "profile view models expose current product surfaces and owner personalization without follows" started.
◇ Test "fallback profile repository refuses to invent unknown cached profiles" started.
◇ Test "profile repository loads live profile and derived graph pages from public API v1" started.
◇ Test "snapshot repository restores public profile cache and graph pagination honestly" started.
✔ Test "fallback profile repository refuses to invent unknown cached profiles" passed after 0.001 seconds.
✔ Test "profile view models expose current product surfaces and owner personalization without follows" passed after 0.001 seconds.
✔ Test "snapshot repository restores public profile cache and graph pagination honestly" passed after 0.001 seconds.
✔ Test "profile repository loads live profile and derived graph pages from public API v1" passed after 0.001 seconds.
✔ Suite "Native profile and chef graph surface parity" passed after 0.001 seconds.
✔ Test run with 4 tests in 1 suite passed after 0.001 seconds.
search capture settings surfaces contract ok
Building for debugging...
[0/4] Write swift-version--58304C5D6DBC2206.txt
Build complete! (0.13s)
◇ Test run started.
↳ Testing Library Version: 1902
↳ Target Platform: arm64e-apple-macos14.0
◇ Suite "Deep link router" started.
◇ Test "rejects unsafe or unsupported links as unknown" started.
◇ Test "preserves decoded search query and defaults missing scope to all" started.
◇ Test "malformed component and percent decode inputs stay safe" started.
◇ Test "routes every accepted web and scheme URL" started.
◇ Test "custom router configuration and route sections stay explicit" started.
✔ Test "malformed component and percent decode inputs stay safe" passed after 0.001 seconds.
✔ Test "preserves decoded search query and defaults missing scope to all" passed after 0.001 seconds.
✔ Test "custom router configuration and route sections stay explicit" passed after 0.001 seconds.
✔ Test "rejects unsafe or unsupported links as unknown" passed after 0.001 seconds.
✔ Test "routes every accepted web and scheme URL" passed after 0.001 seconds.
✔ Suite "Deep link router" passed after 0.001 seconds.
✔ Test run with 5 tests in 1 suite passed after 0.001 seconds.
unit 19e review fix profile fallback fail-closed green
