Another instance of SwiftPM (PID: 87799) is already running using '/Users/arimendelow/Projects/spoonjoy-apple/.build', waiting until that process has finished execution...[0/1] Planning build
Building for debugging...
[0/4] Write swift-version--58304C5D6DBC2206.txt
Build complete! (0.22s)
◇ Test run started.
↳ Testing Library Version: 1902
↳ Target Platform: arm64e-apple-macos14.0
◇ Suite "Native scenario metadata" started.
◇ Suite "Native shopping surface parity" started.
◇ Suite "Open search share and cook Siri intent contracts" started.
◇ Suite "Spoon cook-log App Entity contracts" started.
◇ Suite "Native recipe action parity" started.
◇ Suite "Spoon cook-log Siri intent contracts" started.
◇ Test "descriptor resolver validates entity route shape before opening and sharing" started.
◇ Test "share intent contract keeps shopping private and avoids invented social surfaces" started.
◇ Test "open search share and cook intents are entity backed" started.
◇ Test "final report proves search capture settings and deep link safety" started.
◇ Test "native metadata report exposes Apple-native capabilities" started.
◇ Test "offline actions queue safe mutations and owner delete requires confirmation" started.
◇ Test "spotlight index plan builds route aware searchable documents" started.
◇ Test "final behavioral checks fail closed for weak settings offline and link safety" started.
◇ Test "native metadata report encoding is deterministic" started.
◇ Test "spoon entity coverage edges preserve placeholder loading and identifier behavior" started.
◇ Test "online recipe actions plan exact REST mutations with offline fallbacks" started.
◇ Test "spoon entities resolve from scoped native sync cache records" started.
◇ Test "platform navigation renders native cover controls instead of a placeholder" started.
◇ Test "scenario command parses surfaces stage" started.
◇ Test "spoon entity purge plans cover logout account-switch cache-delete and tombstones" started.
◇ Test "spoon entity lookup uses supplied sync snapshot records instead of fixture fallback" started.
◇ Test "recipe detail exposes native action metadata without inventing new social surfaces" started.
◇ Test "verify native scenarios script gates native metadata behavior" started.
◇ Test "shell content exposes spotlight scope only for bound signed in accounts" started.
◇ Test "spoon entity lookup filters deleted, tombstoned, and wrong-scope data" started.
◇ Test "spoon intent resolver preserves cook-log fields and requires cover photos" started.
◇ Test "surfaces report proves kitchen recipe cook and shopping slices" started.
◇ Test "surface behavioral checks fail closed for missing or throwing fixture data" started.
◇ Test "app integration sources typecheck and declare expected native types" started.
◇ Test "visitor recipe detail exposes fork but hides owner-only actions" started.
◇ Test "spoon entity sources exist with AppIntents contracts" started.
◇ Test "scenario command writes output and supports stdout mode" started.
◇ Test "spoon Siri intents require entity-backed queueable actions" started.
◇ Test "spotlight index plan covers fallback copy singular counts and uncategorized items" started.
◇ Test "native metadata command parses stage and output path" started.
◇ Test "native intent actions resolve routes local mutations and capture drafts" started.
◇ Test "spoon entity transfer values filter private and debug-only fields" started.
◇ Test "spoon entity spotlight and intent error edges stay private and fail closed" started.
◇ Test "scenario verifier covers root override and failing native metadata checks" started.
◇ Test "surfaces report fails when surface sources are missing" started.
◇ Test "AASA validation requires app IDs and every deep link route component" started.
◇ Test "shopping surface covers queued local validation and prompt edge states" started.
◇ Test "shopping add form keeps draft on failure and clears only after accepted action" started.
◇ Test "shopping conflicts and queued work are scoped to shopping mutations" started.
◇ Test "shopping surface loads live state and exposes queued, conflict, and empty affordances" started.
◇ Test "live shopping repository fetches API read data into native state" started.
◇ Test "online shopping actions queue behind existing shopping work" started.
◇ Test "offline shopping actions queue safe mutations and destructive clears require confirmation" started.
◇ Test "recipe shopping coverage requires every ingredient name and unit" started.
◇ Test "online shopping actions plan exact REST mutations with offline fallbacks" started.
◇ Test "clear completed removes stale checked-at rows" started.
◇ Test "shopping surface executor does not clobber remote success and queues offline fallbacks" started.
{
  "checks" : [
    {
      "detail" : "Fixture resources are packaged.",
      "name" : "fixture bundle",
      "status" : "pass"
    },
    {
      "detail" : "Native metadata lands in Unit 10.",
      "name" : "native metadata",
      "status" : "pending"
    },
    {
      "detail" : "SwiftUI surfaces land in Units 13-16.",
      "name" : "app surfaces",
      "status" : "pending"
    }
  ],
  "nativeCapabilities" : {
    "appIntents" : [

    ],
    "associatedDomains" : [

    ],
    "deepLinkRoutes" : [

    ],
    "offlineFlows" : [
      "fixture-offline-restore"
    ],
    "searchableScopes" : [

    ],
    "shareActions" : [

    ],
    "spotlightIndexedTypes" : [

    ],
    "urlSchemes" : [

    ]
  },
  "ok" : true,
  "stage" : "bootstrap"
}
✔ Test "descriptor resolver validates entity route shape before opening and sharing" passed after 0.051 seconds.
✔ Test "offline actions queue safe mutations and owner delete requires confirmation" passed after 0.051 seconds.
✔ Test "online recipe actions plan exact REST mutations with offline fallbacks" passed after 0.051 seconds.
✔ Test "final behavioral checks fail closed for weak settings offline and link safety" passed after 0.051 seconds.
✔ Test "scenario command parses surfaces stage" passed after 0.051 seconds.
✔ Test "spoon entity purge plans cover logout account-switch cache-delete and tombstones" passed after 0.051 seconds.
✔ Test "share intent contract keeps shopping private and avoids invented social surfaces" passed after 0.051 seconds.
✔ Test "spoon entities resolve from scoped native sync cache records" passed after 0.051 seconds.
✔ Test "spotlight index plan builds route aware searchable documents" passed after 0.051 seconds.
✔ Test "shell content exposes spotlight scope only for bound signed in accounts" passed after 0.051 seconds.
✔ Test "spoon entity lookup uses supplied sync snapshot records instead of fixture fallback" passed after 0.051 seconds.
✔ Test "spoon intent resolver preserves cook-log fields and requires cover photos" passed after 0.051 seconds.
✔ Test "spoon entity coverage edges preserve placeholder loading and identifier behavior" passed after 0.051 seconds.
✔ Test "native metadata report exposes Apple-native capabilities" passed after 0.051 seconds.
✔ Test "recipe detail exposes native action metadata without inventing new social surfaces" passed after 0.051 seconds.
✔ Test "visitor recipe detail exposes fork but hides owner-only actions" passed after 0.051 seconds.
✔ Test "surface behavioral checks fail closed for missing or throwing fixture data" passed after 0.051 seconds.
✔ Test "native metadata report encoding is deterministic" passed after 0.051 seconds.
✔ Test "platform navigation renders native cover controls instead of a placeholder" passed after 0.051 seconds.
✔ Test "spotlight index plan covers fallback copy singular counts and uncategorized items" passed after 0.051 seconds.
✔ Test "native metadata command parses stage and output path" passed after 0.052 seconds.
✔ Test "native intent actions resolve routes local mutations and capture drafts" passed after 0.052 seconds.
✔ Test "spoon entity transfer values filter private and debug-only fields" passed after 0.052 seconds.
✔ Test "spoon entity spotlight and intent error edges stay private and fail closed" passed after 0.054 seconds.
✔ Test "spoon entity lookup filters deleted, tombstoned, and wrong-scope data" passed after 0.054 seconds.
✔ Test "scenario command writes output and supports stdout mode" passed after 0.054 seconds.
✔ Test "scenario verifier covers root override and failing native metadata checks" passed after 0.054 seconds.
✔ Test "shopping conflicts and queued work are scoped to shopping mutations" passed after 0.027 seconds.
✔ Test "shopping surface loads live state and exposes queued, conflict, and empty affordances" passed after 0.026 seconds.
✔ Test "live shopping repository fetches API read data into native state" passed after 0.024 seconds.
✔ Test "online shopping actions queue behind existing shopping work" passed after 0.024 seconds.
✔ Test "offline shopping actions queue safe mutations and destructive clears require confirmation" passed after 0.024 seconds.
✔ Test "recipe shopping coverage requires every ingredient name and unit" passed after 0.024 seconds.
✔ Test "online shopping actions plan exact REST mutations with offline fallbacks" passed after 0.024 seconds.
✔ Test "clear completed removes stale checked-at rows" passed after 0.024 seconds.
✔ Suite "Native recipe action parity" passed after 0.056 seconds.
✔ Test "surfaces report fails when surface sources are missing" passed after 0.056 seconds.
✔ Test "shopping add form keeps draft on failure and clears only after accepted action" passed after 0.032 seconds.
✔ Test "shopping surface executor does not clobber remote success and queues offline fallbacks" passed after 0.029 seconds.
✔ Test "shopping surface covers queued local validation and prompt edge states" passed after 0.034 seconds.
✔ Suite "Native shopping surface parity" passed after 0.068 seconds.
✔ Test "open search share and cook intents are entity backed" passed after 0.068 seconds.
✔ Suite "Open search share and cook Siri intent contracts" passed after 0.068 seconds.
✔ Test "surfaces report proves kitchen recipe cook and shopping slices" passed after 0.078 seconds.
✔ Test "final report proves search capture settings and deep link safety" passed after 0.084 seconds.
✔ Test "spoon Siri intents require entity-backed queueable actions" passed after 0.111 seconds.
✔ Suite "Spoon cook-log Siri intent contracts" passed after 0.112 seconds.
✔ Test "spoon entity sources exist with AppIntents contracts" passed after 0.257 seconds.
✔ Suite "Spoon cook-log App Entity contracts" passed after 0.258 seconds.
✔ Test "AASA validation requires app IDs and every deep link route component" passed after 0.695 seconds.
✔ Test "app integration sources typecheck and declare expected native types" passed after 2.539 seconds.
✔ Test "verify native scenarios script gates native metadata behavior" passed after 19.188 seconds.
✔ Suite "Native scenario metadata" passed after 19.189 seconds.
✔ Test run with 47 tests in 6 suites passed after 19.189 seconds.
