Building for debugging...
[0/5] Write sources
[1/5] Write swift-version--58304C5D6DBC2206.txt
[3/5] Emitting module SpoonjoyCoreTests
[4/5] Compiling SpoonjoyCoreTests NativeLiveStoreTests.swift
[4/6] Write Objects.LinkFileList
[5/6] Linking SpoonjoyApplePackageTests
Build complete! (11.21s)
◇ Test run started.
↳ Testing Library Version: 1902
↳ Target Platform: arm64e-apple-macos14.0
◇ Suite "Recipe and cookbook App Entity contracts" started.
◇ Suite "URLSession API transport" started.
◇ Suite "Native live store and shell wiring" started.
◇ Test "recipe cookbook entity purge plans cover logout account switch cache delete and tombstones" started.
◇ Test "URLSession native sync transport returns typed cover provider-secret blockers" started.
◇ Test "shell content exposes recipe catalog source for live and offline states" started.
◇ Test "live store purges shopping and spoon entity indexes on logout and account switch" started.
✔ Test "recipe cookbook entity purge plans cover logout account switch cache delete and tombstones" passed after 0.001 seconds.
✔ Suite "Recipe and cookbook App Entity contracts" passed after 0.001 seconds.
✔ Test "URLSession native sync transport returns typed cover provider-secret blockers" passed after 0.004 seconds.
✔ Suite "URLSession API transport" passed after 0.004 seconds.
✔ Test "shell content exposes recipe catalog source for live and offline states" passed after 0.005 seconds.
✔ Test "live store purges shopping and spoon entity indexes on logout and account switch" passed after 0.012 seconds.
✔ Suite "Native live store and shell wiring" passed after 0.013 seconds.
✔ Test run with 4 tests in 3 suites passed after 0.013 seconds.
