[0/1] Planning build
Building for debugging...
[0/7] Write sources
[2/7] Write swift-version--58304C5D6DBC2206.txt
[4/57] Emitting module SpoonjoyCore
[5/62] Compiling SpoonjoyCore RecipeCoverControlsViewModel.swift
[6/62] Compiling SpoonjoyCore RecipeActionsViewModel.swift
[7/62] Compiling SpoonjoyCore RecipeCatalogRepository.swift
[8/62] Compiling SpoonjoyCore RecipeCatalogViewModel.swift
[9/62] Compiling SpoonjoyCore RecipeDetailScreenViewModel.swift
[10/62] Compiling SpoonjoyCore RecipeEditorDraft.swift
[11/62] Compiling SpoonjoyCore RecipeEditorDraftChangePlanner.swift
[12/62] Compiling SpoonjoyCore RecipeEditorViewModel.swift
[13/62] Compiling SpoonjoyCore ShoppingSurfaceViewModel.swift
[14/62] Compiling SpoonjoyCore CaptureDraft.swift
[15/62] Compiling SpoonjoyCore NativeLiveAppStore.swift
[16/62] Compiling SpoonjoyCore ScreenViewModels.swift
[17/62] Compiling SpoonjoyCore AuthSessionState.swift
[18/62] Compiling SpoonjoyCore KeychainTokenVault.swift
[19/62] Compiling SpoonjoyCore NativeAuthSession.swift
[20/62] Compiling SpoonjoyCore NativeAuthSessionRepository.swift
[21/62] Compiling SpoonjoyCore APITransport.swift
[22/62] Compiling SpoonjoyCore JSONValue.swift
[23/62] Compiling SpoonjoyCore NativeAPIRequests.swift
[24/62] Compiling SpoonjoyCore PaginationCursor.swift
[25/62] Compiling SpoonjoyCore PublicCatalogRequests.swift
[26/62] Compiling SpoonjoyCore ShoppingListAPI.swift
[27/62] Compiling SpoonjoyCore CookModeProgress.swift
[28/62] Compiling SpoonjoyCore ShoppingListState.swift
[29/62] Compiling SpoonjoyCore DeepLinkManifest.swift
[30/62] Compiling SpoonjoyCore NativeCapabilityMetadata.swift
[31/62] Compiling SpoonjoyCore NativeIntentAction.swift
[32/62] Compiling SpoonjoyCore OAuthPKCE.swift
[33/62] Compiling SpoonjoyCore OAuthRedirectValidator.swift
[34/62] Compiling SpoonjoyCore SecureAuthWebHandoff.swift
[35/62] Compiling SpoonjoyCore NativeCacheFreshnessPolicy.swift
[36/62] Compiling SpoonjoyCore NativeCachePrefetchPolicy.swift
[37/62] Compiling SpoonjoyCore ShoppingListRequests.swift
[38/62] Compiling SpoonjoyCore AppRoute.swift
[39/62] Compiling SpoonjoyCore DeepLinkRouter.swift
[40/62] Compiling SpoonjoyCore DeepLinkURLBuilder.swift
[41/62] Compiling SpoonjoyCore NativeAppSnapshot.swift
[42/62] Compiling SpoonjoyCore NativeFixtureFallbackPolicy.swift
[43/62] Compiling SpoonjoyCore NativeDurableCache.swift
[44/62] Compiling SpoonjoyCore NativeDurableCacheStore.swift
[45/62] Compiling SpoonjoyCore NativeIndicatorDismissalStore.swift
[46/62] Compiling SpoonjoyCore NativeMediaStagingPolicy.swift
[47/62] Compiling SpoonjoyCore OfflineFreshnessIndicator.swift
[48/62] Compiling SpoonjoyCore APIClient.swift
[49/62] Compiling SpoonjoyCore APIEnvelope.swift
[50/62] Compiling SpoonjoyCore APIError.swift
[51/62] Compiling SpoonjoyCore APIRequestBuilder.swift
[52/62] Compiling SpoonjoyCore APIRequestSupport.swift
[53/62] Compiling SpoonjoyCore APIRetryPolicy.swift
[54/62] Compiling SpoonjoyCore ScenarioVerifier.swift
[55/62] Compiling SpoonjoyCore JSONFileStore.swift
[56/62] Compiling SpoonjoyCore MutationQueue.swift
[57/62] Compiling SpoonjoyCore RecipeCookbook.swift
[58/62] Compiling SpoonjoyCore NativeSyncEngine.swift
[59/79] Compiling SpoonjoyCoreTests ShoppingSurfaceParityTests.swift
/Users/arimendelow/Projects/spoonjoy-apple/Tests/SpoonjoyCoreTests/SpoonCookLogSurfaceTests.swift:318:39: error: cannot find type 'SpoonCookLogListData' in scope
316 |
317 | private final class RecordingSpoonCookLogAPITransport: SpoonjoyAPITransport, @unchecked Sendable {
318 |     private let envelope: APIEnvelope<SpoonCookLogListData>
    |                                       `- error: cannot find type 'SpoonCookLogListData' in scope
319 |     private(set) var requests: [APIRequest] = []
320 |

/Users/arimendelow/Projects/spoonjoy-apple/Tests/SpoonjoyCoreTests/SpoonCookLogSurfaceTests.swift:321:32: error: cannot find type 'SpoonCookLogListData' in scope
319 |     private(set) var requests: [APIRequest] = []
320 |
321 |     init(envelope: APIEnvelope<SpoonCookLogListData>) {
    |                                `- error: cannot find type 'SpoonCookLogListData' in scope
322 |         self.envelope = envelope
323 |     }

/Users/arimendelow/Projects/spoonjoy-apple/Tests/SpoonjoyCoreTests/SpoonCookLogSurfaceTests.swift:338:44: error: cannot find type 'SpoonCookLogMutationPlan' in scope
336 | }
337 |
338 | private func spoonRemoteRequest(from plan: SpoonCookLogMutationPlan) throws -> APIRequest {
    |                                            `- error: cannot find type 'SpoonCookLogMutationPlan' in scope
339 |     guard let builder = plan.remoteRequestBuilder else {
340 |         throw SpoonCookLogSurfaceTestFailure("Expected an online spoon action to provide a remote request builder.")

/Users/arimendelow/Projects/spoonjoy-apple/Tests/SpoonjoyCoreTests/SpoonCookLogSurfaceTests.swift:15:20: error: cannot find 'SpoonCookLogListData' in scope
 13 |     @Test("live spoon cook-log repository fetches public recipe spoons")
 14 |     func liveRepositoryFetchesPublicRecipeSpoons() async throws {
 15 |         let list = SpoonCookLogListData(
    |                    `- error: cannot find 'SpoonCookLogListData' in scope
 16 |             spoons: [
 17 |                 Self.spoon(id: "spoon/newer", note: "More lemon next time.")

/Users/arimendelow/Projects/spoonjoy-apple/Tests/SpoonjoyCoreTests/SpoonCookLogSurfaceTests.swift:26:26: error: cannot find 'LiveSpoonCookLogRepository' in scope
 24 |             data: list
 25 |         ))
 26 |         let repository = LiveSpoonCookLogRepository(
    |                          `- error: cannot find 'LiveSpoonCookLogRepository' in scope
 27 |             transport: transport,
 28 |             configuration: Self.configuration

/Users/arimendelow/Projects/spoonjoy-apple/Tests/SpoonjoyCoreTests/SpoonCookLogSurfaceTests.swift:41:36: error: cannot infer contextual base in reference to member 'get'
 39 |         #expect(result.nextCursor == PaginationCursor(rawValue: "spoon.after"))
 40 |         #expect(result.hasMore)
 41 |         #expect(request.method == .get)
    |                                    `- error: cannot infer contextual base in reference to member 'get'
 42 |         #expect(request.url.path == "/api/v1/recipes/recipe%2Flemon/spoons")
 43 |         #expect(request.queryItems == [

/Users/arimendelow/Projects/spoonjoy-apple/Tests/SpoonjoyCoreTests/SpoonCookLogSurfaceTests.swift:48:49: error: cannot infer contextual base in reference to member 'publicCache'
 46 |         ])
 47 |         #expect(request.headers["Authorization"] == nil)
 48 |         #expect(request.responseCachePolicy == .publicCache(maxAgeSeconds: 60, staleWhileRevalidateSeconds: 300))
    |                                                 `- error: cannot infer contextual base in reference to member 'publicCache'
 49 |     }
 50 |

/Users/arimendelow/Projects/spoonjoy-apple/Tests/SpoonjoyCoreTests/SpoonCookLogSurfaceTests.swift:36:23: warning: no calls to throwing functions occur within 'try' expression
 34 |             limit: 20
 35 |         )
 36 |         let request = try #require(transport.requests.first)
    |                       `- warning: no calls to throwing functions occur within 'try' expression
 37 |
 38 |         #expect(result.spoons == list.spoons)

/Users/arimendelow/Projects/spoonjoy-apple/Tests/SpoonjoyCoreTests/SpoonCookLogSurfaceTests.swift:60:27: error: 'nil' is not compatible with expected argument type 'String'
 58 |                 nextTime: nil,
 59 |                 cookedAt: nil,
 60 |                 photoURL: nil,
    |                           `- error: 'nil' is not compatible with expected argument type 'String'
 61 |                 useAsRecipeCover: false,
 62 |                 createdAt: Self.createdAt

/Users/arimendelow/Projects/spoonjoy-apple/Tests/SpoonjoyCoreTests/SpoonCookLogSurfaceTests.swift:79:25: error: cannot find 'SpoonCookLogViewModel' in scope
 77 |             )
 78 |         ]
 79 |         let viewModel = SpoonCookLogViewModel(
    |                         `- error: cannot find 'SpoonCookLogViewModel' in scope
 80 |             recipeID: "recipe/lemon",
 81 |             data: SpoonCookLogData(spoons: [

/Users/arimendelow/Projects/spoonjoy-apple/Tests/SpoonjoyCoreTests/SpoonCookLogSurfaceTests.swift:81:19: error: cannot find 'SpoonCookLogData' in scope
 79 |         let viewModel = SpoonCookLogViewModel(
 80 |             recipeID: "recipe/lemon",
 81 |             data: SpoonCookLogData(spoons: [
    |                   `- error: cannot find 'SpoonCookLogData' in scope
 82 |                 Self.spoon(id: "spoon/owned", chefID: "chef_ari", username: "ari", note: "Silky.", nextTime: "More lemon.", photoURL: URL(string: "https://spoonjoy.app/photos/spoons/lemon.jpg")!),
 83 |                 Self.spoon(id: "spoon/friend", chefID: "chef_jules", username: "jules", note: "Good cold."),

/Users/arimendelow/Projects/spoonjoy-apple/Tests/SpoonjoyCoreTests/SpoonCookLogSurfaceTests.swift:89:28: error: cannot infer contextual base in reference to member 'online'
 87 |             queuedMutations: queued,
 88 |             conflicts: conflicts,
 89 |             connectivity: .online,
    |                            `- error: cannot infer contextual base in reference to member 'online'
 90 |             now: { Self.createdAt }
 91 |         )

/Users/arimendelow/Projects/spoonjoy-apple/Tests/SpoonjoyCoreTests/SpoonCookLogSurfaceTests.swift:93:36: error: cannot infer key path type from context; consider explicitly specifying a root type
 91 |         )
 92 |
 93 |         #expect(viewModel.rows.map(\.id) == ["spoon/owned", "spoon/friend"])
    |                                    `- error: cannot infer key path type from context; consider explicitly specifying a root type
 94 |         #expect(viewModel.rows[0].isOwnedByCurrentChef)
 95 |         #expect(viewModel.rows[0].canEdit)

/Users/arimendelow/Projects/spoonjoy-apple/Tests/SpoonjoyCoreTests/SpoonCookLogSurfaceTests.swift:103:45: error: cannot find 'SpoonCookLogConflictBanner' in scope
101 |         #expect(viewModel.emptyState == nil)
102 |         #expect(viewModel.queuedWorkSummary == "1 cook-log change waiting to sync")
103 |         #expect(viewModel.conflictBanner == SpoonCookLogConflictBanner(
    |                                             `- error: cannot find 'SpoonCookLogConflictBanner' in scope
104 |             localClientMutationID: "cm_spoon_note",
105 |             message: "Cook log changed elsewhere.",

/Users/arimendelow/Projects/spoonjoy-apple/Tests/SpoonjoyCoreTests/SpoonCookLogSurfaceTests.swift:108:56: error: cannot infer contextual base in reference to member 'conflict'
106 |             actionTitle: "Review cook-log conflict"
107 |         ))
108 |         #expect(viewModel.offlineIndicator.display == .conflict(recordID: "cm_spoon_note", mutationID: "cm_spoon_note"))
    |                                                        `- error: cannot infer contextual base in reference to member 'conflict'
109 |
110 |         let offlineEmpty = SpoonCookLogViewModel(

/Users/arimendelow/Projects/spoonjoy-apple/Tests/SpoonjoyCoreTests/SpoonCookLogSurfaceTests.swift:110:28: error: cannot find 'SpoonCookLogViewModel' in scope
108 |         #expect(viewModel.offlineIndicator.display == .conflict(recordID: "cm_spoon_note", mutationID: "cm_spoon_note"))
109 |
110 |         let offlineEmpty = SpoonCookLogViewModel(
    |                            `- error: cannot find 'SpoonCookLogViewModel' in scope
111 |             recipeID: "recipe/lemon",
112 |             data: SpoonCookLogData(spoons: []),

/Users/arimendelow/Projects/spoonjoy-apple/Tests/SpoonjoyCoreTests/SpoonCookLogSurfaceTests.swift:112:19: error: cannot find 'SpoonCookLogData' in scope
110 |         let offlineEmpty = SpoonCookLogViewModel(
111 |             recipeID: "recipe/lemon",
112 |             data: SpoonCookLogData(spoons: []),
    |                   `- error: cannot find 'SpoonCookLogData' in scope
113 |             currentChefID: "chef_ari",
114 |             queuedMutations: [],

/Users/arimendelow/Projects/spoonjoy-apple/Tests/SpoonjoyCoreTests/SpoonCookLogSurfaceTests.swift:116:28: error: cannot infer contextual base in reference to member 'offline'
114 |             queuedMutations: [],
115 |             conflicts: [],
116 |             connectivity: .offline,
    |                            `- error: cannot infer contextual base in reference to member 'offline'
117 |             now: { Self.createdAt }
118 |         )

/Users/arimendelow/Projects/spoonjoy-apple/Tests/SpoonjoyCoreTests/SpoonCookLogSurfaceTests.swift:119:44: error: cannot find 'SpoonCookLogEmptyState' in scope
117 |             now: { Self.createdAt }
118 |         )
119 |         #expect(offlineEmpty.emptyState == SpoonCookLogEmptyState(
    |                                            `- error: cannot find 'SpoonCookLogEmptyState' in scope
120 |             title: "No cooks logged yet",
121 |             message: "Log what changed in the kitchen so the next cook starts smarter.",

/Users/arimendelow/Projects/spoonjoy-apple/Tests/SpoonjoyCoreTests/SpoonCookLogSurfaceTests.swift:124:59: error: cannot infer contextual base in reference to member 'offline'
122 |             systemImage: "fork.knife"
123 |         ))
124 |         #expect(offlineEmpty.offlineIndicator.display == .offline)
    |                                                           `- error: cannot infer contextual base in reference to member 'offline'
125 |     }
126 |

/Users/arimendelow/Projects/spoonjoy-apple/Tests/SpoonjoyCoreTests/SpoonCookLogSurfaceTests.swift:129:25: error: cannot find 'SpoonCookLogViewModel' in scope
127 |     @Test("online spoon actions plan exact REST mutations with offline fallbacks")
128 |     func onlineSpoonActionsPlanExactRESTMutationsWithOfflineFallbacks() throws {
129 |         let viewModel = SpoonCookLogViewModel(
    |                         `- error: cannot find 'SpoonCookLogViewModel' in scope
130 |             recipeID: "recipe/lemon",
131 |             data: SpoonCookLogData(spoons: [Self.spoon(id: "spoon/owned", chefID: "chef_ari")]),

/Users/arimendelow/Projects/spoonjoy-apple/Tests/SpoonjoyCoreTests/SpoonCookLogSurfaceTests.swift:131:19: error: cannot find 'SpoonCookLogData' in scope
129 |         let viewModel = SpoonCookLogViewModel(
130 |             recipeID: "recipe/lemon",
131 |             data: SpoonCookLogData(spoons: [Self.spoon(id: "spoon/owned", chefID: "chef_ari")]),
    |                   `- error: cannot find 'SpoonCookLogData' in scope
132 |             currentChefID: "chef_ari",
133 |             queuedMutations: [],

/Users/arimendelow/Projects/spoonjoy-apple/Tests/SpoonjoyCoreTests/SpoonCookLogSurfaceTests.swift:135:28: error: cannot infer contextual base in reference to member 'online'
133 |             queuedMutations: [],
134 |             conflicts: [],
135 |             connectivity: .online,
    |                            `- error: cannot infer contextual base in reference to member 'online'
136 |             now: { Self.createdAt }
137 |         )

/Users/arimendelow/Projects/spoonjoy-apple/Tests/SpoonjoyCoreTests/SpoonCookLogSurfaceTests.swift:139:42: error: cannot infer contextual base in reference to member 'create'
137 |         )
138 |
139 |         let create = try viewModel.plan(.create(
    |                                          `- error: cannot infer contextual base in reference to member 'create'
140 |             note: " Loved it. ",
141 |             nextTime: " more lemon ",

/Users/arimendelow/Projects/spoonjoy-apple/Tests/SpoonjoyCoreTests/SpoonCookLogSurfaceTests.swift:143:20: error: 'nil' requires a contextual type
141 |             nextTime: " more lemon ",
142 |             cookedAt: "2026-06-27T15:30:00.000Z",
143 |             photo: nil,
    |                    `- error: 'nil' requires a contextual type
144 |             photoURL: nil,
145 |             useAsRecipeCover: false,

/Users/arimendelow/Projects/spoonjoy-apple/Tests/SpoonjoyCoreTests/SpoonCookLogSurfaceTests.swift:144:23: error: 'nil' requires a contextual type
142 |             cookedAt: "2026-06-27T15:30:00.000Z",
143 |             photo: nil,
144 |             photoURL: nil,
    |                       `- error: 'nil' requires a contextual type
145 |             useAsRecipeCover: false,
146 |             clientMutationID: "cm_create_note"

/Users/arimendelow/Projects/spoonjoy-apple/Tests/SpoonjoyCoreTests/SpoonCookLogSurfaceTests.swift:162:50: error: cannot infer contextual base in reference to member 'spoonCreate'
160 |         )
161 |         let createFallback = try requireSpoonMutation(create.offlineFallbackMutation, "create fallback")
162 |         #expect(createFallback.queueableKind == .spoonCreate)
    |                                                  `- error: cannot infer contextual base in reference to member 'spoonCreate'
163 |         #expect(createFallback.dependencyKey == "recipe:recipe/lemon")
164 |         try assertSpoonJSONRequest(

/Users/arimendelow/Projects/spoonjoy-apple/Tests/SpoonjoyCoreTests/SpoonCookLogSurfaceTests.swift:178:42: error: cannot infer contextual base in reference to member 'update'
176 |         )
177 |
178 |         let update = try viewModel.plan(.update(
    |                                          `- error: cannot infer contextual base in reference to member 'update'
179 |             spoonID: "spoon/owned",
180 |             note: nil,

/Users/arimendelow/Projects/spoonjoy-apple/Tests/SpoonjoyCoreTests/SpoonCookLogSurfaceTests.swift:180:19: error: 'nil' requires a contextual type
178 |         let update = try viewModel.plan(.update(
179 |             spoonID: "spoon/owned",
180 |             note: nil,
    |                   `- error: 'nil' requires a contextual type
181 |             nextTime: "Less salt.",
182 |             cookedAt: nil,

/Users/arimendelow/Projects/spoonjoy-apple/Tests/SpoonjoyCoreTests/SpoonCookLogSurfaceTests.swift:182:23: error: 'nil' requires a contextual type
180 |             note: nil,
181 |             nextTime: "Less salt.",
182 |             cookedAt: nil,
    |                       `- error: 'nil' requires a contextual type
183 |             photoURL: nil,
184 |             clientMutationID: "cm_update_note"

/Users/arimendelow/Projects/spoonjoy-apple/Tests/SpoonjoyCoreTests/SpoonCookLogSurfaceTests.swift:183:23: error: 'nil' requires a contextual type
181 |             nextTime: "Less salt.",
182 |             cookedAt: nil,
183 |             photoURL: nil,
    |                       `- error: 'nil' requires a contextual type
184 |             clientMutationID: "cm_update_note"
185 |         ))

/Users/arimendelow/Projects/spoonjoy-apple/Tests/SpoonjoyCoreTests/SpoonCookLogSurfaceTests.swift:200:42: error: cannot infer contextual base in reference to member 'delete'
198 |         #expect(try requireSpoonMutation(update.offlineFallbackMutation, "update fallback").queueableKind == .spoonUpdate)
199 |
200 |         let delete = try viewModel.plan(.delete(spoonID: "spoon/owned", clientMutationID: "cm_delete_spoon"))
    |                                          `- error: cannot infer contextual base in reference to member 'delete'
201 |         let deleteRequest = try spoonRemoteRequest(from: delete)
202 |         #expect(deleteRequest.method == .delete)

/Users/arimendelow/Projects/spoonjoy-apple/Tests/SpoonjoyCoreTests/SpoonCookLogSurfaceTests.swift:202:42: error: cannot infer contextual base in reference to member 'delete'
200 |         let delete = try viewModel.plan(.delete(spoonID: "spoon/owned", clientMutationID: "cm_delete_spoon"))
201 |         let deleteRequest = try spoonRemoteRequest(from: delete)
202 |         #expect(deleteRequest.method == .delete)
    |                                          `- error: cannot infer contextual base in reference to member 'delete'
203 |         #expect(deleteRequest.url.path == "/api/v1/recipes/recipe%2Flemon/spoons/spoon%2Fowned")
204 |         #expect(deleteRequest.headers["X-Client-Mutation-Id"] == "cm_delete_spoon")

/Users/arimendelow/Projects/spoonjoy-apple/Tests/SpoonjoyCoreTests/SpoonCookLogSurfaceTests.swift:211:25: error: cannot find 'SpoonCookLogViewModel' in scope
209 |     @Test("photo spoon actions plan multipart uploads and offline staged media")
210 |     func photoSpoonActionsPlanMultipartUploadsAndOfflineStagedMedia() throws {
211 |         let viewModel = SpoonCookLogViewModel(
    |                         `- error: cannot find 'SpoonCookLogViewModel' in scope
212 |             recipeID: "recipe/lemon",
213 |             data: SpoonCookLogData(spoons: []),

/Users/arimendelow/Projects/spoonjoy-apple/Tests/SpoonjoyCoreTests/SpoonCookLogSurfaceTests.swift:213:19: error: cannot find 'SpoonCookLogData' in scope
211 |         let viewModel = SpoonCookLogViewModel(
212 |             recipeID: "recipe/lemon",
213 |             data: SpoonCookLogData(spoons: []),
    |                   `- error: cannot find 'SpoonCookLogData' in scope
214 |             currentChefID: "chef_ari",
215 |             queuedMutations: [],

/Users/arimendelow/Projects/spoonjoy-apple/Tests/SpoonjoyCoreTests/SpoonCookLogSurfaceTests.swift:217:28: error: cannot infer contextual base in reference to member 'offline'
215 |             queuedMutations: [],
216 |             conflicts: [],
217 |             connectivity: .offline,
    |                            `- error: cannot infer contextual base in reference to member 'offline'
218 |             now: { Self.createdAt }
219 |         )

/Users/arimendelow/Projects/spoonjoy-apple/Tests/SpoonjoyCoreTests/SpoonCookLogSurfaceTests.swift:220:21: error: cannot find 'SpoonCookLogPhotoAttachment' in scope
218 |             now: { Self.createdAt }
219 |         )
220 |         let photo = SpoonCookLogPhotoAttachment(
    |                     `- error: cannot find 'SpoonCookLogPhotoAttachment' in scope
221 |             localStageID: "stage_spoon_photo",
222 |             fileName: "spoon.webp",

/Users/arimendelow/Projects/spoonjoy-apple/Tests/SpoonjoyCoreTests/SpoonCookLogSurfaceTests.swift:227:40: error: cannot infer contextual base in reference to member 'create'
225 |         )
226 |
227 |         let plan = try viewModel.plan(.create(
    |                                        `- error: cannot infer contextual base in reference to member 'create'
228 |             note: "Photo cook.",
229 |             nextTime: nil,

/Users/arimendelow/Projects/spoonjoy-apple/Tests/SpoonjoyCoreTests/SpoonCookLogSurfaceTests.swift:229:23: error: 'nil' requires a contextual type
227 |         let plan = try viewModel.plan(.create(
228 |             note: "Photo cook.",
229 |             nextTime: nil,
    |                       `- error: 'nil' requires a contextual type
230 |             cookedAt: nil,
231 |             photo: photo,

/Users/arimendelow/Projects/spoonjoy-apple/Tests/SpoonjoyCoreTests/SpoonCookLogSurfaceTests.swift:230:23: error: 'nil' requires a contextual type
228 |             note: "Photo cook.",
229 |             nextTime: nil,
230 |             cookedAt: nil,
    |                       `- error: 'nil' requires a contextual type
231 |             photo: photo,
232 |             photoURL: nil,

/Users/arimendelow/Projects/spoonjoy-apple/Tests/SpoonjoyCoreTests/SpoonCookLogSurfaceTests.swift:232:23: error: 'nil' requires a contextual type
230 |             cookedAt: nil,
231 |             photo: photo,
232 |             photoURL: nil,
    |                       `- error: 'nil' requires a contextual type
233 |             useAsRecipeCover: true,
234 |             clientMutationID: "cm_photo"

/Users/arimendelow/Projects/spoonjoy-apple/Tests/SpoonjoyCoreTests/SpoonCookLogSurfaceTests.swift:240:42: error: cannot infer contextual base in reference to member 'spoonCreatePhoto'
238 |         #expect(plan.offlineFallbackMutation == nil)
239 |         let queued = try requireSpoonMutation(plan.queuedMutation, "offline photo")
240 |         #expect(queued.queueableKind == .spoonCreatePhoto)
    |                                          `- error: cannot infer contextual base in reference to member 'spoonCreatePhoto'
241 |         let request = try spoonQueuedRequest(from: queued)
242 |         #expect(request.method == .post)

/Users/arimendelow/Projects/spoonjoy-apple/Tests/SpoonjoyCoreTests/SpoonCookLogSurfaceTests.swift:242:36: error: cannot infer contextual base in reference to member 'post'
240 |         #expect(queued.queueableKind == .spoonCreatePhoto)
241 |         let request = try spoonQueuedRequest(from: queued)
242 |         #expect(request.method == .post)
    |                                    `- error: cannot infer contextual base in reference to member 'post'
243 |         #expect(request.url.path == "/api/v1/recipes/recipe%2Flemon/spoons")
244 |         #expect(request.bodyString?.contains(#"name="photo"; filename="spoon.webp""#) == true)

/Users/arimendelow/Projects/spoonjoy-apple/Tests/SpoonjoyCoreTests/SpoonCookLogSurfaceTests.swift:251:25: error: cannot find 'SpoonCookLogViewModel' in scope
249 |     @Test("empty spoon create is blocked before reaching the API")
250 |     func emptySpoonCreateIsBlockedBeforeAPI() throws {
251 |         let viewModel = SpoonCookLogViewModel(
    |                         `- error: cannot find 'SpoonCookLogViewModel' in scope
252 |             recipeID: "recipe/lemon",
253 |             data: SpoonCookLogData(spoons: []),

/Users/arimendelow/Projects/spoonjoy-apple/Tests/SpoonjoyCoreTests/SpoonCookLogSurfaceTests.swift:253:19: error: cannot find 'SpoonCookLogData' in scope
251 |         let viewModel = SpoonCookLogViewModel(
252 |             recipeID: "recipe/lemon",
253 |             data: SpoonCookLogData(spoons: []),
    |                   `- error: cannot find 'SpoonCookLogData' in scope
254 |             currentChefID: "chef_ari",
255 |             queuedMutations: [],

/Users/arimendelow/Projects/spoonjoy-apple/Tests/SpoonjoyCoreTests/SpoonCookLogSurfaceTests.swift:257:28: error: cannot infer contextual base in reference to member 'online'
255 |             queuedMutations: [],
256 |             conflicts: [],
257 |             connectivity: .online,
    |                            `- error: cannot infer contextual base in reference to member 'online'
258 |             now: { Self.createdAt }
259 |         )

/Users/arimendelow/Projects/spoonjoy-apple/Tests/SpoonjoyCoreTests/SpoonCookLogSurfaceTests.swift:261:40: error: cannot infer contextual base in reference to member 'create'
259 |         )
260 |
261 |         let plan = try viewModel.plan(.create(
    |                                        `- error: cannot infer contextual base in reference to member 'create'
262 |             note: "   ",
263 |             nextTime: nil,

/Users/arimendelow/Projects/spoonjoy-apple/Tests/SpoonjoyCoreTests/SpoonCookLogSurfaceTests.swift:263:23: error: 'nil' requires a contextual type
261 |         let plan = try viewModel.plan(.create(
262 |             note: "   ",
263 |             nextTime: nil,
    |                       `- error: 'nil' requires a contextual type
264 |             cookedAt: nil,
265 |             photo: nil,

/Users/arimendelow/Projects/spoonjoy-apple/Tests/SpoonjoyCoreTests/SpoonCookLogSurfaceTests.swift:264:23: error: 'nil' requires a contextual type
262 |             note: "   ",
263 |             nextTime: nil,
264 |             cookedAt: nil,
    |                       `- error: 'nil' requires a contextual type
265 |             photo: nil,
266 |             photoURL: nil,

/Users/arimendelow/Projects/spoonjoy-apple/Tests/SpoonjoyCoreTests/SpoonCookLogSurfaceTests.swift:265:20: error: 'nil' requires a contextual type
263 |             nextTime: nil,
264 |             cookedAt: nil,
265 |             photo: nil,
    |                    `- error: 'nil' requires a contextual type
266 |             photoURL: nil,
267 |             useAsRecipeCover: false,

/Users/arimendelow/Projects/spoonjoy-apple/Tests/SpoonjoyCoreTests/SpoonCookLogSurfaceTests.swift:266:23: error: 'nil' requires a contextual type
264 |             cookedAt: nil,
265 |             photo: nil,
266 |             photoURL: nil,
    |                       `- error: 'nil' requires a contextual type
267 |             useAsRecipeCover: false,
268 |             clientMutationID: "cm_empty"

/Users/arimendelow/Projects/spoonjoy-apple/Tests/SpoonjoyCoreTests/SpoonCookLogSurfaceTests.swift:279:32: error: 'readRepoFile' is inaccessible due to 'private' protection level
277 |     @Test("recipe detail wires the native spoon cook-log surface")
278 |     func recipeDetailWiresNativeSpoonCookLogSurface() throws {
279 |         let detailSource = try readRepoFile("Apps/Spoonjoy/Shared/Views/RecipeDetailView.swift")
    |                                `- error: 'readRepoFile' is inaccessible due to 'private' protection level
280 |         let spoonSource = try readRepoFile("Apps/Spoonjoy/Shared/Views/SpoonCookLogView.swift")
281 |         let navigationSource = try readRepoFile("Apps/Spoonjoy/Shared/AppShell/PlatformNavigationView.swift")

/Users/arimendelow/Projects/spoonjoy-apple/Tests/SpoonjoyCoreTests/NativeAuthSessionTests.swift:683:14: note: 'readRepoFile' declared here
 681 | }
 682 |
 683 | private func readRepoFile(_ relativePath: String) throws -> String {
     |              `- note: 'readRepoFile' declared here
 684 |     let url = repoRoot().appendingPathComponent(relativePath)
 685 |     guard FileManager.default.fileExists(atPath: url.path) else {

/Users/arimendelow/Projects/spoonjoy-apple/Tests/SpoonjoyCoreTests/NativeCacheFreshnessTests.swift:643:14: note: 'readRepoFile' declared here
 641 | }
 642 |
 643 | private func readRepoFile(_ relativePath: String) throws -> String {
     |              `- note: 'readRepoFile' declared here
 644 |     let url = repoRoot().appendingPathComponent(relativePath)
 645 |     guard FileManager.default.fileExists(atPath: url.path) else {

/Users/arimendelow/Projects/spoonjoy-apple/Tests/SpoonjoyCoreTests/NativeLiveStoreTests.swift:3033:14: note: 'readRepoFile' declared here
3031 | }
3032 |
3033 | private func readRepoFile(_ relativePath: String) throws -> String {
     |              `- note: 'readRepoFile' declared here
3034 |     let url = repoRootURL().appendingPathComponent(relativePath)
3035 |     guard FileManager.default.fileExists(atPath: url.path) else {

/Users/arimendelow/Projects/spoonjoy-apple/Tests/SpoonjoyCoreTests/RecipeActionParityTests.swift:425:14: note: 'readRepoFile' declared here
423 | }
424 |
425 | private func readRepoFile(_ relativePath: String) throws -> String {
    |              `- note: 'readRepoFile' declared here
426 |     let url = repoRootURL().appendingPathComponent(relativePath)
427 |     return try String(contentsOf: url, encoding: .utf8)

/Users/arimendelow/Projects/spoonjoy-apple/Tests/SpoonjoyCoreTests/RecipeCatalogDetailTests.swift:794:14: note: 'readRepoFile' declared here
792 | private let repoURL = URL(fileURLWithPath: FileManager.default.currentDirectoryPath)
793 |
794 | private func readRepoFile(_ relativePath: String) throws -> String {
    |              `- note: 'readRepoFile' declared here
795 |     try String(contentsOf: repoURL.appendingPathComponent(relativePath), encoding: .utf8)
796 | }

/Users/arimendelow/Projects/spoonjoy-apple/Tests/SpoonjoyCoreTests/SpoonCookLogSurfaceTests.swift:280:31: error: 'readRepoFile' is inaccessible due to 'private' protection level
278 |     func recipeDetailWiresNativeSpoonCookLogSurface() throws {
279 |         let detailSource = try readRepoFile("Apps/Spoonjoy/Shared/Views/RecipeDetailView.swift")
280 |         let spoonSource = try readRepoFile("Apps/Spoonjoy/Shared/Views/SpoonCookLogView.swift")
    |                               `- error: 'readRepoFile' is inaccessible due to 'private' protection level
281 |         let navigationSource = try readRepoFile("Apps/Spoonjoy/Shared/AppShell/PlatformNavigationView.swift")
282 |

/Users/arimendelow/Projects/spoonjoy-apple/Tests/SpoonjoyCoreTests/NativeAuthSessionTests.swift:683:14: note: 'readRepoFile' declared here
 681 | }
 682 |
 683 | private func readRepoFile(_ relativePath: String) throws -> String {
     |              `- note: 'readRepoFile' declared here
 684 |     let url = repoRoot().appendingPathComponent(relativePath)
 685 |     guard FileManager.default.fileExists(atPath: url.path) else {

/Users/arimendelow/Projects/spoonjoy-apple/Tests/SpoonjoyCoreTests/NativeCacheFreshnessTests.swift:643:14: note: 'readRepoFile' declared here
 641 | }
 642 |
 643 | private func readRepoFile(_ relativePath: String) throws -> String {
     |              `- note: 'readRepoFile' declared here
 644 |     let url = repoRoot().appendingPathComponent(relativePath)
 645 |     guard FileManager.default.fileExists(atPath: url.path) else {

/Users/arimendelow/Projects/spoonjoy-apple/Tests/SpoonjoyCoreTests/NativeLiveStoreTests.swift:3033:14: note: 'readRepoFile' declared here
3031 | }
3032 |
3033 | private func readRepoFile(_ relativePath: String) throws -> String {
     |              `- note: 'readRepoFile' declared here
3034 |     let url = repoRootURL().appendingPathComponent(relativePath)
3035 |     guard FileManager.default.fileExists(atPath: url.path) else {

/Users/arimendelow/Projects/spoonjoy-apple/Tests/SpoonjoyCoreTests/RecipeActionParityTests.swift:425:14: note: 'readRepoFile' declared here
423 | }
424 |
425 | private func readRepoFile(_ relativePath: String) throws -> String {
    |              `- note: 'readRepoFile' declared here
426 |     let url = repoRootURL().appendingPathComponent(relativePath)
427 |     return try String(contentsOf: url, encoding: .utf8)

/Users/arimendelow/Projects/spoonjoy-apple/Tests/SpoonjoyCoreTests/RecipeCatalogDetailTests.swift:794:14: note: 'readRepoFile' declared here
792 | private let repoURL = URL(fileURLWithPath: FileManager.default.currentDirectoryPath)
793 |
794 | private func readRepoFile(_ relativePath: String) throws -> String {
    |              `- note: 'readRepoFile' declared here
795 |     try String(contentsOf: repoURL.appendingPathComponent(relativePath), encoding: .utf8)
796 | }

/Users/arimendelow/Projects/spoonjoy-apple/Tests/SpoonjoyCoreTests/SpoonCookLogSurfaceTests.swift:281:36: error: 'readRepoFile' is inaccessible due to 'private' protection level
279 |         let detailSource = try readRepoFile("Apps/Spoonjoy/Shared/Views/RecipeDetailView.swift")
280 |         let spoonSource = try readRepoFile("Apps/Spoonjoy/Shared/Views/SpoonCookLogView.swift")
281 |         let navigationSource = try readRepoFile("Apps/Spoonjoy/Shared/AppShell/PlatformNavigationView.swift")
    |                                    `- error: 'readRepoFile' is inaccessible due to 'private' protection level
282 |
283 |         #expect(detailSource.contains("SpoonCookLogView("))

/Users/arimendelow/Projects/spoonjoy-apple/Tests/SpoonjoyCoreTests/NativeAuthSessionTests.swift:683:14: note: 'readRepoFile' declared here
 681 | }
 682 |
 683 | private func readRepoFile(_ relativePath: String) throws -> String {
     |              `- note: 'readRepoFile' declared here
 684 |     let url = repoRoot().appendingPathComponent(relativePath)
 685 |     guard FileManager.default.fileExists(atPath: url.path) else {

/Users/arimendelow/Projects/spoonjoy-apple/Tests/SpoonjoyCoreTests/NativeCacheFreshnessTests.swift:643:14: note: 'readRepoFile' declared here
 641 | }
 642 |
 643 | private func readRepoFile(_ relativePath: String) throws -> String {
     |              `- note: 'readRepoFile' declared here
 644 |     let url = repoRoot().appendingPathComponent(relativePath)
 645 |     guard FileManager.default.fileExists(atPath: url.path) else {

/Users/arimendelow/Projects/spoonjoy-apple/Tests/SpoonjoyCoreTests/NativeLiveStoreTests.swift:3033:14: note: 'readRepoFile' declared here
3031 | }
3032 |
3033 | private func readRepoFile(_ relativePath: String) throws -> String {
     |              `- note: 'readRepoFile' declared here
3034 |     let url = repoRootURL().appendingPathComponent(relativePath)
3035 |     guard FileManager.default.fileExists(atPath: url.path) else {

/Users/arimendelow/Projects/spoonjoy-apple/Tests/SpoonjoyCoreTests/RecipeActionParityTests.swift:425:14: note: 'readRepoFile' declared here
423 | }
424 |
425 | private func readRepoFile(_ relativePath: String) throws -> String {
    |              `- note: 'readRepoFile' declared here
426 |     let url = repoRootURL().appendingPathComponent(relativePath)
427 |     return try String(contentsOf: url, encoding: .utf8)

/Users/arimendelow/Projects/spoonjoy-apple/Tests/SpoonjoyCoreTests/RecipeCatalogDetailTests.swift:794:14: note: 'readRepoFile' declared here
792 | private let repoURL = URL(fileURLWithPath: FileManager.default.currentDirectoryPath)
793 |
794 | private func readRepoFile(_ relativePath: String) throws -> String {
    |              `- note: 'readRepoFile' declared here
795 |     try String(contentsOf: repoURL.appendingPathComponent(relativePath), encoding: .utf8)
796 | }

/Users/arimendelow/Projects/spoonjoy-apple/Tests/SpoonjoyCoreTests/SpoonCookLogSurfaceTests.swift:331:28: error: cannot find 'SpoonCookLogListData' in scope
329 |     ) async throws -> APIEnvelope<Value> {
330 |         requests.append(try request.urlRequest(configuration: configuration))
331 |         guard valueType == SpoonCookLogListData.self else {
    |                            `- error: cannot find 'SpoonCookLogListData' in scope
332 |             throw SpoonCookLogSurfaceTestFailure("Unexpected value type \(valueType).")
333 |         }
[60/79] Compiling SpoonjoyCoreTests SpoonCookLogSurfaceTests.swift
/Users/arimendelow/Projects/spoonjoy-apple/Tests/SpoonjoyCoreTests/SpoonCookLogSurfaceTests.swift:318:39: error: cannot find type 'SpoonCookLogListData' in scope
316 |
317 | private final class RecordingSpoonCookLogAPITransport: SpoonjoyAPITransport, @unchecked Sendable {
318 |     private let envelope: APIEnvelope<SpoonCookLogListData>
    |                                       `- error: cannot find type 'SpoonCookLogListData' in scope
319 |     private(set) var requests: [APIRequest] = []
320 |

/Users/arimendelow/Projects/spoonjoy-apple/Tests/SpoonjoyCoreTests/SpoonCookLogSurfaceTests.swift:321:32: error: cannot find type 'SpoonCookLogListData' in scope
319 |     private(set) var requests: [APIRequest] = []
320 |
321 |     init(envelope: APIEnvelope<SpoonCookLogListData>) {
    |                                `- error: cannot find type 'SpoonCookLogListData' in scope
322 |         self.envelope = envelope
323 |     }

/Users/arimendelow/Projects/spoonjoy-apple/Tests/SpoonjoyCoreTests/SpoonCookLogSurfaceTests.swift:338:44: error: cannot find type 'SpoonCookLogMutationPlan' in scope
336 | }
337 |
338 | private func spoonRemoteRequest(from plan: SpoonCookLogMutationPlan) throws -> APIRequest {
    |                                            `- error: cannot find type 'SpoonCookLogMutationPlan' in scope
339 |     guard let builder = plan.remoteRequestBuilder else {
340 |         throw SpoonCookLogSurfaceTestFailure("Expected an online spoon action to provide a remote request builder.")

/Users/arimendelow/Projects/spoonjoy-apple/Tests/SpoonjoyCoreTests/SpoonCookLogSurfaceTests.swift:15:20: error: cannot find 'SpoonCookLogListData' in scope
 13 |     @Test("live spoon cook-log repository fetches public recipe spoons")
 14 |     func liveRepositoryFetchesPublicRecipeSpoons() async throws {
 15 |         let list = SpoonCookLogListData(
    |                    `- error: cannot find 'SpoonCookLogListData' in scope
 16 |             spoons: [
 17 |                 Self.spoon(id: "spoon/newer", note: "More lemon next time.")

/Users/arimendelow/Projects/spoonjoy-apple/Tests/SpoonjoyCoreTests/SpoonCookLogSurfaceTests.swift:26:26: error: cannot find 'LiveSpoonCookLogRepository' in scope
 24 |             data: list
 25 |         ))
 26 |         let repository = LiveSpoonCookLogRepository(
    |                          `- error: cannot find 'LiveSpoonCookLogRepository' in scope
 27 |             transport: transport,
 28 |             configuration: Self.configuration

/Users/arimendelow/Projects/spoonjoy-apple/Tests/SpoonjoyCoreTests/SpoonCookLogSurfaceTests.swift:41:36: error: cannot infer contextual base in reference to member 'get'
 39 |         #expect(result.nextCursor == PaginationCursor(rawValue: "spoon.after"))
 40 |         #expect(result.hasMore)
 41 |         #expect(request.method == .get)
    |                                    `- error: cannot infer contextual base in reference to member 'get'
 42 |         #expect(request.url.path == "/api/v1/recipes/recipe%2Flemon/spoons")
 43 |         #expect(request.queryItems == [

/Users/arimendelow/Projects/spoonjoy-apple/Tests/SpoonjoyCoreTests/SpoonCookLogSurfaceTests.swift:48:49: error: cannot infer contextual base in reference to member 'publicCache'
 46 |         ])
 47 |         #expect(request.headers["Authorization"] == nil)
 48 |         #expect(request.responseCachePolicy == .publicCache(maxAgeSeconds: 60, staleWhileRevalidateSeconds: 300))
    |                                                 `- error: cannot infer contextual base in reference to member 'publicCache'
 49 |     }
 50 |

/Users/arimendelow/Projects/spoonjoy-apple/Tests/SpoonjoyCoreTests/SpoonCookLogSurfaceTests.swift:36:23: warning: no calls to throwing functions occur within 'try' expression
 34 |             limit: 20
 35 |         )
 36 |         let request = try #require(transport.requests.first)
    |                       `- warning: no calls to throwing functions occur within 'try' expression
 37 |
 38 |         #expect(result.spoons == list.spoons)

/Users/arimendelow/Projects/spoonjoy-apple/Tests/SpoonjoyCoreTests/SpoonCookLogSurfaceTests.swift:60:27: error: 'nil' is not compatible with expected argument type 'String'
 58 |                 nextTime: nil,
 59 |                 cookedAt: nil,
 60 |                 photoURL: nil,
    |                           `- error: 'nil' is not compatible with expected argument type 'String'
 61 |                 useAsRecipeCover: false,
 62 |                 createdAt: Self.createdAt

/Users/arimendelow/Projects/spoonjoy-apple/Tests/SpoonjoyCoreTests/SpoonCookLogSurfaceTests.swift:79:25: error: cannot find 'SpoonCookLogViewModel' in scope
 77 |             )
 78 |         ]
 79 |         let viewModel = SpoonCookLogViewModel(
    |                         `- error: cannot find 'SpoonCookLogViewModel' in scope
 80 |             recipeID: "recipe/lemon",
 81 |             data: SpoonCookLogData(spoons: [

/Users/arimendelow/Projects/spoonjoy-apple/Tests/SpoonjoyCoreTests/SpoonCookLogSurfaceTests.swift:81:19: error: cannot find 'SpoonCookLogData' in scope
 79 |         let viewModel = SpoonCookLogViewModel(
 80 |             recipeID: "recipe/lemon",
 81 |             data: SpoonCookLogData(spoons: [
    |                   `- error: cannot find 'SpoonCookLogData' in scope
 82 |                 Self.spoon(id: "spoon/owned", chefID: "chef_ari", username: "ari", note: "Silky.", nextTime: "More lemon.", photoURL: URL(string: "https://spoonjoy.app/photos/spoons/lemon.jpg")!),
 83 |                 Self.spoon(id: "spoon/friend", chefID: "chef_jules", username: "jules", note: "Good cold."),

/Users/arimendelow/Projects/spoonjoy-apple/Tests/SpoonjoyCoreTests/SpoonCookLogSurfaceTests.swift:89:28: error: cannot infer contextual base in reference to member 'online'
 87 |             queuedMutations: queued,
 88 |             conflicts: conflicts,
 89 |             connectivity: .online,
    |                            `- error: cannot infer contextual base in reference to member 'online'
 90 |             now: { Self.createdAt }
 91 |         )

/Users/arimendelow/Projects/spoonjoy-apple/Tests/SpoonjoyCoreTests/SpoonCookLogSurfaceTests.swift:93:36: error: cannot infer key path type from context; consider explicitly specifying a root type
 91 |         )
 92 |
 93 |         #expect(viewModel.rows.map(\.id) == ["spoon/owned", "spoon/friend"])
    |                                    `- error: cannot infer key path type from context; consider explicitly specifying a root type
 94 |         #expect(viewModel.rows[0].isOwnedByCurrentChef)
 95 |         #expect(viewModel.rows[0].canEdit)

/Users/arimendelow/Projects/spoonjoy-apple/Tests/SpoonjoyCoreTests/SpoonCookLogSurfaceTests.swift:103:45: error: cannot find 'SpoonCookLogConflictBanner' in scope
101 |         #expect(viewModel.emptyState == nil)
102 |         #expect(viewModel.queuedWorkSummary == "1 cook-log change waiting to sync")
103 |         #expect(viewModel.conflictBanner == SpoonCookLogConflictBanner(
    |                                             `- error: cannot find 'SpoonCookLogConflictBanner' in scope
104 |             localClientMutationID: "cm_spoon_note",
105 |             message: "Cook log changed elsewhere.",

/Users/arimendelow/Projects/spoonjoy-apple/Tests/SpoonjoyCoreTests/SpoonCookLogSurfaceTests.swift:108:56: error: cannot infer contextual base in reference to member 'conflict'
106 |             actionTitle: "Review cook-log conflict"
107 |         ))
108 |         #expect(viewModel.offlineIndicator.display == .conflict(recordID: "cm_spoon_note", mutationID: "cm_spoon_note"))
    |                                                        `- error: cannot infer contextual base in reference to member 'conflict'
109 |
110 |         let offlineEmpty = SpoonCookLogViewModel(

/Users/arimendelow/Projects/spoonjoy-apple/Tests/SpoonjoyCoreTests/SpoonCookLogSurfaceTests.swift:110:28: error: cannot find 'SpoonCookLogViewModel' in scope
108 |         #expect(viewModel.offlineIndicator.display == .conflict(recordID: "cm_spoon_note", mutationID: "cm_spoon_note"))
109 |
110 |         let offlineEmpty = SpoonCookLogViewModel(
    |                            `- error: cannot find 'SpoonCookLogViewModel' in scope
111 |             recipeID: "recipe/lemon",
112 |             data: SpoonCookLogData(spoons: []),

/Users/arimendelow/Projects/spoonjoy-apple/Tests/SpoonjoyCoreTests/SpoonCookLogSurfaceTests.swift:112:19: error: cannot find 'SpoonCookLogData' in scope
110 |         let offlineEmpty = SpoonCookLogViewModel(
111 |             recipeID: "recipe/lemon",
112 |             data: SpoonCookLogData(spoons: []),
    |                   `- error: cannot find 'SpoonCookLogData' in scope
113 |             currentChefID: "chef_ari",
114 |             queuedMutations: [],

/Users/arimendelow/Projects/spoonjoy-apple/Tests/SpoonjoyCoreTests/SpoonCookLogSurfaceTests.swift:116:28: error: cannot infer contextual base in reference to member 'offline'
114 |             queuedMutations: [],
115 |             conflicts: [],
116 |             connectivity: .offline,
    |                            `- error: cannot infer contextual base in reference to member 'offline'
117 |             now: { Self.createdAt }
118 |         )

/Users/arimendelow/Projects/spoonjoy-apple/Tests/SpoonjoyCoreTests/SpoonCookLogSurfaceTests.swift:119:44: error: cannot find 'SpoonCookLogEmptyState' in scope
117 |             now: { Self.createdAt }
118 |         )
119 |         #expect(offlineEmpty.emptyState == SpoonCookLogEmptyState(
    |                                            `- error: cannot find 'SpoonCookLogEmptyState' in scope
120 |             title: "No cooks logged yet",
121 |             message: "Log what changed in the kitchen so the next cook starts smarter.",

/Users/arimendelow/Projects/spoonjoy-apple/Tests/SpoonjoyCoreTests/SpoonCookLogSurfaceTests.swift:124:59: error: cannot infer contextual base in reference to member 'offline'
122 |             systemImage: "fork.knife"
123 |         ))
124 |         #expect(offlineEmpty.offlineIndicator.display == .offline)
    |                                                           `- error: cannot infer contextual base in reference to member 'offline'
125 |     }
126 |

/Users/arimendelow/Projects/spoonjoy-apple/Tests/SpoonjoyCoreTests/SpoonCookLogSurfaceTests.swift:129:25: error: cannot find 'SpoonCookLogViewModel' in scope
127 |     @Test("online spoon actions plan exact REST mutations with offline fallbacks")
128 |     func onlineSpoonActionsPlanExactRESTMutationsWithOfflineFallbacks() throws {
129 |         let viewModel = SpoonCookLogViewModel(
    |                         `- error: cannot find 'SpoonCookLogViewModel' in scope
130 |             recipeID: "recipe/lemon",
131 |             data: SpoonCookLogData(spoons: [Self.spoon(id: "spoon/owned", chefID: "chef_ari")]),

/Users/arimendelow/Projects/spoonjoy-apple/Tests/SpoonjoyCoreTests/SpoonCookLogSurfaceTests.swift:131:19: error: cannot find 'SpoonCookLogData' in scope
129 |         let viewModel = SpoonCookLogViewModel(
130 |             recipeID: "recipe/lemon",
131 |             data: SpoonCookLogData(spoons: [Self.spoon(id: "spoon/owned", chefID: "chef_ari")]),
    |                   `- error: cannot find 'SpoonCookLogData' in scope
132 |             currentChefID: "chef_ari",
133 |             queuedMutations: [],

/Users/arimendelow/Projects/spoonjoy-apple/Tests/SpoonjoyCoreTests/SpoonCookLogSurfaceTests.swift:135:28: error: cannot infer contextual base in reference to member 'online'
133 |             queuedMutations: [],
134 |             conflicts: [],
135 |             connectivity: .online,
    |                            `- error: cannot infer contextual base in reference to member 'online'
136 |             now: { Self.createdAt }
137 |         )

/Users/arimendelow/Projects/spoonjoy-apple/Tests/SpoonjoyCoreTests/SpoonCookLogSurfaceTests.swift:139:42: error: cannot infer contextual base in reference to member 'create'
137 |         )
138 |
139 |         let create = try viewModel.plan(.create(
    |                                          `- error: cannot infer contextual base in reference to member 'create'
140 |             note: " Loved it. ",
141 |             nextTime: " more lemon ",

/Users/arimendelow/Projects/spoonjoy-apple/Tests/SpoonjoyCoreTests/SpoonCookLogSurfaceTests.swift:143:20: error: 'nil' requires a contextual type
141 |             nextTime: " more lemon ",
142 |             cookedAt: "2026-06-27T15:30:00.000Z",
143 |             photo: nil,
    |                    `- error: 'nil' requires a contextual type
144 |             photoURL: nil,
145 |             useAsRecipeCover: false,

/Users/arimendelow/Projects/spoonjoy-apple/Tests/SpoonjoyCoreTests/SpoonCookLogSurfaceTests.swift:144:23: error: 'nil' requires a contextual type
142 |             cookedAt: "2026-06-27T15:30:00.000Z",
143 |             photo: nil,
144 |             photoURL: nil,
    |                       `- error: 'nil' requires a contextual type
145 |             useAsRecipeCover: false,
146 |             clientMutationID: "cm_create_note"

/Users/arimendelow/Projects/spoonjoy-apple/Tests/SpoonjoyCoreTests/SpoonCookLogSurfaceTests.swift:162:50: error: cannot infer contextual base in reference to member 'spoonCreate'
160 |         )
161 |         let createFallback = try requireSpoonMutation(create.offlineFallbackMutation, "create fallback")
162 |         #expect(createFallback.queueableKind == .spoonCreate)
    |                                                  `- error: cannot infer contextual base in reference to member 'spoonCreate'
163 |         #expect(createFallback.dependencyKey == "recipe:recipe/lemon")
164 |         try assertSpoonJSONRequest(

/Users/arimendelow/Projects/spoonjoy-apple/Tests/SpoonjoyCoreTests/SpoonCookLogSurfaceTests.swift:178:42: error: cannot infer contextual base in reference to member 'update'
176 |         )
177 |
178 |         let update = try viewModel.plan(.update(
    |                                          `- error: cannot infer contextual base in reference to member 'update'
179 |             spoonID: "spoon/owned",
180 |             note: nil,

/Users/arimendelow/Projects/spoonjoy-apple/Tests/SpoonjoyCoreTests/SpoonCookLogSurfaceTests.swift:180:19: error: 'nil' requires a contextual type
178 |         let update = try viewModel.plan(.update(
179 |             spoonID: "spoon/owned",
180 |             note: nil,
    |                   `- error: 'nil' requires a contextual type
181 |             nextTime: "Less salt.",
182 |             cookedAt: nil,

/Users/arimendelow/Projects/spoonjoy-apple/Tests/SpoonjoyCoreTests/SpoonCookLogSurfaceTests.swift:182:23: error: 'nil' requires a contextual type
180 |             note: nil,
181 |             nextTime: "Less salt.",
182 |             cookedAt: nil,
    |                       `- error: 'nil' requires a contextual type
183 |             photoURL: nil,
184 |             clientMutationID: "cm_update_note"

/Users/arimendelow/Projects/spoonjoy-apple/Tests/SpoonjoyCoreTests/SpoonCookLogSurfaceTests.swift:183:23: error: 'nil' requires a contextual type
181 |             nextTime: "Less salt.",
182 |             cookedAt: nil,
183 |             photoURL: nil,
    |                       `- error: 'nil' requires a contextual type
184 |             clientMutationID: "cm_update_note"
185 |         ))

/Users/arimendelow/Projects/spoonjoy-apple/Tests/SpoonjoyCoreTests/SpoonCookLogSurfaceTests.swift:200:42: error: cannot infer contextual base in reference to member 'delete'
198 |         #expect(try requireSpoonMutation(update.offlineFallbackMutation, "update fallback").queueableKind == .spoonUpdate)
199 |
200 |         let delete = try viewModel.plan(.delete(spoonID: "spoon/owned", clientMutationID: "cm_delete_spoon"))
    |                                          `- error: cannot infer contextual base in reference to member 'delete'
201 |         let deleteRequest = try spoonRemoteRequest(from: delete)
202 |         #expect(deleteRequest.method == .delete)

/Users/arimendelow/Projects/spoonjoy-apple/Tests/SpoonjoyCoreTests/SpoonCookLogSurfaceTests.swift:202:42: error: cannot infer contextual base in reference to member 'delete'
200 |         let delete = try viewModel.plan(.delete(spoonID: "spoon/owned", clientMutationID: "cm_delete_spoon"))
201 |         let deleteRequest = try spoonRemoteRequest(from: delete)
202 |         #expect(deleteRequest.method == .delete)
    |                                          `- error: cannot infer contextual base in reference to member 'delete'
203 |         #expect(deleteRequest.url.path == "/api/v1/recipes/recipe%2Flemon/spoons/spoon%2Fowned")
204 |         #expect(deleteRequest.headers["X-Client-Mutation-Id"] == "cm_delete_spoon")

/Users/arimendelow/Projects/spoonjoy-apple/Tests/SpoonjoyCoreTests/SpoonCookLogSurfaceTests.swift:211:25: error: cannot find 'SpoonCookLogViewModel' in scope
209 |     @Test("photo spoon actions plan multipart uploads and offline staged media")
210 |     func photoSpoonActionsPlanMultipartUploadsAndOfflineStagedMedia() throws {
211 |         let viewModel = SpoonCookLogViewModel(
    |                         `- error: cannot find 'SpoonCookLogViewModel' in scope
212 |             recipeID: "recipe/lemon",
213 |             data: SpoonCookLogData(spoons: []),

/Users/arimendelow/Projects/spoonjoy-apple/Tests/SpoonjoyCoreTests/SpoonCookLogSurfaceTests.swift:213:19: error: cannot find 'SpoonCookLogData' in scope
211 |         let viewModel = SpoonCookLogViewModel(
212 |             recipeID: "recipe/lemon",
213 |             data: SpoonCookLogData(spoons: []),
    |                   `- error: cannot find 'SpoonCookLogData' in scope
214 |             currentChefID: "chef_ari",
215 |             queuedMutations: [],

/Users/arimendelow/Projects/spoonjoy-apple/Tests/SpoonjoyCoreTests/SpoonCookLogSurfaceTests.swift:217:28: error: cannot infer contextual base in reference to member 'offline'
215 |             queuedMutations: [],
216 |             conflicts: [],
217 |             connectivity: .offline,
    |                            `- error: cannot infer contextual base in reference to member 'offline'
218 |             now: { Self.createdAt }
219 |         )

/Users/arimendelow/Projects/spoonjoy-apple/Tests/SpoonjoyCoreTests/SpoonCookLogSurfaceTests.swift:220:21: error: cannot find 'SpoonCookLogPhotoAttachment' in scope
218 |             now: { Self.createdAt }
219 |         )
220 |         let photo = SpoonCookLogPhotoAttachment(
    |                     `- error: cannot find 'SpoonCookLogPhotoAttachment' in scope
221 |             localStageID: "stage_spoon_photo",
222 |             fileName: "spoon.webp",

/Users/arimendelow/Projects/spoonjoy-apple/Tests/SpoonjoyCoreTests/SpoonCookLogSurfaceTests.swift:227:40: error: cannot infer contextual base in reference to member 'create'
225 |         )
226 |
227 |         let plan = try viewModel.plan(.create(
    |                                        `- error: cannot infer contextual base in reference to member 'create'
228 |             note: "Photo cook.",
229 |             nextTime: nil,

/Users/arimendelow/Projects/spoonjoy-apple/Tests/SpoonjoyCoreTests/SpoonCookLogSurfaceTests.swift:229:23: error: 'nil' requires a contextual type
227 |         let plan = try viewModel.plan(.create(
228 |             note: "Photo cook.",
229 |             nextTime: nil,
    |                       `- error: 'nil' requires a contextual type
230 |             cookedAt: nil,
231 |             photo: photo,

/Users/arimendelow/Projects/spoonjoy-apple/Tests/SpoonjoyCoreTests/SpoonCookLogSurfaceTests.swift:230:23: error: 'nil' requires a contextual type
228 |             note: "Photo cook.",
229 |             nextTime: nil,
230 |             cookedAt: nil,
    |                       `- error: 'nil' requires a contextual type
231 |             photo: photo,
232 |             photoURL: nil,

/Users/arimendelow/Projects/spoonjoy-apple/Tests/SpoonjoyCoreTests/SpoonCookLogSurfaceTests.swift:232:23: error: 'nil' requires a contextual type
230 |             cookedAt: nil,
231 |             photo: photo,
232 |             photoURL: nil,
    |                       `- error: 'nil' requires a contextual type
233 |             useAsRecipeCover: true,
234 |             clientMutationID: "cm_photo"

/Users/arimendelow/Projects/spoonjoy-apple/Tests/SpoonjoyCoreTests/SpoonCookLogSurfaceTests.swift:240:42: error: cannot infer contextual base in reference to member 'spoonCreatePhoto'
238 |         #expect(plan.offlineFallbackMutation == nil)
239 |         let queued = try requireSpoonMutation(plan.queuedMutation, "offline photo")
240 |         #expect(queued.queueableKind == .spoonCreatePhoto)
    |                                          `- error: cannot infer contextual base in reference to member 'spoonCreatePhoto'
241 |         let request = try spoonQueuedRequest(from: queued)
242 |         #expect(request.method == .post)

/Users/arimendelow/Projects/spoonjoy-apple/Tests/SpoonjoyCoreTests/SpoonCookLogSurfaceTests.swift:242:36: error: cannot infer contextual base in reference to member 'post'
240 |         #expect(queued.queueableKind == .spoonCreatePhoto)
241 |         let request = try spoonQueuedRequest(from: queued)
242 |         #expect(request.method == .post)
    |                                    `- error: cannot infer contextual base in reference to member 'post'
243 |         #expect(request.url.path == "/api/v1/recipes/recipe%2Flemon/spoons")
244 |         #expect(request.bodyString?.contains(#"name="photo"; filename="spoon.webp""#) == true)

/Users/arimendelow/Projects/spoonjoy-apple/Tests/SpoonjoyCoreTests/SpoonCookLogSurfaceTests.swift:251:25: error: cannot find 'SpoonCookLogViewModel' in scope
249 |     @Test("empty spoon create is blocked before reaching the API")
250 |     func emptySpoonCreateIsBlockedBeforeAPI() throws {
251 |         let viewModel = SpoonCookLogViewModel(
    |                         `- error: cannot find 'SpoonCookLogViewModel' in scope
252 |             recipeID: "recipe/lemon",
253 |             data: SpoonCookLogData(spoons: []),

/Users/arimendelow/Projects/spoonjoy-apple/Tests/SpoonjoyCoreTests/SpoonCookLogSurfaceTests.swift:253:19: error: cannot find 'SpoonCookLogData' in scope
251 |         let viewModel = SpoonCookLogViewModel(
252 |             recipeID: "recipe/lemon",
253 |             data: SpoonCookLogData(spoons: []),
    |                   `- error: cannot find 'SpoonCookLogData' in scope
254 |             currentChefID: "chef_ari",
255 |             queuedMutations: [],

/Users/arimendelow/Projects/spoonjoy-apple/Tests/SpoonjoyCoreTests/SpoonCookLogSurfaceTests.swift:257:28: error: cannot infer contextual base in reference to member 'online'
255 |             queuedMutations: [],
256 |             conflicts: [],
257 |             connectivity: .online,
    |                            `- error: cannot infer contextual base in reference to member 'online'
258 |             now: { Self.createdAt }
259 |         )

/Users/arimendelow/Projects/spoonjoy-apple/Tests/SpoonjoyCoreTests/SpoonCookLogSurfaceTests.swift:261:40: error: cannot infer contextual base in reference to member 'create'
259 |         )
260 |
261 |         let plan = try viewModel.plan(.create(
    |                                        `- error: cannot infer contextual base in reference to member 'create'
262 |             note: "   ",
263 |             nextTime: nil,

/Users/arimendelow/Projects/spoonjoy-apple/Tests/SpoonjoyCoreTests/SpoonCookLogSurfaceTests.swift:263:23: error: 'nil' requires a contextual type
261 |         let plan = try viewModel.plan(.create(
262 |             note: "   ",
263 |             nextTime: nil,
    |                       `- error: 'nil' requires a contextual type
264 |             cookedAt: nil,
265 |             photo: nil,

/Users/arimendelow/Projects/spoonjoy-apple/Tests/SpoonjoyCoreTests/SpoonCookLogSurfaceTests.swift:264:23: error: 'nil' requires a contextual type
262 |             note: "   ",
263 |             nextTime: nil,
264 |             cookedAt: nil,
    |                       `- error: 'nil' requires a contextual type
265 |             photo: nil,
266 |             photoURL: nil,

/Users/arimendelow/Projects/spoonjoy-apple/Tests/SpoonjoyCoreTests/SpoonCookLogSurfaceTests.swift:265:20: error: 'nil' requires a contextual type
263 |             nextTime: nil,
264 |             cookedAt: nil,
265 |             photo: nil,
    |                    `- error: 'nil' requires a contextual type
266 |             photoURL: nil,
267 |             useAsRecipeCover: false,

/Users/arimendelow/Projects/spoonjoy-apple/Tests/SpoonjoyCoreTests/SpoonCookLogSurfaceTests.swift:266:23: error: 'nil' requires a contextual type
264 |             cookedAt: nil,
265 |             photo: nil,
266 |             photoURL: nil,
    |                       `- error: 'nil' requires a contextual type
267 |             useAsRecipeCover: false,
268 |             clientMutationID: "cm_empty"

/Users/arimendelow/Projects/spoonjoy-apple/Tests/SpoonjoyCoreTests/SpoonCookLogSurfaceTests.swift:279:32: error: 'readRepoFile' is inaccessible due to 'private' protection level
277 |     @Test("recipe detail wires the native spoon cook-log surface")
278 |     func recipeDetailWiresNativeSpoonCookLogSurface() throws {
279 |         let detailSource = try readRepoFile("Apps/Spoonjoy/Shared/Views/RecipeDetailView.swift")
    |                                `- error: 'readRepoFile' is inaccessible due to 'private' protection level
280 |         let spoonSource = try readRepoFile("Apps/Spoonjoy/Shared/Views/SpoonCookLogView.swift")
281 |         let navigationSource = try readRepoFile("Apps/Spoonjoy/Shared/AppShell/PlatformNavigationView.swift")

/Users/arimendelow/Projects/spoonjoy-apple/Tests/SpoonjoyCoreTests/NativeAuthSessionTests.swift:683:14: note: 'readRepoFile' declared here
 681 | }
 682 |
 683 | private func readRepoFile(_ relativePath: String) throws -> String {
     |              `- note: 'readRepoFile' declared here
 684 |     let url = repoRoot().appendingPathComponent(relativePath)
 685 |     guard FileManager.default.fileExists(atPath: url.path) else {

/Users/arimendelow/Projects/spoonjoy-apple/Tests/SpoonjoyCoreTests/NativeCacheFreshnessTests.swift:643:14: note: 'readRepoFile' declared here
 641 | }
 642 |
 643 | private func readRepoFile(_ relativePath: String) throws -> String {
     |              `- note: 'readRepoFile' declared here
 644 |     let url = repoRoot().appendingPathComponent(relativePath)
 645 |     guard FileManager.default.fileExists(atPath: url.path) else {

/Users/arimendelow/Projects/spoonjoy-apple/Tests/SpoonjoyCoreTests/NativeLiveStoreTests.swift:3033:14: note: 'readRepoFile' declared here
3031 | }
3032 |
3033 | private func readRepoFile(_ relativePath: String) throws -> String {
     |              `- note: 'readRepoFile' declared here
3034 |     let url = repoRootURL().appendingPathComponent(relativePath)
3035 |     guard FileManager.default.fileExists(atPath: url.path) else {

/Users/arimendelow/Projects/spoonjoy-apple/Tests/SpoonjoyCoreTests/RecipeActionParityTests.swift:425:14: note: 'readRepoFile' declared here
423 | }
424 |
425 | private func readRepoFile(_ relativePath: String) throws -> String {
    |              `- note: 'readRepoFile' declared here
426 |     let url = repoRootURL().appendingPathComponent(relativePath)
427 |     return try String(contentsOf: url, encoding: .utf8)

/Users/arimendelow/Projects/spoonjoy-apple/Tests/SpoonjoyCoreTests/RecipeCatalogDetailTests.swift:794:14: note: 'readRepoFile' declared here
792 | private let repoURL = URL(fileURLWithPath: FileManager.default.currentDirectoryPath)
793 |
794 | private func readRepoFile(_ relativePath: String) throws -> String {
    |              `- note: 'readRepoFile' declared here
795 |     try String(contentsOf: repoURL.appendingPathComponent(relativePath), encoding: .utf8)
796 | }

/Users/arimendelow/Projects/spoonjoy-apple/Tests/SpoonjoyCoreTests/SpoonCookLogSurfaceTests.swift:280:31: error: 'readRepoFile' is inaccessible due to 'private' protection level
278 |     func recipeDetailWiresNativeSpoonCookLogSurface() throws {
279 |         let detailSource = try readRepoFile("Apps/Spoonjoy/Shared/Views/RecipeDetailView.swift")
280 |         let spoonSource = try readRepoFile("Apps/Spoonjoy/Shared/Views/SpoonCookLogView.swift")
    |                               `- error: 'readRepoFile' is inaccessible due to 'private' protection level
281 |         let navigationSource = try readRepoFile("Apps/Spoonjoy/Shared/AppShell/PlatformNavigationView.swift")
282 |

/Users/arimendelow/Projects/spoonjoy-apple/Tests/SpoonjoyCoreTests/NativeAuthSessionTests.swift:683:14: note: 'readRepoFile' declared here
 681 | }
 682 |
 683 | private func readRepoFile(_ relativePath: String) throws -> String {
     |              `- note: 'readRepoFile' declared here
 684 |     let url = repoRoot().appendingPathComponent(relativePath)
 685 |     guard FileManager.default.fileExists(atPath: url.path) else {

/Users/arimendelow/Projects/spoonjoy-apple/Tests/SpoonjoyCoreTests/NativeCacheFreshnessTests.swift:643:14: note: 'readRepoFile' declared here
 641 | }
 642 |
 643 | private func readRepoFile(_ relativePath: String) throws -> String {
     |              `- note: 'readRepoFile' declared here
 644 |     let url = repoRoot().appendingPathComponent(relativePath)
 645 |     guard FileManager.default.fileExists(atPath: url.path) else {

/Users/arimendelow/Projects/spoonjoy-apple/Tests/SpoonjoyCoreTests/NativeLiveStoreTests.swift:3033:14: note: 'readRepoFile' declared here
3031 | }
3032 |
3033 | private func readRepoFile(_ relativePath: String) throws -> String {
     |              `- note: 'readRepoFile' declared here
3034 |     let url = repoRootURL().appendingPathComponent(relativePath)
3035 |     guard FileManager.default.fileExists(atPath: url.path) else {

/Users/arimendelow/Projects/spoonjoy-apple/Tests/SpoonjoyCoreTests/RecipeActionParityTests.swift:425:14: note: 'readRepoFile' declared here
423 | }
424 |
425 | private func readRepoFile(_ relativePath: String) throws -> String {
    |              `- note: 'readRepoFile' declared here
426 |     let url = repoRootURL().appendingPathComponent(relativePath)
427 |     return try String(contentsOf: url, encoding: .utf8)

/Users/arimendelow/Projects/spoonjoy-apple/Tests/SpoonjoyCoreTests/RecipeCatalogDetailTests.swift:794:14: note: 'readRepoFile' declared here
792 | private let repoURL = URL(fileURLWithPath: FileManager.default.currentDirectoryPath)
793 |
794 | private func readRepoFile(_ relativePath: String) throws -> String {
    |              `- note: 'readRepoFile' declared here
795 |     try String(contentsOf: repoURL.appendingPathComponent(relativePath), encoding: .utf8)
796 | }

/Users/arimendelow/Projects/spoonjoy-apple/Tests/SpoonjoyCoreTests/SpoonCookLogSurfaceTests.swift:281:36: error: 'readRepoFile' is inaccessible due to 'private' protection level
279 |         let detailSource = try readRepoFile("Apps/Spoonjoy/Shared/Views/RecipeDetailView.swift")
280 |         let spoonSource = try readRepoFile("Apps/Spoonjoy/Shared/Views/SpoonCookLogView.swift")
281 |         let navigationSource = try readRepoFile("Apps/Spoonjoy/Shared/AppShell/PlatformNavigationView.swift")
    |                                    `- error: 'readRepoFile' is inaccessible due to 'private' protection level
282 |
283 |         #expect(detailSource.contains("SpoonCookLogView("))

/Users/arimendelow/Projects/spoonjoy-apple/Tests/SpoonjoyCoreTests/NativeAuthSessionTests.swift:683:14: note: 'readRepoFile' declared here
 681 | }
 682 |
 683 | private func readRepoFile(_ relativePath: String) throws -> String {
     |              `- note: 'readRepoFile' declared here
 684 |     let url = repoRoot().appendingPathComponent(relativePath)
 685 |     guard FileManager.default.fileExists(atPath: url.path) else {

/Users/arimendelow/Projects/spoonjoy-apple/Tests/SpoonjoyCoreTests/NativeCacheFreshnessTests.swift:643:14: note: 'readRepoFile' declared here
 641 | }
 642 |
 643 | private func readRepoFile(_ relativePath: String) throws -> String {
     |              `- note: 'readRepoFile' declared here
 644 |     let url = repoRoot().appendingPathComponent(relativePath)
 645 |     guard FileManager.default.fileExists(atPath: url.path) else {

/Users/arimendelow/Projects/spoonjoy-apple/Tests/SpoonjoyCoreTests/NativeLiveStoreTests.swift:3033:14: note: 'readRepoFile' declared here
3031 | }
3032 |
3033 | private func readRepoFile(_ relativePath: String) throws -> String {
     |              `- note: 'readRepoFile' declared here
3034 |     let url = repoRootURL().appendingPathComponent(relativePath)
3035 |     guard FileManager.default.fileExists(atPath: url.path) else {

/Users/arimendelow/Projects/spoonjoy-apple/Tests/SpoonjoyCoreTests/RecipeActionParityTests.swift:425:14: note: 'readRepoFile' declared here
423 | }
424 |
425 | private func readRepoFile(_ relativePath: String) throws -> String {
    |              `- note: 'readRepoFile' declared here
426 |     let url = repoRootURL().appendingPathComponent(relativePath)
427 |     return try String(contentsOf: url, encoding: .utf8)

/Users/arimendelow/Projects/spoonjoy-apple/Tests/SpoonjoyCoreTests/RecipeCatalogDetailTests.swift:794:14: note: 'readRepoFile' declared here
792 | private let repoURL = URL(fileURLWithPath: FileManager.default.currentDirectoryPath)
793 |
794 | private func readRepoFile(_ relativePath: String) throws -> String {
    |              `- note: 'readRepoFile' declared here
795 |     try String(contentsOf: repoURL.appendingPathComponent(relativePath), encoding: .utf8)
796 | }

/Users/arimendelow/Projects/spoonjoy-apple/Tests/SpoonjoyCoreTests/SpoonCookLogSurfaceTests.swift:331:28: error: cannot find 'SpoonCookLogListData' in scope
329 |     ) async throws -> APIEnvelope<Value> {
330 |         requests.append(try request.urlRequest(configuration: configuration))
331 |         guard valueType == SpoonCookLogListData.self else {
    |                            `- error: cannot find 'SpoonCookLogListData' in scope
332 |             throw SpoonCookLogSurfaceTestFailure("Unexpected value type \(valueType).")
333 |         }
[61/80] Compiling SpoonjoyCoreTests TokenRefreshTests.swift
[62/80] Compiling SpoonjoyCoreTests DeepLinkRouterTests.swift
[63/80] Compiling SpoonjoyCoreTests KitchenStateTests.swift
[64/80] Compiling SpoonjoyCoreTests NativeAPIExpansionTests.swift
[65/80] Compiling SpoonjoyCoreTests NativeAuthSessionTests.swift
[66/80] Compiling SpoonjoyCoreTests RecipeCookbookTests.swift
[67/80] Compiling SpoonjoyCoreTests RecipeEditorParityTests.swift
[68/80] Compiling SpoonjoyCoreTests RecipeActionParityTests.swift
[69/80] Compiling SpoonjoyCoreTests RecipeCatalogDetailTests.swift
[70/80] Compiling SpoonjoyCoreTests APITransportTests.swift
[71/80] Compiling SpoonjoyCoreTests AppStateTests.swift
[72/80] Compiling SpoonjoyCoreTests NativeCacheFreshnessTests.swift
[73/80] Compiling SpoonjoyCoreTests NativeLiveStoreTests.swift
error: emit-module command failed with exit code 1 (use -v to see invocation)
[74/80] Compiling SpoonjoyCoreTests CookModeParityTests.swift
[75/80] Compiling SpoonjoyCoreTests CoverControlSurfaceTests.swift
[76/80] Compiling SpoonjoyCoreTests NativeScenarioTests.swift
[77/80] Compiling SpoonjoyCoreTests NativeSyncEngineTests.swift
[78/80] Emitting module SpoonjoyCoreTests
/Users/arimendelow/Projects/spoonjoy-apple/Tests/SpoonjoyCoreTests/SpoonCookLogSurfaceTests.swift:318:39: error: cannot find type 'SpoonCookLogListData' in scope
316 |
317 | private final class RecordingSpoonCookLogAPITransport: SpoonjoyAPITransport, @unchecked Sendable {
318 |     private let envelope: APIEnvelope<SpoonCookLogListData>
    |                                       `- error: cannot find type 'SpoonCookLogListData' in scope
319 |     private(set) var requests: [APIRequest] = []
320 |

/Users/arimendelow/Projects/spoonjoy-apple/Tests/SpoonjoyCoreTests/SpoonCookLogSurfaceTests.swift:321:32: error: cannot find type 'SpoonCookLogListData' in scope
319 |     private(set) var requests: [APIRequest] = []
320 |
321 |     init(envelope: APIEnvelope<SpoonCookLogListData>) {
    |                                `- error: cannot find type 'SpoonCookLogListData' in scope
322 |         self.envelope = envelope
323 |     }

/Users/arimendelow/Projects/spoonjoy-apple/Tests/SpoonjoyCoreTests/SpoonCookLogSurfaceTests.swift:338:44: error: cannot find type 'SpoonCookLogMutationPlan' in scope
336 | }
337 |
338 | private func spoonRemoteRequest(from plan: SpoonCookLogMutationPlan) throws -> APIRequest {
    |                                            `- error: cannot find type 'SpoonCookLogMutationPlan' in scope
339 |     guard let builder = plan.remoteRequestBuilder else {
340 |         throw SpoonCookLogSurfaceTestFailure("Expected an online spoon action to provide a remote request builder.")
error: fatalError
