FAIL: Apps/Spoonjoy/Shared/Native/SpoonjoyAppIntents.swift missing struct OpenCookbookIntent: AppIntent
Apps/Spoonjoy/Shared/Native/SpoonjoyAppIntents.swift missing struct OpenProfileIntent: AppIntent
Apps/Spoonjoy/Shared/Native/SpoonjoyAppIntents.swift missing struct SearchSpoonjoyIntent: AppIntent
Apps/Spoonjoy/Shared/Native/SpoonjoyAppIntents.swift missing struct ShareRecipeIntent: AppIntent
Apps/Spoonjoy/Shared/Native/SpoonjoyAppIntents.swift missing struct ShareCookbookIntent: AppIntent
Apps/Spoonjoy/Shared/Native/SpoonjoyAppIntents.swift missing struct ShareShoppingListIntent: AppIntent
Apps/Spoonjoy/Shared/Native/SpoonjoyAppIntents.swift missing struct ContinueCookModeIntent: AppIntent
Apps/Spoonjoy/Shared/Native/SpoonjoyAppIntents.swift missing enum SpoonjoySearchScopeOption: String, AppEnum
Apps/Spoonjoy/Shared/Native/SpoonjoyAppIntents.swift missing var cookbook: SpoonjoyCookbookEntity
Apps/Spoonjoy/Shared/Native/SpoonjoyAppIntents.swift missing var profile: SpoonjoyChefProfileEntity
Apps/Spoonjoy/Shared/Native/SpoonjoyAppIntents.swift missing var shoppingList: SpoonjoyShoppingListEntity
Apps/Spoonjoy/Shared/Native/SpoonjoyAppIntents.swift missing var scope: SpoonjoySearchScopeOption
Apps/Spoonjoy/Shared/Native/SpoonjoyAppIntents.swift missing SearchScope.all
Apps/Spoonjoy/Shared/Native/SpoonjoyAppIntents.swift missing SearchScope.recipes
Apps/Spoonjoy/Shared/Native/SpoonjoyAppIntents.swift missing SearchScope.cookbooks
Apps/Spoonjoy/Shared/Native/SpoonjoyAppIntents.swift missing SearchScope.chefs
Apps/Spoonjoy/Shared/Native/SpoonjoyAppIntents.swift missing SearchScope.shoppingList
Apps/Spoonjoy/Shared/Native/SpoonjoyAppIntents.swift missing NativeSharePayload
Apps/Spoonjoy/Shared/Native/SpoonjoyAppIntents.swift missing case .privateTransfer
Apps/Spoonjoy/Shared/Native/SpoonjoyAppIntents.swift missing OpenCookbookIntent()
Apps/Spoonjoy/Shared/Native/SpoonjoyAppIntents.swift missing OpenProfileIntent()
Apps/Spoonjoy/Shared/Native/SpoonjoyAppIntents.swift missing SearchSpoonjoyIntent()
Apps/Spoonjoy/Shared/Native/SpoonjoyAppIntents.swift missing ShareRecipeIntent()
Apps/Spoonjoy/Shared/Native/SpoonjoyAppIntents.swift missing ShareCookbookIntent()
Apps/Spoonjoy/Shared/Native/SpoonjoyAppIntents.swift missing ShareShoppingListIntent()
Apps/Spoonjoy/Shared/Native/SpoonjoyAppIntents.swift missing ContinueCookModeIntent()
Apps/Spoonjoy/Shared/Native/SpoonjoyAppIntents.swift OpenRecipeIntent missing NativeIntentActionResolver().openRecipe(recipe: recipe.descriptor)
Apps/Spoonjoy/Shared/Native/SpoonjoyAppIntents.swift OpenRecipeIntent contains forbidden try recipe.resolvedRecipeID()
Apps/Spoonjoy/Shared/Native/SpoonjoyAppIntents.swift OpenRecipeIntent contains forbidden openRecipe(recipeID:
Apps/Spoonjoy/Shared/Native/SpoonjoyAppIntents.swift missing body for OpenCookbookIntent
Apps/Spoonjoy/Shared/Native/SpoonjoyAppIntents.swift missing body for OpenCookbookIntent
Apps/Spoonjoy/Shared/Native/SpoonjoyAppIntents.swift missing body for OpenProfileIntent
Apps/Spoonjoy/Shared/Native/SpoonjoyAppIntents.swift missing body for OpenProfileIntent
Apps/Spoonjoy/Shared/Native/SpoonjoyAppIntents.swift missing body for SearchSpoonjoyIntent
Apps/Spoonjoy/Shared/Native/SpoonjoyAppIntents.swift missing body for SearchSpoonjoyIntent
Apps/Spoonjoy/Shared/Native/SpoonjoyAppIntents.swift missing body for ShareRecipeIntent
Apps/Spoonjoy/Shared/Native/SpoonjoyAppIntents.swift missing body for ShareRecipeIntent
Apps/Spoonjoy/Shared/Native/SpoonjoyAppIntents.swift missing body for ShareCookbookIntent
Apps/Spoonjoy/Shared/Native/SpoonjoyAppIntents.swift missing body for ShareCookbookIntent
Apps/Spoonjoy/Shared/Native/SpoonjoyAppIntents.swift missing body for ShareShoppingListIntent
Apps/Spoonjoy/Shared/Native/SpoonjoyAppIntents.swift missing body for ShareShoppingListIntent
Apps/Spoonjoy/Shared/Native/SpoonjoyAppIntents.swift StartCookModeIntent missing NativeIntentActionResolver().startCookMode(recipe: recipe.descriptor)
Apps/Spoonjoy/Shared/Native/SpoonjoyAppIntents.swift StartCookModeIntent contains forbidden try recipe.resolvedRecipeID()
Apps/Spoonjoy/Shared/Native/SpoonjoyAppIntents.swift StartCookModeIntent contains forbidden startCookMode(recipeID:
Apps/Spoonjoy/Shared/Native/SpoonjoyAppIntents.swift missing body for ContinueCookModeIntent
Apps/Spoonjoy/Shared/Native/SpoonjoyAppIntents.swift missing body for ContinueCookModeIntent
Sources/SpoonjoyCore/Native/NativeIntentAction.swift missing NativeIntentShareValue
Sources/SpoonjoyCore/Native/NativeIntentAction.swift missing public func openRecipe(recipe: RecipeEntityDescriptor)
Sources/SpoonjoyCore/Native/NativeIntentAction.swift missing public func openCookbook(cookbook: CookbookEntityDescriptor)
Sources/SpoonjoyCore/Native/NativeIntentAction.swift missing public func openProfile(profile: ChefProfileEntityDescriptor)
Sources/SpoonjoyCore/Native/NativeIntentAction.swift missing public func searchSpoonjoy(query: String, scope: SearchScope)
Sources/SpoonjoyCore/Native/NativeIntentAction.swift missing public func shareRecipe(recipe: RecipeEntityDescriptor)
Sources/SpoonjoyCore/Native/NativeIntentAction.swift missing public func shareCookbook(cookbook: CookbookEntityDescriptor)
Sources/SpoonjoyCore/Native/NativeIntentAction.swift missing public func shareShoppingList(shoppingList: ShoppingListEntityDescriptor)
Sources/SpoonjoyCore/Native/NativeIntentAction.swift missing public func startCookMode(recipe: RecipeEntityDescriptor)
Sources/SpoonjoyCore/Native/NativeIntentAction.swift missing public func continueCookMode(recipe: RecipeEntityDescriptor)
Sources/SpoonjoyCore/Native/NativeIntentAction.swift missing NativeSharePayloadKind.publicURL
Sources/SpoonjoyCore/Native/NativeIntentAction.swift missing NativeSharePayloadKind.privateTransfer
Sources/SpoonjoyCore/Native/NativeIntentAction.swift missing privateTransferValue
Sources/SpoonjoyCore/Native/NativeIntentAction.swift missing DeepLinkURLBuilder.url(for:
Sources/SpoonjoyCore/Native/NativeIntentAction.swift missing body for shareShoppingList
Sources/SpoonjoyCore/Native/NativeIntentAction.swift missing body for shareShoppingList
Sources/SpoonjoyCore/Native/NativeCapabilityMetadata.swift missing OpenCookbookIntent
Sources/SpoonjoyCore/Native/NativeCapabilityMetadata.swift missing OpenProfileIntent
Sources/SpoonjoyCore/Native/NativeCapabilityMetadata.swift missing SearchSpoonjoyIntent
Sources/SpoonjoyCore/Native/NativeCapabilityMetadata.swift missing ShareRecipeIntent
Sources/SpoonjoyCore/Native/NativeCapabilityMetadata.swift missing ShareCookbookIntent
Sources/SpoonjoyCore/Native/NativeCapabilityMetadata.swift missing ShareShoppingListIntent
Sources/SpoonjoyCore/Native/NativeCapabilityMetadata.swift missing ContinueCookModeIntent
Sources/SpoonjoyCore/Native/NativeCapabilityMetadata.swift missing native-shopping-list-transfer
Sources/SpoonjoyCore/Native/ScenarioVerifier.swift missing Open/search/share/cook Siri intents
Sources/SpoonjoyCore/Native/ScenarioVerifier.swift missing OpenCookbookIntent
Sources/SpoonjoyCore/Native/ScenarioVerifier.swift missing OpenProfileIntent
Sources/SpoonjoyCore/Native/ScenarioVerifier.swift missing SearchSpoonjoyIntent
Sources/SpoonjoyCore/Native/ScenarioVerifier.swift missing ShareRecipeIntent
Sources/SpoonjoyCore/Native/ScenarioVerifier.swift missing ShareCookbookIntent
Sources/SpoonjoyCore/Native/ScenarioVerifier.swift missing ShareShoppingListIntent
Sources/SpoonjoyCore/Native/ScenarioVerifier.swift missing ContinueCookModeIntent
expected red status: 1
