Building for debugging...
[0/4] Write swift-version--58304C5D6DBC2206.txt
Build complete! (0.13s)
◇ Test run started.
↳ Testing Library Version: 1902
↳ Target Platform: arm64e-apple-macos14.0
◇ Suite "Native settings profile tokens and connections parity" started.
◇ Test "snapshot settings restore covers legacy notifications and sparse token connection metadata" started.
◇ Test "live and snapshot repositories read the same account settings API surface" started.
◇ Test "tokens connections logout and credential handoffs are online-only while offline" started.
◇ Test "settings surface exposes signed-in account state, signed-out handoff, tokens, connections, and conflicts" started.
◇ Test "account settings decoder accepts legacy passkeys without created timestamps" started.
◇ Test "profile and notification actions plan exact REST requests with offline queue fallbacks" started.
◇ Test "settings action planner fails closed when offline policy mappings regress" started.
◇ Test "URLSession settings transport builds exact requests and decodes every settings response" started.
◇ Test "settings UI and scenario verifier expose native sections instead of web handoff placeholders" started.
◇ Test "settings response decoders accept current legacy and empty token connection shapes" started.
◇ Test "settings view model covers queued offline signed-in empty and fresh cache states" started.
◇ Test "profile photo staging follows web allowlist and preserves existing draft on rejected replacement" started.
✔ Test "snapshot settings restore covers legacy notifications and sparse token connection metadata" passed after 0.001 seconds.
✔ Test "account settings decoder accepts legacy passkeys without created timestamps" passed after 0.001 seconds.
✔ Test "URLSession settings transport builds exact requests and decodes every settings response" passed after 0.001 seconds.
✔ Test "profile photo staging follows web allowlist and preserves existing draft on rejected replacement" passed after 0.001 seconds.
✔ Test "live and snapshot repositories read the same account settings API surface" passed after 0.001 seconds.
✔ Test "settings response decoders accept current legacy and empty token connection shapes" passed after 0.001 seconds.
✔ Test "settings surface exposes signed-in account state, signed-out handoff, tokens, connections, and conflicts" passed after 0.001 seconds.
✔ Test "tokens connections logout and credential handoffs are online-only while offline" passed after 0.006 seconds.
✔ Test "settings view model covers queued offline signed-in empty and fresh cache states" passed after 0.006 seconds.
✔ Test "settings action planner fails closed when offline policy mappings regress" passed after 0.006 seconds.
✔ Test "profile and notification actions plan exact REST requests with offline queue fallbacks" passed after 0.006 seconds.
✔ Test "settings UI and scenario verifier expose native sections instead of web handoff placeholders" passed after 0.024 seconds.
✔ Suite "Native settings profile tokens and connections parity" passed after 0.024 seconds.
✔ Test run with 12 tests in 1 suite passed after 0.024 seconds.
