[0/1] Planning build
Building for debugging...
[0/7] Write sources
[1/7] Write swift-version--58304C5D6DBC2206.txt
[3/60] Compiling SpoonjoyCore ScenarioReport.swift
[4/60] Compiling SpoonjoyCore ScenarioVerifier.swift
[5/60] Compiling SpoonjoyCore SpotlightIndexPlan.swift
[6/60] Compiling SpoonjoyCore JSONFileStore.swift
[7/60] Compiling SpoonjoyCore MutationQueue.swift
[8/65] Compiling SpoonjoyCore NativeMediaStagingPolicy.swift
[9/65] Compiling SpoonjoyCore OfflineFreshnessIndicator.swift
[10/65] Compiling SpoonjoyCore CaptureDraft.swift
[11/65] Compiling SpoonjoyCore CookModeProgress.swift
[12/65] Compiling SpoonjoyCore KitchenFixtureState.swift
[13/65] Compiling SpoonjoyCore SettingsState.swift
[14/65] Compiling SpoonjoyCore ShoppingListState.swift
[15/65] Compiling SpoonjoyCore DeepLinkManifest.swift
[16/65] Compiling SpoonjoyCore NativeCapabilityMetadata.swift
[17/65] Compiling SpoonjoyCore NativeIntentAction.swift
[18/65] Compiling SpoonjoyCore ScenarioCommand.swift
[19/65] Compiling SpoonjoyCore APIClient.swift
[20/65] Compiling SpoonjoyCore APIEnvelope.swift
[21/65] Compiling SpoonjoyCore APIError.swift
[22/65] Compiling SpoonjoyCore APIRequestBuilder.swift
[23/65] Compiling SpoonjoyCore APIRequestSupport.swift
[24/65] Compiling SpoonjoyCore APIRetryPolicy.swift
[25/65] Compiling SpoonjoyCore OAuthPKCE.swift
[26/65] Compiling SpoonjoyCore OAuthRedirectValidator.swift
[27/65] Compiling SpoonjoyCore OAuthRequests.swift
[28/65] Compiling SpoonjoyCore OAuthResponses.swift
[29/65] Compiling SpoonjoyCore RefreshCoordinator.swift
[30/65] Compiling SpoonjoyCore SecureAuthWebHandoff.swift
[31/65] Compiling SpoonjoyCore APITransport.swift
[32/65] Compiling SpoonjoyCore JSONValue.swift
[33/65] Compiling SpoonjoyCore NativeAPIRequests.swift
[34/65] Compiling SpoonjoyCore PaginationCursor.swift
[35/65] Compiling SpoonjoyCore PublicCatalogRequests.swift
[36/65] Compiling SpoonjoyCore ShoppingListAPI.swift
[37/65] Compiling SpoonjoyCore ShoppingListRequests.swift
[38/65] Compiling SpoonjoyCore AppNavigationState.swift
[39/65] Compiling SpoonjoyCore AppRoute.swift
[40/65] Compiling SpoonjoyCore DeepLinkRouter.swift
[41/65] Compiling SpoonjoyCore DeepLinkURLBuilder.swift
[42/65] Compiling SpoonjoyCore NativeAppSnapshot.swift
[43/65] Compiling SpoonjoyCore TokenVault.swift
[44/65] Compiling SpoonjoyCore NativeCacheFreshnessPolicy.swift
[45/65] Compiling SpoonjoyCore NativeCachePrefetchPolicy.swift
[46/65] Compiling SpoonjoyCore NativeDurableCache.swift
[47/65] Compiling SpoonjoyCore NativeDurableCacheStore.swift
[48/65] Compiling SpoonjoyCore NativeIndicatorDismissalStore.swift
[49/65] Compiling SpoonjoyCore ScreenViewModels.swift
[50/65] Compiling SpoonjoyCore SearchState.swift
[51/65] Compiling SpoonjoyCore AuthSessionState.swift
[52/65] Compiling SpoonjoyCore InMemoryTokenVault.swift
[53/65] Compiling SpoonjoyCore NativeAuthSession.swift
[54/65] Compiling SpoonjoyCore NativeAuthSessionRepository.swift
[55/65] Emitting module SpoonjoyCore
[56/65] Compiling SpoonjoyCore OfflineSnapshot.swift
[57/65] Compiling SpoonjoyCore SyncCheckpoint.swift
[58/65] Compiling SpoonjoyCore RecipeCookbook.swift
[59/65] Compiling SpoonjoyCore SpoonjoyCore.swift
[60/65] Compiling SpoonjoyCore resource_bundle_accessor.swift
[61/83] Compiling SpoonjoyScenarioVerifier main.swift
[62/83] Emitting module SpoonjoyScenarioVerifier
[63/83] Compiling SpoonjoyScenarioVerifier ScenarioProcessMain.swift
[63/83] Write Objects.LinkFileList
[64/83] Linking SpoonjoyScenarioVerifier
[65/83] Applying SpoonjoyScenarioVerifier
[67/83] Compiling SpoonjoyCoreTests SpoonjoyCoreBootstrapTests.swift
[68/84] Compiling SpoonjoyCoreTests ShoppingAPIClientTests.swift
[69/84] Compiling SpoonjoyCoreTests TokenRefreshTests.swift
[70/84] Compiling SpoonjoyCoreTests OfflineStoreTests.swift
[71/84] Compiling SpoonjoyCoreTests RecipeCookbookTests.swift
[72/84] Compiling SpoonjoyCoreTests KitchenStateTests.swift
[73/84] Compiling SpoonjoyCoreTests NativeAPIExpansionTests.swift
[74/84] Compiling SpoonjoyCoreTests NativeAuthSessionTests.swift
[75/84] Compiling SpoonjoyCoreTests NativeCacheFreshnessTests.swift
[76/84] Compiling SpoonjoyCoreTests AppStateTests.swift
[77/84] Compiling SpoonjoyCoreTests DeepLinkRouterTests.swift
[78/84] Compiling SpoonjoyCoreTests APIReadClientTests.swift
[79/84] Compiling SpoonjoyCoreTests APITransportTests.swift
[80/84] Compiling SpoonjoyCoreTests NativeScenarioTests.swift
[81/84] Compiling SpoonjoyCoreTests OAuthRequestTests.swift
[82/84] Emitting module SpoonjoyCoreTests
[83/86] Emitting module SpoonjoyApplePackageTests
[84/86] Compiling SpoonjoyApplePackageTests runner.swift
[84/86] Write Objects.LinkFileList
[85/86] Linking SpoonjoyApplePackageTests
Build complete! (6.14s)
◇ Test run started.
↳ Testing Library Version: 1902
↳ Target Platform: arm64e-apple-macos14.0
◇ Suite "Native auth session contract" started.
◇ Test "native auth implementation is covered in process" started.
◇ Test "xcodebuild blocker wrapper classifies only local pre-parse platform faults" started.
◇ Test "auth files are wired into generated app targets and signed out flow" started.
◇ Test "Keychain token vault stores auth material outside general cache" started.
◇ Test "web authentication adapter is executable with injected session factory" started.
◇ Test "secure web handoff URLs are exact and separate from native OAuth redirects" started.
◇ Test "local validation matrix delegates xcodebuild classification to wrapper" started.
◇ Test "OAuth callback contract uses universal links and rejects custom schemes" started.
◇ Test "ASWebAuthenticationSession adapter launches exact HTTPS callback route" started.
◇ Test "native auth repository behavior persists client id rotates refresh tokens revokes and restores state" started.
◇ Test "native auth session source defines launch callback and restoration contract" started.
◇ Test "refresh rotation revoke logout and restoration persist through native repository" started.
◇ Test "xcodebuild blocker wrapper behavior is executable with fake xcodebuild" started.
◇ Test "app bundle declares associated domains without treating custom scheme as OAuth redirect" started.
◇ Test "local validation matrix executes xcodebuild wrapper for app bundle rows" started.
✔ Test "secure web handoff URLs are exact and separate from native OAuth redirects" passed after 0.001 seconds.
✔ Test "ASWebAuthenticationSession adapter launches exact HTTPS callback route" passed after 0.001 seconds.
✔ Test "OAuth callback contract uses universal links and rejects custom schemes" passed after 0.001 seconds.
✔ Test "native auth session source defines launch callback and restoration contract" passed after 0.001 seconds.
✔ Test "xcodebuild blocker wrapper classifies only local pre-parse platform faults" passed after 0.001 seconds.
✔ Test "Keychain token vault stores auth material outside general cache" passed after 0.001 seconds.
✔ Test "native auth implementation is covered in process" passed after 0.001 seconds.
✔ Test "local validation matrix delegates xcodebuild classification to wrapper" passed after 0.001 seconds.
✔ Test "app bundle declares associated domains without treating custom scheme as OAuth redirect" passed after 0.001 seconds.
✔ Test "refresh rotation revoke logout and restoration persist through native repository" passed after 0.002 seconds.
✔ Test "auth files are wired into generated app targets and signed out flow" passed after 0.376 seconds.
✔ Test "xcodebuild blocker wrapper behavior is executable with fake xcodebuild" passed after 0.697 seconds.
✔ Test "local validation matrix executes xcodebuild wrapper for app bundle rows" passed after 8.050 seconds.
✔ Test "native auth repository behavior persists client id rotates refresh tokens revokes and restores state" passed after 10.408 seconds.
✔ Test "web authentication adapter is executable with injected session factory" passed after 13.273 seconds.
✔ Suite "Native auth session contract" passed after 13.273 seconds.
✔ Test run with 15 tests in 1 suite passed after 13.273 seconds.
