[0/1] Planning build
Building for debugging...
[0/5] Write sources
[1/5] Write swift-version--58304C5D6DBC2206.txt
[3/5] Emitting module SpoonjoyCoreTests
[4/5] Compiling SpoonjoyCoreTests CookbookIntentTests.swift
[4/6] Write Objects.LinkFileList
[5/6] Linking SpoonjoyApplePackageTests
Build complete! (5.28s)
◇ Test run started.
↳ Testing Library Version: 1902
↳ Target Platform: arm64e-apple-macos14.0
◇ Suite "Cookbook Siri intent contracts" started.
◇ Test "cookbook intent resolver queues exact owner-safe REST mutations" started.
◇ Test "cookbook Siri intents require entity-backed owner-safe cookbook actions" started.
◇ Test "cookbook intent resolver rejects unresolved unsafe empty and non-owner mutations" started.
✔ Test "cookbook intent resolver rejects unresolved unsafe empty and non-owner mutations" passed after 0.001 seconds.
✔ Test "cookbook intent resolver queues exact owner-safe REST mutations" passed after 0.006 seconds.
✔ Test "cookbook Siri intents require entity-backed owner-safe cookbook actions" passed after 0.132 seconds.
✔ Suite "Cookbook Siri intent contracts" passed after 0.132 seconds.
✔ Test run with 3 tests in 1 suite passed after 0.133 seconds.
