Another instance of SwiftPM (PID: 32839) is already running using '/Users/arimendelow/Projects/spoonjoy-apple/.build', waiting until that process has finished execution...Building for debugging...
[0/4] Write swift-version--58304C5D6DBC2206.txt
Build complete! (0.13s)
Test Suite 'Selected tests' started at 2026-06-27 12:30:50.467.
Test Suite 'SpoonjoyApplePackageTests.xctest' started at 2026-06-27 12:30:50.468.
Test Suite 'SpoonjoyApplePackageTests.xctest' passed at 2026-06-27 12:30:50.468.
	 Executed 0 tests, with 0 failures (0 unexpected) in 0.000 (0.000) seconds
Test Suite 'Selected tests' passed at 2026-06-27 12:30:50.468.
	 Executed 0 tests, with 0 failures (0 unexpected) in 0.000 (0.001) seconds
◇ Test run started.
↳ Testing Library Version: 1902
↳ Target Platform: arm64e-apple-macos14.0
◇ Suite "Native capture and import parity" started.
◇ Test "capture draft changes record and clear through durable app state store" started.
◇ Test "capture import provider blockers persist and clear with retry or drained import" started.
◇ Test "offline import queues retry, restores it, drains on reconnect, and routes imported recipe" started.
◇ Test "capture drafts and import retry survive snapshot and sync-store round trips" started.
◇ Test "capture draft sources produce canonical REST import mutations" started.
◇ Test "image drafts without recognized text stay local until native OCR produces importable text" started.
◇ Test "provider-secret blockers produce user-facing blocked state without remote retry work" started.
✔ Test "image drafts without recognized text stay local until native OCR produces importable text" passed after 0.001 seconds.
✔ Test "provider-secret blockers produce user-facing blocked state without remote retry work" passed after 0.001 seconds.
✔ Test "capture import provider blockers persist and clear with retry or drained import" passed after 0.001 seconds.
✔ Test "capture drafts and import retry survive snapshot and sync-store round trips" passed after 0.001 seconds.
✔ Test "capture draft changes record and clear through durable app state store" passed after 0.002 seconds.
✔ Test "capture draft sources produce canonical REST import mutations" passed after 0.003 seconds.
✔ Test "offline import queues retry, restores it, drains on reconnect, and routes imported recipe" passed after 0.003 seconds.
✔ Suite "Native capture and import parity" passed after 0.003 seconds.
✔ Test run with 7 tests in 1 suite passed after 0.003 seconds.
