Building for debugging...
[0/5] Write sources
[1/5] Write swift-version--58304C5D6DBC2206.txt
[3/5] Emitting module SpoonjoyCoreTests
[4/5] Compiling SpoonjoyCoreTests CaptureImportSurfaceTests.swift
[4/6] Write Objects.LinkFileList
[5/6] Linking SpoonjoyApplePackageTests
Build complete! (2.38s)
◇ Test run started.
↳ Testing Library Version: 1902
↳ Target Platform: arm64e-apple-macos14.0
◇ Suite "Native capture and import parity" started.
◇ Test "offline import queues retry, restores it, drains on reconnect, and routes imported recipe" started.
◇ Test "capture drafts and import retry survive snapshot and sync-store round trips" started.
◇ Test "replacing capture drafts clears stale pending import metadata" started.
◇ Test "capture draft sources produce canonical REST import mutations" started.
◇ Test "capture import provider blockers persist and clear with retry or drained import" started.
◇ Test "provider-secret blockers produce user-facing blocked state without remote retry work" started.
◇ Test "image drafts without recognized text stay local until native OCR produces importable text" started.
◇ Test "recipe import mutations expose source for visible draft matching" started.
◇ Test "capture draft changes record and clear through durable app state store" started.
✔ Test "image drafts without recognized text stay local until native OCR produces importable text" passed after 0.001 seconds.
✔ Test "recipe import mutations expose source for visible draft matching" passed after 0.001 seconds.
✔ Test "replacing capture drafts clears stale pending import metadata" passed after 0.001 seconds.
✔ Test "provider-secret blockers produce user-facing blocked state without remote retry work" passed after 0.001 seconds.
✔ Test "capture import provider blockers persist and clear with retry or drained import" passed after 0.001 seconds.
✔ Test "capture drafts and import retry survive snapshot and sync-store round trips" passed after 0.002 seconds.
✔ Test "capture draft changes record and clear through durable app state store" passed after 0.002 seconds.
✔ Test "offline import queues retry, restores it, drains on reconnect, and routes imported recipe" passed after 0.003 seconds.
✔ Test "capture draft sources produce canonical REST import mutations" passed after 0.003 seconds.
✔ Suite "Native capture and import parity" passed after 0.003 seconds.
✔ Test run with 9 tests in 1 suite passed after 0.004 seconds.
