Building for debugging...
[0/6] Write sources
[1/6] Write swift-version--58304C5D6DBC2206.txt
[3/8] Emitting module SpoonjoyCoreTests
[4/8] Compiling SpoonjoyCoreTests NativeSyncEngineTests.swift
[5/8] Compiling SpoonjoyCoreTests NativeScenarioTests.swift
[6/8] Compiling SpoonjoyCoreTests NativeSharingTests.swift
/Users/arimendelow/Projects/spoonjoy-apple/Tests/SpoonjoyCoreTests/NativeSharingTests.swift:12:17: error: cannot find 'NativePublicShareRoutePolicy' in scope
 10 |         let cookbookURL = try url("https://spoonjoy.app/cookbooks/cookbook_weeknight")
 11 |
 12 |         #expect(NativePublicShareRoutePolicy.publicURL(for: .recipeDetail(id: "recipe_lemon", presentation: .detail)) == recipeURL)
    |                 `- error: cannot find 'NativePublicShareRoutePolicy' in scope
 13 |         #expect(NativePublicShareRoutePolicy.publicURL(for: .cookbookDetail(id: "cookbook_weeknight")) == cookbookURL)
 14 |

/Users/arimendelow/Projects/spoonjoy-apple/Tests/SpoonjoyCoreTests/NativeSharingTests.swift:12:62: error: cannot infer contextual base in reference to member 'recipeDetail'
 10 |         let cookbookURL = try url("https://spoonjoy.app/cookbooks/cookbook_weeknight")
 11 |
 12 |         #expect(NativePublicShareRoutePolicy.publicURL(for: .recipeDetail(id: "recipe_lemon", presentation: .detail)) == recipeURL)
    |                                                              `- error: cannot infer contextual base in reference to member 'recipeDetail'
 13 |         #expect(NativePublicShareRoutePolicy.publicURL(for: .cookbookDetail(id: "cookbook_weeknight")) == cookbookURL)
 14 |

/Users/arimendelow/Projects/spoonjoy-apple/Tests/SpoonjoyCoreTests/NativeSharingTests.swift:12:110: error: cannot infer contextual base in reference to member 'detail'
 10 |         let cookbookURL = try url("https://spoonjoy.app/cookbooks/cookbook_weeknight")
 11 |
 12 |         #expect(NativePublicShareRoutePolicy.publicURL(for: .recipeDetail(id: "recipe_lemon", presentation: .detail)) == recipeURL)
    |                                                                                                              `- error: cannot infer contextual base in reference to member 'detail'
 13 |         #expect(NativePublicShareRoutePolicy.publicURL(for: .cookbookDetail(id: "cookbook_weeknight")) == cookbookURL)
 14 |

/Users/arimendelow/Projects/spoonjoy-apple/Tests/SpoonjoyCoreTests/NativeSharingTests.swift:13:17: error: cannot find 'NativePublicShareRoutePolicy' in scope
 11 |
 12 |         #expect(NativePublicShareRoutePolicy.publicURL(for: .recipeDetail(id: "recipe_lemon", presentation: .detail)) == recipeURL)
 13 |         #expect(NativePublicShareRoutePolicy.publicURL(for: .cookbookDetail(id: "cookbook_weeknight")) == cookbookURL)
    |                 `- error: cannot find 'NativePublicShareRoutePolicy' in scope
 14 |
 15 |         let privateOrNativeOnlyRoutes: [AppRoute] = [

/Users/arimendelow/Projects/spoonjoy-apple/Tests/SpoonjoyCoreTests/NativeSharingTests.swift:13:62: error: cannot infer contextual base in reference to member 'cookbookDetail'
 11 |
 12 |         #expect(NativePublicShareRoutePolicy.publicURL(for: .recipeDetail(id: "recipe_lemon", presentation: .detail)) == recipeURL)
 13 |         #expect(NativePublicShareRoutePolicy.publicURL(for: .cookbookDetail(id: "cookbook_weeknight")) == cookbookURL)
    |                                                              `- error: cannot infer contextual base in reference to member 'cookbookDetail'
 14 |
 15 |         let privateOrNativeOnlyRoutes: [AppRoute] = [

/Users/arimendelow/Projects/spoonjoy-apple/Tests/SpoonjoyCoreTests/NativeSharingTests.swift:31:21: error: cannot find 'NativePublicShareRoutePolicy' in scope
 29 |         ]
 30 |         for route in privateOrNativeOnlyRoutes {
 31 |             #expect(NativePublicShareRoutePolicy.publicURL(for: route) == nil)
    |                     `- error: cannot find 'NativePublicShareRoutePolicy' in scope
 32 |         }
 33 |

/Users/arimendelow/Projects/spoonjoy-apple/Tests/SpoonjoyCoreTests/NativeSharingTests.swift:41:21: error: cannot find 'NativePublicShareRoutePolicy' in scope
 39 |         ]
 40 |         for route in unsafeObjectRoutes {
 41 |             #expect(NativePublicShareRoutePolicy.publicURL(for: route) == nil)
    |                     `- error: cannot find 'NativePublicShareRoutePolicy' in scope
 42 |         }
 43 |     }

/Users/arimendelow/Projects/spoonjoy-apple/Tests/SpoonjoyCoreTests/NativeSharingTests.swift:50:33: error: cannot find 'NativeSharePayload' in scope
 48 |         let cookbook = try Self.cookbookFixture(canonicalURL: try url("https://spoonjoy.app/cookbooks/canonical-cookbook"))
 49 |
 50 |         let recipePayload = try NativeSharePayload.publicRecipe(recipe)
    |                                 `- error: cannot find 'NativeSharePayload' in scope
 51 |         let cookbookPayload = try NativeSharePayload.publicCookbook(cookbook)
 52 |

/Users/arimendelow/Projects/spoonjoy-apple/Tests/SpoonjoyCoreTests/NativeSharingTests.swift:51:35: error: cannot find 'NativeSharePayload' in scope
 49 |
 50 |         let recipePayload = try NativeSharePayload.publicRecipe(recipe)
 51 |         let cookbookPayload = try NativeSharePayload.publicCookbook(cookbook)
    |                                   `- error: cannot find 'NativeSharePayload' in scope
 52 |
 53 |         #expect(recipePayload.domain == .recipe)

/Users/arimendelow/Projects/spoonjoy-apple/Tests/SpoonjoyCoreTests/NativeSharingTests.swift:53:42: error: cannot infer contextual base in reference to member 'recipe'
 51 |         let cookbookPayload = try NativeSharePayload.publicCookbook(cookbook)
 52 |
 53 |         #expect(recipePayload.domain == .recipe)
    |                                          `- error: cannot infer contextual base in reference to member 'recipe'
 54 |         #expect(recipePayload.kind == .publicURL)
 55 |         #expect(recipePayload.publicURL == recipe.canonicalURL)

/Users/arimendelow/Projects/spoonjoy-apple/Tests/SpoonjoyCoreTests/NativeSharingTests.swift:54:40: error: cannot infer contextual base in reference to member 'publicURL'
 52 |
 53 |         #expect(recipePayload.domain == .recipe)
 54 |         #expect(recipePayload.kind == .publicURL)
    |                                        `- error: cannot infer contextual base in reference to member 'publicURL'
 55 |         #expect(recipePayload.publicURL == recipe.canonicalURL)
 56 |         #expect(recipePayload.route == .recipeDetail(id: recipe.id, presentation: .detail))

/Users/arimendelow/Projects/spoonjoy-apple/Tests/SpoonjoyCoreTests/NativeSharingTests.swift:56:41: error: cannot infer contextual base in reference to member 'recipeDetail'
 54 |         #expect(recipePayload.kind == .publicURL)
 55 |         #expect(recipePayload.publicURL == recipe.canonicalURL)
 56 |         #expect(recipePayload.route == .recipeDetail(id: recipe.id, presentation: .detail))
    |                                         `- error: cannot infer contextual base in reference to member 'recipeDetail'
 57 |         #expect(recipePayload.title == recipe.title)
 58 |         #expect(recipePayload.subtitle.contains(recipe.chef.username))

/Users/arimendelow/Projects/spoonjoy-apple/Tests/SpoonjoyCoreTests/NativeSharingTests.swift:56:84: error: cannot infer contextual base in reference to member 'detail'
 54 |         #expect(recipePayload.kind == .publicURL)
 55 |         #expect(recipePayload.publicURL == recipe.canonicalURL)
 56 |         #expect(recipePayload.route == .recipeDetail(id: recipe.id, presentation: .detail))
    |                                                                                    `- error: cannot infer contextual base in reference to member 'detail'
 57 |         #expect(recipePayload.title == recipe.title)
 58 |         #expect(recipePayload.subtitle.contains(recipe.chef.username))

/Users/arimendelow/Projects/spoonjoy-apple/Tests/SpoonjoyCoreTests/NativeSharingTests.swift:59:50: error: cannot infer contextual base in reference to member 'publicURL'
 57 |         #expect(recipePayload.title == recipe.title)
 58 |         #expect(recipePayload.subtitle.contains(recipe.chef.username))
 59 |         #expect(recipePayload.nativeTransfer == .publicURL(recipe.canonicalURL))
    |                                                  `- error: cannot infer contextual base in reference to member 'publicURL'
 60 |
 61 |         #expect(cookbookPayload.domain == .cookbook)

/Users/arimendelow/Projects/spoonjoy-apple/Tests/SpoonjoyCoreTests/NativeSharingTests.swift:61:44: error: cannot infer contextual base in reference to member 'cookbook'
 59 |         #expect(recipePayload.nativeTransfer == .publicURL(recipe.canonicalURL))
 60 |
 61 |         #expect(cookbookPayload.domain == .cookbook)
    |                                            `- error: cannot infer contextual base in reference to member 'cookbook'
 62 |         #expect(cookbookPayload.kind == .publicURL)
 63 |         #expect(cookbookPayload.publicURL == cookbook.canonicalURL)

/Users/arimendelow/Projects/spoonjoy-apple/Tests/SpoonjoyCoreTests/NativeSharingTests.swift:62:42: error: cannot infer contextual base in reference to member 'publicURL'
 60 |
 61 |         #expect(cookbookPayload.domain == .cookbook)
 62 |         #expect(cookbookPayload.kind == .publicURL)
    |                                          `- error: cannot infer contextual base in reference to member 'publicURL'
 63 |         #expect(cookbookPayload.publicURL == cookbook.canonicalURL)
 64 |         #expect(cookbookPayload.route == .cookbookDetail(id: cookbook.id))

/Users/arimendelow/Projects/spoonjoy-apple/Tests/SpoonjoyCoreTests/NativeSharingTests.swift:64:43: error: cannot infer contextual base in reference to member 'cookbookDetail'
 62 |         #expect(cookbookPayload.kind == .publicURL)
 63 |         #expect(cookbookPayload.publicURL == cookbook.canonicalURL)
 64 |         #expect(cookbookPayload.route == .cookbookDetail(id: cookbook.id))
    |                                           `- error: cannot infer contextual base in reference to member 'cookbookDetail'
 65 |         #expect(cookbookPayload.title == cookbook.title)
 66 |         #expect(cookbookPayload.subtitle.contains("\(cookbook.recipeCount)"))

/Users/arimendelow/Projects/spoonjoy-apple/Tests/SpoonjoyCoreTests/NativeSharingTests.swift:67:52: error: cannot infer contextual base in reference to member 'publicURL'
 65 |         #expect(cookbookPayload.title == cookbook.title)
 66 |         #expect(cookbookPayload.subtitle.contains("\(cookbook.recipeCount)"))
 67 |         #expect(cookbookPayload.nativeTransfer == .publicURL(cookbook.canonicalURL))
    |                                                    `- error: cannot infer contextual base in reference to member 'publicURL'
 68 |     }
 69 |

/Users/arimendelow/Projects/spoonjoy-apple/Tests/SpoonjoyCoreTests/NativeSharingTests.swift:85:29: error: cannot find 'NativeSharePayloadError' in scope
 83 |         for rawURL in invalidRecipeURLs {
 84 |             let recipe = try Self.recipeFixture(canonicalURL: try url(rawURL))
 85 |             #expect(throws: NativeSharePayloadError.invalidPublicURL(domain: .recipe, url: recipe.canonicalURL)) {
    |                             `- error: cannot find 'NativeSharePayloadError' in scope
 86 |                 try NativeSharePayload.publicRecipe(recipe)
 87 |             }

/Users/arimendelow/Projects/spoonjoy-apple/Tests/SpoonjoyCoreTests/NativeSharingTests.swift:86:21: error: cannot find 'NativeSharePayload' in scope
 84 |             let recipe = try Self.recipeFixture(canonicalURL: try url(rawURL))
 85 |             #expect(throws: NativeSharePayloadError.invalidPublicURL(domain: .recipe, url: recipe.canonicalURL)) {
 86 |                 try NativeSharePayload.publicRecipe(recipe)
    |                     `- error: cannot find 'NativeSharePayload' in scope
 87 |             }
 88 |         }

/Users/arimendelow/Projects/spoonjoy-apple/Tests/SpoonjoyCoreTests/NativeSharingTests.swift:85:79: error: cannot infer contextual base in reference to member 'recipe'
 83 |         for rawURL in invalidRecipeURLs {
 84 |             let recipe = try Self.recipeFixture(canonicalURL: try url(rawURL))
 85 |             #expect(throws: NativeSharePayloadError.invalidPublicURL(domain: .recipe, url: recipe.canonicalURL)) {
    |                                                                               `- error: cannot infer contextual base in reference to member 'recipe'
 86 |                 try NativeSharePayload.publicRecipe(recipe)
 87 |             }

/Users/arimendelow/Projects/spoonjoy-apple/Tests/SpoonjoyCoreTests/NativeSharingTests.swift:100:29: error: cannot find 'NativeSharePayloadError' in scope
 98 |         for rawURL in invalidCookbookURLs {
 99 |             let cookbook = try Self.cookbookFixture(canonicalURL: try url(rawURL))
100 |             #expect(throws: NativeSharePayloadError.invalidPublicURL(domain: .cookbook, url: cookbook.canonicalURL)) {
    |                             `- error: cannot find 'NativeSharePayloadError' in scope
101 |                 try NativeSharePayload.publicCookbook(cookbook)
102 |             }

/Users/arimendelow/Projects/spoonjoy-apple/Tests/SpoonjoyCoreTests/NativeSharingTests.swift:101:21: error: cannot find 'NativeSharePayload' in scope
 99 |             let cookbook = try Self.cookbookFixture(canonicalURL: try url(rawURL))
100 |             #expect(throws: NativeSharePayloadError.invalidPublicURL(domain: .cookbook, url: cookbook.canonicalURL)) {
101 |                 try NativeSharePayload.publicCookbook(cookbook)
    |                     `- error: cannot find 'NativeSharePayload' in scope
102 |             }
103 |         }

/Users/arimendelow/Projects/spoonjoy-apple/Tests/SpoonjoyCoreTests/NativeSharingTests.swift:100:79: error: cannot infer contextual base in reference to member 'cookbook'
 98 |         for rawURL in invalidCookbookURLs {
 99 |             let cookbook = try Self.cookbookFixture(canonicalURL: try url(rawURL))
100 |             #expect(throws: NativeSharePayloadError.invalidPublicURL(domain: .cookbook, url: cookbook.canonicalURL)) {
    |                                                                               `- error: cannot infer contextual base in reference to member 'cookbook'
101 |                 try NativeSharePayload.publicCookbook(cookbook)
102 |             }

/Users/arimendelow/Projects/spoonjoy-apple/Tests/SpoonjoyCoreTests/NativeSharingTests.swift:119:13: error: cannot find 'NativeSharePayload' in scope
117 |
118 |         let privatePayloads = [
119 |             NativeSharePayload.privateShoppingList(shoppingList),
    |             `- error: cannot find 'NativeSharePayload' in scope
120 |             NativeSharePayload.privateShoppingItem(shoppingItem, listID: shoppingList.id),
121 |             NativeSharePayload.privateSpoon(spoon, recipeTitle: recipe.title),

/Users/arimendelow/Projects/spoonjoy-apple/Tests/SpoonjoyCoreTests/NativeSharingTests.swift:120:13: error: cannot find 'NativeSharePayload' in scope
118 |         let privatePayloads = [
119 |             NativeSharePayload.privateShoppingList(shoppingList),
120 |             NativeSharePayload.privateShoppingItem(shoppingItem, listID: shoppingList.id),
    |             `- error: cannot find 'NativeSharePayload' in scope
121 |             NativeSharePayload.privateSpoon(spoon, recipeTitle: recipe.title),
122 |             NativeSharePayload.privateCaptureDraft(draft)

/Users/arimendelow/Projects/spoonjoy-apple/Tests/SpoonjoyCoreTests/NativeSharingTests.swift:121:13: error: cannot find 'NativeSharePayload' in scope
119 |             NativeSharePayload.privateShoppingList(shoppingList),
120 |             NativeSharePayload.privateShoppingItem(shoppingItem, listID: shoppingList.id),
121 |             NativeSharePayload.privateSpoon(spoon, recipeTitle: recipe.title),
    |             `- error: cannot find 'NativeSharePayload' in scope
122 |             NativeSharePayload.privateCaptureDraft(draft)
123 |         ]

/Users/arimendelow/Projects/spoonjoy-apple/Tests/SpoonjoyCoreTests/NativeSharingTests.swift:122:13: error: cannot find 'NativeSharePayload' in scope
120 |             NativeSharePayload.privateShoppingItem(shoppingItem, listID: shoppingList.id),
121 |             NativeSharePayload.privateSpoon(spoon, recipeTitle: recipe.title),
122 |             NativeSharePayload.privateCaptureDraft(draft)
    |             `- error: cannot find 'NativeSharePayload' in scope
123 |         ]
124 |

/Users/arimendelow/Projects/spoonjoy-apple/Tests/SpoonjoyCoreTests/NativeSharingTests.swift:125:37: error: cannot infer key path type from context; consider explicitly specifying a root type
123 |         ]
124 |
125 |         #expect(privatePayloads.map(\.domain) == [.shoppingList, .shoppingItem, .spoon, .captureDraft])
    |                                     `- error: cannot infer key path type from context; consider explicitly specifying a root type
126 |         for payload in privatePayloads {
127 |             #expect(payload.kind == .privateTransfer)

/Users/arimendelow/Projects/spoonjoy-apple/Tests/SpoonjoyCoreTests/NativeSharingTests.swift:125:52: error: reference to member 'shoppingList' cannot be resolved without a contextual type
123 |         ]
124 |
125 |         #expect(privatePayloads.map(\.domain) == [.shoppingList, .shoppingItem, .spoon, .captureDraft])
    |                                                    `- error: reference to member 'shoppingList' cannot be resolved without a contextual type
126 |         for payload in privatePayloads {
127 |             #expect(payload.kind == .privateTransfer)

/Users/arimendelow/Projects/spoonjoy-apple/Tests/SpoonjoyCoreTests/NativeSharingTests.swift:125:67: error: reference to member 'shoppingItem' cannot be resolved without a contextual type
123 |         ]
124 |
125 |         #expect(privatePayloads.map(\.domain) == [.shoppingList, .shoppingItem, .spoon, .captureDraft])
    |                                                                   `- error: reference to member 'shoppingItem' cannot be resolved without a contextual type
126 |         for payload in privatePayloads {
127 |             #expect(payload.kind == .privateTransfer)

/Users/arimendelow/Projects/spoonjoy-apple/Tests/SpoonjoyCoreTests/NativeSharingTests.swift:125:82: error: reference to member 'spoon' cannot be resolved without a contextual type
123 |         ]
124 |
125 |         #expect(privatePayloads.map(\.domain) == [.shoppingList, .shoppingItem, .spoon, .captureDraft])
    |                                                                                  `- error: reference to member 'spoon' cannot be resolved without a contextual type
126 |         for payload in privatePayloads {
127 |             #expect(payload.kind == .privateTransfer)

/Users/arimendelow/Projects/spoonjoy-apple/Tests/SpoonjoyCoreTests/NativeSharingTests.swift:125:90: error: reference to member 'captureDraft' cannot be resolved without a contextual type
123 |         ]
124 |
125 |         #expect(privatePayloads.map(\.domain) == [.shoppingList, .shoppingItem, .spoon, .captureDraft])
    |                                                                                          `- error: reference to member 'captureDraft' cannot be resolved without a contextual type
126 |         for payload in privatePayloads {
127 |             #expect(payload.kind == .privateTransfer)

/Users/arimendelow/Projects/spoonjoy-apple/Tests/SpoonjoyCoreTests/NativeSharingTests.swift:127:38: error: cannot infer contextual base in reference to member 'privateTransfer'
125 |         #expect(privatePayloads.map(\.domain) == [.shoppingList, .shoppingItem, .spoon, .captureDraft])
126 |         for payload in privatePayloads {
127 |             #expect(payload.kind == .privateTransfer)
    |                                      `- error: cannot infer contextual base in reference to member 'privateTransfer'
128 |             #expect(payload.publicURL == nil)
129 |             #expect(payload.route == nil)

/Users/arimendelow/Projects/spoonjoy-apple/Tests/SpoonjoyCoreTests/NativeSharingTests.swift:139:23: error: cannot find 'NativeShareSurfaceCatalog' in scope
137 |     @Test("sharing catalog stays system-share only and does not invent social surfaces")
138 |     func sharingCatalogStaysSystemShareOnlyAndDoesNotInventSocialSurfaces() {
139 |         let catalog = NativeShareSurfaceCatalog.spoonjoy
    |                       `- error: cannot find 'NativeShareSurfaceCatalog' in scope
140 |         let forbiddenFragments = [
141 |             "comment",

/Users/arimendelow/Projects/spoonjoy-apple/Tests/SpoonjoyCoreTests/NativeSharingTests.swift:152:47: error: reference to member 'recipe' cannot be resolved without a contextual type
150 |         ]
151 |
152 |         #expect(catalog.publicURLDomains == [.recipe, .cookbook])
    |                                               `- error: reference to member 'recipe' cannot be resolved without a contextual type
153 |         #expect(catalog.publicURLRouteTemplates == [
154 |             "https://spoonjoy.app/recipes/{id}",

/Users/arimendelow/Projects/spoonjoy-apple/Tests/SpoonjoyCoreTests/NativeSharingTests.swift:152:56: error: reference to member 'cookbook' cannot be resolved without a contextual type
150 |         ]
151 |
152 |         #expect(catalog.publicURLDomains == [.recipe, .cookbook])
    |                                                        `- error: reference to member 'cookbook' cannot be resolved without a contextual type
153 |         #expect(catalog.publicURLRouteTemplates == [
154 |             "https://spoonjoy.app/recipes/{id}",

/Users/arimendelow/Projects/spoonjoy-apple/Tests/SpoonjoyCoreTests/NativeSharingTests.swift:161:60: error: cannot find type 'NativeShareDomain' in scope
159 |         #expect(!catalog.publicURLRouteTemplates.contains("https://spoonjoy.app/recipes/{id}#cook"))
160 |         #expect(!catalog.publicURLRouteTemplates.contains("https://spoonjoy.app/shopping-list"))
161 |         #expect(Set(catalog.privateTransferDomains) == Set<NativeShareDomain>([
    |                                                            `- error: cannot find type 'NativeShareDomain' in scope
162 |             .shoppingList,
163 |             .shoppingItem,

/Users/arimendelow/Projects/spoonjoy-apple/Tests/SpoonjoyCoreTests/NativeSharingTests.swift:162:14: error: reference to member 'shoppingList' cannot be resolved without a contextual type
160 |         #expect(!catalog.publicURLRouteTemplates.contains("https://spoonjoy.app/shopping-list"))
161 |         #expect(Set(catalog.privateTransferDomains) == Set<NativeShareDomain>([
162 |             .shoppingList,
    |              `- error: reference to member 'shoppingList' cannot be resolved without a contextual type
163 |             .shoppingItem,
164 |             .spoon,

/Users/arimendelow/Projects/spoonjoy-apple/Tests/SpoonjoyCoreTests/NativeSharingTests.swift:163:14: error: reference to member 'shoppingItem' cannot be resolved without a contextual type
161 |         #expect(Set(catalog.privateTransferDomains) == Set<NativeShareDomain>([
162 |             .shoppingList,
163 |             .shoppingItem,
    |              `- error: reference to member 'shoppingItem' cannot be resolved without a contextual type
164 |             .spoon,
165 |             .captureDraft

/Users/arimendelow/Projects/spoonjoy-apple/Tests/SpoonjoyCoreTests/NativeSharingTests.swift:164:14: error: reference to member 'spoon' cannot be resolved without a contextual type
162 |             .shoppingList,
163 |             .shoppingItem,
164 |             .spoon,
    |              `- error: reference to member 'spoon' cannot be resolved without a contextual type
165 |             .captureDraft
166 |         ]))

/Users/arimendelow/Projects/spoonjoy-apple/Tests/SpoonjoyCoreTests/NativeSharingTests.swift:165:14: error: reference to member 'captureDraft' cannot be resolved without a contextual type
163 |             .shoppingItem,
164 |             .spoon,
165 |             .captureDraft
    |              `- error: reference to member 'captureDraft' cannot be resolved without a contextual type
166 |         ]))
167 |         #expect(catalog.systemDestinations == [.shareSheet])

/Users/arimendelow/Projects/spoonjoy-apple/Tests/SpoonjoyCoreTests/NativeSharingTests.swift:167:49: error: reference to member 'shareSheet' cannot be resolved without a contextual type
165 |             .captureDraft
166 |         ]))
167 |         #expect(catalog.systemDestinations == [.shareSheet])
    |                                                 `- error: reference to member 'shareSheet' cannot be resolved without a contextual type
168 |         #expect(catalog.productDestinations.isEmpty)
169 |
[7/16] Compiling SpoonjoyCoreTests OfflineStoreTests.swift
[8/16] Compiling SpoonjoyCoreTests RecipeEditorParityTests.swift
[9/16] Compiling SpoonjoyCoreTests NativeCacheFreshnessTests.swift
[10/16] Compiling SpoonjoyCoreTests CookModeParityTests.swift
[11/16] Compiling SpoonjoyCoreTests NativeAPIExpansionTests.swift
[12/16] Compiling SpoonjoyCoreTests NativeAuthSessionTests.swift
[13/16] Compiling SpoonjoyCoreTests AppStateTests.swift
[14/16] Compiling SpoonjoyCoreTests NativeLiveStoreTests.swift
error: fatalError
FAIL: missing Sources/SpoonjoyCore/Features/Sharing/NativeSharePayload.swift
FAIL: Apps/Spoonjoy/Shared/AppShell/ShareActions.swift must delegate to NativeSharePayload/NativePublicShareRoutePolicy instead of synthesizing HTTPS URLs locally
FAIL: Apps/Spoonjoy/Shared/AppShell/ShareActions.swift still contains public-share cases for private/native-only routes: case .shoppingList, case .capture, case .settings, case .recipeEditor, case .recipeCoverControls, case .unknownLink
FAIL: Apps/Spoonjoy/Shared/Views/RecipeDetailView.swift must use a typed NativeSharePayload instead of raw RecipeDetailActions.shareURL
FAIL: Sources/SpoonjoyCore/Features/RecipeCatalog/RecipeDetailScreenViewModel.swift must expose typed sharing payload metadata instead of a raw shareURL-only action
swift_status=1
surface_status=1
unit 18j red contract failed as expected
