Building for debugging...
[0/6] Write sources
[1/6] Write swift-version--58304C5D6DBC2206.txt
error: emit-module command failed with exit code 1 (use -v to see invocation)
[3/6] Emitting module SpoonjoyCoreTests
/Users/arimendelow/Projects/spoonjoy-apple/Tests/SpoonjoyCoreTests/RecipeCatalogDetailTests.swift:335:49: error: cannot find type 'RecipeCatalogRepository' in scope
333 | }
334 |
335 | private actor RecordingRecipeCatalogRepository: RecipeCatalogRepository {
    |                                                 `- error: cannot find type 'RecipeCatalogRepository' in scope
336 |     private let page: RecipeCatalogPage
337 |     private let detail: RecipeCatalogDetailResult

/Users/arimendelow/Projects/spoonjoy-apple/Tests/SpoonjoyCoreTests/RecipeCatalogDetailTests.swift:336:23: error: cannot find type 'RecipeCatalogPage' in scope
334 |
335 | private actor RecordingRecipeCatalogRepository: RecipeCatalogRepository {
336 |     private let page: RecipeCatalogPage
    |                       `- error: cannot find type 'RecipeCatalogPage' in scope
337 |     private let detail: RecipeCatalogDetailResult
338 |     private var requests: [RecipeCatalogListRequest] = []

/Users/arimendelow/Projects/spoonjoy-apple/Tests/SpoonjoyCoreTests/RecipeCatalogDetailTests.swift:337:25: error: cannot find type 'RecipeCatalogDetailResult' in scope
335 | private actor RecordingRecipeCatalogRepository: RecipeCatalogRepository {
336 |     private let page: RecipeCatalogPage
337 |     private let detail: RecipeCatalogDetailResult
    |                         `- error: cannot find type 'RecipeCatalogDetailResult' in scope
338 |     private var requests: [RecipeCatalogListRequest] = []
339 |     private var detailIDs: [String] = []

/Users/arimendelow/Projects/spoonjoy-apple/Tests/SpoonjoyCoreTests/RecipeCatalogDetailTests.swift:338:28: error: cannot find type 'RecipeCatalogListRequest' in scope
336 |     private let page: RecipeCatalogPage
337 |     private let detail: RecipeCatalogDetailResult
338 |     private var requests: [RecipeCatalogListRequest] = []
    |                            `- error: cannot find type 'RecipeCatalogListRequest' in scope
339 |     private var detailIDs: [String] = []
340 |

/Users/arimendelow/Projects/spoonjoy-apple/Tests/SpoonjoyCoreTests/RecipeCatalogDetailTests.swift:341:16: error: cannot find type 'RecipeCatalogPage' in scope
339 |     private var detailIDs: [String] = []
340 |
341 |     init(page: RecipeCatalogPage, detail: RecipeCatalogDetailResult) {
    |                `- error: cannot find type 'RecipeCatalogPage' in scope
342 |         self.page = page
343 |         self.detail = detail

/Users/arimendelow/Projects/spoonjoy-apple/Tests/SpoonjoyCoreTests/RecipeCatalogDetailTests.swift:341:43: error: cannot find type 'RecipeCatalogDetailResult' in scope
339 |     private var detailIDs: [String] = []
340 |
341 |     init(page: RecipeCatalogPage, detail: RecipeCatalogDetailResult) {
    |                                           `- error: cannot find type 'RecipeCatalogDetailResult' in scope
342 |         self.page = page
343 |         self.detail = detail

/Users/arimendelow/Projects/spoonjoy-apple/Tests/SpoonjoyCoreTests/RecipeCatalogDetailTests.swift:346:24: error: cannot find type 'RecipeCatalogListRequest' in scope
344 |     }
345 |
346 |     var listRequests: [RecipeCatalogListRequest] {
    |                        `- error: cannot find type 'RecipeCatalogListRequest' in scope
347 |         requests
348 |     }

/Users/arimendelow/Projects/spoonjoy-apple/Tests/SpoonjoyCoreTests/RecipeCatalogDetailTests.swift:354:73: error: cannot find type 'RecipeCatalogPage' in scope
352 |     }
353 |
354 |     func listRecipes(request: RecipeCatalogListRequest) async throws -> RecipeCatalogPage {
    |                                                                         `- error: cannot find type 'RecipeCatalogPage' in scope
355 |         requests.append(request)
356 |         return page

/Users/arimendelow/Projects/spoonjoy-apple/Tests/SpoonjoyCoreTests/RecipeCatalogDetailTests.swift:354:31: error: cannot find type 'RecipeCatalogListRequest' in scope
352 |     }
353 |
354 |     func listRecipes(request: RecipeCatalogListRequest) async throws -> RecipeCatalogPage {
    |                               `- error: cannot find type 'RecipeCatalogListRequest' in scope
355 |         requests.append(request)
356 |         return page

/Users/arimendelow/Projects/spoonjoy-apple/Tests/SpoonjoyCoreTests/RecipeCatalogDetailTests.swift:359:51: error: cannot find type 'RecipeCatalogDetailResult' in scope
357 |     }
358 |
359 |     func recipeDetail(id: String) async throws -> RecipeCatalogDetailResult {
    |                                                   `- error: cannot find type 'RecipeCatalogDetailResult' in scope
360 |         detailIDs.append(id)
361 |         return detail
[4/6] Compiling SpoonjoyCoreTests RecipeCatalogDetailTests.swift
/Users/arimendelow/Projects/spoonjoy-apple/Tests/SpoonjoyCoreTests/RecipeCatalogDetailTests.swift:335:49: error: cannot find type 'RecipeCatalogRepository' in scope
333 | }
334 |
335 | private actor RecordingRecipeCatalogRepository: RecipeCatalogRepository {
    |                                                 `- error: cannot find type 'RecipeCatalogRepository' in scope
336 |     private let page: RecipeCatalogPage
337 |     private let detail: RecipeCatalogDetailResult

/Users/arimendelow/Projects/spoonjoy-apple/Tests/SpoonjoyCoreTests/RecipeCatalogDetailTests.swift:336:23: error: cannot find type 'RecipeCatalogPage' in scope
334 |
335 | private actor RecordingRecipeCatalogRepository: RecipeCatalogRepository {
336 |     private let page: RecipeCatalogPage
    |                       `- error: cannot find type 'RecipeCatalogPage' in scope
337 |     private let detail: RecipeCatalogDetailResult
338 |     private var requests: [RecipeCatalogListRequest] = []

/Users/arimendelow/Projects/spoonjoy-apple/Tests/SpoonjoyCoreTests/RecipeCatalogDetailTests.swift:337:25: error: cannot find type 'RecipeCatalogDetailResult' in scope
335 | private actor RecordingRecipeCatalogRepository: RecipeCatalogRepository {
336 |     private let page: RecipeCatalogPage
337 |     private let detail: RecipeCatalogDetailResult
    |                         `- error: cannot find type 'RecipeCatalogDetailResult' in scope
338 |     private var requests: [RecipeCatalogListRequest] = []
339 |     private var detailIDs: [String] = []

/Users/arimendelow/Projects/spoonjoy-apple/Tests/SpoonjoyCoreTests/RecipeCatalogDetailTests.swift:338:28: error: cannot find type 'RecipeCatalogListRequest' in scope
336 |     private let page: RecipeCatalogPage
337 |     private let detail: RecipeCatalogDetailResult
338 |     private var requests: [RecipeCatalogListRequest] = []
    |                            `- error: cannot find type 'RecipeCatalogListRequest' in scope
339 |     private var detailIDs: [String] = []
340 |

/Users/arimendelow/Projects/spoonjoy-apple/Tests/SpoonjoyCoreTests/RecipeCatalogDetailTests.swift:341:16: error: cannot find type 'RecipeCatalogPage' in scope
339 |     private var detailIDs: [String] = []
340 |
341 |     init(page: RecipeCatalogPage, detail: RecipeCatalogDetailResult) {
    |                `- error: cannot find type 'RecipeCatalogPage' in scope
342 |         self.page = page
343 |         self.detail = detail

/Users/arimendelow/Projects/spoonjoy-apple/Tests/SpoonjoyCoreTests/RecipeCatalogDetailTests.swift:341:43: error: cannot find type 'RecipeCatalogDetailResult' in scope
339 |     private var detailIDs: [String] = []
340 |
341 |     init(page: RecipeCatalogPage, detail: RecipeCatalogDetailResult) {
    |                                           `- error: cannot find type 'RecipeCatalogDetailResult' in scope
342 |         self.page = page
343 |         self.detail = detail

/Users/arimendelow/Projects/spoonjoy-apple/Tests/SpoonjoyCoreTests/RecipeCatalogDetailTests.swift:346:24: error: cannot find type 'RecipeCatalogListRequest' in scope
344 |     }
345 |
346 |     var listRequests: [RecipeCatalogListRequest] {
    |                        `- error: cannot find type 'RecipeCatalogListRequest' in scope
347 |         requests
348 |     }

/Users/arimendelow/Projects/spoonjoy-apple/Tests/SpoonjoyCoreTests/RecipeCatalogDetailTests.swift:354:73: error: cannot find type 'RecipeCatalogPage' in scope
352 |     }
353 |
354 |     func listRecipes(request: RecipeCatalogListRequest) async throws -> RecipeCatalogPage {
    |                                                                         `- error: cannot find type 'RecipeCatalogPage' in scope
355 |         requests.append(request)
356 |         return page

/Users/arimendelow/Projects/spoonjoy-apple/Tests/SpoonjoyCoreTests/RecipeCatalogDetailTests.swift:354:31: error: cannot find type 'RecipeCatalogListRequest' in scope
352 |     }
353 |
354 |     func listRecipes(request: RecipeCatalogListRequest) async throws -> RecipeCatalogPage {
    |                               `- error: cannot find type 'RecipeCatalogListRequest' in scope
355 |         requests.append(request)
356 |         return page

/Users/arimendelow/Projects/spoonjoy-apple/Tests/SpoonjoyCoreTests/RecipeCatalogDetailTests.swift:359:51: error: cannot find type 'RecipeCatalogDetailResult' in scope
357 |     }
358 |
359 |     func recipeDetail(id: String) async throws -> RecipeCatalogDetailResult {
    |                                                   `- error: cannot find type 'RecipeCatalogDetailResult' in scope
360 |         detailIDs.append(id)
361 |         return detail

/Users/arimendelow/Projects/spoonjoy-apple/Tests/SpoonjoyCoreTests/RecipeCatalogDetailTests.swift:23:33: error: value of type 'RecipeStep' has no member 'usingSteps'
 21 |         #expect(recipe.attribution.sourceRecipe?.safeCanonicalURL?.absoluteString == "https://spoonjoy.app/recipes/recipe_source_pasta")
 22 |         #expect(recipe.steps.map(\.stepNum) == [1, 2])
 23 |         #expect(recipe.steps[0].usingSteps.isEmpty)
    |                                 `- error: value of type 'RecipeStep' has no member 'usingSteps'
 24 |         #expect(recipe.steps[1].usingSteps.map(\.id) == ["use_sauce_base"])
 25 |         #expect(recipe.steps[1].usingSteps.first?.outputOfStep.stepTitle == "Boil Pasta")

/Users/arimendelow/Projects/spoonjoy-apple/Tests/SpoonjoyCoreTests/RecipeCatalogDetailTests.swift:24:33: error: value of type 'RecipeStep' has no member 'usingSteps'
 22 |         #expect(recipe.steps.map(\.stepNum) == [1, 2])
 23 |         #expect(recipe.steps[0].usingSteps.isEmpty)
 24 |         #expect(recipe.steps[1].usingSteps.map(\.id) == ["use_sauce_base"])
    |                                 `- error: value of type 'RecipeStep' has no member 'usingSteps'
 25 |         #expect(recipe.steps[1].usingSteps.first?.outputOfStep.stepTitle == "Boil Pasta")
 26 |         #expect(recipe.steps[1].ingredients.map(\.name) == ["garlic", "lemon"])

/Users/arimendelow/Projects/spoonjoy-apple/Tests/SpoonjoyCoreTests/RecipeCatalogDetailTests.swift:24:48: error: cannot infer key path type from context; consider explicitly specifying a root type
 22 |         #expect(recipe.steps.map(\.stepNum) == [1, 2])
 23 |         #expect(recipe.steps[0].usingSteps.isEmpty)
 24 |         #expect(recipe.steps[1].usingSteps.map(\.id) == ["use_sauce_base"])
    |                                                `- error: cannot infer key path type from context; consider explicitly specifying a root type
 25 |         #expect(recipe.steps[1].usingSteps.first?.outputOfStep.stepTitle == "Boil Pasta")
 26 |         #expect(recipe.steps[1].ingredients.map(\.name) == ["garlic", "lemon"])

/Users/arimendelow/Projects/spoonjoy-apple/Tests/SpoonjoyCoreTests/RecipeCatalogDetailTests.swift:25:33: error: value of type 'RecipeStep' has no member 'usingSteps'
 23 |         #expect(recipe.steps[0].usingSteps.isEmpty)
 24 |         #expect(recipe.steps[1].usingSteps.map(\.id) == ["use_sauce_base"])
 25 |         #expect(recipe.steps[1].usingSteps.first?.outputOfStep.stepTitle == "Boil Pasta")
    |                                 `- error: value of type 'RecipeStep' has no member 'usingSteps'
 26 |         #expect(recipe.steps[1].ingredients.map(\.name) == ["garlic", "lemon"])
 27 |         #expect(recipe.cookbooks.map(\.id) == ["cookbook_weeknights"])

/Users/arimendelow/Projects/spoonjoy-apple/Tests/SpoonjoyCoreTests/RecipeCatalogDetailTests.swift:28:24: error: value of type 'Recipe' has no member 'recentSpoons'
 26 |         #expect(recipe.steps[1].ingredients.map(\.name) == ["garlic", "lemon"])
 27 |         #expect(recipe.cookbooks.map(\.id) == ["cookbook_weeknights"])
 28 |         #expect(recipe.recentSpoons.map(\.id) == ["spoon_jules_lemon"])
    |                        `- error: value of type 'Recipe' has no member 'recentSpoons'
 29 |         #expect(recipe.recentSpoons.first?.chef.username == "jules")
 30 |         #expect(recipe.recentSpoons.first?.chef.photoURL?.absoluteString == "https://spoonjoy.app/photos/users/jules.jpg")

/Users/arimendelow/Projects/spoonjoy-apple/Tests/SpoonjoyCoreTests/RecipeCatalogDetailTests.swift:28:41: error: cannot infer key path type from context; consider explicitly specifying a root type
 26 |         #expect(recipe.steps[1].ingredients.map(\.name) == ["garlic", "lemon"])
 27 |         #expect(recipe.cookbooks.map(\.id) == ["cookbook_weeknights"])
 28 |         #expect(recipe.recentSpoons.map(\.id) == ["spoon_jules_lemon"])
    |                                         `- error: cannot infer key path type from context; consider explicitly specifying a root type
 29 |         #expect(recipe.recentSpoons.first?.chef.username == "jules")
 30 |         #expect(recipe.recentSpoons.first?.chef.photoURL?.absoluteString == "https://spoonjoy.app/photos/users/jules.jpg")

/Users/arimendelow/Projects/spoonjoy-apple/Tests/SpoonjoyCoreTests/RecipeCatalogDetailTests.swift:29:24: error: value of type 'Recipe' has no member 'recentSpoons'
 27 |         #expect(recipe.cookbooks.map(\.id) == ["cookbook_weeknights"])
 28 |         #expect(recipe.recentSpoons.map(\.id) == ["spoon_jules_lemon"])
 29 |         #expect(recipe.recentSpoons.first?.chef.username == "jules")
    |                        `- error: value of type 'Recipe' has no member 'recentSpoons'
 30 |         #expect(recipe.recentSpoons.first?.chef.photoURL?.absoluteString == "https://spoonjoy.app/photos/users/jules.jpg")
 31 |         #expect(recipe.recentSpoons.first?.note == "More lemon next time.")

/Users/arimendelow/Projects/spoonjoy-apple/Tests/SpoonjoyCoreTests/RecipeCatalogDetailTests.swift:30:24: error: value of type 'Recipe' has no member 'recentSpoons'
 28 |         #expect(recipe.recentSpoons.map(\.id) == ["spoon_jules_lemon"])
 29 |         #expect(recipe.recentSpoons.first?.chef.username == "jules")
 30 |         #expect(recipe.recentSpoons.first?.chef.photoURL?.absoluteString == "https://spoonjoy.app/photos/users/jules.jpg")
    |                        `- error: value of type 'Recipe' has no member 'recentSpoons'
 31 |         #expect(recipe.recentSpoons.first?.note == "More lemon next time.")
 32 |         #expect(recipe.recentSpoons.first?.nextTime == "Add parsley.")

/Users/arimendelow/Projects/spoonjoy-apple/Tests/SpoonjoyCoreTests/RecipeCatalogDetailTests.swift:31:24: error: value of type 'Recipe' has no member 'recentSpoons'
 29 |         #expect(recipe.recentSpoons.first?.chef.username == "jules")
 30 |         #expect(recipe.recentSpoons.first?.chef.photoURL?.absoluteString == "https://spoonjoy.app/photos/users/jules.jpg")
 31 |         #expect(recipe.recentSpoons.first?.note == "More lemon next time.")
    |                        `- error: value of type 'Recipe' has no member 'recentSpoons'
 32 |         #expect(recipe.recentSpoons.first?.nextTime == "Add parsley.")
 33 |     }

/Users/arimendelow/Projects/spoonjoy-apple/Tests/SpoonjoyCoreTests/RecipeCatalogDetailTests.swift:32:24: error: value of type 'Recipe' has no member 'recentSpoons'
 30 |         #expect(recipe.recentSpoons.first?.chef.photoURL?.absoluteString == "https://spoonjoy.app/photos/users/jules.jpg")
 31 |         #expect(recipe.recentSpoons.first?.note == "More lemon next time.")
 32 |         #expect(recipe.recentSpoons.first?.nextTime == "Add parsley.")
    |                        `- error: value of type 'Recipe' has no member 'recentSpoons'
 33 |     }
 34 |

/Users/arimendelow/Projects/spoonjoy-apple/Tests/SpoonjoyCoreTests/RecipeCatalogDetailTests.swift:39:19: error: cannot find 'RecipeCatalogPage' in scope
 37 |         let recipe = try Self.recipeDetail()
 38 |         let repository = RecordingRecipeCatalogRepository(
 39 |             page: RecipeCatalogPage(
    |                   `- error: cannot find 'RecipeCatalogPage' in scope
 40 |                 query: "lemon",
 41 |                 limit: 20,

/Users/arimendelow/Projects/spoonjoy-apple/Tests/SpoonjoyCoreTests/RecipeCatalogDetailTests.swift:48:21: error: cannot find 'RecipeCatalogDetailResult' in scope
 46 |                 source: .live(requestID: "req_recipe_list", validatedAt: Self.now)
 47 |             ),
 48 |             detail: RecipeCatalogDetailResult(
    |                     `- error: cannot find 'RecipeCatalogDetailResult' in scope
 49 |                 recipe: recipe,
 50 |                 source: .live(requestID: "req_recipe_detail", validatedAt: Self.now)

/Users/arimendelow/Projects/spoonjoy-apple/Tests/SpoonjoyCoreTests/RecipeCatalogDetailTests.swift:42:25: error: 'nil' requires a contextual type
 40 |                 query: "lemon",
 41 |                 limit: 20,
 42 |                 cursor: nil,
    |                         `- error: 'nil' requires a contextual type
 43 |                 nextCursor: PaginationCursor(rawValue: "v1.next"),
 44 |                 hasMore: true,

/Users/arimendelow/Projects/spoonjoy-apple/Tests/SpoonjoyCoreTests/RecipeCatalogDetailTests.swift:46:26: error: cannot infer contextual base in reference to member 'live'
 44 |                 hasMore: true,
 45 |                 rows: [RecipeSummary(recipe: recipe)],
 46 |                 source: .live(requestID: "req_recipe_list", validatedAt: Self.now)
    |                          `- error: cannot infer contextual base in reference to member 'live'
 47 |             ),
 48 |             detail: RecipeCatalogDetailResult(

/Users/arimendelow/Projects/spoonjoy-apple/Tests/SpoonjoyCoreTests/RecipeCatalogDetailTests.swift:50:26: error: cannot infer contextual base in reference to member 'live'
 48 |             detail: RecipeCatalogDetailResult(
 49 |                 recipe: recipe,
 50 |                 source: .live(requestID: "req_recipe_detail", validatedAt: Self.now)
    |                          `- error: cannot infer contextual base in reference to member 'live'
 51 |             )
 52 |         )

/Users/arimendelow/Projects/spoonjoy-apple/Tests/SpoonjoyCoreTests/RecipeCatalogDetailTests.swift:53:25: error: cannot find 'RecipeCatalogViewModel' in scope
 51 |             )
 52 |         )
 53 |         let viewModel = RecipeCatalogViewModel(repository: repository)
    |                         `- error: cannot find 'RecipeCatalogViewModel' in scope
 54 |
 55 |         try await viewModel.load(query: "  lemon  ", limit: 20)

/Users/arimendelow/Projects/spoonjoy-apple/Tests/SpoonjoyCoreTests/RecipeCatalogDetailTests.swift:64:32: error: cannot infer key path type from context; consider explicitly specifying a root type
 62 |         #expect(state.resultCountLabel == "1 recipe")
 63 |         #expect(state.emptyState == nil)
 64 |         #expect(state.rows.map(\.id) == ["recipe_lemon_pantry_pasta"])
    |                                `- error: cannot infer key path type from context; consider explicitly specifying a root type
 65 |         #expect(state.rows.first?.title == "Lemon Pantry Pasta")
 66 |         #expect(state.rows.first?.subtitle == "Bright pantry pasta with lemon, garlic, and parmesan.")

/Users/arimendelow/Projects/spoonjoy-apple/Tests/SpoonjoyCoreTests/RecipeCatalogDetailTests.swift:71:52: error: cannot infer contextual base in reference to member 'synced'
 69 |         #expect(state.rows.first?.coverProvenanceLabel == "Chef photo")
 70 |         #expect(state.rows.first?.openRoute == .recipeDetail(id: "recipe_lemon_pantry_pasta", presentation: .detail))
 71 |         #expect(state.offlineIndicator.display == .synced)
    |                                                    `- error: cannot infer contextual base in reference to member 'synced'
 72 |         #expect(viewModel.openRecipeRoute(id: "recipe_lemon_pantry_pasta") == .recipeDetail(id: "recipe_lemon_pantry_pasta", presentation: .detail))
 73 |         #expect(await repository.listRequests == [

/Users/arimendelow/Projects/spoonjoy-apple/Tests/SpoonjoyCoreTests/RecipeCatalogDetailTests.swift:72:141: error: cannot infer contextual base in reference to member 'detail'
 70 |         #expect(state.rows.first?.openRoute == .recipeDetail(id: "recipe_lemon_pantry_pasta", presentation: .detail))
 71 |         #expect(state.offlineIndicator.display == .synced)
 72 |         #expect(viewModel.openRecipeRoute(id: "recipe_lemon_pantry_pasta") == .recipeDetail(id: "recipe_lemon_pantry_pasta", presentation: .detail))
    |                                                                                                                                             `- error: cannot infer contextual base in reference to member 'detail'
 73 |         #expect(await repository.listRequests == [
 74 |             RecipeCatalogListRequest(query: "lemon", limit: 20, cursor: nil)

/Users/arimendelow/Projects/spoonjoy-apple/Tests/SpoonjoyCoreTests/RecipeCatalogDetailTests.swift:74:13: error: cannot find 'RecipeCatalogListRequest' in scope
 72 |         #expect(viewModel.openRecipeRoute(id: "recipe_lemon_pantry_pasta") == .recipeDetail(id: "recipe_lemon_pantry_pasta", presentation: .detail))
 73 |         #expect(await repository.listRequests == [
 74 |             RecipeCatalogListRequest(query: "lemon", limit: 20, cursor: nil)
    |             `- error: cannot find 'RecipeCatalogListRequest' in scope
 75 |         ])
 76 |     }

/Users/arimendelow/Projects/spoonjoy-apple/Tests/SpoonjoyCoreTests/RecipeCatalogDetailTests.swift:74:73: error: 'nil' requires a contextual type
 72 |         #expect(viewModel.openRecipeRoute(id: "recipe_lemon_pantry_pasta") == .recipeDetail(id: "recipe_lemon_pantry_pasta", presentation: .detail))
 73 |         #expect(await repository.listRequests == [
 74 |             RecipeCatalogListRequest(query: "lemon", limit: 20, cursor: nil)
    |                                                                         `- error: 'nil' requires a contextual type
 75 |         ])
 76 |     }

/Users/arimendelow/Projects/spoonjoy-apple/Tests/SpoonjoyCoreTests/RecipeCatalogDetailTests.swift:81:22: error: cannot find 'RecipeCatalogDetailResult' in scope
 79 |     func detailScreenViewModelExposesCurrentWebReadParityWithoutInventingComments() throws {
 80 |         let recipe = try Self.recipeDetail()
 81 |         let result = RecipeCatalogDetailResult(
    |                      `- error: cannot find 'RecipeCatalogDetailResult' in scope
 82 |             recipe: recipe,
 83 |             source: .cache(

/Users/arimendelow/Projects/spoonjoy-apple/Tests/SpoonjoyCoreTests/RecipeCatalogDetailTests.swift:83:22: error: cannot infer contextual base in reference to member 'cache'
 81 |         let result = RecipeCatalogDetailResult(
 82 |             recipe: recipe,
 83 |             source: .cache(
    |                      `- error: cannot infer contextual base in reference to member 'cache'
 84 |                 serverRevision: .updatedAt(recipe.updatedAt),
 85 |                 lastValidatedAt: Self.staleValidatedAt

/Users/arimendelow/Projects/spoonjoy-apple/Tests/SpoonjoyCoreTests/RecipeCatalogDetailTests.swift:84:34: error: cannot infer contextual base in reference to member 'updatedAt'
 82 |             recipe: recipe,
 83 |             source: .cache(
 84 |                 serverRevision: .updatedAt(recipe.updatedAt),
    |                                  `- error: cannot infer contextual base in reference to member 'updatedAt'
 85 |                 lastValidatedAt: Self.staleValidatedAt
 86 |             )

/Users/arimendelow/Projects/spoonjoy-apple/Tests/SpoonjoyCoreTests/RecipeCatalogDetailTests.swift:88:25: error: cannot find 'RecipeDetailScreenViewModel' in scope
 86 |             )
 87 |         )
 88 |         let viewModel = RecipeDetailScreenViewModel(
    |                         `- error: cannot find 'RecipeDetailScreenViewModel' in scope
 89 |             result: result,
 90 |             context: RecipeDetailContext(

/Users/arimendelow/Projects/spoonjoy-apple/Tests/SpoonjoyCoreTests/RecipeCatalogDetailTests.swift:90:22: error: cannot find 'RecipeDetailContext' in scope
 88 |         let viewModel = RecipeDetailScreenViewModel(
 89 |             result: result,
 90 |             context: RecipeDetailContext(
    |                      `- error: cannot find 'RecipeDetailContext' in scope
 91 |                 currentChefID: "chef_ari",
 92 |                 availableCookbooks: [

/Users/arimendelow/Projects/spoonjoy-apple/Tests/SpoonjoyCoreTests/RecipeCatalogDetailTests.swift:93:21: error: cannot find 'RecipeCookbookSaveOption' in scope
 91 |                 currentChefID: "chef_ari",
 92 |                 availableCookbooks: [
 93 |                     RecipeCookbookSaveOption(id: "cookbook_weeknights", title: "Weeknights"),
    |                     `- error: cannot find 'RecipeCookbookSaveOption' in scope
 94 |                     RecipeCookbookSaveOption(id: "cookbook_pantry", title: "Pantry")
 95 |                 ],

/Users/arimendelow/Projects/spoonjoy-apple/Tests/SpoonjoyCoreTests/RecipeCatalogDetailTests.swift:94:21: error: cannot find 'RecipeCookbookSaveOption' in scope
 92 |                 availableCookbooks: [
 93 |                     RecipeCookbookSaveOption(id: "cookbook_weeknights", title: "Weeknights"),
 94 |                     RecipeCookbookSaveOption(id: "cookbook_pantry", title: "Pantry")
    |                     `- error: cannot find 'RecipeCookbookSaveOption' in scope
 95 |                 ],
 96 |                 savedInCookbookIDs: ["cookbook_weeknights"],

/Users/arimendelow/Projects/spoonjoy-apple/Tests/SpoonjoyCoreTests/RecipeCatalogDetailTests.swift:111:54: error: cannot infer key path type from context; consider explicitly specifying a root type
109 |         #expect(viewModel.sourceAttribution?.title == "Original Lemon Pasta")
110 |         #expect(viewModel.sourceAttribution?.host == "example.com")
111 |         #expect(viewModel.ingredientReceipt.rows.map(\.name) == ["kosher salt", "spaghetti", "garlic", "lemon"])
    |                                                      `- error: cannot infer key path type from context; consider explicitly specifying a root type
112 |         #expect(viewModel.methodSections.map(\.stepNumber) == [1, 2])
113 |         #expect(viewModel.methodSections[1].dependencies.map(\.label) == ["Uses Boil Pasta"])

/Users/arimendelow/Projects/spoonjoy-apple/Tests/SpoonjoyCoreTests/RecipeCatalogDetailTests.swift:112:46: error: cannot infer key path type from context; consider explicitly specifying a root type
110 |         #expect(viewModel.sourceAttribution?.host == "example.com")
111 |         #expect(viewModel.ingredientReceipt.rows.map(\.name) == ["kosher salt", "spaghetti", "garlic", "lemon"])
112 |         #expect(viewModel.methodSections.map(\.stepNumber) == [1, 2])
    |                                              `- error: cannot infer key path type from context; consider explicitly specifying a root type
113 |         #expect(viewModel.methodSections[1].dependencies.map(\.label) == ["Uses Boil Pasta"])
114 |         #expect(viewModel.spoonSummary.rows.map(\.chefLine) == ["jules cooked this"])

/Users/arimendelow/Projects/spoonjoy-apple/Tests/SpoonjoyCoreTests/RecipeCatalogDetailTests.swift:113:62: error: cannot infer key path type from context; consider explicitly specifying a root type
111 |         #expect(viewModel.ingredientReceipt.rows.map(\.name) == ["kosher salt", "spaghetti", "garlic", "lemon"])
112 |         #expect(viewModel.methodSections.map(\.stepNumber) == [1, 2])
113 |         #expect(viewModel.methodSections[1].dependencies.map(\.label) == ["Uses Boil Pasta"])
    |                                                              `- error: cannot infer key path type from context; consider explicitly specifying a root type
114 |         #expect(viewModel.spoonSummary.rows.map(\.chefLine) == ["jules cooked this"])
115 |         #expect(viewModel.spoonSummary.rows.first?.note == "More lemon next time.")

/Users/arimendelow/Projects/spoonjoy-apple/Tests/SpoonjoyCoreTests/RecipeCatalogDetailTests.swift:114:49: error: cannot infer key path type from context; consider explicitly specifying a root type
112 |         #expect(viewModel.methodSections.map(\.stepNumber) == [1, 2])
113 |         #expect(viewModel.methodSections[1].dependencies.map(\.label) == ["Uses Boil Pasta"])
114 |         #expect(viewModel.spoonSummary.rows.map(\.chefLine) == ["jules cooked this"])
    |                                                 `- error: cannot infer key path type from context; consider explicitly specifying a root type
115 |         #expect(viewModel.spoonSummary.rows.first?.note == "More lemon next time.")
116 |         #expect(viewModel.cookbookSave.availableCookbooks.map(\.title) == ["Weeknights", "Pantry"])

/Users/arimendelow/Projects/spoonjoy-apple/Tests/SpoonjoyCoreTests/RecipeCatalogDetailTests.swift:116:63: error: cannot infer key path type from context; consider explicitly specifying a root type
114 |         #expect(viewModel.spoonSummary.rows.map(\.chefLine) == ["jules cooked this"])
115 |         #expect(viewModel.spoonSummary.rows.first?.note == "More lemon next time.")
116 |         #expect(viewModel.cookbookSave.availableCookbooks.map(\.title) == ["Weeknights", "Pantry"])
    |                                                               `- error: cannot infer key path type from context; consider explicitly specifying a root type
117 |         #expect(viewModel.cookbookSave.savedCookbookIDs == ["cookbook_weeknights"])
118 |         #expect(viewModel.cookbookSave.isSaved(in: "cookbook_weeknights"))

/Users/arimendelow/Projects/spoonjoy-apple/Tests/SpoonjoyCoreTests/RecipeCatalogDetailTests.swift:122:57: error: cannot infer contextual base in reference to member 'recipeDetail'
120 |         #expect(viewModel.ownerTools.isVisible)
121 |         #expect(viewModel.ownerTools.editPath == "/recipes/recipe_lemon_pantry_pasta/edit")
122 |         #expect(viewModel.actions.startCookingRoute == .recipeDetail(id: "recipe_lemon_pantry_pasta", presentation: .cook))
    |                                                         `- error: cannot infer contextual base in reference to member 'recipeDetail'
123 |         #expect(viewModel.actions.shareURL.absoluteString == "https://spoonjoy.app/recipes/recipe_lemon_pantry_pasta")
124 |         #expect(viewModel.actions.chefProfilePath == "/users/ari")

/Users/arimendelow/Projects/spoonjoy-apple/Tests/SpoonjoyCoreTests/RecipeCatalogDetailTests.swift:122:118: error: cannot infer contextual base in reference to member 'cook'
120 |         #expect(viewModel.ownerTools.isVisible)
121 |         #expect(viewModel.ownerTools.editPath == "/recipes/recipe_lemon_pantry_pasta/edit")
122 |         #expect(viewModel.actions.startCookingRoute == .recipeDetail(id: "recipe_lemon_pantry_pasta", presentation: .cook))
    |                                                                                                                      `- error: cannot infer contextual base in reference to member 'cook'
123 |         #expect(viewModel.actions.shareURL.absoluteString == "https://spoonjoy.app/recipes/recipe_lemon_pantry_pasta")
124 |         #expect(viewModel.actions.chefProfilePath == "/users/ari")

/Users/arimendelow/Projects/spoonjoy-apple/Tests/SpoonjoyCoreTests/RecipeCatalogDetailTests.swift:125:56: error: cannot infer contextual base in reference to member 'stale'
123 |         #expect(viewModel.actions.shareURL.absoluteString == "https://spoonjoy.app/recipes/recipe_lemon_pantry_pasta")
124 |         #expect(viewModel.actions.chefProfilePath == "/users/ari")
125 |         #expect(viewModel.offlineIndicator.display == .stale(domain: .recipeDetail(id: "recipe_lemon_pantry_pasta")))
    |                                                        `- error: cannot infer contextual base in reference to member 'stale'
126 |         #expect(viewModel.offlineIndicator.display.informationalOnly)
127 |         #expect(Set(viewModel.supportedReadSurfaces) == Set([

/Users/arimendelow/Projects/spoonjoy-apple/Tests/SpoonjoyCoreTests/RecipeCatalogDetailTests.swift:125:71: error: cannot infer contextual base in reference to member 'recipeDetail'
123 |         #expect(viewModel.actions.shareURL.absoluteString == "https://spoonjoy.app/recipes/recipe_lemon_pantry_pasta")
124 |         #expect(viewModel.actions.chefProfilePath == "/users/ari")
125 |         #expect(viewModel.offlineIndicator.display == .stale(domain: .recipeDetail(id: "recipe_lemon_pantry_pasta")))
    |                                                                       `- error: cannot infer contextual base in reference to member 'recipeDetail'
126 |         #expect(viewModel.offlineIndicator.display.informationalOnly)
127 |         #expect(Set(viewModel.supportedReadSurfaces) == Set([

/Users/arimendelow/Projects/spoonjoy-apple/Tests/SpoonjoyCoreTests/RecipeCatalogDetailTests.swift:127:9: error: the compiler is unable to type-check this expression in reasonable time; try breaking up the expression into distinct sub-expressions
125 |         #expect(viewModel.offlineIndicator.display == .stale(domain: .recipeDetail(id: "recipe_lemon_pantry_pasta")))
126 |         #expect(viewModel.offlineIndicator.display.informationalOnly)
127 |         #expect(Set(viewModel.supportedReadSurfaces) == Set([
    |         `- error: the compiler is unable to type-check this expression in reasonable time; try breaking up the expression into distinct sub-expressions
128 |             .identity,
129 |             .cover,

/Users/arimendelow/Projects/spoonjoy-apple/Tests/SpoonjoyCoreTests/RecipeCatalogDetailTests.swift:146:22: error: cannot find 'RecipeCatalogDetailResult' in scope
144 |     func detailCacheRestoreKeepsFullRecipePayloadInsteadOfPlaceholderShell() throws {
145 |         let recipe = try Self.recipeDetail()
146 |         let cached = RecipeCatalogDetailResult(
    |                      `- error: cannot find 'RecipeCatalogDetailResult' in scope
147 |             recipe: recipe,
148 |             source: .cache(

/Users/arimendelow/Projects/spoonjoy-apple/Tests/SpoonjoyCoreTests/RecipeCatalogDetailTests.swift:148:22: error: cannot infer contextual base in reference to member 'cache'
146 |         let cached = RecipeCatalogDetailResult(
147 |             recipe: recipe,
148 |             source: .cache(
    |                      `- error: cannot infer contextual base in reference to member 'cache'
149 |                 serverRevision: .updatedAt(recipe.updatedAt),
150 |                 lastValidatedAt: Self.staleValidatedAt

/Users/arimendelow/Projects/spoonjoy-apple/Tests/SpoonjoyCoreTests/RecipeCatalogDetailTests.swift:149:34: error: cannot infer contextual base in reference to member 'updatedAt'
147 |             recipe: recipe,
148 |             source: .cache(
149 |                 serverRevision: .updatedAt(recipe.updatedAt),
    |                                  `- error: cannot infer contextual base in reference to member 'updatedAt'
150 |                 lastValidatedAt: Self.staleValidatedAt
151 |             )

/Users/arimendelow/Projects/spoonjoy-apple/Tests/SpoonjoyCoreTests/RecipeCatalogDetailTests.swift:156:45: error: cannot infer key path type from context; consider explicitly specifying a root type
154 |         #expect(cached.recipe.id == "recipe_lemon_pantry_pasta")
155 |         #expect(cached.recipe.attribution.creditText == "Lemon Pantry Pasta by ari on Spoonjoy")
156 |         #expect(cached.recipe.steps.flatMap(\.ingredients).map(\.name) == ["kosher salt", "spaghetti", "garlic", "lemon"])
    |                                             `- error: cannot infer key path type from context; consider explicitly specifying a root type
157 |         #expect(cached.recipe.steps[1].usingSteps.map(\.outputStepNum) == [1])
158 |         #expect(cached.recipe.recentSpoons.map(\.id) == ["spoon_jules_lemon"])

/Users/arimendelow/Projects/spoonjoy-apple/Tests/SpoonjoyCoreTests/RecipeCatalogDetailTests.swift:156:64: error: cannot infer key path type from context; consider explicitly specifying a root type
154 |         #expect(cached.recipe.id == "recipe_lemon_pantry_pasta")
155 |         #expect(cached.recipe.attribution.creditText == "Lemon Pantry Pasta by ari on Spoonjoy")
156 |         #expect(cached.recipe.steps.flatMap(\.ingredients).map(\.name) == ["kosher salt", "spaghetti", "garlic", "lemon"])
    |                                                                `- error: cannot infer key path type from context; consider explicitly specifying a root type
157 |         #expect(cached.recipe.steps[1].usingSteps.map(\.outputStepNum) == [1])
158 |         #expect(cached.recipe.recentSpoons.map(\.id) == ["spoon_jules_lemon"])

/Users/arimendelow/Projects/spoonjoy-apple/Tests/SpoonjoyCoreTests/RecipeCatalogDetailTests.swift:157:55: error: cannot infer key path type from context; consider explicitly specifying a root type
155 |         #expect(cached.recipe.attribution.creditText == "Lemon Pantry Pasta by ari on Spoonjoy")
156 |         #expect(cached.recipe.steps.flatMap(\.ingredients).map(\.name) == ["kosher salt", "spaghetti", "garlic", "lemon"])
157 |         #expect(cached.recipe.steps[1].usingSteps.map(\.outputStepNum) == [1])
    |                                                       `- error: cannot infer key path type from context; consider explicitly specifying a root type
158 |         #expect(cached.recipe.recentSpoons.map(\.id) == ["spoon_jules_lemon"])
159 |         #expect(cached.offlineIndicator(now: Self.now, freshnessPolicy: .offlineProductContract).display == .stale(domain: .recipeDetail(id: "recipe_lemon_pantry_pasta")))

/Users/arimendelow/Projects/spoonjoy-apple/Tests/SpoonjoyCoreTests/RecipeCatalogDetailTests.swift:158:48: error: cannot infer key path type from context; consider explicitly specifying a root type
156 |         #expect(cached.recipe.steps.flatMap(\.ingredients).map(\.name) == ["kosher salt", "spaghetti", "garlic", "lemon"])
157 |         #expect(cached.recipe.steps[1].usingSteps.map(\.outputStepNum) == [1])
158 |         #expect(cached.recipe.recentSpoons.map(\.id) == ["spoon_jules_lemon"])
    |                                                `- error: cannot infer key path type from context; consider explicitly specifying a root type
159 |         #expect(cached.offlineIndicator(now: Self.now, freshnessPolicy: .offlineProductContract).display == .stale(domain: .recipeDetail(id: "recipe_lemon_pantry_pasta")))
160 |     }

/Users/arimendelow/Projects/spoonjoy-apple/Tests/SpoonjoyCoreTests/RecipeCatalogDetailTests.swift:159:110: error: cannot infer contextual base in reference to member 'stale'
157 |         #expect(cached.recipe.steps[1].usingSteps.map(\.outputStepNum) == [1])
158 |         #expect(cached.recipe.recentSpoons.map(\.id) == ["spoon_jules_lemon"])
159 |         #expect(cached.offlineIndicator(now: Self.now, freshnessPolicy: .offlineProductContract).display == .stale(domain: .recipeDetail(id: "recipe_lemon_pantry_pasta")))
    |                                                                                                              `- error: cannot infer contextual base in reference to member 'stale'
160 |     }
161 |

/Users/arimendelow/Projects/spoonjoy-apple/Tests/SpoonjoyCoreTests/RecipeCatalogDetailTests.swift:159:125: error: cannot infer contextual base in reference to member 'recipeDetail'
157 |         #expect(cached.recipe.steps[1].usingSteps.map(\.outputStepNum) == [1])
158 |         #expect(cached.recipe.recentSpoons.map(\.id) == ["spoon_jules_lemon"])
159 |         #expect(cached.offlineIndicator(now: Self.now, freshnessPolicy: .offlineProductContract).display == .stale(domain: .recipeDetail(id: "recipe_lemon_pantry_pasta")))
    |                                                                                                                             `- error: cannot infer contextual base in reference to member 'recipeDetail'
160 |     }
161 |

/Users/arimendelow/Projects/spoonjoy-apple/Tests/SpoonjoyCoreTests/RecipeCatalogDetailTests.swift:159:74: error: cannot infer contextual base in reference to member 'offlineProductContract'
157 |         #expect(cached.recipe.steps[1].usingSteps.map(\.outputStepNum) == [1])
158 |         #expect(cached.recipe.recentSpoons.map(\.id) == ["spoon_jules_lemon"])
159 |         #expect(cached.offlineIndicator(now: Self.now, freshnessPolicy: .offlineProductContract).display == .stale(domain: .recipeDetail(id: "recipe_lemon_pantry_pasta")))
    |                                                                          `- error: cannot infer contextual base in reference to member 'offlineProductContract'
160 |     }
161 |
error: fatalError

--- surface contract red ---
FAIL: missing kitchen/recipe surface files: Sources/SpoonjoyCore/Features/RecipeCatalog/RecipeCatalogRepository.swift, Sources/SpoonjoyCore/Features/RecipeCatalog/RecipeCatalogViewModel.swift, Sources/SpoonjoyCore/Features/RecipeCatalog/RecipeDetailScreenViewModel.swift
