[0/1] Planning build
Building for debugging...
[0/6] Write sources
[2/6] Write swift-version--58304C5D6DBC2206.txt
[4/8] Emitting module SpoonjoyCore
[5/8] Compiling SpoonjoyCore ScenarioVerifier.swift
[5/10] Write Objects.LinkFileList
[6/12] Linking SpoonjoyScenarioVerifier
[7/12] Applying SpoonjoyScenarioVerifier
[9/12] Compiling SpoonjoyCoreTests RecipeCatalogDetailTests.swift
[10/12] Emitting module SpoonjoyCoreTests
[10/12] Write Objects.LinkFileList
[11/12] Linking SpoonjoyApplePackageTests
Build complete! (3.57s)
◇ Test run started.
↳ Testing Library Version: 1902
↳ Target Platform: arm64e-apple-macos14.0
◇ Suite "Recipe catalog and detail native parity" started.
◇ Test "recipe surfaces require feature layer wiring rather than raw fixture arrays" started.
◇ Test "detail screen view model exposes current web read parity without inventing comments" started.
◇ Test "detail cache restore keeps full recipe payload instead of placeholder shell" started.
◇ Test "visible repository path uses live first cached q filtering and stale detail fallback" started.
◇ Test "public recipe detail decodes dependencies recent spoons and provenance" started.
◇ Test "catalog view model trims query loads live rows and exposes route actions" started.
✔ Test "public recipe detail decodes dependencies recent spoons and provenance" passed after 0.002 seconds.
✔ Test "detail cache restore keeps full recipe payload instead of placeholder shell" passed after 0.002 seconds.
✔ Test "catalog view model trims query loads live rows and exposes route actions" passed after 0.002 seconds.
✔ Test "visible repository path uses live first cached q filtering and stale detail fallback" passed after 0.005 seconds.
✔ Test "detail screen view model exposes current web read parity without inventing comments" passed after 0.006 seconds.
✔ Test "recipe surfaces require feature layer wiring rather than raw fixture arrays" passed after 0.008 seconds.
✔ Suite "Recipe catalog and detail native parity" passed after 0.008 seconds.
✔ Test run with 6 tests in 1 suite passed after 0.008 seconds.
