Building for debugging...
[0/4] Write swift-version--58304C5D6DBC2206.txt
Build complete! (0.14s)
◇ Test run started.
↳ Testing Library Version: 1902
↳ Target Platform: arm64e-apple-macos14.0
◇ Suite "Capture import Siri intent contracts" started.
◇ Suite "Spotlight, App Shortcuts, and transfer integration contracts" started.
◇ Suite "Capture draft App Entity contracts" started.
◇ Suite "Native scenario metadata" started.
◇ Test "capture import Siri intents require entity-backed lifecycle actions" started.
◇ Test "capture draft entity purge plans cover logout account-switch discard and cache delete" started.
◇ Test "capture draft entities resolve from scoped app state and expose private transfer values" started.
◇ Test "Spotlight identifiers stay scoped and reject malformed private routes" started.
◇ Test "native metadata advertises every shipped entity as Spotlight indexed" started.
◇ Suite "Native live store and shell wiring" started.
◇ Test "capture draft entities filter wrong scope and reject unsafe identifiers" started.
◇ Test "capture draft entity coverage edges preserve labels loading and fail-closed behavior" started.
◇ Test "capture draft entity catalog loads from file backed stores" started.
◇ Test "capture draft entities restore from durable cache without exposing media identifiers" started.
◇ Test "shell content exposes spotlight scope only for bound signed in accounts" started.
◇ Test "Spotlight documents include semantic spoon capture draft and chef profile entities" started.
◇ Test "final report proves search capture settings and deep link safety" started.
◇ Test "source contracts wire semantic Spotlight, App Shortcuts, donations, on-screen annotations, and transfers" started.
◇ Test "native intent actions resolve routes local mutations and capture drafts" started.
◇ Test "spotlight index plan builds route aware searchable documents" started.
◇ Test "app integration sources typecheck and declare expected native types" started.
◇ Test "native metadata report encoding is deterministic" started.
◇ Test "surfaces report fails when surface sources are missing" started.
◇ Test "surfaces report proves kitchen recipe cook and shopping slices" started.
◇ Test "scenario command writes output and supports stdout mode" started.
◇ Test "capture draft entity sources exist with AppIntents contracts" started.
◇ Test "verify native scenarios script gates native metadata behavior" started.
◇ Test "native metadata report exposes Apple-native capabilities" started.
◇ Test "AASA validation requires app IDs and every deep link route component" started.
◇ Test "native metadata command parses stage and output path" started.
◇ Test "final behavioral checks fail closed for weak settings offline and link safety" started.
◇ Test "scenario command parses surfaces stage" started.
◇ Test "spotlight index plan covers fallback copy singular counts and uncategorized items" started.
◇ Test "surface behavioral checks fail closed for missing or throwing fixture data" started.
◇ Test "scenario verifier covers root override and failing native metadata checks" started.
{
  "checks" : [
    {
      "detail" : "Fixture resources are packaged.",
      "name" : "fixture bundle",
      "status" : "pass"
    },
    {
      "detail" : "Native metadata lands in Unit 10.",
      "name" : "native metadata",
      "status" : "pending"
    },
    {
      "detail" : "SwiftUI surfaces land in Units 13-16.",
      "name" : "app surfaces",
      "status" : "pending"
    }
  ],
  "nativeCapabilities" : {
    "appIntents" : [

    ],
    "associatedDomains" : [

    ],
    "deepLinkRoutes" : [

    ],
    "offlineFlows" : [
      "fixture-offline-restore"
    ],
    "searchableScopes" : [

    ],
    "shareActions" : [

    ],
    "spotlightIndexedTypes" : [

    ],
    "urlSchemes" : [

    ]
  },
  "ok" : true,
  "stage" : "bootstrap"
}
◇ Test "signed out settings and offline indicator cover every live shell state" started.
◇ Test "live store queueMutation persists mutations through native sync store" started.
◇ Test "live store records notification APNs Apple Developer Program blocker" started.
◇ Test "bootstrap states replace content without changing severity" started.
◇ Test "shell content settings surface view model covers signed-out loaded and signed-in unloaded states" started.
◇ Test "live store persists drained shopping checks when the base list came from app snapshot" started.
◇ Test "live store restores queued spoon mutations as optimistic recipe detail" started.
◇ Test "root view bootstraps through live store instead of fixture first run" started.
◇ Test "live store purges shopping and spoon entity indexes on logout and account switch" started.
◇ Test "recipe editor app surface drains online structural batches and labels conflict discard honestly" started.
◇ Test "live store resets mismatched app snapshots before recording local state" started.
◇ Test "live store maps sync conflict auth retry and local queue outcomes to shell states" started.
◇ Test "live store purges capture draft entity indexes on logout" started.
◇ Test "scenario verifier reports live store as structured checks and capabilities" started.
◇ Test "live store discard keeps independent conflicts and removes dependent queued recipe work" started.
◇ Test "live store ignores legacy unscoped app snapshot state" started.
◇ Test "shell contract gate live store instead of fixture parity" started.
◇ Test "live store records capture drafts retries and discard through durable app state" started.
◇ Test "live store restores only bound account cache route and Siri capture draft" started.
◇ Test "live store persists queued capture import blockers while unrelated work drains" started.
◇ Test "live store queue and conflict discard no-ops leave state untouched" started.
◇ Test "live store refreshes settings surface cache after sync" started.
◇ Test "live store clears capture draft and pending import after queued import drains" started.
◇ Test "live store restores queued shopping mutations as optimistic content" started.
◇ Test "live store contract covers global search scopes and environment rebinding" started.
◇ Test "live store executes capture import requests and prepends imported recipes" started.
◇ Test "live store executes recipe editor requests with auth-refreshing transport" started.
◇ Test "unbound authenticated offline restore fails closed for private sync cache" started.
◇ Test "signed in search recording persists scoped cache and filters private rows" started.
◇ Test "live store queueMutation discards previous owner media queue before appending current work" started.
◇ Test "live store reports partial online recipe editor drains before the editor closes" started.
◇ Test "live store represents an empty synced shopping list" started.
◇ Test "live store covers shopping merge ties signed-in settings and environment failures" started.
◇ Test "live store ignores app snapshot state from another account" started.
◇ Test "environment switch clears previous environment content and applies scoped sync" started.
◇ Test "restore cache only launch mode renders signed-in settings without live fetch" started.
◇ Test "live store purges chef profile entity indexes with scoped requests" started.
◇ Test "core declares live app bootstrap state and repository dependencies" started.
◇ Test "live store queueMutation optimistically reflects queued recipe edits" started.
◇ Test "live store appends mutations to matching scoped queue" started.
◇ Test "live store performs settings session operations and returns to signed out shell" started.
◇ Test "restore cache only launch mode preserves expired signed-in cache without refreshing" started.
◇ Test "live store discards conflicted queued recipe mutation when discarding local edit" started.
◇ Test "shell content restores notification APNs status from durable cache" started.
◇ Test "shell content folds synced spoon records and tombstones into restored recipes" started.
◇ Test "production sources cannot silently use fixture bundles" started.
◇ Test "production fixture fallback is an explicit test and demo only policy" started.
◇ Test "live store deletes superseded spoon draft media unless queued" started.
◇ Test "platform navigation consumes live content state and never decodes production fixtures" started.
◇ Test "restore cache only launch mode preserves signed-out shell without live fetch" started.
◇ Test "live store executes settings action requests and captures created tokens" started.
◇ Test "live store persists direct capture import provider blocker through successful bootstrap" started.
◇ Test "live store handles capture import blockers without durable app state" started.
◇ Test "shell content exposes recipe catalog source for live and offline states" started.
◇ Test "live store consumes capture draft entity purge requests from sync reports" started.
◇ Test "signed out search recording does not overwrite mismatched durable account cache" started.
◇ Test "live store queueMutation optimistically reflects queued cookbook edits" started.
◇ Test "live store keeps drained shopping mutations visible and cached after immediate online drain" started.
◇ Test "live store does not double apply drained structural recipe mutations after immediate online drain" started.
◇ Test "live store refreshes auth before sync and hydrates applied sync cache" started.
◇ Test "live store reports fixture fallback and queue persistence failures as sync failures" started.
◇ Test "live store keeps drained recipe editor mutations visible after immediate online drain" started.
◇ Test "signed out live store restores durable fallback content and records scoped routes" started.
◇ Test "live store dependencies default recipe editor transport is URLSession-backed" started.
✔ Test "native metadata advertises every shipped entity as Spotlight indexed" passed after 0.069 seconds.
✔ Test "Spotlight identifiers stay scoped and reject malformed private routes" passed after 0.070 seconds.
✔ Test "capture draft entity purge plans cover logout account-switch discard and cache delete" passed after 0.070 seconds.
✔ Test "capture draft entities filter wrong scope and reject unsafe identifiers" passed after 0.069 seconds.
✔ Test "Spotlight documents include semantic spoon capture draft and chef profile entities" passed after 0.069 seconds.
✔ Test "shell content exposes spotlight scope only for bound signed in accounts" passed after 0.069 seconds.
✔ Test "native intent actions resolve routes local mutations and capture drafts" passed after 0.069 seconds.
✔ Test "capture draft entity catalog loads from file backed stores" passed after 0.070 seconds.
✔ Test "capture draft entities resolve from scoped app state and expose private transfer values" passed after 0.070 seconds.
✔ Test "capture draft entities restore from durable cache without exposing media identifiers" passed after 0.070 seconds.
✔ Test "capture draft entity coverage edges preserve labels loading and fail-closed behavior" passed after 0.070 seconds.
✔ Test "native metadata report encoding is deterministic" passed after 0.069 seconds.
✔ Test "spotlight index plan builds route aware searchable documents" passed after 0.069 seconds.
✔ Test "surfaces report fails when surface sources are missing" passed after 0.069 seconds.
✔ Test "scenario command writes output and supports stdout mode" passed after 0.069 seconds.
✔ Test "native metadata command parses stage and output path" passed after 0.069 seconds.
✔ Test "final behavioral checks fail closed for weak settings offline and link safety" passed after 0.069 seconds.
✔ Test "scenario command parses surfaces stage" passed after 0.081 seconds.
✔ Test "spotlight index plan covers fallback copy singular counts and uncategorized items" passed after 0.102 seconds.
✔ Test "surface behavioral checks fail closed for missing or throwing fixture data" passed after 0.102 seconds.
✔ Test "native metadata report exposes Apple-native capabilities" passed after 0.115 seconds.
✔ Test "signed out settings and offline indicator cover every live shell state" passed after 0.160 seconds.
✔ Test "bootstrap states replace content without changing severity" passed after 0.160 seconds.
✔ Test "shell content settings surface view model covers signed-out loaded and signed-in unloaded states" passed after 0.160 seconds.
✔ Test "root view bootstraps through live store instead of fixture first run" passed after 0.160 seconds.
✔ Test "scenario verifier covers root override and failing native metadata checks" passed after 0.206 seconds.
✔ Test "surfaces report proves kitchen recipe cook and shopping slices" passed after 0.206 seconds.
✔ Test "recipe editor app surface drains online structural batches and labels conflict discard honestly" passed after 0.160 seconds.
✔ Test "shell contract gate live store instead of fixture parity" passed after 0.160 seconds.
✔ Test "live store contract covers global search scopes and environment rebinding" passed after 0.149 seconds.
✔ Test "shell content restores notification APNs status from durable cache" passed after 0.145 seconds.
✔ Test "final report proves search capture settings and deep link safety" passed after 0.206 seconds.
✔ Test "shell content folds synced spoon records and tombstones into restored recipes" passed after 0.145 seconds.
✔ Test "scenario verifier reports live store as structured checks and capabilities" passed after 0.160 seconds.
✔ Test "core declares live app bootstrap state and repository dependencies" passed after 0.146 seconds.
✔ Test "shell content exposes recipe catalog source for live and offline states" passed after 0.144 seconds.
✔ Test "live store records notification APNs Apple Developer Program blocker" passed after 0.161 seconds.
✔ Test "live store resets mismatched app snapshots before recording local state" passed after 0.160 seconds.
✔ Test "signed out search recording does not overwrite mismatched durable account cache" passed after 0.145 seconds.
✔ Test "platform navigation consumes live content state and never decodes production fixtures" passed after 0.155 seconds.
✔ Test "capture import Siri intents require entity-backed lifecycle actions" passed after 0.228 seconds.
✔ Suite "Capture import Siri intent contracts" passed after 0.228 seconds.
✔ Test "live store dependencies default recipe editor transport is URLSession-backed" passed after 0.167 seconds.
✔ Test "source contracts wire semantic Spotlight, App Shortcuts, donations, on-screen annotations, and transfers" passed after 0.264 seconds.
✔ Suite "Spotlight, App Shortcuts, and transfer integration contracts" passed after 0.264 seconds.
✔ Test "capture draft entity sources exist with AppIntents contracts" passed after 0.272 seconds.
✔ Suite "Capture draft App Entity contracts" passed after 0.272 seconds.
✔ Test "live store queueMutation persists mutations through native sync store" passed after 0.254 seconds.
✔ Test "restore cache only launch mode preserves signed-out shell without live fetch" passed after 0.243 seconds.
✔ Test "restore cache only launch mode renders signed-in settings without live fetch" passed after 0.268 seconds.
✔ Test "restore cache only launch mode preserves expired signed-in cache without refreshing" passed after 0.267 seconds.
✔ Test "unbound authenticated offline restore fails closed for private sync cache" passed after 0.287 seconds.
✔ Test "live store handles capture import blockers without durable app state" passed after 0.289 seconds.
✔ Test "live store ignores legacy unscoped app snapshot state" passed after 0.317 seconds.
✔ Test "live store persists queued capture import blockers while unrelated work drains" passed after 0.314 seconds.
✔ Test "signed in search recording persists scoped cache and filters private rows" passed after 0.309 seconds.
✔ Test "live store ignores app snapshot state from another account" passed after 0.310 seconds.
✔ Test "live store represents an empty synced shopping list" passed after 0.310 seconds.
✔ Test "live store restores only bound account cache route and Siri capture draft" passed after 0.327 seconds.
✔ Test "signed out live store restores durable fallback content and records scoped routes" passed after 0.307 seconds.
✔ Test "live store refreshes settings surface cache after sync" passed after 0.320 seconds.
✔ Test "live store executes capture import requests and prepends imported recipes" passed after 0.320 seconds.
✔ Test "live store reports fixture fallback and queue persistence failures as sync failures" passed after 0.311 seconds.
✔ Test "live store queueMutation discards previous owner media queue before appending current work" passed after 0.323 seconds.
✔ Test "live store covers shopping merge ties signed-in settings and environment failures" passed after 0.326 seconds.
✔ Test "live store consumes capture draft entity purge requests from sync reports" passed after 0.326 seconds.
✔ Test "live store deletes superseded spoon draft media unless queued" passed after 0.334 seconds.
✔ Test "live store queueMutation optimistically reflects queued cookbook edits" passed after 0.328 seconds.
✔ Test "live store queue and conflict discard no-ops leave state untouched" passed after 0.348 seconds.
✔ Test "environment switch clears previous environment content and applies scoped sync" passed after 0.338 seconds.
✔ Test "production sources cannot silently use fixture bundles" passed after 0.337 seconds.
✔ Test "live store performs settings session operations and returns to signed out shell" passed after 0.337 seconds.
✔ Test "live store appends mutations to matching scoped queue" passed after 0.337 seconds.
✔ Test "live store refreshes auth before sync and hydrates applied sync cache" passed after 0.332 seconds.
✔ Test "live store records capture drafts retries and discard through durable app state" passed after 0.354 seconds.
✔ Test "live store executes recipe editor requests with auth-refreshing transport" passed after 0.347 seconds.
✔ Test "live store persists direct capture import provider blocker through successful bootstrap" passed after 0.342 seconds.
✔ Test "live store purges capture draft entity indexes on logout" passed after 0.362 seconds.
✔ Test "live store discards conflicted queued recipe mutation when discarding local edit" passed after 0.346 seconds.
✔ Test "live store restores queued spoon mutations as optimistic recipe detail" passed after 0.369 seconds.
✔ Test "live store persists drained shopping checks when the base list came from app snapshot" passed after 0.369 seconds.
✔ Test "live store restores queued shopping mutations as optimistic content" passed after 0.359 seconds.
✔ Test "live store reports partial online recipe editor drains before the editor closes" passed after 0.360 seconds.
✔ Test "live store clears capture draft and pending import after queued import drains" passed after 0.364 seconds.
✔ Test "live store keeps drained recipe editor mutations visible after immediate online drain" passed after 0.352 seconds.
✔ Test "live store does not double apply drained structural recipe mutations after immediate online drain" passed after 0.352 seconds.
✔ Test "live store executes settings action requests and captures created tokens" passed after 0.360 seconds.
✔ Test "live store queueMutation optimistically reflects queued recipe edits" passed after 0.363 seconds.
✔ Test "live store keeps drained shopping mutations visible and cached after immediate online drain" passed after 0.356 seconds.
✔ Test "live store purges chef profile entity indexes with scoped requests" passed after 0.366 seconds.
✔ Test "live store maps sync conflict auth retry and local queue outcomes to shell states" passed after 0.382 seconds.
✔ Test "live store purges shopping and spoon entity indexes on logout and account switch" passed after 0.382 seconds.
✔ Test "live store discard keeps independent conflicts and removes dependent queued recipe work" passed after 0.386 seconds.
✔ Test "AASA validation requires app IDs and every deep link route component" passed after 0.870 seconds.
✔ Test "production fixture fallback is an explicit test and demo only policy" passed after 0.972 seconds.
✔ Suite "Native live store and shell wiring" passed after 1.034 seconds.
✔ Test "app integration sources typecheck and declare expected native types" passed after 3.147 seconds.
✔ Test "verify native scenarios script gates native metadata behavior" passed after 17.690 seconds.
✔ Suite "Native scenario metadata" passed after 17.691 seconds.
✔ Test run with 94 tests in 5 suites passed after 17.691 seconds.
