Building for debugging...
[0/4] Write swift-version--58304C5D6DBC2206.txt
Build complete! (0.12s)
◇ Test run started.
↳ Testing Library Version: 1902
↳ Target Platform: arm64e-apple-macos14.0
◇ Suite "Native sharing payloads" started.
◇ Suite "Native scenario metadata" started.
◇ Suite "Native recipe action parity" started.
◇ Suite "Recipe catalog and detail native parity" started.
◇ Test "private product values use native transfers without fake public URLs" started.
◇ Test "public payload builders reject non-object and non-spoonjoy canonical URLs" started.
◇ Test "sharing catalog stays system-share only and does not invent social surfaces" started.
◇ Test "public share route policy only exposes recipe and cookbook object URLs" started.
◇ Test "recipe and cookbook public payloads use canonical model URLs exactly" started.
◇ Test "surfaces report proves kitchen recipe cook and shopping slices" started.
◇ Test "visitor recipe detail exposes fork but hides owner-only actions" started.
◇ Test "final report proves search capture settings and deep link safety" started.
◇ Test "native metadata report encoding is deterministic" started.
◇ Test "recipe detail exposes native action metadata without inventing new social surfaces" started.
◇ Test "online recipe actions plan exact REST mutations with offline fallbacks" started.
◇ Test "verify native scenarios script gates native metadata behavior" started.
◇ Test "catalog and detail view models cover blank empty and deleted-spoon states" started.
◇ Test "platform navigation renders native cover controls instead of a placeholder" started.
◇ Test "scenario verifier covers root override and failing native metadata checks" started.
◇ Test "public recipe detail decodes dependencies recent spoons and provenance" started.
◇ Test "spotlight index plan covers fallback copy singular counts and uncategorized items" started.
◇ Test "offline actions queue safe mutations and owner delete requires confirmation" started.
◇ Test "scenario command writes output and supports stdout mode" started.
◇ Test "recipe surfaces require feature layer wiring rather than raw fixture arrays" started.
◇ Test "app integration sources typecheck and declare expected native types" started.
◇ Test "detail screen view model exposes current web read parity without inventing comments" started.
◇ Test "native metadata report exposes Apple-native capabilities" started.
◇ Test "catalog view model trims query loads live rows and exposes route actions" started.
◇ Test "native intent actions resolve routes local mutations and capture drafts" started.
◇ Test "detail cache restore keeps full recipe payload instead of placeholder shell" started.
◇ Test "live repository builds public catalog requests and maps response envelopes" started.
◇ Test "native metadata command parses stage and output path" started.
◇ Test "surface behavioral checks fail closed for missing or throwing fixture data" started.
◇ Test "spotlight index plan builds route aware searchable documents" started.
◇ Test "scenario command parses surfaces stage" started.
◇ Test "visible repository path uses live first cached q filtering and stale detail fallback" started.
◇ Test "surfaces report fails when surface sources are missing" started.
◇ Test "final behavioral checks fail closed for weak settings offline and link safety" started.
✔ Test "sharing catalog stays system-share only and does not invent social surfaces" passed after 0.009 seconds.
✔ Test "public share route policy only exposes recipe and cookbook object URLs" passed after 0.009 seconds.
✔ Test "recipe detail exposes native action metadata without inventing new social surfaces" passed after 0.009 seconds.
✔ Test "visitor recipe detail exposes fork but hides owner-only actions" passed after 0.009 seconds.
✔ Test "online recipe actions plan exact REST mutations with offline fallbacks" passed after 0.009 seconds.
✔ Test "recipe and cookbook public payloads use canonical model URLs exactly" passed after 0.009 seconds.
✔ Test "offline actions queue safe mutations and owner delete requires confirmation" passed after 0.009 seconds.
✔ Test "spotlight index plan covers fallback copy singular counts and uncategorized items" passed after 0.009 seconds.
✔ Test "public recipe detail decodes dependencies recent spoons and provenance" passed after 0.009 seconds.
✔ Test "native metadata report encoding is deterministic" passed after 0.009 seconds.
✔ Test "scenario verifier covers root override and failing native metadata checks" passed after 0.009 seconds.
✔ Test "detail screen view model exposes current web read parity without inventing comments" passed after 0.009 seconds.
✔ Test "private product values use native transfers without fake public URLs" passed after 0.010 seconds.
✔ Test "detail cache restore keeps full recipe payload instead of placeholder shell" passed after 0.009 seconds.
✔ Test "native intent actions resolve routes local mutations and capture drafts" passed after 0.009 seconds.
✔ Test "native metadata report exposes Apple-native capabilities" passed after 0.009 seconds.
✔ Test "native metadata command parses stage and output path" passed after 0.009 seconds.
✔ Test "live repository builds public catalog requests and maps response envelopes" passed after 0.009 seconds.
✔ Test "spotlight index plan builds route aware searchable documents" passed after 0.009 seconds.
✔ Test "scenario command parses surfaces stage" passed after 0.009 seconds.
✔ Test "surface behavioral checks fail closed for missing or throwing fixture data" passed after 0.009 seconds.
✔ Test "visible repository path uses live first cached q filtering and stale detail fallback" passed after 0.009 seconds.
✔ Test "final behavioral checks fail closed for weak settings offline and link safety" passed after 0.009 seconds.
✔ Test "catalog and detail view models cover blank empty and deleted-spoon states" passed after 0.010 seconds.
✔ Test "surfaces report fails when surface sources are missing" passed after 0.009 seconds.
{
  "checks" : [
    {
      "detail" : "Fixture resources are packaged.",
      "name" : "fixture bundle",
      "status" : "pass"
    },
    {
      "detail" : "Native metadata lands in Unit 10.",
      "name" : "native metadata",
      "status" : "pending"
    },
    {
      "detail" : "SwiftUI surfaces land in Units 13-16.",
      "name" : "app surfaces",
      "status" : "pending"
    }
  ],
  "nativeCapabilities" : {
    "appIntents" : [

    ],
    "associatedDomains" : [

    ],
    "deepLinkRoutes" : [

    ],
    "offlineFlows" : [
      "fixture-offline-restore"
    ],
    "searchableScopes" : [

    ],
    "shareActions" : [

    ],
    "spotlightIndexedTypes" : [

    ],
    "urlSchemes" : [

    ]
  },
  "ok" : true,
  "stage" : "bootstrap"
}
✔ Test "scenario command writes output and supports stdout mode" passed after 0.010 seconds.
✔ Test "catalog view model trims query loads live rows and exposes route actions" passed after 0.010 seconds.
✔ Test "platform navigation renders native cover controls instead of a placeholder" passed after 0.014 seconds.
✔ Suite "Native recipe action parity" passed after 0.014 seconds.
✔ Test "public payload builders reject non-object and non-spoonjoy canonical URLs" passed after 0.015 seconds.
✔ Suite "Native sharing payloads" passed after 0.015 seconds.
✔ Test "recipe surfaces require feature layer wiring rather than raw fixture arrays" passed after 0.022 seconds.
✔ Suite "Recipe catalog and detail native parity" passed after 0.022 seconds.
✔ Test "surfaces report proves kitchen recipe cook and shopping slices" passed after 0.025 seconds.
✔ Test "final report proves search capture settings and deep link safety" passed after 0.035 seconds.
✔ Test "app integration sources typecheck and declare expected native types" passed after 0.593 seconds.
✔ Test "verify native scenarios script gates native metadata behavior" passed after 12.367 seconds.
✔ Suite "Native scenario metadata" passed after 12.367 seconds.
✔ Test run with 34 tests in 4 suites passed after 12.368 seconds.
