Building for debugging...
[0/5] Write sources
[1/5] Write swift-version--58304C5D6DBC2206.txt
[3/5] Compiling SpoonjoyCoreTests CaptureImportIntentTests.swift
[4/5] Emitting module SpoonjoyCoreTests
[4/6] Write Objects.LinkFileList
[5/6] Linking SpoonjoyApplePackageTests
Build complete! (5.19s)
◇ Test run started.
↳ Testing Library Version: 1902
↳ Target Platform: arm64e-apple-macos14.0
◇ Suite "Capture import Siri intent contracts" started.
◇ Test "capture import Siri intents require entity-backed lifecycle actions" started.
✘ Test "capture import Siri intents require entity-backed lifecycle actions" recorded an issue at CaptureImportIntentTests.swift:310:9: Expectation failed: (failures → ["Apps/Spoonjoy/Shared/Native/SpoonjoyAppIntents.swift missing struct SubmitCaptureImportIntent: AppIntent", "Apps/Spoonjoy/Shared/Native/SpoonjoyAppIntents.swift missing struct OpenCaptureDraftIntent: AppIntent", "Apps/Spoonjoy/Shared/Native/SpoonjoyAppIntents.swift missing struct DiscardCaptureDraftIntent: AppIntent", "Apps/Spoonjoy/Shared/Native/SpoonjoyAppIntents.swift missing @Parameter(title: \"Source\", requestValueDialog:", "Apps/Spoonjoy/Shared/Native/SpoonjoyAppIntents.swift missing var draft: SpoonjoyCaptureDraftEntity", "Apps/Spoonjoy/Shared/Native/SpoonjoyAppIntents.swift missing NativeIntentActionResolver().submitCaptureImport(draft: draft.descriptor", "Apps/Spoonjoy/Shared/Native/SpoonjoyAppIntents.swift missing NativeIntentActionResolver().openCaptureDraft(draft: draft.descriptor", "Apps/Spoonjoy/Shared/Native/SpoonjoyAppIntents.swift missing NativeIntentActionResolver().discardCaptureDraft(draft: draft.descriptor", "Apps/Spoonjoy/Shared/Native/SpoonjoyAppIntents.swift missing String(describing: SubmitCaptureImportIntent())", "Apps/Spoonjoy/Shared/Native/SpoonjoyAppIntents.swift missing String(describing: OpenCaptureDraftIntent())", "Apps/Spoonjoy/Shared/Native/SpoonjoyAppIntents.swift missing String(describing: DiscardCaptureDraftIntent())", "Sources/SpoonjoyCore/Native/CaptureDraftEntityCatalog.swift missing public let importableDraft: CaptureDraft?", "Sources/SpoonjoyCore/Native/CaptureDraftEntityCatalog.swift missing public let pendingImport: NativeQueuedMutation?", "Sources/SpoonjoyCore/Native/CaptureDraftEntityCatalog.swift missing importableDraft: draft", "Sources/SpoonjoyCore/Native/CaptureDraftEntityCatalog.swift missing pendingImport: record.pendingImport", "Sources/SpoonjoyCore/Native/CaptureDraftEntityCatalog.swift missing recipeImportSource == draftImportSource", "Sources/SpoonjoyCore/Native/NativeIntentAction.swift missing case captureDraftOwnershipRequired(draftID: String)", "Sources/SpoonjoyCore/Native/NativeIntentAction.swift missing case captureImportNeedsTextRecognition(draftID: String)", "Sources/SpoonjoyCore/Native/NativeIntentAction.swift missing public func submitCaptureImport(", "Sources/SpoonjoyCore/Native/NativeIntentAction.swift missing public func openCaptureDraft(", "Sources/SpoonjoyCore/Native/NativeIntentAction.swift missing public func discardCaptureDraft(", "Sources/SpoonjoyCore/Native/NativeIntentAction.swift missing CaptureImportViewModel(", "Sources/SpoonjoyCore/Native/NativeIntentAction.swift missing pendingRetryMutation:", "Sources/SpoonjoyCore/Native/NativeIntentAction.swift missing NativeQueuedMutation.captureDraftDiscard(", "Sources/SpoonjoyCore/Native/NativeIntentAction.swift missing captureDraftForMutation(", "Sources/SpoonjoyCore/Native/NativeIntentAction.swift missing captureDraftIDForMutation(", "Sources/SpoonjoyCore/Native/NativeCapabilityMetadata.swift missing SubmitCaptureImportIntent", "Sources/SpoonjoyCore/Native/NativeCapabilityMetadata.swift missing OpenCaptureDraftIntent", "Sources/SpoonjoyCore/Native/NativeCapabilityMetadata.swift missing DiscardCaptureDraftIntent", "Sources/SpoonjoyCore/Native/ScenarioVerifier.swift missing Capture import Siri intents", "Sources/SpoonjoyCore/Native/ScenarioVerifier.swift missing SubmitCaptureImportIntent", "Sources/SpoonjoyCore/Native/ScenarioVerifier.swift missing OpenCaptureDraftIntent", "Sources/SpoonjoyCore/Native/ScenarioVerifier.swift missing DiscardCaptureDraftIntent", "Apps/Spoonjoy/Shared/Native/SpoonjoyAppIntents.swift SpoonjoyIntentShortcutBudget missing String(describing: SubmitCaptureImportIntent())", "Apps/Spoonjoy/Shared/Native/SpoonjoyAppIntents.swift SpoonjoyIntentShortcutBudget missing String(describing: OpenCaptureDraftIntent())", "Apps/Spoonjoy/Shared/Native/SpoonjoyAppIntents.swift SpoonjoyIntentShortcutBudget missing String(describing: DiscardCaptureDraftIntent())", "Apps/Spoonjoy/Shared/Native/SpoonjoyAppIntents.swift CaptureRecipeIntent missing @Parameter(title: \"Source\", requestValueDialog:", "Apps/Spoonjoy/Shared/Native/SpoonjoyAppIntents.swift missing body for SubmitCaptureImportIntent", "Apps/Spoonjoy/Shared/Native/SpoonjoyAppIntents.swift missing body for OpenCaptureDraftIntent", "Apps/Spoonjoy/Shared/Native/SpoonjoyAppIntents.swift missing body for DiscardCaptureDraftIntent", "Apps/Spoonjoy/Shared/Native/SpoonjoyAppIntents.swift SpoonjoyIntentStateWriter missing .recipeImportSubmit", "Apps/Spoonjoy/Shared/Native/SpoonjoyAppIntents.swift SpoonjoyIntentStateWriter missing queue.mutations.contains(where:", "Apps/Spoonjoy/Shared/Native/SpoonjoyAppIntents.swift SpoonjoyIntentStateWriter missing clientMutationID == mutation.clientMutationID", "Apps/Spoonjoy/Shared/Native/SpoonjoyAppIntents.swift SpoonjoyIntentStateWriter missing recordingCaptureImportRetry", "Apps/Spoonjoy/Shared/Native/SpoonjoyAppIntents.swift SpoonjoyIntentStateWriter missing .captureDraftDiscard", "Apps/Spoonjoy/Shared/Native/SpoonjoyAppIntents.swift SpoonjoyIntentStateWriter missing recipeImportSource == draftImportSource", "Apps/Spoonjoy/Shared/Native/SpoonjoyAppIntents.swift SpoonjoyIntentStateWriter missing removing(clientMutationIDs:", "Apps/Spoonjoy/Shared/Native/SpoonjoyAppIntents.swift SpoonjoyIntentStateWriter missing discardingCaptureDraft", "Sources/SpoonjoyCore/Native/NativeIntentAction.swift missing body for submitCaptureImport resolver", "Sources/SpoonjoyCore/Native/NativeIntentAction.swift missing body for openCaptureDraft resolver", "Sources/SpoonjoyCore/Native/NativeIntentAction.swift missing body for discardCaptureDraft resolver", "Sources/SpoonjoyCore/Native/NativeIntentAction.swift missing body for captureDraftIDForMutation helper", "Sources/SpoonjoyCore/Native/NativeIntentAction.swift missing body for captureDraftForMutation helper"]).isEmpty → false
↳ Apps/Spoonjoy/Shared/Native/SpoonjoyAppIntents.swift missing struct SubmitCaptureImportIntent: AppIntent
  Apps/Spoonjoy/Shared/Native/SpoonjoyAppIntents.swift missing struct OpenCaptureDraftIntent: AppIntent
  Apps/Spoonjoy/Shared/Native/SpoonjoyAppIntents.swift missing struct DiscardCaptureDraftIntent: AppIntent
  Apps/Spoonjoy/Shared/Native/SpoonjoyAppIntents.swift missing @Parameter(title: "Source", requestValueDialog:
  Apps/Spoonjoy/Shared/Native/SpoonjoyAppIntents.swift missing var draft: SpoonjoyCaptureDraftEntity
  Apps/Spoonjoy/Shared/Native/SpoonjoyAppIntents.swift missing NativeIntentActionResolver().submitCaptureImport(draft: draft.descriptor
  Apps/Spoonjoy/Shared/Native/SpoonjoyAppIntents.swift missing NativeIntentActionResolver().openCaptureDraft(draft: draft.descriptor
  Apps/Spoonjoy/Shared/Native/SpoonjoyAppIntents.swift missing NativeIntentActionResolver().discardCaptureDraft(draft: draft.descriptor
  Apps/Spoonjoy/Shared/Native/SpoonjoyAppIntents.swift missing String(describing: SubmitCaptureImportIntent())
  Apps/Spoonjoy/Shared/Native/SpoonjoyAppIntents.swift missing String(describing: OpenCaptureDraftIntent())
  Apps/Spoonjoy/Shared/Native/SpoonjoyAppIntents.swift missing String(describing: DiscardCaptureDraftIntent())
  Sources/SpoonjoyCore/Native/CaptureDraftEntityCatalog.swift missing public let importableDraft: CaptureDraft?
  Sources/SpoonjoyCore/Native/CaptureDraftEntityCatalog.swift missing public let pendingImport: NativeQueuedMutation?
  Sources/SpoonjoyCore/Native/CaptureDraftEntityCatalog.swift missing importableDraft: draft
  Sources/SpoonjoyCore/Native/CaptureDraftEntityCatalog.swift missing pendingImport: record.pendingImport
  Sources/SpoonjoyCore/Native/CaptureDraftEntityCatalog.swift missing recipeImportSource == draftImportSource
  Sources/SpoonjoyCore/Native/NativeIntentAction.swift missing case captureDraftOwnershipRequired(draftID: String)
  Sources/SpoonjoyCore/Native/NativeIntentAction.swift missing case captureImportNeedsTextRecognition(draftID: String)
  Sources/SpoonjoyCore/Native/NativeIntentAction.swift missing public func submitCaptureImport(
  Sources/SpoonjoyCore/Native/NativeIntentAction.swift missing public func openCaptureDraft(
  Sources/SpoonjoyCore/Native/NativeIntentAction.swift missing public func discardCaptureDraft(
  Sources/SpoonjoyCore/Native/NativeIntentAction.swift missing CaptureImportViewModel(
  Sources/SpoonjoyCore/Native/NativeIntentAction.swift missing pendingRetryMutation:
  Sources/SpoonjoyCore/Native/NativeIntentAction.swift missing NativeQueuedMutation.captureDraftDiscard(
  Sources/SpoonjoyCore/Native/NativeIntentAction.swift missing captureDraftForMutation(
  Sources/SpoonjoyCore/Native/NativeIntentAction.swift missing captureDraftIDForMutation(
  Sources/SpoonjoyCore/Native/NativeCapabilityMetadata.swift missing SubmitCaptureImportIntent
  Sources/SpoonjoyCore/Native/NativeCapabilityMetadata.swift missing OpenCaptureDraftIntent
  Sources/SpoonjoyCore/Native/NativeCapabilityMetadata.swift missing DiscardCaptureDraftIntent
  Sources/SpoonjoyCore/Native/ScenarioVerifier.swift missing Capture import Siri intents
  Sources/SpoonjoyCore/Native/ScenarioVerifier.swift missing SubmitCaptureImportIntent
  Sources/SpoonjoyCore/Native/ScenarioVerifier.swift missing OpenCaptureDraftIntent
  Sources/SpoonjoyCore/Native/ScenarioVerifier.swift missing DiscardCaptureDraftIntent
  Apps/Spoonjoy/Shared/Native/SpoonjoyAppIntents.swift SpoonjoyIntentShortcutBudget missing String(describing: SubmitCaptureImportIntent())
  Apps/Spoonjoy/Shared/Native/SpoonjoyAppIntents.swift SpoonjoyIntentShortcutBudget missing String(describing: OpenCaptureDraftIntent())
  Apps/Spoonjoy/Shared/Native/SpoonjoyAppIntents.swift SpoonjoyIntentShortcutBudget missing String(describing: DiscardCaptureDraftIntent())
  Apps/Spoonjoy/Shared/Native/SpoonjoyAppIntents.swift CaptureRecipeIntent missing @Parameter(title: "Source", requestValueDialog:
  Apps/Spoonjoy/Shared/Native/SpoonjoyAppIntents.swift missing body for SubmitCaptureImportIntent
  Apps/Spoonjoy/Shared/Native/SpoonjoyAppIntents.swift missing body for OpenCaptureDraftIntent
  Apps/Spoonjoy/Shared/Native/SpoonjoyAppIntents.swift missing body for DiscardCaptureDraftIntent
  Apps/Spoonjoy/Shared/Native/SpoonjoyAppIntents.swift SpoonjoyIntentStateWriter missing .recipeImportSubmit
  Apps/Spoonjoy/Shared/Native/SpoonjoyAppIntents.swift SpoonjoyIntentStateWriter missing queue.mutations.contains(where:
  Apps/Spoonjoy/Shared/Native/SpoonjoyAppIntents.swift SpoonjoyIntentStateWriter missing clientMutationID == mutation.clientMutationID
  Apps/Spoonjoy/Shared/Native/SpoonjoyAppIntents.swift SpoonjoyIntentStateWriter missing recordingCaptureImportRetry
  Apps/Spoonjoy/Shared/Native/SpoonjoyAppIntents.swift SpoonjoyIntentStateWriter missing .captureDraftDiscard
  Apps/Spoonjoy/Shared/Native/SpoonjoyAppIntents.swift SpoonjoyIntentStateWriter missing recipeImportSource == draftImportSource
  Apps/Spoonjoy/Shared/Native/SpoonjoyAppIntents.swift SpoonjoyIntentStateWriter missing removing(clientMutationIDs:
  Apps/Spoonjoy/Shared/Native/SpoonjoyAppIntents.swift SpoonjoyIntentStateWriter missing discardingCaptureDraft
  Sources/SpoonjoyCore/Native/NativeIntentAction.swift missing body for submitCaptureImport resolver
  Sources/SpoonjoyCore/Native/NativeIntentAction.swift missing body for openCaptureDraft resolver
  Sources/SpoonjoyCore/Native/NativeIntentAction.swift missing body for discardCaptureDraft resolver
  Sources/SpoonjoyCore/Native/NativeIntentAction.swift missing body for captureDraftIDForMutation helper
  Sources/SpoonjoyCore/Native/NativeIntentAction.swift missing body for captureDraftForMutation helper
✘ Test "capture import Siri intents require entity-backed lifecycle actions" failed after 0.131 seconds with 1 issue.
✘ Suite "Capture import Siri intent contracts" failed after 0.132 seconds with 1 issue.
✘ Test run with 1 test in 1 suite failed after 0.132 seconds with 1 issue.

expected red status: 1
