FAIL: Apps/Spoonjoy/Shared/Native/SpoonjoyAppIntents.swift missing struct SubmitCaptureImportIntent: AppIntent
Apps/Spoonjoy/Shared/Native/SpoonjoyAppIntents.swift missing struct OpenCaptureDraftIntent: AppIntent
Apps/Spoonjoy/Shared/Native/SpoonjoyAppIntents.swift missing struct DiscardCaptureDraftIntent: AppIntent
Apps/Spoonjoy/Shared/Native/SpoonjoyAppIntents.swift missing @Parameter(title: "Source", requestValueDialog:
Apps/Spoonjoy/Shared/Native/SpoonjoyAppIntents.swift missing var draft: SpoonjoyCaptureDraftEntity
Apps/Spoonjoy/Shared/Native/SpoonjoyAppIntents.swift missing NativeIntentActionResolver().submitCaptureImport(draft: draft.descriptor
Apps/Spoonjoy/Shared/Native/SpoonjoyAppIntents.swift missing NativeIntentActionResolver().openCaptureDraft(draft: draft.descriptor
Apps/Spoonjoy/Shared/Native/SpoonjoyAppIntents.swift missing NativeIntentActionResolver().discardCaptureDraft(draft: draft.descriptor
Apps/Spoonjoy/Shared/Native/SpoonjoyAppIntents.swift missing String(describing: SubmitCaptureImportIntent())
Apps/Spoonjoy/Shared/Native/SpoonjoyAppIntents.swift missing String(describing: OpenCaptureDraftIntent())
Apps/Spoonjoy/Shared/Native/SpoonjoyAppIntents.swift missing String(describing: DiscardCaptureDraftIntent())
Apps/Spoonjoy/Shared/Native/SpoonjoyAppIntents.swift SpoonjoyIntentShortcutBudget missing String(describing: SubmitCaptureImportIntent())
Apps/Spoonjoy/Shared/Native/SpoonjoyAppIntents.swift SpoonjoyIntentShortcutBudget missing String(describing: OpenCaptureDraftIntent())
Apps/Spoonjoy/Shared/Native/SpoonjoyAppIntents.swift SpoonjoyIntentShortcutBudget missing String(describing: DiscardCaptureDraftIntent())
Apps/Spoonjoy/Shared/Native/SpoonjoyAppIntents.swift CaptureRecipeIntent missing @Parameter(title: "Source", requestValueDialog:
Apps/Spoonjoy/Shared/Native/SpoonjoyAppIntents.swift missing body for SubmitCaptureImportIntent
Apps/Spoonjoy/Shared/Native/SpoonjoyAppIntents.swift missing body for SubmitCaptureImportIntent
Apps/Spoonjoy/Shared/Native/SpoonjoyAppIntents.swift missing body for OpenCaptureDraftIntent
Apps/Spoonjoy/Shared/Native/SpoonjoyAppIntents.swift missing body for OpenCaptureDraftIntent
Apps/Spoonjoy/Shared/Native/SpoonjoyAppIntents.swift missing body for DiscardCaptureDraftIntent
Apps/Spoonjoy/Shared/Native/SpoonjoyAppIntents.swift missing body for DiscardCaptureDraftIntent
Apps/Spoonjoy/Shared/Native/SpoonjoyAppIntents.swift SpoonjoyIntentStateWriter missing .recipeImportSubmit
Apps/Spoonjoy/Shared/Native/SpoonjoyAppIntents.swift SpoonjoyIntentStateWriter missing queue.mutations.contains(where:
Apps/Spoonjoy/Shared/Native/SpoonjoyAppIntents.swift SpoonjoyIntentStateWriter missing clientMutationID == mutation.clientMutationID
Apps/Spoonjoy/Shared/Native/SpoonjoyAppIntents.swift SpoonjoyIntentStateWriter missing recordingCaptureImportRetry
Apps/Spoonjoy/Shared/Native/SpoonjoyAppIntents.swift SpoonjoyIntentStateWriter missing .captureDraftDiscard
Apps/Spoonjoy/Shared/Native/SpoonjoyAppIntents.swift SpoonjoyIntentStateWriter missing recipeImportSource == draftImportSource
Apps/Spoonjoy/Shared/Native/SpoonjoyAppIntents.swift SpoonjoyIntentStateWriter missing removing(clientMutationIDs:
Apps/Spoonjoy/Shared/Native/SpoonjoyAppIntents.swift SpoonjoyIntentStateWriter missing discardingCaptureDraft
Sources/SpoonjoyCore/Native/CaptureDraftEntityCatalog.swift missing public let importableDraft: CaptureDraft?
Sources/SpoonjoyCore/Native/CaptureDraftEntityCatalog.swift missing public let pendingImport: NativeQueuedMutation?
Sources/SpoonjoyCore/Native/CaptureDraftEntityCatalog.swift missing importableDraft: draft
Sources/SpoonjoyCore/Native/CaptureDraftEntityCatalog.swift missing pendingImport: record.pendingImport
Sources/SpoonjoyCore/Native/CaptureDraftEntityCatalog.swift missing recipeImportSource == draftImportSource
Sources/SpoonjoyCore/Native/NativeIntentAction.swift missing case captureDraftOwnershipRequired(draftID: String)
Sources/SpoonjoyCore/Native/NativeIntentAction.swift missing case captureImportNeedsTextRecognition(draftID: String)
Sources/SpoonjoyCore/Native/NativeIntentAction.swift missing public func submitCaptureImport(
Sources/SpoonjoyCore/Native/NativeIntentAction.swift missing public func openCaptureDraft(
Sources/SpoonjoyCore/Native/NativeIntentAction.swift missing public func discardCaptureDraft(
Sources/SpoonjoyCore/Native/NativeIntentAction.swift missing CaptureImportViewModel(
Sources/SpoonjoyCore/Native/NativeIntentAction.swift missing pendingRetryMutation:
Sources/SpoonjoyCore/Native/NativeIntentAction.swift missing NativeQueuedMutation.captureDraftDiscard(
Sources/SpoonjoyCore/Native/NativeIntentAction.swift missing captureDraftForMutation(
Sources/SpoonjoyCore/Native/NativeIntentAction.swift missing captureDraftIDForMutation(
Sources/SpoonjoyCore/Native/NativeIntentAction.swift missing body for submitCaptureImport resolver
Sources/SpoonjoyCore/Native/NativeIntentAction.swift missing body for submitCaptureImport resolver
Sources/SpoonjoyCore/Native/NativeIntentAction.swift missing body for openCaptureDraft resolver
Sources/SpoonjoyCore/Native/NativeIntentAction.swift missing body for openCaptureDraft resolver
Sources/SpoonjoyCore/Native/NativeIntentAction.swift missing body for discardCaptureDraft resolver
Sources/SpoonjoyCore/Native/NativeIntentAction.swift missing body for discardCaptureDraft resolver
Sources/SpoonjoyCore/Native/NativeIntentAction.swift missing body for captureDraftIDForMutation helper
Sources/SpoonjoyCore/Native/NativeIntentAction.swift missing body for captureDraftIDForMutation helper
Sources/SpoonjoyCore/Native/NativeIntentAction.swift missing body for captureDraftForMutation helper
Sources/SpoonjoyCore/Native/NativeIntentAction.swift missing body for captureDraftForMutation helper
Sources/SpoonjoyCore/Native/NativeCapabilityMetadata.swift missing SubmitCaptureImportIntent
Sources/SpoonjoyCore/Native/NativeCapabilityMetadata.swift missing OpenCaptureDraftIntent
Sources/SpoonjoyCore/Native/NativeCapabilityMetadata.swift missing DiscardCaptureDraftIntent
Sources/SpoonjoyCore/Native/ScenarioVerifier.swift missing Capture import Siri intents
Sources/SpoonjoyCore/Native/ScenarioVerifier.swift missing SubmitCaptureImportIntent
Sources/SpoonjoyCore/Native/ScenarioVerifier.swift missing OpenCaptureDraftIntent
Sources/SpoonjoyCore/Native/ScenarioVerifier.swift missing DiscardCaptureDraftIntent

expected red status: 1
