[0/1] Planning build
Building for debugging...
[0/5] Write sources
[1/5] Write swift-version--58304C5D6DBC2206.txt
[3/5] Emitting module SpoonjoyCoreTests
[4/5] Compiling SpoonjoyCoreTests RecipeActionIntentTests.swift
/Users/arimendelow/Projects/spoonjoy-apple/Tests/SpoonjoyCoreTests/RecipeActionIntentTests.swift:216:28: error: extra argument 'currentChefID' in call
214 |             recipe: recipe,
215 |             cookbook: cookbook,
216 |             currentChefID: " chef_ari ",
    |                            `- error: extra argument 'currentChefID' in call
217 |             createdAt: "2026-06-16T15:02:00.000Z"
218 |         )

/Users/arimendelow/Projects/spoonjoy-apple/Tests/SpoonjoyCoreTests/RecipeActionIntentTests.swift:264:38: error: cannot infer contextual base in reference to member 'recipeDetail'
262 |         )
263 |
264 |         #expect(saveAction.route == .recipeDetail(id: "recipe_lemon_pantry_pasta", presentation: .detail))
    |                                      `- error: cannot infer contextual base in reference to member 'recipeDetail'
265 |         #expect(saveAction.url == URL(string: "spoonjoy://recipes/recipe_lemon_pantry_pasta"))
266 |         #expect(saveMutation.queueableKind == .cookbookAddRecipe)

/Users/arimendelow/Projects/spoonjoy-apple/Tests/SpoonjoyCoreTests/RecipeActionIntentTests.swift:264:99: error: cannot infer contextual base in reference to member 'detail'
262 |         )
263 |
264 |         #expect(saveAction.route == .recipeDetail(id: "recipe_lemon_pantry_pasta", presentation: .detail))
    |                                                                                                   `- error: cannot infer contextual base in reference to member 'detail'
265 |         #expect(saveAction.url == URL(string: "spoonjoy://recipes/recipe_lemon_pantry_pasta"))
266 |         #expect(saveMutation.queueableKind == .cookbookAddRecipe)

/Users/arimendelow/Projects/spoonjoy-apple/Tests/SpoonjoyCoreTests/RecipeActionIntentTests.swift:266:48: error: cannot infer contextual base in reference to member 'cookbookAddRecipe'
264 |         #expect(saveAction.route == .recipeDetail(id: "recipe_lemon_pantry_pasta", presentation: .detail))
265 |         #expect(saveAction.url == URL(string: "spoonjoy://recipes/recipe_lemon_pantry_pasta"))
266 |         #expect(saveMutation.queueableKind == .cookbookAddRecipe)
    |                                                `- error: cannot infer contextual base in reference to member 'cookbookAddRecipe'
267 |         #expect(saveMutation.clientMutationID == "intent-cookbook-save-cookbook_weeknights-recipe_lemon_pantry_pasta-2026-06-16T15-02-00-000Z")
268 |         try recipeActionIntentAssertJSONRequest(

/Users/arimendelow/Projects/spoonjoy-apple/Tests/SpoonjoyCoreTests/RecipeActionIntentTests.swift:233:28: error: no calls to throwing functions occur within 'try' expression
231 |         let forkMutation = try #require(forkAction.nativeQueuedMutation)
232 |         let titledForkMutation = try #require(titledForkAction.nativeQueuedMutation)
233 |         let saveMutation = try #require(saveAction.nativeQueuedMutation)
    |                            `- error: no calls to throwing functions occur within 'try' expression
234 |         let removeMutation = try #require(removeAction.nativeQueuedMutation)
235 |         let deleteMutation = try #require(deleteAction.nativeQueuedMutation)

/Users/arimendelow/Projects/spoonjoy-apple/Tests/SpoonjoyCoreTests/RecipeActionIntentTests.swift:320:32: error: extra argument 'currentChefID' in call
318 |                 recipe: recipe,
319 |                 cookbook: .placeholder,
320 |                 currentChefID: "chef_ari",
    |                                `- error: extra argument 'currentChefID' in call
321 |                 createdAt: "2026-06-16T15:11:00.000Z"
322 |             )

/Users/arimendelow/Projects/spoonjoy-apple/Tests/SpoonjoyCoreTests/RecipeActionIntentTests.swift:328:32: error: extra argument 'currentChefID' in call
326 |                 recipe: recipeActionIntentRecipeDescriptor(route: .recipes),
327 |                 cookbook: cookbook,
328 |                 currentChefID: "chef_ari",
    |                                `- error: extra argument 'currentChefID' in call
329 |                 createdAt: "2026-06-16T15:12:00.000Z"
330 |             )

/Users/arimendelow/Projects/spoonjoy-apple/Tests/SpoonjoyCoreTests/RecipeActionIntentTests.swift:344:32: error: extra argument 'currentChefID' in call
342 |                 recipe: recipe,
343 |                 cookbook: recipeActionIntentCookbookDescriptor(route: .cookbooks),
344 |                 currentChefID: "chef_ari",
    |                                `- error: extra argument 'currentChefID' in call
345 |                 createdAt: "2026-06-16T15:14:00.000Z"
346 |             )

/Users/arimendelow/Projects/spoonjoy-apple/Tests/SpoonjoyCoreTests/RecipeActionIntentTests.swift:360:32: error: extra argument 'currentChefID' in call
358 |                 recipe: recipe,
359 |                 cookbook: cookbook,
360 |                 currentChefID: "chef_jules",
    |                                `- error: extra argument 'currentChefID' in call
361 |                 createdAt: "2026-06-16T15:15:15.000Z"
362 |             )
error: fatalError
