Coverage	Verify Xcode 26.5 runner	﻿2026-06-16T22:25:58.2053750Z ##[group]Run set -euo pipefail
Coverage	Verify Xcode 26.5 runner	2026-06-16T22:25:58.2054060Z [36;1mset -euo pipefail[0m
Coverage	Verify Xcode 26.5 runner	2026-06-16T22:25:58.2054270Z [36;1mxcodebuild -version[0m
Coverage	Verify Xcode 26.5 runner	2026-06-16T22:25:58.2054530Z [36;1mxcodebuild -version | grep -q '^Xcode 26\.5$'[0m
Coverage	Verify Xcode 26.5 runner	2026-06-16T22:25:58.2101590Z shell: /bin/bash -e {0}
Coverage	Verify Xcode 26.5 runner	2026-06-16T22:25:58.2101830Z env:
Coverage	Verify Xcode 26.5 runner	2026-06-16T22:25:58.2103200Z   PATH: /Users/runner/.local/bin:/opt/homebrew/bin:/opt/homebrew/sbin:/Users/runner/.cargo/bin:/usr/local/opt/curl/bin:/usr/local/bin:/usr/local/sbin:/Users/runner/bin:/Users/runner/.yarn/bin:/Users/runner/Library/Android/sdk/tools:/Users/runner/Library/Android/sdk/platform-tools:/Library/Frameworks/Python.framework/Versions/Current/bin:/Library/Frameworks/Mono.framework/Versions/Current/Commands:/usr/bin:/bin:/usr/sbin:/sbin:/Users/runner/.dotnet/tools
Coverage	Verify Xcode 26.5 runner	2026-06-16T22:25:58.2104850Z ##[endgroup]
Coverage	Verify Xcode 26.5 runner	2026-06-16T22:25:58.3738640Z Xcode 26.5
Coverage	Verify Xcode 26.5 runner	2026-06-16T22:25:58.3754140Z Build version 17F42
Coverage	Verify Xcode 26.5 runner	2026-06-16T22:25:58.4481990Z *** Terminating app due to uncaught exception 'NSFileHandleOperationException', reason: '*** -[_NSStdIOFileHandle writeData:]: Broken pipe'
Coverage	Verify Xcode 26.5 runner	2026-06-16T22:25:58.4583490Z *** First throw call stack:
Coverage	Verify Xcode 26.5 runner	2026-06-16T22:25:58.4694170Z (
Coverage	Verify Xcode 26.5 runner	2026-06-16T22:25:58.4795280Z 	0   CoreFoundation                      0x000000018b0bebf0 __exceptionPreprocess + 176
Coverage	Verify Xcode 26.5 runner	2026-06-16T22:25:58.4896300Z 	1   libobjc.A.dylib                     0x000000018ab4a91c objc_exception_throw + 88
Coverage	Verify Xcode 26.5 runner	2026-06-16T22:25:58.4899190Z 	2   Foundation                          0x000000018d2ac850 -[NSConcreteFileHandle readDataUpToLength:error:] + 0
Coverage	Verify Xcode 26.5 runner	2026-06-16T22:25:58.4899820Z 	3   Foundation                          0x000000018c88b448 -[NSConcreteFileHandle writeData:] + 292
Coverage	Verify Xcode 26.5 runner	2026-06-16T22:25:58.4900500Z 	4   xcodebuild                          0x0000000102ca1a90 -[XcodebuildPreIDEHandler handleVersionWithArguments:] + 616
Coverage	Verify Xcode 26.5 runner	2026-06-16T22:25:58.4901230Z 	5   xcodebuild                          0x0000000102ca1540 -[XcodebuildPreIDEHandler runWithArguments:] + 116
Coverage	Verify Xcode 26.5 runner	2026-06-16T22:25:58.4901850Z 	6   xcodebuild                          0x0000000102ca115c main + 716
Coverage	Verify Xcode 26.5 runner	2026-06-16T22:25:58.4902320Z 	7   dyld                                0x000000018abd7da4 start + 6992
Coverage	Verify Xcode 26.5 runner	2026-06-16T22:25:58.4902700Z )
Coverage	Verify Xcode 26.5 runner	2026-06-16T22:25:58.4903140Z libc++abi: terminating due to uncaught exception of type NSException
Coverage	Verify Xcode 26.5 runner	2026-06-16T22:25:58.4903820Z /Users/runner/work/_temp/e5c78ffb-f037-462f-a940-2703a776623f.sh: line 3:  4395 Abort trap: 6           xcodebuild -version
Coverage	Verify Xcode 26.5 runner	2026-06-16T22:25:58.4904440Z       4396 Done                    | grep -q '^Xcode 26\.5$'
Coverage	Verify Xcode 26.5 runner	2026-06-16T22:25:58.4917960Z ##[error]Process completed with exit code 134.
App bundle	Verify Xcode 26.5 runner	﻿2026-06-16T22:25:57.9938910Z ##[group]Run set -euo pipefail
App bundle	Verify Xcode 26.5 runner	2026-06-16T22:25:57.9939310Z [36;1mset -euo pipefail[0m
App bundle	Verify Xcode 26.5 runner	2026-06-16T22:25:57.9939520Z [36;1mxcodebuild -version[0m
App bundle	Verify Xcode 26.5 runner	2026-06-16T22:25:57.9940020Z [36;1mxcodebuild -version | grep -q '^Xcode 26\.5$'[0m
App bundle	Verify Xcode 26.5 runner	2026-06-16T22:25:57.9991920Z shell: /bin/bash -e {0}
App bundle	Verify Xcode 26.5 runner	2026-06-16T22:25:57.9992170Z env:
App bundle	Verify Xcode 26.5 runner	2026-06-16T22:25:57.9993550Z   PATH: /Users/runner/.local/bin:/opt/homebrew/bin:/opt/homebrew/sbin:/Users/runner/.cargo/bin:/usr/local/opt/curl/bin:/usr/local/bin:/usr/local/sbin:/Users/runner/bin:/Users/runner/.yarn/bin:/Users/runner/Library/Android/sdk/tools:/Users/runner/Library/Android/sdk/platform-tools:/Library/Frameworks/Python.framework/Versions/Current/bin:/Library/Frameworks/Mono.framework/Versions/Current/Commands:/usr/bin:/bin:/usr/sbin:/sbin:/Users/runner/.dotnet/tools
App bundle	Verify Xcode 26.5 runner	2026-06-16T22:25:57.9995190Z ##[endgroup]
App bundle	Verify Xcode 26.5 runner	2026-06-16T22:25:58.1248420Z Xcode 26.5
App bundle	Verify Xcode 26.5 runner	2026-06-16T22:25:58.1323240Z Build version 17F42
App bundle	Verify Xcode 26.5 runner	2026-06-16T22:25:58.1960960Z *** Terminating app due to uncaught exception 'NSFileHandleOperationException', reason: '*** -[_NSStdIOFileHandle writeData:]: Broken pipe'
App bundle	Verify Xcode 26.5 runner	2026-06-16T22:25:58.1963300Z *** First throw call stack:
App bundle	Verify Xcode 26.5 runner	2026-06-16T22:25:58.1963960Z (
App bundle	Verify Xcode 26.5 runner	2026-06-16T22:25:58.1964300Z 	0   CoreFoundation                      0x0000000184a3ebf0 __exceptionPreprocess + 176
App bundle	Verify Xcode 26.5 runner	2026-06-16T22:25:58.1964900Z 	1   libobjc.A.dylib                     0x00000001844ca91c objc_exception_throw + 88
App bundle	Verify Xcode 26.5 runner	2026-06-16T22:25:58.1965390Z 	2   Foundation                          0x0000000186c2c850 -[NSConcreteFileHandle readDataUpToLength:error:] + 0
App bundle	Verify Xcode 26.5 runner	2026-06-16T22:25:58.1965900Z 	3   Foundation                          0x000000018620b448 -[NSConcreteFileHandle writeData:] + 292
App bundle	Verify Xcode 26.5 runner	2026-06-16T22:25:58.1966420Z 	4   xcodebuild                          0x0000000100c19a90 -[XcodebuildPreIDEHandler handleVersionWithArguments:] + 616
App bundle	Verify Xcode 26.5 runner	2026-06-16T22:25:58.1967850Z 	5   xcodebuild                          0x0000000100c19540 -[XcodebuildPreIDEHandler runWithArguments:] + 116
App bundle	Verify Xcode 26.5 runner	2026-06-16T22:25:58.1968370Z 	6   xcodebuild                          0x0000000100c1915c main + 716
App bundle	Verify Xcode 26.5 runner	2026-06-16T22:25:58.1968790Z 	7   dyld                                0x0000000184557da4 start + 6992
App bundle	Verify Xcode 26.5 runner	2026-06-16T22:25:58.1969180Z )
App bundle	Verify Xcode 26.5 runner	2026-06-16T22:25:58.1969470Z libc++abi: terminating due to uncaught exception of type NSException
App bundle	Verify Xcode 26.5 runner	2026-06-16T22:25:58.1970000Z /Users/runner/work/_temp/315791c1-82ff-4722-823e-160a28d86e96.sh: line 3:  3015 Abort trap: 6           xcodebuild -version
App bundle	Verify Xcode 26.5 runner	2026-06-16T22:25:58.1970530Z       3016 Done                    | grep -q '^Xcode 26\.5$'
App bundle	Verify Xcode 26.5 runner	2026-06-16T22:25:58.1992480Z ##[error]Process completed with exit code 134.
Native scenario verifier	Verify Xcode 26.5 runner	﻿2026-06-16T22:25:57.6029010Z ##[group]Run set -euo pipefail
Native scenario verifier	Verify Xcode 26.5 runner	2026-06-16T22:25:57.6029350Z [36;1mset -euo pipefail[0m
Native scenario verifier	Verify Xcode 26.5 runner	2026-06-16T22:25:57.6029570Z [36;1mxcodebuild -version[0m
Native scenario verifier	Verify Xcode 26.5 runner	2026-06-16T22:25:57.6029800Z [36;1mxcodebuild -version | grep -q '^Xcode 26\.5$'[0m
Native scenario verifier	Verify Xcode 26.5 runner	2026-06-16T22:25:57.6076470Z shell: /bin/bash -e {0}
Native scenario verifier	Verify Xcode 26.5 runner	2026-06-16T22:25:57.6076750Z env:
Native scenario verifier	Verify Xcode 26.5 runner	2026-06-16T22:25:57.6078120Z   PATH: /Users/runner/.local/bin:/opt/homebrew/bin:/opt/homebrew/sbin:/Users/runner/.cargo/bin:/usr/local/opt/curl/bin:/usr/local/bin:/usr/local/sbin:/Users/runner/bin:/Users/runner/.yarn/bin:/Users/runner/Library/Android/sdk/tools:/Users/runner/Library/Android/sdk/platform-tools:/Library/Frameworks/Python.framework/Versions/Current/bin:/Library/Frameworks/Mono.framework/Versions/Current/Commands:/usr/bin:/bin:/usr/sbin:/sbin:/Users/runner/.dotnet/tools
Native scenario verifier	Verify Xcode 26.5 runner	2026-06-16T22:25:57.6079720Z ##[endgroup]
Native scenario verifier	Verify Xcode 26.5 runner	2026-06-16T22:25:57.9419380Z Xcode 26.5
Native scenario verifier	Verify Xcode 26.5 runner	2026-06-16T22:25:57.9520620Z Build version 17F42
Native scenario verifier	Verify Xcode 26.5 runner	2026-06-16T22:25:58.0140990Z *** Terminating app due to uncaught exception 'NSFileHandleOperationException', reason: '*** -[_NSStdIOFileHandle writeData:]: Broken pipe'
Native scenario verifier	Verify Xcode 26.5 runner	2026-06-16T22:25:58.0148850Z *** First throw call stack:
Native scenario verifier	Verify Xcode 26.5 runner	2026-06-16T22:25:58.0249720Z (
Native scenario verifier	Verify Xcode 26.5 runner	2026-06-16T22:25:58.0338710Z 	0   CoreFoundation                      0x000000018ba62bf0 __exceptionPreprocess + 176
Native scenario verifier	Verify Xcode 26.5 runner	2026-06-16T22:25:58.0343460Z 	1   libobjc.A.dylib                     0x000000018b4ee91c objc_exception_throw + 88
Native scenario verifier	Verify Xcode 26.5 runner	2026-06-16T22:25:58.0371880Z 	2   Foundation                          0x000000018dc50850 -[NSConcreteFileHandle readDataUpToLength:error:] + 0
Native scenario verifier	Verify Xcode 26.5 runner	2026-06-16T22:25:58.0473150Z 	3   Foundation                          0x000000018d22f448 -[NSConcreteFileHandle writeData:] + 292
Native scenario verifier	Verify Xcode 26.5 runner	2026-06-16T22:25:58.0495540Z 	4   xcodebuild                          0x00000001048e5a90 -[XcodebuildPreIDEHandler handleVersionWithArguments:] + 616
Native scenario verifier	Verify Xcode 26.5 runner	2026-06-16T22:25:58.0496360Z 	5   xcodebuild                          0x00000001048e5540 -[XcodebuildPreIDEHandler runWithArguments:] + 116
Native scenario verifier	Verify Xcode 26.5 runner	2026-06-16T22:25:58.0498980Z 	6   xcodebuild                          0x00000001048e515c main + 716
Native scenario verifier	Verify Xcode 26.5 runner	2026-06-16T22:25:58.0499430Z 	7   dyld                                0x000000018b57bda4 start + 6992
Native scenario verifier	Verify Xcode 26.5 runner	2026-06-16T22:25:58.0500070Z )
Native scenario verifier	Verify Xcode 26.5 runner	2026-06-16T22:25:58.0501030Z libc++abi: terminating due to uncaught exception of type NSException
Native scenario verifier	Verify Xcode 26.5 runner	2026-06-16T22:25:58.0502020Z /Users/runner/work/_temp/7fcad511-06bd-492a-8cd7-9684f6aadb60.sh: line 3: 12627 Abort trap: 6           xcodebuild -version
Native scenario verifier	Verify Xcode 26.5 runner	2026-06-16T22:25:58.0502630Z      12628 Done                    | grep -q '^Xcode 26\.5$'
Native scenario verifier	Verify Xcode 26.5 runner	2026-06-16T22:25:58.0511060Z ##[error]Process completed with exit code 134.
Swift tests	Verify Xcode 26.5 runner	﻿2026-06-16T22:25:57.1907180Z ##[group]Run set -euo pipefail
Swift tests	Verify Xcode 26.5 runner	2026-06-16T22:25:57.1907470Z [36;1mset -euo pipefail[0m
Swift tests	Verify Xcode 26.5 runner	2026-06-16T22:25:57.1907690Z [36;1mxcodebuild -version[0m
Swift tests	Verify Xcode 26.5 runner	2026-06-16T22:25:57.1907940Z [36;1mxcodebuild -version | grep -q '^Xcode 26\.5$'[0m
Swift tests	Verify Xcode 26.5 runner	2026-06-16T22:25:57.1953290Z shell: /bin/bash -e {0}
Swift tests	Verify Xcode 26.5 runner	2026-06-16T22:25:57.1953540Z env:
Swift tests	Verify Xcode 26.5 runner	2026-06-16T22:25:57.1954930Z   PATH: /Users/runner/.local/bin:/opt/homebrew/bin:/opt/homebrew/sbin:/Users/runner/.cargo/bin:/usr/local/opt/curl/bin:/usr/local/bin:/usr/local/sbin:/Users/runner/bin:/Users/runner/.yarn/bin:/Users/runner/Library/Android/sdk/tools:/Users/runner/Library/Android/sdk/platform-tools:/Library/Frameworks/Python.framework/Versions/Current/bin:/Library/Frameworks/Mono.framework/Versions/Current/Commands:/usr/bin:/bin:/usr/sbin:/sbin:/Users/runner/.dotnet/tools
Swift tests	Verify Xcode 26.5 runner	2026-06-16T22:25:57.1956360Z ##[endgroup]
Swift tests	Verify Xcode 26.5 runner	2026-06-16T22:25:57.4439830Z Xcode 26.5
Swift tests	Verify Xcode 26.5 runner	2026-06-16T22:25:57.4447830Z Build version 17F42
Swift tests	Verify Xcode 26.5 runner	2026-06-16T22:25:57.5172730Z *** Terminating app due to uncaught exception 'NSFileHandleOperationException', reason: '*** -[_NSStdIOFileHandle writeData:]: Broken pipe'
Swift tests	Verify Xcode 26.5 runner	2026-06-16T22:25:57.5274550Z *** First throw call stack:
Swift tests	Verify Xcode 26.5 runner	2026-06-16T22:25:57.5375500Z (
Swift tests	Verify Xcode 26.5 runner	2026-06-16T22:25:57.5476750Z 	0   CoreFoundation                      0x0000000188db6bf0 __exceptionPreprocess + 176
Swift tests	Verify Xcode 26.5 runner	2026-06-16T22:25:57.5556610Z 	1   libobjc.A.dylib                     0x000000018884291c objc_exception_throw + 88
Swift tests	Verify Xcode 26.5 runner	2026-06-16T22:25:57.5589580Z 	2   Foundation                          0x000000018afa4850 -[NSConcreteFileHandle readDataUpToLength:error:] + 0
Swift tests	Verify Xcode 26.5 runner	2026-06-16T22:25:57.5630450Z 	3   Foundation                          0x000000018a583448 -[NSConcreteFileHandle writeData:] + 292
Swift tests	Verify Xcode 26.5 runner	2026-06-16T22:25:57.5655680Z 	4   xcodebuild                          0x00000001023e1a90 -[XcodebuildPreIDEHandler handleVersionWithArguments:] + 616
Swift tests	Verify Xcode 26.5 runner	2026-06-16T22:25:57.5666020Z 	5   xcodebuild                          0x00000001023e1540 -[XcodebuildPreIDEHandler runWithArguments:] + 116
Swift tests	Verify Xcode 26.5 runner	2026-06-16T22:25:57.5701260Z 	6   xcodebuild                          0x00000001023e115c main + 716
Swift tests	Verify Xcode 26.5 runner	2026-06-16T22:25:57.5705280Z 	7   dyld                                0x00000001888cfda4 start + 6992
Swift tests	Verify Xcode 26.5 runner	2026-06-16T22:25:57.5729290Z )
Swift tests	Verify Xcode 26.5 runner	2026-06-16T22:25:57.5743290Z libc++abi: terminating due to uncaught exception of type NSException
Swift tests	Verify Xcode 26.5 runner	2026-06-16T22:25:57.5750780Z /Users/runner/work/_temp/e995e3fa-39c3-42d2-8ea6-7addeeaac30e.sh: line 3: 15005 Abort trap: 6           xcodebuild -version
Swift tests	Verify Xcode 26.5 runner	2026-06-16T22:25:57.5751660Z      15006 Done                    | grep -q '^Xcode 26\.5$'
Swift tests	Verify Xcode 26.5 runner	2026-06-16T22:25:57.5760380Z ##[error]Process completed with exit code 134.
