App bundle	Run ruby/setup-ruby@v1	﻿2026-06-16T22:10:56.4362890Z ##[group]Run ruby/setup-ruby@v1
App bundle	Run ruby/setup-ruby@v1	2026-06-16T22:10:56.4363740Z with:
App bundle	Run ruby/setup-ruby@v1	2026-06-16T22:10:56.4364380Z   ruby-version: 3.3
App bundle	Run ruby/setup-ruby@v1	2026-06-16T22:10:56.4366230Z   bundler-cache: true
App bundle	Run ruby/setup-ruby@v1	2026-06-16T22:10:56.4378360Z   token: ***
App bundle	Run ruby/setup-ruby@v1	2026-06-16T22:10:56.4379080Z ##[endgroup]
App bundle	Run ruby/setup-ruby@v1	2026-06-16T22:10:56.6381220Z ##[group]Modifying PATH
App bundle	Run ruby/setup-ruby@v1	2026-06-16T22:10:56.6382480Z Entries removed from PATH to avoid conflicts with default Ruby:
App bundle	Run ruby/setup-ruby@v1	2026-06-16T22:10:56.6383930Z   /opt/homebrew/lib/ruby/gems/3.4.0/bin
App bundle	Run ruby/setup-ruby@v1	2026-06-16T22:10:56.6384820Z   /opt/homebrew/opt/ruby@3.4/bin
App bundle	Run ruby/setup-ruby@v1	2026-06-16T22:10:56.6397240Z Entries added to PATH to use selected Ruby:
App bundle	Run ruby/setup-ruby@v1	2026-06-16T22:10:56.6398570Z   /Users/runner/hostedtoolcache/Ruby/3.3.11/arm64/bin
App bundle	Run ruby/setup-ruby@v1	2026-06-16T22:10:56.6406780Z ##[endgroup]
App bundle	Run ruby/setup-ruby@v1	2026-06-16T22:10:56.6407880Z ##[group]Print Ruby version
App bundle	Run ruby/setup-ruby@v1	2026-06-16T22:10:56.6447410Z [command]/Users/runner/hostedtoolcache/Ruby/3.3.11/arm64/bin/ruby --version
App bundle	Run ruby/setup-ruby@v1	2026-06-16T22:10:56.7147400Z ruby 3.3.11 (2026-03-26 revision 1f2d15125a) [arm64-darwin23]
App bundle	Run ruby/setup-ruby@v1	2026-06-16T22:10:56.7176170Z Took   0.08 seconds
App bundle	Run ruby/setup-ruby@v1	2026-06-16T22:10:56.7179640Z ##[endgroup]
App bundle	Run ruby/setup-ruby@v1	2026-06-16T22:10:56.7183240Z ##[group]Installing Bundler
App bundle	Run ruby/setup-ruby@v1	2026-06-16T22:10:56.7185950Z Using Bundler 2.4.22 from Gemfile.lock BUNDLED WITH 2.4.22
App bundle	Run ruby/setup-ruby@v1	2026-06-16T22:10:56.7194750Z [command]/Users/runner/hostedtoolcache/Ruby/3.3.11/arm64/bin/gem install bundler -v 2.4.22
App bundle	Run ruby/setup-ruby@v1	2026-06-16T22:10:57.6187640Z Successfully installed bundler-2.4.22
App bundle	Run ruby/setup-ruby@v1	2026-06-16T22:10:57.6289410Z 1 gem installed
App bundle	Run ruby/setup-ruby@v1	2026-06-16T22:10:57.6390600Z Took   0.90 seconds
App bundle	Run ruby/setup-ruby@v1	2026-06-16T22:10:57.6494040Z ##[endgroup]
App bundle	Run ruby/setup-ruby@v1	2026-06-16T22:10:57.6596220Z > bundle install
App bundle	Run ruby/setup-ruby@v1	2026-06-16T22:10:57.6698000Z Setting BUNDLER_VERSION=2.4.22 for "bundle config|lock" commands below to ensure Bundler 2.4.22 is used
App bundle	Run ruby/setup-ruby@v1	2026-06-16T22:10:57.6801940Z [command]/Users/runner/hostedtoolcache/Ruby/3.3.11/arm64/bin/bundle config set --local path /Users/runner/work/spoonjoy-apple/spoonjoy-apple/vendor/bundle
App bundle	Run ruby/setup-ruby@v1	2026-06-16T22:10:57.7796940Z [command]/Users/runner/hostedtoolcache/Ruby/3.3.11/arm64/bin/bundle config set --local deployment true
App bundle	Run ruby/setup-ruby@v1	2026-06-16T22:10:57.8949700Z ##[group]Print lockfile
App bundle	Run ruby/setup-ruby@v1	2026-06-16T22:10:57.8963080Z [command]/bin/cat Gemfile.lock
App bundle	Run ruby/setup-ruby@v1	2026-06-16T22:10:57.8994480Z GEM
App bundle	Run ruby/setup-ruby@v1	2026-06-16T22:10:57.8995110Z   remote: https://rubygems.org/
App bundle	Run ruby/setup-ruby@v1	2026-06-16T22:10:57.8995500Z   specs:
App bundle	Run ruby/setup-ruby@v1	2026-06-16T22:10:57.8995860Z     CFPropertyList (3.0.9)
App bundle	Run ruby/setup-ruby@v1	2026-06-16T22:10:57.8996240Z     atomos (0.1.3)
App bundle	Run ruby/setup-ruby@v1	2026-06-16T22:10:57.8996590Z     claide (1.1.0)
App bundle	Run ruby/setup-ruby@v1	2026-06-16T22:10:57.8996860Z     colored2 (3.1.2)
App bundle	Run ruby/setup-ruby@v1	2026-06-16T22:10:57.8997130Z     nanaimo (0.4.0)
App bundle	Run ruby/setup-ruby@v1	2026-06-16T22:10:57.8997430Z     rexml (3.4.4)
App bundle	Run ruby/setup-ruby@v1	2026-06-16T22:10:57.8997710Z     xcodeproj (1.27.0)
App bundle	Run ruby/setup-ruby@v1	2026-06-16T22:10:57.8998480Z       CFPropertyList (>= 2.3.3, < 4.0)
App bundle	Run ruby/setup-ruby@v1	2026-06-16T22:10:57.8999100Z       atomos (~> 0.1.3)
App bundle	Run ruby/setup-ruby@v1	2026-06-16T22:10:57.8999660Z       claide (>= 1.0.2, < 2.0)
App bundle	Run ruby/setup-ruby@v1	2026-06-16T22:10:57.8999900Z       colored2 (~> 3.1)
App bundle	Run ruby/setup-ruby@v1	2026-06-16T22:10:57.9000120Z       nanaimo (~> 0.4.0)
App bundle	Run ruby/setup-ruby@v1	2026-06-16T22:10:57.9000360Z       rexml (>= 3.3.6, < 4.0)
App bundle	Run ruby/setup-ruby@v1	2026-06-16T22:10:57.9000500Z 
App bundle	Run ruby/setup-ruby@v1	2026-06-16T22:10:57.9000600Z PLATFORMS
App bundle	Run ruby/setup-ruby@v1	2026-06-16T22:10:57.9000880Z   ruby
App bundle	Run ruby/setup-ruby@v1	2026-06-16T22:10:57.9001040Z 
App bundle	Run ruby/setup-ruby@v1	2026-06-16T22:10:57.9001240Z DEPENDENCIES
App bundle	Run ruby/setup-ruby@v1	2026-06-16T22:10:57.9001440Z   xcodeproj (= 1.27.0)
App bundle	Run ruby/setup-ruby@v1	2026-06-16T22:10:57.9001600Z 
App bundle	Run ruby/setup-ruby@v1	2026-06-16T22:10:57.9001680Z BUNDLED WITH
App bundle	Run ruby/setup-ruby@v1	2026-06-16T22:10:57.9001860Z    2.4.22
App bundle	Run ruby/setup-ruby@v1	2026-06-16T22:10:57.9002370Z ##[endgroup]
App bundle	Run ruby/setup-ruby@v1	2026-06-16T22:10:57.9040180Z Cache key: setup-ruby-bundler-cache-v6-macos-16-arm64-ruby-3.3.11-wd-/Users/runner/work/spoonjoy-apple/spoonjoy-apple-with--without--only--Gemfile.lock-1c518b76fe54e5cf53a0d5a5894d0608d84fdd77dcec6439661db24d2f9d06a4
App bundle	Run ruby/setup-ruby@v1	2026-06-16T22:10:58.1912910Z [command]/Users/runner/hostedtoolcache/Ruby/3.3.11/arm64/bin/bundle install --jobs 3
App bundle	Run ruby/setup-ruby@v1	2026-06-16T22:10:59.5257220Z Fetching gem metadata from https://rubygems.org/.........
App bundle	Run ruby/setup-ruby@v1	2026-06-16T22:10:59.5647060Z CFPropertyList-3.0.9 requires ruby version < 3.2, which is incompatible with the
App bundle	Run ruby/setup-ruby@v1	2026-06-16T22:10:59.5684860Z current version, 3.3.11
App bundle	Run ruby/setup-ruby@v1	2026-06-16T22:10:59.6014870Z ##[error]The process '/Users/runner/hostedtoolcache/Ruby/3.3.11/arm64/bin/bundle' failed with exit code 5
Coverage	Run ruby/setup-ruby@v1	﻿2026-06-16T22:10:56.1235940Z ##[group]Run ruby/setup-ruby@v1
Coverage	Run ruby/setup-ruby@v1	2026-06-16T22:10:56.1236890Z with:
Coverage	Run ruby/setup-ruby@v1	2026-06-16T22:10:56.1237620Z   ruby-version: 3.3
Coverage	Run ruby/setup-ruby@v1	2026-06-16T22:10:56.1238390Z   bundler-cache: true
Coverage	Run ruby/setup-ruby@v1	2026-06-16T22:10:56.1247050Z   token: ***
Coverage	Run ruby/setup-ruby@v1	2026-06-16T22:10:56.1247750Z ##[endgroup]
Coverage	Run ruby/setup-ruby@v1	2026-06-16T22:10:56.2541630Z ##[group]Modifying PATH
Coverage	Run ruby/setup-ruby@v1	2026-06-16T22:10:56.2542740Z Entries removed from PATH to avoid conflicts with default Ruby:
Coverage	Run ruby/setup-ruby@v1	2026-06-16T22:10:56.2543870Z   /opt/homebrew/lib/ruby/gems/3.4.0/bin
Coverage	Run ruby/setup-ruby@v1	2026-06-16T22:10:56.2544760Z   /opt/homebrew/opt/ruby@3.4/bin
Coverage	Run ruby/setup-ruby@v1	2026-06-16T22:10:56.2546660Z Entries added to PATH to use selected Ruby:
Coverage	Run ruby/setup-ruby@v1	2026-06-16T22:10:56.2547860Z   /Users/runner/hostedtoolcache/Ruby/3.3.11/arm64/bin
Coverage	Run ruby/setup-ruby@v1	2026-06-16T22:10:56.2549470Z ##[endgroup]
Coverage	Run ruby/setup-ruby@v1	2026-06-16T22:10:56.2550530Z ##[group]Print Ruby version
Coverage	Run ruby/setup-ruby@v1	2026-06-16T22:10:56.2569970Z [command]/Users/runner/hostedtoolcache/Ruby/3.3.11/arm64/bin/ruby --version
Coverage	Run ruby/setup-ruby@v1	2026-06-16T22:10:56.2923710Z ruby 3.3.11 (2026-03-26 revision 1f2d15125a) [arm64-darwin23]
Coverage	Run ruby/setup-ruby@v1	2026-06-16T22:10:56.2938560Z Took   0.04 seconds
Coverage	Run ruby/setup-ruby@v1	2026-06-16T22:10:56.2940030Z ##[endgroup]
Coverage	Run ruby/setup-ruby@v1	2026-06-16T22:10:56.2941220Z ##[group]Installing Bundler
Coverage	Run ruby/setup-ruby@v1	2026-06-16T22:10:56.2942920Z Using Bundler 2.4.22 from Gemfile.lock BUNDLED WITH 2.4.22
Coverage	Run ruby/setup-ruby@v1	2026-06-16T22:10:56.2945670Z [command]/Users/runner/hostedtoolcache/Ruby/3.3.11/arm64/bin/gem install bundler -v 2.4.22
Coverage	Run ruby/setup-ruby@v1	2026-06-16T22:10:56.9179720Z Successfully installed bundler-2.4.22
Coverage	Run ruby/setup-ruby@v1	2026-06-16T22:10:56.9180150Z 1 gem installed
Coverage	Run ruby/setup-ruby@v1	2026-06-16T22:10:56.9196840Z Took   0.63 seconds
Coverage	Run ruby/setup-ruby@v1	2026-06-16T22:10:56.9199700Z ##[endgroup]
Coverage	Run ruby/setup-ruby@v1	2026-06-16T22:10:56.9200230Z > bundle install
Coverage	Run ruby/setup-ruby@v1	2026-06-16T22:10:56.9201230Z Setting BUNDLER_VERSION=2.4.22 for "bundle config|lock" commands below to ensure Bundler 2.4.22 is used
Coverage	Run ruby/setup-ruby@v1	2026-06-16T22:10:56.9214940Z [command]/Users/runner/hostedtoolcache/Ruby/3.3.11/arm64/bin/bundle config set --local path /Users/runner/work/spoonjoy-apple/spoonjoy-apple/vendor/bundle
Coverage	Run ruby/setup-ruby@v1	2026-06-16T22:10:57.0195000Z [command]/Users/runner/hostedtoolcache/Ruby/3.3.11/arm64/bin/bundle config set --local deployment true
Coverage	Run ruby/setup-ruby@v1	2026-06-16T22:10:57.1173030Z ##[group]Print lockfile
Coverage	Run ruby/setup-ruby@v1	2026-06-16T22:10:57.1182620Z [command]/bin/cat Gemfile.lock
Coverage	Run ruby/setup-ruby@v1	2026-06-16T22:10:57.1217220Z GEM
Coverage	Run ruby/setup-ruby@v1	2026-06-16T22:10:57.1217770Z   remote: https://rubygems.org/
Coverage	Run ruby/setup-ruby@v1	2026-06-16T22:10:57.1218260Z   specs:
Coverage	Run ruby/setup-ruby@v1	2026-06-16T22:10:57.1218500Z     CFPropertyList (3.0.9)
Coverage	Run ruby/setup-ruby@v1	2026-06-16T22:10:57.1219000Z     atomos (0.1.3)
Coverage	Run ruby/setup-ruby@v1	2026-06-16T22:10:57.1219200Z     claide (1.1.0)
Coverage	Run ruby/setup-ruby@v1	2026-06-16T22:10:57.1219370Z     colored2 (3.1.2)
Coverage	Run ruby/setup-ruby@v1	2026-06-16T22:10:57.1219530Z     nanaimo (0.4.0)
Coverage	Run ruby/setup-ruby@v1	2026-06-16T22:10:57.1219690Z     rexml (3.4.4)
Coverage	Run ruby/setup-ruby@v1	2026-06-16T22:10:57.1219850Z     xcodeproj (1.27.0)
Coverage	Run ruby/setup-ruby@v1	2026-06-16T22:10:57.1220040Z       CFPropertyList (>= 2.3.3, < 4.0)
Coverage	Run ruby/setup-ruby@v1	2026-06-16T22:10:57.1220250Z       atomos (~> 0.1.3)
Coverage	Run ruby/setup-ruby@v1	2026-06-16T22:10:57.1220430Z       claide (>= 1.0.2, < 2.0)
Coverage	Run ruby/setup-ruby@v1	2026-06-16T22:10:57.1220630Z       colored2 (~> 3.1)
Coverage	Run ruby/setup-ruby@v1	2026-06-16T22:10:57.1220830Z       nanaimo (~> 0.4.0)
Coverage	Run ruby/setup-ruby@v1	2026-06-16T22:10:57.1221000Z       rexml (>= 3.3.6, < 4.0)
Coverage	Run ruby/setup-ruby@v1	2026-06-16T22:10:57.1221130Z 
Coverage	Run ruby/setup-ruby@v1	2026-06-16T22:10:57.1221220Z PLATFORMS
Coverage	Run ruby/setup-ruby@v1	2026-06-16T22:10:57.1221410Z   ruby
Coverage	Run ruby/setup-ruby@v1	2026-06-16T22:10:57.1221520Z 
Coverage	Run ruby/setup-ruby@v1	2026-06-16T22:10:57.1221580Z DEPENDENCIES
Coverage	Run ruby/setup-ruby@v1	2026-06-16T22:10:57.1221770Z   xcodeproj (= 1.27.0)
Coverage	Run ruby/setup-ruby@v1	2026-06-16T22:10:57.1221880Z 
Coverage	Run ruby/setup-ruby@v1	2026-06-16T22:10:57.1221940Z BUNDLED WITH
Coverage	Run ruby/setup-ruby@v1	2026-06-16T22:10:57.1222130Z    2.4.22
Coverage	Run ruby/setup-ruby@v1	2026-06-16T22:10:57.1222650Z ##[endgroup]
Coverage	Run ruby/setup-ruby@v1	2026-06-16T22:10:57.1258070Z Cache key: setup-ruby-bundler-cache-v6-macos-16-arm64-ruby-3.3.11-wd-/Users/runner/work/spoonjoy-apple/spoonjoy-apple-with--without--only--Gemfile.lock-1c518b76fe54e5cf53a0d5a5894d0608d84fdd77dcec6439661db24d2f9d06a4
Coverage	Run ruby/setup-ruby@v1	2026-06-16T22:10:57.2989740Z [command]/Users/runner/hostedtoolcache/Ruby/3.3.11/arm64/bin/bundle install --jobs 3
Coverage	Run ruby/setup-ruby@v1	2026-06-16T22:10:58.5259330Z Fetching gem metadata from https://rubygems.org/.........
Coverage	Run ruby/setup-ruby@v1	2026-06-16T22:10:58.5712740Z CFPropertyList-3.0.9 requires ruby version < 3.2, which is incompatible with the
Coverage	Run ruby/setup-ruby@v1	2026-06-16T22:10:58.5713620Z current version, 3.3.11
Coverage	Run ruby/setup-ruby@v1	2026-06-16T22:10:58.5848320Z ##[error]The process '/Users/runner/hostedtoolcache/Ruby/3.3.11/arm64/bin/bundle' failed with exit code 5
Native scenario verifier	Run ruby/setup-ruby@v1	﻿2026-06-16T22:10:56.6927800Z ##[group]Run ruby/setup-ruby@v1
Native scenario verifier	Run ruby/setup-ruby@v1	2026-06-16T22:10:56.6929570Z with:
Native scenario verifier	Run ruby/setup-ruby@v1	2026-06-16T22:10:56.6931020Z   ruby-version: 3.3
Native scenario verifier	Run ruby/setup-ruby@v1	2026-06-16T22:10:56.6932480Z   bundler-cache: true
Native scenario verifier	Run ruby/setup-ruby@v1	2026-06-16T22:10:56.6937900Z   token: ***
Native scenario verifier	Run ruby/setup-ruby@v1	2026-06-16T22:10:56.6938700Z ##[endgroup]
Native scenario verifier	Run ruby/setup-ruby@v1	2026-06-16T22:10:56.8424120Z ##[group]Modifying PATH
Native scenario verifier	Run ruby/setup-ruby@v1	2026-06-16T22:10:56.8425060Z Entries removed from PATH to avoid conflicts with default Ruby:
Native scenario verifier	Run ruby/setup-ruby@v1	2026-06-16T22:10:56.8425840Z   /opt/homebrew/lib/ruby/gems/3.4.0/bin
Native scenario verifier	Run ruby/setup-ruby@v1	2026-06-16T22:10:56.8426500Z   /opt/homebrew/opt/ruby@3.4/bin
Native scenario verifier	Run ruby/setup-ruby@v1	2026-06-16T22:10:56.8429550Z Entries added to PATH to use selected Ruby:
Native scenario verifier	Run ruby/setup-ruby@v1	2026-06-16T22:10:56.8430510Z   /Users/runner/hostedtoolcache/Ruby/3.3.11/arm64/bin
Native scenario verifier	Run ruby/setup-ruby@v1	2026-06-16T22:10:56.8432390Z ##[endgroup]
Native scenario verifier	Run ruby/setup-ruby@v1	2026-06-16T22:10:56.8433290Z ##[group]Print Ruby version
Native scenario verifier	Run ruby/setup-ruby@v1	2026-06-16T22:10:56.8456280Z [command]/Users/runner/hostedtoolcache/Ruby/3.3.11/arm64/bin/ruby --version
Native scenario verifier	Run ruby/setup-ruby@v1	2026-06-16T22:10:56.8940000Z ruby 3.3.11 (2026-03-26 revision 1f2d15125a) [arm64-darwin23]
Native scenario verifier	Run ruby/setup-ruby@v1	2026-06-16T22:10:56.8969600Z Took   0.05 seconds
Native scenario verifier	Run ruby/setup-ruby@v1	2026-06-16T22:10:56.8973370Z ##[endgroup]
Native scenario verifier	Run ruby/setup-ruby@v1	2026-06-16T22:10:56.8975640Z ##[group]Installing Bundler
Native scenario verifier	Run ruby/setup-ruby@v1	2026-06-16T22:10:56.8978070Z Using Bundler 2.4.22 from Gemfile.lock BUNDLED WITH 2.4.22
Native scenario verifier	Run ruby/setup-ruby@v1	2026-06-16T22:10:56.8980520Z [command]/Users/runner/hostedtoolcache/Ruby/3.3.11/arm64/bin/gem install bundler -v 2.4.22
Native scenario verifier	Run ruby/setup-ruby@v1	2026-06-16T22:10:57.6730540Z Successfully installed bundler-2.4.22
Native scenario verifier	Run ruby/setup-ruby@v1	2026-06-16T22:10:57.6731060Z 1 gem installed
Native scenario verifier	Run ruby/setup-ruby@v1	2026-06-16T22:10:57.6748090Z Took   0.78 seconds
Native scenario verifier	Run ruby/setup-ruby@v1	2026-06-16T22:10:57.6749130Z ##[endgroup]
Native scenario verifier	Run ruby/setup-ruby@v1	2026-06-16T22:10:57.6751840Z > bundle install
Native scenario verifier	Run ruby/setup-ruby@v1	2026-06-16T22:10:57.6755230Z Setting BUNDLER_VERSION=2.4.22 for "bundle config|lock" commands below to ensure Bundler 2.4.22 is used
Native scenario verifier	Run ruby/setup-ruby@v1	2026-06-16T22:10:57.6772990Z [command]/Users/runner/hostedtoolcache/Ruby/3.3.11/arm64/bin/bundle config set --local path /Users/runner/work/spoonjoy-apple/spoonjoy-apple/vendor/bundle
Native scenario verifier	Run ruby/setup-ruby@v1	2026-06-16T22:10:57.8064460Z [command]/Users/runner/hostedtoolcache/Ruby/3.3.11/arm64/bin/bundle config set --local deployment true
Native scenario verifier	Run ruby/setup-ruby@v1	2026-06-16T22:10:57.9270520Z ##[group]Print lockfile
Native scenario verifier	Run ruby/setup-ruby@v1	2026-06-16T22:10:57.9281400Z [command]/bin/cat Gemfile.lock
Native scenario verifier	Run ruby/setup-ruby@v1	2026-06-16T22:10:57.9316380Z GEM
Native scenario verifier	Run ruby/setup-ruby@v1	2026-06-16T22:10:57.9316930Z   remote: https://rubygems.org/
Native scenario verifier	Run ruby/setup-ruby@v1	2026-06-16T22:10:57.9317550Z   specs:
Native scenario verifier	Run ruby/setup-ruby@v1	2026-06-16T22:10:57.9317910Z     CFPropertyList (3.0.9)
Native scenario verifier	Run ruby/setup-ruby@v1	2026-06-16T22:10:57.9318170Z     atomos (0.1.3)
Native scenario verifier	Run ruby/setup-ruby@v1	2026-06-16T22:10:57.9318430Z     claide (1.1.0)
Native scenario verifier	Run ruby/setup-ruby@v1	2026-06-16T22:10:57.9318590Z     colored2 (3.1.2)
Native scenario verifier	Run ruby/setup-ruby@v1	2026-06-16T22:10:57.9318810Z     nanaimo (0.4.0)
Native scenario verifier	Run ruby/setup-ruby@v1	2026-06-16T22:10:57.9319000Z     rexml (3.4.4)
Native scenario verifier	Run ruby/setup-ruby@v1	2026-06-16T22:10:57.9319160Z     xcodeproj (1.27.0)
Native scenario verifier	Run ruby/setup-ruby@v1	2026-06-16T22:10:57.9319360Z       CFPropertyList (>= 2.3.3, < 4.0)
Native scenario verifier	Run ruby/setup-ruby@v1	2026-06-16T22:10:57.9319570Z       atomos (~> 0.1.3)
Native scenario verifier	Run ruby/setup-ruby@v1	2026-06-16T22:10:57.9319760Z       claide (>= 1.0.2, < 2.0)
Native scenario verifier	Run ruby/setup-ruby@v1	2026-06-16T22:10:57.9319960Z       colored2 (~> 3.1)
Native scenario verifier	Run ruby/setup-ruby@v1	2026-06-16T22:10:57.9320140Z       nanaimo (~> 0.4.0)
Native scenario verifier	Run ruby/setup-ruby@v1	2026-06-16T22:10:57.9320320Z       rexml (>= 3.3.6, < 4.0)
Native scenario verifier	Run ruby/setup-ruby@v1	2026-06-16T22:10:57.9320460Z 
Native scenario verifier	Run ruby/setup-ruby@v1	2026-06-16T22:10:57.9320570Z PLATFORMS
Native scenario verifier	Run ruby/setup-ruby@v1	2026-06-16T22:10:57.9320730Z   ruby
Native scenario verifier	Run ruby/setup-ruby@v1	2026-06-16T22:10:57.9320830Z 
Native scenario verifier	Run ruby/setup-ruby@v1	2026-06-16T22:10:57.9320930Z DEPENDENCIES
Native scenario verifier	Run ruby/setup-ruby@v1	2026-06-16T22:10:57.9321110Z   xcodeproj (= 1.27.0)
Native scenario verifier	Run ruby/setup-ruby@v1	2026-06-16T22:10:57.9321230Z 
Native scenario verifier	Run ruby/setup-ruby@v1	2026-06-16T22:10:57.9321300Z BUNDLED WITH
Native scenario verifier	Run ruby/setup-ruby@v1	2026-06-16T22:10:57.9321520Z    2.4.22
Native scenario verifier	Run ruby/setup-ruby@v1	2026-06-16T22:10:57.9321970Z ##[endgroup]
Native scenario verifier	Run ruby/setup-ruby@v1	2026-06-16T22:10:57.9360840Z Cache key: setup-ruby-bundler-cache-v6-macos-16-arm64-ruby-3.3.11-wd-/Users/runner/work/spoonjoy-apple/spoonjoy-apple-with--without--only--Gemfile.lock-1c518b76fe54e5cf53a0d5a5894d0608d84fdd77dcec6439661db24d2f9d06a4
Native scenario verifier	Run ruby/setup-ruby@v1	2026-06-16T22:10:58.0352930Z [command]/Users/runner/hostedtoolcache/Ruby/3.3.11/arm64/bin/bundle install --jobs 3
Native scenario verifier	Run ruby/setup-ruby@v1	2026-06-16T22:10:59.2570840Z Fetching gem metadata from https://rubygems.org/.........
Native scenario verifier	Run ruby/setup-ruby@v1	2026-06-16T22:10:59.2900620Z CFPropertyList-3.0.9 requires ruby version < 3.2, which is incompatible with the
Native scenario verifier	Run ruby/setup-ruby@v1	2026-06-16T22:10:59.2901670Z current version, 3.3.11
Native scenario verifier	Run ruby/setup-ruby@v1	2026-06-16T22:10:59.3166740Z ##[error]The process '/Users/runner/hostedtoolcache/Ruby/3.3.11/arm64/bin/bundle' failed with exit code 5
Swift tests	Run ruby/setup-ruby@v1	﻿2026-06-16T22:10:55.9008930Z ##[group]Run ruby/setup-ruby@v1
Swift tests	Run ruby/setup-ruby@v1	2026-06-16T22:10:55.9009860Z with:
Swift tests	Run ruby/setup-ruby@v1	2026-06-16T22:10:55.9010540Z   ruby-version: 3.3
Swift tests	Run ruby/setup-ruby@v1	2026-06-16T22:10:55.9011320Z   bundler-cache: true
Swift tests	Run ruby/setup-ruby@v1	2026-06-16T22:10:55.9020310Z   token: ***
Swift tests	Run ruby/setup-ruby@v1	2026-06-16T22:10:55.9020980Z ##[endgroup]
Swift tests	Run ruby/setup-ruby@v1	2026-06-16T22:10:56.0531430Z ##[group]Modifying PATH
Swift tests	Run ruby/setup-ruby@v1	2026-06-16T22:10:56.0533130Z Entries removed from PATH to avoid conflicts with default Ruby:
Swift tests	Run ruby/setup-ruby@v1	2026-06-16T22:10:56.0537090Z   /opt/homebrew/lib/ruby/gems/3.4.0/bin
Swift tests	Run ruby/setup-ruby@v1	2026-06-16T22:10:56.0538280Z   /opt/homebrew/opt/ruby@3.4/bin
Swift tests	Run ruby/setup-ruby@v1	2026-06-16T22:10:56.0539250Z Entries added to PATH to use selected Ruby:
Swift tests	Run ruby/setup-ruby@v1	2026-06-16T22:10:56.0540370Z   /Users/runner/hostedtoolcache/Ruby/3.3.11/arm64/bin
Swift tests	Run ruby/setup-ruby@v1	2026-06-16T22:10:56.0541850Z ##[endgroup]
Swift tests	Run ruby/setup-ruby@v1	2026-06-16T22:10:56.0543050Z ##[group]Print Ruby version
Swift tests	Run ruby/setup-ruby@v1	2026-06-16T22:10:56.0544330Z [command]/Users/runner/hostedtoolcache/Ruby/3.3.11/arm64/bin/ruby --version
Swift tests	Run ruby/setup-ruby@v1	2026-06-16T22:10:56.0919900Z ruby 3.3.11 (2026-03-26 revision 1f2d15125a) [arm64-darwin23]
Swift tests	Run ruby/setup-ruby@v1	2026-06-16T22:10:56.0935440Z Took   0.04 seconds
Swift tests	Run ruby/setup-ruby@v1	2026-06-16T22:10:56.0939450Z ##[endgroup]
Swift tests	Run ruby/setup-ruby@v1	2026-06-16T22:10:56.0940690Z ##[group]Installing Bundler
Swift tests	Run ruby/setup-ruby@v1	2026-06-16T22:10:56.0941160Z Using Bundler 2.4.22 from Gemfile.lock BUNDLED WITH 2.4.22
Swift tests	Run ruby/setup-ruby@v1	2026-06-16T22:10:56.0941820Z [command]/Users/runner/hostedtoolcache/Ruby/3.3.11/arm64/bin/gem install bundler -v 2.4.22
Swift tests	Run ruby/setup-ruby@v1	2026-06-16T22:10:56.6878870Z Successfully installed bundler-2.4.22
Swift tests	Run ruby/setup-ruby@v1	2026-06-16T22:10:56.6879400Z 1 gem installed
Swift tests	Run ruby/setup-ruby@v1	2026-06-16T22:10:56.6895720Z Took   0.60 seconds
Swift tests	Run ruby/setup-ruby@v1	2026-06-16T22:10:56.6896670Z ##[endgroup]
Swift tests	Run ruby/setup-ruby@v1	2026-06-16T22:10:56.6897130Z > bundle install
Swift tests	Run ruby/setup-ruby@v1	2026-06-16T22:10:56.6899890Z Setting BUNDLER_VERSION=2.4.22 for "bundle config|lock" commands below to ensure Bundler 2.4.22 is used
Swift tests	Run ruby/setup-ruby@v1	2026-06-16T22:10:56.6916380Z [command]/Users/runner/hostedtoolcache/Ruby/3.3.11/arm64/bin/bundle config set --local path /Users/runner/work/spoonjoy-apple/spoonjoy-apple/vendor/bundle
Swift tests	Run ruby/setup-ruby@v1	2026-06-16T22:10:56.7939050Z [command]/Users/runner/hostedtoolcache/Ruby/3.3.11/arm64/bin/bundle config set --local deployment true
Swift tests	Run ruby/setup-ruby@v1	2026-06-16T22:10:56.8949550Z ##[group]Print lockfile
Swift tests	Run ruby/setup-ruby@v1	2026-06-16T22:10:56.8959750Z [command]/bin/cat Gemfile.lock
Swift tests	Run ruby/setup-ruby@v1	2026-06-16T22:10:56.8991030Z GEM
Swift tests	Run ruby/setup-ruby@v1	2026-06-16T22:10:56.8992630Z   remote: https://rubygems.org/
Swift tests	Run ruby/setup-ruby@v1	2026-06-16T22:10:56.8993000Z   specs:
Swift tests	Run ruby/setup-ruby@v1	2026-06-16T22:10:56.8993280Z     CFPropertyList (3.0.9)
Swift tests	Run ruby/setup-ruby@v1	2026-06-16T22:10:56.8993580Z     atomos (0.1.3)
Swift tests	Run ruby/setup-ruby@v1	2026-06-16T22:10:56.8993820Z     claide (1.1.0)
Swift tests	Run ruby/setup-ruby@v1	2026-06-16T22:10:56.8994080Z     colored2 (3.1.2)
Swift tests	Run ruby/setup-ruby@v1	2026-06-16T22:10:56.8994310Z     nanaimo (0.4.0)
Swift tests	Run ruby/setup-ruby@v1	2026-06-16T22:10:56.8994540Z     rexml (3.4.4)
Swift tests	Run ruby/setup-ruby@v1	2026-06-16T22:10:56.8994790Z     xcodeproj (1.27.0)
Swift tests	Run ruby/setup-ruby@v1	2026-06-16T22:10:56.8995060Z       CFPropertyList (>= 2.3.3, < 4.0)
Swift tests	Run ruby/setup-ruby@v1	2026-06-16T22:10:56.8995380Z       atomos (~> 0.1.3)
Swift tests	Run ruby/setup-ruby@v1	2026-06-16T22:10:56.8995650Z       claide (>= 1.0.2, < 2.0)
Swift tests	Run ruby/setup-ruby@v1	2026-06-16T22:10:56.8995930Z       colored2 (~> 3.1)
Swift tests	Run ruby/setup-ruby@v1	2026-06-16T22:10:56.8996180Z       nanaimo (~> 0.4.0)
Swift tests	Run ruby/setup-ruby@v1	2026-06-16T22:10:56.8996440Z       rexml (>= 3.3.6, < 4.0)
Swift tests	Run ruby/setup-ruby@v1	2026-06-16T22:10:56.8996650Z 
Swift tests	Run ruby/setup-ruby@v1	2026-06-16T22:10:56.8996890Z PLATFORMS
Swift tests	Run ruby/setup-ruby@v1	2026-06-16T22:10:56.8997090Z   ruby
Swift tests	Run ruby/setup-ruby@v1	2026-06-16T22:10:56.8997180Z 
Swift tests	Run ruby/setup-ruby@v1	2026-06-16T22:10:56.8997240Z DEPENDENCIES
Swift tests	Run ruby/setup-ruby@v1	2026-06-16T22:10:56.8997420Z   xcodeproj (= 1.27.0)
Swift tests	Run ruby/setup-ruby@v1	2026-06-16T22:10:56.8997540Z 
Swift tests	Run ruby/setup-ruby@v1	2026-06-16T22:10:56.8997610Z BUNDLED WITH
Swift tests	Run ruby/setup-ruby@v1	2026-06-16T22:10:56.8997740Z    2.4.22
Swift tests	Run ruby/setup-ruby@v1	2026-06-16T22:10:56.8998190Z ##[endgroup]
Swift tests	Run ruby/setup-ruby@v1	2026-06-16T22:10:56.9035910Z Cache key: setup-ruby-bundler-cache-v6-macos-16-arm64-ruby-3.3.11-wd-/Users/runner/work/spoonjoy-apple/spoonjoy-apple-with--without--only--Gemfile.lock-1c518b76fe54e5cf53a0d5a5894d0608d84fdd77dcec6439661db24d2f9d06a4
Swift tests	Run ruby/setup-ruby@v1	2026-06-16T22:10:57.1801230Z [command]/Users/runner/hostedtoolcache/Ruby/3.3.11/arm64/bin/bundle install --jobs 3
Swift tests	Run ruby/setup-ruby@v1	2026-06-16T22:10:58.2903300Z Fetching gem metadata from https://rubygems.org/.........
Swift tests	Run ruby/setup-ruby@v1	2026-06-16T22:10:58.3177130Z CFPropertyList-3.0.9 requires ruby version < 3.2, which is incompatible with the
Swift tests	Run ruby/setup-ruby@v1	2026-06-16T22:10:58.3177750Z current version, 3.3.11
Swift tests	Run ruby/setup-ruby@v1	2026-06-16T22:10:58.3354990Z ##[error]The process '/Users/runner/hostedtoolcache/Ruby/3.3.11/arm64/bin/bundle' failed with exit code 5
