Running macOS smoke build: xcodebuild -project Spoonjoy.xcodeproj -scheme 'Spoonjoy macOS' -configuration BootstrapDebug -destination 'generic/platform=macOS' CODE_SIGNING_ALLOWED=NO GCC_TREAT_WARNINGS_AS_ERRORS=YES build
Command line invocation:
    /Applications/Xcode.app/Contents/Developer/usr/bin/xcodebuild -project Spoonjoy.xcodeproj -scheme "Spoonjoy macOS" -configuration BootstrapDebug -destination generic/platform=macOS -derivedDataPath tasks/2026-06-15-2314-doing-native-app-skeleton/DerivedData-macOS CODE_SIGNING_ALLOWED=NO GCC_TREAT_WARNINGS_AS_ERRORS=YES build

Build settings from command line:
    CODE_SIGNING_ALLOWED = NO
    GCC_TREAT_WARNINGS_AS_ERRORS = YES

Resolve Package Graph


Resolved source packages:
  SpoonjoyApple: /Users/arimendelow/Projects/spoonjoy-apple @ local

ComputePackagePrebuildTargetDependencyGraph

Prepare packages

CreateBuildRequest

SendProjectDescription

CreateBuildOperation

ComputeTargetDependencyGraph
note: Building targets in dependency order
note: Target dependency graph (4 targets)
    Target 'Spoonjoy macOS' in project 'Spoonjoy'
        ➜ Explicit dependency on target 'SpoonjoyCore' in project 'SpoonjoyApple'
    Target 'SpoonjoyCore' in project 'SpoonjoyApple'
        ➜ Explicit dependency on target 'SpoonjoyCore' in project 'SpoonjoyApple'
        ➜ Explicit dependency on target 'SpoonjoyApple_SpoonjoyCore' in project 'SpoonjoyApple'
    Target 'SpoonjoyCore' in project 'SpoonjoyApple'
        ➜ Explicit dependency on target 'SpoonjoyApple_SpoonjoyCore' in project 'SpoonjoyApple'
    Target 'SpoonjoyApple_SpoonjoyCore' in project 'SpoonjoyApple' (no dependencies)

GatherProvisioningInputs

CreateBuildDescription

ClangStatCache /Applications/Xcode.app/Contents/Developer/Toolchains/XcodeDefault.xctoolchain/usr/bin/clang-stat-cache /Applications/Xcode.app/Contents/Developer/Platforms/MacOSX.platform/Developer/SDKs/MacOSX26.5.sdk /Users/arimendelow/Projects/spoonjoy-apple/tasks/2026-06-15-2314-doing-native-app-skeleton/DerivedData-macOS/SDKStatCaches.noindex/macosx26.5-25F70-e082c4a02f00227109f4ed75e425c832.sdkstatcache
    cd /Users/arimendelow/Projects/spoonjoy-apple/Spoonjoy.xcodeproj
    /Applications/Xcode.app/Contents/Developer/Toolchains/XcodeDefault.xctoolchain/usr/bin/clang-stat-cache /Applications/Xcode.app/Contents/Developer/Platforms/MacOSX.platform/Developer/SDKs/MacOSX26.5.sdk -o /Users/arimendelow/Projects/spoonjoy-apple/tasks/2026-06-15-2314-doing-native-app-skeleton/DerivedData-macOS/SDKStatCaches.noindex/macosx26.5-25F70-e082c4a02f00227109f4ed75e425c832.sdkstatcache

Copy /Users/arimendelow/Projects/spoonjoy-apple/tasks/2026-06-15-2314-doing-native-app-skeleton/DerivedData-macOS/Build/Products/BootstrapDebug/Spoonjoy.app/Contents/Resources/SpoonjoyApple_SpoonjoyCore.bundle /Users/arimendelow/Projects/spoonjoy-apple/tasks/2026-06-15-2314-doing-native-app-skeleton/DerivedData-macOS/Build/Products/BootstrapDebug/SpoonjoyApple_SpoonjoyCore.bundle (in target 'Spoonjoy macOS' from project 'Spoonjoy')
    cd /Users/arimendelow/Projects/spoonjoy-apple
    builtin-copy -exclude .DS_Store -exclude CVS -exclude .svn -exclude .git -exclude .hg -resolve-src-symlinks /Users/arimendelow/Projects/spoonjoy-apple/tasks/2026-06-15-2314-doing-native-app-skeleton/DerivedData-macOS/Build/Products/BootstrapDebug/SpoonjoyApple_SpoonjoyCore.bundle /Users/arimendelow/Projects/spoonjoy-apple/tasks/2026-06-15-2314-doing-native-app-skeleton/DerivedData-macOS/Build/Products/BootstrapDebug/Spoonjoy.app/Contents/Resources

ProcessInfoPlistFile /Users/arimendelow/Projects/spoonjoy-apple/tasks/2026-06-15-2314-doing-native-app-skeleton/DerivedData-macOS/Build/Products/BootstrapDebug/Spoonjoy.app/Contents/Info.plist /Users/arimendelow/Projects/spoonjoy-apple/Apps/Spoonjoy/Shared/Info.plist (in target 'Spoonjoy macOS' from project 'Spoonjoy')
    cd /Users/arimendelow/Projects/spoonjoy-apple
    builtin-infoPlistUtility /Users/arimendelow/Projects/spoonjoy-apple/Apps/Spoonjoy/Shared/Info.plist -producttype com.apple.product-type.application -genpkginfo /Users/arimendelow/Projects/spoonjoy-apple/tasks/2026-06-15-2314-doing-native-app-skeleton/DerivedData-macOS/Build/Products/BootstrapDebug/Spoonjoy.app/Contents/PkgInfo -expandbuildsettings -platform macosx -additionalcontentfile /Users/arimendelow/Projects/spoonjoy-apple/tasks/2026-06-15-2314-doing-native-app-skeleton/DerivedData-macOS/Build/Intermediates.noindex/Spoonjoy.build/BootstrapDebug/Spoonjoy\ macOS.build/assetcatalog_generated_info.plist -scanforprivacyfile /Users/arimendelow/Projects/spoonjoy-apple/tasks/2026-06-15-2314-doing-native-app-skeleton/DerivedData-macOS/Build/Products/BootstrapDebug/Spoonjoy.app/Contents/Resources/SpoonjoyApple_SpoonjoyCore.bundle -o /Users/arimendelow/Projects/spoonjoy-apple/tasks/2026-06-15-2314-doing-native-app-skeleton/DerivedData-macOS/Build/Products/BootstrapDebug/Spoonjoy.app/Contents/Info.plist

** BUILD SUCCEEDED **

macOS build exit code: 0
Launching macOS app: tasks/2026-06-15-2314-doing-native-app-skeleton/DerivedData-macOS/Build/Products/BootstrapDebug/Spoonjoy.app
macOS smoke ok
