[0/1] Planning build
Building for debugging...
[0/4] Write swift-version--58304C5D6DBC2206.txt
[2/43] Compiling SpoonjoyCore OAuthRedirectValidator.swift
[3/43] Compiling SpoonjoyCore OAuthRequests.swift
[4/43] Compiling SpoonjoyCore OAuthResponses.swift
[5/43] Compiling SpoonjoyCore RefreshCoordinator.swift
[6/47] Compiling SpoonjoyCore AppRoute.swift
[7/47] Compiling SpoonjoyCore DeepLinkRouter.swift
[8/47] Compiling SpoonjoyCore NativeAppSnapshot.swift
[9/47] Compiling SpoonjoyCore ScreenViewModels.swift
[10/47] Compiling SpoonjoyCore PaginationCursor.swift
[11/47] Compiling SpoonjoyCore PublicCatalogRequests.swift
[12/47] Compiling SpoonjoyCore ShoppingListAPI.swift
[13/47] Compiling SpoonjoyCore ShoppingListRequests.swift
[14/47] Compiling SpoonjoyCore AppNavigationState.swift
[15/47] Compiling SpoonjoyCore SettingsState.swift
[16/47] Compiling SpoonjoyCore ShoppingListState.swift
[17/47] Compiling SpoonjoyCore DeepLinkManifest.swift
[18/47] Compiling SpoonjoyCore NativeCapabilityMetadata.swift
[19/47] Compiling SpoonjoyCore SpotlightIndexPlan.swift
[20/47] Compiling SpoonjoyCore JSONFileStore.swift
[21/47] Compiling SpoonjoyCore MutationQueue.swift
[22/47] Compiling SpoonjoyCore OfflineSnapshot.swift
[23/47] Compiling SpoonjoyCore SearchState.swift
[24/47] Compiling SpoonjoyCore AuthSessionState.swift
[25/47] Compiling SpoonjoyCore InMemoryTokenVault.swift
[26/47] Compiling SpoonjoyCore OAuthPKCE.swift
[27/47] Compiling SpoonjoyCore APIClient.swift
[28/47] Compiling SpoonjoyCore APIEnvelope.swift
[29/47] Compiling SpoonjoyCore APIError.swift
[30/47] Compiling SpoonjoyCore APIRequestBuilder.swift
[31/47] Compiling SpoonjoyCore APIRetryPolicy.swift
[32/47] Emitting module SpoonjoyCore
[33/47] Compiling SpoonjoyCore NativeIntentAction.swift
[34/47] Compiling SpoonjoyCore ScenarioCommand.swift
[35/47] Compiling SpoonjoyCore ScenarioReport.swift
[36/47] Compiling SpoonjoyCore ScenarioVerifier.swift
[37/47] Compiling SpoonjoyCore TokenVault.swift
[38/47] Compiling SpoonjoyCore CaptureDraft.swift
[39/47] Compiling SpoonjoyCore CookModeProgress.swift
[40/47] Compiling SpoonjoyCore KitchenFixtureState.swift
[41/47] Compiling SpoonjoyCore SyncCheckpoint.swift
[42/47] Compiling SpoonjoyCore RecipeCookbook.swift
[43/47] Compiling SpoonjoyCore SpoonjoyCore.swift
[44/47] Compiling SpoonjoyCore resource_bundle_accessor.swift
[45/50] Compiling SpoonjoyScenarioVerifier ScenarioProcessMain.swift
[46/50] Emitting module SpoonjoyScenarioVerifier
[47/50] Compiling SpoonjoyScenarioVerifier main.swift
[47/50] Write Objects.LinkFileList
[48/50] Linking SpoonjoyScenarioVerifier
[49/50] Applying SpoonjoyScenarioVerifier
Build of product 'SpoonjoyScenarioVerifier' complete! (2.53s)
native scenario verification ok: final
