[0/1] Planning build
Building for debugging...
[0/5] Write sources
[1/5] Write swift-version--58304C5D6DBC2206.txt
[3/45] Compiling SpoonjoyCore SettingsState.swift
[4/45] Compiling SpoonjoyCore ShoppingListState.swift
[5/45] Compiling SpoonjoyCore DeepLinkManifest.swift
[6/45] Compiling SpoonjoyCore NativeCapabilityMetadata.swift
[7/49] Compiling SpoonjoyCore PaginationCursor.swift
[8/49] Compiling SpoonjoyCore PublicCatalogRequests.swift
[9/49] Compiling SpoonjoyCore ShoppingListAPI.swift
[10/49] Compiling SpoonjoyCore ShoppingListRequests.swift
[11/49] Compiling SpoonjoyCore AppNavigationState.swift
[12/49] Compiling SpoonjoyCore SpotlightIndexPlan.swift
[13/49] Compiling SpoonjoyCore JSONFileStore.swift
[14/49] Compiling SpoonjoyCore MutationQueue.swift
[15/49] Compiling SpoonjoyCore OfflineSnapshot.swift
[16/49] Compiling SpoonjoyCore OAuthRedirectValidator.swift
[17/49] Compiling SpoonjoyCore OAuthRequests.swift
[18/49] Compiling SpoonjoyCore OAuthResponses.swift
[19/49] Compiling SpoonjoyCore RefreshCoordinator.swift
[20/49] Compiling SpoonjoyCore TokenVault.swift
[21/49] Compiling SpoonjoyCore CaptureDraft.swift
[22/49] Compiling SpoonjoyCore CookModeProgress.swift
[23/49] Compiling SpoonjoyCore KitchenFixtureState.swift
[24/49] Compiling SpoonjoyCore AppRoute.swift
[25/49] Compiling SpoonjoyCore DeepLinkRouter.swift
[26/49] Compiling SpoonjoyCore DeepLinkURLBuilder.swift
[27/49] Compiling SpoonjoyCore NativeAppSnapshot.swift
[28/49] Compiling SpoonjoyCore ScreenViewModels.swift
[29/49] Compiling SpoonjoyCore APIClient.swift
[30/49] Compiling SpoonjoyCore APIEnvelope.swift
[31/49] Compiling SpoonjoyCore APIError.swift
[32/49] Compiling SpoonjoyCore APIRequestBuilder.swift
[33/49] Compiling SpoonjoyCore APIRetryPolicy.swift
[34/49] Compiling SpoonjoyCore SearchState.swift
[35/49] Compiling SpoonjoyCore AuthSessionState.swift
[36/49] Compiling SpoonjoyCore InMemoryTokenVault.swift
[37/49] Compiling SpoonjoyCore OAuthPKCE.swift
[38/49] Emitting module SpoonjoyCore
[39/49] Compiling SpoonjoyCore NativeIntentAction.swift
[40/49] Compiling SpoonjoyCore ScenarioCommand.swift
[41/49] Compiling SpoonjoyCore ScenarioReport.swift
[42/49] Compiling SpoonjoyCore ScenarioVerifier.swift
[43/49] Compiling SpoonjoyCore SyncCheckpoint.swift
[44/49] Compiling SpoonjoyCore RecipeCookbook.swift
[45/49] Compiling SpoonjoyCore SpoonjoyCore.swift
[46/49] Compiling SpoonjoyCore resource_bundle_accessor.swift
[47/52] Compiling SpoonjoyScenarioVerifier main.swift
[48/52] Compiling SpoonjoyScenarioVerifier ScenarioProcessMain.swift
[49/52] Emitting module SpoonjoyScenarioVerifier
[49/52] Write Objects.LinkFileList
[50/52] Linking SpoonjoyScenarioVerifier
[51/52] Applying SpoonjoyScenarioVerifier
Build of product 'SpoonjoyScenarioVerifier' complete! (2.89s)
native scenario verification ok: final
