Building for debugging...
[0/5] Write sources
[1/5] Write swift-version--58304C5D6DBC2206.txt
[3/5] Compiling SpoonjoyCoreTests NativeScenarioTests.swift
[4/5] Emitting module SpoonjoyCoreTests
[4/6] Write Objects.LinkFileList
[5/6] Linking SpoonjoyApplePackageTests
Build complete! (2.22s)
◇ Test run started.
↳ Testing Library Version: 1902
↳ Target Platform: arm64e-apple-macos14.0
◇ Suite "Native scenario metadata" started.
◇ Test "native metadata report exposes Apple-native capabilities" started.
◇ Test "native metadata command parses stage and output path" started.
◇ Test "native metadata report encoding is deterministic" started.
◇ Test "app integration sources typecheck and declare expected native types" started.
◇ Test "verify native scenarios script gates native metadata behavior" started.
✔ Test "native metadata command parses stage and output path" passed after 0.001 seconds.
✔ Test "native metadata report exposes Apple-native capabilities" passed after 0.001 seconds.
✔ Test "native metadata report encoding is deterministic" passed after 0.001 seconds.
✔ Test "app integration sources typecheck and declare expected native types" passed after 0.615 seconds.
✔ Test "verify native scenarios script gates native metadata behavior" passed after 10.078 seconds.
✔ Suite "Native scenario metadata" passed after 10.078 seconds.
✔ Test run with 5 tests in 1 suite passed after 10.078 seconds.
