$ swift test --enable-code-coverage --disable-xctest --parallel -Xswiftc -warnings-as-errors
[0/1] Planning build
Building for debugging...
[0/6] Write swift-version--58304C5D6DBC2206.txt
[2/10] Compiling SpoonjoyCore SpoonjoyCore.swift
[3/10] Compiling SpoonjoyCore resource_bundle_accessor.swift
[4/10] Compiling SpoonjoyCore RecipeCookbook.swift
[5/10] Emitting module SpoonjoyCore
[6/15] Compiling SpoonjoyScenarioVerifier main.swift
[7/15] Emitting module SpoonjoyScenarioVerifier
[7/15] Write Objects.LinkFileList
[8/15] Linking SpoonjoyScenarioVerifier
[9/15] Applying SpoonjoyScenarioVerifier
[11/15] Compiling SpoonjoyCoreTests SpoonjoyCoreBootstrapTests.swift
[12/15] Emitting module SpoonjoyCoreTests
[13/15] Compiling SpoonjoyCoreTests RecipeCookbookTests.swift
[14/17] Compiling SpoonjoyApplePackageTests runner.swift
[15/17] Emitting module SpoonjoyApplePackageTests
[15/17] Write Objects.LinkFileList
[16/17] Linking SpoonjoyApplePackageTests
Build complete! (2.99s)
◇ Test run started.
↳ Testing Library Version: 1902
↳ Target Platform: arm64e-apple-macos14.0
◇ Suite "Recipe and cookbook domain" started.
◇ Suite "SpoonjoyCore bootstrap" started.
◇ Test "cookbook search summary exposes cover-aware navigation fields" started.
◇ Test "recipe search summary exposes public navigation fields" started.
◇ Test "cookbook validation rejects malformed public payloads" started.
◇ Test "recipe validation rejects malformed public payloads" started.
◇ Test "recipe steps and ingredients preserve display-safe API data" started.
◇ Test "cookbook catalog returns nil for missing ids" started.
◇ Test "manual step and ingredient initializers preserve values" started.
◇ Test "bootstrap report allows only future native/app checks to remain pending" started.
◇ Test "cookbook cover falls back cleanly when no images are available" started.
◇ Test "missing fixture reports file-not-found" started.
◇ Test "recipe search summary falls back when serving text is absent" started.
◇ Test "product name is stable" started.
◇ Test "scenario command parses bootstrap stage and output" started.
◇ Test "cookbook fixture decodes cover, recipe links, and attribution" started.
◇ Test "recipe catalog returns nil for missing ids" started.
◇ Test "scenario command errors have useful descriptions" started.
◇ Test "scenario command rejects malformed arguments" started.
◇ Test "fixture resources are copied into test bundle" started.
◇ Test "cookbook encoding preserves the API v1 field names" started.
◇ Test "recipe fixture decodes API v1 recipe detail shape" started.
◇ Test "scenario command reports unsupported future stages" started.
◇ Test "cookbook search summary uses singular recipe text" started.
✔ Test "manual step and ingredient initializers preserve values" passed after 0.004 seconds.
✔ Test "cookbook cover falls back cleanly when no images are available" passed after 0.004 seconds.
✔ Test "cookbook validation rejects malformed public payloads" passed after 0.004 seconds.
✔ Test "bootstrap report allows only future native/app checks to remain pending" passed after 0.004 seconds.
✔ Test "scenario command parses bootstrap stage and output" passed after 0.004 seconds.
✔ Test "recipe search summary falls back when serving text is absent" passed after 0.004 seconds.
✔ Test "scenario command rejects malformed arguments" passed after 0.004 seconds.
✔ Test "missing fixture reports file-not-found" passed after 0.004 seconds.
✔ Test "recipe validation rejects malformed public payloads" passed after 0.004 seconds.
✔ Test "scenario command errors have useful descriptions" passed after 0.004 seconds.
✔ Test "product name is stable" passed after 0.004 seconds.
✔ Test "cookbook search summary exposes cover-aware navigation fields" passed after 0.004 seconds.
✔ Test "cookbook search summary uses singular recipe text" passed after 0.004 seconds.
✔ Test "cookbook catalog returns nil for missing ids" passed after 0.004 seconds.
✔ Test "cookbook fixture decodes cover, recipe links, and attribution" passed after 0.004 seconds.
✔ Test "recipe catalog returns nil for missing ids" passed after 0.004 seconds.
✔ Test "recipe fixture decodes API v1 recipe detail shape" passed after 0.004 seconds.
✔ Test "scenario command reports unsupported future stages" passed after 0.004 seconds.
✔ Test "recipe search summary exposes public navigation fields" passed after 0.005 seconds.
✔ Test "cookbook encoding preserves the API v1 field names" passed after 0.004 seconds.
✔ Test "recipe steps and ingredients preserve display-safe API data" passed after 0.005 seconds.
✔ Suite "Recipe and cookbook domain" passed after 0.005 seconds.
✔ Test "fixture resources are copied into test bundle" passed after 0.005 seconds.
✔ Suite "SpoonjoyCore bootstrap" passed after 0.006 seconds.
✔ Test run with 22 tests in 2 suites passed after 0.006 seconds.
