Building for debugging...
[0/6] Write sources
[2/6] Write swift-version--58304C5D6DBC2206.txt
[4/8] Emitting module SpoonjoyCore
[5/8] Compiling SpoonjoyCore ScenarioVerifier.swift
[5/10] Write Objects.LinkFileList
[6/12] Linking SpoonjoyScenarioVerifier
[7/12] Applying SpoonjoyScenarioVerifier
[9/12] Compiling SpoonjoyCoreTests NativeScenarioTests.swift
[10/12] Emitting module SpoonjoyCoreTests
[10/12] Write Objects.LinkFileList
[11/12] Linking SpoonjoyApplePackageTests
Build complete! (4.77s)
◇ Test run started.
↳ Testing Library Version: 1902
↳ Target Platform: arm64e-apple-macos14.0
◇ Suite "Native scenario metadata" started.
◇ Test "final report proves search capture settings and deep link safety" started.
◇ Test "native metadata command parses stage and output path" started.
◇ Test "native metadata report exposes Apple-native capabilities" started.
◇ Test "surfaces report fails when surface sources are missing" started.
◇ Test "verify native scenarios script gates native metadata behavior" started.
◇ Test "surface behavioral checks fail closed for missing or throwing fixture data" started.
◇ Test "scenario command parses surfaces stage" started.
◇ Test "native intent actions resolve routes local mutations and capture drafts" started.
◇ Test "native metadata report encoding is deterministic" started.
◇ Test "app integration sources typecheck and declare expected native types" started.
◇ Test "spotlight index plan builds route aware searchable documents" started.
◇ Test "scenario verifier covers root override and failing native metadata checks" started.
◇ Test "final behavioral checks fail closed for weak settings offline and link safety" started.
◇ Test "scenario command writes output and supports stdout mode" started.
◇ Test "surfaces report proves kitchen recipe cook and shopping slices" started.
✔ Test "scenario command parses surfaces stage" passed after 0.003 seconds.
✔ Test "native metadata command parses stage and output path" passed after 0.003 seconds.
✔ Test "native intent actions resolve routes local mutations and capture drafts" passed after 0.003 seconds.
✔ Test "native metadata report exposes Apple-native capabilities" passed after 0.003 seconds.
✔ Test "native metadata report encoding is deterministic" passed after 0.003 seconds.
✔ Test "scenario verifier covers root override and failing native metadata checks" passed after 0.003 seconds.
{
  "checks" : [
    {
      "detail" : "Fixture resources are packaged.",
      "name" : "fixture bundle",
      "status" : "pass"
    },
    {
      "detail" : "Native metadata lands in Unit 10.",
      "name" : "native metadata",
      "status" : "pending"
    },
    {
      "detail" : "SwiftUI surfaces land in Units 13-16.",
      "name" : "app surfaces",
      "status" : "pending"
    }
  ],
  "nativeCapabilities" : {
    "appIntents" : [

    ],
    "associatedDomains" : [

    ],
    "deepLinkRoutes" : [

    ],
    "offlineFlows" : [
      "fixture-offline-restore"
    ],
    "searchableScopes" : [

    ],
    "shareActions" : [

    ],
    "spotlightIndexedTypes" : [

    ],
    "urlSchemes" : [

    ]
  },
  "ok" : true,
  "stage" : "bootstrap"
}
✔ Test "scenario command writes output and supports stdout mode" passed after 0.005 seconds.
✔ Test "final behavioral checks fail closed for weak settings offline and link safety" passed after 0.006 seconds.
✔ Test "surface behavioral checks fail closed for missing or throwing fixture data" passed after 0.007 seconds.
✔ Test "spotlight index plan builds route aware searchable documents" passed after 0.007 seconds.
✔ Test "surfaces report fails when surface sources are missing" passed after 0.007 seconds.
✔ Test "surfaces report proves kitchen recipe cook and shopping slices" passed after 0.010 seconds.
✔ Test "final report proves search capture settings and deep link safety" passed after 0.016 seconds.
✔ Test "app integration sources typecheck and declare expected native types" passed after 0.667 seconds.
✔ Test "verify native scenarios script gates native metadata behavior" passed after 14.398 seconds.
✔ Suite "Native scenario metadata" passed after 14.398 seconds.
✔ Test run with 15 tests in 1 suite passed after 14.399 seconds.
