$ swift test --filter KitchenStateTests --disable-xctest --parallel -Xswiftc -warnings-as-errors
[0/1] Planning build
Building for debugging...
[0/6] Write sources
[1/6] Write swift-version--58304C5D6DBC2206.txt
[3/8] Compiling SpoonjoyCoreTests SpoonjoyCoreBootstrapTests.swift
[4/8] Emitting module SpoonjoyCoreTests
[5/8] Compiling SpoonjoyCoreTests RecipeCookbookTests.swift
[6/8] Compiling SpoonjoyCoreTests KitchenStateTests.swift
/Users/arimendelow/Projects/spoonjoy-apple/Tests/SpoonjoyCoreTests/KitchenStateTests.swift:9:25: error: cannot find 'ShoppingListState' in scope
  7 |     @Test("shopping list fixture decodes receipt rows and active ordering")
  8 |     func shoppingListFixtureDecodesReceiptRowsAndActiveOrdering() throws {
  9 |         let state = try ShoppingListState.decodeFromBundle()
    |                         `- error: cannot find 'ShoppingListState' in scope
 10 | 
 11 |         #expect(state.id == "shopping_list_ari")

/Users/arimendelow/Projects/spoonjoy-apple/Tests/SpoonjoyCoreTests/KitchenStateTests.swift:14:39: error: cannot infer key path type from context; consider explicitly specifying a root type
 12 |         #expect(state.chef == ChefSummary(id: "chef_ari", username: "ari"))
 13 |         #expect(state.nextCursor == "v1.fixture.shopping.cursor")
 14 |         #expect(state.activeItems.map(\.id) == ["item_lemons", "item_spaghetti", "item_parmesan"])
    |                                       `- error: cannot infer key path type from context; consider explicitly specifying a root type
 15 | 
 16 |         let lemons = try #require(state.item(id: "item_lemons"))

/Users/arimendelow/Projects/spoonjoy-apple/Tests/SpoonjoyCoreTests/KitchenStateTests.swift:24:43: error: cannot infer key path type from context; consider explicitly specifying a root type
 22 |         #expect(lemons.deletedAt == nil)
 23 | 
 24 |         #expect(state.receiptSections.map(\.title) == ["Produce", "Pantry", "Dairy"])
    |                                           `- error: cannot infer key path type from context; consider explicitly specifying a root type
 25 |         #expect(state.receiptSections.first?.items.map(\.id) == ["item_lemons"])
 26 |     }

/Users/arimendelow/Projects/spoonjoy-apple/Tests/SpoonjoyCoreTests/KitchenStateTests.swift:25:56: error: cannot infer key path type from context; consider explicitly specifying a root type
 23 | 
 24 |         #expect(state.receiptSections.map(\.title) == ["Produce", "Pantry", "Dairy"])
 25 |         #expect(state.receiptSections.first?.items.map(\.id) == ["item_lemons"])
    |                                                        `- error: cannot infer key path type from context; consider explicitly specifying a root type
 26 |     }
 27 | 

/Users/arimendelow/Projects/spoonjoy-apple/Tests/SpoonjoyCoreTests/KitchenStateTests.swift:16:22: error: no calls to throwing functions occur within 'try' expression
 14 |         #expect(state.activeItems.map(\.id) == ["item_lemons", "item_spaghetti", "item_parmesan"])
 15 | 
 16 |         let lemons = try #require(state.item(id: "item_lemons"))
    |                      `- error: no calls to throwing functions occur within 'try' expression
 17 |         #expect(lemons.name == "lemons")
 18 |         #expect(lemons.displayQuantity == "2 each")

/Users/arimendelow/Projects/spoonjoy-apple/Tests/SpoonjoyCoreTests/KitchenStateTests.swift:30:25: error: cannot find 'ShoppingListState' in scope
 28 |     @Test("shopping list checkoff and removal keep receipt ordering stable")
 29 |     func shoppingListCheckoffAndRemovalKeepOrderingStable() throws {
 30 |         let state = try ShoppingListState.decodeFromBundle()
    |                         `- error: cannot find 'ShoppingListState' in scope
 31 |         let checked = try state.settingChecked(
 32 |             true,

/Users/arimendelow/Projects/spoonjoy-apple/Tests/SpoonjoyCoreTests/KitchenStateTests.swift:41:41: error: cannot infer key path type from context; consider explicitly specifying a root type
 39 |         #expect(checkedLemons.checked)
 40 |         #expect(checkedLemons.checkedAt == "2026-06-01T00:20:00.000Z")
 41 |         #expect(checked.activeItems.map(\.id) == ["item_spaghetti", "item_parmesan", "item_lemons"])
    |                                         `- error: cannot infer key path type from context; consider explicitly specifying a root type
 42 | 
 43 |         let unchecked = try checked.settingChecked(false, itemID: "item_lemons", checkedAt: nil, nextSortIndex: 4)

/Users/arimendelow/Projects/spoonjoy-apple/Tests/SpoonjoyCoreTests/KitchenStateTests.swift:43:93: error: 'nil' requires a contextual type
 41 |         #expect(checked.activeItems.map(\.id) == ["item_spaghetti", "item_parmesan", "item_lemons"])
 42 | 
 43 |         let unchecked = try checked.settingChecked(false, itemID: "item_lemons", checkedAt: nil, nextSortIndex: 4)
    |                                                                                             `- error: 'nil' requires a contextual type
 44 |         let uncheckedLemons = try #require(unchecked.item(id: "item_lemons"))
 45 |         #expect(!uncheckedLemons.checked)

/Users/arimendelow/Projects/spoonjoy-apple/Tests/SpoonjoyCoreTests/KitchenStateTests.swift:53:41: error: cannot infer key path type from context; consider explicitly specifying a root type
 51 |         )
 52 |         #expect(removed.item(id: "item_spaghetti")?.deletedAt == "2026-06-01T00:21:00.000Z")
 53 |         #expect(removed.activeItems.map(\.id) == ["item_parmesan", "item_lemons"])
    |                                         `- error: cannot infer key path type from context; consider explicitly specifying a root type
 54 |     }
 55 | 

/Users/arimendelow/Projects/spoonjoy-apple/Tests/SpoonjoyCoreTests/KitchenStateTests.swift:37:29: error: no calls to throwing functions occur within 'try' expression
 35 |             nextSortIndex: 4
 36 |         )
 37 |         let checkedLemons = try #require(checked.item(id: "item_lemons"))
    |                             `- error: no calls to throwing functions occur within 'try' expression
 38 | 
 39 |         #expect(checkedLemons.checked)

/Users/arimendelow/Projects/spoonjoy-apple/Tests/SpoonjoyCoreTests/KitchenStateTests.swift:44:31: error: no calls to throwing functions occur within 'try' expression
 42 | 
 43 |         let unchecked = try checked.settingChecked(false, itemID: "item_lemons", checkedAt: nil, nextSortIndex: 4)
 44 |         let uncheckedLemons = try #require(unchecked.item(id: "item_lemons"))
    |                               `- error: no calls to throwing functions occur within 'try' expression
 45 |         #expect(!uncheckedLemons.checked)
 46 |         #expect(uncheckedLemons.checkedAt == nil)

/Users/arimendelow/Projects/spoonjoy-apple/Tests/SpoonjoyCoreTests/KitchenStateTests.swift:58:25: error: cannot find 'ShoppingListState' in scope
 56 |     @Test("shopping list add or restore merges matching display items")
 57 |     func shoppingListAddOrRestoreMergesMatchingDisplayItems() throws {
 58 |         let state = try ShoppingListState.decodeFromBundle()
    |                         `- error: cannot find 'ShoppingListState' in scope
 59 |         let result = try state.addingOrRestoringItem(
 60 |             name: "lemons",

/Users/arimendelow/Projects/spoonjoy-apple/Tests/SpoonjoyCoreTests/KitchenStateTests.swift:71:36: error: cannot find 'ShoppingListMutationMetadata' in scope
 69 |         #expect(!result.created)
 70 |         #expect(result.updated)
 71 |         #expect(result.mutation == ShoppingListMutationMetadata(clientMutationID: "mutation_add_lemons", replayed: false))
    |                                    `- error: cannot find 'ShoppingListMutationMetadata' in scope
 72 |         #expect(lemons.quantity == 3)
 73 |         #expect(lemons.displayQuantity == "3 each")

/Users/arimendelow/Projects/spoonjoy-apple/Tests/SpoonjoyCoreTests/KitchenStateTests.swift:67:22: error: no calls to throwing functions occur within 'try' expression
 65 |             clientMutationID: "mutation_add_lemons"
 66 |         )
 67 |         let lemons = try #require(result.shoppingList.item(id: "item_lemons"))
    |                      `- error: no calls to throwing functions occur within 'try' expression
 68 | 
 69 |         #expect(!result.created)

/Users/arimendelow/Projects/spoonjoy-apple/Tests/SpoonjoyCoreTests/KitchenStateTests.swift:80:23: error: cannot find 'CookModeProgress' in scope
 78 |     @Test("cook mode progress persists current step and completion")
 79 |     func cookModeProgressPersistsCurrentStepAndCompletion() throws {
 80 |         let started = CookModeProgress(
    |                       `- error: cannot find 'CookModeProgress' in scope
 81 |             recipeID: "recipe_lemon_pantry_pasta",
 82 |             stepIDs: ["step_lemon_pasta_1", "step_lemon_pasta_2", "step_lemon_pasta_3"],

/Users/arimendelow/Projects/spoonjoy-apple/Tests/SpoonjoyCoreTests/KitchenStateTests.swift:97:28: error: cannot find 'CookModeProgress' in scope
 95 | 
 96 |         let snapshot = try progressed.snapshot()
 97 |         let restored = try CookModeProgress.restore(from: snapshot)
    |                            `- error: cannot find 'CookModeProgress' in scope
 98 |         #expect(restored == progressed)
 99 |     }

/Users/arimendelow/Projects/spoonjoy-apple/Tests/SpoonjoyCoreTests/KitchenStateTests.swift:103:25: error: cannot find 'CaptureDraft' in scope
101 |     @Test("capture drafts stay local until explicitly promoted")
102 |     func captureDraftsStayLocalUntilPromoted() throws {
103 |         let draft = try CaptureDraft.localText(
    |                         `- error: cannot find 'CaptureDraft' in scope
104 |             id: "capture_text_1",
105 |             rawText: "  2 eggs\n1 cup rice  ",

/Users/arimendelow/Projects/spoonjoy-apple/Tests/SpoonjoyCoreTests/KitchenStateTests.swift:109:34: error: cannot infer contextual base in reference to member 'text'
107 |         )
108 | 
109 |         #expect(draft.source == .text)
    |                                  `- error: cannot infer contextual base in reference to member 'text'
110 |         #expect(draft.status == .localOnly)
111 |         #expect(draft.rawText == "2 eggs\n1 cup rice")

/Users/arimendelow/Projects/spoonjoy-apple/Tests/SpoonjoyCoreTests/KitchenStateTests.swift:110:34: error: cannot infer contextual base in reference to member 'localOnly'
108 | 
109 |         #expect(draft.source == .text)
110 |         #expect(draft.status == .localOnly)
    |                                  `- error: cannot infer contextual base in reference to member 'localOnly'
111 |         #expect(draft.rawText == "2 eggs\n1 cup rice")
112 |         #expect(draft.previewLines == ["2 eggs", "1 cup rice"])

/Users/arimendelow/Projects/spoonjoy-apple/Tests/SpoonjoyCoreTests/KitchenStateTests.swift:122:21: error: cannot find 'CaptureDraft' in scope
120 | 
121 |         do {
122 |             _ = try CaptureDraft.localText(
    |                     `- error: cannot find 'CaptureDraft' in scope
123 |                 id: "capture_empty",
124 |                 rawText: "   ",

/Users/arimendelow/Projects/spoonjoy-apple/Tests/SpoonjoyCoreTests/KitchenStateTests.swift:127:30: error: cannot find type 'CaptureDraftValidationError' in scope
125 |                 createdAt: "2026-06-01T00:30:00.000Z"
126 |             )
127 |         } catch let error as CaptureDraftValidationError {
    |                              `- error: cannot find type 'CaptureDraftValidationError' in scope
128 |             validationMessage = error.description
129 |         } catch {

/Users/arimendelow/Projects/spoonjoy-apple/Tests/SpoonjoyCoreTests/KitchenStateTests.swift:138:24: error: cannot find 'SettingsState' in scope
136 |     @Test("settings state describes auth environment and offline readiness")
137 |     func settingsStateDescribesAuthEnvironmentAndOfflineReadiness() {
138 |         let settings = SettingsState(
    |                        `- error: cannot find 'SettingsState' in scope
139 |             auth: .signedIn(username: "ari", scopes: ["shopping_list:read"], tokenExpiresAt: "2026-06-02T00:00:00.000Z"),
140 |             environment: .production(baseURL: URL(string: "https://spoonjoy.app")!),

/Users/arimendelow/Projects/spoonjoy-apple/Tests/SpoonjoyCoreTests/KitchenStateTests.swift:139:20: error: cannot infer contextual base in reference to member 'signedIn'
137 |     func settingsStateDescribesAuthEnvironmentAndOfflineReadiness() {
138 |         let settings = SettingsState(
139 |             auth: .signedIn(username: "ari", scopes: ["shopping_list:read"], tokenExpiresAt: "2026-06-02T00:00:00.000Z"),
    |                    `- error: cannot infer contextual base in reference to member 'signedIn'
140 |             environment: .production(baseURL: URL(string: "https://spoonjoy.app")!),
141 |             offline: .available(snapshotCount: 2, lastRestoredAt: "2026-06-01T00:40:00.000Z"),

/Users/arimendelow/Projects/spoonjoy-apple/Tests/SpoonjoyCoreTests/KitchenStateTests.swift:140:27: error: cannot infer contextual base in reference to member 'production'
138 |         let settings = SettingsState(
139 |             auth: .signedIn(username: "ari", scopes: ["shopping_list:read"], tokenExpiresAt: "2026-06-02T00:00:00.000Z"),
140 |             environment: .production(baseURL: URL(string: "https://spoonjoy.app")!),
    |                           `- error: cannot infer contextual base in reference to member 'production'
141 |             offline: .available(snapshotCount: 2, lastRestoredAt: "2026-06-01T00:40:00.000Z"),
142 |             preferredCookModeTextSize: .large

/Users/arimendelow/Projects/spoonjoy-apple/Tests/SpoonjoyCoreTests/KitchenStateTests.swift:141:23: error: cannot infer contextual base in reference to member 'available'
139 |             auth: .signedIn(username: "ari", scopes: ["shopping_list:read"], tokenExpiresAt: "2026-06-02T00:00:00.000Z"),
140 |             environment: .production(baseURL: URL(string: "https://spoonjoy.app")!),
141 |             offline: .available(snapshotCount: 2, lastRestoredAt: "2026-06-01T00:40:00.000Z"),
    |                       `- error: cannot infer contextual base in reference to member 'available'
142 |             preferredCookModeTextSize: .large
143 |         )

/Users/arimendelow/Projects/spoonjoy-apple/Tests/SpoonjoyCoreTests/KitchenStateTests.swift:142:41: error: cannot infer contextual base in reference to member 'large'
140 |             environment: .production(baseURL: URL(string: "https://spoonjoy.app")!),
141 |             offline: .available(snapshotCount: 2, lastRestoredAt: "2026-06-01T00:40:00.000Z"),
142 |             preferredCookModeTextSize: .large
    |                                         `- error: cannot infer contextual base in reference to member 'large'
143 |         )
144 | 

/Users/arimendelow/Projects/spoonjoy-apple/Tests/SpoonjoyCoreTests/KitchenStateTests.swift:149:41: error: cannot infer key path type from context; consider explicitly specifying a root type
147 |         #expect(settings.environment.apiBaseURL == URL(string: "https://spoonjoy.app/api/v1"))
148 |         #expect(settings.offline.statusLabel == "Offline cache ready: 2 snapshots")
149 |         #expect(settings.statusRows.map(\.id) == ["auth", "environment", "offline", "cook-mode-text"])
    |                                         `- error: cannot infer key path type from context; consider explicitly specifying a root type
150 |     }
151 | 

/Users/arimendelow/Projects/spoonjoy-apple/Tests/SpoonjoyCoreTests/KitchenStateTests.swift:154:27: error: cannot find 'KitchenFixtureState' in scope
152 |     @Test("kitchen fixture exposes the lead food object and restore metadata")
153 |     func kitchenFixtureExposesLeadFoodObjectAndRestoreMetadata() throws {
154 |         let kitchen = try KitchenFixtureState.decodeFromBundle()
    |                           `- error: cannot find 'KitchenFixtureState' in scope
155 | 
156 |         #expect(kitchen.status == .ready)

/Users/arimendelow/Projects/spoonjoy-apple/Tests/SpoonjoyCoreTests/KitchenStateTests.swift:156:36: error: cannot infer contextual base in reference to member 'ready'
154 |         let kitchen = try KitchenFixtureState.decodeFromBundle()
155 | 
156 |         #expect(kitchen.status == .ready)
    |                                    `- error: cannot infer contextual base in reference to member 'ready'
157 |         #expect(kitchen.leadObject == .recipe(id: "recipe_lemon_pantry_pasta", title: "Lemon Pantry Pasta"))
158 |         #expect(kitchen.primaryAction == .startCookMode(recipeID: "recipe_lemon_pantry_pasta"))

/Users/arimendelow/Projects/spoonjoy-apple/Tests/SpoonjoyCoreTests/KitchenStateTests.swift:157:40: error: cannot infer contextual base in reference to member 'recipe'
155 | 
156 |         #expect(kitchen.status == .ready)
157 |         #expect(kitchen.leadObject == .recipe(id: "recipe_lemon_pantry_pasta", title: "Lemon Pantry Pasta"))
    |                                        `- error: cannot infer contextual base in reference to member 'recipe'
158 |         #expect(kitchen.primaryAction == .startCookMode(recipeID: "recipe_lemon_pantry_pasta"))
159 |         #expect(kitchen.counts == KitchenCounts(recipes: 2, cookbooks: 2, shoppingItems: 3))

/Users/arimendelow/Projects/spoonjoy-apple/Tests/SpoonjoyCoreTests/KitchenStateTests.swift:158:43: error: cannot infer contextual base in reference to member 'startCookMode'
156 |         #expect(kitchen.status == .ready)
157 |         #expect(kitchen.leadObject == .recipe(id: "recipe_lemon_pantry_pasta", title: "Lemon Pantry Pasta"))
158 |         #expect(kitchen.primaryAction == .startCookMode(recipeID: "recipe_lemon_pantry_pasta"))
    |                                           `- error: cannot infer contextual base in reference to member 'startCookMode'
159 |         #expect(kitchen.counts == KitchenCounts(recipes: 2, cookbooks: 2, shoppingItems: 3))
160 |         #expect(kitchen.offlineRestore.snapshotID == "snapshot_weeknight")

/Users/arimendelow/Projects/spoonjoy-apple/Tests/SpoonjoyCoreTests/KitchenStateTests.swift:159:35: error: cannot find 'KitchenCounts' in scope
157 |         #expect(kitchen.leadObject == .recipe(id: "recipe_lemon_pantry_pasta", title: "Lemon Pantry Pasta"))
158 |         #expect(kitchen.primaryAction == .startCookMode(recipeID: "recipe_lemon_pantry_pasta"))
159 |         #expect(kitchen.counts == KitchenCounts(recipes: 2, cookbooks: 2, shoppingItems: 3))
    |                                   `- error: cannot find 'KitchenCounts' in scope
160 |         #expect(kitchen.offlineRestore.snapshotID == "snapshot_weeknight")
161 |         #expect(kitchen.offlineRestore.includesShoppingList)
error: fatalError
