[0/1] Planning build
Building for debugging...
[0/9] Write sources
[3/9] Write swift-version--58304C5D6DBC2206.txt
[5/16] Compiling SpoonjoyCore ScenarioVerifier.swift
[6/16] Compiling SpoonjoyCore ScenarioReport.swift
[7/16] Compiling SpoonjoyCore DeepLinkManifest.swift
[8/16] Compiling SpoonjoyCore NativeCapabilityMetadata.swift
[9/16] Compiling SpoonjoyCore SpoonjoyCore.swift
[10/16] Compiling SpoonjoyCore ScenarioCommand.swift
[11/16] Emitting module SpoonjoyCore
[12/19] Compiling SpoonjoyCore ShoppingListState.swift
[13/19] Compiling SpoonjoyCore KitchenFixtureState.swift
[14/19] Compiling SpoonjoyCore RecipeCookbook.swift
[15/31] Emitting module SpoonjoyScenarioVerifier
[16/31] Compiling SpoonjoyScenarioVerifier main.swift
[16/31] Write Objects.LinkFileList
[17/31] Linking SpoonjoyScenarioVerifier
[18/31] Applying SpoonjoyScenarioVerifier
[20/31] Compiling SpoonjoyCoreTests SpoonjoyCoreBootstrapTests.swift
[21/31] Compiling SpoonjoyCoreTests TokenRefreshTests.swift
[22/31] Emitting module SpoonjoyCoreTests
[23/31] Compiling SpoonjoyCoreTests ShoppingAPIClientTests.swift
[24/31] Compiling SpoonjoyCoreTests APIReadClientTests.swift
[25/31] Compiling SpoonjoyCoreTests KitchenStateTests.swift
[26/31] Compiling SpoonjoyCoreTests NativeScenarioTests.swift
[27/31] Compiling SpoonjoyCoreTests RecipeCookbookTests.swift
[28/31] Compiling SpoonjoyCoreTests OfflineStoreTests.swift
[29/31] Compiling SpoonjoyCoreTests OAuthRequestTests.swift
[29/31] Write Objects.LinkFileList
[30/31] Linking SpoonjoyApplePackageTests
Build complete! (5.22s)
◇ Test run started.
↳ Testing Library Version: 1902
↳ Target Platform: arm64e-apple-macos14.0
◇ Suite "Native scenario metadata" started.
◇ Test "native metadata command parses stage and output path" started.
◇ Test "app integration sources are syntactically valid and declare expected native types" started.
◇ Test "native metadata report encoding is deterministic" started.
◇ Test "native metadata report exposes Apple-native capabilities" started.
◇ Test "verify native scenarios script gates native metadata behavior" started.
✔ Test "native metadata command parses stage and output path" passed after 0.001 seconds.
✘ Test "app integration sources are syntactically valid and declare expected native types" recorded an issue at NativeScenarioTests.swift:109:13: Expectation failed: (appIntentsSource → "import Foundation
import SpoonjoyCore

#if canImport(AppIntents)
import AppIntents

@available(iOS 27.0, macOS 27.0, *)
struct SpoonjoyOpenRecipeIntent: AppIntent {
    static var title: LocalizedStringResource = "Open Recipe"
    static var description = IntentDescription("Open a Spoonjoy recipe by identifier.")

    @Parameter(title: "Recipe ID")
    var recipeID: String

    init() {
        recipeID = ""
    }

    init(recipeID: String) {
        self.recipeID = recipeID
    }

    func perform() async throws -> some IntentResult {
        .result()
    }
}

@available(iOS 27.0, macOS 27.0, *)
struct SpoonjoyStartCookingIntent: AppIntent {
    static var title: LocalizedStringResource = "Start Cooking"
    static var description = IntentDescription("Open a Spoonjoy recipe directly in cook mode.")

    @Parameter(title: "Recipe ID")
    var recipeID: String

    init() {
        recipeID = ""
    }

    init(recipeID: String) {
        self.recipeID = recipeID
    }

    func perform() async throws -> some IntentResult {
        .result()
    }
}

@available(iOS 27.0, macOS 27.0, *)
struct SpoonjoyAddShoppingItemIntent: AppIntent {
    static var title: LocalizedStringResource = "Add Shopping Item"
    static var description = IntentDescription("Add an item to the Spoonjoy shopping list.")

    @Parameter(title: "Name")
    var name: String

    @Parameter(title: "Quantity")
    var quantity: Double?

    @Parameter(title: "Unit")
    var unit: String?

    init() {
        name = ""
        quantity = nil
        unit = nil
    }

    init(name: String, quantity: Double? = nil, unit: String? = nil) {
        self.name = name
        self.quantity = quantity
        self.unit = unit
    }

    func perform() async throws -> some IntentResult {
        .result()
    }
}

@available(iOS 27.0, macOS 27.0, *)
struct SpoonjoyCaptureRecipeIntent: AppIntent {
    static var title: LocalizedStringResource = "Capture Recipe"
    static var description = IntentDescription("Save a recipe URL or note into Spoonjoy capture drafts.")

    @Parameter(title: "Source")
    var source: String

    init() {
        source = ""
    }

    init(source: String) {
        self.source = source
    }

    func perform() async throws -> some IntentResult {
        .result()
    }
}
#endif
").contains(declaration → "struct OpenRecipeIntent: AppIntent")
✘ Test "native metadata report exposes Apple-native capabilities" recorded an issue at NativeScenarioTests.swift:60:9: Expectation failed: (report.checks.first { $0.name == "app surfaces" }?.detail.contains("Units 14-16") → false) == true
✘ Test "app integration sources are syntactically valid and declare expected native types" recorded an issue at NativeScenarioTests.swift:109:13: Expectation failed: (appIntentsSource → "import Foundation
import SpoonjoyCore

#if canImport(AppIntents)
import AppIntents

@available(iOS 27.0, macOS 27.0, *)
struct SpoonjoyOpenRecipeIntent: AppIntent {
    static var title: LocalizedStringResource = "Open Recipe"
    static var description = IntentDescription("Open a Spoonjoy recipe by identifier.")

    @Parameter(title: "Recipe ID")
    var recipeID: String

    init() {
        recipeID = ""
    }

    init(recipeID: String) {
        self.recipeID = recipeID
    }

    func perform() async throws -> some IntentResult {
        .result()
    }
}

@available(iOS 27.0, macOS 27.0, *)
struct SpoonjoyStartCookingIntent: AppIntent {
    static var title: LocalizedStringResource = "Start Cooking"
    static var description = IntentDescription("Open a Spoonjoy recipe directly in cook mode.")

    @Parameter(title: "Recipe ID")
    var recipeID: String

    init() {
        recipeID = ""
    }

    init(recipeID: String) {
        self.recipeID = recipeID
    }

    func perform() async throws -> some IntentResult {
        .result()
    }
}

@available(iOS 27.0, macOS 27.0, *)
struct SpoonjoyAddShoppingItemIntent: AppIntent {
    static var title: LocalizedStringResource = "Add Shopping Item"
    static var description = IntentDescription("Add an item to the Spoonjoy shopping list.")

    @Parameter(title: "Name")
    var name: String

    @Parameter(title: "Quantity")
    var quantity: Double?

    @Parameter(title: "Unit")
    var unit: String?

    init() {
        name = ""
        quantity = nil
        unit = nil
    }

    init(name: String, quantity: Double? = nil, unit: String? = nil) {
        self.name = name
        self.quantity = quantity
        self.unit = unit
    }

    func perform() async throws -> some IntentResult {
        .result()
    }
}

@available(iOS 27.0, macOS 27.0, *)
struct SpoonjoyCaptureRecipeIntent: AppIntent {
    static var title: LocalizedStringResource = "Capture Recipe"
    static var description = IntentDescription("Save a recipe URL or note into Spoonjoy capture drafts.")

    @Parameter(title: "Source")
    var source: String

    init() {
        source = ""
    }

    init(source: String) {
        self.source = source
    }

    func perform() async throws -> some IntentResult {
        .result()
    }
}
#endif
").contains(declaration → "struct StartCookModeIntent: AppIntent")
✘ Test "app integration sources are syntactically valid and declare expected native types" recorded an issue at NativeScenarioTests.swift:109:13: Expectation failed: (appIntentsSource → "import Foundation
import SpoonjoyCore

#if canImport(AppIntents)
import AppIntents

@available(iOS 27.0, macOS 27.0, *)
struct SpoonjoyOpenRecipeIntent: AppIntent {
    static var title: LocalizedStringResource = "Open Recipe"
    static var description = IntentDescription("Open a Spoonjoy recipe by identifier.")

    @Parameter(title: "Recipe ID")
    var recipeID: String

    init() {
        recipeID = ""
    }

    init(recipeID: String) {
        self.recipeID = recipeID
    }

    func perform() async throws -> some IntentResult {
        .result()
    }
}

@available(iOS 27.0, macOS 27.0, *)
struct SpoonjoyStartCookingIntent: AppIntent {
    static var title: LocalizedStringResource = "Start Cooking"
    static var description = IntentDescription("Open a Spoonjoy recipe directly in cook mode.")

    @Parameter(title: "Recipe ID")
    var recipeID: String

    init() {
        recipeID = ""
    }

    init(recipeID: String) {
        self.recipeID = recipeID
    }

    func perform() async throws -> some IntentResult {
        .result()
    }
}

@available(iOS 27.0, macOS 27.0, *)
struct SpoonjoyAddShoppingItemIntent: AppIntent {
    static var title: LocalizedStringResource = "Add Shopping Item"
    static var description = IntentDescription("Add an item to the Spoonjoy shopping list.")

    @Parameter(title: "Name")
    var name: String

    @Parameter(title: "Quantity")
    var quantity: Double?

    @Parameter(title: "Unit")
    var unit: String?

    init() {
        name = ""
        quantity = nil
        unit = nil
    }

    init(name: String, quantity: Double? = nil, unit: String? = nil) {
        self.name = name
        self.quantity = quantity
        self.unit = unit
    }

    func perform() async throws -> some IntentResult {
        .result()
    }
}

@available(iOS 27.0, macOS 27.0, *)
struct SpoonjoyCaptureRecipeIntent: AppIntent {
    static var title: LocalizedStringResource = "Capture Recipe"
    static var description = IntentDescription("Save a recipe URL or note into Spoonjoy capture drafts.")

    @Parameter(title: "Source")
    var source: String

    init() {
        source = ""
    }

    init(source: String) {
        self.source = source
    }

    func perform() async throws -> some IntentResult {
        .result()
    }
}
#endif
").contains(declaration → "struct AddShoppingListItemIntent: AppIntent")
✘ Test "native metadata report exposes Apple-native capabilities" recorded an issue at NativeScenarioTests.swift:61:9: Expectation failed: (Set(report.nativeCapabilities.appIntents) → ["SpoonjoyOpenRecipeIntent", "SpoonjoyStartCookingIntent", "SpoonjoyCaptureRecipeIntent", "SpoonjoyAddShoppingItemIntent"]) == (Set(expectedAppIntents) → ["AddShoppingListItemIntent", "OpenRecipeIntent", "StartCookModeIntent"])
✘ Test "app integration sources are syntactically valid and declare expected native types" recorded an issue at NativeScenarioTests.swift:121:13: Expectation failed: (spotlightSource → "import Foundation
import SpoonjoyCore

#if canImport(CoreSpotlight)
import CoreSpotlight

@available(iOS 27.0, macOS 27.0, *)
struct SpoonjoySpotlightIndexer {
    enum IndexedType: String, CaseIterable {
        case recipe
        case cookbook
        case shoppingItem
    }

    func searchableItem(
        id: String,
        type: IndexedType,
        title: String,
        summary: String
    ) -> CSSearchableItem {
        let attributes = CSSearchableItemAttributeSet(itemContentType: "public.data")
        attributes.title = title
        attributes.contentDescription = summary
        attributes.keywords = [type.rawValue, "Spoonjoy"]

        return CSSearchableItem(
            uniqueIdentifier: "\(type.rawValue):\(id)",
            domainIdentifier: "app.spoonjoy.\(type.rawValue)",
            attributeSet: attributes
        )
    }
}
#endif
").contains(declaration → "shopping-list-item")
✘ Test "native metadata report exposes Apple-native capabilities" recorded an issue at NativeScenarioTests.swift:62:9: Expectation failed: (Set(report.nativeCapabilities.spotlightIndexedTypes) → ["cookbook", "recipe", "shoppingItem"]) == (Set(expectedSpotlightIndexedTypes) → ["shopping-list-item", "recipe", "cookbook"])
✘ Test "native metadata report exposes Apple-native capabilities" recorded an issue at NativeScenarioTests.swift:63:9: Expectation failed: (Set(report.nativeCapabilities.searchableScopes) → ["cookbooks", "shopping", "recipes"]) == (Set(expectedSearchableScopes) → ["recipes", "cookbooks", "all", "chefs", "shopping-list"])
✘ Test "native metadata report encoding is deterministic" recorded an issue at NativeScenarioTests.swift:81:9: Expectation failed: (first → "{
  "checks" : [
    {
      "detail" : "Fixture resources are packaged.",
      "name" : "fixture bundle",
      "status" : "pass"
    },
    {
      "detail" : "Apple-native capability metadata is complete.",
      "name" : "native metadata",
      "status" : "pass"
    },
    {
      "detail" : "AppIntents integration source is present.",
      "name" : "app intents source",
      "status" : "pass"
    },
    {
      "detail" : "CoreSpotlight integration source is present.",
      "name" : "spotlight source",
      "status" : "pass"
    },
    {
      "detail" : "Associated-domain and custom-scheme routes are declared.",
      "name" : "deep link metadata",
      "status" : "pass"
    },
    {
      "detail" : "SwiftUI surfaces land in Units 13-16.",
      "name" : "app surfaces",
      "status" : "pending"
    }
  ],
  "nativeCapabilities" : {
    "appIntents" : [
      "SpoonjoyOpenRecipeIntent",
      "SpoonjoyStartCookingIntent",
      "SpoonjoyAddShoppingItemIntent",
      "SpoonjoyCaptureRecipeIntent"
    ],
    "associatedDomains" : [
      "applinks:spoonjoy.app"
    ],
    "deepLinkRoutes" : [
      "https:\/\/spoonjoy.app\/",
      "https:\/\/spoonjoy.app\/recipes\/{id}",
      "https:\/\/spoonjoy.app\/recipes\/{id}?mode=cook",
      "https:\/\/spoonjoy.app\/recipes\/{id}#cook",
      "https:\/\/spoonjoy.app\/cookbooks\/{id}",
      "https:\/\/spoonjoy.app\/search?q={query}",
      "https:\/\/spoonjoy.app\/search?q={query}&scope={recipes|cookbooks|shopping}",
      "https:\/\/spoonjoy.app\/shopping",
      "https:\/\/spoonjoy.app\/capture",
      "https:\/\/spoonjoy.app\/settings",
      "spoonjoy:\/\/recipes\/{id}",
      "spoonjoy:\/\/shopping",
      "spoonjoy:\/\/capture"
    ],
    "offlineFlows" : [
      "fixture-offline-restore",
      "shopping-queue-replay",
      "cook-mode-progress-restore"
    ],
    "searchableScopes" : [
      "recipes",
      "cookbooks",
      "shopping"
    ],
    "shareActions" : [
      "capture-recipe-url",
      "share-recipe"
    ],
    "spotlightIndexedTypes" : [
      "recipe",
      "cookbook",
      "shoppingItem"
    ],
    "urlSchemes" : [
      "spoonjoy"
    ]
  },
  "ok" : true,
  "stage" : "native-metadata"
}").contains(#""https:\/\/spoonjoy.app\/shopping-list""# → ""https:\/\/spoonjoy.app\/shopping-list"")
✘ Test "native metadata report encoding is deterministic" recorded an issue at NativeScenarioTests.swift:82:9: Expectation failed: (first → "{
  "checks" : [
    {
      "detail" : "Fixture resources are packaged.",
      "name" : "fixture bundle",
      "status" : "pass"
    },
    {
      "detail" : "Apple-native capability metadata is complete.",
      "name" : "native metadata",
      "status" : "pass"
    },
    {
      "detail" : "AppIntents integration source is present.",
      "name" : "app intents source",
      "status" : "pass"
    },
    {
      "detail" : "CoreSpotlight integration source is present.",
      "name" : "spotlight source",
      "status" : "pass"
    },
    {
      "detail" : "Associated-domain and custom-scheme routes are declared.",
      "name" : "deep link metadata",
      "status" : "pass"
    },
    {
      "detail" : "SwiftUI surfaces land in Units 13-16.",
      "name" : "app surfaces",
      "status" : "pending"
    }
  ],
  "nativeCapabilities" : {
    "appIntents" : [
      "SpoonjoyOpenRecipeIntent",
      "SpoonjoyStartCookingIntent",
      "SpoonjoyAddShoppingItemIntent",
      "SpoonjoyCaptureRecipeIntent"
    ],
    "associatedDomains" : [
      "applinks:spoonjoy.app"
    ],
    "deepLinkRoutes" : [
      "https:\/\/spoonjoy.app\/",
      "https:\/\/spoonjoy.app\/recipes\/{id}",
      "https:\/\/spoonjoy.app\/recipes\/{id}?mode=cook",
      "https:\/\/spoonjoy.app\/recipes\/{id}#cook",
      "https:\/\/spoonjoy.app\/cookbooks\/{id}",
      "https:\/\/spoonjoy.app\/search?q={query}",
      "https:\/\/spoonjoy.app\/search?q={query}&scope={recipes|cookbooks|shopping}",
      "https:\/\/spoonjoy.app\/shopping",
      "https:\/\/spoonjoy.app\/capture",
      "https:\/\/spoonjoy.app\/settings",
      "spoonjoy:\/\/recipes\/{id}",
      "spoonjoy:\/\/shopping",
      "spoonjoy:\/\/capture"
    ],
    "offlineFlows" : [
      "fixture-offline-restore",
      "shopping-queue-replay",
      "cook-mode-progress-restore"
    ],
    "searchableScopes" : [
      "recipes",
      "cookbooks",
      "shopping"
    ],
    "shareActions" : [
      "capture-recipe-url",
      "share-recipe"
    ],
    "spotlightIndexedTypes" : [
      "recipe",
      "cookbook",
      "shoppingItem"
    ],
    "urlSchemes" : [
      "spoonjoy"
    ]
  },
  "ok" : true,
  "stage" : "native-metadata"
}").contains(#""spoonjoy:\/\/shopping-list""# → ""spoonjoy:\/\/shopping-list"")
✘ Test "native metadata report encoding is deterministic" recorded an issue at NativeScenarioTests.swift:83:9: Expectation failed: (first → "{
  "checks" : [
    {
      "detail" : "Fixture resources are packaged.",
      "name" : "fixture bundle",
      "status" : "pass"
    },
    {
      "detail" : "Apple-native capability metadata is complete.",
      "name" : "native metadata",
      "status" : "pass"
    },
    {
      "detail" : "AppIntents integration source is present.",
      "name" : "app intents source",
      "status" : "pass"
    },
    {
      "detail" : "CoreSpotlight integration source is present.",
      "name" : "spotlight source",
      "status" : "pass"
    },
    {
      "detail" : "Associated-domain and custom-scheme routes are declared.",
      "name" : "deep link metadata",
      "status" : "pass"
    },
    {
      "detail" : "SwiftUI surfaces land in Units 13-16.",
      "name" : "app surfaces",
      "status" : "pending"
    }
  ],
  "nativeCapabilities" : {
    "appIntents" : [
      "SpoonjoyOpenRecipeIntent",
      "SpoonjoyStartCookingIntent",
      "SpoonjoyAddShoppingItemIntent",
      "SpoonjoyCaptureRecipeIntent"
    ],
    "associatedDomains" : [
      "applinks:spoonjoy.app"
    ],
    "deepLinkRoutes" : [
      "https:\/\/spoonjoy.app\/",
      "https:\/\/spoonjoy.app\/recipes\/{id}",
      "https:\/\/spoonjoy.app\/recipes\/{id}?mode=cook",
      "https:\/\/spoonjoy.app\/recipes\/{id}#cook",
      "https:\/\/spoonjoy.app\/cookbooks\/{id}",
      "https:\/\/spoonjoy.app\/search?q={query}",
      "https:\/\/spoonjoy.app\/search?q={query}&scope={recipes|cookbooks|shopping}",
      "https:\/\/spoonjoy.app\/shopping",
      "https:\/\/spoonjoy.app\/capture",
      "https:\/\/spoonjoy.app\/settings",
      "spoonjoy:\/\/recipes\/{id}",
      "spoonjoy:\/\/shopping",
      "spoonjoy:\/\/capture"
    ],
    "offlineFlows" : [
      "fixture-offline-restore",
      "shopping-queue-replay",
      "cook-mode-progress-restore"
    ],
    "searchableScopes" : [
      "recipes",
      "cookbooks",
      "shopping"
    ],
    "shareActions" : [
      "capture-recipe-url",
      "share-recipe"
    ],
    "spotlightIndexedTypes" : [
      "recipe",
      "cookbook",
      "shoppingItem"
    ],
    "urlSchemes" : [
      "spoonjoy"
    ]
  },
  "ok" : true,
  "stage" : "native-metadata"
}").contains(#""all""# → ""all"")
✘ Test "native metadata report encoding is deterministic" recorded an issue at NativeScenarioTests.swift:84:9: Expectation failed: (first → "{
  "checks" : [
    {
      "detail" : "Fixture resources are packaged.",
      "name" : "fixture bundle",
      "status" : "pass"
    },
    {
      "detail" : "Apple-native capability metadata is complete.",
      "name" : "native metadata",
      "status" : "pass"
    },
    {
      "detail" : "AppIntents integration source is present.",
      "name" : "app intents source",
      "status" : "pass"
    },
    {
      "detail" : "CoreSpotlight integration source is present.",
      "name" : "spotlight source",
      "status" : "pass"
    },
    {
      "detail" : "Associated-domain and custom-scheme routes are declared.",
      "name" : "deep link metadata",
      "status" : "pass"
    },
    {
      "detail" : "SwiftUI surfaces land in Units 13-16.",
      "name" : "app surfaces",
      "status" : "pending"
    }
  ],
  "nativeCapabilities" : {
    "appIntents" : [
      "SpoonjoyOpenRecipeIntent",
      "SpoonjoyStartCookingIntent",
      "SpoonjoyAddShoppingItemIntent",
      "SpoonjoyCaptureRecipeIntent"
    ],
    "associatedDomains" : [
      "applinks:spoonjoy.app"
    ],
    "deepLinkRoutes" : [
      "https:\/\/spoonjoy.app\/",
      "https:\/\/spoonjoy.app\/recipes\/{id}",
      "https:\/\/spoonjoy.app\/recipes\/{id}?mode=cook",
      "https:\/\/spoonjoy.app\/recipes\/{id}#cook",
      "https:\/\/spoonjoy.app\/cookbooks\/{id}",
      "https:\/\/spoonjoy.app\/search?q={query}",
      "https:\/\/spoonjoy.app\/search?q={query}&scope={recipes|cookbooks|shopping}",
      "https:\/\/spoonjoy.app\/shopping",
      "https:\/\/spoonjoy.app\/capture",
      "https:\/\/spoonjoy.app\/settings",
      "spoonjoy:\/\/recipes\/{id}",
      "spoonjoy:\/\/shopping",
      "spoonjoy:\/\/capture"
    ],
    "offlineFlows" : [
      "fixture-offline-restore",
      "shopping-queue-replay",
      "cook-mode-progress-restore"
    ],
    "searchableScopes" : [
      "recipes",
      "cookbooks",
      "shopping"
    ],
    "shareActions" : [
      "capture-recipe-url",
      "share-recipe"
    ],
    "spotlightIndexedTypes" : [
      "recipe",
      "cookbook",
      "shoppingItem"
    ],
    "urlSchemes" : [
      "spoonjoy"
    ]
  },
  "ok" : true,
  "stage" : "native-metadata"
}").contains(#""shopping-list""# → ""shopping-list"")
✘ Test "native metadata report encoding is deterministic" failed after 0.002 seconds with 4 issues.
✘ Test "native metadata report exposes Apple-native capabilities" recorded an issue at NativeScenarioTests.swift:68:9: Expectation failed: (Set(report.nativeCapabilities.deepLinkRoutes) → ["https://spoonjoy.app/recipes/{id}#cook", "https://spoonjoy.app/", "https://spoonjoy.app/recipes/{id}?mode=cook", "https://spoonjoy.app/recipes/{id}", "https://spoonjoy.app/search?q={query}&scope={recipes|cookbooks|shopping}", "https://spoonjoy.app/shopping", "spoonjoy://shopping", "https://spoonjoy.app/search?q={query}", "https://spoonjoy.app/cookbooks/{id}", "https://spoonjoy.app/settings", "spoonjoy://capture", "spoonjoy://recipes/{id}", "https://spoonjoy.app/capture"]) == (Set(expectedDeepLinkRoutes) → ["https://spoonjoy.app/recipes/{id}?mode=cook", "spoonjoy://capture", "spoonjoy://settings", "spoonjoy://kitchen", "spoonjoy://cookbooks/{id}", "spoonjoy://cookbooks", "https://spoonjoy.app/account/settings", "spoonjoy://recipes/{id}/cook", "spoonjoy://shopping-list", "https://spoonjoy.app/recipes/{id}#cook", "https://spoonjoy.app/recipes", "https://spoonjoy.app/search?q={query}&scope={all|recipes|cookbooks|chefs|shopping-list}", "https://spoonjoy.app/shopping-list", "https://spoonjoy.app/", "spoonjoy://search?q={query}&scope={all|recipes|cookbooks|chefs|shopping-list}", "https://spoonjoy.app/recipes/{id}", "https://spoonjoy.app/cookbooks", "spoonjoy://recipes/{id}", "https://spoonjoy.app/recipes/new", "https://spoonjoy.app/cookbooks/{id}", "spoonjoy://recipes"])
✘ Test "native metadata report exposes Apple-native capabilities" recorded an issue at NativeScenarioTests.swift:69:9: Expectation failed: (report.nativeCapabilities.deepLinkRoutes.count → 13) == (expectedDeepLinkRoutes.count → 21)
✘ Test "native metadata report exposes Apple-native capabilities" failed after 0.002 seconds with 6 issues.
✘ Test "verify native scenarios script gates native metadata behavior" recorded an issue at NativeScenarioTests.swift:131:6: Caught error: Error Domain=NSCocoaErrorDomain Code=260 "The file “verify-native-scenarios.sh” couldn’t be opened because there is no such file." UserInfo={NSFilePath=/Users/arimendelow/Projects/spoonjoy-apple/scripts/verify-native-scenarios.sh, NSURL=file:///Users/arimendelow/Projects/spoonjoy-apple/scripts/verify-native-scenarios.sh, NSUnderlyingError=0x1041f3670 {Error Domain=NSPOSIXErrorDomain Code=2 "No such file or directory"}}
✘ Test "verify native scenarios script gates native metadata behavior" failed after 0.007 seconds with 1 issue.
✘ Test "app integration sources are syntactically valid and declare expected native types" failed after 0.288 seconds with 4 issues.
✘ Suite "Native scenario metadata" failed after 0.289 seconds with 15 issues.
✘ Test run with 5 tests in 1 suite failed after 0.289 seconds with 15 issues.
