Another instance of SwiftPM (PID: 54181) is already running using '/Users/arimendelow/Projects/spoonjoy-apple/.build', waiting until that process has finished execution...[0/1] Planning build
Building for debugging...
[0/5] Write swift-version--58304C5D6DBC2206.txt
[2/14] Compiling SpoonjoyCoreTests SpoonjoyCoreBootstrapTests.swift
[3/15] Compiling SpoonjoyCoreTests TokenRefreshTests.swift
[4/15] Compiling SpoonjoyCoreTests NativeScenarioTests.swift
[5/15] Compiling SpoonjoyCoreTests OfflineStoreTests.swift
[6/15] Compiling SpoonjoyCoreTests RecipeCookbookTests.swift
[7/15] Compiling SpoonjoyCoreTests ShoppingAPIClientTests.swift
[8/15] Compiling SpoonjoyCoreTests DeepLinkRouterTests.swift
[9/15] Emitting module SpoonjoyCoreTests
[10/15] Compiling SpoonjoyCoreTests KitchenStateTests.swift
[11/15] Compiling SpoonjoyCoreTests OAuthRequestTests.swift
[12/15] Compiling SpoonjoyCoreTests APIReadClientTests.swift
[13/15] Compiling SpoonjoyCoreTests AppStateTests.swift
[14/17] Emitting module SpoonjoyApplePackageTests
[15/17] Compiling SpoonjoyApplePackageTests runner.swift
[15/16] Linking SpoonjoyApplePackageTests
Build complete! (2.87s)
◇ Test run started.
↳ Testing Library Version: 1902
↳ Target Platform: arm64e-apple-macos14.0
◇ Suite "Native scenario metadata" started.
◇ Test "final report proves search capture settings and deep link safety" started.
✔ Test "final report proves search capture settings and deep link safety" passed after 0.006 seconds.
✔ Suite "Native scenario metadata" passed after 0.007 seconds.
✔ Test run with 1 test in 1 suite passed after 0.007 seconds.
