[0/1] Planning build
Building for debugging...
[0/7] Write sources
[1/7] Write swift-version--58304C5D6DBC2206.txt
[3/11] Compiling SpoonjoyCore NativeIntentAction.swift
[4/11] Compiling SpoonjoyCore SpotlightIndexPlan.swift
[5/11] Emitting module SpoonjoyCore
[6/11] Compiling SpoonjoyCore ScenarioVerifier.swift
[7/25] Compiling SpoonjoyScenarioVerifier main.swift
[8/25] Emitting module SpoonjoyScenarioVerifier
[9/25] Compiling SpoonjoyScenarioVerifier ScenarioProcessMain.swift
[9/25] Write Objects.LinkFileList
[10/25] Linking SpoonjoyScenarioVerifier
[12/25] Compiling SpoonjoyCoreTests SpoonjoyCoreBootstrapTests.swift
[12/26] Applying SpoonjoyScenarioVerifier
[14/26] Compiling SpoonjoyCoreTests OfflineStoreTests.swift
[15/26] Compiling SpoonjoyCoreTests ShoppingAPIClientTests.swift
[16/26] Compiling SpoonjoyCoreTests TokenRefreshTests.swift
[17/26] Compiling SpoonjoyCoreTests RecipeCookbookTests.swift
[18/26] Compiling SpoonjoyCoreTests OAuthRequestTests.swift
[19/26] Compiling SpoonjoyCoreTests APIReadClientTests.swift
[20/26] Compiling SpoonjoyCoreTests AppStateTests.swift
[21/26] Compiling SpoonjoyCoreTests DeepLinkRouterTests.swift
[22/26] Compiling SpoonjoyCoreTests KitchenStateTests.swift
[23/26] Emitting module SpoonjoyCoreTests
[24/26] Compiling SpoonjoyCoreTests NativeScenarioTests.swift
[24/26] Write Objects.LinkFileList
[25/26] Linking SpoonjoyApplePackageTests
Build complete! (4.61s)
◇ Test run started.
↳ Testing Library Version: 1902
↳ Target Platform: arm64e-apple-macos14.0
◇ Suite "Native scenario metadata" started.
◇ Test "scenario command parses surfaces stage" started.
◇ Test "surface behavioral checks fail closed for missing or throwing fixture data" started.
◇ Test "surfaces report proves kitchen recipe cook and shopping slices" started.
◇ Test "native metadata report exposes Apple-native capabilities" started.
◇ Test "app integration sources typecheck and declare expected native types" started.
◇ Test "native metadata command parses stage and output path" started.
◇ Test "scenario command writes output and supports stdout mode" started.
◇ Test "surfaces report fails when surface sources are missing" started.
◇ Test "verify native scenarios script gates native metadata behavior" started.
◇ Test "spotlight index plan builds route aware searchable documents" started.
◇ Test "native metadata report encoding is deterministic" started.
◇ Test "final behavioral checks fail closed for weak settings offline and link safety" started.
◇ Test "scenario verifier covers root override and failing native metadata checks" started.
◇ Test "final report proves search capture settings and deep link safety" started.
◇ Test "native intent actions resolve routes local mutations and capture drafts" started.
✘ Test "app integration sources typecheck and declare expected native types" recorded an issue at NativeScenarioTests.swift:421:9: Expectation failed: (appIntentsSource → "import Foundation
import SpoonjoyCore

#if canImport(AppIntents)
import AppIntents

@available(iOS 27.0, macOS 27.0, *)
struct OpenRecipeIntent: AppIntent {
    static let title: LocalizedStringResource = "Open Recipe"
    static let description = IntentDescription("Open a Spoonjoy recipe by identifier.")

    @Parameter(title: "Recipe ID")
    var recipeID: String

    init() {
        recipeID = ""
    }

    init(recipeID: String) {
        self.recipeID = recipeID
    }

    func perform() async throws -> some IntentResult {
        let action = try NativeIntentActionResolver().openRecipe(recipeID: recipeID)
        return .result(
            opensIntent: OpenURLIntent(action.url),
            dialog: "Opening recipe in Spoonjoy"
        )
    }
}

@available(iOS 27.0, macOS 27.0, *)
struct StartCookModeIntent: AppIntent {
    static let title: LocalizedStringResource = "Start Cooking"
    static let description = IntentDescription("Open a Spoonjoy recipe directly in cook mode.")

    @Parameter(title: "Recipe ID")
    var recipeID: String

    init() {
        recipeID = ""
    }

    init(recipeID: String) {
        self.recipeID = recipeID
    }

    func perform() async throws -> some IntentResult {
        let action = try NativeIntentActionResolver().startCookMode(recipeID: recipeID)
        return .result(
            opensIntent: OpenURLIntent(action.url),
            dialog: "Starting cook mode in Spoonjoy"
        )
    }
}

@available(iOS 27.0, macOS 27.0, *)
struct AddShoppingListItemIntent: AppIntent {
    static let title: LocalizedStringResource = "Add Shopping Item"
    static let description = IntentDescription("Add an item to the Spoonjoy shopping list.")

    @Parameter(title: "Name")
    var name: String

    @Parameter(title: "Quantity")
    var quantity: Double?

    @Parameter(title: "Unit")
    var unit: String?

    init() {
        name = ""
        quantity = nil
        unit = nil
    }

    init(name: String, quantity: Double? = nil, unit: String? = nil) {
        self.name = name
        self.quantity = quantity
        self.unit = unit
    }

    func perform() async throws -> some IntentResult {
        let createdAt = SpoonjoyIntentClock.timestamp()
        let action = try NativeIntentActionResolver().addShoppingListItem(
            name: name,
            quantity: quantity,
            unit: unit,
            createdAt: createdAt
        )
        try SpoonjoyIntentStateWriter().apply(action, savedAt: createdAt)

        return .result(
            opensIntent: OpenURLIntent(action.url),
            dialog: "Added \(name) to Spoonjoy"
        )
    }
}

@available(iOS 27.0, macOS 27.0, *)
struct CaptureRecipeIntent: AppIntent {
    static let title: LocalizedStringResource = "Capture Recipe"
    static let description = IntentDescription("Save a recipe URL or note into Spoonjoy capture drafts.")

    @Parameter(title: "Source")
    var source: String

    init() {
        source = ""
    }

    init(source: String) {
        self.source = source
    }

    func perform() async throws -> some IntentResult {
        let createdAt = SpoonjoyIntentClock.timestamp()
        let action = try NativeIntentActionResolver().captureRecipe(
            source: source,
            createdAt: createdAt
        )
        try SpoonjoyIntentStateWriter().apply(action, savedAt: createdAt)

        return .result(
            opensIntent: OpenURLIntent(action.url),
            dialog: "Saved a Spoonjoy capture draft"
        )
    }
}

private enum SpoonjoyIntentClock {
    static func timestamp(date: Date = Date()) -> String {
        let formatter = ISO8601DateFormatter()
        formatter.formatOptions = [.withInternetDateTime, .withFractionalSeconds]
        return formatter.string(from: date)
    }
}

private struct SpoonjoyIntentStateWriter {
    private let store: NativeAppStateStore

    init(fileURL: URL = Self.defaultStateURL()) {
        store = NativeAppStateStore(fileURL: fileURL)
    }

    func apply(_ action: NativeIntentAction, savedAt: String) throws {
        switch action {
        case .addShoppingListItem(let mutation, _, _):
            try applyShoppingMutation(mutation, savedAt: savedAt)
        case .captureDraft(let draft, _, _):
            var snapshot = try loadSnapshot(savedAt: savedAt)
            snapshot = snapshot.updatingCaptureDraft(draft, savedAt: savedAt)
            try store.save(snapshot)
        case .openRoute:
            break
        }
    }

    private func applyShoppingMutation(_ mutation: QueuedMutation, savedAt: String) throws {
        guard case .shoppingAdd(let name, let quantity, let unit, let categoryKey, let iconKey) = mutation.kind else {
            return
        }

        var snapshot = try loadSnapshot(savedAt: savedAt)
        let shoppingList = try snapshot.shoppingList ?? ShoppingListState.decodeFromBundle()
        let result = try shoppingList.addingOrRestoringItem(
            name: name,
            quantity: quantity,
            unit: unit,
            categoryKey: categoryKey,
            iconKey: iconKey,
            clientMutationID: mutation.clientMutationID
        )
        snapshot = try snapshot.updatingShoppingList(
            result.shoppingList,
            queuedMutation: mutation,
            savedAt: savedAt
        )
        try store.save(snapshot)
    }

    private func loadSnapshot(savedAt: String) throws -> NativeAppSnapshot {
        let fallback = NativeAppSnapshot
            .bootstrap(shoppingList: try? ShoppingListState.decodeFromBundle(), savedAt: savedAt)
            .completingFirstRun(savedAt: savedAt)
        return try store.loadOrCreate(fallback: fallback).value
    }

    private static func defaultStateURL() -> URL {
        let baseURL = FileManager.default.urls(
            for: .applicationSupportDirectory,
            in: .userDomainMask
        ).first ?? URL(fileURLWithPath: NSTemporaryDirectory(), isDirectory: true)
        let directoryURL = baseURL.appendingPathComponent("Spoonjoy", isDirectory: true)
        try? FileManager.default.createDirectory(at: directoryURL, withIntermediateDirectories: true)
        return directoryURL.appendingPathComponent("native-app-snapshot.json")
    }
}
#endif
").contains(".result(opensIntent:")
✘ Test "app integration sources typecheck and declare expected native types" recorded an issue at NativeScenarioTests.swift:422:9: Expectation failed: (appIntentsSource → "import Foundation
import SpoonjoyCore

#if canImport(AppIntents)
import AppIntents

@available(iOS 27.0, macOS 27.0, *)
struct OpenRecipeIntent: AppIntent {
    static let title: LocalizedStringResource = "Open Recipe"
    static let description = IntentDescription("Open a Spoonjoy recipe by identifier.")

    @Parameter(title: "Recipe ID")
    var recipeID: String

    init() {
        recipeID = ""
    }

    init(recipeID: String) {
        self.recipeID = recipeID
    }

    func perform() async throws -> some IntentResult {
        let action = try NativeIntentActionResolver().openRecipe(recipeID: recipeID)
        return .result(
            opensIntent: OpenURLIntent(action.url),
            dialog: "Opening recipe in Spoonjoy"
        )
    }
}

@available(iOS 27.0, macOS 27.0, *)
struct StartCookModeIntent: AppIntent {
    static let title: LocalizedStringResource = "Start Cooking"
    static let description = IntentDescription("Open a Spoonjoy recipe directly in cook mode.")

    @Parameter(title: "Recipe ID")
    var recipeID: String

    init() {
        recipeID = ""
    }

    init(recipeID: String) {
        self.recipeID = recipeID
    }

    func perform() async throws -> some IntentResult {
        let action = try NativeIntentActionResolver().startCookMode(recipeID: recipeID)
        return .result(
            opensIntent: OpenURLIntent(action.url),
            dialog: "Starting cook mode in Spoonjoy"
        )
    }
}

@available(iOS 27.0, macOS 27.0, *)
struct AddShoppingListItemIntent: AppIntent {
    static let title: LocalizedStringResource = "Add Shopping Item"
    static let description = IntentDescription("Add an item to the Spoonjoy shopping list.")

    @Parameter(title: "Name")
    var name: String

    @Parameter(title: "Quantity")
    var quantity: Double?

    @Parameter(title: "Unit")
    var unit: String?

    init() {
        name = ""
        quantity = nil
        unit = nil
    }

    init(name: String, quantity: Double? = nil, unit: String? = nil) {
        self.name = name
        self.quantity = quantity
        self.unit = unit
    }

    func perform() async throws -> some IntentResult {
        let createdAt = SpoonjoyIntentClock.timestamp()
        let action = try NativeIntentActionResolver().addShoppingListItem(
            name: name,
            quantity: quantity,
            unit: unit,
            createdAt: createdAt
        )
        try SpoonjoyIntentStateWriter().apply(action, savedAt: createdAt)

        return .result(
            opensIntent: OpenURLIntent(action.url),
            dialog: "Added \(name) to Spoonjoy"
        )
    }
}

@available(iOS 27.0, macOS 27.0, *)
struct CaptureRecipeIntent: AppIntent {
    static let title: LocalizedStringResource = "Capture Recipe"
    static let description = IntentDescription("Save a recipe URL or note into Spoonjoy capture drafts.")

    @Parameter(title: "Source")
    var source: String

    init() {
        source = ""
    }

    init(source: String) {
        self.source = source
    }

    func perform() async throws -> some IntentResult {
        let createdAt = SpoonjoyIntentClock.timestamp()
        let action = try NativeIntentActionResolver().captureRecipe(
            source: source,
            createdAt: createdAt
        )
        try SpoonjoyIntentStateWriter().apply(action, savedAt: createdAt)

        return .result(
            opensIntent: OpenURLIntent(action.url),
            dialog: "Saved a Spoonjoy capture draft"
        )
    }
}

private enum SpoonjoyIntentClock {
    static func timestamp(date: Date = Date()) -> String {
        let formatter = ISO8601DateFormatter()
        formatter.formatOptions = [.withInternetDateTime, .withFractionalSeconds]
        return formatter.string(from: date)
    }
}

private struct SpoonjoyIntentStateWriter {
    private let store: NativeAppStateStore

    init(fileURL: URL = Self.defaultStateURL()) {
        store = NativeAppStateStore(fileURL: fileURL)
    }

    func apply(_ action: NativeIntentAction, savedAt: String) throws {
        switch action {
        case .addShoppingListItem(let mutation, _, _):
            try applyShoppingMutation(mutation, savedAt: savedAt)
        case .captureDraft(let draft, _, _):
            var snapshot = try loadSnapshot(savedAt: savedAt)
            snapshot = snapshot.updatingCaptureDraft(draft, savedAt: savedAt)
            try store.save(snapshot)
        case .openRoute:
            break
        }
    }

    private func applyShoppingMutation(_ mutation: QueuedMutation, savedAt: String) throws {
        guard case .shoppingAdd(let name, let quantity, let unit, let categoryKey, let iconKey) = mutation.kind else {
            return
        }

        var snapshot = try loadSnapshot(savedAt: savedAt)
        let shoppingList = try snapshot.shoppingList ?? ShoppingListState.decodeFromBundle()
        let result = try shoppingList.addingOrRestoringItem(
            name: name,
            quantity: quantity,
            unit: unit,
            categoryKey: categoryKey,
            iconKey: iconKey,
            clientMutationID: mutation.clientMutationID
        )
        snapshot = try snapshot.updatingShoppingList(
            result.shoppingList,
            queuedMutation: mutation,
            savedAt: savedAt
        )
        try store.save(snapshot)
    }

    private func loadSnapshot(savedAt: String) throws -> NativeAppSnapshot {
        let fallback = NativeAppSnapshot
            .bootstrap(shoppingList: try? ShoppingListState.decodeFromBundle(), savedAt: savedAt)
            .completingFirstRun(savedAt: savedAt)
        return try store.loadOrCreate(fallback: fallback).value
    }

    private static func defaultStateURL() -> URL {
        let baseURL = FileManager.default.urls(
            for: .applicationSupportDirectory,
            in: .userDomainMask
        ).first ?? URL(fileURLWithPath: NSTemporaryDirectory(), isDirectory: true)
        let directoryURL = baseURL.appendingPathComponent("Spoonjoy", isDirectory: true)
        try? FileManager.default.createDirectory(at: directoryURL, withIntermediateDirectories: true)
        return directoryURL.appendingPathComponent("native-app-snapshot.json")
    }
}
#endif
").contains(".result(dialog:")
✘ Test "app integration sources typecheck and declare expected native types" recorded an issue at NativeScenarioTests.swift:435:13: Expectation failed: (spotlightSource → "import Foundation
import SpoonjoyCore

#if canImport(CoreSpotlight)
import CoreSpotlight

@available(iOS 27.0, macOS 27.0, *)
struct SpoonjoySpotlightIndexer {
    func documents(
        recipes: [Recipe],
        cookbooks: [Cookbook],
        shoppingList: ShoppingListState
    ) -> [SpotlightIndexDocument] {
        SpotlightIndexPlan.documents(
            recipes: recipes,
            cookbooks: cookbooks,
            shoppingList: shoppingList
        )
    }

    func searchableItem(document: SpotlightIndexDocument) -> CSSearchableItem {
        let attributes = CSSearchableItemAttributeSet(itemContentType: "public.data")
        attributes.title = document.title
        attributes.contentDescription = document.contentDescription
        attributes.keywords = document.keywords

        return CSSearchableItem(
            uniqueIdentifier: document.uniqueIdentifier,
            domainIdentifier: document.domainIdentifier,
            attributeSet: attributes
        )
    }

    func index(documents: [SpotlightIndexDocument]) async throws {
        let items = documents.map(searchableItem(document:))
        try await withCheckedThrowingContinuation { (continuation: CheckedContinuation<Void, Error>) in
            CSSearchableIndex.default().indexSearchableItems(items) { error in
                if let error {
                    continuation.resume(throwing: error)
                } else {
                    continuation.resume()
                }
            }
        }
    }

    func index(
        recipes: [Recipe],
        cookbooks: [Cookbook],
        shoppingList: ShoppingListState
    ) async throws {
        try await index(documents: documents(
            recipes: recipes,
            cookbooks: cookbooks,
            shoppingList: shoppingList
        ))
    }
}
#endif
").contains(declaration → "shopping-list-item")
{
  "checks" : [
    {
      "detail" : "Fixture resources are packaged.",
      "name" : "fixture bundle",
      "status" : "pass"
    },
    {
      "detail" : "Native metadata lands in Unit 10.",
      "name" : "native metadata",
      "status" : "pending"
    },
    {
      "detail" : "SwiftUI surfaces land in Units 13-16.",
      "name" : "app surfaces",
      "status" : "pending"
    }
  ],
  "nativeCapabilities" : {
    "appIntents" : [

    ],
    "associatedDomains" : [

    ],
    "deepLinkRoutes" : [

    ],
    "offlineFlows" : [
      "fixture-offline-restore"
    ],
    "searchableScopes" : [

    ],
    "shareActions" : [

    ],
    "spotlightIndexedTypes" : [

    ],
    "urlSchemes" : [

    ]
  },
  "ok" : true,
  "stage" : "bootstrap"
}
✘ Test "native metadata report exposes Apple-native capabilities" recorded an issue at NativeScenarioTests.swift:51:9: Expectation failed: (report → ScenarioReport(ok: false, stage: SpoonjoyCore.ScenarioStage.nativeMetadata, checks: [SpoonjoyCore.ScenarioCheck(name: "fixture bundle", status: SpoonjoyCore.ScenarioCheckStatus.pass, detail: "Fixture resources are packaged."), SpoonjoyCore.ScenarioCheck(name: "native metadata", status: SpoonjoyCore.ScenarioCheckStatus.pass, detail: "Apple-native capability metadata is complete."), SpoonjoyCore.ScenarioCheck(name: "app intents source", status: SpoonjoyCore.ScenarioCheckStatus.fail, detail: "AppIntents integration source is present."), SpoonjoyCore.ScenarioCheck(name: "spotlight source", status: SpoonjoyCore.ScenarioCheckStatus.fail, detail: "CoreSpotlight integration source is present."), SpoonjoyCore.ScenarioCheck(name: "deep link metadata", status: SpoonjoyCore.ScenarioCheckStatus.pass, detail: "Associated-domain and custom-scheme routes are declared."), SpoonjoyCore.ScenarioCheck(name: "app surfaces", status: SpoonjoyCore.ScenarioCheckStatus.pending, detail: "SwiftUI surfaces land in Units 14-16.")], nativeCapabilities: SpoonjoyCore.ScenarioNativeCapabilities(appIntents: ["OpenRecipeIntent", "StartCookModeIntent", "AddShoppingListItemIntent", "CaptureRecipeIntent"], spotlightIndexedTypes: ["recipe", "cookbook", "shopping-list-item"], searchableScopes: ["all", "recipes", "cookbooks", "chefs", "shopping-list"], shareActions: ["capture-recipe-url", "share-recipe"], offlineFlows: ["fixture-offline-restore", "shopping-queue-replay", "cook-mode-progress-restore"], associatedDomains: ["applinks:spoonjoy.app"], urlSchemes: ["spoonjoy"], deepLinkRoutes: ["https://spoonjoy.app/", "https://spoonjoy.app/recipes", "https://spoonjoy.app/recipes/{id}", "https://spoonjoy.app/recipes/{id}#cook", "https://spoonjoy.app/recipes/{id}?mode=cook", "https://spoonjoy.app/cookbooks", "https://spoonjoy.app/cookbooks/{id}", "https://spoonjoy.app/shopping-list", "https://spoonjoy.app/search?q={query}&scope={all|recipes|cookbooks|chefs|shopping-list}", "https://spoonjoy.app/recipes/new", "https://spoonjoy.app/account/settings", "spoonjoy://kitchen", "spoonjoy://recipes", "spoonjoy://recipes/{id}", "spoonjoy://recipes/{id}/cook", "spoonjoy://cookbooks", "spoonjoy://cookbooks/{id}", "spoonjoy://shopping-list", "spoonjoy://search?q={query}&scope={all|recipes|cookbooks|chefs|shopping-list}", "spoonjoy://capture", "spoonjoy://settings"]))).ok → false
✘ Test "native metadata report exposes Apple-native capabilities" recorded an issue at NativeScenarioTests.swift:53:9: Expectation failed: (report.checks.filter { $0.status == .fail } → [SpoonjoyCore.ScenarioCheck(name: "app intents source", status: SpoonjoyCore.ScenarioCheckStatus.fail, detail: "AppIntents integration source is present."), SpoonjoyCore.ScenarioCheck(name: "spotlight source", status: SpoonjoyCore.ScenarioCheckStatus.fail, detail: "CoreSpotlight integration source is present.")]).isEmpty → false
✘ Test "native metadata report exposes Apple-native capabilities" recorded an issue at NativeScenarioTests.swift:57:9: Expectation failed: (checksByName["app intents source"] → .fail) == .pass
✘ Test "native metadata report exposes Apple-native capabilities" recorded an issue at NativeScenarioTests.swift:58:9: Expectation failed: (checksByName["spotlight source"] → .fail) == .pass
✔ Test "native metadata command parses stage and output path" passed after 0.004 seconds.
✔ Test "scenario command parses surfaces stage" passed after 0.005 seconds.
✔ Test "native metadata report encoding is deterministic" passed after 0.005 seconds.
✔ Test "scenario command writes output and supports stdout mode" passed after 0.005 seconds.
✔ Test "final behavioral checks fail closed for weak settings offline and link safety" passed after 0.005 seconds.
✘ Test "native metadata report exposes Apple-native capabilities" failed after 0.005 seconds with 4 issues.
✔ Test "native intent actions resolve routes local mutations and capture drafts" passed after 0.005 seconds.
✔ Test "scenario verifier covers root override and failing native metadata checks" passed after 0.005 seconds.
✔ Test "surface behavioral checks fail closed for missing or throwing fixture data" passed after 0.005 seconds.
✔ Test "surfaces report fails when surface sources are missing" passed after 0.005 seconds.
✔ Test "spotlight index plan builds route aware searchable documents" passed after 0.005 seconds.
✔ Test "surfaces report proves kitchen recipe cook and shopping slices" passed after 0.008 seconds.
✔ Test "final report proves search capture settings and deep link safety" passed after 0.015 seconds.
✘ Test "app integration sources typecheck and declare expected native types" failed after 0.615 seconds with 3 issues.
✘ Test "verify native scenarios script gates native metadata behavior" recorded an issue at NativeScenarioTests.swift:465:13: Expectation failed: (success.exitCode → 1) == 0
↳ Building for debugging...
  [0/8] Write sources
  [2/8] Copying Fixtures
  [3/8] Write SpoonjoyScenarioVerifier-entitlement.plist
  [4/8] Write swift-version--58304C5D6DBC2206.txt
  [6/47] Compiling SpoonjoyCore TokenVault.swift
  [7/47] Compiling SpoonjoyCore CaptureDraft.swift
  [8/47] Compiling SpoonjoyCore CookModeProgress.swift
  [9/47] Compiling SpoonjoyCore KitchenFixtureState.swift
  [10/51] Compiling SpoonjoyCore NativeIntentAction.swift
  [11/51] Compiling SpoonjoyCore ScenarioCommand.swift
  [12/51] Compiling SpoonjoyCore ScenarioReport.swift
  [13/51] Compiling SpoonjoyCore ScenarioVerifier.swift
  [14/51] Compiling SpoonjoyCore SpotlightIndexPlan.swift
  [15/51] Compiling SpoonjoyCore JSONFileStore.swift
  [16/51] Compiling SpoonjoyCore MutationQueue.swift
  [17/51] Compiling SpoonjoyCore OfflineSnapshot.swift
  [18/51] Compiling SpoonjoyCore OAuthRedirectValidator.swift
  [19/51] Compiling SpoonjoyCore OAuthRequests.swift
  [20/51] Compiling SpoonjoyCore OAuthResponses.swift
  [21/51] Compiling SpoonjoyCore RefreshCoordinator.swift
  [22/51] Compiling SpoonjoyCore SettingsState.swift
  [23/51] Compiling SpoonjoyCore ShoppingListState.swift
  [24/51] Compiling SpoonjoyCore DeepLinkManifest.swift
  [25/51] Compiling SpoonjoyCore NativeCapabilityMetadata.swift
  [26/51] Compiling SpoonjoyCore PaginationCursor.swift
  [27/51] Compiling SpoonjoyCore PublicCatalogRequests.swift
  [28/51] Compiling SpoonjoyCore ShoppingListAPI.swift
  [29/51] Compiling SpoonjoyCore ShoppingListRequests.swift
  [30/51] Compiling SpoonjoyCore AppNavigationState.swift
  [31/51] Compiling SpoonjoyCore AppRoute.swift
  [32/51] Compiling SpoonjoyCore DeepLinkRouter.swift
  [33/51] Compiling SpoonjoyCore NativeAppSnapshot.swift
  [34/51] Compiling SpoonjoyCore ScreenViewModels.swift
  [35/51] Compiling SpoonjoyCore SearchState.swift
  [36/51] Compiling SpoonjoyCore AuthSessionState.swift
  [37/51] Compiling SpoonjoyCore InMemoryTokenVault.swift
  [38/51] Compiling SpoonjoyCore OAuthPKCE.swift
  [39/51] Emitting module SpoonjoyCore
  [40/51] Compiling SpoonjoyCore APIClient.swift
  [41/51] Compiling SpoonjoyCore APIEnvelope.swift
  [42/51] Compiling SpoonjoyCore APIError.swift
  [43/51] Compiling SpoonjoyCore APIRequestBuilder.swift
  [44/51] Compiling SpoonjoyCore APIRetryPolicy.swift
  [45/51] Compiling SpoonjoyCore SyncCheckpoint.swift
  [46/51] Compiling SpoonjoyCore RecipeCookbook.swift
  [47/51] Compiling SpoonjoyCore SpoonjoyCore.swift
  [48/51] Compiling SpoonjoyCore resource_bundle_accessor.swift
  [49/54] Emitting module SpoonjoyScenarioVerifier
  [50/54] Compiling SpoonjoyScenarioVerifier ScenarioProcessMain.swift
  [51/54] Compiling SpoonjoyScenarioVerifier main.swift
  [51/54] Write Objects.LinkFileList
  [52/54] Linking SpoonjoyScenarioVerifier
  [53/54] Applying SpoonjoyScenarioVerifier
  Build of product 'SpoonjoyScenarioVerifier' complete! (7.19s)
  scenario report ok=false for native-metadata
  scenario check failed: app intents source: AppIntents integration source is present.
  scenario check failed: spotlight source: CoreSpotlight integration source is present.
  
✘ Test "verify native scenarios script gates native metadata behavior" recorded an issue at NativeScenarioTests.swift:469:13: Expectation failed: (report → ScenarioReport(ok: false, stage: SpoonjoyCore.ScenarioStage.nativeMetadata, checks: [SpoonjoyCore.ScenarioCheck(name: "fixture bundle", status: SpoonjoyCore.ScenarioCheckStatus.pass, detail: "Fixture resources are packaged."), SpoonjoyCore.ScenarioCheck(name: "native metadata", status: SpoonjoyCore.ScenarioCheckStatus.pass, detail: "Apple-native capability metadata is complete."), SpoonjoyCore.ScenarioCheck(name: "app intents source", status: SpoonjoyCore.ScenarioCheckStatus.fail, detail: "AppIntents integration source is present."), SpoonjoyCore.ScenarioCheck(name: "spotlight source", status: SpoonjoyCore.ScenarioCheckStatus.fail, detail: "CoreSpotlight integration source is present."), SpoonjoyCore.ScenarioCheck(name: "deep link metadata", status: SpoonjoyCore.ScenarioCheckStatus.pass, detail: "Associated-domain and custom-scheme routes are declared."), SpoonjoyCore.ScenarioCheck(name: "app surfaces", status: SpoonjoyCore.ScenarioCheckStatus.pending, detail: "SwiftUI surfaces land in Units 14-16.")], nativeCapabilities: SpoonjoyCore.ScenarioNativeCapabilities(appIntents: ["OpenRecipeIntent", "StartCookModeIntent", "AddShoppingListItemIntent", "CaptureRecipeIntent"], spotlightIndexedTypes: ["recipe", "cookbook", "shopping-list-item"], searchableScopes: ["all", "recipes", "cookbooks", "chefs", "shopping-list"], shareActions: ["capture-recipe-url", "share-recipe"], offlineFlows: ["fixture-offline-restore", "shopping-queue-replay", "cook-mode-progress-restore"], associatedDomains: ["applinks:spoonjoy.app"], urlSchemes: ["spoonjoy"], deepLinkRoutes: ["https://spoonjoy.app/", "https://spoonjoy.app/recipes", "https://spoonjoy.app/recipes/{id}", "https://spoonjoy.app/recipes/{id}#cook", "https://spoonjoy.app/recipes/{id}?mode=cook", "https://spoonjoy.app/cookbooks", "https://spoonjoy.app/cookbooks/{id}", "https://spoonjoy.app/shopping-list", "https://spoonjoy.app/search?q={query}&scope={all|recipes|cookbooks|chefs|shopping-list}", "https://spoonjoy.app/recipes/new", "https://spoonjoy.app/account/settings", "spoonjoy://kitchen", "spoonjoy://recipes", "spoonjoy://recipes/{id}", "spoonjoy://recipes/{id}/cook", "spoonjoy://cookbooks", "spoonjoy://cookbooks/{id}", "spoonjoy://shopping-list", "spoonjoy://search?q={query}&scope={all|recipes|cookbooks|chefs|shopping-list}", "spoonjoy://capture", "spoonjoy://settings"]))).ok → false
✘ Test "verify native scenarios script gates native metadata behavior" recorded an issue at NativeScenarioTests.swift:471:13: Expectation failed: (report.checks.filter { $0.status == .fail } → [SpoonjoyCore.ScenarioCheck(name: "app intents source", status: SpoonjoyCore.ScenarioCheckStatus.fail, detail: "AppIntents integration source is present."), SpoonjoyCore.ScenarioCheck(name: "spotlight source", status: SpoonjoyCore.ScenarioCheckStatus.fail, detail: "CoreSpotlight integration source is present.")]).isEmpty → false
✘ Test "verify native scenarios script gates native metadata behavior" recorded an issue at NativeScenarioTests.swift:532:13: Expectation failed: (firstDefaultOutput.exitCode → 1) == 0
↳ [0/1] Planning build
  Building for debugging...
  [0/3] Write swift-version--58304C5D6DBC2206.txt
  Build of product 'SpoonjoyScenarioVerifier' complete! (0.21s)
  scenario report ok=false for native-metadata
  scenario check failed: app intents source: AppIntents integration source is present.
  scenario check failed: spotlight source: CoreSpotlight integration source is present.
  
✘ Test "verify native scenarios script gates native metadata behavior" recorded an issue at NativeScenarioTests.swift:533:13: Expectation failed: (secondDefaultOutput.exitCode → 1) == 0
↳ Building for debugging...
  [0/3] Write swift-version--58304C5D6DBC2206.txt
  Build of product 'SpoonjoyScenarioVerifier' complete! (0.15s)
  scenario report ok=false for native-metadata
  scenario check failed: app intents source: AppIntents integration source is present.
  scenario check failed: spotlight source: CoreSpotlight integration source is present.
  
✘ Test "verify native scenarios script gates native metadata behavior" failed after 12.331 seconds with 5 issues.
✘ Suite "Native scenario metadata" failed after 12.331 seconds with 12 issues.
✘ Test run with 15 tests in 1 suite failed after 12.331 seconds with 12 issues.
