[0/1] Planning build
Building for debugging...
[0/6] Write sources
[1/6] Write swift-version--58304C5D6DBC2206.txt
error: emit-module command failed with exit code 1 (use -v to see invocation)
[3/6] Emitting module SpoonjoyCoreTests
/Users/arimendelow/Projects/spoonjoy-apple/Tests/SpoonjoyCoreTests/OfflineStoreTests.swift:139:93: error: cannot find type 'OfflineSnapshot' in scope
137 |     }
138 | 
139 |     private func offlineSnapshot(capturedAt: String = "2026-06-16T08:44:00.000Z") throws -> OfflineSnapshot {
    |                                                                                             `- error: cannot find type 'OfflineSnapshot' in scope
140 |         let shoppingList = try ShoppingListState.decodeFromBundle()
141 |         return OfflineSnapshot(

/Users/arimendelow/Projects/spoonjoy-apple/Tests/SpoonjoyCoreTests/OfflineStoreTests.swift:153:89: error: cannot find type 'QueuedMutation' in scope
151 |     }
152 | 
153 |     private func shoppingAddMutation(clientMutationID: String = "mutation-add-eggs") -> QueuedMutation {
    |                                                                                         `- error: cannot find type 'QueuedMutation' in scope
154 |         QueuedMutation(
155 |             id: "queued-add-eggs",
[4/6] Compiling SpoonjoyCoreTests OfflineStoreTests.swift
/Users/arimendelow/Projects/spoonjoy-apple/Tests/SpoonjoyCoreTests/OfflineStoreTests.swift:139:93: error: cannot find type 'OfflineSnapshot' in scope
137 |     }
138 | 
139 |     private func offlineSnapshot(capturedAt: String = "2026-06-16T08:44:00.000Z") throws -> OfflineSnapshot {
    |                                                                                             `- error: cannot find type 'OfflineSnapshot' in scope
140 |         let shoppingList = try ShoppingListState.decodeFromBundle()
141 |         return OfflineSnapshot(

/Users/arimendelow/Projects/spoonjoy-apple/Tests/SpoonjoyCoreTests/OfflineStoreTests.swift:153:89: error: cannot find type 'QueuedMutation' in scope
151 |     }
152 | 
153 |     private func shoppingAddMutation(clientMutationID: String = "mutation-add-eggs") -> QueuedMutation {
    |                                                                                         `- error: cannot find type 'QueuedMutation' in scope
154 |         QueuedMutation(
155 |             id: "queued-add-eggs",

/Users/arimendelow/Projects/spoonjoy-apple/Tests/SpoonjoyCoreTests/OfflineStoreTests.swift:10:25: error: cannot find 'JSONFileStore' in scope
  8 |     func jsonFileStoreSavesLoadsDeletesAndReportsFileSource() throws {
  9 |         try withTemporaryDirectory { directory in
 10 |             let store = JSONFileStore<OfflineSnapshot>(fileURL: directory.appendingPathComponent("snapshot.json"))
    |                         `- error: cannot find 'JSONFileStore' in scope
 11 |             let snapshot = try offlineSnapshot()
 12 | 

/Users/arimendelow/Projects/spoonjoy-apple/Tests/SpoonjoyCoreTests/OfflineStoreTests.swift:10:39: error: cannot find type 'OfflineSnapshot' in scope
  8 |     func jsonFileStoreSavesLoadsDeletesAndReportsFileSource() throws {
  9 |         try withTemporaryDirectory { directory in
 10 |             let store = JSONFileStore<OfflineSnapshot>(fileURL: directory.appendingPathComponent("snapshot.json"))
    |                                      |`- error: cannot find type 'OfflineSnapshot' in scope
    |                                      `- note: while parsing this '<' as a type parameter bracket
 11 |             let snapshot = try offlineSnapshot()
 12 | 

/Users/arimendelow/Projects/spoonjoy-apple/Tests/SpoonjoyCoreTests/OfflineStoreTests.swift:32:25: error: cannot find 'JSONFileStore' in scope
 30 |             let fallback = try offlineSnapshot(capturedAt: "2026-06-16T08:45:00.000Z")
 31 |             let fallbackData = try JSONEncoder().encode(fallback)
 32 |             let store = JSONFileStore<OfflineSnapshot>(fileURL: fileURL, fallbackData: fallbackData)
    |                         `- error: cannot find 'JSONFileStore' in scope
 33 | 
 34 |             let loaded = try #require(try store.load())

/Users/arimendelow/Projects/spoonjoy-apple/Tests/SpoonjoyCoreTests/OfflineStoreTests.swift:46:34: error: cannot find 'SyncCheckpoint' in scope
 44 |         try withTemporaryDirectory { directory in
 45 |             let cursor = try #require(ShoppingSyncCursor(rawValue: " 2026.cursor.before "))
 46 |             let checkpoint = try SyncCheckpoint(shoppingCursor: cursor, updatedAt: "2026-06-16T08:46:00.000Z")
    |                                  `- error: cannot find 'SyncCheckpoint' in scope
 47 |             let store = JSONFileStore<SyncCheckpoint>(fileURL: directory.appendingPathComponent("checkpoint.json"))
 48 | 

/Users/arimendelow/Projects/spoonjoy-apple/Tests/SpoonjoyCoreTests/OfflineStoreTests.swift:47:25: error: cannot find 'JSONFileStore' in scope
 45 |             let cursor = try #require(ShoppingSyncCursor(rawValue: " 2026.cursor.before "))
 46 |             let checkpoint = try SyncCheckpoint(shoppingCursor: cursor, updatedAt: "2026-06-16T08:46:00.000Z")
 47 |             let store = JSONFileStore<SyncCheckpoint>(fileURL: directory.appendingPathComponent("checkpoint.json"))
    |                         `- error: cannot find 'JSONFileStore' in scope
 48 | 
 49 |             try store.save(checkpoint)

/Users/arimendelow/Projects/spoonjoy-apple/Tests/SpoonjoyCoreTests/OfflineStoreTests.swift:59:29: error: cannot find 'SyncCheckpointError' in scope
 57 |             #expect(updated.shoppingCursor == ShoppingSyncCursor(rawValue: "2026.cursor.after"))
 58 |             #expect(updated.updatedAt == "2026-06-16T08:47:00.000Z")
 59 |             #expect(throws: SyncCheckpointError.self) {
    |                             `- error: cannot find 'SyncCheckpointError' in scope
 60 |                 try SyncCheckpoint(shoppingCursor: nil, updatedAt: " \n ")
 61 |             }

/Users/arimendelow/Projects/spoonjoy-apple/Tests/SpoonjoyCoreTests/OfflineStoreTests.swift:60:21: error: cannot find 'SyncCheckpoint' in scope
 58 |             #expect(updated.updatedAt == "2026-06-16T08:47:00.000Z")
 59 |             #expect(throws: SyncCheckpointError.self) {
 60 |                 try SyncCheckpoint(shoppingCursor: nil, updatedAt: " \n ")
    |                     `- error: cannot find 'SyncCheckpoint' in scope
 61 |             }
 62 |         }

/Users/arimendelow/Projects/spoonjoy-apple/Tests/SpoonjoyCoreTests/OfflineStoreTests.swift:68:30: error: cannot find 'SyncCheckpoint' in scope
 66 |     func offlineSnapshotRestoresShoppingListCheckpointAndPendingMutations() throws {
 67 |         let shoppingList = try ShoppingListState.decodeFromBundle()
 68 |         let checkpoint = try SyncCheckpoint(
    |                              `- error: cannot find 'SyncCheckpoint' in scope
 69 |             shoppingCursor: try #require(ShoppingSyncCursor(rawValue: shoppingList.nextCursor)),
 70 |             updatedAt: shoppingList.updatedAt

/Users/arimendelow/Projects/spoonjoy-apple/Tests/SpoonjoyCoreTests/OfflineStoreTests.swift:72:25: error: cannot find 'MutationQueue' in scope
 70 |             updatedAt: shoppingList.updatedAt
 71 |         )
 72 |         let queue = try MutationQueue().appending(shoppingAddMutation())
    |                         `- error: cannot find 'MutationQueue' in scope
 73 |         let snapshot = OfflineSnapshot(
 74 |             schemaVersion: 1,

/Users/arimendelow/Projects/spoonjoy-apple/Tests/SpoonjoyCoreTests/OfflineStoreTests.swift:73:24: error: cannot find 'OfflineSnapshot' in scope
 71 |         )
 72 |         let queue = try MutationQueue().appending(shoppingAddMutation())
 73 |         let snapshot = OfflineSnapshot(
    |                        `- error: cannot find 'OfflineSnapshot' in scope
 74 |             schemaVersion: 1,
 75 |             capturedAt: "2026-06-16T08:48:00.000Z",

/Users/arimendelow/Projects/spoonjoy-apple/Tests/SpoonjoyCoreTests/OfflineStoreTests.swift:87:25: error: cannot find 'OfflineSnapshotError' in scope
 85 |         #expect(restored.pendingMutations == queue)
 86 |         #expect(restored.pendingMutationCount == 1)
 87 |         #expect(throws: OfflineSnapshotError.self) {
    |                         `- error: cannot find 'OfflineSnapshotError' in scope
 88 |             try OfflineSnapshot(
 89 |                 schemaVersion: 1,

/Users/arimendelow/Projects/spoonjoy-apple/Tests/SpoonjoyCoreTests/OfflineStoreTests.swift:88:17: error: cannot find 'OfflineSnapshot' in scope
 86 |         #expect(restored.pendingMutationCount == 1)
 87 |         #expect(throws: OfflineSnapshotError.self) {
 88 |             try OfflineSnapshot(
    |                 `- error: cannot find 'OfflineSnapshot' in scope
 89 |                 schemaVersion: 1,
 90 |                 capturedAt: "2026-06-16T08:49:00.000Z",

/Users/arimendelow/Projects/spoonjoy-apple/Tests/SpoonjoyCoreTests/OfflineStoreTests.swift:91:31: error: 'nil' requires a contextual type
 89 |                 schemaVersion: 1,
 90 |                 capturedAt: "2026-06-16T08:49:00.000Z",
 91 |                 shoppingList: nil,
    |                               `- error: 'nil' requires a contextual type
 92 |                 syncCheckpoint: checkpoint,
 93 |                 pendingMutations: .init()

/Users/arimendelow/Projects/spoonjoy-apple/Tests/SpoonjoyCoreTests/OfflineStoreTests.swift:93:36: error: cannot infer contextual base in reference to member 'init'
 91 |                 shoppingList: nil,
 92 |                 syncCheckpoint: checkpoint,
 93 |                 pendingMutations: .init()
    |                                    `- error: cannot infer contextual base in reference to member 'init'
 94 |             ).restore()
 95 |         }

/Users/arimendelow/Projects/spoonjoy-apple/Tests/SpoonjoyCoreTests/OfflineStoreTests.swift:101:21: error: cannot find 'QueuedMutation' in scope
 99 |     func mutationQueueSerializesShoppingMutationsAndRejectsDuplicates() throws {
100 |         let add = shoppingAddMutation(clientMutationID: "mutation-add-eggs")
101 |         let check = QueuedMutation(
    |                     `- error: cannot find 'QueuedMutation' in scope
102 |             id: "queued-check-eggs",
103 |             clientMutationID: "mutation-check-eggs",

/Users/arimendelow/Projects/spoonjoy-apple/Tests/SpoonjoyCoreTests/OfflineStoreTests.swift:105:20: error: cannot infer contextual base in reference to member 'shoppingCheck'
103 |             clientMutationID: "mutation-check-eggs",
104 |             createdAt: "2026-06-16T08:50:00.000Z",
105 |             kind: .shoppingCheck(itemID: "item_eggs", checked: true)
    |                    `- error: cannot infer contextual base in reference to member 'shoppingCheck'
106 |         )
107 |         let remove = QueuedMutation(

/Users/arimendelow/Projects/spoonjoy-apple/Tests/SpoonjoyCoreTests/OfflineStoreTests.swift:107:22: error: cannot find 'QueuedMutation' in scope
105 |             kind: .shoppingCheck(itemID: "item_eggs", checked: true)
106 |         )
107 |         let remove = QueuedMutation(
    |                      `- error: cannot find 'QueuedMutation' in scope
108 |             id: "queued-delete-eggs",
109 |             clientMutationID: "mutation-delete-eggs",

/Users/arimendelow/Projects/spoonjoy-apple/Tests/SpoonjoyCoreTests/OfflineStoreTests.swift:111:20: error: cannot infer contextual base in reference to member 'shoppingDelete'
109 |             clientMutationID: "mutation-delete-eggs",
110 |             createdAt: "2026-06-16T08:51:00.000Z",
111 |             kind: .shoppingDelete(itemID: "item_eggs")
    |                    `- error: cannot infer contextual base in reference to member 'shoppingDelete'
112 |         )
113 |         let queue = try MutationQueue()

/Users/arimendelow/Projects/spoonjoy-apple/Tests/SpoonjoyCoreTests/OfflineStoreTests.swift:113:25: error: cannot find 'MutationQueue' in scope
111 |             kind: .shoppingDelete(itemID: "item_eggs")
112 |         )
113 |         let queue = try MutationQueue()
    |                         `- error: cannot find 'MutationQueue' in scope
114 |             .appending(add)
115 |             .appending(check)

/Users/arimendelow/Projects/spoonjoy-apple/Tests/SpoonjoyCoreTests/OfflineStoreTests.swift:119:48: error: cannot find 'MutationQueue' in scope
117 |         let data = try JSONEncoder().encode(queue)
118 |         let json = try #require(String(data: data, encoding: .utf8))
119 |         let decoded = try JSONDecoder().decode(MutationQueue.self, from: data)
    |                                                `- error: cannot find 'MutationQueue' in scope
120 | 
121 |         #expect(decoded == queue)

/Users/arimendelow/Projects/spoonjoy-apple/Tests/SpoonjoyCoreTests/OfflineStoreTests.swift:119:41: error: failed to produce diagnostic for expression; please submit a bug report (https://swift.org/contributing/#reporting-bugs)
117 |         let data = try JSONEncoder().encode(queue)
118 |         let json = try #require(String(data: data, encoding: .utf8))
119 |         let decoded = try JSONDecoder().decode(MutationQueue.self, from: data)
    |                                         `- error: failed to produce diagnostic for expression; please submit a bug report (https://swift.org/contributing/#reporting-bugs)
120 | 
121 |         #expect(decoded == queue)

/Users/arimendelow/Projects/spoonjoy-apple/Tests/SpoonjoyCoreTests/OfflineStoreTests.swift:122:39: error: cannot infer key path type from context; consider explicitly specifying a root type
120 | 
121 |         #expect(decoded == queue)
122 |         #expect(decoded.mutations.map(\.clientMutationID) == [
    |                                       `- error: cannot infer key path type from context; consider explicitly specifying a root type
123 |             "mutation-add-eggs",
124 |             "mutation-check-eggs",

/Users/arimendelow/Projects/spoonjoy-apple/Tests/SpoonjoyCoreTests/OfflineStoreTests.swift:130:87: error: cannot infer key path type from context; consider explicitly specifying a root type
128 |         #expect(json.contains("shoppingCheck"))
129 |         #expect(json.contains("shoppingDelete"))
130 |         #expect(queue.removing(clientMutationID: "mutation-check-eggs").mutations.map(\.clientMutationID) == [
    |                                                                                       `- error: cannot infer key path type from context; consider explicitly specifying a root type
131 |             "mutation-add-eggs",
132 |             "mutation-delete-eggs"

/Users/arimendelow/Projects/spoonjoy-apple/Tests/SpoonjoyCoreTests/OfflineStoreTests.swift:134:25: error: cannot find 'MutationQueueError' in scope
132 |             "mutation-delete-eggs"
133 |         ])
134 |         #expect(throws: MutationQueueError.self) {
    |                         `- error: cannot find 'MutationQueueError' in scope
135 |             try queue.appending(shoppingAddMutation(clientMutationID: "mutation-add-eggs"))
136 |         }

/Users/arimendelow/Projects/spoonjoy-apple/Tests/SpoonjoyCoreTests/OfflineStoreTests.swift:118:20: error: no calls to throwing functions occur within 'try' expression
116 |             .appending(remove)
117 |         let data = try JSONEncoder().encode(queue)
118 |         let json = try #require(String(data: data, encoding: .utf8))
    |                    `- error: no calls to throwing functions occur within 'try' expression
119 |         let decoded = try JSONDecoder().decode(MutationQueue.self, from: data)
120 | 

/Users/arimendelow/Projects/spoonjoy-apple/Tests/SpoonjoyCoreTests/OfflineStoreTests.swift:141:16: error: cannot find 'OfflineSnapshot' in scope
139 |     private func offlineSnapshot(capturedAt: String = "2026-06-16T08:44:00.000Z") throws -> OfflineSnapshot {
140 |         let shoppingList = try ShoppingListState.decodeFromBundle()
141 |         return OfflineSnapshot(
    |                `- error: cannot find 'OfflineSnapshot' in scope
142 |             schemaVersion: 1,
143 |             capturedAt: capturedAt,

/Users/arimendelow/Projects/spoonjoy-apple/Tests/SpoonjoyCoreTests/OfflineStoreTests.swift:145:33: error: cannot find 'SyncCheckpoint' in scope
143 |             capturedAt: capturedAt,
144 |             shoppingList: shoppingList,
145 |             syncCheckpoint: try SyncCheckpoint(
    |                                 `- error: cannot find 'SyncCheckpoint' in scope
146 |                 shoppingCursor: try #require(ShoppingSyncCursor(rawValue: shoppingList.nextCursor)),
147 |                 updatedAt: shoppingList.updatedAt

/Users/arimendelow/Projects/spoonjoy-apple/Tests/SpoonjoyCoreTests/OfflineStoreTests.swift:149:35: error: cannot find 'MutationQueue' in scope
147 |                 updatedAt: shoppingList.updatedAt
148 |             ),
149 |             pendingMutations: try MutationQueue().appending(shoppingAddMutation())
    |                                   `- error: cannot find 'MutationQueue' in scope
150 |         )
151 |     }

/Users/arimendelow/Projects/spoonjoy-apple/Tests/SpoonjoyCoreTests/OfflineStoreTests.swift:154:9: error: cannot find 'QueuedMutation' in scope
152 | 
153 |     private func shoppingAddMutation(clientMutationID: String = "mutation-add-eggs") -> QueuedMutation {
154 |         QueuedMutation(
    |         `- error: cannot find 'QueuedMutation' in scope
155 |             id: "queued-add-eggs",
156 |             clientMutationID: clientMutationID,

/Users/arimendelow/Projects/spoonjoy-apple/Tests/SpoonjoyCoreTests/OfflineStoreTests.swift:158:20: error: cannot infer contextual base in reference to member 'shoppingAdd'
156 |             clientMutationID: clientMutationID,
157 |             createdAt: "2026-06-16T08:49:00.000Z",
158 |             kind: .shoppingAdd(
    |                    `- error: cannot infer contextual base in reference to member 'shoppingAdd'
159 |                 name: "eggs",
160 |                 quantity: 12,
error: fatalError
