$ swift test --filter RecipeCookbookTests --disable-xctest --parallel -Xswiftc -warnings-as-errors
[0/1] Planning build
Building for debugging...
[0/7] Write sources
[1/7] Write swift-version--58304C5D6DBC2206.txt
[3/10] Compiling SpoonjoyCore resource_bundle_accessor.swift
[4/10] Compiling SpoonjoyCore SpoonjoyCore.swift
[5/10] Emitting module SpoonjoyCore
[6/15] Compiling SpoonjoyScenarioVerifier main.swift
[7/15] Emitting module SpoonjoyScenarioVerifier
[7/15] Write Objects.LinkFileList
[9/15] Compiling SpoonjoyCoreTests SpoonjoyCoreBootstrapTests.swift
[10/15] Emitting module SpoonjoyCoreTests
[11/15] Compiling SpoonjoyCoreTests RecipeCookbookTests.swift
/Users/arimendelow/Projects/spoonjoy-apple/Tests/SpoonjoyCoreTests/RecipeCookbookTests.swift:9:27: error: cannot find 'RecipeFixtureCatalog' in scope
  7 |     @Test("recipe fixture decodes API v1 recipe detail shape")
  8 |     func recipeFixtureDecodesDetailShape() throws {
  9 |         let catalog = try RecipeFixtureCatalog.decodeFromBundle()
    |                           `- error: cannot find 'RecipeFixtureCatalog' in scope
 10 | 
 11 |         #expect(catalog.recipes.count == 2)

/Users/arimendelow/Projects/spoonjoy-apple/Tests/SpoonjoyCoreTests/RecipeCookbookTests.swift:18:32: error: cannot find 'ChefSummary' in scope
 16 |         #expect(recipe.description == "Bright pantry pasta with lemon, garlic, and parmesan.")
 17 |         #expect(recipe.servings == "4")
 18 |         #expect(recipe.chef == ChefSummary(id: "chef_ari", username: "ari"))
    |                                `- error: cannot find 'ChefSummary' in scope
 19 |         #expect(recipe.coverImageURL == URL(string: "https://spoonjoy.app/photos/recipes/recipe_lemon_pantry_pasta/cover.jpg"))
 20 |         #expect(recipe.coverProvenanceLabel == "Chef photo")

/Users/arimendelow/Projects/spoonjoy-apple/Tests/SpoonjoyCoreTests/RecipeCookbookTests.swift:21:43: error: cannot find 'RecipeCoverSourceType' in scope
 19 |         #expect(recipe.coverImageURL == URL(string: "https://spoonjoy.app/photos/recipes/recipe_lemon_pantry_pasta/cover.jpg"))
 20 |         #expect(recipe.coverProvenanceLabel == "Chef photo")
 21 |         #expect(recipe.coverSourceType == RecipeCoverSourceType.chefUpload)
    |                                           `- error: cannot find 'RecipeCoverSourceType' in scope
 22 |         #expect(recipe.coverVariant == RecipeCoverVariant.image)
 23 |         #expect(recipe.href == "/recipes/recipe_lemon_pantry_pasta")

/Users/arimendelow/Projects/spoonjoy-apple/Tests/SpoonjoyCoreTests/RecipeCookbookTests.swift:22:40: error: cannot find 'RecipeCoverVariant' in scope
 20 |         #expect(recipe.coverProvenanceLabel == "Chef photo")
 21 |         #expect(recipe.coverSourceType == RecipeCoverSourceType.chefUpload)
 22 |         #expect(recipe.coverVariant == RecipeCoverVariant.image)
    |                                        `- error: cannot find 'RecipeCoverVariant' in scope
 23 |         #expect(recipe.href == "/recipes/recipe_lemon_pantry_pasta")
 24 |         #expect(recipe.canonicalURL == URL(string: "https://spoonjoy.app/recipes/recipe_lemon_pantry_pasta"))

/Users/arimendelow/Projects/spoonjoy-apple/Tests/SpoonjoyCoreTests/RecipeCookbookTests.swift:13:22: error: no calls to throwing functions occur within 'try' expression
 11 |         #expect(catalog.recipes.count == 2)
 12 | 
 13 |         let recipe = try #require(catalog.recipe(id: "recipe_lemon_pantry_pasta"))
    |                      `- error: no calls to throwing functions occur within 'try' expression
 14 |         #expect(recipe.id == "recipe_lemon_pantry_pasta")
 15 |         #expect(recipe.title == "Lemon Pantry Pasta")

/Users/arimendelow/Projects/spoonjoy-apple/Tests/SpoonjoyCoreTests/RecipeCookbookTests.swift:33:27: error: cannot find 'RecipeFixtureCatalog' in scope
 31 |     @Test("recipe steps and ingredients preserve display-safe API data")
 32 |     func recipeStepsAndIngredientsPreserveDisplayData() throws {
 33 |         let catalog = try RecipeFixtureCatalog.decodeFromBundle()
    |                           `- error: cannot find 'RecipeFixtureCatalog' in scope
 34 |         let recipe = try #require(catalog.recipe(id: "recipe_lemon_pantry_pasta"))
 35 | 

/Users/arimendelow/Projects/spoonjoy-apple/Tests/SpoonjoyCoreTests/RecipeCookbookTests.swift:36:34: error: cannot infer key path type from context; consider explicitly specifying a root type
 34 |         let recipe = try #require(catalog.recipe(id: "recipe_lemon_pantry_pasta"))
 35 | 
 36 |         #expect(recipe.steps.map(\.stepNum) == [1, 2, 3])
    |                                  `- error: cannot infer key path type from context; consider explicitly specifying a root type
 37 |         #expect(recipe.steps.map(\.stepTitle) == ["Boil Pasta", "Build Sauce", "Finish"])
 38 | 

/Users/arimendelow/Projects/spoonjoy-apple/Tests/SpoonjoyCoreTests/RecipeCookbookTests.swift:37:34: error: cannot infer key path type from context; consider explicitly specifying a root type
 35 | 
 36 |         #expect(recipe.steps.map(\.stepNum) == [1, 2, 3])
 37 |         #expect(recipe.steps.map(\.stepTitle) == ["Boil Pasta", "Build Sauce", "Finish"])
    |                                  `- error: cannot infer key path type from context; consider explicitly specifying a root type
 38 | 
 39 |         let firstStep = try #require(recipe.steps.first)

/Users/arimendelow/Projects/spoonjoy-apple/Tests/SpoonjoyCoreTests/RecipeCookbookTests.swift:42:43: error: cannot infer key path type from context; consider explicitly specifying a root type
 40 |         #expect(firstStep.description == "Boil the pasta until just shy of al dente.")
 41 |         #expect(firstStep.duration == 10)
 42 |         #expect(firstStep.ingredients.map(\.name) == ["kosher salt", "spaghetti"])
    |                                           `- error: cannot infer key path type from context; consider explicitly specifying a root type
 43 |         #expect(firstStep.ingredients.map(\.quantity) == [1, 12])
 44 |         #expect(firstStep.ingredients.map(\.unit) == ["tbsp", "oz"])

/Users/arimendelow/Projects/spoonjoy-apple/Tests/SpoonjoyCoreTests/RecipeCookbookTests.swift:43:43: error: cannot infer key path type from context; consider explicitly specifying a root type
 41 |         #expect(firstStep.duration == 10)
 42 |         #expect(firstStep.ingredients.map(\.name) == ["kosher salt", "spaghetti"])
 43 |         #expect(firstStep.ingredients.map(\.quantity) == [1, 12])
    |                                           `- error: cannot infer key path type from context; consider explicitly specifying a root type
 44 |         #expect(firstStep.ingredients.map(\.unit) == ["tbsp", "oz"])
 45 | 

/Users/arimendelow/Projects/spoonjoy-apple/Tests/SpoonjoyCoreTests/RecipeCookbookTests.swift:44:43: error: cannot infer key path type from context; consider explicitly specifying a root type
 42 |         #expect(firstStep.ingredients.map(\.name) == ["kosher salt", "spaghetti"])
 43 |         #expect(firstStep.ingredients.map(\.quantity) == [1, 12])
 44 |         #expect(firstStep.ingredients.map(\.unit) == ["tbsp", "oz"])
    |                                           `- error: cannot infer key path type from context; consider explicitly specifying a root type
 45 | 
 46 |         let sauceStep = try #require(recipe.steps[safe: 1])

/Users/arimendelow/Projects/spoonjoy-apple/Tests/SpoonjoyCoreTests/RecipeCookbookTests.swift:47:43: error: cannot infer key path type from context; consider explicitly specifying a root type
 45 | 
 46 |         let sauceStep = try #require(recipe.steps[safe: 1])
 47 |         #expect(sauceStep.ingredients.map(\.name) == ["garlic", "lemon", "olive oil"])
    |                                           `- error: cannot infer key path type from context; consider explicitly specifying a root type
 48 |         #expect(sauceStep.ingredients.map(\.unit) == ["clove", "each", "tbsp"])
 49 |     }

/Users/arimendelow/Projects/spoonjoy-apple/Tests/SpoonjoyCoreTests/RecipeCookbookTests.swift:48:43: error: cannot infer key path type from context; consider explicitly specifying a root type
 46 |         let sauceStep = try #require(recipe.steps[safe: 1])
 47 |         #expect(sauceStep.ingredients.map(\.name) == ["garlic", "lemon", "olive oil"])
 48 |         #expect(sauceStep.ingredients.map(\.unit) == ["clove", "each", "tbsp"])
    |                                           `- error: cannot infer key path type from context; consider explicitly specifying a root type
 49 |     }
 50 | 

/Users/arimendelow/Projects/spoonjoy-apple/Tests/SpoonjoyCoreTests/RecipeCookbookTests.swift:34:22: error: no calls to throwing functions occur within 'try' expression
 32 |     func recipeStepsAndIngredientsPreserveDisplayData() throws {
 33 |         let catalog = try RecipeFixtureCatalog.decodeFromBundle()
 34 |         let recipe = try #require(catalog.recipe(id: "recipe_lemon_pantry_pasta"))
    |                      `- error: no calls to throwing functions occur within 'try' expression
 35 | 
 36 |         #expect(recipe.steps.map(\.stepNum) == [1, 2, 3])

/Users/arimendelow/Projects/spoonjoy-apple/Tests/SpoonjoyCoreTests/RecipeCookbookTests.swift:39:25: error: no calls to throwing functions occur within 'try' expression
 37 |         #expect(recipe.steps.map(\.stepTitle) == ["Boil Pasta", "Build Sauce", "Finish"])
 38 | 
 39 |         let firstStep = try #require(recipe.steps.first)
    |                         `- error: no calls to throwing functions occur within 'try' expression
 40 |         #expect(firstStep.description == "Boil the pasta until just shy of al dente.")
 41 |         #expect(firstStep.duration == 10)

/Users/arimendelow/Projects/spoonjoy-apple/Tests/SpoonjoyCoreTests/RecipeCookbookTests.swift:46:25: error: no calls to throwing functions occur within 'try' expression
 44 |         #expect(firstStep.ingredients.map(\.unit) == ["tbsp", "oz"])
 45 | 
 46 |         let sauceStep = try #require(recipe.steps[safe: 1])
    |                         `- error: no calls to throwing functions occur within 'try' expression
 47 |         #expect(sauceStep.ingredients.map(\.name) == ["garlic", "lemon", "olive oil"])
 48 |         #expect(sauceStep.ingredients.map(\.unit) == ["clove", "each", "tbsp"])

/Users/arimendelow/Projects/spoonjoy-apple/Tests/SpoonjoyCoreTests/RecipeCookbookTests.swift:89:21: error: cannot find 'RecipeFixtureCatalog' in scope
 87 | 
 88 |         do {
 89 |             _ = try RecipeFixtureCatalog.decode(data: invalidData)
    |                     `- error: cannot find 'RecipeFixtureCatalog' in scope
 90 |         } catch let error as RecipeCookbookValidationError {
 91 |             validationMessage = error.description

/Users/arimendelow/Projects/spoonjoy-apple/Tests/SpoonjoyCoreTests/RecipeCookbookTests.swift:90:30: error: cannot find type 'RecipeCookbookValidationError' in scope
 88 |         do {
 89 |             _ = try RecipeFixtureCatalog.decode(data: invalidData)
 90 |         } catch let error as RecipeCookbookValidationError {
    |                              `- error: cannot find type 'RecipeCookbookValidationError' in scope
 91 |             validationMessage = error.description
 92 |         } catch {

/Users/arimendelow/Projects/spoonjoy-apple/Tests/SpoonjoyCoreTests/RecipeCookbookTests.swift:101:27: error: cannot find 'RecipeFixtureCatalog' in scope
 99 |     @Test("recipe search summary exposes public navigation fields")
100 |     func recipeSearchSummaryExposesPublicNavigationFields() throws {
101 |         let catalog = try RecipeFixtureCatalog.decodeFromBundle()
    |                           `- error: cannot find 'RecipeFixtureCatalog' in scope
102 |         let recipe = try #require(catalog.recipe(id: "recipe_lemon_pantry_pasta"))
103 |         let summary = RecipeSearchSummary(recipe: recipe)

/Users/arimendelow/Projects/spoonjoy-apple/Tests/SpoonjoyCoreTests/RecipeCookbookTests.swift:103:23: error: cannot find 'RecipeSearchSummary' in scope
101 |         let catalog = try RecipeFixtureCatalog.decodeFromBundle()
102 |         let recipe = try #require(catalog.recipe(id: "recipe_lemon_pantry_pasta"))
103 |         let summary = RecipeSearchSummary(recipe: recipe)
    |                       `- error: cannot find 'RecipeSearchSummary' in scope
104 | 
105 |         #expect(summary.id == "recipe_lemon_pantry_pasta")

/Users/arimendelow/Projects/spoonjoy-apple/Tests/SpoonjoyCoreTests/RecipeCookbookTests.swift:106:34: error: cannot infer contextual base in reference to member 'recipe'
104 | 
105 |         #expect(summary.id == "recipe_lemon_pantry_pasta")
106 |         #expect(summary.kind == .recipe)
    |                                  `- error: cannot infer contextual base in reference to member 'recipe'
107 |         #expect(summary.title == "Lemon Pantry Pasta")
108 |         #expect(summary.subtitle == "ari - 4 servings")

/Users/arimendelow/Projects/spoonjoy-apple/Tests/SpoonjoyCoreTests/RecipeCookbookTests.swift:102:22: error: no calls to throwing functions occur within 'try' expression
100 |     func recipeSearchSummaryExposesPublicNavigationFields() throws {
101 |         let catalog = try RecipeFixtureCatalog.decodeFromBundle()
102 |         let recipe = try #require(catalog.recipe(id: "recipe_lemon_pantry_pasta"))
    |                      `- error: no calls to throwing functions occur within 'try' expression
103 |         let summary = RecipeSearchSummary(recipe: recipe)
104 | 

/Users/arimendelow/Projects/spoonjoy-apple/Tests/SpoonjoyCoreTests/RecipeCookbookTests.swift:117:27: error: cannot find 'CookbookFixtureCatalog' in scope
115 |     @Test("cookbook fixture decodes cover, recipe links, and attribution")
116 |     func cookbookFixtureDecodesCoverLinksAndAttribution() throws {
117 |         let catalog = try CookbookFixtureCatalog.decodeFromBundle()
    |                           `- error: cannot find 'CookbookFixtureCatalog' in scope
118 | 
119 |         #expect(catalog.cookbooks.count == 2)

/Users/arimendelow/Projects/spoonjoy-apple/Tests/SpoonjoyCoreTests/RecipeCookbookTests.swift:124:34: error: cannot find 'ChefSummary' in scope
122 |         #expect(cookbook.id == "cookbook_weeknights")
123 |         #expect(cookbook.title == "Weeknights")
124 |         #expect(cookbook.chef == ChefSummary(id: "chef_ari", username: "ari"))
    |                                  `- error: cannot find 'ChefSummary' in scope
125 |         #expect(cookbook.recipeCount == 2)
126 |         #expect(cookbook.cover.imageURLs == [

/Users/arimendelow/Projects/spoonjoy-apple/Tests/SpoonjoyCoreTests/RecipeCookbookTests.swift:131:49: error: cannot infer contextual base in reference to member 'collage'
129 |         ])
130 |         #expect(cookbook.cover.primaryImageURL == URL(string: "https://spoonjoy.app/photos/recipes/recipe_lemon_pantry_pasta/cover.jpg"))
131 |         #expect(cookbook.cover.presentation == .collage)
    |                                                 `- error: cannot infer contextual base in reference to member 'collage'
132 |         #expect(cookbook.href == "/cookbooks/cookbook_weeknights")
133 |         #expect(cookbook.canonicalURL == URL(string: "https://spoonjoy.app/cookbooks/cookbook_weeknights"))

/Users/arimendelow/Projects/spoonjoy-apple/Tests/SpoonjoyCoreTests/RecipeCookbookTests.swift:135:38: error: cannot infer key path type from context; consider explicitly specifying a root type
133 |         #expect(cookbook.canonicalURL == URL(string: "https://spoonjoy.app/cookbooks/cookbook_weeknights"))
134 |         #expect(cookbook.attribution.creditText == "Weeknights by ari on Spoonjoy")
135 |         #expect(cookbook.recipes.map(\.id) == ["recipe_lemon_pantry_pasta", "recipe_tomato_toast"])
    |                                      `- error: cannot infer key path type from context; consider explicitly specifying a root type
136 |     }
137 | 

/Users/arimendelow/Projects/spoonjoy-apple/Tests/SpoonjoyCoreTests/RecipeCookbookTests.swift:121:24: error: no calls to throwing functions occur within 'try' expression
119 |         #expect(catalog.cookbooks.count == 2)
120 | 
121 |         let cookbook = try #require(catalog.cookbook(id: "cookbook_weeknights"))
    |                        `- error: no calls to throwing functions occur within 'try' expression
122 |         #expect(cookbook.id == "cookbook_weeknights")
123 |         #expect(cookbook.title == "Weeknights")

/Users/arimendelow/Projects/spoonjoy-apple/Tests/SpoonjoyCoreTests/RecipeCookbookTests.swift:140:27: error: cannot find 'CookbookFixtureCatalog' in scope
138 |     @Test("cookbook search summary exposes cover-aware navigation fields")
139 |     func cookbookSearchSummaryExposesCoverAwareNavigationFields() throws {
140 |         let catalog = try CookbookFixtureCatalog.decodeFromBundle()
    |                           `- error: cannot find 'CookbookFixtureCatalog' in scope
141 |         let cookbook = try #require(catalog.cookbook(id: "cookbook_weeknights"))
142 |         let summary = CookbookSearchSummary(cookbook: cookbook)

/Users/arimendelow/Projects/spoonjoy-apple/Tests/SpoonjoyCoreTests/RecipeCookbookTests.swift:142:23: error: cannot find 'CookbookSearchSummary' in scope
140 |         let catalog = try CookbookFixtureCatalog.decodeFromBundle()
141 |         let cookbook = try #require(catalog.cookbook(id: "cookbook_weeknights"))
142 |         let summary = CookbookSearchSummary(cookbook: cookbook)
    |                       `- error: cannot find 'CookbookSearchSummary' in scope
143 | 
144 |         #expect(summary.id == "cookbook_weeknights")

/Users/arimendelow/Projects/spoonjoy-apple/Tests/SpoonjoyCoreTests/RecipeCookbookTests.swift:145:34: error: cannot infer contextual base in reference to member 'cookbook'
143 | 
144 |         #expect(summary.id == "cookbook_weeknights")
145 |         #expect(summary.kind == .cookbook)
    |                                  `- error: cannot infer contextual base in reference to member 'cookbook'
146 |         #expect(summary.title == "Weeknights")
147 |         #expect(summary.subtitle == "ari - 2 recipes")

/Users/arimendelow/Projects/spoonjoy-apple/Tests/SpoonjoyCoreTests/RecipeCookbookTests.swift:141:24: error: no calls to throwing functions occur within 'try' expression
139 |     func cookbookSearchSummaryExposesCoverAwareNavigationFields() throws {
140 |         let catalog = try CookbookFixtureCatalog.decodeFromBundle()
141 |         let cookbook = try #require(catalog.cookbook(id: "cookbook_weeknights"))
    |                        `- error: no calls to throwing functions occur within 'try' expression
142 |         let summary = CookbookSearchSummary(cookbook: cookbook)
143 | 

/Users/arimendelow/Projects/spoonjoy-apple/Tests/SpoonjoyCoreTests/RecipeCookbookTests.swift:156:21: error: cannot find 'CookbookCover' in scope
154 |     @Test("cookbook cover falls back cleanly when no images are available")
155 |     func cookbookCoverFallsBackWithoutImages() {
156 |         let cover = CookbookCover(imageURLs: [])
    |                     `- error: cannot find 'CookbookCover' in scope
157 | 
158 |         #expect(cover.primaryImageURL == nil)

/Users/arimendelow/Projects/spoonjoy-apple/Tests/SpoonjoyCoreTests/RecipeCookbookTests.swift:159:40: error: cannot infer contextual base in reference to member 'textOnly'
157 | 
158 |         #expect(cover.primaryImageURL == nil)
159 |         #expect(cover.presentation == .textOnly)
    |                                        `- error: cannot infer contextual base in reference to member 'textOnly'
160 |     }
161 | }
[11/15] Linking SpoonjoyScenarioVerifier
error: fatalError
