$ swift test --filter KitchenStateTests --disable-xctest --parallel -Xswiftc -warnings-as-errors
Building for debugging...
[0/7] Write sources
[2/7] Copying Fixtures
[3/7] Write swift-version--58304C5D6DBC2206.txt
[5/14] Compiling SpoonjoyCore SettingsState.swift
[6/14] Compiling SpoonjoyCore ShoppingListState.swift
[7/14] Compiling SpoonjoyCore CookModeProgress.swift
[8/14] Emitting module SpoonjoyCore
[9/14] Compiling SpoonjoyCore RecipeCookbook.swift
[10/14] Compiling SpoonjoyCore CaptureDraft.swift
[11/14] Compiling SpoonjoyCore KitchenFixtureState.swift
[12/15] Compiling SpoonjoyCore resource_bundle_accessor.swift
[13/22] Compiling SpoonjoyScenarioVerifier main.swift
[14/22] Emitting module SpoonjoyScenarioVerifier
[14/22] Write Objects.LinkFileList
[15/22] Linking SpoonjoyScenarioVerifier
[16/22] Applying SpoonjoyScenarioVerifier
[18/22] Compiling SpoonjoyCoreTests RecipeCookbookTests.swift
[19/22] Compiling SpoonjoyCoreTests SpoonjoyCoreBootstrapTests.swift
[20/22] Compiling SpoonjoyCoreTests KitchenStateTests.swift
[21/22] Emitting module SpoonjoyCoreTests
[21/23] Write Objects.LinkFileList
[22/23] Linking SpoonjoyApplePackageTests
Build complete! (3.48s)
◇ Test run started.
↳ Testing Library Version: 1902
↳ Target Platform: arm64e-apple-macos14.0
◇ Suite "Kitchen state domain" started.
◇ Test "shopping list add or restore merges matching display items" started.
◇ Test "settings state describes auth environment and offline readiness" started.
◇ Test "shopping list checkoff and removal keep receipt ordering stable" started.
◇ Test "cook mode progress persists current step and completion" started.
◇ Test "capture drafts reject empty local text" started.
◇ Test "kitchen fixture exposes the lead food object and restore metadata" started.
◇ Test "capture drafts stay local until explicitly promoted" started.
◇ Test "shopping list fixture decodes receipt rows and active ordering" started.
✔ Test "capture drafts reject empty local text" passed after 0.001 seconds.
✔ Test "capture drafts stay local until explicitly promoted" passed after 0.001 seconds.
✔ Test "settings state describes auth environment and offline readiness" passed after 0.001 seconds.
✔ Test "cook mode progress persists current step and completion" passed after 0.001 seconds.
✔ Test "kitchen fixture exposes the lead food object and restore metadata" passed after 0.004 seconds.
✔ Test "shopping list checkoff and removal keep receipt ordering stable" passed after 0.004 seconds.
✔ Test "shopping list fixture decodes receipt rows and active ordering" passed after 0.004 seconds.
✔ Test "shopping list add or restore merges matching display items" passed after 0.004 seconds.
✔ Suite "Kitchen state domain" passed after 0.005 seconds.
✔ Test run with 8 tests in 1 suite passed after 0.005 seconds.
