[0/1] Planning build
Building for debugging...
[0/6] Write sources
[1/6] Write swift-version--58304C5D6DBC2206.txt
[3/6] Emitting module SpoonjoyCoreTests
[4/6] Compiling SpoonjoyCoreTests NativeScenarioTests.swift
[4/6] Write Objects.LinkFileList
[5/6] Linking SpoonjoyApplePackageTests
Build complete! (2.09s)
◇ Test run started.
↳ Testing Library Version: 1902
↳ Target Platform: arm64e-apple-macos14.0
◇ Suite "Native scenario metadata" started.
◇ Test "native metadata command parses stage and output path" started.
◇ Test "app integration sources declare compile guards and expected symbols" started.
◇ Test "native metadata report exposes Apple-native capabilities" started.
◇ Test "native metadata report encoding is deterministic" started.
◇ Test "verify native scenarios script gates native metadata" started.
✘ Test "native metadata report exposes Apple-native capabilities" recorded an issue at NativeScenarioTests.swift:39:6: Caught error: Scenario stage native-metadata is not implemented in bootstrap.
✘ Test "native metadata report encoding is deterministic" recorded an issue at NativeScenarioTests.swift:63:6: Caught error: Scenario stage native-metadata is not implemented in bootstrap.
✔ Test "native metadata command parses stage and output path" passed after 0.001 seconds.
✘ Test "native metadata report exposes Apple-native capabilities" failed after 0.001 seconds with 1 issue.
✘ Test "native metadata report encoding is deterministic" failed after 0.001 seconds with 1 issue.
✘ Test "app integration sources declare compile guards and expected symbols" recorded an issue at NativeScenarioTests.swift:90:6: Caught error: Error Domain=NSCocoaErrorDomain Code=260 "The file “SpoonjoyAppIntents.swift” couldn’t be opened because there is no such file." UserInfo={NSFilePath=/Users/arimendelow/Projects/spoonjoy-apple/Apps/Spoonjoy/Shared/Native/SpoonjoyAppIntents.swift, NSURL=file:///Users/arimendelow/Projects/spoonjoy-apple/Apps/Spoonjoy/Shared/Native/SpoonjoyAppIntents.swift, NSUnderlyingError=0x102af2960 {Error Domain=NSPOSIXErrorDomain Code=2 "No such file or directory"}}
✘ Test "verify native scenarios script gates native metadata" recorded an issue at NativeScenarioTests.swift:122:6: Caught error: Error Domain=NSCocoaErrorDomain Code=260 "The file “verify-native-scenarios.sh” couldn’t be opened because there is no such file." UserInfo={NSFilePath=/Users/arimendelow/Projects/spoonjoy-apple/scripts/verify-native-scenarios.sh, NSURL=file:///Users/arimendelow/Projects/spoonjoy-apple/scripts/verify-native-scenarios.sh, NSUnderlyingError=0x102aeaa60 {Error Domain=NSPOSIXErrorDomain Code=2 "No such file or directory"}}
✘ Test "app integration sources declare compile guards and expected symbols" failed after 0.006 seconds with 1 issue.
✘ Test "verify native scenarios script gates native metadata" failed after 0.006 seconds with 1 issue.
✘ Suite "Native scenario metadata" failed after 0.006 seconds with 4 issues.
✘ Test run with 5 tests in 1 suite failed after 0.007 seconds with 4 issues.
