Building for debugging...
[0/6] Write sources
[1/6] Write swift-version--58304C5D6DBC2206.txt
[3/6] Compiling SpoonjoyCoreTests OfflineStoreTests.swift
[4/6] Emitting module SpoonjoyCoreTests
[4/6] Write Objects.LinkFileList
[5/6] Linking SpoonjoyApplePackageTests
Build complete! (1.98s)
◇ Test run started.
↳ Testing Library Version: 1902
↳ Target Platform: arm64e-apple-macos14.0
◇ Suite "Token vault and refresh coordination" started.
◇ Test "refresh coordinator shares one concurrent refresh and rotates tokens atomically" started.
◇ Test "missing sessions are invalid refresh state" started.
◇ Test "refresh coordinator returns valid sessions without network refresh" started.
◇ Test "auth sessions validate, classify state, and rotate token responses" started.
◇ Test "token vault persists client id and sessions independently" started.
◇ Test "refresh failures preserve prior session and disconnect clears auth state" started.
◇ Test "disconnect cancels in-flight refresh and prevents session resurrection" started.
✔ Test "missing sessions are invalid refresh state" passed after 0.001 seconds.
✔ Test "refresh failures preserve prior session and disconnect clears auth state" passed after 0.001 seconds.
✔ Test "refresh coordinator returns valid sessions without network refresh" passed after 0.001 seconds.
✔ Test "token vault persists client id and sessions independently" passed after 0.001 seconds.
✘ Test "auth sessions validate, classify state, and rotate token responses" recorded an issue at TokenRefreshTests.swift:50:9: Expectation failed: an error was expected but none was thrown and "AuthSession(clientID: "cm_client_id", accessToken: "sj_access", refreshToken: "ort_refresh", tokenType: "Basic", expiresAt: 2026-05-28 20:26:40 +0000, scope: "shopping_list:read shopping_list:write")" was returned
✘ Test "auth sessions validate, classify state, and rotate token responses" recorded an issue at TokenRefreshTests.swift:56:9: Expectation failed: an error was expected but none was thrown and "AuthSession(clientID: "cm_client_id", accessToken: "sj_access", refreshToken: "ort_refresh", tokenType: "Bearer", expiresAt: 2026-05-28 20:26:40 +0000, scope: "shopping_list:read")" was returned
✘ Test "auth sessions validate, classify state, and rotate token responses" recorded an issue at TokenRefreshTests.swift:65:9: Expectation failed: an error was expected but none was thrown and "AuthSession(clientID: "cm_client_id", accessToken: "sj_access_new", refreshToken: "ort_refresh_new", tokenType: "Basic", expiresAt: 2026-05-28 20:36:40 +0000, scope: "shopping_list:read shopping_list:write")" was returned
✘ Test "auth sessions validate, classify state, and rotate token responses" recorded an issue at TokenRefreshTests.swift:71:9: Expectation failed: an error was expected but none was thrown and "AuthSession(clientID: "cm_client_id", accessToken: "sj_access_new", refreshToken: "ort_refresh_new", tokenType: "Bearer", expiresAt: 2026-05-28 20:36:40 +0000, scope: "profile")" was returned
✘ Test "auth sessions validate, classify state, and rotate token responses" failed after 0.005 seconds with 4 issues.
✔ Test "refresh coordinator shares one concurrent refresh and rotates tokens atomically" passed after 0.035 seconds.
✘ Test "disconnect cancels in-flight refresh and prevents session resurrection" recorded an issue at TokenRefreshTests.swift:188:9: Expectation failed: (result → AuthSession(clientID: "cm_client_id", accessToken: "sj_access_new", refreshToken: "ort_refresh_new", tokenType: "Bearer", expiresAt: 2026-05-28 20:36:40 +0000, scope: "shopping_list:read shopping_list:write")) == nil
✘ Test "disconnect cancels in-flight refresh and prevents session resurrection" recorded an issue at TokenRefreshTests.swift:189:9: Expectation failed: try await vault.loadSession() == nil
✘ Test "disconnect cancels in-flight refresh and prevents session resurrection" recorded an issue at TokenRefreshTests.swift:190:9: Expectation failed: try await vault.loadClientID() == nil
✘ Test "disconnect cancels in-flight refresh and prevents session resurrection" failed after 0.037 seconds with 3 issues.
✘ Suite "Token vault and refresh coordination" failed after 0.037 seconds with 7 issues.
✘ Test run with 7 tests in 1 suite failed after 0.037 seconds with 7 issues.
