$ swift test --enable-code-coverage --disable-xctest --parallel -Xswiftc -warnings-as-errors
[0/1] Planning build
Building for debugging...
[0/6] Write swift-version--58304C5D6DBC2206.txt
[2/30] Compiling SpoonjoyCore AuthSessionState.swift
[3/30] Compiling SpoonjoyCore InMemoryTokenVault.swift
[4/30] Compiling SpoonjoyCore OAuthPKCE.swift
[5/32] Compiling SpoonjoyCore CaptureDraft.swift
[6/32] Compiling SpoonjoyCore CookModeProgress.swift
[7/32] Compiling SpoonjoyCore OAuthRedirectValidator.swift
[8/32] Compiling SpoonjoyCore OAuthRequests.swift
[9/32] Compiling SpoonjoyCore OAuthResponses.swift
[10/32] Compiling SpoonjoyCore RefreshCoordinator.swift
[11/32] Compiling SpoonjoyCore TokenVault.swift
[12/32] Compiling SpoonjoyCore KitchenFixtureState.swift
[13/32] Compiling SpoonjoyCore SettingsState.swift
[14/32] Compiling SpoonjoyCore SpoonjoyCore.swift
[15/32] Compiling SpoonjoyCore resource_bundle_accessor.swift
[16/32] Compiling SpoonjoyCore PublicCatalogRequests.swift
[17/32] Compiling SpoonjoyCore ShoppingListAPI.swift
[18/32] Compiling SpoonjoyCore ShoppingListRequests.swift
[19/32] Compiling SpoonjoyCore APIRequestBuilder.swift
[20/32] Compiling SpoonjoyCore APIRetryPolicy.swift
[21/32] Compiling SpoonjoyCore PaginationCursor.swift
[22/32] Compiling SpoonjoyCore ShoppingListState.swift
[23/32] Compiling SpoonjoyCore RecipeCookbook.swift
[24/32] Compiling SpoonjoyCore APIClient.swift
[25/32] Compiling SpoonjoyCore APIEnvelope.swift
[26/32] Compiling SpoonjoyCore APIError.swift
[27/32] Emitting module SpoonjoyCore
[28/42] Emitting module SpoonjoyScenarioVerifier
[29/42] Compiling SpoonjoyScenarioVerifier main.swift
[29/42] Write Objects.LinkFileList
[30/42] Linking SpoonjoyScenarioVerifier
[31/42] Applying SpoonjoyScenarioVerifier
[33/42] Compiling SpoonjoyCoreTests APIReadClientTests.swift
[34/42] Emitting module SpoonjoyCoreTests
[35/42] Compiling SpoonjoyCoreTests ShoppingAPIClientTests.swift
[36/42] Compiling SpoonjoyCoreTests SpoonjoyCoreBootstrapTests.swift
[37/42] Compiling SpoonjoyCoreTests TokenRefreshTests.swift
[38/42] Compiling SpoonjoyCoreTests KitchenStateTests.swift
[39/42] Compiling SpoonjoyCoreTests OAuthRequestTests.swift
[40/42] Compiling SpoonjoyCoreTests RecipeCookbookTests.swift
[41/44] Emitting module SpoonjoyApplePackageTests
[42/44] Compiling SpoonjoyApplePackageTests runner.swift
[42/44] Write Objects.LinkFileList
[43/44] Linking SpoonjoyApplePackageTests
Build complete! (6.58s)
◇ Test run started.
↳ Testing Library Version: 1902
↳ Target Platform: arm64e-apple-macos14.0
◇ Suite "OAuth PKCE request construction" started.
◇ Suite "Public API v1 read client" started.
◇ Suite "Token vault and refresh coordination" started.
◇ Suite "SpoonjoyCore bootstrap" started.
◇ Suite "Shopping API v1 client" started.
◇ Test "pagination cursor rejects blank raw values" started.
◇ Test "token exchange refresh and revoke requests are form encoded" started.
◇ Test "redirect validator accepts app links and localhost loopback only" started.
◇ Suite "Kitchen state domain" started.
◇ Test "OAuth state trims and validates exact callback state" started.
◇ Test "authorize request builds browser URL and omits REST resource" started.
◇ Suite "Recipe and cookbook domain" started.
◇ Test "PKCE verifier validation and S256 challenge match RFC vector" started.
◇ Test "public reads keep blank bearer tokens and blank queries out of requests" started.
◇ Test "error envelopes map API errors without losing status or request id" started.
◇ Test "refresh coordinator returns valid sessions without network refresh" started.
◇ Test "register request sends dynamic client registration JSON" started.
◇ Test "refresh coordinator shares one concurrent refresh and rotates tokens atomically" started.
◇ Test "OAuth register and token responses decode snake case payloads" started.
◇ Test "missing fixture reports file-not-found" started.
◇ Test "auth sessions validate, classify state, and rotate token responses" started.
◇ Test "recipe list request builds anonymous GET with query parameters" started.
◇ Test "recipe detail request encodes path ids and omits stale bearer token by default" started.
◇ Test "missing sessions are invalid refresh state" started.
◇ Test "shopping list read and sync requests require bearer auth" started.
◇ Test "retry policy classifies idempotency and HTTP error responses" started.
◇ Test "product name is stable" started.
◇ Test "add item request sends JSON mutation body" started.
◇ Test "scenario command reports unsupported future stages" started.
◇ Test "cookbook list and detail requests share public read policy" started.
◇ Test "bootstrap report allows only future native/app checks to remain pending" started.
◇ Test "token vault persists client id and sessions independently" started.
◇ Test "shopping sync cursor rejects blank values" started.
◇ Test "refresh failures preserve prior session and disconnect clears auth state" started.
◇ Test "delete item request supports header body and query idempotency" started.
◇ Test "check item request encodes item id and checked state" started.
◇ Test "scenario command errors have useful descriptions" started.
◇ Test "success envelopes decode recipe list data and pagination metadata" started.
◇ Test "scenario command rejects malformed arguments" started.
◇ Test "cookbook list data decodes summary rows without detail recipes" started.
◇ Test "scenario command parses bootstrap stage and output" started.
◇ Test "shopping list envelopes decode read sync and mutation payloads" started.
◇ Test "fixture resources are copied into test bundle" started.
◇ Test "settings state describes auth environment and offline readiness" started.
◇ Test "shopping list checkoff and removal keep receipt ordering stable" started.
◇ Test "shopping list add or restore merges matching display items" started.
◇ Test "capture drafts stay local until explicitly promoted" started.
◇ Test "cook mode progress persists current step and completion" started.
◇ Test "settings state handles signed-out local and kitchen-scope variants" started.
◇ Test "capture drafts reject empty local text" started.
◇ Test "kitchen fixture exposes the lead food object and restore metadata" started.
◇ Test "kitchen fixture associated values encode back to fixture shape" started.
◇ Test "shopping list restore matches normalized unit and moves restored rows to active tail" started.
◇ Test "shopping list operations cover local create, display, grouping, and error edges" started.
◇ Test "recipe fixture decodes API v1 recipe detail shape" started.
◇ Test "recipe attribution exposes only safe source links" started.
◇ Test "cookbook cover falls back cleanly when no images are available" started.
◇ Test "cookbook encoding preserves the API v1 field names" started.
◇ Test "recipe search summary falls back when serving text is absent" started.
◇ Test "cookbook validation rejects malformed public payloads" started.
◇ Test "cook mode progress handles empty, duplicate, invalid, and stale state" started.
◇ Test "cookbook fixture decodes cover, recipe summaries, and attribution" started.
◇ Test "recipe search summary preserves free-form serving text" started.
◇ Test "recipe search summary exposes public navigation fields" started.
◇ Test "recipe catalog returns nil for missing ids" started.
◇ Test "cookbook search summary exposes cover-aware navigation fields" started.
◇ Test "deleted source recipes do not expose safe navigation links" started.
◇ Test "recipe steps and ingredients preserve display-safe API data" started.
◇ Test "recipe validation rejects malformed public payloads" started.
◇ Test "cookbook search summary uses singular recipe text" started.
◇ Test "cookbook catalog returns nil for missing ids" started.
◇ Test "shopping list fixture decodes receipt rows and active ordering" started.
✔ Test "authorize request builds browser URL and omits REST resource" passed after 0.002 seconds.
◇ Test "manual step and ingredient initializers preserve values" started.
✔ Test "public reads keep blank bearer tokens and blank queries out of requests" passed after 0.002 seconds.
✔ Test "OAuth state trims and validates exact callback state" passed after 0.002 seconds.
✔ Test "PKCE verifier validation and S256 challenge match RFC vector" passed after 0.002 seconds.
✔ Test "missing sessions are invalid refresh state" passed after 0.002 seconds.
✔ Test "token exchange refresh and revoke requests are form encoded" passed after 0.002 seconds.
✔ Test "refresh coordinator returns valid sessions without network refresh" passed after 0.002 seconds.
✔ Test "shopping list read and sync requests require bearer auth" passed after 0.002 seconds.
✔ Test "auth sessions validate, classify state, and rotate token responses" passed after 0.002 seconds.
◇ Test "shopping list operations report useful errors" started.
✔ Test "product name is stable" passed after 0.002 seconds.
✔ Test "OAuth register and token responses decode snake case payloads" passed after 0.002 seconds.
✔ Test "recipe detail request encodes path ids and omits stale bearer token by default" passed after 0.002 seconds.
✔ Test "recipe list request builds anonymous GET with query parameters" passed after 0.002 seconds.
✔ Test "scenario command reports unsupported future stages" passed after 0.002 seconds.
✔ Test "retry policy classifies idempotency and HTTP error responses" passed after 0.002 seconds.
✔ Test "pagination cursor rejects blank raw values" passed after 0.002 seconds.
✔ Test "register request sends dynamic client registration JSON" passed after 0.002 seconds.
✔ Test "redirect validator accepts app links and localhost loopback only" passed after 0.002 seconds.
✔ Test "check item request encodes item id and checked state" passed after 0.002 seconds.
✔ Test "scenario command errors have useful descriptions" passed after 0.002 seconds.
✔ Test "error envelopes map API errors without losing status or request id" passed after 0.002 seconds.
✔ Test "shopping sync cursor rejects blank values" passed after 0.002 seconds.
✔ Test "token vault persists client id and sessions independently" passed after 0.002 seconds.
✔ Test "add item request sends JSON mutation body" passed after 0.002 seconds.
✔ Test "scenario command rejects malformed arguments" passed after 0.002 seconds.
✔ Test "scenario command parses bootstrap stage and output" passed after 0.003 seconds.
✔ Test "delete item request supports header body and query idempotency" passed after 0.006 seconds.
✔ Test "cookbook list and detail requests share public read policy" passed after 0.007 seconds.
✔ Test "bootstrap report allows only future native/app checks to remain pending" passed after 0.008 seconds.
✔ Test "cookbook list data decodes summary rows without detail recipes" passed after 0.007 seconds.
✔ Test "success envelopes decode recipe list data and pagination metadata" passed after 0.007 seconds.
✔ Test "settings state describes auth environment and offline readiness" passed after 0.006 seconds.
✔ Test "capture drafts stay local until explicitly promoted" passed after 0.006 seconds.
✔ Test "capture drafts reject empty local text" passed after 0.006 seconds.
✔ Test "cook mode progress persists current step and completion" passed after 0.006 seconds.
✔ Test "shopping list envelopes decode read sync and mutation payloads" passed after 0.007 seconds.
✔ Test "recipe attribution exposes only safe source links" passed after 0.006 seconds.
✔ Test "cookbook cover falls back cleanly when no images are available" passed after 0.006 seconds.
✔ Test "missing fixture reports file-not-found" passed after 0.008 seconds.
✔ Test "recipe search summary falls back when serving text is absent" passed after 0.006 seconds.
✔ Test "cookbook validation rejects malformed public payloads" passed after 0.006 seconds.
✔ Test "kitchen fixture exposes the lead food object and restore metadata" passed after 0.006 seconds.
✔ Test "cook mode progress handles empty, duplicate, invalid, and stale state" passed after 0.006 seconds.
✔ Test "shopping list add or restore merges matching display items" passed after 0.006 seconds.
✔ Test "recipe search summary preserves free-form serving text" passed after 0.006 seconds.
✔ Test "kitchen fixture associated values encode back to fixture shape" passed after 0.006 seconds.
✔ Test "shopping list checkoff and removal keep receipt ordering stable" passed after 0.007 seconds.
✔ Test "cookbook search summary exposes cover-aware navigation fields" passed after 0.006 seconds.
✔ Test "recipe catalog returns nil for missing ids" passed after 0.006 seconds.
✔ Test "shopping list restore matches normalized unit and moves restored rows to active tail" passed after 0.006 seconds.
✔ Test "deleted source recipes do not expose safe navigation links" passed after 0.006 seconds.
✔ Test "settings state handles signed-out local and kitchen-scope variants" passed after 0.006 seconds.
✔ Test "recipe steps and ingredients preserve display-safe API data" passed after 0.006 seconds.
✔ Test "cookbook catalog returns nil for missing ids" passed after 0.006 seconds.
✔ Test "cookbook search summary uses singular recipe text" passed after 0.006 seconds.
✔ Suite "OAuth PKCE request construction" passed after 0.008 seconds.
✔ Test "manual step and ingredient initializers preserve values" passed after 0.006 seconds.
✔ Test "recipe fixture decodes API v1 recipe detail shape" passed after 0.006 seconds.
✔ Test "refresh failures preserve prior session and disconnect clears auth state" passed after 0.008 seconds.
✔ Test "shopping list fixture decodes receipt rows and active ordering" passed after 0.006 seconds.
✔ Test "shopping list operations report useful errors" passed after 0.006 seconds.
✔ Test "cookbook fixture decodes cover, recipe summaries, and attribution" passed after 0.006 seconds.
✔ Test "cookbook encoding preserves the API v1 field names" passed after 0.006 seconds.
✔ Suite "Shopping API v1 client" passed after 0.008 seconds.
✔ Test "fixture resources are copied into test bundle" passed after 0.008 seconds.
✔ Test "shopping list operations cover local create, display, grouping, and error edges" passed after 0.006 seconds.
✔ Test "recipe search summary exposes public navigation fields" passed after 0.006 seconds.
✔ Suite "Public API v1 read client" passed after 0.009 seconds.
✔ Suite "SpoonjoyCore bootstrap" passed after 0.009 seconds.
✔ Suite "Kitchen state domain" passed after 0.008 seconds.
✔ Test "recipe validation rejects malformed public payloads" passed after 0.006 seconds.
✔ Suite "Recipe and cookbook domain" passed after 0.009 seconds.
✔ Test "refresh coordinator shares one concurrent refresh and rotates tokens atomically" passed after 0.038 seconds.
✔ Suite "Token vault and refresh coordination" passed after 0.038 seconds.
✔ Test run with 67 tests in 7 suites passed after 0.039 seconds.
