$ swift test --filter RecipeCookbookTests --disable-xctest --parallel -Xswiftc -warnings-as-errors
[0/1] Planning build
Building for debugging...
[0/8] Write sources
[1/8] Copying Fixtures
[2/8] Write swift-version--58304C5D6DBC2206.txt
[4/10] Emitting module SpoonjoyCore
[5/10] Compiling SpoonjoyCore RecipeCookbook.swift
[6/15] Compiling SpoonjoyScenarioVerifier main.swift
[7/15] Emitting module SpoonjoyScenarioVerifier
[7/15] Write Objects.LinkFileList
[8/15] Linking SpoonjoyScenarioVerifier
[9/15] Applying SpoonjoyScenarioVerifier
[11/15] Emitting module SpoonjoyCoreTests
[12/15] Compiling SpoonjoyCoreTests RecipeCookbookTests.swift
[13/15] Compiling SpoonjoyCoreTests SpoonjoyCoreBootstrapTests.swift
[14/17] Emitting module SpoonjoyApplePackageTests
[15/17] Compiling SpoonjoyApplePackageTests runner.swift
[15/17] Write Objects.LinkFileList
[16/17] Linking SpoonjoyApplePackageTests
Build complete! (3.00s)
◇ Test run started.
↳ Testing Library Version: 1902
↳ Target Platform: arm64e-apple-macos14.0
◇ Suite "Recipe and cookbook domain" started.
◇ Test "recipe steps and ingredients preserve display-safe API data" started.
◇ Test "cookbook fixture decodes cover, recipe links, and attribution" started.
◇ Test "cookbook search summary exposes cover-aware navigation fields" started.
◇ Test "cookbook cover falls back cleanly when no images are available" started.
◇ Test "recipe fixture decodes API v1 recipe detail shape" started.
◇ Test "recipe validation rejects malformed public payloads" started.
◇ Test "recipe search summary exposes public navigation fields" started.
✔ Test "cookbook cover falls back cleanly when no images are available" passed after 0.001 seconds.
✔ Test "recipe validation rejects malformed public payloads" passed after 0.001 seconds.
✔ Test "cookbook search summary exposes cover-aware navigation fields" passed after 0.005 seconds.
✔ Test "recipe search summary exposes public navigation fields" passed after 0.005 seconds.
✔ Test "recipe fixture decodes API v1 recipe detail shape" passed after 0.005 seconds.
✔ Test "cookbook fixture decodes cover, recipe links, and attribution" passed after 0.005 seconds.
✔ Test "recipe steps and ingredients preserve display-safe API data" passed after 0.005 seconds.
✔ Suite "Recipe and cookbook domain" passed after 0.005 seconds.
✔ Test run with 7 tests in 1 suite passed after 0.005 seconds.
