$ scripts/verify-native-scenarios.sh --stage native-metadata --output tasks/2026-06-15-2314-doing-native-app-skeleton/scenario-native-metadata-10c-one.json
[0/1] Planning build
Building for debugging...
[0/4] Write swift-version--58304C5D6DBC2206.txt
[2/36] Compiling SpoonjoyCore DeepLinkManifest.swift
[3/36] Compiling SpoonjoyCore NativeCapabilityMetadata.swift
[4/36] Compiling SpoonjoyCore ScenarioCommand.swift
[5/39] Compiling SpoonjoyCore TokenVault.swift
[6/39] Compiling SpoonjoyCore CaptureDraft.swift
[7/39] Compiling SpoonjoyCore CookModeProgress.swift
[8/39] Compiling SpoonjoyCore ScenarioReport.swift
[9/39] Compiling SpoonjoyCore ScenarioVerifier.swift
[10/39] Compiling SpoonjoyCore JSONFileStore.swift
[11/39] Compiling SpoonjoyCore ShoppingListRequests.swift
[12/39] Compiling SpoonjoyCore AuthSessionState.swift
[13/39] Compiling SpoonjoyCore InMemoryTokenVault.swift
[14/39] Compiling SpoonjoyCore OAuthPKCE.swift
[15/39] Compiling SpoonjoyCore APIRetryPolicy.swift
[16/39] Compiling SpoonjoyCore PaginationCursor.swift
[17/39] Compiling SpoonjoyCore PublicCatalogRequests.swift
[18/39] Compiling SpoonjoyCore ShoppingListAPI.swift
[19/39] Compiling SpoonjoyCore MutationQueue.swift
[20/39] Compiling SpoonjoyCore OfflineSnapshot.swift
[21/39] Compiling SpoonjoyCore SyncCheckpoint.swift
[22/39] Compiling SpoonjoyCore OAuthRedirectValidator.swift
[23/39] Compiling SpoonjoyCore OAuthRequests.swift
[24/39] Compiling SpoonjoyCore OAuthResponses.swift
[25/39] Compiling SpoonjoyCore RefreshCoordinator.swift
[26/39] Compiling SpoonjoyCore APIClient.swift
[27/39] Compiling SpoonjoyCore APIEnvelope.swift
[28/39] Compiling SpoonjoyCore APIError.swift
[29/39] Compiling SpoonjoyCore APIRequestBuilder.swift
[30/39] Compiling SpoonjoyCore KitchenFixtureState.swift
[31/39] Compiling SpoonjoyCore SettingsState.swift
[32/39] Compiling SpoonjoyCore ShoppingListState.swift
[33/39] Emitting module SpoonjoyCore
[34/39] Compiling SpoonjoyCore RecipeCookbook.swift
[35/39] Compiling SpoonjoyCore SpoonjoyCore.swift
[36/39] Compiling SpoonjoyCore resource_bundle_accessor.swift
[37/42] Compiling SpoonjoyScenarioVerifier ScenarioProcessMain.swift
[38/42] Compiling SpoonjoyScenarioVerifier main.swift
[39/42] Emitting module SpoonjoyScenarioVerifier
[39/42] Write Objects.LinkFileList
[40/42] Linking SpoonjoyScenarioVerifier
[41/42] Applying SpoonjoyScenarioVerifier
Build of product 'SpoonjoyScenarioVerifier' complete! (2.64s)
native scenario verification ok: native-metadata
$ scripts/verify-native-scenarios.sh --stage native-metadata --output tasks/2026-06-15-2314-doing-native-app-skeleton/scenario-native-metadata-10c-two.json
Building for debugging...
[0/3] Write swift-version--58304C5D6DBC2206.txt
Build of product 'SpoonjoyScenarioVerifier' complete! (0.13s)
native scenario verification ok: native-metadata
$ diff -u tasks/2026-06-15-2314-doing-native-app-skeleton/scenario-native-metadata-10c-one.json tasks/2026-06-15-2314-doing-native-app-skeleton/scenario-native-metadata-10c-two.json
