validation-matrix ok=true
steps:
- xcode version: pass
- ruby bundle check: pass
- swift tests: pass
- swift coverage test: pass
- swift coverage path: pass
- coverage enforcement: pass
- native scenario final: pass
- xcode project contract: pass
- xcode generator contract: pass
- native design contract: pass
- kitchen surfaces contract: pass
- cook shopping contract: pass
- search capture settings contract: pass
- launch screenshot contract: pass
- AASA validation or blocker: pass
- iOS app bundle: blocked
- macOS app bundle: pass
- macOS launch smoke: pass
- iOS simulator smoke: pass
- screenshots and design review: pass
- design review validation: pass
- warning scan: pass
blockers:
- XcodePlatform: Local Xcode cannot build the iOS simulator bundle, usually because the matching iOS simulator platform/runtime is not installed. (tasks/2026-06-15-2314-doing-native-app-skeleton/ios-app-bundle-blocker.json)
- AASAProductionValidation: AASA endpoint did not return valid JSON. (tasks/2026-06-15-2314-doing-native-app-skeleton/aasa-production-blocker.json)
- CoreSimulator: No available iPhone simulator destination was found. (tasks/2026-06-15-2314-doing-native-app-skeleton/smoke-ios-simulator-blocker.json)
