[0/1] Planning build
Building for debugging...
[0/6] Write sources
[1/6] Write swift-version--58304C5D6DBC2206.txt
[3/10] Emitting module SpoonjoyCoreTests
[4/10] Compiling SpoonjoyCoreTests RecipeCookbookTests.swift
[5/10] Compiling SpoonjoyCoreTests SpoonjoyCoreBootstrapTests.swift
[6/10] Compiling SpoonjoyCoreTests APIReadClientTests.swift
[7/10] Compiling SpoonjoyCoreTests KitchenStateTests.swift
[8/10] Compiling SpoonjoyCoreTests ShoppingAPIClientTests.swift
/Users/arimendelow/Projects/spoonjoy-apple/Tests/SpoonjoyCoreTests/ShoppingAPIClientTests.swift:13:24: error: cannot find 'ShoppingListRequests' in scope
 11 |             bearerToken: "sj_read_token"
 12 |         )
 13 |         let read = try ShoppingListRequests.readShoppingList()
    |                        `- error: cannot find 'ShoppingListRequests' in scope
 14 |             .urlRequest(configuration: configuration)
 15 |         let sync = try ShoppingListRequests.syncShoppingList(

/Users/arimendelow/Projects/spoonjoy-apple/Tests/SpoonjoyCoreTests/ShoppingAPIClientTests.swift:15:24: error: cannot find 'ShoppingListRequests' in scope
 13 |         let read = try ShoppingListRequests.readShoppingList()
 14 |             .urlRequest(configuration: configuration)
 15 |         let sync = try ShoppingListRequests.syncShoppingList(
    |                        `- error: cannot find 'ShoppingListRequests' in scope
 16 |             cursor: ShoppingSyncCursor(rawValue: "v1.cursor.next"),
 17 |             limit: 50

/Users/arimendelow/Projects/spoonjoy-apple/Tests/SpoonjoyCoreTests/ShoppingAPIClientTests.swift:16:21: error: cannot find 'ShoppingSyncCursor' in scope
 14 |             .urlRequest(configuration: configuration)
 15 |         let sync = try ShoppingListRequests.syncShoppingList(
 16 |             cursor: ShoppingSyncCursor(rawValue: "v1.cursor.next"),
    |                     `- error: cannot find 'ShoppingSyncCursor' in scope
 17 |             limit: 50
 18 |         )

/Users/arimendelow/Projects/spoonjoy-apple/Tests/SpoonjoyCoreTests/ShoppingAPIClientTests.swift:21:33: error: cannot infer contextual base in reference to member 'get'
 19 |         .urlRequest(configuration: configuration)
 20 | 
 21 |         #expect(read.method == .get)
    |                                 `- error: cannot infer contextual base in reference to member 'get'
 22 |         #expect(read.url.path == "/api/v1/shopping-list")
 23 |         #expect(read.queryItems.isEmpty)

/Users/arimendelow/Projects/spoonjoy-apple/Tests/SpoonjoyCoreTests/ShoppingAPIClientTests.swift:28:33: error: cannot infer contextual base in reference to member 'get'
 26 |         #expect(read.body == nil)
 27 | 
 28 |         #expect(sync.method == .get)
    |                                 `- error: cannot infer contextual base in reference to member 'get'
 29 |         #expect(sync.url.path == "/api/v1/shopping-list/sync")
 30 |         #expect(sync.queryItems == [

/Users/arimendelow/Projects/spoonjoy-apple/Tests/SpoonjoyCoreTests/ShoppingAPIClientTests.swift:40:27: error: cannot find 'ShoppingListRequests' in scope
 38 |     @Test("add item request sends JSON mutation body")
 39 |     func addItemRequestSendsJSONMutationBody() throws {
 40 |         let request = try ShoppingListRequests.addItem(
    |                           `- error: cannot find 'ShoppingListRequests' in scope
 41 |             name: "Eggs",
 42 |             quantity: 12,

/Users/arimendelow/Projects/spoonjoy-apple/Tests/SpoonjoyCoreTests/ShoppingAPIClientTests.swift:51:36: error: cannot infer contextual base in reference to member 'post'
 49 |         let body = try decodeBody(AddShoppingItemBody.self, from: request)
 50 | 
 51 |         #expect(request.method == .post)
    |                                    `- error: cannot infer contextual base in reference to member 'post'
 52 |         #expect(request.url.path == "/api/v1/shopping-list/items")
 53 |         #expect(request.headers["Authorization"] == "Bearer sj_write_token")

/Users/arimendelow/Projects/spoonjoy-apple/Tests/SpoonjoyCoreTests/ShoppingAPIClientTests.swift:69:27: error: cannot find 'ShoppingListRequests' in scope
 67 |     @Test("check item request encodes item id and checked state")
 68 |     func checkItemRequestEncodesItemIDAndCheckedState() throws {
 69 |         let request = try ShoppingListRequests.setItemChecked(
    |                           `- error: cannot find 'ShoppingListRequests' in scope
 70 |             id: "item/check 123",
 71 |             checked: true,

/Users/arimendelow/Projects/spoonjoy-apple/Tests/SpoonjoyCoreTests/ShoppingAPIClientTests.swift:77:36: error: cannot infer contextual base in reference to member 'patch'
 75 |         let body = try decodeBody(CheckShoppingItemBody.self, from: request)
 76 | 
 77 |         #expect(request.method == .patch)
    |                                    `- error: cannot infer contextual base in reference to member 'patch'
 78 |         #expect(request.url.path == "/api/v1/shopping-list/items/item%2Fcheck%20123")
 79 |         #expect(request.headers["Authorization"] == "Bearer sj_write_token")

/Users/arimendelow/Projects/spoonjoy-apple/Tests/SpoonjoyCoreTests/ShoppingAPIClientTests.swift:86:26: error: cannot find 'ShoppingListRequests' in scope
 84 |     @Test("delete item request supports header body and query idempotency")
 85 |     func deleteItemRequestSupportsHeaderBodyAndQueryIdempotency() throws {
 86 |         let header = try ShoppingListRequests.deleteItem(
    |                          `- error: cannot find 'ShoppingListRequests' in scope
 87 |             id: "item/delete 123",
 88 |             clientMutationID: "shopping-delete-item-123",

/Users/arimendelow/Projects/spoonjoy-apple/Tests/SpoonjoyCoreTests/ShoppingAPIClientTests.swift:89:27: error: cannot infer contextual base in reference to member 'header'
 87 |             id: "item/delete 123",
 88 |             clientMutationID: "shopping-delete-item-123",
 89 |             idempotency: .header
    |                           `- error: cannot infer contextual base in reference to member 'header'
 90 |         )
 91 |         .urlRequest(configuration: Self.writeConfiguration)

/Users/arimendelow/Projects/spoonjoy-apple/Tests/SpoonjoyCoreTests/ShoppingAPIClientTests.swift:92:24: error: cannot find 'ShoppingListRequests' in scope
 90 |         )
 91 |         .urlRequest(configuration: Self.writeConfiguration)
 92 |         let body = try ShoppingListRequests.deleteItem(
    |                        `- error: cannot find 'ShoppingListRequests' in scope
 93 |             id: "item-delete-body",
 94 |             clientMutationID: "shopping-delete-body",

/Users/arimendelow/Projects/spoonjoy-apple/Tests/SpoonjoyCoreTests/ShoppingAPIClientTests.swift:95:27: error: cannot infer contextual base in reference to member 'body'
 93 |             id: "item-delete-body",
 94 |             clientMutationID: "shopping-delete-body",
 95 |             idempotency: .body
    |                           `- error: cannot infer contextual base in reference to member 'body'
 96 |         )
 97 |         .urlRequest(configuration: Self.writeConfiguration)

/Users/arimendelow/Projects/spoonjoy-apple/Tests/SpoonjoyCoreTests/ShoppingAPIClientTests.swift:98:25: error: cannot find 'ShoppingListRequests' in scope
 96 |         )
 97 |         .urlRequest(configuration: Self.writeConfiguration)
 98 |         let query = try ShoppingListRequests.deleteItem(
    |                         `- error: cannot find 'ShoppingListRequests' in scope
 99 |             id: "item-delete-query",
100 |             clientMutationID: "shopping-delete-query",

/Users/arimendelow/Projects/spoonjoy-apple/Tests/SpoonjoyCoreTests/ShoppingAPIClientTests.swift:101:27: error: cannot infer contextual base in reference to member 'query'
 99 |             id: "item-delete-query",
100 |             clientMutationID: "shopping-delete-query",
101 |             idempotency: .query
    |                           `- error: cannot infer contextual base in reference to member 'query'
102 |         )
103 |         .urlRequest(configuration: Self.writeConfiguration)

/Users/arimendelow/Projects/spoonjoy-apple/Tests/SpoonjoyCoreTests/ShoppingAPIClientTests.swift:105:35: error: cannot infer contextual base in reference to member 'delete'
103 |         .urlRequest(configuration: Self.writeConfiguration)
104 | 
105 |         #expect(header.method == .delete)
    |                                   `- error: cannot infer contextual base in reference to member 'delete'
106 |         #expect(header.url.path == "/api/v1/shopping-list/items/item%2Fdelete%20123")
107 |         #expect(header.headers["X-Client-Mutation-Id"] == "shopping-delete-item-123")

/Users/arimendelow/Projects/spoonjoy-apple/Tests/SpoonjoyCoreTests/ShoppingAPIClientTests.swift:111:33: error: cannot infer contextual base in reference to member 'delete'
109 |         #expect(header.body == nil)
110 | 
111 |         #expect(body.method == .delete)
    |                                 `- error: cannot infer contextual base in reference to member 'delete'
112 |         #expect(body.headers["X-Client-Mutation-Id"] == nil)
113 |         #expect(body.headers["Content-Type"] == "application/json")

/Users/arimendelow/Projects/spoonjoy-apple/Tests/SpoonjoyCoreTests/ShoppingAPIClientTests.swift:116:34: error: cannot infer contextual base in reference to member 'delete'
114 |         #expect(try decodeBody(DeleteShoppingItemBody.self, from: body) == DeleteShoppingItemBody(clientMutationId: "shopping-delete-body"))
115 | 
116 |         #expect(query.method == .delete)
    |                                  `- error: cannot infer contextual base in reference to member 'delete'
117 |         #expect(query.headers["X-Client-Mutation-Id"] == nil)
118 |         #expect(query.body == nil)

/Users/arimendelow/Projects/spoonjoy-apple/Tests/SpoonjoyCoreTests/ShoppingAPIClientTests.swift:124:36: error: cannot find type 'ShoppingListReadData' in scope
122 |     @Test("shopping list envelopes decode read sync and mutation payloads")
123 |     func shoppingListEnvelopesDecodeReadSyncAndMutationPayloads() throws {
124 |         let read = try APIEnvelope<ShoppingListReadData>.decode(Self.shoppingListReadEnvelope)
    |                                    `- error: cannot find type 'ShoppingListReadData' in scope
125 |         let sync = try APIEnvelope<ShoppingListSyncData>.decode(Self.shoppingListSyncEnvelope)
126 |         let mutation = try APIEnvelope<ShoppingItemMutationData>.decode(Self.shoppingItemMutationEnvelope)

/Users/arimendelow/Projects/spoonjoy-apple/Tests/SpoonjoyCoreTests/ShoppingAPIClientTests.swift:125:36: error: cannot find type 'ShoppingListSyncData' in scope
123 |     func shoppingListEnvelopesDecodeReadSyncAndMutationPayloads() throws {
124 |         let read = try APIEnvelope<ShoppingListReadData>.decode(Self.shoppingListReadEnvelope)
125 |         let sync = try APIEnvelope<ShoppingListSyncData>.decode(Self.shoppingListSyncEnvelope)
    |                                    `- error: cannot find type 'ShoppingListSyncData' in scope
126 |         let mutation = try APIEnvelope<ShoppingItemMutationData>.decode(Self.shoppingItemMutationEnvelope)
127 | 

/Users/arimendelow/Projects/spoonjoy-apple/Tests/SpoonjoyCoreTests/ShoppingAPIClientTests.swift:126:40: error: cannot find type 'ShoppingItemMutationData' in scope
124 |         let read = try APIEnvelope<ShoppingListReadData>.decode(Self.shoppingListReadEnvelope)
125 |         let sync = try APIEnvelope<ShoppingListSyncData>.decode(Self.shoppingListSyncEnvelope)
126 |         let mutation = try APIEnvelope<ShoppingItemMutationData>.decode(Self.shoppingItemMutationEnvelope)
    |                                        `- error: cannot find type 'ShoppingItemMutationData' in scope
127 | 
128 |         #expect(read.data.shoppingList.id == "shopping_list_ari")

/Users/arimendelow/Projects/spoonjoy-apple/Tests/SpoonjoyCoreTests/ShoppingAPIClientTests.swift:130:41: error: cannot find 'ShoppingSyncCursor' in scope
128 |         #expect(read.data.shoppingList.id == "shopping_list_ari")
129 |         #expect(read.data.shoppingList.chef == ChefSummary(id: "chef_ari", username: "ari"))
130 |         #expect(read.data.nextCursor == ShoppingSyncCursor(rawValue: "2026-06-01T00:00:00.000Z"))
    |                                         `- error: cannot find 'ShoppingSyncCursor' in scope
131 |         #expect(read.data.shoppingList.items.first?.name == "eggs")
132 | 

/Users/arimendelow/Projects/spoonjoy-apple/Tests/SpoonjoyCoreTests/ShoppingAPIClientTests.swift:135:41: error: cannot find 'ShoppingSyncCursor' in scope
133 |         #expect(sync.data.items.count == 2)
134 |         #expect(sync.data.items.last?.deletedAt == "2026-06-01T00:05:00.000Z")
135 |         #expect(sync.data.nextCursor == ShoppingSyncCursor(rawValue: "v1.cursor.after-sync"))
    |                                         `- error: cannot find 'ShoppingSyncCursor' in scope
136 |         #expect(sync.data.hasMore)
137 | 

/Users/arimendelow/Projects/spoonjoy-apple/Tests/SpoonjoyCoreTests/ShoppingAPIClientTests.swift:152:28: error: value of type 'APIError' has no member 'retryAfterSeconds'
150 |         #expect(inProgress.code == "idempotency_in_progress")
151 |         #expect(inProgress.status == 409)
152 |         #expect(inProgress.retryAfterSeconds == 2)
    |                            `- error: value of type 'APIError' has no member 'retryAfterSeconds'
153 |         #expect(APIRetryPolicy.decision(for: inProgress) == .retrySameRequest(afterSeconds: 2))
154 | 

/Users/arimendelow/Projects/spoonjoy-apple/Tests/SpoonjoyCoreTests/ShoppingAPIClientTests.swift:153:17: error: cannot find 'APIRetryPolicy' in scope
151 |         #expect(inProgress.status == 409)
152 |         #expect(inProgress.retryAfterSeconds == 2)
153 |         #expect(APIRetryPolicy.decision(for: inProgress) == .retrySameRequest(afterSeconds: 2))
    |                 `- error: cannot find 'APIRetryPolicy' in scope
154 | 
155 |         #expect(conflict.code == "idempotency_conflict")

/Users/arimendelow/Projects/spoonjoy-apple/Tests/SpoonjoyCoreTests/ShoppingAPIClientTests.swift:157:17: error: cannot find 'APIRetryPolicy' in scope
155 |         #expect(conflict.code == "idempotency_conflict")
156 |         #expect(conflict.status == 409)
157 |         #expect(APIRetryPolicy.decision(for: conflict) == .doNotRetry)
    |                 `- error: cannot find 'APIRetryPolicy' in scope
158 |         #expect(APIRetryPolicy.decision(for: APIError(
159 |             requestID: "req_rate_limited",

/Users/arimendelow/Projects/spoonjoy-apple/Tests/SpoonjoyCoreTests/ShoppingAPIClientTests.swift:158:17: error: cannot find 'APIRetryPolicy' in scope
156 |         #expect(conflict.status == 409)
157 |         #expect(APIRetryPolicy.decision(for: conflict) == .doNotRetry)
158 |         #expect(APIRetryPolicy.decision(for: APIError(
    |                 `- error: cannot find 'APIRetryPolicy' in scope
159 |             requestID: "req_rate_limited",
160 |             code: "rate_limited",

/Users/arimendelow/Projects/spoonjoy-apple/Tests/SpoonjoyCoreTests/ShoppingAPIClientTests.swift:163:32: error: extra argument 'retryAfterSeconds' in call
161 |             message: "Slow down",
162 |             status: 429,
163 |             retryAfterSeconds: 5
    |                                `- error: extra argument 'retryAfterSeconds' in call
164 |         )) == .retrySameRequest(afterSeconds: 5))
165 |         #expect(APIRetryPolicy.decision(for: APIError(

/Users/arimendelow/Projects/spoonjoy-apple/Tests/SpoonjoyCoreTests/ShoppingAPIClientTests.swift:165:17: error: cannot find 'APIRetryPolicy' in scope
163 |             retryAfterSeconds: 5
164 |         )) == .retrySameRequest(afterSeconds: 5))
165 |         #expect(APIRetryPolicy.decision(for: APIError(
    |                 `- error: cannot find 'APIRetryPolicy' in scope
166 |             requestID: "req_server_error",
167 |             code: "internal_error",

/Users/arimendelow/Projects/spoonjoy-apple/Tests/SpoonjoyCoreTests/ShoppingAPIClientTests.swift:170:47: error: 'nil' requires a contextual type
168 |             message: "Try again",
169 |             status: 503
170 |         )) == .retrySameRequest(afterSeconds: nil))
    |                                               `- error: 'nil' requires a contextual type
171 |         #expect(APIRetryPolicy.decision(for: APIError(
172 |             requestID: "req_invalid_token",

/Users/arimendelow/Projects/spoonjoy-apple/Tests/SpoonjoyCoreTests/ShoppingAPIClientTests.swift:171:17: error: cannot find 'APIRetryPolicy' in scope
169 |             status: 503
170 |         )) == .retrySameRequest(afterSeconds: nil))
171 |         #expect(APIRetryPolicy.decision(for: APIError(
    |                 `- error: cannot find 'APIRetryPolicy' in scope
172 |             requestID: "req_invalid_token",
173 |             code: "invalid_token",

/Users/arimendelow/Projects/spoonjoy-apple/Tests/SpoonjoyCoreTests/ShoppingAPIClientTests.swift:177:17: error: cannot find 'APIRetryPolicy' in scope
175 |             status: 401
176 |         )) == .refreshAuthentication)
177 |         #expect(APIRetryPolicy.decision(for: APIError(
    |                 `- error: cannot find 'APIRetryPolicy' in scope
178 |             requestID: "req_validation",
179 |             code: "validation_error",

/Users/arimendelow/Projects/spoonjoy-apple/Tests/SpoonjoyCoreTests/ShoppingAPIClientTests.swift:347:34: error: cannot find type 'ShoppingItemMutationData' in scope
345 | 
346 | private func apiError(from data: Data) throws -> APIError {
347 |     let result = try APIEnvelope<ShoppingItemMutationData>.decodeResult(data)
    |                                  `- error: cannot find type 'ShoppingItemMutationData' in scope
348 | 
349 |     switch result {
error: fatalError
