Building for debugging...
[0/4] Write swift-version--58304C5D6DBC2206.txt
Build complete! (0.18s)
◇ Test run started.
↳ Testing Library Version: 1902
↳ Target Platform: arm64e-apple-macos14.0
◇ Suite "Native scenario metadata" started.
◇ Test "surfaces report proves kitchen recipe cook and shopping slices" started.
◇ Test "surfaces report fails when surface sources are missing" started.
✘ Test "surfaces report fails when surface sources are missing" recorded an issue at NativeScenarioTests.swift:120:13: Expectation failed: (checksByName["cook mode surface source"] → nil) == .fail
✘ Test "surfaces report fails when surface sources are missing" recorded an issue at NativeScenarioTests.swift:121:13: Expectation failed: (checksByName["shopping surface source"] → nil) == .fail
✘ Test "surfaces report fails when surface sources are missing" recorded an issue at NativeScenarioTests.swift:122:13: Expectation failed: (checksByName["receipt controls source"] → nil) == .fail
✘ Test "surfaces report fails when surface sources are missing" recorded an issue at NativeScenarioTests.swift:123:13: Expectation failed: (checksByName["kitchen safe controls source"] → nil) == .fail
✘ Test "surfaces report fails when surface sources are missing" failed after 0.008 seconds with 4 issues.
✘ Test "surfaces report proves kitchen recipe cook and shopping slices" recorded an issue at NativeScenarioTests.swift:97:9: Expectation failed: (checksByName["cook progress persistence"] → nil) == .pass
✘ Test "surfaces report proves kitchen recipe cook and shopping slices" recorded an issue at NativeScenarioTests.swift:98:9: Expectation failed: (checksByName["shopping checkoff"] → nil) == .pass
✘ Test "surfaces report proves kitchen recipe cook and shopping slices" recorded an issue at NativeScenarioTests.swift:101:9: Expectation failed: (checksByName["cook mode surface source"] → nil) == .pass
✘ Test "surfaces report proves kitchen recipe cook and shopping slices" recorded an issue at NativeScenarioTests.swift:102:9: Expectation failed: (checksByName["shopping surface source"] → nil) == .pass
✘ Test "surfaces report proves kitchen recipe cook and shopping slices" recorded an issue at NativeScenarioTests.swift:103:9: Expectation failed: (checksByName["receipt controls source"] → nil) == .pass
✘ Test "surfaces report proves kitchen recipe cook and shopping slices" recorded an issue at NativeScenarioTests.swift:104:9: Expectation failed: (checksByName["kitchen safe controls source"] → nil) == .pass
✘ Test "surfaces report proves kitchen recipe cook and shopping slices" recorded an issue at NativeScenarioTests.swift:106:9: Expectation failed: (checksByName["remaining surfaces"] → nil) == .pending
✘ Test "surfaces report proves kitchen recipe cook and shopping slices" failed after 0.008 seconds with 7 issues.
✘ Suite "Native scenario metadata" failed after 0.008 seconds with 11 issues.
✘ Test run with 2 tests in 1 suite failed after 0.009 seconds with 11 issues.
