[0/1] Planning build
Building for debugging...
[0/5] Write sources
[1/5] Write swift-version--58304C5D6DBC2206.txt
[3/7] Emitting module SpoonjoyCore
[4/7] Compiling SpoonjoyCore ScenarioVerifier.swift
[5/44] Compiling SpoonjoyCore MutationQueue.swift
[6/44] Compiling SpoonjoyCore OfflineSnapshot.swift
[7/44] Compiling SpoonjoyCore SyncCheckpoint.swift
[8/44] Compiling SpoonjoyCore OAuthPKCE.swift
[9/44] Compiling SpoonjoyCore OAuthRedirectValidator.swift
[10/44] Compiling SpoonjoyCore OAuthRequests.swift
[11/44] Compiling SpoonjoyCore OAuthResponses.swift
[12/44] Compiling SpoonjoyCore APIRetryPolicy.swift
[13/44] Compiling SpoonjoyCore PaginationCursor.swift
[14/44] Compiling SpoonjoyCore PublicCatalogRequests.swift
[15/44] Compiling SpoonjoyCore ShoppingListAPI.swift
[16/44] Compiling SpoonjoyCore ScenarioCommand.swift
[17/44] Compiling SpoonjoyCore ScenarioReport.swift
[18/44] Compiling SpoonjoyCore JSONFileStore.swift
[19/44] Compiling SpoonjoyCore ScreenViewModels.swift
[20/44] Compiling SpoonjoyCore SearchState.swift
[21/44] Compiling SpoonjoyCore AuthSessionState.swift
[22/44] Compiling SpoonjoyCore InMemoryTokenVault.swift
[23/44] Compiling SpoonjoyCore ShoppingListRequests.swift
[24/44] Compiling SpoonjoyCore AppNavigationState.swift
[25/44] Compiling SpoonjoyCore AppRoute.swift
[26/44] Compiling SpoonjoyCore DeepLinkRouter.swift
[27/44] Compiling SpoonjoyCore APIClient.swift
[28/44] Compiling SpoonjoyCore APIEnvelope.swift
[29/44] Compiling SpoonjoyCore APIError.swift
[30/44] Compiling SpoonjoyCore APIRequestBuilder.swift
[31/44] Compiling SpoonjoyCore SettingsState.swift
[32/44] Compiling SpoonjoyCore ShoppingListState.swift
[33/44] Compiling SpoonjoyCore DeepLinkManifest.swift
[34/44] Compiling SpoonjoyCore NativeCapabilityMetadata.swift
[35/44] Compiling SpoonjoyCore RefreshCoordinator.swift
[36/44] Compiling SpoonjoyCore CaptureDraft.swift
[37/44] Compiling SpoonjoyCore CookModeProgress.swift
[38/44] Compiling SpoonjoyCore KitchenFixtureState.swift
[39/44] Compiling SpoonjoyCore RecipeCookbook.swift
[40/44] Compiling SpoonjoyCore SpoonjoyCore.swift
[41/44] Compiling SpoonjoyCore resource_bundle_accessor.swift
[42/60] Emitting module SpoonjoyScenarioVerifier
[43/60] Compiling SpoonjoyScenarioVerifier ScenarioProcessMain.swift
[44/60] Compiling SpoonjoyScenarioVerifier main.swift
[44/60] Write Objects.LinkFileList
[46/60] Compiling SpoonjoyCoreTests SpoonjoyCoreBootstrapTests.swift
[46/61] Linking SpoonjoyScenarioVerifier
[47/61] Applying SpoonjoyScenarioVerifier
[49/61] Compiling SpoonjoyCoreTests TokenRefreshTests.swift
[50/61] Compiling SpoonjoyCoreTests OAuthRequestTests.swift
[51/61] Compiling SpoonjoyCoreTests OfflineStoreTests.swift
[52/61] Compiling SpoonjoyCoreTests KitchenStateTests.swift
[53/61] Compiling SpoonjoyCoreTests ShoppingAPIClientTests.swift
[54/61] Compiling SpoonjoyCoreTests DeepLinkRouterTests.swift
[55/61] Compiling SpoonjoyCoreTests NativeScenarioTests.swift
[56/61] Emitting module SpoonjoyCoreTests
[57/61] Compiling SpoonjoyCoreTests APIReadClientTests.swift
[58/61] Compiling SpoonjoyCoreTests AppStateTests.swift
[59/61] Compiling SpoonjoyCoreTests RecipeCookbookTests.swift
[59/61] Write Objects.LinkFileList
[60/61] Linking SpoonjoyApplePackageTests
Build complete! (3.95s)
◇ Test run started.
↳ Testing Library Version: 1902
↳ Target Platform: arm64e-apple-macos14.0
◇ Suite "Native scenario metadata" started.
◇ Test "final report proves search capture settings and deep link safety" started.
✔ Test "final report proves search capture settings and deep link safety" passed after 0.012 seconds.
✔ Suite "Native scenario metadata" passed after 0.012 seconds.
✔ Test run with 1 test in 1 suite passed after 0.012 seconds.
