[0/1] Planning build
Building for debugging...
[0/6] Write sources
[1/6] Write swift-version--58304C5D6DBC2206.txt
[3/7] Emitting module SpoonjoyCoreTests
[4/7] Compiling SpoonjoyCoreTests AppStateTests.swift
/Users/arimendelow/Projects/spoonjoy-apple/Tests/SpoonjoyCoreTests/AppStateTests.swift:9:26: error: cannot find 'AppNavigationState' in scope
  7 |     @Test("navigation state tracks route sidebar recipe and cook mode")
  8 |     func navigationStateTracksRouteSidebarRecipeAndCookMode() {
  9 |         var navigation = AppNavigationState()
    |                          `- error: cannot find 'AppNavigationState' in scope
 10 | 
 11 |         #expect(navigation.route == .kitchen)

/Users/arimendelow/Projects/spoonjoy-apple/Tests/SpoonjoyCoreTests/AppStateTests.swift:11:38: error: cannot infer contextual base in reference to member 'kitchen'
  9 |         var navigation = AppNavigationState()
 10 | 
 11 |         #expect(navigation.route == .kitchen)
    |                                      `- error: cannot infer contextual base in reference to member 'kitchen'
 12 |         #expect(navigation.sidebarSelection == .kitchen)
 13 |         #expect(navigation.selectedRecipeID == nil)

/Users/arimendelow/Projects/spoonjoy-apple/Tests/SpoonjoyCoreTests/AppStateTests.swift:12:49: error: cannot infer contextual base in reference to member 'kitchen'
 10 | 
 11 |         #expect(navigation.route == .kitchen)
 12 |         #expect(navigation.sidebarSelection == .kitchen)
    |                                                 `- error: cannot infer contextual base in reference to member 'kitchen'
 13 |         #expect(navigation.selectedRecipeID == nil)
 14 |         #expect(!navigation.isCookModeActive)

/Users/arimendelow/Projects/spoonjoy-apple/Tests/SpoonjoyCoreTests/AppStateTests.swift:16:34: error: cannot infer contextual base in reference to member 'recipes'
 14 |         #expect(!navigation.isCookModeActive)
 15 | 
 16 |         navigation.navigate(to: .recipes)
    |                                  `- error: cannot infer contextual base in reference to member 'recipes'
 17 |         #expect(navigation.route == .recipes)
 18 |         #expect(navigation.sidebarSelection == .recipes)

/Users/arimendelow/Projects/spoonjoy-apple/Tests/SpoonjoyCoreTests/AppStateTests.swift:17:38: error: cannot infer contextual base in reference to member 'recipes'
 15 | 
 16 |         navigation.navigate(to: .recipes)
 17 |         #expect(navigation.route == .recipes)
    |                                      `- error: cannot infer contextual base in reference to member 'recipes'
 18 |         #expect(navigation.sidebarSelection == .recipes)
 19 | 

/Users/arimendelow/Projects/spoonjoy-apple/Tests/SpoonjoyCoreTests/AppStateTests.swift:18:49: error: cannot infer contextual base in reference to member 'recipes'
 16 |         navigation.navigate(to: .recipes)
 17 |         #expect(navigation.route == .recipes)
 18 |         #expect(navigation.sidebarSelection == .recipes)
    |                                                 `- error: cannot infer contextual base in reference to member 'recipes'
 19 | 
 20 |         navigation.navigate(to: .recipeDetail(id: "recipe_lemon_pantry_pasta", presentation: .detail))

/Users/arimendelow/Projects/spoonjoy-apple/Tests/SpoonjoyCoreTests/AppStateTests.swift:20:34: error: cannot infer contextual base in reference to member 'recipeDetail'
 18 |         #expect(navigation.sidebarSelection == .recipes)
 19 | 
 20 |         navigation.navigate(to: .recipeDetail(id: "recipe_lemon_pantry_pasta", presentation: .detail))
    |                                  `- error: cannot infer contextual base in reference to member 'recipeDetail'
 21 |         #expect(navigation.selectedRecipeID == "recipe_lemon_pantry_pasta")
 22 |         #expect(navigation.sidebarSelection == .recipes)

/Users/arimendelow/Projects/spoonjoy-apple/Tests/SpoonjoyCoreTests/AppStateTests.swift:20:95: error: cannot infer contextual base in reference to member 'detail'
 18 |         #expect(navigation.sidebarSelection == .recipes)
 19 | 
 20 |         navigation.navigate(to: .recipeDetail(id: "recipe_lemon_pantry_pasta", presentation: .detail))
    |                                                                                               `- error: cannot infer contextual base in reference to member 'detail'
 21 |         #expect(navigation.selectedRecipeID == "recipe_lemon_pantry_pasta")
 22 |         #expect(navigation.sidebarSelection == .recipes)

/Users/arimendelow/Projects/spoonjoy-apple/Tests/SpoonjoyCoreTests/AppStateTests.swift:22:49: error: cannot infer contextual base in reference to member 'recipes'
 20 |         navigation.navigate(to: .recipeDetail(id: "recipe_lemon_pantry_pasta", presentation: .detail))
 21 |         #expect(navigation.selectedRecipeID == "recipe_lemon_pantry_pasta")
 22 |         #expect(navigation.sidebarSelection == .recipes)
    |                                                 `- error: cannot infer contextual base in reference to member 'recipes'
 23 |         #expect(!navigation.isCookModeActive)
 24 | 

/Users/arimendelow/Projects/spoonjoy-apple/Tests/SpoonjoyCoreTests/AppStateTests.swift:25:34: error: cannot infer contextual base in reference to member 'recipeDetail'
 23 |         #expect(!navigation.isCookModeActive)
 24 | 
 25 |         navigation.navigate(to: .recipeDetail(id: "recipe_lemon_pantry_pasta", presentation: .cook))
    |                                  `- error: cannot infer contextual base in reference to member 'recipeDetail'
 26 |         #expect(navigation.selectedRecipeID == "recipe_lemon_pantry_pasta")
 27 |         #expect(navigation.isCookModeActive)

/Users/arimendelow/Projects/spoonjoy-apple/Tests/SpoonjoyCoreTests/AppStateTests.swift:25:95: error: cannot infer contextual base in reference to member 'cook'
 23 |         #expect(!navigation.isCookModeActive)
 24 | 
 25 |         navigation.navigate(to: .recipeDetail(id: "recipe_lemon_pantry_pasta", presentation: .cook))
    |                                                                                               `- error: cannot infer contextual base in reference to member 'cook'
 26 |         #expect(navigation.selectedRecipeID == "recipe_lemon_pantry_pasta")
 27 |         #expect(navigation.isCookModeActive)

/Users/arimendelow/Projects/spoonjoy-apple/Tests/SpoonjoyCoreTests/AppStateTests.swift:29:34: error: cannot infer contextual base in reference to member 'shoppingList'
 27 |         #expect(navigation.isCookModeActive)
 28 | 
 29 |         navigation.navigate(to: .shoppingList)
    |                                  `- error: cannot infer contextual base in reference to member 'shoppingList'
 30 |         #expect(navigation.sidebarSelection == .shoppingList)
 31 |         #expect(navigation.selectedRecipeID == nil)

/Users/arimendelow/Projects/spoonjoy-apple/Tests/SpoonjoyCoreTests/AppStateTests.swift:30:49: error: cannot infer contextual base in reference to member 'shoppingList'
 28 | 
 29 |         navigation.navigate(to: .shoppingList)
 30 |         #expect(navigation.sidebarSelection == .shoppingList)
    |                                                 `- error: cannot infer contextual base in reference to member 'shoppingList'
 31 |         #expect(navigation.selectedRecipeID == nil)
 32 |     }

/Users/arimendelow/Projects/spoonjoy-apple/Tests/SpoonjoyCoreTests/AppStateTests.swift:36:26: error: cannot find 'AppNavigationState' in scope
 34 |     @Test("navigation applies deep links through the shared router")
 35 |     func navigationAppliesDeepLinksThroughSharedRouter() throws {
 36 |         var navigation = AppNavigationState()
    |                          `- error: cannot find 'AppNavigationState' in scope
 37 | 
 38 |         navigation.applyDeepLink(try url("https://spoonjoy.app/recipes/recipe_lemon_pantry_pasta#cook"))

/Users/arimendelow/Projects/spoonjoy-apple/Tests/SpoonjoyCoreTests/AppStateTests.swift:39:38: error: cannot infer contextual base in reference to member 'recipeDetail'
 37 | 
 38 |         navigation.applyDeepLink(try url("https://spoonjoy.app/recipes/recipe_lemon_pantry_pasta#cook"))
 39 |         #expect(navigation.route == .recipeDetail(id: "recipe_lemon_pantry_pasta", presentation: .cook))
    |                                      `- error: cannot infer contextual base in reference to member 'recipeDetail'
 40 |         #expect(navigation.isCookModeActive)
 41 | 

/Users/arimendelow/Projects/spoonjoy-apple/Tests/SpoonjoyCoreTests/AppStateTests.swift:39:99: error: cannot infer contextual base in reference to member 'cook'
 37 | 
 38 |         navigation.applyDeepLink(try url("https://spoonjoy.app/recipes/recipe_lemon_pantry_pasta#cook"))
 39 |         #expect(navigation.route == .recipeDetail(id: "recipe_lemon_pantry_pasta", presentation: .cook))
    |                                                                                                   `- error: cannot infer contextual base in reference to member 'cook'
 40 |         #expect(navigation.isCookModeActive)
 41 | 

/Users/arimendelow/Projects/spoonjoy-apple/Tests/SpoonjoyCoreTests/AppStateTests.swift:43:38: error: cannot infer contextual base in reference to member 'unknownLink'
 41 | 
 42 |         navigation.applyDeepLink(try url("https://spoonjoy.app/unknown"))
 43 |         #expect(navigation.route == .unknownLink)
    |                                      `- error: cannot infer contextual base in reference to member 'unknownLink'
 44 |         #expect(navigation.sidebarSelection == .recipes)
 45 |     }

/Users/arimendelow/Projects/spoonjoy-apple/Tests/SpoonjoyCoreTests/AppStateTests.swift:44:49: error: cannot infer contextual base in reference to member 'recipes'
 42 |         navigation.applyDeepLink(try url("https://spoonjoy.app/unknown"))
 43 |         #expect(navigation.route == .unknownLink)
 44 |         #expect(navigation.sidebarSelection == .recipes)
    |                                                 `- error: cannot infer contextual base in reference to member 'recipes'
 45 |     }
 46 | 

/Users/arimendelow/Projects/spoonjoy-apple/Tests/SpoonjoyCoreTests/AppStateTests.swift:49:22: error: cannot find 'SearchState' in scope
 47 |     @Test("search state trims queries and exposes a route")
 48 |     func searchStateTrimsQueriesAndExposesRoute() {
 49 |         var search = SearchState()
    |                      `- error: cannot find 'SearchState' in scope
 50 | 
 51 |         #expect(search.query == "")

/Users/arimendelow/Projects/spoonjoy-apple/Tests/SpoonjoyCoreTests/AppStateTests.swift:52:34: error: cannot infer contextual base in reference to member 'all'
 50 | 
 51 |         #expect(search.query == "")
 52 |         #expect(search.scope == .all)
    |                                  `- error: cannot infer contextual base in reference to member 'all'
 53 |         #expect(!search.hasQuery)
 54 | 

/Users/arimendelow/Projects/spoonjoy-apple/Tests/SpoonjoyCoreTests/AppStateTests.swift:55:57: error: cannot infer contextual base in reference to member 'recipes'
 53 |         #expect(!search.hasQuery)
 54 | 
 55 |         search.update(query: "  lemon pasta  ", scope: .recipes)
    |                                                         `- error: cannot infer contextual base in reference to member 'recipes'
 56 |         #expect(search.query == "lemon pasta")
 57 |         #expect(search.scope == .recipes)

/Users/arimendelow/Projects/spoonjoy-apple/Tests/SpoonjoyCoreTests/AppStateTests.swift:57:34: error: cannot infer contextual base in reference to member 'recipes'
 55 |         search.update(query: "  lemon pasta  ", scope: .recipes)
 56 |         #expect(search.query == "lemon pasta")
 57 |         #expect(search.scope == .recipes)
    |                                  `- error: cannot infer contextual base in reference to member 'recipes'
 58 |         #expect(search.hasQuery)
 59 |         #expect(search.route == .search(query: "lemon pasta", scope: .recipes))

/Users/arimendelow/Projects/spoonjoy-apple/Tests/SpoonjoyCoreTests/AppStateTests.swift:59:34: error: cannot infer contextual base in reference to member 'search'
 57 |         #expect(search.scope == .recipes)
 58 |         #expect(search.hasQuery)
 59 |         #expect(search.route == .search(query: "lemon pasta", scope: .recipes))
    |                                  `- error: cannot infer contextual base in reference to member 'search'
 60 | 
 61 |         search.update(query: "   ", scope: .chefs)

/Users/arimendelow/Projects/spoonjoy-apple/Tests/SpoonjoyCoreTests/AppStateTests.swift:59:71: error: cannot infer contextual base in reference to member 'recipes'
 57 |         #expect(search.scope == .recipes)
 58 |         #expect(search.hasQuery)
 59 |         #expect(search.route == .search(query: "lemon pasta", scope: .recipes))
    |                                                                       `- error: cannot infer contextual base in reference to member 'recipes'
 60 | 
 61 |         search.update(query: "   ", scope: .chefs)

/Users/arimendelow/Projects/spoonjoy-apple/Tests/SpoonjoyCoreTests/AppStateTests.swift:61:45: error: cannot infer contextual base in reference to member 'chefs'
 59 |         #expect(search.route == .search(query: "lemon pasta", scope: .recipes))
 60 | 
 61 |         search.update(query: "   ", scope: .chefs)
    |                                             `- error: cannot infer contextual base in reference to member 'chefs'
 62 |         #expect(search.query == "")
 63 |         #expect(search.scope == .chefs)

/Users/arimendelow/Projects/spoonjoy-apple/Tests/SpoonjoyCoreTests/AppStateTests.swift:63:34: error: cannot infer contextual base in reference to member 'chefs'
 61 |         search.update(query: "   ", scope: .chefs)
 62 |         #expect(search.query == "")
 63 |         #expect(search.scope == .chefs)
    |                                  `- error: cannot infer contextual base in reference to member 'chefs'
 64 |         #expect(!search.hasQuery)
 65 |         #expect(search.route == .search(query: "", scope: .chefs))

/Users/arimendelow/Projects/spoonjoy-apple/Tests/SpoonjoyCoreTests/AppStateTests.swift:65:34: error: cannot infer contextual base in reference to member 'search'
 63 |         #expect(search.scope == .chefs)
 64 |         #expect(!search.hasQuery)
 65 |         #expect(search.route == .search(query: "", scope: .chefs))
    |                                  `- error: cannot infer contextual base in reference to member 'search'
 66 |     }
 67 | 

/Users/arimendelow/Projects/spoonjoy-apple/Tests/SpoonjoyCoreTests/AppStateTests.swift:65:60: error: cannot infer contextual base in reference to member 'chefs'
 63 |         #expect(search.scope == .chefs)
 64 |         #expect(!search.hasQuery)
 65 |         #expect(search.route == .search(query: "", scope: .chefs))
    |                                                            `- error: cannot infer contextual base in reference to member 'chefs'
 66 |     }
 67 | 

/Users/arimendelow/Projects/spoonjoy-apple/Tests/SpoonjoyCoreTests/AppStateTests.swift:71:31: error: cannot find 'RecipeDetailViewModel' in scope
 69 |     func screenViewModelsDelegateToExistingDomainState() throws {
 70 |         let recipe = try #require(RecipeFixtureCatalog.decodeFromBundle().recipe(id: "recipe_lemon_pantry_pasta"))
 71 |         let recipeViewModel = RecipeDetailViewModel(recipe: recipe)
    |                               `- error: cannot find 'RecipeDetailViewModel' in scope
 72 |         let progress = CookModeProgress(
 73 |             recipeID: recipe.id,

/Users/arimendelow/Projects/spoonjoy-apple/Tests/SpoonjoyCoreTests/AppStateTests.swift:77:29: error: cannot find 'CookModeViewModel' in scope
 75 |             startedAt: "2026-06-16T09:45:00.000Z"
 76 |         )
 77 |         let cookViewModel = CookModeViewModel(recipe: recipe, progress: progress)
    |                             `- error: cannot find 'CookModeViewModel' in scope
 78 |         let shoppingList = try ShoppingListState.decodeFromBundle()
 79 |         let shoppingViewModel = ShoppingListViewModel(shoppingList: shoppingList)

/Users/arimendelow/Projects/spoonjoy-apple/Tests/SpoonjoyCoreTests/AppStateTests.swift:79:33: error: cannot find 'ShoppingListViewModel' in scope
 77 |         let cookViewModel = CookModeViewModel(recipe: recipe, progress: progress)
 78 |         let shoppingList = try ShoppingListState.decodeFromBundle()
 79 |         let shoppingViewModel = ShoppingListViewModel(shoppingList: shoppingList)
    |                                 `- error: cannot find 'ShoppingListViewModel' in scope
 80 |         let draft = try CaptureDraft.localText(
 81 |             id: "draft-local",

/Users/arimendelow/Projects/spoonjoy-apple/Tests/SpoonjoyCoreTests/AppStateTests.swift:85:32: error: cannot find 'CaptureDraftViewModel' in scope
 83 |             createdAt: "2026-06-16T09:46:00.000Z"
 84 |         )
 85 |         let captureViewModel = CaptureDraftViewModel(draft: draft)
    |                                `- error: cannot find 'CaptureDraftViewModel' in scope
 86 |         let settings = SettingsState(
 87 |             auth: .signedIn(username: "ari", scopes: ["shopping_list:read", "shopping_list:write"], tokenExpiresAt: nil),

/Users/arimendelow/Projects/spoonjoy-apple/Tests/SpoonjoyCoreTests/AppStateTests.swift:92:33: error: cannot find 'SettingsViewModel' in scope
 90 |             preferredCookModeTextSize: .large
 91 |         )
 92 |         let settingsViewModel = SettingsViewModel(settings: settings)
    |                                 `- error: cannot find 'SettingsViewModel' in scope
 93 | 
 94 |         #expect(recipeViewModel.id == recipe.id)

/Users/arimendelow/Projects/spoonjoy-apple/Tests/SpoonjoyCoreTests/AppStateTests.swift:96:55: error: cannot infer contextual base in reference to member 'recipeDetail'
 94 |         #expect(recipeViewModel.id == recipe.id)
 95 |         #expect(recipeViewModel.title == recipe.title)
 96 |         #expect(recipeViewModel.startCookingRoute == .recipeDetail(id: recipe.id, presentation: .cook))
    |                                                       `- error: cannot infer contextual base in reference to member 'recipeDetail'
 97 |         #expect(recipeViewModel.methodSections.map(\.stepNumber) == Array(1...recipe.steps.count))
 98 |         #expect(cookViewModel.currentStepID == recipe.steps.first?.id)

/Users/arimendelow/Projects/spoonjoy-apple/Tests/SpoonjoyCoreTests/AppStateTests.swift:96:98: error: cannot infer contextual base in reference to member 'cook'
 94 |         #expect(recipeViewModel.id == recipe.id)
 95 |         #expect(recipeViewModel.title == recipe.title)
 96 |         #expect(recipeViewModel.startCookingRoute == .recipeDetail(id: recipe.id, presentation: .cook))
    |                                                                                                  `- error: cannot infer contextual base in reference to member 'cook'
 97 |         #expect(recipeViewModel.methodSections.map(\.stepNumber) == Array(1...recipe.steps.count))
 98 |         #expect(cookViewModel.currentStepID == recipe.steps.first?.id)

/Users/arimendelow/Projects/spoonjoy-apple/Tests/SpoonjoyCoreTests/AppStateTests.swift:97:52: error: cannot infer key path type from context; consider explicitly specifying a root type
 95 |         #expect(recipeViewModel.title == recipe.title)
 96 |         #expect(recipeViewModel.startCookingRoute == .recipeDetail(id: recipe.id, presentation: .cook))
 97 |         #expect(recipeViewModel.methodSections.map(\.stepNumber) == Array(1...recipe.steps.count))
    |                                                    `- error: cannot infer key path type from context; consider explicitly specifying a root type
 98 |         #expect(cookViewModel.currentStepID == recipe.steps.first?.id)
 99 |         #expect(cookViewModel.completionFraction == 0)

/Users/arimendelow/Projects/spoonjoy-apple/Tests/SpoonjoyCoreTests/AppStateTests.swift:100:48: error: cannot infer key path type from context; consider explicitly specifying a root type
 98 |         #expect(cookViewModel.currentStepID == recipe.steps.first?.id)
 99 |         #expect(cookViewModel.completionFraction == 0)
100 |         #expect(shoppingViewModel.sections.map(\.title) == shoppingList.receiptSections.map(\.title))
    |                                                `- error: cannot infer key path type from context; consider explicitly specifying a root type
101 |         #expect(shoppingViewModel.checkControlItemIDs == shoppingList.activeItems.map(\.id))
102 |         #expect(captureViewModel.previewLines == draft.previewLines)

/Users/arimendelow/Projects/spoonjoy-apple/Tests/SpoonjoyCoreTests/AppStateTests.swift:103:45: error: cannot infer contextual base in reference to member 'localOnly'
101 |         #expect(shoppingViewModel.checkControlItemIDs == shoppingList.activeItems.map(\.id))
102 |         #expect(captureViewModel.previewLines == draft.previewLines)
103 |         #expect(captureViewModel.status == .localOnly)
    |                                             `- error: cannot infer contextual base in reference to member 'localOnly'
104 |         #expect(!captureViewModel.canCreateServerRecipe)
105 |         #expect(settingsViewModel.rows == settings.statusRows)
[5/7] Compiling SpoonjoyCoreTests DeepLinkRouterTests.swift
/Users/arimendelow/Projects/spoonjoy-apple/Tests/SpoonjoyCoreTests/DeepLinkRouterTests.swift:9:30: error: cannot find type 'AppRoute' in scope
 7 |     @Test("routes every accepted web and scheme URL")
 8 |     func routesEveryAcceptedWebAndSchemeURL() throws {
 9 |         let cases: [(String, AppRoute)] = [
   |                              `- error: cannot find type 'AppRoute' in scope
10 |             ("https://spoonjoy.app/", .kitchen),
11 |             ("https://spoonjoy.app/recipes", .recipes),

/Users/arimendelow/Projects/spoonjoy-apple/Tests/SpoonjoyCoreTests/DeepLinkRouterTests.swift:10:40: error: cannot infer contextual base in reference to member 'kitchen'
 8 |     func routesEveryAcceptedWebAndSchemeURL() throws {
 9 |         let cases: [(String, AppRoute)] = [
10 |             ("https://spoonjoy.app/", .kitchen),
   |                                        `- error: cannot infer contextual base in reference to member 'kitchen'
11 |             ("https://spoonjoy.app/recipes", .recipes),
12 |             ("https://spoonjoy.app/recipes/recipe_lemon_pantry_pasta", .recipeDetail(id: "recipe_lemon_pantry_pasta", presentation: .detail)),

/Users/arimendelow/Projects/spoonjoy-apple/Tests/SpoonjoyCoreTests/DeepLinkRouterTests.swift:11:47: error: cannot infer contextual base in reference to member 'recipes'
 9 |         let cases: [(String, AppRoute)] = [
10 |             ("https://spoonjoy.app/", .kitchen),
11 |             ("https://spoonjoy.app/recipes", .recipes),
   |                                               `- error: cannot infer contextual base in reference to member 'recipes'
12 |             ("https://spoonjoy.app/recipes/recipe_lemon_pantry_pasta", .recipeDetail(id: "recipe_lemon_pantry_pasta", presentation: .detail)),
13 |             ("https://spoonjoy.app/recipes/recipe_lemon_pantry_pasta#cook", .recipeDetail(id: "recipe_lemon_pantry_pasta", presentation: .cook)),

/Users/arimendelow/Projects/spoonjoy-apple/Tests/SpoonjoyCoreTests/DeepLinkRouterTests.swift:12:73: error: cannot infer contextual base in reference to member 'recipeDetail'
10 |             ("https://spoonjoy.app/", .kitchen),
11 |             ("https://spoonjoy.app/recipes", .recipes),
12 |             ("https://spoonjoy.app/recipes/recipe_lemon_pantry_pasta", .recipeDetail(id: "recipe_lemon_pantry_pasta", presentation: .detail)),
   |                                                                         `- error: cannot infer contextual base in reference to member 'recipeDetail'
13 |             ("https://spoonjoy.app/recipes/recipe_lemon_pantry_pasta#cook", .recipeDetail(id: "recipe_lemon_pantry_pasta", presentation: .cook)),
14 |             ("https://spoonjoy.app/recipes/recipe_lemon_pantry_pasta?mode=cook", .recipeDetail(id: "recipe_lemon_pantry_pasta", presentation: .cook)),

/Users/arimendelow/Projects/spoonjoy-apple/Tests/SpoonjoyCoreTests/DeepLinkRouterTests.swift:12:134: error: cannot infer contextual base in reference to member 'detail'
10 |             ("https://spoonjoy.app/", .kitchen),
11 |             ("https://spoonjoy.app/recipes", .recipes),
12 |             ("https://spoonjoy.app/recipes/recipe_lemon_pantry_pasta", .recipeDetail(id: "recipe_lemon_pantry_pasta", presentation: .detail)),
   |                                                                                                                                      `- error: cannot infer contextual base in reference to member 'detail'
13 |             ("https://spoonjoy.app/recipes/recipe_lemon_pantry_pasta#cook", .recipeDetail(id: "recipe_lemon_pantry_pasta", presentation: .cook)),
14 |             ("https://spoonjoy.app/recipes/recipe_lemon_pantry_pasta?mode=cook", .recipeDetail(id: "recipe_lemon_pantry_pasta", presentation: .cook)),

/Users/arimendelow/Projects/spoonjoy-apple/Tests/SpoonjoyCoreTests/DeepLinkRouterTests.swift:13:78: error: cannot infer contextual base in reference to member 'recipeDetail'
11 |             ("https://spoonjoy.app/recipes", .recipes),
12 |             ("https://spoonjoy.app/recipes/recipe_lemon_pantry_pasta", .recipeDetail(id: "recipe_lemon_pantry_pasta", presentation: .detail)),
13 |             ("https://spoonjoy.app/recipes/recipe_lemon_pantry_pasta#cook", .recipeDetail(id: "recipe_lemon_pantry_pasta", presentation: .cook)),
   |                                                                              `- error: cannot infer contextual base in reference to member 'recipeDetail'
14 |             ("https://spoonjoy.app/recipes/recipe_lemon_pantry_pasta?mode=cook", .recipeDetail(id: "recipe_lemon_pantry_pasta", presentation: .cook)),
15 |             ("https://spoonjoy.app/cookbooks", .cookbooks),

/Users/arimendelow/Projects/spoonjoy-apple/Tests/SpoonjoyCoreTests/DeepLinkRouterTests.swift:13:139: error: cannot infer contextual base in reference to member 'cook'
11 |             ("https://spoonjoy.app/recipes", .recipes),
12 |             ("https://spoonjoy.app/recipes/recipe_lemon_pantry_pasta", .recipeDetail(id: "recipe_lemon_pantry_pasta", presentation: .detail)),
13 |             ("https://spoonjoy.app/recipes/recipe_lemon_pantry_pasta#cook", .recipeDetail(id: "recipe_lemon_pantry_pasta", presentation: .cook)),
   |                                                                                                                                           `- error: cannot infer contextual base in reference to member 'cook'
14 |             ("https://spoonjoy.app/recipes/recipe_lemon_pantry_pasta?mode=cook", .recipeDetail(id: "recipe_lemon_pantry_pasta", presentation: .cook)),
15 |             ("https://spoonjoy.app/cookbooks", .cookbooks),

/Users/arimendelow/Projects/spoonjoy-apple/Tests/SpoonjoyCoreTests/DeepLinkRouterTests.swift:14:83: error: cannot infer contextual base in reference to member 'recipeDetail'
12 |             ("https://spoonjoy.app/recipes/recipe_lemon_pantry_pasta", .recipeDetail(id: "recipe_lemon_pantry_pasta", presentation: .detail)),
13 |             ("https://spoonjoy.app/recipes/recipe_lemon_pantry_pasta#cook", .recipeDetail(id: "recipe_lemon_pantry_pasta", presentation: .cook)),
14 |             ("https://spoonjoy.app/recipes/recipe_lemon_pantry_pasta?mode=cook", .recipeDetail(id: "recipe_lemon_pantry_pasta", presentation: .cook)),
   |                                                                                   `- error: cannot infer contextual base in reference to member 'recipeDetail'
15 |             ("https://spoonjoy.app/cookbooks", .cookbooks),
16 |             ("https://spoonjoy.app/cookbooks/cookbook_weeknight", .cookbookDetail(id: "cookbook_weeknight")),

/Users/arimendelow/Projects/spoonjoy-apple/Tests/SpoonjoyCoreTests/DeepLinkRouterTests.swift:14:144: error: cannot infer contextual base in reference to member 'cook'
12 |             ("https://spoonjoy.app/recipes/recipe_lemon_pantry_pasta", .recipeDetail(id: "recipe_lemon_pantry_pasta", presentation: .detail)),
13 |             ("https://spoonjoy.app/recipes/recipe_lemon_pantry_pasta#cook", .recipeDetail(id: "recipe_lemon_pantry_pasta", presentation: .cook)),
14 |             ("https://spoonjoy.app/recipes/recipe_lemon_pantry_pasta?mode=cook", .recipeDetail(id: "recipe_lemon_pantry_pasta", presentation: .cook)),
   |                                                                                                                                                `- error: cannot infer contextual base in reference to member 'cook'
15 |             ("https://spoonjoy.app/cookbooks", .cookbooks),
16 |             ("https://spoonjoy.app/cookbooks/cookbook_weeknight", .cookbookDetail(id: "cookbook_weeknight")),

/Users/arimendelow/Projects/spoonjoy-apple/Tests/SpoonjoyCoreTests/DeepLinkRouterTests.swift:15:49: error: cannot infer contextual base in reference to member 'cookbooks'
13 |             ("https://spoonjoy.app/recipes/recipe_lemon_pantry_pasta#cook", .recipeDetail(id: "recipe_lemon_pantry_pasta", presentation: .cook)),
14 |             ("https://spoonjoy.app/recipes/recipe_lemon_pantry_pasta?mode=cook", .recipeDetail(id: "recipe_lemon_pantry_pasta", presentation: .cook)),
15 |             ("https://spoonjoy.app/cookbooks", .cookbooks),
   |                                                 `- error: cannot infer contextual base in reference to member 'cookbooks'
16 |             ("https://spoonjoy.app/cookbooks/cookbook_weeknight", .cookbookDetail(id: "cookbook_weeknight")),
17 |             ("https://spoonjoy.app/shopping-list", .shoppingList),

/Users/arimendelow/Projects/spoonjoy-apple/Tests/SpoonjoyCoreTests/DeepLinkRouterTests.swift:16:68: error: cannot infer contextual base in reference to member 'cookbookDetail'
14 |             ("https://spoonjoy.app/recipes/recipe_lemon_pantry_pasta?mode=cook", .recipeDetail(id: "recipe_lemon_pantry_pasta", presentation: .cook)),
15 |             ("https://spoonjoy.app/cookbooks", .cookbooks),
16 |             ("https://spoonjoy.app/cookbooks/cookbook_weeknight", .cookbookDetail(id: "cookbook_weeknight")),
   |                                                                    `- error: cannot infer contextual base in reference to member 'cookbookDetail'
17 |             ("https://spoonjoy.app/shopping-list", .shoppingList),
18 |             ("https://spoonjoy.app/search?q=lemon%20pasta&scope=all", .search(query: "lemon pasta", scope: .all)),

/Users/arimendelow/Projects/spoonjoy-apple/Tests/SpoonjoyCoreTests/DeepLinkRouterTests.swift:17:53: error: cannot infer contextual base in reference to member 'shoppingList'
15 |             ("https://spoonjoy.app/cookbooks", .cookbooks),
16 |             ("https://spoonjoy.app/cookbooks/cookbook_weeknight", .cookbookDetail(id: "cookbook_weeknight")),
17 |             ("https://spoonjoy.app/shopping-list", .shoppingList),
   |                                                     `- error: cannot infer contextual base in reference to member 'shoppingList'
18 |             ("https://spoonjoy.app/search?q=lemon%20pasta&scope=all", .search(query: "lemon pasta", scope: .all)),
19 |             ("https://spoonjoy.app/search?q=lemon%20pasta&scope=recipes", .search(query: "lemon pasta", scope: .recipes)),

/Users/arimendelow/Projects/spoonjoy-apple/Tests/SpoonjoyCoreTests/DeepLinkRouterTests.swift:18:72: error: cannot infer contextual base in reference to member 'search'
16 |             ("https://spoonjoy.app/cookbooks/cookbook_weeknight", .cookbookDetail(id: "cookbook_weeknight")),
17 |             ("https://spoonjoy.app/shopping-list", .shoppingList),
18 |             ("https://spoonjoy.app/search?q=lemon%20pasta&scope=all", .search(query: "lemon pasta", scope: .all)),
   |                                                                        `- error: cannot infer contextual base in reference to member 'search'
19 |             ("https://spoonjoy.app/search?q=lemon%20pasta&scope=recipes", .search(query: "lemon pasta", scope: .recipes)),
20 |             ("https://spoonjoy.app/search?q=lemon%20pasta&scope=cookbooks", .search(query: "lemon pasta", scope: .cookbooks)),

/Users/arimendelow/Projects/spoonjoy-apple/Tests/SpoonjoyCoreTests/DeepLinkRouterTests.swift:18:109: error: cannot infer contextual base in reference to member 'all'
16 |             ("https://spoonjoy.app/cookbooks/cookbook_weeknight", .cookbookDetail(id: "cookbook_weeknight")),
17 |             ("https://spoonjoy.app/shopping-list", .shoppingList),
18 |             ("https://spoonjoy.app/search?q=lemon%20pasta&scope=all", .search(query: "lemon pasta", scope: .all)),
   |                                                                                                             `- error: cannot infer contextual base in reference to member 'all'
19 |             ("https://spoonjoy.app/search?q=lemon%20pasta&scope=recipes", .search(query: "lemon pasta", scope: .recipes)),
20 |             ("https://spoonjoy.app/search?q=lemon%20pasta&scope=cookbooks", .search(query: "lemon pasta", scope: .cookbooks)),

/Users/arimendelow/Projects/spoonjoy-apple/Tests/SpoonjoyCoreTests/DeepLinkRouterTests.swift:19:76: error: cannot infer contextual base in reference to member 'search'
17 |             ("https://spoonjoy.app/shopping-list", .shoppingList),
18 |             ("https://spoonjoy.app/search?q=lemon%20pasta&scope=all", .search(query: "lemon pasta", scope: .all)),
19 |             ("https://spoonjoy.app/search?q=lemon%20pasta&scope=recipes", .search(query: "lemon pasta", scope: .recipes)),
   |                                                                            `- error: cannot infer contextual base in reference to member 'search'
20 |             ("https://spoonjoy.app/search?q=lemon%20pasta&scope=cookbooks", .search(query: "lemon pasta", scope: .cookbooks)),
21 |             ("https://spoonjoy.app/search?q=lemon%20pasta&scope=chefs", .search(query: "lemon pasta", scope: .chefs)),

/Users/arimendelow/Projects/spoonjoy-apple/Tests/SpoonjoyCoreTests/DeepLinkRouterTests.swift:19:113: error: cannot infer contextual base in reference to member 'recipes'
17 |             ("https://spoonjoy.app/shopping-list", .shoppingList),
18 |             ("https://spoonjoy.app/search?q=lemon%20pasta&scope=all", .search(query: "lemon pasta", scope: .all)),
19 |             ("https://spoonjoy.app/search?q=lemon%20pasta&scope=recipes", .search(query: "lemon pasta", scope: .recipes)),
   |                                                                                                                 `- error: cannot infer contextual base in reference to member 'recipes'
20 |             ("https://spoonjoy.app/search?q=lemon%20pasta&scope=cookbooks", .search(query: "lemon pasta", scope: .cookbooks)),
21 |             ("https://spoonjoy.app/search?q=lemon%20pasta&scope=chefs", .search(query: "lemon pasta", scope: .chefs)),

/Users/arimendelow/Projects/spoonjoy-apple/Tests/SpoonjoyCoreTests/DeepLinkRouterTests.swift:20:78: error: cannot infer contextual base in reference to member 'search'
18 |             ("https://spoonjoy.app/search?q=lemon%20pasta&scope=all", .search(query: "lemon pasta", scope: .all)),
19 |             ("https://spoonjoy.app/search?q=lemon%20pasta&scope=recipes", .search(query: "lemon pasta", scope: .recipes)),
20 |             ("https://spoonjoy.app/search?q=lemon%20pasta&scope=cookbooks", .search(query: "lemon pasta", scope: .cookbooks)),
   |                                                                              `- error: cannot infer contextual base in reference to member 'search'
21 |             ("https://spoonjoy.app/search?q=lemon%20pasta&scope=chefs", .search(query: "lemon pasta", scope: .chefs)),
22 |             ("https://spoonjoy.app/search?q=lemon%20pasta&scope=shopping-list", .search(query: "lemon pasta", scope: .shoppingList)),

/Users/arimendelow/Projects/spoonjoy-apple/Tests/SpoonjoyCoreTests/DeepLinkRouterTests.swift:20:115: error: cannot infer contextual base in reference to member 'cookbooks'
18 |             ("https://spoonjoy.app/search?q=lemon%20pasta&scope=all", .search(query: "lemon pasta", scope: .all)),
19 |             ("https://spoonjoy.app/search?q=lemon%20pasta&scope=recipes", .search(query: "lemon pasta", scope: .recipes)),
20 |             ("https://spoonjoy.app/search?q=lemon%20pasta&scope=cookbooks", .search(query: "lemon pasta", scope: .cookbooks)),
   |                                                                                                                   `- error: cannot infer contextual base in reference to member 'cookbooks'
21 |             ("https://spoonjoy.app/search?q=lemon%20pasta&scope=chefs", .search(query: "lemon pasta", scope: .chefs)),
22 |             ("https://spoonjoy.app/search?q=lemon%20pasta&scope=shopping-list", .search(query: "lemon pasta", scope: .shoppingList)),

/Users/arimendelow/Projects/spoonjoy-apple/Tests/SpoonjoyCoreTests/DeepLinkRouterTests.swift:21:74: error: cannot infer contextual base in reference to member 'search'
19 |             ("https://spoonjoy.app/search?q=lemon%20pasta&scope=recipes", .search(query: "lemon pasta", scope: .recipes)),
20 |             ("https://spoonjoy.app/search?q=lemon%20pasta&scope=cookbooks", .search(query: "lemon pasta", scope: .cookbooks)),
21 |             ("https://spoonjoy.app/search?q=lemon%20pasta&scope=chefs", .search(query: "lemon pasta", scope: .chefs)),
   |                                                                          `- error: cannot infer contextual base in reference to member 'search'
22 |             ("https://spoonjoy.app/search?q=lemon%20pasta&scope=shopping-list", .search(query: "lemon pasta", scope: .shoppingList)),
23 |             ("https://spoonjoy.app/recipes/new", .capture),

/Users/arimendelow/Projects/spoonjoy-apple/Tests/SpoonjoyCoreTests/DeepLinkRouterTests.swift:21:111: error: cannot infer contextual base in reference to member 'chefs'
19 |             ("https://spoonjoy.app/search?q=lemon%20pasta&scope=recipes", .search(query: "lemon pasta", scope: .recipes)),
20 |             ("https://spoonjoy.app/search?q=lemon%20pasta&scope=cookbooks", .search(query: "lemon pasta", scope: .cookbooks)),
21 |             ("https://spoonjoy.app/search?q=lemon%20pasta&scope=chefs", .search(query: "lemon pasta", scope: .chefs)),
   |                                                                                                               `- error: cannot infer contextual base in reference to member 'chefs'
22 |             ("https://spoonjoy.app/search?q=lemon%20pasta&scope=shopping-list", .search(query: "lemon pasta", scope: .shoppingList)),
23 |             ("https://spoonjoy.app/recipes/new", .capture),

/Users/arimendelow/Projects/spoonjoy-apple/Tests/SpoonjoyCoreTests/DeepLinkRouterTests.swift:22:82: error: cannot infer contextual base in reference to member 'search'
20 |             ("https://spoonjoy.app/search?q=lemon%20pasta&scope=cookbooks", .search(query: "lemon pasta", scope: .cookbooks)),
21 |             ("https://spoonjoy.app/search?q=lemon%20pasta&scope=chefs", .search(query: "lemon pasta", scope: .chefs)),
22 |             ("https://spoonjoy.app/search?q=lemon%20pasta&scope=shopping-list", .search(query: "lemon pasta", scope: .shoppingList)),
   |                                                                                  `- error: cannot infer contextual base in reference to member 'search'
23 |             ("https://spoonjoy.app/recipes/new", .capture),
24 |             ("https://spoonjoy.app/account/settings", .settings),

/Users/arimendelow/Projects/spoonjoy-apple/Tests/SpoonjoyCoreTests/DeepLinkRouterTests.swift:22:119: error: cannot infer contextual base in reference to member 'shoppingList'
20 |             ("https://spoonjoy.app/search?q=lemon%20pasta&scope=cookbooks", .search(query: "lemon pasta", scope: .cookbooks)),
21 |             ("https://spoonjoy.app/search?q=lemon%20pasta&scope=chefs", .search(query: "lemon pasta", scope: .chefs)),
22 |             ("https://spoonjoy.app/search?q=lemon%20pasta&scope=shopping-list", .search(query: "lemon pasta", scope: .shoppingList)),
   |                                                                                                                       `- error: cannot infer contextual base in reference to member 'shoppingList'
23 |             ("https://spoonjoy.app/recipes/new", .capture),
24 |             ("https://spoonjoy.app/account/settings", .settings),

/Users/arimendelow/Projects/spoonjoy-apple/Tests/SpoonjoyCoreTests/DeepLinkRouterTests.swift:23:51: error: cannot infer contextual base in reference to member 'capture'
21 |             ("https://spoonjoy.app/search?q=lemon%20pasta&scope=chefs", .search(query: "lemon pasta", scope: .chefs)),
22 |             ("https://spoonjoy.app/search?q=lemon%20pasta&scope=shopping-list", .search(query: "lemon pasta", scope: .shoppingList)),
23 |             ("https://spoonjoy.app/recipes/new", .capture),
   |                                                   `- error: cannot infer contextual base in reference to member 'capture'
24 |             ("https://spoonjoy.app/account/settings", .settings),
25 |             ("spoonjoy://kitchen", .kitchen),

/Users/arimendelow/Projects/spoonjoy-apple/Tests/SpoonjoyCoreTests/DeepLinkRouterTests.swift:24:56: error: cannot infer contextual base in reference to member 'settings'
22 |             ("https://spoonjoy.app/search?q=lemon%20pasta&scope=shopping-list", .search(query: "lemon pasta", scope: .shoppingList)),
23 |             ("https://spoonjoy.app/recipes/new", .capture),
24 |             ("https://spoonjoy.app/account/settings", .settings),
   |                                                        `- error: cannot infer contextual base in reference to member 'settings'
25 |             ("spoonjoy://kitchen", .kitchen),
26 |             ("spoonjoy://recipes", .recipes),

/Users/arimendelow/Projects/spoonjoy-apple/Tests/SpoonjoyCoreTests/DeepLinkRouterTests.swift:25:37: error: cannot infer contextual base in reference to member 'kitchen'
23 |             ("https://spoonjoy.app/recipes/new", .capture),
24 |             ("https://spoonjoy.app/account/settings", .settings),
25 |             ("spoonjoy://kitchen", .kitchen),
   |                                     `- error: cannot infer contextual base in reference to member 'kitchen'
26 |             ("spoonjoy://recipes", .recipes),
27 |             ("spoonjoy://recipes/recipe_lemon_pantry_pasta", .recipeDetail(id: "recipe_lemon_pantry_pasta", presentation: .detail)),

/Users/arimendelow/Projects/spoonjoy-apple/Tests/SpoonjoyCoreTests/DeepLinkRouterTests.swift:26:37: error: cannot infer contextual base in reference to member 'recipes'
24 |             ("https://spoonjoy.app/account/settings", .settings),
25 |             ("spoonjoy://kitchen", .kitchen),
26 |             ("spoonjoy://recipes", .recipes),
   |                                     `- error: cannot infer contextual base in reference to member 'recipes'
27 |             ("spoonjoy://recipes/recipe_lemon_pantry_pasta", .recipeDetail(id: "recipe_lemon_pantry_pasta", presentation: .detail)),
28 |             ("spoonjoy://recipes/recipe_lemon_pantry_pasta/cook", .recipeDetail(id: "recipe_lemon_pantry_pasta", presentation: .cook)),

/Users/arimendelow/Projects/spoonjoy-apple/Tests/SpoonjoyCoreTests/DeepLinkRouterTests.swift:27:63: error: cannot infer contextual base in reference to member 'recipeDetail'
25 |             ("spoonjoy://kitchen", .kitchen),
26 |             ("spoonjoy://recipes", .recipes),
27 |             ("spoonjoy://recipes/recipe_lemon_pantry_pasta", .recipeDetail(id: "recipe_lemon_pantry_pasta", presentation: .detail)),
   |                                                               `- error: cannot infer contextual base in reference to member 'recipeDetail'
28 |             ("spoonjoy://recipes/recipe_lemon_pantry_pasta/cook", .recipeDetail(id: "recipe_lemon_pantry_pasta", presentation: .cook)),
29 |             ("spoonjoy://cookbooks", .cookbooks),

/Users/arimendelow/Projects/spoonjoy-apple/Tests/SpoonjoyCoreTests/DeepLinkRouterTests.swift:27:124: error: cannot infer contextual base in reference to member 'detail'
25 |             ("spoonjoy://kitchen", .kitchen),
26 |             ("spoonjoy://recipes", .recipes),
27 |             ("spoonjoy://recipes/recipe_lemon_pantry_pasta", .recipeDetail(id: "recipe_lemon_pantry_pasta", presentation: .detail)),
   |                                                                                                                            `- error: cannot infer contextual base in reference to member 'detail'
28 |             ("spoonjoy://recipes/recipe_lemon_pantry_pasta/cook", .recipeDetail(id: "recipe_lemon_pantry_pasta", presentation: .cook)),
29 |             ("spoonjoy://cookbooks", .cookbooks),

/Users/arimendelow/Projects/spoonjoy-apple/Tests/SpoonjoyCoreTests/DeepLinkRouterTests.swift:28:68: error: cannot infer contextual base in reference to member 'recipeDetail'
26 |             ("spoonjoy://recipes", .recipes),
27 |             ("spoonjoy://recipes/recipe_lemon_pantry_pasta", .recipeDetail(id: "recipe_lemon_pantry_pasta", presentation: .detail)),
28 |             ("spoonjoy://recipes/recipe_lemon_pantry_pasta/cook", .recipeDetail(id: "recipe_lemon_pantry_pasta", presentation: .cook)),
   |                                                                    `- error: cannot infer contextual base in reference to member 'recipeDetail'
29 |             ("spoonjoy://cookbooks", .cookbooks),
30 |             ("spoonjoy://cookbooks/cookbook_weeknight", .cookbookDetail(id: "cookbook_weeknight")),

/Users/arimendelow/Projects/spoonjoy-apple/Tests/SpoonjoyCoreTests/DeepLinkRouterTests.swift:28:129: error: cannot infer contextual base in reference to member 'cook'
26 |             ("spoonjoy://recipes", .recipes),
27 |             ("spoonjoy://recipes/recipe_lemon_pantry_pasta", .recipeDetail(id: "recipe_lemon_pantry_pasta", presentation: .detail)),
28 |             ("spoonjoy://recipes/recipe_lemon_pantry_pasta/cook", .recipeDetail(id: "recipe_lemon_pantry_pasta", presentation: .cook)),
   |                                                                                                                                 `- error: cannot infer contextual base in reference to member 'cook'
29 |             ("spoonjoy://cookbooks", .cookbooks),
30 |             ("spoonjoy://cookbooks/cookbook_weeknight", .cookbookDetail(id: "cookbook_weeknight")),

/Users/arimendelow/Projects/spoonjoy-apple/Tests/SpoonjoyCoreTests/DeepLinkRouterTests.swift:29:39: error: cannot infer contextual base in reference to member 'cookbooks'
27 |             ("spoonjoy://recipes/recipe_lemon_pantry_pasta", .recipeDetail(id: "recipe_lemon_pantry_pasta", presentation: .detail)),
28 |             ("spoonjoy://recipes/recipe_lemon_pantry_pasta/cook", .recipeDetail(id: "recipe_lemon_pantry_pasta", presentation: .cook)),
29 |             ("spoonjoy://cookbooks", .cookbooks),
   |                                       `- error: cannot infer contextual base in reference to member 'cookbooks'
30 |             ("spoonjoy://cookbooks/cookbook_weeknight", .cookbookDetail(id: "cookbook_weeknight")),
31 |             ("spoonjoy://shopping-list", .shoppingList),

/Users/arimendelow/Projects/spoonjoy-apple/Tests/SpoonjoyCoreTests/DeepLinkRouterTests.swift:30:58: error: cannot infer contextual base in reference to member 'cookbookDetail'
28 |             ("spoonjoy://recipes/recipe_lemon_pantry_pasta/cook", .recipeDetail(id: "recipe_lemon_pantry_pasta", presentation: .cook)),
29 |             ("spoonjoy://cookbooks", .cookbooks),
30 |             ("spoonjoy://cookbooks/cookbook_weeknight", .cookbookDetail(id: "cookbook_weeknight")),
   |                                                          `- error: cannot infer contextual base in reference to member 'cookbookDetail'
31 |             ("spoonjoy://shopping-list", .shoppingList),
32 |             ("spoonjoy://search?q=lemon%20pasta&scope=shopping-list", .search(query: "lemon pasta", scope: .shoppingList)),

/Users/arimendelow/Projects/spoonjoy-apple/Tests/SpoonjoyCoreTests/DeepLinkRouterTests.swift:31:43: error: cannot infer contextual base in reference to member 'shoppingList'
29 |             ("spoonjoy://cookbooks", .cookbooks),
30 |             ("spoonjoy://cookbooks/cookbook_weeknight", .cookbookDetail(id: "cookbook_weeknight")),
31 |             ("spoonjoy://shopping-list", .shoppingList),
   |                                           `- error: cannot infer contextual base in reference to member 'shoppingList'
32 |             ("spoonjoy://search?q=lemon%20pasta&scope=shopping-list", .search(query: "lemon pasta", scope: .shoppingList)),
33 |             ("spoonjoy://capture", .capture),

/Users/arimendelow/Projects/spoonjoy-apple/Tests/SpoonjoyCoreTests/DeepLinkRouterTests.swift:32:72: error: cannot infer contextual base in reference to member 'search'
30 |             ("spoonjoy://cookbooks/cookbook_weeknight", .cookbookDetail(id: "cookbook_weeknight")),
31 |             ("spoonjoy://shopping-list", .shoppingList),
32 |             ("spoonjoy://search?q=lemon%20pasta&scope=shopping-list", .search(query: "lemon pasta", scope: .shoppingList)),
   |                                                                        `- error: cannot infer contextual base in reference to member 'search'
33 |             ("spoonjoy://capture", .capture),
34 |             ("spoonjoy://settings", .settings)

/Users/arimendelow/Projects/spoonjoy-apple/Tests/SpoonjoyCoreTests/DeepLinkRouterTests.swift:32:109: error: cannot infer contextual base in reference to member 'shoppingList'
30 |             ("spoonjoy://cookbooks/cookbook_weeknight", .cookbookDetail(id: "cookbook_weeknight")),
31 |             ("spoonjoy://shopping-list", .shoppingList),
32 |             ("spoonjoy://search?q=lemon%20pasta&scope=shopping-list", .search(query: "lemon pasta", scope: .shoppingList)),
   |                                                                                                             `- error: cannot infer contextual base in reference to member 'shoppingList'
33 |             ("spoonjoy://capture", .capture),
34 |             ("spoonjoy://settings", .settings)

/Users/arimendelow/Projects/spoonjoy-apple/Tests/SpoonjoyCoreTests/DeepLinkRouterTests.swift:33:37: error: cannot infer contextual base in reference to member 'capture'
31 |             ("spoonjoy://shopping-list", .shoppingList),
32 |             ("spoonjoy://search?q=lemon%20pasta&scope=shopping-list", .search(query: "lemon pasta", scope: .shoppingList)),
33 |             ("spoonjoy://capture", .capture),
   |                                     `- error: cannot infer contextual base in reference to member 'capture'
34 |             ("spoonjoy://settings", .settings)
35 |         ]

/Users/arimendelow/Projects/spoonjoy-apple/Tests/SpoonjoyCoreTests/DeepLinkRouterTests.swift:34:38: error: cannot infer contextual base in reference to member 'settings'
32 |             ("spoonjoy://search?q=lemon%20pasta&scope=shopping-list", .search(query: "lemon pasta", scope: .shoppingList)),
33 |             ("spoonjoy://capture", .capture),
34 |             ("spoonjoy://settings", .settings)
   |                                      `- error: cannot infer contextual base in reference to member 'settings'
35 |         ]
36 | 

/Users/arimendelow/Projects/spoonjoy-apple/Tests/SpoonjoyCoreTests/DeepLinkRouterTests.swift:38:21: error: cannot find 'DeepLinkRouter' in scope
36 | 
37 |         for (rawURL, expectedRoute) in cases {
38 |             #expect(DeepLinkRouter.spoonjoy.route(for: try url(rawURL)) == expectedRoute, "\(rawURL)")
   |                     `- error: cannot find 'DeepLinkRouter' in scope
39 |         }
40 |     }

/Users/arimendelow/Projects/spoonjoy-apple/Tests/SpoonjoyCoreTests/DeepLinkRouterTests.swift:61:21: error: cannot find 'DeepLinkRouter' in scope
59 | 
60 |         for rawURL in unknownURLs {
61 |             #expect(DeepLinkRouter.spoonjoy.route(for: try url(rawURL)) == .unknownLink, "\(rawURL)")
   |                     `- error: cannot find 'DeepLinkRouter' in scope
62 |         }
63 |     }

/Users/arimendelow/Projects/spoonjoy-apple/Tests/SpoonjoyCoreTests/DeepLinkRouterTests.swift:68:13: error: cannot find 'DeepLinkRouter' in scope
66 |     func preservesDecodedSearchQueryAndDefaultsMissingScopeToAll() throws {
67 |         #expect(
68 |             DeepLinkRouter.spoonjoy.route(for: try url("https://spoonjoy.app/search?q=crispy%20rice")) ==
   |             `- error: cannot find 'DeepLinkRouter' in scope
69 |                 .search(query: "crispy rice", scope: .all)
70 |         )

/Users/arimendelow/Projects/spoonjoy-apple/Tests/SpoonjoyCoreTests/DeepLinkRouterTests.swift:69:55: error: cannot infer contextual base in reference to member 'all'
67 |         #expect(
68 |             DeepLinkRouter.spoonjoy.route(for: try url("https://spoonjoy.app/search?q=crispy%20rice")) ==
69 |                 .search(query: "crispy rice", scope: .all)
   |                                                       `- error: cannot infer contextual base in reference to member 'all'
70 |         )
71 |         #expect(

/Users/arimendelow/Projects/spoonjoy-apple/Tests/SpoonjoyCoreTests/DeepLinkRouterTests.swift:72:13: error: cannot find 'DeepLinkRouter' in scope
70 |         )
71 |         #expect(
72 |             DeepLinkRouter.spoonjoy.route(for: try url("spoonjoy://search?q=crispy%20rice")) ==
   |             `- error: cannot find 'DeepLinkRouter' in scope
73 |                 .search(query: "crispy rice", scope: .all)
74 |         )

/Users/arimendelow/Projects/spoonjoy-apple/Tests/SpoonjoyCoreTests/DeepLinkRouterTests.swift:73:55: error: cannot infer contextual base in reference to member 'all'
71 |         #expect(
72 |             DeepLinkRouter.spoonjoy.route(for: try url("spoonjoy://search?q=crispy%20rice")) ==
73 |                 .search(query: "crispy rice", scope: .all)
   |                                                       `- error: cannot infer contextual base in reference to member 'all'
74 |         )
75 |     }
error: fatalError
