Building for debugging...
[0/5] Write sources
[1/5] Write swift-version--58304C5D6DBC2206.txt
[3/5] Emitting module SpoonjoyCoreTests
[4/5] Compiling SpoonjoyCoreTests TokenRefreshTests.swift
[4/6] Write Objects.LinkFileList
[5/6] Linking SpoonjoyApplePackageTests
Build complete! (3.00s)
◇ Test run started.
↳ Testing Library Version: 1902
↳ Target Platform: arm64e-apple-macos14.0
◇ Suite "Token vault and refresh coordination" started.
◇ Test "refresh failures preserve prior session and disconnect clears auth state" started.
◇ Test "auth sessions validate, classify state, and rotate token responses" started.
◇ Test "disconnect cancels in-flight refresh and prevents session resurrection" started.
◇ Test "refresh coordinator shares one concurrent refresh and rotates tokens atomically" started.
◇ Test "refresh coordinator returns valid sessions without network refresh" started.
◇ Test "disconnect invalidates every waiter on a shared in-flight refresh" started.
◇ Test "token vault persists client id and sessions independently" started.
◇ Test "missing sessions are invalid refresh state" started.
✔ Test "refresh coordinator returns valid sessions without network refresh" passed after 0.001 seconds.
✔ Test "refresh failures preserve prior session and disconnect clears auth state" passed after 0.001 seconds.
✔ Test "token vault persists client id and sessions independently" passed after 0.001 seconds.
✔ Test "missing sessions are invalid refresh state" passed after 0.001 seconds.
✔ Test "disconnect cancels in-flight refresh and prevents session resurrection" passed after 0.001 seconds.
✔ Test "auth sessions validate, classify state, and rotate token responses" passed after 0.001 seconds.
✘ Test "disconnect invalidates every waiter on a shared in-flight refresh" recorded an issue at TokenRefreshTests.swift:216:9: Expectation failed: (secondResult → AuthSession(clientID: "cm_client_id", accessToken: "sj_access_new", refreshToken: "ort_refresh_new", tokenType: "Bearer", expiresAt: 2026-05-28 20:36:40 +0000, scope: "shopping_list:read shopping_list:write")) == nil
✘ Test "disconnect invalidates every waiter on a shared in-flight refresh" failed after 0.014 seconds with 1 issue.
✔ Test "refresh coordinator shares one concurrent refresh and rotates tokens atomically" passed after 0.028 seconds.
✘ Suite "Token vault and refresh coordination" failed after 0.029 seconds with 1 issue.
✘ Test run with 8 tests in 1 suite failed after 0.029 seconds with 1 issue.
