$ swift build -Xswiftc -warnings-as-errors
[0/1] Planning build
Building for debugging...
[0/4] Write swift-version--58304C5D6DBC2206.txt
[2/24] Emitting module SpoonjoyCore
[3/24] Compiling SpoonjoyCore CaptureDraft.swift
[4/24] Compiling SpoonjoyCore CookModeProgress.swift
[5/24] Compiling SpoonjoyCore PaginationCursor.swift
[6/24] Compiling SpoonjoyCore PublicCatalogRequests.swift
[7/26] Compiling SpoonjoyCore ShoppingListAPI.swift
[8/26] Compiling SpoonjoyCore ShoppingListRequests.swift
[9/26] Compiling SpoonjoyCore OAuthPKCE.swift
[10/26] Compiling SpoonjoyCore OAuthRedirectValidator.swift
[11/26] Compiling SpoonjoyCore KitchenFixtureState.swift
[12/26] Compiling SpoonjoyCore SettingsState.swift
[13/26] Compiling SpoonjoyCore SpoonjoyCore.swift
[14/26] Compiling SpoonjoyCore resource_bundle_accessor.swift
[15/26] Compiling SpoonjoyCore OAuthRequests.swift
[16/26] Compiling SpoonjoyCore OAuthResponses.swift
[17/26] Compiling SpoonjoyCore APIRequestBuilder.swift
[18/26] Compiling SpoonjoyCore APIRetryPolicy.swift
[19/26] Compiling SpoonjoyCore APIClient.swift
[20/26] Compiling SpoonjoyCore APIEnvelope.swift
[21/26] Compiling SpoonjoyCore APIError.swift
[22/26] Compiling SpoonjoyCore ShoppingListState.swift
[23/26] Compiling SpoonjoyCore RecipeCookbook.swift
[24/28] Compiling SpoonjoyScenarioVerifier main.swift
[25/28] Emitting module SpoonjoyScenarioVerifier
[25/28] Write Objects.LinkFileList
[26/28] Linking SpoonjoyScenarioVerifier
[27/28] Applying SpoonjoyScenarioVerifier
Build complete! (1.99s)
