[0/1] Planning build
Building for debugging...
[0/7] Write sources
[1/7] Write swift-version--58304C5D6DBC2206.txt
[3/44] Compiling SpoonjoyCore ShoppingListRequests.swift
[4/44] Compiling SpoonjoyCore AppNavigationState.swift
[5/44] Compiling SpoonjoyCore AppRoute.swift
[6/44] Compiling SpoonjoyCore DeepLinkRouter.swift
[7/47] Compiling SpoonjoyCore JSONFileStore.swift
[8/47] Compiling SpoonjoyCore MutationQueue.swift
[9/47] Compiling SpoonjoyCore OfflineSnapshot.swift
[10/47] Compiling SpoonjoyCore SyncCheckpoint.swift
[11/47] Compiling SpoonjoyCore RefreshCoordinator.swift
[12/47] Compiling SpoonjoyCore TokenVault.swift
[13/47] Compiling SpoonjoyCore CaptureDraft.swift
[14/47] Compiling SpoonjoyCore CookModeProgress.swift
[15/47] Compiling SpoonjoyCore APIRetryPolicy.swift
[16/47] Compiling SpoonjoyCore PaginationCursor.swift
[17/47] Compiling SpoonjoyCore PublicCatalogRequests.swift
[18/47] Compiling SpoonjoyCore ShoppingListAPI.swift
[19/47] Emitting module SpoonjoyCore
[20/47] Compiling SpoonjoyCore APIClient.swift
[21/47] Compiling SpoonjoyCore APIEnvelope.swift
[22/47] Compiling SpoonjoyCore APIError.swift
[23/47] Compiling SpoonjoyCore APIRequestBuilder.swift
[24/47] Compiling SpoonjoyCore ScreenViewModels.swift
[25/47] Compiling SpoonjoyCore SearchState.swift
[26/47] Compiling SpoonjoyCore AuthSessionState.swift
[27/47] Compiling SpoonjoyCore InMemoryTokenVault.swift
[28/47] Compiling SpoonjoyCore KitchenFixtureState.swift
[29/47] Compiling SpoonjoyCore SettingsState.swift
[30/47] Compiling SpoonjoyCore ShoppingListState.swift
[31/47] Compiling SpoonjoyCore DeepLinkManifest.swift
[32/47] Compiling SpoonjoyCore OAuthPKCE.swift
[33/47] Compiling SpoonjoyCore OAuthRedirectValidator.swift
[34/47] Compiling SpoonjoyCore OAuthRequests.swift
[35/47] Compiling SpoonjoyCore OAuthResponses.swift
[36/47] Compiling SpoonjoyCore NativeCapabilityMetadata.swift
[37/47] Compiling SpoonjoyCore ScenarioCommand.swift
[38/47] Compiling SpoonjoyCore ScenarioReport.swift
[39/47] Compiling SpoonjoyCore ScenarioVerifier.swift
[40/47] Compiling SpoonjoyCore RecipeCookbook.swift
[41/47] Compiling SpoonjoyCore SpoonjoyCore.swift
[42/47] Compiling SpoonjoyCore resource_bundle_accessor.swift
[43/61] Compiling SpoonjoyScenarioVerifier main.swift
[44/61] Emitting module SpoonjoyScenarioVerifier
[45/61] Compiling SpoonjoyScenarioVerifier ScenarioProcessMain.swift
[45/61] Write Objects.LinkFileList
[46/61] Linking SpoonjoyScenarioVerifier
[48/61] Compiling SpoonjoyCoreTests SpoonjoyCoreBootstrapTests.swift
[48/62] Applying SpoonjoyScenarioVerifier
[50/62] Compiling SpoonjoyCoreTests TokenRefreshTests.swift
[51/62] Compiling SpoonjoyCoreTests DeepLinkRouterTests.swift
[52/62] Emitting module SpoonjoyCoreTests
[53/62] Compiling SpoonjoyCoreTests APIReadClientTests.swift
[54/62] Compiling SpoonjoyCoreTests AppStateTests.swift
[55/62] Compiling SpoonjoyCoreTests ShoppingAPIClientTests.swift
[56/62] Compiling SpoonjoyCoreTests NativeScenarioTests.swift
[57/62] Compiling SpoonjoyCoreTests KitchenStateTests.swift
[58/62] Compiling SpoonjoyCoreTests OAuthRequestTests.swift
[59/62] Compiling SpoonjoyCoreTests OfflineStoreTests.swift
[60/62] Compiling SpoonjoyCoreTests RecipeCookbookTests.swift
[61/64] Emitting module SpoonjoyApplePackageTests
[62/64] Compiling SpoonjoyApplePackageTests runner.swift
[62/64] Write Objects.LinkFileList
[63/64] Linking SpoonjoyApplePackageTests
Build complete! (4.91s)
◇ Test run started.
↳ Testing Library Version: 1902
↳ Target Platform: arm64e-apple-macos14.0
◇ Suite "Native scenario metadata" started.
◇ Test "surface behavioral checks fail closed for missing or throwing fixture data" started.
◇ Test "surfaces report fails when surface sources are missing" started.
◇ Test "surfaces report proves kitchen recipe cook and shopping slices" started.
✔ Test "surface behavioral checks fail closed for missing or throwing fixture data" passed after 0.004 seconds.
✔ Test "surfaces report fails when surface sources are missing" passed after 0.005 seconds.
✔ Test "surfaces report proves kitchen recipe cook and shopping slices" passed after 0.007 seconds.
✔ Suite "Native scenario metadata" passed after 0.007 seconds.
✔ Test run with 3 tests in 1 suite passed after 0.007 seconds.
