[0/1] Planning build
Building for debugging...
[0/7] Write sources
[1/7] Write swift-version--58304C5D6DBC2206.txt
[3/24] Compiling SpoonjoyCore SpoonjoyCore.swift
[4/25] Compiling SpoonjoyCore resource_bundle_accessor.swift
[5/25] Compiling SpoonjoyCore SettingsState.swift
[6/25] Compiling SpoonjoyCore ShoppingListState.swift
[7/25] Compiling SpoonjoyCore CookModeProgress.swift
[8/25] Compiling SpoonjoyCore KitchenFixtureState.swift
[9/25] Compiling SpoonjoyCore PublicCatalogRequests.swift
[10/25] Compiling SpoonjoyCore ShoppingListAPI.swift
[11/25] Compiling SpoonjoyCore ShoppingListRequests.swift
[12/25] Compiling SpoonjoyCore CaptureDraft.swift
[13/25] Compiling SpoonjoyCore APIClient.swift
[14/25] Compiling SpoonjoyCore APIEnvelope.swift
[15/25] Compiling SpoonjoyCore APIError.swift
[16/25] Compiling SpoonjoyCore APIRequestBuilder.swift
[17/25] Compiling SpoonjoyCore APIRetryPolicy.swift
[18/25] Compiling SpoonjoyCore PaginationCursor.swift
[19/25] Compiling SpoonjoyCore RecipeCookbook.swift
[20/25] Emitting module SpoonjoyCore
[21/33] Emitting module SpoonjoyScenarioVerifier
[22/33] Compiling SpoonjoyScenarioVerifier main.swift
[22/33] Write Objects.LinkFileList
[23/33] Linking SpoonjoyScenarioVerifier
[24/33] Applying SpoonjoyScenarioVerifier
[26/33] Emitting module SpoonjoyCoreTests
[27/33] Compiling SpoonjoyCoreTests KitchenStateTests.swift
[28/33] Compiling SpoonjoyCoreTests APIReadClientTests.swift
[29/33] Compiling SpoonjoyCoreTests SpoonjoyCoreBootstrapTests.swift
[30/33] Compiling SpoonjoyCoreTests ShoppingAPIClientTests.swift
[31/33] Compiling SpoonjoyCoreTests RecipeCookbookTests.swift
[32/35] Compiling SpoonjoyApplePackageTests runner.swift
[33/35] Emitting module SpoonjoyApplePackageTests
[33/35] Write Objects.LinkFileList
[34/35] Linking SpoonjoyApplePackageTests
Build complete! (4.13s)
◇ Test run started.
↳ Testing Library Version: 1902
↳ Target Platform: arm64e-apple-macos14.0
◇ Suite "Shopping API v1 client" started.
◇ Test "check item request encodes item id and checked state" started.
◇ Test "shopping sync cursor rejects blank values" started.
◇ Test "shopping list read and sync requests require bearer auth" started.
◇ Test "retry policy classifies idempotency and HTTP error responses" started.
◇ Test "add item request sends JSON mutation body" started.
◇ Test "shopping list envelopes decode read sync and mutation payloads" started.
◇ Test "delete item request supports header body and query idempotency" started.
✔ Test "shopping list read and sync requests require bearer auth" passed after 0.001 seconds.
✔ Test "shopping sync cursor rejects blank values" passed after 0.001 seconds.
✔ Test "delete item request supports header body and query idempotency" passed after 0.001 seconds.
✔ Test "add item request sends JSON mutation body" passed after 0.001 seconds.
✔ Test "check item request encodes item id and checked state" passed after 0.001 seconds.
✔ Test "retry policy classifies idempotency and HTTP error responses" passed after 0.001 seconds.
✔ Test "shopping list envelopes decode read sync and mutation payloads" passed after 0.001 seconds.
✔ Suite "Shopping API v1 client" passed after 0.001 seconds.
✔ Test run with 7 tests in 1 suite passed after 0.001 seconds.
