$ swift test --enable-code-coverage --disable-xctest --parallel -Xswiftc -warnings-as-errors
[0/1] Planning build
Building for debugging...
[0/6] Write swift-version--58304C5D6DBC2206.txt
[2/34] Emitting module SpoonjoyCore
[3/36] Compiling SpoonjoyCore CookModeProgress.swift
[4/36] Compiling SpoonjoyCore KitchenFixtureState.swift
[5/36] Compiling SpoonjoyCore SettingsState.swift
[6/36] Compiling SpoonjoyCore ShoppingListState.swift
[7/36] Compiling SpoonjoyCore JSONFileStore.swift
[8/36] Compiling SpoonjoyCore MutationQueue.swift
[9/36] Compiling SpoonjoyCore SpoonjoyCore.swift
[10/36] Compiling SpoonjoyCore resource_bundle_accessor.swift
[11/36] Compiling SpoonjoyCore RefreshCoordinator.swift
[12/36] Compiling SpoonjoyCore TokenVault.swift
[13/36] Compiling SpoonjoyCore CaptureDraft.swift
[14/36] Compiling SpoonjoyCore APIRequestBuilder.swift
[15/36] Compiling SpoonjoyCore APIRetryPolicy.swift
[16/36] Compiling SpoonjoyCore PaginationCursor.swift
[17/36] Compiling SpoonjoyCore OAuthRedirectValidator.swift
[18/36] Compiling SpoonjoyCore OAuthRequests.swift
[19/36] Compiling SpoonjoyCore OAuthResponses.swift
[20/36] Compiling SpoonjoyCore OfflineSnapshot.swift
[21/36] Compiling SpoonjoyCore SyncCheckpoint.swift
[22/36] Compiling SpoonjoyCore RecipeCookbook.swift
[23/36] Compiling SpoonjoyCore AuthSessionState.swift
[24/36] Compiling SpoonjoyCore InMemoryTokenVault.swift
[25/36] Compiling SpoonjoyCore OAuthPKCE.swift
[26/36] Compiling SpoonjoyCore APIClient.swift
[27/36] Compiling SpoonjoyCore APIEnvelope.swift
[28/36] Compiling SpoonjoyCore APIError.swift
[29/36] Compiling SpoonjoyCore PublicCatalogRequests.swift
[30/36] Compiling SpoonjoyCore ShoppingListAPI.swift
[31/36] Compiling SpoonjoyCore ShoppingListRequests.swift
[32/47] Compiling SpoonjoyScenarioVerifier main.swift
[33/47] Emitting module SpoonjoyScenarioVerifier
[33/47] Write Objects.LinkFileList
[34/47] Linking SpoonjoyScenarioVerifier
[35/47] Applying SpoonjoyScenarioVerifier
[37/47] Compiling SpoonjoyCoreTests OfflineStoreTests.swift
[38/47] Compiling SpoonjoyCoreTests SpoonjoyCoreBootstrapTests.swift
[39/47] Compiling SpoonjoyCoreTests APIReadClientTests.swift
[40/47] Compiling SpoonjoyCoreTests TokenRefreshTests.swift
[41/47] Emitting module SpoonjoyCoreTests
[42/47] Compiling SpoonjoyCoreTests KitchenStateTests.swift
[43/47] Compiling SpoonjoyCoreTests OAuthRequestTests.swift
[44/47] Compiling SpoonjoyCoreTests ShoppingAPIClientTests.swift
[45/47] Compiling SpoonjoyCoreTests RecipeCookbookTests.swift
[46/49] Compiling SpoonjoyApplePackageTests runner.swift
[47/49] Emitting module SpoonjoyApplePackageTests
[47/49] Write Objects.LinkFileList
[48/49] Linking SpoonjoyApplePackageTests
Build complete! (5.74s)
◇ Test run started.
↳ Testing Library Version: 1902
↳ Target Platform: arm64e-apple-macos14.0
◇ Suite "Recipe and cookbook domain" started.
◇ Suite "Kitchen state domain" started.
◇ Suite "Public API v1 read client" started.
◇ Suite "Offline store and mutation queue" started.
◇ Suite "Token vault and refresh coordination" started.
◇ Suite "SpoonjoyCore bootstrap" started.
◇ Test "recipe catalog returns nil for missing ids" started.
◇ Test "cookbook fixture decodes cover, recipe summaries, and attribution" started.
◇ Test "deleted source recipes do not expose safe navigation links" started.
◇ Test "recipe search summary falls back when serving text is absent" started.
◇ Test "cookbook cover falls back cleanly when no images are available" started.
◇ Suite "Shopping API v1 client" started.
◇ Test "recipe validation rejects malformed public payloads" started.
◇ Test "cookbook search summary exposes cover-aware navigation fields" started.
◇ Suite "OAuth PKCE request construction" started.
◇ Test "recipe steps and ingredients preserve display-safe API data" started.
◇ Test "cookbook catalog returns nil for missing ids" started.
◇ Test "cookbook encoding preserves the API v1 field names" started.
◇ Test "cookbook validation rejects malformed public payloads" started.
◇ Test "shopping list operations report useful errors" started.
◇ Test "recipe attribution exposes only safe source links" started.
◇ Test "cook mode progress handles empty, duplicate, invalid, and stale state" started.
◇ Test "recipe fixture decodes API v1 recipe detail shape" started.
◇ Test "kitchen fixture associated values encode back to fixture shape" started.
◇ Test "capture drafts stay local until explicitly promoted" started.
◇ Test "manual step and ingredient initializers preserve values" started.
◇ Test "settings state describes auth environment and offline readiness" started.
◇ Test "shopping list checkoff and removal keep receipt ordering stable" started.
◇ Test "recipe search summary preserves free-form serving text" started.
◇ Test "recipe search summary exposes public navigation fields" started.
◇ Test "error envelopes map API errors without losing status or request id" started.
◇ Test "shopping list operations cover local create, display, grouping, and error edges" started.
◇ Test "shopping list add or restore merges matching display items" started.
◇ Test "cookbook search summary uses singular recipe text" started.
◇ Test "shopping list fixture decodes receipt rows and active ordering" started.
◇ Test "recipe list request builds anonymous GET with query parameters" started.
◇ Test "cookbook list data decodes summary rows without detail recipes" started.
◇ Test "settings state handles signed-out local and kitchen-scope variants" started.
◇ Test "shopping list restore matches normalized unit and moves restored rows to active tail" started.
◇ Test "pagination cursor rejects blank raw values" started.
◇ Test "capture drafts reject empty local text" started.
◇ Test "recipe detail request encodes path ids and omits stale bearer token by default" started.
◇ Test "public reads keep blank bearer tokens and blank queries out of requests" started.
◇ Test "cook mode progress persists current step and completion" started.
◇ Test "cookbook list and detail requests share public read policy" started.
◇ Test "success envelopes decode recipe list data and pagination metadata" started.
◇ Test "kitchen fixture exposes the lead food object and restore metadata" started.
◇ Test "missing fixture reports file-not-found" started.
◇ Test "bootstrap report allows only future native/app checks to remain pending" started.
◇ Test "scenario command rejects malformed arguments" started.
◇ Test "scenario command errors have useful descriptions" started.
◇ Test "scenario command parses bootstrap stage and output" started.
◇ Test "product name is stable" started.
◇ Test "fixture resources are copied into test bundle" started.
◇ Test "scenario command reports unsupported future stages" started.
◇ Test "sync checkpoint persists trimmed durable shopping cursor" started.
◇ Test "JSON file store saves loads deletes and reports file source" started.
◇ Test "JSON file store reports non-decoding parser failures as unreadable" started.
◇ Test "JSON file store covers missing fallback corrupt without fallback and empty delete" started.
◇ Test "JSON file store does not fallback for filesystem read errors" started.
◇ Test "offline snapshot restores shopping list checkpoint and pending mutations" started.
◇ Test "mutation queue serializes shopping mutations and rejects duplicates" started.
◇ Test "disconnect cancels in-flight refresh and prevents session resurrection" started.
◇ Test "refresh coordinator shares one concurrent refresh and rotates tokens atomically" started.
◇ Test "refresh failures preserve prior session and disconnect clears auth state" started.
◇ Test "auth sessions validate, classify state, and rotate token responses" started.
◇ Test "token vault persists client id and sessions independently" started.
◇ Test "disconnect invalidates every waiter on a shared in-flight refresh" started.
◇ Test "shopping list read and sync requests require bearer auth" started.
◇ Test "refresh coordinator returns valid sessions without network refresh" started.
◇ Test "corrupt JSON recovers from fallback without overwriting the corrupt file" started.
◇ Test "shopping sync cursor rejects blank values" started.
◇ Test "delete item request supports header body and query idempotency" started.
◇ Test "missing sessions are invalid refresh state" started.
◇ Test "shopping list envelopes decode read sync and mutation payloads" started.
◇ Test "redirect validator accepts app links and localhost loopback only" started.
◇ Test "check item request encodes item id and checked state" started.
◇ Test "PKCE verifier validation and S256 challenge match RFC vector" started.
◇ Test "register request sends dynamic client registration JSON" started.
◇ Test "retry policy classifies idempotency and HTTP error responses" started.
◇ Test "OAuth register and token responses decode snake case payloads" started.
◇ Test "token exchange refresh and revoke requests are form encoded" started.
◇ Test "add item request sends JSON mutation body" started.
✔ Test "cookbook cover falls back cleanly when no images are available" passed after 0.007 seconds.
◇ Test "OAuth state trims and validates exact callback state" started.
◇ Test "authorize request builds browser URL and omits REST resource" started.
✔ Test "deleted source recipes do not expose safe navigation links" passed after 0.007 seconds.
✔ Test "recipe attribution exposes only safe source links" passed after 0.007 seconds.
✔ Test "cook mode progress handles empty, duplicate, invalid, and stale state" passed after 0.007 seconds.
✔ Test "recipe search summary falls back when serving text is absent" passed after 0.007 seconds.
✔ Test "manual step and ingredient initializers preserve values" passed after 0.007 seconds.
✔ Test "settings state describes auth environment and offline readiness" passed after 0.007 seconds.
✔ Test "recipe validation rejects malformed public payloads" passed after 0.007 seconds.
✔ Test "shopping list checkoff and removal keep receipt ordering stable" passed after 0.007 seconds.
✔ Test "cookbook catalog returns nil for missing ids" passed after 0.007 seconds.
✔ Test "recipe search summary preserves free-form serving text" passed after 0.007 seconds.
✔ Test "cookbook validation rejects malformed public payloads" passed after 0.007 seconds.
✔ Test "cookbook search summary exposes cover-aware navigation fields" passed after 0.007 seconds.
✔ Test "recipe fixture decodes API v1 recipe detail shape" passed after 0.007 seconds.
✔ Test "cookbook fixture decodes cover, recipe summaries, and attribution" passed after 0.007 seconds.
✔ Test "shopping list operations report useful errors" passed after 0.007 seconds.
✔ Test "capture drafts stay local until explicitly promoted" passed after 0.007 seconds.
✔ Test "kitchen fixture associated values encode back to fixture shape" passed after 0.007 seconds.
✔ Test "recipe search summary exposes public navigation fields" passed after 0.007 seconds.
✔ Test "recipe catalog returns nil for missing ids" passed after 0.007 seconds.
✔ Test "recipe list request builds anonymous GET with query parameters" passed after 0.007 seconds.
✔ Test "cookbook list data decodes summary rows without detail recipes" passed after 0.007 seconds.
✔ Test "settings state handles signed-out local and kitchen-scope variants" passed after 0.007 seconds.
✔ Test "shopping list add or restore merges matching display items" passed after 0.007 seconds.
✔ Test "shopping list fixture decodes receipt rows and active ordering" passed after 0.007 seconds.
✔ Test "shopping list restore matches normalized unit and moves restored rows to active tail" passed after 0.007 seconds.
✔ Test "capture drafts reject empty local text" passed after 0.007 seconds.
✔ Test "shopping list operations cover local create, display, grouping, and error edges" passed after 0.007 seconds.
✔ Test "pagination cursor rejects blank raw values" passed after 0.007 seconds.
✔ Test "error envelopes map API errors without losing status or request id" passed after 0.007 seconds.
✔ Test "cookbook search summary uses singular recipe text" passed after 0.007 seconds.
✔ Test "recipe steps and ingredients preserve display-safe API data" passed after 0.008 seconds.
✔ Test "cookbook encoding preserves the API v1 field names" passed after 0.007 seconds.
✔ Test "recipe detail request encodes path ids and omits stale bearer token by default" passed after 0.007 seconds.
✔ Test "public reads keep blank bearer tokens and blank queries out of requests" passed after 0.007 seconds.
✔ Test "success envelopes decode recipe list data and pagination metadata" passed after 0.008 seconds.
✔ Test "cookbook list and detail requests share public read policy" passed after 0.007 seconds.
✔ Test "kitchen fixture exposes the lead food object and restore metadata" passed after 0.008 seconds.
✔ Test "scenario command errors have useful descriptions" passed after 0.007 seconds.
✔ Test "bootstrap report allows only future native/app checks to remain pending" passed after 0.007 seconds.
✔ Test "cook mode progress persists current step and completion" passed after 0.008 seconds.
✔ Test "product name is stable" passed after 0.007 seconds.
✔ Test "scenario command parses bootstrap stage and output" passed after 0.007 seconds.
✔ Test "missing fixture reports file-not-found" passed after 0.008 seconds.
✔ Test "scenario command rejects malformed arguments" passed after 0.007 seconds.
✔ Test "scenario command reports unsupported future stages" passed after 0.007 seconds.
✔ Test "fixture resources are copied into test bundle" passed after 0.007 seconds.
✔ Test "offline snapshot restores shopping list checkpoint and pending mutations" passed after 0.002 seconds.
✔ Test "shopping list read and sync requests require bearer auth" passed after 0.002 seconds.
✔ Test "token vault persists client id and sessions independently" passed after 0.002 seconds.
✔ Test "refresh coordinator returns valid sessions without network refresh" passed after 0.002 seconds.
✔ Test "auth sessions validate, classify state, and rotate token responses" passed after 0.002 seconds.
✔ Test "shopping sync cursor rejects blank values" passed after 0.002 seconds.
✔ Test "missing sessions are invalid refresh state" passed after 0.002 seconds.
✔ Test "delete item request supports header body and query idempotency" passed after 0.002 seconds.
✔ Test "check item request encodes item id and checked state" passed after 0.001 seconds.
✔ Test "shopping list envelopes decode read sync and mutation payloads" passed after 0.001 seconds.
✔ Test "redirect validator accepts app links and localhost loopback only" passed after 0.001 seconds.
✔ Test "PKCE verifier validation and S256 challenge match RFC vector" passed after 0.001 seconds.
✔ Test "retry policy classifies idempotency and HTTP error responses" passed after 0.001 seconds.
✔ Test "mutation queue serializes shopping mutations and rejects duplicates" passed after 0.002 seconds.
✔ Test "register request sends dynamic client registration JSON" passed after 0.001 seconds.
✔ Test "OAuth register and token responses decode snake case payloads" passed after 0.001 seconds.
✔ Test "OAuth state trims and validates exact callback state" passed after 0.001 seconds.
✔ Test "add item request sends JSON mutation body" passed after 0.002 seconds.
✔ Test "authorize request builds browser URL and omits REST resource" passed after 0.002 seconds.
✔ Suite "Kitchen state domain" passed after 0.009 seconds.
✔ Suite "Recipe and cookbook domain" passed after 0.009 seconds.
✔ Suite "Public API v1 read client" passed after 0.009 seconds.
✔ Test "token exchange refresh and revoke requests are form encoded" passed after 0.002 seconds.
✔ Test "refresh failures preserve prior session and disconnect clears auth state" passed after 0.002 seconds.
✔ Suite "Shopping API v1 client" passed after 0.009 seconds.
✔ Suite "OAuth PKCE request construction" passed after 0.009 seconds.
✔ Test "disconnect cancels in-flight refresh and prevents session resurrection" passed after 0.002 seconds.
✔ Suite "SpoonjoyCore bootstrap" passed after 0.009 seconds.
✔ Test "sync checkpoint persists trimmed durable shopping cursor" passed after 0.007 seconds.
✔ Test "JSON file store does not fallback for filesystem read errors" passed after 0.003 seconds.
✔ Test "JSON file store reports non-decoding parser failures as unreadable" passed after 0.007 seconds.
✔ Test "corrupt JSON recovers from fallback without overwriting the corrupt file" passed after 0.002 seconds.
✔ Test "JSON file store covers missing fallback corrupt without fallback and empty delete" passed after 0.007 seconds.
✔ Test "JSON file store saves loads deletes and reports file source" passed after 0.007 seconds.
✔ Suite "Offline store and mutation queue" passed after 0.010 seconds.
✔ Test "disconnect invalidates every waiter on a shared in-flight refresh" passed after 0.010 seconds.
✔ Test "refresh coordinator shares one concurrent refresh and rotates tokens atomically" passed after 0.029 seconds.
✔ Suite "Token vault and refresh coordination" passed after 0.036 seconds.
✔ Test run with 77 tests in 8 suites passed after 0.037 seconds.
