$ swift test --filter APIReadClientTests --disable-xctest --parallel -Xswiftc -warnings-as-errors
[0/1] Planning build
Building for debugging...
[0/5] Write swift-version--58304C5D6DBC2206.txt
[2/8] Compiling SpoonjoyCoreTests SpoonjoyCoreBootstrapTests.swift
[3/8] Emitting module SpoonjoyCoreTests
[4/8] Compiling SpoonjoyCoreTests APIReadClientTests.swift
[5/8] Compiling SpoonjoyCoreTests KitchenStateTests.swift
[6/8] Compiling SpoonjoyCoreTests RecipeCookbookTests.swift
[7/10] Compiling SpoonjoyApplePackageTests runner.swift
[8/10] Emitting module SpoonjoyApplePackageTests
[8/10] Write Objects.LinkFileList
[9/10] Linking SpoonjoyApplePackageTests
Build complete! (7.62s)
◇ Test run started.
↳ Testing Library Version: 1902
↳ Target Platform: arm64e-apple-macos14.0
◇ Suite "Public API v1 read client" started.
◇ Test "recipe detail request encodes path ids and omits stale bearer token by default" started.
◇ Test "pagination cursor rejects blank raw values" started.
◇ Test "success envelopes decode recipe list data and pagination metadata" started.
◇ Test "recipe list request builds anonymous GET with query parameters" started.
◇ Test "cookbook list and detail requests share public read policy" started.
◇ Test "error envelopes map API errors without losing status or request id" started.
✔ Test "pagination cursor rejects blank raw values" passed after 0.001 seconds.
✔ Test "cookbook list and detail requests share public read policy" passed after 0.001 seconds.
✔ Test "recipe detail request encodes path ids and omits stale bearer token by default" passed after 0.001 seconds.
✔ Test "error envelopes map API errors without losing status or request id" passed after 0.001 seconds.
✔ Test "success envelopes decode recipe list data and pagination metadata" passed after 0.001 seconds.
✔ Test "recipe list request builds anonymous GET with query parameters" passed after 0.001 seconds.
✔ Suite "Public API v1 read client" passed after 0.001 seconds.
✔ Test run with 6 tests in 1 suite passed after 0.002 seconds.
