$ swift test --enable-code-coverage --disable-xctest --parallel -Xswiftc -warnings-as-errors
[0/1] Planning build
Building for debugging...
[0/6] Write swift-version--58304C5D6DBC2206.txt
[2/43] Compiling SpoonjoyCore OAuthPKCE.swift
[3/43] Compiling SpoonjoyCore OAuthRedirectValidator.swift
[4/43] Compiling SpoonjoyCore OAuthRequests.swift
[5/43] Compiling SpoonjoyCore OAuthResponses.swift
[6/46] Compiling SpoonjoyCore ScreenViewModels.swift
[7/46] Compiling SpoonjoyCore SearchState.swift
[8/46] Compiling SpoonjoyCore AuthSessionState.swift
[9/46] Compiling SpoonjoyCore InMemoryTokenVault.swift
[10/46] Compiling SpoonjoyCore RefreshCoordinator.swift
[11/46] Compiling SpoonjoyCore TokenVault.swift
[12/46] Compiling SpoonjoyCore CaptureDraft.swift
[13/46] Compiling SpoonjoyCore CookModeProgress.swift
[14/46] Compiling SpoonjoyCore NativeCapabilityMetadata.swift
[15/46] Compiling SpoonjoyCore ScenarioCommand.swift
[16/46] Compiling SpoonjoyCore ScenarioReport.swift
[17/46] Compiling SpoonjoyCore ScenarioVerifier.swift
[18/46] Compiling SpoonjoyCore ShoppingListRequests.swift
[19/46] Compiling SpoonjoyCore AppNavigationState.swift
[20/46] Compiling SpoonjoyCore AppRoute.swift
[21/46] Compiling SpoonjoyCore DeepLinkRouter.swift
[22/46] Compiling SpoonjoyCore APIRetryPolicy.swift
[23/46] Compiling SpoonjoyCore PaginationCursor.swift
[24/46] Compiling SpoonjoyCore PublicCatalogRequests.swift
[25/46] Compiling SpoonjoyCore ShoppingListAPI.swift
[26/46] Compiling SpoonjoyCore JSONFileStore.swift
[27/46] Compiling SpoonjoyCore MutationQueue.swift
[28/46] Compiling SpoonjoyCore OfflineSnapshot.swift
[29/46] Compiling SpoonjoyCore SyncCheckpoint.swift
[30/46] Emitting module SpoonjoyCore
[31/46] Compiling SpoonjoyCore KitchenFixtureState.swift
[32/46] Compiling SpoonjoyCore SettingsState.swift
[33/46] Compiling SpoonjoyCore ShoppingListState.swift
[34/46] Compiling SpoonjoyCore DeepLinkManifest.swift
[35/46] Compiling SpoonjoyCore APIClient.swift
[36/46] Compiling SpoonjoyCore APIEnvelope.swift
[37/46] Compiling SpoonjoyCore APIError.swift
[38/46] Compiling SpoonjoyCore APIRequestBuilder.swift
[39/46] Compiling SpoonjoyCore RecipeCookbook.swift
[40/46] Compiling SpoonjoyCore SpoonjoyCore.swift
[41/46] Compiling SpoonjoyCore resource_bundle_accessor.swift
[42/60] Emitting module SpoonjoyScenarioVerifier
[43/60] Compiling SpoonjoyScenarioVerifier ScenarioProcessMain.swift
[44/60] Compiling SpoonjoyScenarioVerifier main.swift
[44/60] Write Objects.LinkFileList
[45/60] Linking SpoonjoyScenarioVerifier
[46/60] Applying SpoonjoyScenarioVerifier
[48/60] Compiling SpoonjoyCoreTests SpoonjoyCoreBootstrapTests.swift
[49/61] Compiling SpoonjoyCoreTests OAuthRequestTests.swift
[50/61] Compiling SpoonjoyCoreTests NativeScenarioTests.swift
[51/61] Compiling SpoonjoyCoreTests ShoppingAPIClientTests.swift
[52/61] Compiling SpoonjoyCoreTests KitchenStateTests.swift
[53/61] Compiling SpoonjoyCoreTests DeepLinkRouterTests.swift
[54/61] Compiling SpoonjoyCoreTests APIReadClientTests.swift
[55/61] Compiling SpoonjoyCoreTests AppStateTests.swift
[56/61] Compiling SpoonjoyCoreTests TokenRefreshTests.swift
[57/61] Emitting module SpoonjoyCoreTests
[58/61] Compiling SpoonjoyCoreTests OfflineStoreTests.swift
[59/61] Compiling SpoonjoyCoreTests RecipeCookbookTests.swift
[60/63] Emitting module SpoonjoyApplePackageTests
[61/63] Compiling SpoonjoyApplePackageTests runner.swift
[61/63] Write Objects.LinkFileList
[62/63] Linking SpoonjoyApplePackageTests
Build complete! (5.71s)
◇ Test run started.
↳ Testing Library Version: 1902
↳ Target Platform: arm64e-apple-macos14.0
◇ Suite "Deep link router" started.
◇ Suite "Kitchen state domain" started.
◇ Suite "Offline store and mutation queue" started.
◇ Suite "App state and screen view models" started.
◇ Suite "Shopping API v1 client" started.
◇ Suite "Token vault and refresh coordination" started.
◇ Suite "SpoonjoyCore bootstrap" started.
◇ Suite "Native scenario metadata" started.
◇ Suite "Public API v1 read client" started.
◇ Suite "Recipe and cookbook domain" started.
◇ Suite "OAuth PKCE request construction" started.
◇ Test "kitchen fixture associated values encode back to fixture shape" started.
◇ Test "rejects unsafe or unsupported links as unknown" started.
◇ Test "routes every accepted web and scheme URL" started.
◇ Test "corrupt JSON recovers from fallback without overwriting the corrupt file" started.
◇ Test "settings state describes auth environment and offline readiness" started.
◇ Test "cook mode progress persists current step and completion" started.
◇ Test "shopping list operations report useful errors" started.
◇ Test "JSON file store saves loads deletes and reports file source" started.
◇ Test "preserves decoded search query and defaults missing scope to all" started.
◇ Test "kitchen fixture exposes the lead food object and restore metadata" started.
◇ Test "settings state handles signed-out local and kitchen-scope variants" started.
◇ Test "JSON file store does not fallback for filesystem read errors" started.
◇ Test "cook mode progress handles empty, duplicate, invalid, and stale state" started.
◇ Test "shopping list add or restore merges matching display items" started.
◇ Test "shopping list fixture decodes receipt rows and active ordering" started.
◇ Test "sync checkpoint persists trimmed durable shopping cursor" started.
◇ Test "JSON file store reports non-decoding parser failures as unreadable" started.
◇ Test "JSON file store covers missing fallback corrupt without fallback and empty delete" started.
◇ Test "search state trims queries and exposes a route" started.
◇ Test "shopping list checkoff and removal keep receipt ordering stable" started.
◇ Test "mutation queue serializes shopping mutations and rejects duplicates" started.
◇ Test "shopping list operations cover local create, display, grouping, and error edges" started.
◇ Test "shopping list restore matches normalized unit and moves restored rows to active tail" started.
◇ Test "offline snapshot restores shopping list checkpoint and pending mutations" started.
◇ Test "refresh coordinator returns valid sessions without network refresh" started.
◇ Test "navigation state tracks route sidebar recipe and cook mode" started.
◇ Test "auth sessions validate, classify state, and rotate token responses" started.
◇ Test "missing sessions are invalid refresh state" started.
◇ Test "screen view models delegate to existing domain state" started.
◇ Test "disconnect cancels in-flight refresh and prevents session resurrection" started.
◇ Test "check item request encodes item id and checked state" started.
◇ Test "capture drafts reject empty local text" started.
◇ Test "capture drafts stay local until explicitly promoted" started.
◇ Test "token vault persists client id and sessions independently" started.
◇ Test "delete item request supports header body and query idempotency" started.
◇ Test "navigation applies deep links through the shared router" started.
◇ Test "shopping sync cursor rejects blank values" started.
◇ Test "shopping list read and sync requests require bearer auth" started.
◇ Test "add item request sends JSON mutation body" started.
◇ Test "mutation queue validates public construction and durable restore invariants" started.
◇ Test "disconnect invalidates every waiter on a shared in-flight refresh" started.
◇ Test "shopping list envelopes decode read sync and mutation payloads" started.
◇ Test "refresh coordinator shares one concurrent refresh and rotates tokens atomically" started.
◇ Test "recipe list request builds anonymous GET with query parameters" started.
◇ Test "refresh failures preserve prior session and disconnect clears auth state" started.
◇ Test "cookbook encoding preserves the API v1 field names" started.
◇ Test "error envelopes map API errors without losing status or request id" started.
◇ Test "retry policy classifies idempotency and HTTP error responses" started.
◇ Test "cookbook search summary uses singular recipe text" started.
◇ Test "public reads keep blank bearer tokens and blank queries out of requests" started.
◇ Test "success envelopes decode recipe list data and pagination metadata" started.
◇ Test "pagination cursor rejects blank raw values" started.
◇ Test "cookbook list and detail requests share public read policy" started.
◇ Test "cookbook catalog returns nil for missing ids" started.
◇ Test "cookbook fixture decodes cover, recipe summaries, and attribution" started.
◇ Test "recipe search summary exposes public navigation fields" started.
◇ Test "recipe detail request encodes path ids and omits stale bearer token by default" started.
◇ Test "recipe search summary falls back when serving text is absent" started.
◇ Test "recipe catalog returns nil for missing ids" started.
◇ Test "cookbook list data decodes summary rows without detail recipes" started.
◇ Test "recipe validation rejects malformed public payloads" started.
◇ Test "recipe steps and ingredients preserve display-safe API data" started.
◇ Test "manual step and ingredient initializers preserve values" started.
◇ Test "deleted source recipes do not expose safe navigation links" started.
◇ Test "recipe attribution exposes only safe source links" started.
◇ Test "token exchange refresh and revoke requests are form encoded" started.
◇ Test "OAuth state trims and validates exact callback state" started.
◇ Test "recipe search summary preserves free-form serving text" started.
◇ Test "register request sends dynamic client registration JSON" started.
◇ Test "OAuth register and token responses decode snake case payloads" started.
◇ Test "redirect validator accepts app links and localhost loopback only" started.
◇ Test "PKCE verifier validation and S256 challenge match RFC vector" started.
◇ Test "recipe fixture decodes API v1 recipe detail shape" started.
◇ Test "authorize request builds browser URL and omits REST resource" started.
◇ Test "cookbook cover falls back cleanly when no images are available" started.
◇ Test "scenario command errors have useful descriptions" started.
◇ Test "scenario command parses bootstrap stage and output" started.
◇ Test "cookbook search summary exposes cover-aware navigation fields" started.
◇ Test "cookbook validation rejects malformed public payloads" started.
◇ Test "scenario command rejects malformed arguments" started.
◇ Test "bootstrap report allows only future native/app checks to remain pending" started.
◇ Test "scenario command writes output and supports stdout mode" started.
◇ Test "native metadata command parses stage and output path" started.
◇ Test "native metadata report exposes Apple-native capabilities" started.
◇ Test "missing fixture reports file-not-found" started.
◇ Test "verify native scenarios script gates native metadata behavior" started.
◇ Test "native metadata report encoding is deterministic" started.
◇ Test "scenario verifier covers root override and failing native metadata checks" started.
◇ Test "app integration sources typecheck and declare expected native types" started.
◇ Test "scenario command reports unsupported future stages" started.
◇ Test "product name is stable" started.
◇ Test "fixture resources are copied into test bundle" started.
✔ Test "settings state describes auth environment and offline readiness" passed after 0.006 seconds.
✔ Test "rejects unsafe or unsupported links as unknown" passed after 0.006 seconds.
✔ Test "cook mode progress persists current step and completion" passed after 0.006 seconds.
✔ Test "routes every accepted web and scheme URL" passed after 0.007 seconds.
✔ Test "preserves decoded search query and defaults missing scope to all" passed after 0.006 seconds.
✔ Test "cook mode progress handles empty, duplicate, invalid, and stale state" passed after 0.007 seconds.
✔ Test "sync checkpoint persists trimmed durable shopping cursor" passed after 0.007 seconds.
✔ Test "JSON file store reports non-decoding parser failures as unreadable" passed after 0.007 seconds.
✔ Test "settings state handles signed-out local and kitchen-scope variants" passed after 0.007 seconds.
✔ Test "kitchen fixture exposes the lead food object and restore metadata" passed after 0.007 seconds.
✔ Test "search state trims queries and exposes a route" passed after 0.007 seconds.
✔ Test "shopping list add or restore merges matching display items" passed after 0.007 seconds.
✔ Test "shopping list checkoff and removal keep receipt ordering stable" passed after 0.007 seconds.
✔ Test "shopping list fixture decodes receipt rows and active ordering" passed after 0.007 seconds.
✔ Test "kitchen fixture associated values encode back to fixture shape" passed after 0.007 seconds.
✔ Test "refresh coordinator returns valid sessions without network refresh" passed after 0.007 seconds.
✔ Test "shopping list operations report useful errors" passed after 0.007 seconds.
✔ Test "shopping list operations cover local create, display, grouping, and error edges" passed after 0.007 seconds.
✔ Test "navigation state tracks route sidebar recipe and cook mode" passed after 0.007 seconds.
✔ Test "shopping list restore matches normalized unit and moves restored rows to active tail" passed after 0.007 seconds.
✔ Test "missing sessions are invalid refresh state" passed after 0.007 seconds.
✔ Test "offline snapshot restores shopping list checkpoint and pending mutations" passed after 0.007 seconds.
✔ Test "capture drafts reject empty local text" passed after 0.007 seconds.
✔ Test "capture drafts stay local until explicitly promoted" passed after 0.007 seconds.
✔ Test "check item request encodes item id and checked state" passed after 0.007 seconds.
✔ Test "corrupt JSON recovers from fallback without overwriting the corrupt file" passed after 0.007 seconds.
✔ Test "token vault persists client id and sessions independently" passed after 0.007 seconds.
✔ Test "shopping list read and sync requests require bearer auth" passed after 0.007 seconds.
✔ Test "navigation applies deep links through the shared router" passed after 0.007 seconds.
✔ Test "JSON file store saves loads deletes and reports file source" passed after 0.007 seconds.
✔ Test "auth sessions validate, classify state, and rotate token responses" passed after 0.007 seconds.
✔ Test "recipe list request builds anonymous GET with query parameters" passed after 0.007 seconds.
✔ Test "JSON file store does not fallback for filesystem read errors" passed after 0.007 seconds.
✔ Test "add item request sends JSON mutation body" passed after 0.007 seconds.
✔ Test "JSON file store covers missing fallback corrupt without fallback and empty delete" passed after 0.007 seconds.
✔ Test "delete item request supports header body and query idempotency" passed after 0.007 seconds.
✔ Test "shopping list envelopes decode read sync and mutation payloads" passed after 0.007 seconds.
✔ Test "success envelopes decode recipe list data and pagination metadata" passed after 0.007 seconds.
✔ Test "shopping sync cursor rejects blank values" passed after 0.007 seconds.
✔ Test "public reads keep blank bearer tokens and blank queries out of requests" passed after 0.007 seconds.
✔ Test "cookbook list and detail requests share public read policy" passed after 0.007 seconds.
✔ Test "mutation queue validates public construction and durable restore invariants" passed after 0.007 seconds.
✔ Test "cookbook search summary uses singular recipe text" passed after 0.007 seconds.
✔ Test "pagination cursor rejects blank raw values" passed after 0.007 seconds.
✔ Test "cookbook catalog returns nil for missing ids" passed after 0.007 seconds.
✔ Test "recipe detail request encodes path ids and omits stale bearer token by default" passed after 0.007 seconds.
✔ Test "screen view models delegate to existing domain state" passed after 0.007 seconds.
✔ Test "error envelopes map API errors without losing status or request id" passed after 0.007 seconds.
✔ Test "recipe search summary falls back when serving text is absent" passed after 0.007 seconds.
✔ Test "cookbook list data decodes summary rows without detail recipes" passed after 0.007 seconds.
✔ Test "manual step and ingredient initializers preserve values" passed after 0.007 seconds.
✔ Test "recipe catalog returns nil for missing ids" passed after 0.007 seconds.
✔ Test "cookbook fixture decodes cover, recipe summaries, and attribution" passed after 0.007 seconds.
✔ Test "retry policy classifies idempotency and HTTP error responses" passed after 0.007 seconds.
✔ Test "cookbook encoding preserves the API v1 field names" passed after 0.007 seconds.
✔ Test "deleted source recipes do not expose safe navigation links" passed after 0.007 seconds.
✔ Test "recipe search summary preserves free-form serving text" passed after 0.006 seconds.
✔ Test "recipe validation rejects malformed public payloads" passed after 0.007 seconds.
✔ Test "recipe steps and ingredients preserve display-safe API data" passed after 0.007 seconds.
✔ Test "token exchange refresh and revoke requests are form encoded" passed after 0.006 seconds.
✔ Test "recipe search summary exposes public navigation fields" passed after 0.007 seconds.
✔ Test "register request sends dynamic client registration JSON" passed after 0.006 seconds.
✔ Test "scenario command errors have useful descriptions" passed after 0.006 seconds.
✔ Test "scenario command parses bootstrap stage and output" passed after 0.006 seconds.
✔ Test "recipe attribution exposes only safe source links" passed after 0.007 seconds.
✔ Test "OAuth register and token responses decode snake case payloads" passed after 0.007 seconds.
✔ Test "recipe fixture decodes API v1 recipe detail shape" passed after 0.006 seconds.
✔ Test "authorize request builds browser URL and omits REST resource" passed after 0.006 seconds.
✔ Test "OAuth state trims and validates exact callback state" passed after 0.007 seconds.
✔ Test "redirect validator accepts app links and localhost loopback only" passed after 0.006 seconds.
✔ Test "scenario command rejects malformed arguments" passed after 0.005 seconds.
✔ Test "cookbook cover falls back cleanly when no images are available" passed after 0.006 seconds.
✔ Test "PKCE verifier validation and S256 challenge match RFC vector" passed after 0.006 seconds.
✔ Test "cookbook search summary exposes cover-aware navigation fields" passed after 0.005 seconds.
✔ Test "cookbook validation rejects malformed public payloads" passed after 0.005 seconds.
✔ Test "bootstrap report allows only future native/app checks to remain pending" passed after 0.003 seconds.
✔ Test "missing fixture reports file-not-found" passed after 0.003 seconds.
✔ Test "product name is stable" passed after 0.003 seconds.
✔ Test "native metadata command parses stage and output path" passed after 0.003 seconds.
✔ Test "fixture resources are copied into test bundle" passed after 0.003 seconds.
✔ Test "scenario command reports unsupported future stages" passed after 0.003 seconds.
✔ Suite "Deep link router" passed after 0.009 seconds.
✔ Suite "Kitchen state domain" passed after 0.009 seconds.
✔ Suite "App state and screen view models" passed after 0.009 seconds.
✔ Test "scenario verifier covers root override and failing native metadata checks" passed after 0.003 seconds.
✔ Test "refresh failures preserve prior session and disconnect clears auth state" passed after 0.008 seconds.
✔ Suite "Public API v1 read client" passed after 0.009 seconds.
✔ Suite "OAuth PKCE request construction" passed after 0.009 seconds.
✔ Suite "SpoonjoyCore bootstrap" passed after 0.009 seconds.
✔ Suite "Recipe and cookbook domain" passed after 0.009 seconds.
✔ Test "native metadata report encoding is deterministic" passed after 0.003 seconds.
✔ Suite "Shopping API v1 client" passed after 0.009 seconds.
✔ Test "mutation queue serializes shopping mutations and rejects duplicates" passed after 0.008 seconds.
✔ Test "disconnect cancels in-flight refresh and prevents session resurrection" passed after 0.008 seconds.
✔ Suite "Offline store and mutation queue" passed after 0.009 seconds.
✔ Test "native metadata report exposes Apple-native capabilities" passed after 0.004 seconds.
{
  "checks" : [
    {
      "detail" : "Fixture resources are packaged.",
      "name" : "fixture bundle",
      "status" : "pass"
    },
    {
      "detail" : "Native metadata lands in Unit 10.",
      "name" : "native metadata",
      "status" : "pending"
    },
    {
      "detail" : "SwiftUI surfaces land in Units 13-16.",
      "name" : "app surfaces",
      "status" : "pending"
    }
  ],
  "nativeCapabilities" : {
    "appIntents" : [

    ],
    "associatedDomains" : [

    ],
    "deepLinkRoutes" : [

    ],
    "offlineFlows" : [
      "fixture-offline-restore"
    ],
    "searchableScopes" : [

    ],
    "shareActions" : [

    ],
    "spotlightIndexedTypes" : [

    ],
    "urlSchemes" : [

    ]
  },
  "ok" : true,
  "stage" : "bootstrap"
}
✔ Test "scenario command writes output and supports stdout mode" passed after 0.004 seconds.
✔ Test "disconnect invalidates every waiter on a shared in-flight refresh" passed after 0.015 seconds.
✔ Test "refresh coordinator shares one concurrent refresh and rotates tokens atomically" passed after 0.038 seconds.
✔ Suite "Token vault and refresh coordination" passed after 0.039 seconds.
✔ Test "app integration sources typecheck and declare expected native types" passed after 0.588 seconds.
✔ Test "verify native scenarios script gates native metadata behavior" passed after 11.780 seconds.
✔ Suite "Native scenario metadata" passed after 11.785 seconds.
✔ Test run with 92 tests in 11 suites passed after 11.785 seconds.
