Building for debugging...
[0/5] Write sources
[1/5] Write swift-version--58304C5D6DBC2206.txt
[3/6] Emitting module SpoonjoyCoreTests
[4/6] Compiling SpoonjoyCoreTests OfflineStoreTests.swift
[4/6] Write Objects.LinkFileList
[5/6] Linking SpoonjoyApplePackageTests
Build complete! (1.96s)
◇ Test run started.
↳ Testing Library Version: 1902
↳ Target Platform: arm64e-apple-macos14.0
◇ Suite "Offline store and mutation queue" started.
◇ Test "JSON file store does not fallback for filesystem read errors" started.
◇ Test "mutation queue validates public construction and durable restore invariants" started.
◇ Test "JSON file store covers missing fallback corrupt without fallback and empty delete" started.
◇ Test "corrupt JSON recovers from fallback without overwriting the corrupt file" started.
◇ Test "mutation queue serializes shopping mutations and rejects duplicates" started.
◇ Test "JSON file store reports non-decoding parser failures as unreadable" started.
◇ Test "sync checkpoint persists trimmed durable shopping cursor" started.
◇ Test "offline snapshot restores shopping list checkpoint and pending mutations" started.
◇ Test "JSON file store saves loads deletes and reports file source" started.
✔ Test "mutation queue validates public construction and durable restore invariants" passed after 0.001 seconds.
✔ Test "mutation queue serializes shopping mutations and rejects duplicates" passed after 0.001 seconds.
✔ Test "JSON file store reports non-decoding parser failures as unreadable" passed after 0.002 seconds.
✔ Test "sync checkpoint persists trimmed durable shopping cursor" passed after 0.002 seconds.
✔ Test "offline snapshot restores shopping list checkpoint and pending mutations" passed after 0.004 seconds.
✔ Test "JSON file store does not fallback for filesystem read errors" passed after 0.004 seconds.
✔ Test "corrupt JSON recovers from fallback without overwriting the corrupt file" passed after 0.005 seconds.
✔ Test "JSON file store covers missing fallback corrupt without fallback and empty delete" passed after 0.005 seconds.
✔ Test "JSON file store saves loads deletes and reports file source" passed after 0.005 seconds.
✔ Suite "Offline store and mutation queue" passed after 0.005 seconds.
✔ Test run with 9 tests in 1 suite passed after 0.005 seconds.
