[0/1] Planning build
Building for debugging...
[0/4] Write swift-version--58304C5D6DBC2206.txt
Build complete! (0.21s)
◇ Test run started.
↳ Testing Library Version: 1902
↳ Target Platform: arm64e-apple-macos14.0
◇ Suite "Offline store and mutation queue" started.
◇ Test "mutation queue serializes shopping mutations and rejects duplicates" started.
◇ Test "offline snapshot restores shopping list checkpoint and pending mutations" started.
◇ Test "sync checkpoint persists trimmed durable shopping cursor" started.
◇ Test "JSON file store saves loads deletes and reports file source" started.
◇ Test "corrupt JSON recovers from fallback without overwriting the corrupt file" started.
✔ Test "mutation queue serializes shopping mutations and rejects duplicates" passed after 0.002 seconds.
✔ Test "sync checkpoint persists trimmed durable shopping cursor" passed after 0.002 seconds.
✔ Test "offline snapshot restores shopping list checkpoint and pending mutations" passed after 0.006 seconds.
✔ Test "corrupt JSON recovers from fallback without overwriting the corrupt file" passed after 0.007 seconds.
✔ Test "JSON file store saves loads deletes and reports file source" passed after 0.007 seconds.
✔ Suite "Offline store and mutation queue" passed after 0.007 seconds.
✔ Test run with 5 tests in 1 suite passed after 0.008 seconds.
