[0/1] Planning build
Building for debugging...
[0/6] Write sources
[1/6] Write swift-version--58304C5D6DBC2206.txt
[3/15] Compiling SpoonjoyCoreTests DeepLinkRouterTests.swift
[4/15] Emitting module SpoonjoyCoreTests
[5/15] Compiling SpoonjoyCoreTests RecipeCookbookTests.swift
[6/15] Compiling SpoonjoyCoreTests OfflineStoreTests.swift
[7/15] Compiling SpoonjoyCoreTests NativeScenarioTests.swift
[8/15] Compiling SpoonjoyCoreTests OAuthRequestTests.swift
[9/15] Compiling SpoonjoyCoreTests KitchenStateTests.swift
[10/15] Compiling SpoonjoyCoreTests ShoppingAPIClientTests.swift
[11/15] Compiling SpoonjoyCoreTests SpoonjoyCoreBootstrapTests.swift
[12/15] Compiling SpoonjoyCoreTests APIReadClientTests.swift
/Users/arimendelow/Projects/spoonjoy-apple/Tests/SpoonjoyCoreTests/AppStateTests.swift:74:24: error: value of type 'SearchState' has no member 'apply'
 72 |         var search = SearchState(query: "old", scope: .all)
 73 | 
 74 |         #expect(search.apply(route: .recipes) == false)
    |                        `- error: value of type 'SearchState' has no member 'apply'
 75 |         #expect(search.query == "old")
 76 |         #expect(search.scope == .all)

/Users/arimendelow/Projects/spoonjoy-apple/Tests/SpoonjoyCoreTests/AppStateTests.swift:74:38: error: cannot infer contextual base in reference to member 'recipes'
 72 |         var search = SearchState(query: "old", scope: .all)
 73 | 
 74 |         #expect(search.apply(route: .recipes) == false)
    |                                      `- error: cannot infer contextual base in reference to member 'recipes'
 75 |         #expect(search.query == "old")
 76 |         #expect(search.scope == .all)

/Users/arimendelow/Projects/spoonjoy-apple/Tests/SpoonjoyCoreTests/AppStateTests.swift:78:24: error: value of type 'SearchState' has no member 'apply'
 76 |         #expect(search.scope == .all)
 77 | 
 78 |         #expect(search.apply(route: .search(query: "  lemon  ", scope: .recipes)))
    |                        `- error: value of type 'SearchState' has no member 'apply'
 79 |         #expect(search.query == "lemon")
 80 |         #expect(search.scope == .recipes)

/Users/arimendelow/Projects/spoonjoy-apple/Tests/SpoonjoyCoreTests/AppStateTests.swift:78:38: error: cannot infer contextual base in reference to member 'search'
 76 |         #expect(search.scope == .all)
 77 | 
 78 |         #expect(search.apply(route: .search(query: "  lemon  ", scope: .recipes)))
    |                                      `- error: cannot infer contextual base in reference to member 'search'
 79 |         #expect(search.query == "lemon")
 80 |         #expect(search.scope == .recipes)

/Users/arimendelow/Projects/spoonjoy-apple/Tests/SpoonjoyCoreTests/AppStateTests.swift:78:73: error: cannot infer contextual base in reference to member 'recipes'
 76 |         #expect(search.scope == .all)
 77 | 
 78 |         #expect(search.apply(route: .search(query: "  lemon  ", scope: .recipes)))
    |                                                                         `- error: cannot infer contextual base in reference to member 'recipes'
 79 |         #expect(search.query == "lemon")
 80 |         #expect(search.scope == .recipes)
[13/15] Compiling SpoonjoyCoreTests AppStateTests.swift
/Users/arimendelow/Projects/spoonjoy-apple/Tests/SpoonjoyCoreTests/AppStateTests.swift:74:24: error: value of type 'SearchState' has no member 'apply'
 72 |         var search = SearchState(query: "old", scope: .all)
 73 | 
 74 |         #expect(search.apply(route: .recipes) == false)
    |                        `- error: value of type 'SearchState' has no member 'apply'
 75 |         #expect(search.query == "old")
 76 |         #expect(search.scope == .all)

/Users/arimendelow/Projects/spoonjoy-apple/Tests/SpoonjoyCoreTests/AppStateTests.swift:74:38: error: cannot infer contextual base in reference to member 'recipes'
 72 |         var search = SearchState(query: "old", scope: .all)
 73 | 
 74 |         #expect(search.apply(route: .recipes) == false)
    |                                      `- error: cannot infer contextual base in reference to member 'recipes'
 75 |         #expect(search.query == "old")
 76 |         #expect(search.scope == .all)

/Users/arimendelow/Projects/spoonjoy-apple/Tests/SpoonjoyCoreTests/AppStateTests.swift:78:24: error: value of type 'SearchState' has no member 'apply'
 76 |         #expect(search.scope == .all)
 77 | 
 78 |         #expect(search.apply(route: .search(query: "  lemon  ", scope: .recipes)))
    |                        `- error: value of type 'SearchState' has no member 'apply'
 79 |         #expect(search.query == "lemon")
 80 |         #expect(search.scope == .recipes)

/Users/arimendelow/Projects/spoonjoy-apple/Tests/SpoonjoyCoreTests/AppStateTests.swift:78:38: error: cannot infer contextual base in reference to member 'search'
 76 |         #expect(search.scope == .all)
 77 | 
 78 |         #expect(search.apply(route: .search(query: "  lemon  ", scope: .recipes)))
    |                                      `- error: cannot infer contextual base in reference to member 'search'
 79 |         #expect(search.query == "lemon")
 80 |         #expect(search.scope == .recipes)

/Users/arimendelow/Projects/spoonjoy-apple/Tests/SpoonjoyCoreTests/AppStateTests.swift:78:73: error: cannot infer contextual base in reference to member 'recipes'
 76 |         #expect(search.scope == .all)
 77 | 
 78 |         #expect(search.apply(route: .search(query: "  lemon  ", scope: .recipes)))
    |                                                                         `- error: cannot infer contextual base in reference to member 'recipes'
 79 |         #expect(search.query == "lemon")
 80 |         #expect(search.scope == .recipes)
[14/16] Compiling SpoonjoyCoreTests TokenRefreshTests.swift
error: fatalError
