$ swift test --enable-code-coverage --disable-xctest --parallel -Xswiftc -warnings-as-errors
[0/1] Planning build
Building for debugging...
[0/6] Write swift-version--58304C5D6DBC2206.txt
[2/15] Compiling SpoonjoyCore resource_bundle_accessor.swift
[3/15] Compiling SpoonjoyCore SpoonjoyCore.swift
[4/15] Compiling SpoonjoyCore SettingsState.swift
[5/15] Compiling SpoonjoyCore ShoppingListState.swift
[6/15] Compiling SpoonjoyCore CookModeProgress.swift
[7/15] Compiling SpoonjoyCore KitchenFixtureState.swift
[8/15] Emitting module SpoonjoyCore
[9/15] Compiling SpoonjoyCore CaptureDraft.swift
[10/15] Compiling SpoonjoyCore RecipeCookbook.swift
[11/21] Emitting module SpoonjoyScenarioVerifier
[12/21] Compiling SpoonjoyScenarioVerifier main.swift
[12/21] Write Objects.LinkFileList
[13/21] Linking SpoonjoyScenarioVerifier
[14/21] Applying SpoonjoyScenarioVerifier
[16/21] Compiling SpoonjoyCoreTests RecipeCookbookTests.swift
[17/21] Emitting module SpoonjoyCoreTests
[18/21] Compiling SpoonjoyCoreTests KitchenStateTests.swift
[19/21] Compiling SpoonjoyCoreTests SpoonjoyCoreBootstrapTests.swift
[20/23] Compiling SpoonjoyApplePackageTests runner.swift
[21/23] Emitting module SpoonjoyApplePackageTests
[21/23] Write Objects.LinkFileList
[22/23] Linking SpoonjoyApplePackageTests
Build complete! (3.94s)
◇ Test run started.
↳ Testing Library Version: 1902
↳ Target Platform: arm64e-apple-macos14.0
◇ Suite "SpoonjoyCore bootstrap" started.
◇ Suite "Kitchen state domain" started.
◇ Suite "Recipe and cookbook domain" started.
◇ Test "fixture resources are copied into test bundle" started.
◇ Test "missing fixture reports file-not-found" started.
◇ Test "bootstrap report allows only future native/app checks to remain pending" started.
◇ Test "scenario command reports unsupported future stages" started.
◇ Test "cook mode progress handles empty, duplicate, invalid, and stale state" started.
◇ Test "scenario command rejects malformed arguments" started.
◇ Test "scenario command parses bootstrap stage and output" started.
◇ Test "product name is stable" started.
◇ Test "scenario command errors have useful descriptions" started.
◇ Test "shopping list checkoff and removal keep receipt ordering stable" started.
◇ Test "cook mode progress persists current step and completion" started.
◇ Test "shopping list operations report useful errors" started.
◇ Test "capture drafts reject empty local text" started.
◇ Test "kitchen fixture exposes the lead food object and restore metadata" started.
◇ Test "shopping list operations cover local create, display, grouping, and error edges" started.
◇ Test "capture drafts stay local until explicitly promoted" started.
◇ Test "shopping list fixture decodes receipt rows and active ordering" started.
◇ Test "settings state describes auth environment and offline readiness" started.
◇ Test "kitchen fixture associated values encode back to fixture shape" started.
◇ Test "shopping list add or restore merges matching display items" started.
◇ Test "settings state handles signed-out local and kitchen-scope variants" started.
◇ Test "recipe search summary exposes public navigation fields" started.
◇ Test "recipe attribution exposes only safe source links" started.
◇ Test "deleted source recipes do not expose safe navigation links" started.
◇ Test "cookbook validation rejects malformed public payloads" started.
◇ Test "cookbook catalog returns nil for missing ids" started.
◇ Test "cookbook encoding preserves the API v1 field names" started.
◇ Test "recipe catalog returns nil for missing ids" started.
◇ Test "cookbook cover falls back cleanly when no images are available" started.
◇ Test "recipe steps and ingredients preserve display-safe API data" started.
◇ Test "manual step and ingredient initializers preserve values" started.
◇ Test "recipe validation rejects malformed public payloads" started.
◇ Test "cookbook search summary exposes cover-aware navigation fields" started.
◇ Test "recipe search summary preserves free-form serving text" started.
◇ Test "cookbook search summary uses singular recipe text" started.
◇ Test "cookbook fixture decodes cover, recipe summaries, and attribution" started.
◇ Test "recipe search summary falls back when serving text is absent" started.
◇ Test "recipe fixture decodes API v1 recipe detail shape" started.
✔ Test "product name is stable" passed after 0.001 seconds.
✔ Test "scenario command parses bootstrap stage and output" passed after 0.001 seconds.
✔ Test "scenario command reports unsupported future stages" passed after 0.001 seconds.
✔ Test "scenario command errors have useful descriptions" passed after 0.001 seconds.
✔ Test "bootstrap report allows only future native/app checks to remain pending" passed after 0.004 seconds.
✔ Test "cook mode progress handles empty, duplicate, invalid, and stale state" passed after 0.004 seconds.
✔ Test "capture drafts reject empty local text" passed after 0.004 seconds.
✔ Test "cook mode progress persists current step and completion" passed after 0.004 seconds.
✔ Test "capture drafts stay local until explicitly promoted" passed after 0.005 seconds.
✔ Test "scenario command rejects malformed arguments" passed after 0.005 seconds.
✔ Test "settings state describes auth environment and offline readiness" passed after 0.005 seconds.
✔ Test "settings state handles signed-out local and kitchen-scope variants" passed after 0.005 seconds.
✔ Test "missing fixture reports file-not-found" passed after 0.006 seconds.
✔ Test "fixture resources are copied into test bundle" passed after 0.006 seconds.
✔ Test "recipe search summary exposes public navigation fields" passed after 0.005 seconds.
✔ Test "shopping list operations report useful errors" passed after 0.006 seconds.
✔ Test "kitchen fixture associated values encode back to fixture shape" passed after 0.005 seconds.
✔ Test "recipe attribution exposes only safe source links" passed after 0.005 seconds.
✔ Test "cookbook cover falls back cleanly when no images are available" passed after 0.005 seconds.
✔ Test "manual step and ingredient initializers preserve values" passed after 0.005 seconds.
✔ Test "kitchen fixture exposes the lead food object and restore metadata" passed after 0.006 seconds.
✔ Test "shopping list add or restore merges matching display items" passed after 0.006 seconds.
✔ Test "shopping list operations cover local create, display, grouping, and error edges" passed after 0.006 seconds.
✔ Test "shopping list checkoff and removal keep receipt ordering stable" passed after 0.006 seconds.
✔ Test "recipe catalog returns nil for missing ids" passed after 0.005 seconds.
✔ Test "cookbook search summary uses singular recipe text" passed after 0.005 seconds.
✔ Test "recipe search summary preserves free-form serving text" passed after 0.005 seconds.
✔ Test "recipe validation rejects malformed public payloads" passed after 0.005 seconds.
✔ Test "cookbook fixture decodes cover, recipe summaries, and attribution" passed after 0.005 seconds.
✔ Test "recipe search summary falls back when serving text is absent" passed after 0.005 seconds.
✔ Test "cookbook catalog returns nil for missing ids" passed after 0.005 seconds.
✔ Test "recipe steps and ingredients preserve display-safe API data" passed after 0.005 seconds.
✔ Test "recipe fixture decodes API v1 recipe detail shape" passed after 0.005 seconds.
✔ Suite "SpoonjoyCore bootstrap" passed after 0.007 seconds.
✔ Test "cookbook search summary exposes cover-aware navigation fields" passed after 0.005 seconds.
✔ Test "deleted source recipes do not expose safe navigation links" passed after 0.005 seconds.
✔ Test "shopping list fixture decodes receipt rows and active ordering" passed after 0.006 seconds.
✔ Test "cookbook validation rejects malformed public payloads" passed after 0.005 seconds.
✔ Test "cookbook encoding preserves the API v1 field names" passed after 0.005 seconds.
✔ Suite "Kitchen state domain" passed after 0.007 seconds.
✔ Suite "Recipe and cookbook domain" passed after 0.007 seconds.
✔ Test run with 38 tests in 3 suites passed after 0.007 seconds.
