$ swift test --enable-code-coverage --disable-xctest --parallel -Xswiftc -warnings-as-errors
[0/1] Planning build
Building for debugging...
[0/6] Write swift-version--58304C5D6DBC2206.txt
[2/23] Compiling SpoonjoyCore SpoonjoyCore.swift
[3/24] Compiling SpoonjoyCore resource_bundle_accessor.swift
[4/24] Compiling SpoonjoyCore SettingsState.swift
[5/24] Compiling SpoonjoyCore ShoppingListState.swift
[6/24] Compiling SpoonjoyCore CookModeProgress.swift
[7/24] Compiling SpoonjoyCore KitchenFixtureState.swift
[8/24] Compiling SpoonjoyCore ShoppingListRequests.swift
[9/24] Compiling SpoonjoyCore CaptureDraft.swift
[10/24] Compiling SpoonjoyCore PublicCatalogRequests.swift
[11/24] Compiling SpoonjoyCore ShoppingListAPI.swift
[12/24] Emitting module SpoonjoyCore
[13/24] Compiling SpoonjoyCore APIError.swift
[14/24] Compiling SpoonjoyCore APIRequestBuilder.swift
[15/24] Compiling SpoonjoyCore APIRetryPolicy.swift
[16/24] Compiling SpoonjoyCore PaginationCursor.swift
[17/24] Compiling SpoonjoyCore RecipeCookbook.swift
[18/24] Compiling SpoonjoyCore APIClient.swift
[19/24] Compiling SpoonjoyCore APIEnvelope.swift
[20/32] Emitting module SpoonjoyScenarioVerifier
[21/32] Compiling SpoonjoyScenarioVerifier main.swift
[21/32] Write Objects.LinkFileList
[22/32] Linking SpoonjoyScenarioVerifier
[23/32] Applying SpoonjoyScenarioVerifier
[25/32] Compiling SpoonjoyCoreTests RecipeCookbookTests.swift
[26/32] Compiling SpoonjoyCoreTests KitchenStateTests.swift
[27/32] Compiling SpoonjoyCoreTests ShoppingAPIClientTests.swift
[28/32] Compiling SpoonjoyCoreTests SpoonjoyCoreBootstrapTests.swift
[29/32] Emitting module SpoonjoyCoreTests
[30/32] Compiling SpoonjoyCoreTests APIReadClientTests.swift
[31/34] Emitting module SpoonjoyApplePackageTests
[32/34] Compiling SpoonjoyApplePackageTests runner.swift
[32/34] Write Objects.LinkFileList
[33/34] Linking SpoonjoyApplePackageTests
Build complete! (3.80s)
◇ Test run started.
↳ Testing Library Version: 1902
↳ Target Platform: arm64e-apple-macos14.0
◇ Suite "Shopping API v1 client" started.
◇ Suite "Kitchen state domain" started.
◇ Suite "SpoonjoyCore bootstrap" started.
◇ Suite "Public API v1 read client" started.
◇ Test "add item request sends JSON mutation body" started.
◇ Suite "Recipe and cookbook domain" started.
◇ Test "delete item request supports header body and query idempotency" started.
◇ Test "shopping sync cursor rejects blank values" started.
◇ Test "check item request encodes item id and checked state" started.
◇ Test "shopping list read and sync requests require bearer auth" started.
◇ Test "retry policy classifies idempotency and HTTP error responses" started.
◇ Test "product name is stable" started.
◇ Test "shopping list envelopes decode read sync and mutation payloads" started.
◇ Test "missing fixture reports file-not-found" started.
◇ Test "scenario command rejects malformed arguments" started.
◇ Test "fixture resources are copied into test bundle" started.
◇ Test "scenario command errors have useful descriptions" started.
◇ Test "scenario command parses bootstrap stage and output" started.
◇ Test "cookbook list and detail requests share public read policy" started.
◇ Test "bootstrap report allows only future native/app checks to remain pending" started.
◇ Test "error envelopes map API errors without losing status or request id" started.
◇ Test "scenario command reports unsupported future stages" started.
◇ Test "recipe detail request encodes path ids and omits stale bearer token by default" started.
◇ Test "cookbook list data decodes summary rows without detail recipes" started.
◇ Test "recipe list request builds anonymous GET with query parameters" started.
◇ Test "shopping list operations cover local create, display, grouping, and error edges" started.
◇ Test "pagination cursor rejects blank raw values" started.
◇ Test "success envelopes decode recipe list data and pagination metadata" started.
◇ Test "settings state handles signed-out local and kitchen-scope variants" started.
◇ Test "public reads keep blank bearer tokens and blank queries out of requests" started.
◇ Test "kitchen fixture exposes the lead food object and restore metadata" started.
◇ Test "shopping list operations report useful errors" started.
◇ Test "capture drafts stay local until explicitly promoted" started.
◇ Test "shopping list restore matches normalized unit and moves restored rows to active tail" started.
◇ Test "settings state describes auth environment and offline readiness" started.
◇ Test "kitchen fixture associated values encode back to fixture shape" started.
◇ Test "cook mode progress persists current step and completion" started.
◇ Test "capture drafts reject empty local text" started.
◇ Test "deleted source recipes do not expose safe navigation links" started.
◇ Test "cook mode progress handles empty, duplicate, invalid, and stale state" started.
◇ Test "shopping list add or restore merges matching display items" started.
◇ Test "recipe search summary preserves free-form serving text" started.
◇ Test "cookbook cover falls back cleanly when no images are available" started.
◇ Test "cookbook search summary uses singular recipe text" started.
◇ Test "recipe search summary falls back when serving text is absent" started.
◇ Test "cookbook encoding preserves the API v1 field names" started.
◇ Test "recipe attribution exposes only safe source links" started.
◇ Test "shopping list checkoff and removal keep receipt ordering stable" started.
◇ Test "manual step and ingredient initializers preserve values" started.
◇ Test "recipe steps and ingredients preserve display-safe API data" started.
◇ Test "cookbook validation rejects malformed public payloads" started.
◇ Test "shopping list fixture decodes receipt rows and active ordering" started.
◇ Test "recipe fixture decodes API v1 recipe detail shape" started.
◇ Test "cookbook catalog returns nil for missing ids" started.
◇ Test "recipe catalog returns nil for missing ids" started.
◇ Test "recipe search summary exposes public navigation fields" started.
◇ Test "recipe validation rejects malformed public payloads" started.
◇ Test "cookbook search summary exposes cover-aware navigation fields" started.
◇ Test "cookbook fixture decodes cover, recipe summaries, and attribution" started.
✔ Test "shopping sync cursor rejects blank values" passed after 0.001 seconds.
✔ Test "product name is stable" passed after 0.001 seconds.
✔ Test "retry policy classifies idempotency and HTTP error responses" passed after 0.001 seconds.
✔ Test "add item request sends JSON mutation body" passed after 0.001 seconds.
✔ Test "shopping list read and sync requests require bearer auth" passed after 0.001 seconds.
✔ Test "scenario command rejects malformed arguments" passed after 0.001 seconds.
✔ Test "delete item request supports header body and query idempotency" passed after 0.001 seconds.
✔ Test "check item request encodes item id and checked state" passed after 0.002 seconds.
✔ Test "scenario command errors have useful descriptions" passed after 0.001 seconds.
✔ Test "scenario command parses bootstrap stage and output" passed after 0.002 seconds.
✔ Test "shopping list envelopes decode read sync and mutation payloads" passed after 0.005 seconds.
✔ Test "bootstrap report allows only future native/app checks to remain pending" passed after 0.005 seconds.
✔ Test "recipe detail request encodes path ids and omits stale bearer token by default" passed after 0.005 seconds.
✔ Test "recipe list request builds anonymous GET with query parameters" passed after 0.005 seconds.
✔ Test "cookbook list and detail requests share public read policy" passed after 0.005 seconds.
✔ Test "scenario command reports unsupported future stages" passed after 0.005 seconds.
✔ Test "public reads keep blank bearer tokens and blank queries out of requests" passed after 0.005 seconds.
✔ Test "settings state handles signed-out local and kitchen-scope variants" passed after 0.005 seconds.
✔ Test "success envelopes decode recipe list data and pagination metadata" passed after 0.005 seconds.
✔ Test "cookbook list data decodes summary rows without detail recipes" passed after 0.005 seconds.
✔ Test "capture drafts stay local until explicitly promoted" passed after 0.005 seconds.
✔ Test "error envelopes map API errors without losing status or request id" passed after 0.005 seconds.
✔ Test "pagination cursor rejects blank raw values" passed after 0.005 seconds.
✔ Test "settings state describes auth environment and offline readiness" passed after 0.005 seconds.
✔ Test "capture drafts reject empty local text" passed after 0.005 seconds.
✔ Test "cook mode progress persists current step and completion" passed after 0.005 seconds.
✔ Test "cook mode progress handles empty, duplicate, invalid, and stale state" passed after 0.005 seconds.
✔ Test "recipe search summary preserves free-form serving text" passed after 0.005 seconds.
✔ Test "cookbook cover falls back cleanly when no images are available" passed after 0.005 seconds.
✔ Test "deleted source recipes do not expose safe navigation links" passed after 0.005 seconds.
✔ Test "recipe attribution exposes only safe source links" passed after 0.005 seconds.
✔ Test "missing fixture reports file-not-found" passed after 0.006 seconds.
✔ Test "manual step and ingredient initializers preserve values" passed after 0.005 seconds.
✔ Test "shopping list add or restore merges matching display items" passed after 0.005 seconds.
✔ Test "shopping list operations report useful errors" passed after 0.005 seconds.
✔ Test "recipe search summary falls back when serving text is absent" passed after 0.005 seconds.
✔ Test "shopping list checkoff and removal keep receipt ordering stable" passed after 0.005 seconds.
✔ Test "kitchen fixture associated values encode back to fixture shape" passed after 0.005 seconds.
✔ Test "kitchen fixture exposes the lead food object and restore metadata" passed after 0.005 seconds.
✔ Test "shopping list restore matches normalized unit and moves restored rows to active tail" passed after 0.005 seconds.
✔ Test "cookbook encoding preserves the API v1 field names" passed after 0.005 seconds.
✔ Test "recipe fixture decodes API v1 recipe detail shape" passed after 0.005 seconds.
✔ Test "shopping list fixture decodes receipt rows and active ordering" passed after 0.005 seconds.
✔ Test "cookbook search summary uses singular recipe text" passed after 0.005 seconds.
✔ Test "recipe steps and ingredients preserve display-safe API data" passed after 0.005 seconds.
✔ Suite "Shopping API v1 client" passed after 0.006 seconds.
✔ Test "recipe validation rejects malformed public payloads" passed after 0.005 seconds.
✔ Test "shopping list operations cover local create, display, grouping, and error edges" passed after 0.005 seconds.
✔ Test "recipe search summary exposes public navigation fields" passed after 0.005 seconds.
✔ Test "fixture resources are copied into test bundle" passed after 0.006 seconds.
✔ Test "cookbook catalog returns nil for missing ids" passed after 0.005 seconds.
✔ Test "cookbook validation rejects malformed public payloads" passed after 0.005 seconds.
✔ Test "recipe catalog returns nil for missing ids" passed after 0.005 seconds.
✔ Test "cookbook search summary exposes cover-aware navigation fields" passed after 0.005 seconds.
✔ Suite "Public API v1 read client" passed after 0.006 seconds.
✔ Suite "SpoonjoyCore bootstrap" passed after 0.006 seconds.
✔ Test "cookbook fixture decodes cover, recipe summaries, and attribution" passed after 0.005 seconds.
✔ Suite "Kitchen state domain" passed after 0.006 seconds.
✔ Suite "Recipe and cookbook domain" passed after 0.006 seconds.
✔ Test run with 54 tests in 5 suites passed after 0.006 seconds.
