$ swift test --enable-code-coverage --disable-xctest --parallel -Xswiftc -warnings-as-errors
[0/1] Planning build
Building for debugging...
[0/6] Write swift-version--58304C5D6DBC2206.txt
[2/26] Compiling SpoonjoyCore ShoppingListAPI.swift
[3/26] Compiling SpoonjoyCore ShoppingListRequests.swift
[4/26] Compiling SpoonjoyCore CaptureDraft.swift
[5/26] Compiling SpoonjoyCore CookModeProgress.swift
[6/28] Compiling SpoonjoyCore OAuthPKCE.swift
[7/28] Compiling SpoonjoyCore OAuthRedirectValidator.swift
[8/28] Compiling SpoonjoyCore SpoonjoyCore.swift
[9/28] Compiling SpoonjoyCore resource_bundle_accessor.swift
[10/28] Compiling SpoonjoyCore PaginationCursor.swift
[11/28] Compiling SpoonjoyCore PublicCatalogRequests.swift
[12/28] Compiling SpoonjoyCore APIRequestBuilder.swift
[13/28] Compiling SpoonjoyCore APIRetryPolicy.swift
[14/28] Compiling SpoonjoyCore OAuthRequests.swift
[15/28] Compiling SpoonjoyCore OAuthResponses.swift
[16/28] Compiling SpoonjoyCore KitchenFixtureState.swift
[17/28] Compiling SpoonjoyCore SettingsState.swift
[18/28] Compiling SpoonjoyCore APIClient.swift
[19/28] Compiling SpoonjoyCore APIEnvelope.swift
[20/28] Compiling SpoonjoyCore APIError.swift
[21/28] Compiling SpoonjoyCore ShoppingListState.swift
[22/28] Compiling SpoonjoyCore RecipeCookbook.swift
[23/28] Emitting module SpoonjoyCore
[24/37] Emitting module SpoonjoyScenarioVerifier
[25/37] Compiling SpoonjoyScenarioVerifier main.swift
[25/37] Write Objects.LinkFileList
[27/37] Compiling SpoonjoyCoreTests SpoonjoyCoreBootstrapTests.swift
[27/37] Linking SpoonjoyScenarioVerifier
[28/37] Applying SpoonjoyScenarioVerifier
[30/37] Compiling SpoonjoyCoreTests APIReadClientTests.swift
[31/37] Compiling SpoonjoyCoreTests OAuthRequestTests.swift
[32/37] Compiling SpoonjoyCoreTests ShoppingAPIClientTests.swift
[33/37] Compiling SpoonjoyCoreTests KitchenStateTests.swift
[34/37] Emitting module SpoonjoyCoreTests
[35/37] Compiling SpoonjoyCoreTests RecipeCookbookTests.swift
[36/39] Emitting module SpoonjoyApplePackageTests
[37/39] Compiling SpoonjoyApplePackageTests runner.swift
[37/39] Write Objects.LinkFileList
[38/39] Linking SpoonjoyApplePackageTests
Build complete! (4.23s)
◇ Test run started.
↳ Testing Library Version: 1902
↳ Target Platform: arm64e-apple-macos14.0
◇ Suite "Recipe and cookbook domain" started.
◇ Suite "Kitchen state domain" started.
◇ Suite "OAuth PKCE request construction" started.
◇ Suite "Public API v1 read client" started.
◇ Suite "SpoonjoyCore bootstrap" started.
◇ Suite "Shopping API v1 client" started.
◇ Test "cookbook list data decodes summary rows without detail recipes" started.
◇ Test "cookbook search summary exposes cover-aware navigation fields" started.
◇ Test "authorize request builds browser URL and omits REST resource" started.
◇ Test "bootstrap report allows only future native/app checks to remain pending" started.
◇ Test "error envelopes map API errors without losing status or request id" started.
◇ Test "recipe validation rejects malformed public payloads" started.
◇ Test "cookbook list and detail requests share public read policy" started.
◇ Test "shopping sync cursor rejects blank values" started.
◇ Test "pagination cursor rejects blank raw values" started.
◇ Test "missing fixture reports file-not-found" started.
◇ Test "product name is stable" started.
◇ Test "add item request sends JSON mutation body" started.
◇ Test "recipe fixture decodes API v1 recipe detail shape" started.
◇ Test "scenario command rejects malformed arguments" started.
◇ Test "cookbook cover falls back cleanly when no images are available" started.
◇ Test "shopping list read and sync requests require bearer auth" started.
◇ Test "delete item request supports header body and query idempotency" started.
◇ Test "cookbook search summary uses singular recipe text" started.
◇ Test "cookbook validation rejects malformed public payloads" started.
◇ Test "fixture resources are copied into test bundle" started.
◇ Test "public reads keep blank bearer tokens and blank queries out of requests" started.
◇ Test "retry policy classifies idempotency and HTTP error responses" started.
◇ Test "recipe search summary exposes public navigation fields" started.
◇ Test "recipe search summary falls back when serving text is absent" started.
◇ Test "recipe list request builds anonymous GET with query parameters" started.
◇ Test "scenario command parses bootstrap stage and output" started.
◇ Test "token exchange refresh and revoke requests are form encoded" started.
◇ Test "shopping list envelopes decode read sync and mutation payloads" started.
◇ Test "scenario command errors have useful descriptions" started.
◇ Test "OAuth state trims and validates exact callback state" started.
◇ Test "check item request encodes item id and checked state" started.
◇ Test "OAuth register and token responses decode snake case payloads" started.
◇ Test "redirect validator accepts app links and localhost loopback only" started.
◇ Test "cookbook catalog returns nil for missing ids" started.
◇ Test "scenario command reports unsupported future stages" started.
◇ Test "manual step and ingredient initializers preserve values" started.
◇ Test "PKCE verifier validation and S256 challenge match RFC vector" started.
◇ Test "deleted source recipes do not expose safe navigation links" started.
◇ Test "recipe detail request encodes path ids and omits stale bearer token by default" started.
◇ Test "recipe catalog returns nil for missing ids" started.
◇ Test "register request sends dynamic client registration JSON" started.
◇ Test "recipe steps and ingredients preserve display-safe API data" started.
◇ Test "cookbook encoding preserves the API v1 field names" started.
◇ Test "recipe search summary preserves free-form serving text" started.
◇ Test "recipe attribution exposes only safe source links" started.
◇ Test "success envelopes decode recipe list data and pagination metadata" started.
◇ Test "cookbook fixture decodes cover, recipe summaries, and attribution" started.
◇ Test "capture drafts stay local until explicitly promoted" started.
◇ Test "shopping list add or restore merges matching display items" started.
◇ Test "shopping list operations cover local create, display, grouping, and error edges" started.
◇ Test "capture drafts reject empty local text" started.
◇ Test "shopping list operations report useful errors" started.
◇ Test "cook mode progress persists current step and completion" started.
◇ Test "kitchen fixture exposes the lead food object and restore metadata" started.
◇ Test "shopping list fixture decodes receipt rows and active ordering" started.
◇ Test "shopping list checkoff and removal keep receipt ordering stable" started.
◇ Test "settings state describes auth environment and offline readiness" started.
◇ Test "kitchen fixture associated values encode back to fixture shape" started.
◇ Test "cook mode progress handles empty, duplicate, invalid, and stale state" started.
◇ Test "settings state handles signed-out local and kitchen-scope variants" started.
◇ Test "shopping list restore matches normalized unit and moves restored rows to active tail" started.
✔ Test "bootstrap report allows only future native/app checks to remain pending" passed after 0.005 seconds.
✔ Test "product name is stable" passed after 0.005 seconds.
✔ Test "cookbook list and detail requests share public read policy" passed after 0.005 seconds.
✔ Test "authorize request builds browser URL and omits REST resource" passed after 0.005 seconds.
✔ Test "shopping sync cursor rejects blank values" passed after 0.005 seconds.
✔ Test "cookbook cover falls back cleanly when no images are available" passed after 0.005 seconds.
✔ Test "add item request sends JSON mutation body" passed after 0.005 seconds.
✔ Test "scenario command rejects malformed arguments" passed after 0.005 seconds.
✔ Test "shopping list read and sync requests require bearer auth" passed after 0.005 seconds.
✔ Test "cookbook list data decodes summary rows without detail recipes" passed after 0.005 seconds.
✔ Test "pagination cursor rejects blank raw values" passed after 0.005 seconds.
✔ Test "cookbook search summary uses singular recipe text" passed after 0.005 seconds.
✔ Test "cookbook validation rejects malformed public payloads" passed after 0.005 seconds.
✔ Test "error envelopes map API errors without losing status or request id" passed after 0.005 seconds.
✔ Test "public reads keep blank bearer tokens and blank queries out of requests" passed after 0.005 seconds.
✔ Test "delete item request supports header body and query idempotency" passed after 0.005 seconds.
✔ Test "retry policy classifies idempotency and HTTP error responses" passed after 0.005 seconds.
✔ Test "recipe list request builds anonymous GET with query parameters" passed after 0.005 seconds.
✔ Test "recipe search summary falls back when serving text is absent" passed after 0.005 seconds.
✔ Test "recipe validation rejects malformed public payloads" passed after 0.005 seconds.
✔ Test "scenario command parses bootstrap stage and output" passed after 0.005 seconds.
✔ Test "scenario command errors have useful descriptions" passed after 0.005 seconds.
✔ Test "check item request encodes item id and checked state" passed after 0.005 seconds.
✔ Test "token exchange refresh and revoke requests are form encoded" passed after 0.005 seconds.
✔ Test "scenario command reports unsupported future stages" passed after 0.005 seconds.
✔ Test "OAuth register and token responses decode snake case payloads" passed after 0.005 seconds.
✔ Test "OAuth state trims and validates exact callback state" passed after 0.005 seconds.
✔ Test "redirect validator accepts app links and localhost loopback only" passed after 0.005 seconds.
✔ Test "manual step and ingredient initializers preserve values" passed after 0.005 seconds.
✔ Test "deleted source recipes do not expose safe navigation links" passed after 0.005 seconds.
✔ Test "shopping list envelopes decode read sync and mutation payloads" passed after 0.006 seconds.
✔ Test "PKCE verifier validation and S256 challenge match RFC vector" passed after 0.005 seconds.
✔ Test "recipe detail request encodes path ids and omits stale bearer token by default" passed after 0.006 seconds.
✔ Test "recipe search summary preserves free-form serving text" passed after 0.005 seconds.
✔ Test "recipe attribution exposes only safe source links" passed after 0.005 seconds.
✔ Test "missing fixture reports file-not-found" passed after 0.006 seconds.
✔ Test "fixture resources are copied into test bundle" passed after 0.006 seconds.
✔ Test "cookbook search summary exposes cover-aware navigation fields" passed after 0.006 seconds.
✔ Test "capture drafts reject empty local text" passed after 0.004 seconds.
✔ Test "success envelopes decode recipe list data and pagination metadata" passed after 0.005 seconds.
✔ Test "recipe search summary exposes public navigation fields" passed after 0.006 seconds.
✔ Test "shopping list operations report useful errors" passed after 0.004 seconds.
✔ Test "cookbook encoding preserves the API v1 field names" passed after 0.005 seconds.
✔ Test "cookbook catalog returns nil for missing ids" passed after 0.005 seconds.
✔ Test "recipe steps and ingredients preserve display-safe API data" passed after 0.005 seconds.
✔ Test "capture drafts stay local until explicitly promoted" passed after 0.005 seconds.
✔ Test "cook mode progress persists current step and completion" passed after 0.004 seconds.
✔ Test "register request sends dynamic client registration JSON" passed after 0.005 seconds.
✔ Test "cookbook fixture decodes cover, recipe summaries, and attribution" passed after 0.005 seconds.
✔ Test "shopping list add or restore merges matching display items" passed after 0.004 seconds.
✔ Test "cook mode progress handles empty, duplicate, invalid, and stale state" passed after 0.004 seconds.
✔ Test "settings state describes auth environment and offline readiness" passed after 0.004 seconds.
✔ Test "recipe catalog returns nil for missing ids" passed after 0.005 seconds.
✔ Test "kitchen fixture exposes the lead food object and restore metadata" passed after 0.004 seconds.
✔ Test "shopping list checkoff and removal keep receipt ordering stable" passed after 0.004 seconds.
✔ Test "recipe fixture decodes API v1 recipe detail shape" passed after 0.006 seconds.
✔ Test "settings state handles signed-out local and kitchen-scope variants" passed after 0.004 seconds.
✔ Test "kitchen fixture associated values encode back to fixture shape" passed after 0.004 seconds.
✔ Suite "Shopping API v1 client" passed after 0.006 seconds.
✔ Test "shopping list restore matches normalized unit and moves restored rows to active tail" passed after 0.004 seconds.
✔ Test "shopping list fixture decodes receipt rows and active ordering" passed after 0.004 seconds.
✔ Suite "Recipe and cookbook domain" passed after 0.006 seconds.
✔ Suite "Public API v1 read client" passed after 0.006 seconds.
✔ Suite "SpoonjoyCore bootstrap" passed after 0.006 seconds.
✔ Test "shopping list operations cover local create, display, grouping, and error edges" passed after 0.005 seconds.
✔ Suite "OAuth PKCE request construction" passed after 0.006 seconds.
✔ Suite "Kitchen state domain" passed after 0.007 seconds.
✔ Test run with 61 tests in 6 suites passed after 0.007 seconds.
