[0/1] Planning build
Building for debugging...
[0/6] Write sources
[2/6] Write swift-version--58304C5D6DBC2206.txt
[4/8] Emitting module SpoonjoyCore
[5/8] Compiling SpoonjoyCore DeepLinkRouter.swift
[6/9] Compiling SpoonjoyCore AppNavigationState.swift
[7/15] Emitting module SpoonjoyScenarioVerifier
[7/15] Write Objects.LinkFileList
[8/15] Linking SpoonjoyScenarioVerifier
[9/15] Applying SpoonjoyScenarioVerifier
[11/15] Compiling SpoonjoyCoreTests AppStateTests.swift
[12/15] Emitting module SpoonjoyCoreTests
[13/15] Compiling SpoonjoyCoreTests DeepLinkRouterTests.swift
[13/15] Write Objects.LinkFileList
[14/15] Linking SpoonjoyApplePackageTests
Build complete! (2.35s)
◇ Test run started.
↳ Testing Library Version: 1902
↳ Target Platform: arm64e-apple-macos14.0
◇ Suite "Deep link router" started.
◇ Suite "App state and screen view models" started.
◇ Test "routes every accepted web and scheme URL" started.
◇ Test "screen view models delegate to existing domain state" started.
◇ Test "search state trims queries and exposes a route" started.
◇ Test "preserves decoded search query and defaults missing scope to all" started.
◇ Test "rejects unsafe or unsupported links as unknown" started.
◇ Test "navigation state tracks route sidebar recipe and cook mode" started.
◇ Test "custom router configuration and route sections stay explicit" started.
◇ Test "navigation applies deep links through the shared router" started.
◇ Test "malformed component and percent decode inputs stay safe" started.
✔ Test "navigation state tracks route sidebar recipe and cook mode" passed after 0.001 seconds.
✔ Test "custom router configuration and route sections stay explicit" passed after 0.001 seconds.
✔ Test "preserves decoded search query and defaults missing scope to all" passed after 0.001 seconds.
✔ Test "search state trims queries and exposes a route" passed after 0.001 seconds.
✔ Test "malformed component and percent decode inputs stay safe" passed after 0.001 seconds.
✔ Test "rejects unsafe or unsupported links as unknown" passed after 0.001 seconds.
✔ Test "navigation applies deep links through the shared router" passed after 0.001 seconds.
✔ Test "routes every accepted web and scheme URL" passed after 0.001 seconds.
✔ Suite "Deep link router" passed after 0.001 seconds.
✔ Test "screen view models delegate to existing domain state" passed after 0.005 seconds.
✔ Suite "App state and screen view models" passed after 0.005 seconds.
✔ Test run with 9 tests in 2 suites passed after 0.006 seconds.
