[0/1] Planning build
Building for debugging...
[0/5] Write sources
[1/5] Write swift-version--58304C5D6DBC2206.txt
[3/5] Compiling SpoonjoyCoreTests OAuthRequestTests.swift
[4/5] Emitting module SpoonjoyCoreTests
[4/6] Write Objects.LinkFileList
[5/6] Linking SpoonjoyApplePackageTests
Build complete! (3.19s)
◇ Test run started.
↳ Testing Library Version: 1902
↳ Target Platform: arm64e-apple-macos14.0
◇ Suite "OAuth PKCE request construction" started.
◇ Test "token exchange refresh and revoke requests are form encoded" started.
◇ Test "PKCE verifier validation and S256 challenge match RFC vector" started.
◇ Test "OAuth state trims and validates exact callback state" started.
◇ Test "register request sends dynamic client registration JSON" started.
◇ Test "OAuth register and token responses decode snake case payloads" started.
◇ Test "authorize request builds browser URL and omits REST resource" started.
◇ Test "redirect validator accepts app links and localhost loopback only" started.
✔ Test "token exchange refresh and revoke requests are form encoded" passed after 0.001 seconds.
✔ Test "register request sends dynamic client registration JSON" passed after 0.001 seconds.
✔ Test "OAuth state trims and validates exact callback state" passed after 0.001 seconds.
✔ Test "OAuth register and token responses decode snake case payloads" passed after 0.001 seconds.
✔ Test "authorize request builds browser URL and omits REST resource" passed after 0.001 seconds.
✔ Test "PKCE verifier validation and S256 challenge match RFC vector" passed after 0.001 seconds.
✘ Test "redirect validator accepts app links and localhost loopback only" recorded an issue at OAuthRequestTests.swift:46:9: Expectation failed: an error was expected but none was thrown and "true" was returned
✘ Test "redirect validator accepts app links and localhost loopback only" failed after 0.001 seconds with 1 issue.
✘ Suite "OAuth PKCE request construction" failed after 0.001 seconds with 1 issue.
✘ Test run with 7 tests in 1 suite failed after 0.001 seconds with 1 issue.
