$ swift build -Xswiftc -warnings-as-errors
[0/1] Planning build
Building for debugging...
[0/4] Write swift-version--58304C5D6DBC2206.txt
[2/18] Compiling SpoonjoyCore SpoonjoyCore.swift
[3/19] Compiling SpoonjoyCore resource_bundle_accessor.swift
[4/19] Compiling SpoonjoyCore ShoppingListState.swift
[5/19] Compiling SpoonjoyCore APIClient.swift
[6/19] Compiling SpoonjoyCore APIEnvelope.swift
[7/19] Compiling SpoonjoyCore SettingsState.swift
[8/19] Compiling SpoonjoyCore KitchenFixtureState.swift
[9/19] Compiling SpoonjoyCore CaptureDraft.swift
[10/19] Compiling SpoonjoyCore CookModeProgress.swift
[11/19] Compiling SpoonjoyCore PaginationCursor.swift
[12/19] Compiling SpoonjoyCore PublicCatalogRequests.swift
[13/19] Compiling SpoonjoyCore APIError.swift
[14/19] Compiling SpoonjoyCore APIRequestBuilder.swift
[15/19] Emitting module SpoonjoyCore
[16/19] Compiling SpoonjoyCore RecipeCookbook.swift
[17/21] Emitting module SpoonjoyScenarioVerifier
[18/21] Compiling SpoonjoyScenarioVerifier main.swift
[18/21] Write Objects.LinkFileList
[19/21] Linking SpoonjoyScenarioVerifier
[20/21] Applying SpoonjoyScenarioVerifier
Build complete! (2.32s)
