[0/1] Planning build
Building for debugging...
[0/8] Write sources
[2/8] Write swift-version--58304C5D6DBC2206.txt
[4/45] Compiling SpoonjoyCore APIRetryPolicy.swift
[5/45] Compiling SpoonjoyCore PaginationCursor.swift
[6/45] Compiling SpoonjoyCore PublicCatalogRequests.swift
[7/45] Compiling SpoonjoyCore ShoppingListAPI.swift
[8/45] Compiling SpoonjoyCore JSONFileStore.swift
[9/45] Compiling SpoonjoyCore MutationQueue.swift
[10/45] Compiling SpoonjoyCore OfflineSnapshot.swift
[11/45] Compiling SpoonjoyCore SyncCheckpoint.swift
[12/45] Compiling SpoonjoyCore OAuthPKCE.swift
[13/45] Compiling SpoonjoyCore OAuthRedirectValidator.swift
[14/45] Compiling SpoonjoyCore OAuthRequests.swift
[15/45] Compiling SpoonjoyCore OAuthResponses.swift
[16/45] Compiling SpoonjoyCore ScreenViewModels.swift
[17/45] Compiling SpoonjoyCore SearchState.swift
[18/45] Compiling SpoonjoyCore AuthSessionState.swift
[19/45] Compiling SpoonjoyCore InMemoryTokenVault.swift
[20/48] Compiling SpoonjoyCore ShoppingListRequests.swift
[21/48] Compiling SpoonjoyCore AppNavigationState.swift
[22/48] Compiling SpoonjoyCore AppRoute.swift
[23/48] Compiling SpoonjoyCore DeepLinkRouter.swift
[24/48] Emitting module SpoonjoyCore
[25/48] Compiling SpoonjoyCore KitchenFixtureState.swift
[26/48] Compiling SpoonjoyCore SettingsState.swift
[27/48] Compiling SpoonjoyCore ShoppingListState.swift
[28/48] Compiling SpoonjoyCore DeepLinkManifest.swift
[29/48] Compiling SpoonjoyCore RefreshCoordinator.swift
[30/48] Compiling SpoonjoyCore TokenVault.swift
[31/48] Compiling SpoonjoyCore CaptureDraft.swift
[32/48] Compiling SpoonjoyCore CookModeProgress.swift
[33/48] Compiling SpoonjoyCore APIClient.swift
[34/48] Compiling SpoonjoyCore APIEnvelope.swift
[35/48] Compiling SpoonjoyCore APIError.swift
[36/48] Compiling SpoonjoyCore APIRequestBuilder.swift
[37/48] Compiling SpoonjoyCore NativeCapabilityMetadata.swift
[38/48] Compiling SpoonjoyCore ScenarioCommand.swift
[39/48] Compiling SpoonjoyCore ScenarioReport.swift
[40/48] Compiling SpoonjoyCore ScenarioVerifier.swift
[41/48] Compiling SpoonjoyCore RecipeCookbook.swift
[42/48] Compiling SpoonjoyCore SpoonjoyCore.swift
[43/48] Compiling SpoonjoyCore resource_bundle_accessor.swift
[44/62] Compiling SpoonjoyScenarioVerifier main.swift
[45/62] Emitting module SpoonjoyScenarioVerifier
[46/62] Compiling SpoonjoyScenarioVerifier ScenarioProcessMain.swift
[46/62] Write Objects.LinkFileList
[48/62] Compiling SpoonjoyCoreTests SpoonjoyCoreBootstrapTests.swift
[48/63] Linking SpoonjoyScenarioVerifier
[49/63] Applying SpoonjoyScenarioVerifier
[51/63] Compiling SpoonjoyCoreTests ShoppingAPIClientTests.swift
[52/63] Compiling SpoonjoyCoreTests KitchenStateTests.swift
[53/63] Compiling SpoonjoyCoreTests TokenRefreshTests.swift
[54/63] Compiling SpoonjoyCoreTests OfflineStoreTests.swift
[55/63] Compiling SpoonjoyCoreTests DeepLinkRouterTests.swift
[56/63] Compiling SpoonjoyCoreTests OAuthRequestTests.swift
[57/63] Compiling SpoonjoyCoreTests NativeScenarioTests.swift
[58/63] Compiling SpoonjoyCoreTests APIReadClientTests.swift
[59/63] Compiling SpoonjoyCoreTests AppStateTests.swift
[60/63] Compiling SpoonjoyCoreTests RecipeCookbookTests.swift
[61/63] Emitting module SpoonjoyCoreTests
[62/65] Compiling SpoonjoyApplePackageTests runner.swift
[63/65] Emitting module SpoonjoyApplePackageTests
[63/65] Write Objects.LinkFileList
[64/65] Linking SpoonjoyApplePackageTests
Build complete! (5.48s)
◇ Test run started.
↳ Testing Library Version: 1902
↳ Target Platform: arm64e-apple-macos14.0
◇ Suite "App state and screen view models" started.
◇ Suite "Deep link router" started.
◇ Test "screen view models delegate to existing domain state" started.
◇ Test "navigation applies deep links through the shared router" started.
◇ Test "search state trims queries and exposes a route" started.
◇ Test "navigation state tracks route sidebar recipe and cook mode" started.
◇ Test "rejects unsafe or unsupported links as unknown" started.
◇ Test "custom router configuration and route sections stay explicit" started.
◇ Test "routes every accepted web and scheme URL" started.
◇ Test "preserves decoded search query and defaults missing scope to all" started.
✔ Test "navigation state tracks route sidebar recipe and cook mode" passed after 0.001 seconds.
✔ Test "search state trims queries and exposes a route" passed after 0.001 seconds.
✔ Test "custom router configuration and route sections stay explicit" passed after 0.001 seconds.
✔ Test "navigation applies deep links through the shared router" passed after 0.001 seconds.
✔ Test "preserves decoded search query and defaults missing scope to all" passed after 0.001 seconds.
✔ Test "rejects unsafe or unsupported links as unknown" passed after 0.001 seconds.
✔ Test "routes every accepted web and scheme URL" passed after 0.001 seconds.
✔ Suite "Deep link router" passed after 0.001 seconds.
✔ Test "screen view models delegate to existing domain state" passed after 0.006 seconds.
✔ Suite "App state and screen view models" passed after 0.006 seconds.
✔ Test run with 8 tests in 2 suites passed after 0.006 seconds.
