[0/1] Planning build
Building for debugging...
[0/7] Write sources
[1/7] Write swift-version--58304C5D6DBC2206.txt
[3/44] Compiling SpoonjoyCore InMemoryTokenVault.swift
[4/44] Compiling SpoonjoyCore OAuthPKCE.swift
[5/44] Compiling SpoonjoyCore OAuthRedirectValidator.swift
[6/44] Compiling SpoonjoyCore OAuthRequests.swift
[7/48] Compiling SpoonjoyCore OAuthResponses.swift
[8/48] Compiling SpoonjoyCore RefreshCoordinator.swift
[9/48] Compiling SpoonjoyCore TokenVault.swift
[10/48] Compiling SpoonjoyCore CaptureDraft.swift
[11/48] Compiling SpoonjoyCore DeepLinkManifest.swift
[12/48] Compiling SpoonjoyCore NativeCapabilityMetadata.swift
[13/48] Compiling SpoonjoyCore ScenarioCommand.swift
[14/48] Compiling SpoonjoyCore ScenarioReport.swift
[15/48] Compiling SpoonjoyCore APIClient.swift
[16/48] Compiling SpoonjoyCore APIEnvelope.swift
[17/48] Compiling SpoonjoyCore APIError.swift
[18/48] Compiling SpoonjoyCore APIRequestBuilder.swift
[19/48] Compiling SpoonjoyCore APIRetryPolicy.swift
[20/48] Compiling SpoonjoyCore PaginationCursor.swift
[21/48] Compiling SpoonjoyCore PublicCatalogRequests.swift
[22/48] Compiling SpoonjoyCore ShoppingListAPI.swift
[23/48] Compiling SpoonjoyCore ShoppingListRequests.swift
[24/48] Compiling SpoonjoyCore AppNavigationState.swift
[25/48] Compiling SpoonjoyCore AppRoute.swift
[26/48] Compiling SpoonjoyCore DeepLinkRouter.swift
[27/48] Compiling SpoonjoyCore NativeAppSnapshot.swift
[28/48] Compiling SpoonjoyCore ScreenViewModels.swift
[29/48] Compiling SpoonjoyCore SearchState.swift
[30/48] Compiling SpoonjoyCore AuthSessionState.swift
[31/48] Emitting module SpoonjoyCore
[32/48] Compiling SpoonjoyCore ScenarioVerifier.swift
[33/48] Compiling SpoonjoyCore JSONFileStore.swift
[34/48] Compiling SpoonjoyCore MutationQueue.swift
[35/48] Compiling SpoonjoyCore OfflineSnapshot.swift
[36/48] Compiling SpoonjoyCore CookModeProgress.swift
[37/48] Compiling SpoonjoyCore KitchenFixtureState.swift
[38/48] Compiling SpoonjoyCore SettingsState.swift
[39/48] Compiling SpoonjoyCore ShoppingListState.swift
[40/48] Compiling SpoonjoyCore SyncCheckpoint.swift
[41/48] Compiling SpoonjoyCore RecipeCookbook.swift
[42/48] Compiling SpoonjoyCore SpoonjoyCore.swift
[43/48] Compiling SpoonjoyCore resource_bundle_accessor.swift
[44/62] Emitting module SpoonjoyScenarioVerifier
[45/62] Compiling SpoonjoyScenarioVerifier main.swift
[46/62] Compiling SpoonjoyScenarioVerifier ScenarioProcessMain.swift
[46/62] Write Objects.LinkFileList
[47/62] Linking SpoonjoyScenarioVerifier
[48/62] Applying SpoonjoyScenarioVerifier
[50/62] Compiling SpoonjoyCoreTests SpoonjoyCoreBootstrapTests.swift
[51/63] Compiling SpoonjoyCoreTests ShoppingAPIClientTests.swift
[52/63] Compiling SpoonjoyCoreTests TokenRefreshTests.swift
[53/63] Emitting module SpoonjoyCoreTests
[54/63] Compiling SpoonjoyCoreTests RecipeCookbookTests.swift
[55/63] Compiling SpoonjoyCoreTests OfflineStoreTests.swift
[56/63] Compiling SpoonjoyCoreTests KitchenStateTests.swift
[57/63] Compiling SpoonjoyCoreTests OAuthRequestTests.swift
[58/63] Compiling SpoonjoyCoreTests APIReadClientTests.swift
[59/63] Compiling SpoonjoyCoreTests AppStateTests.swift
[60/63] Compiling SpoonjoyCoreTests DeepLinkRouterTests.swift
[61/63] Compiling SpoonjoyCoreTests NativeScenarioTests.swift
[62/65] Emitting module SpoonjoyApplePackageTests
[63/65] Compiling SpoonjoyApplePackageTests runner.swift
[63/65] Write Objects.LinkFileList
[64/65] Linking SpoonjoyApplePackageTests
Build complete! (9.66s)
◇ Test run started.
↳ Testing Library Version: 1902
↳ Target Platform: arm64e-apple-macos14.0
◇ Suite "App state and screen view models" started.
◇ Test "navigation state tracks route sidebar recipe and cook mode" started.
◇ Test "native app snapshot persists first run cook shopping capture and queued mutations" started.
◇ Test "search state trims queries and exposes a route" started.
◇ Test "native app snapshot covers unavailable offline no-op queue and schema errors" started.
◇ Test "navigation applies deep links through the shared router" started.
◇ Test "search state hydrates from search routes" started.
✔ Test "navigation state tracks route sidebar recipe and cook mode" passed after 0.001 seconds.
◇ Test "screen view models delegate to existing domain state" started.
✔ Test "search state hydrates from search routes" passed after 0.001 seconds.
✔ Test "search state trims queries and exposes a route" passed after 0.001 seconds.
✔ Test "navigation applies deep links through the shared router" passed after 0.001 seconds.
✔ Test "native app snapshot covers unavailable offline no-op queue and schema errors" passed after 0.005 seconds.
✔ Test "screen view models delegate to existing domain state" passed after 0.005 seconds.
✔ Test "native app snapshot persists first run cook shopping capture and queued mutations" passed after 0.006 seconds.
✔ Suite "App state and screen view models" passed after 0.006 seconds.
✔ Test run with 7 tests in 1 suite passed after 0.006 seconds.
