[0/1] Planning build
Building for debugging...
[0/8] Write sources
[2/8] Write swift-version--58304C5D6DBC2206.txt
[4/32] Compiling SpoonjoyCore RefreshCoordinator.swift
[5/32] Compiling SpoonjoyCore TokenVault.swift
[6/32] Compiling SpoonjoyCore CaptureDraft.swift
[7/32] Compiling SpoonjoyCore CookModeProgress.swift
[8/34] Compiling SpoonjoyCore PublicCatalogRequests.swift
[9/34] Compiling SpoonjoyCore ShoppingListAPI.swift
[10/34] Compiling SpoonjoyCore ShoppingListRequests.swift
[11/34] Compiling SpoonjoyCore SpoonjoyCore.swift
[12/34] Compiling SpoonjoyCore resource_bundle_accessor.swift
[13/34] Compiling SpoonjoyCore APIRequestBuilder.swift
[14/34] Compiling SpoonjoyCore APIRetryPolicy.swift
[15/34] Compiling SpoonjoyCore PaginationCursor.swift
[16/34] Compiling SpoonjoyCore KitchenFixtureState.swift
[17/34] Compiling SpoonjoyCore SettingsState.swift
[18/34] Compiling SpoonjoyCore OAuthRedirectValidator.swift
[19/34] Compiling SpoonjoyCore OAuthRequests.swift
[20/34] Compiling SpoonjoyCore OAuthResponses.swift
[21/34] Compiling SpoonjoyCore AuthSessionState.swift
[22/34] Compiling SpoonjoyCore InMemoryTokenVault.swift
[23/34] Compiling SpoonjoyCore OAuthPKCE.swift
[24/34] Compiling SpoonjoyCore ShoppingListState.swift
[25/34] Compiling SpoonjoyCore RecipeCookbook.swift
[26/34] Emitting module SpoonjoyCore
[27/34] Compiling SpoonjoyCore APIClient.swift
[28/34] Compiling SpoonjoyCore APIEnvelope.swift
[29/34] Compiling SpoonjoyCore APIError.swift
[30/44] Emitting module SpoonjoyScenarioVerifier
[31/44] Compiling SpoonjoyScenarioVerifier main.swift
[31/44] Write Objects.LinkFileList
[32/44] Linking SpoonjoyScenarioVerifier
[33/44] Applying SpoonjoyScenarioVerifier
[35/44] Compiling SpoonjoyCoreTests SpoonjoyCoreBootstrapTests.swift
[36/44] Compiling SpoonjoyCoreTests TokenRefreshTests.swift
[37/44] Compiling SpoonjoyCoreTests ShoppingAPIClientTests.swift
[38/44] Compiling SpoonjoyCoreTests OAuthRequestTests.swift
[39/44] Emitting module SpoonjoyCoreTests
[40/44] Compiling SpoonjoyCoreTests APIReadClientTests.swift
[41/44] Compiling SpoonjoyCoreTests KitchenStateTests.swift
[42/44] Compiling SpoonjoyCoreTests RecipeCookbookTests.swift
[43/46] Compiling SpoonjoyApplePackageTests runner.swift
[44/46] Emitting module SpoonjoyApplePackageTests
[44/46] Write Objects.LinkFileList
[45/46] Linking SpoonjoyApplePackageTests
Build complete! (5.75s)
◇ Test run started.
↳ Testing Library Version: 1902
↳ Target Platform: arm64e-apple-macos14.0
◇ Suite "Token vault and refresh coordination" started.
◇ Test "refresh coordinator shares one concurrent refresh and rotates tokens atomically" started.
◇ Test "missing sessions are invalid refresh state" started.
◇ Test "auth sessions validate, classify state, and rotate token responses" started.
◇ Test "refresh failures preserve prior session and disconnect clears auth state" started.
◇ Test "refresh coordinator returns valid sessions without network refresh" started.
◇ Test "token vault persists client id and sessions independently" started.
✔ Test "token vault persists client id and sessions independently" passed after 0.001 seconds.
✔ Test "refresh coordinator returns valid sessions without network refresh" passed after 0.001 seconds.
✔ Test "missing sessions are invalid refresh state" passed after 0.001 seconds.
✔ Test "refresh failures preserve prior session and disconnect clears auth state" passed after 0.001 seconds.
✔ Test "auth sessions validate, classify state, and rotate token responses" passed after 0.001 seconds.
✔ Test "refresh coordinator shares one concurrent refresh and rotates tokens atomically" passed after 0.030 seconds.
✔ Suite "Token vault and refresh coordination" passed after 0.030 seconds.
✔ Test run with 6 tests in 1 suite passed after 0.031 seconds.
