Another instance of SwiftPM (PID: 18617) is already running using '/Users/arimendelow/Projects/spoonjoy-apple/.build', waiting until that process has finished execution...Building for debugging...
[0/4] Write swift-version--58304C5D6DBC2206.txt
Build complete! (0.13s)
◇ Test run started.
↳ Testing Library Version: 1902
↳ Target Platform: arm64e-apple-macos14.0
◇ Suite "App state and screen view models" started.
◇ Test "screen view models delegate to existing domain state" started.
◇ Test "native app snapshot covers unavailable offline no-op queue and schema errors" started.
◇ Test "native app snapshot persists first run cook shopping capture and queued mutations" started.
◇ Test "navigation state tracks route sidebar recipe and cook mode" started.
◇ Test "search state trims queries and exposes a route" started.
◇ Test "route identifiers and native URLs cover every app route" started.
◇ Test "search state hydrates from search routes" started.
◇ Test "native app state location is shared by app and native intents" started.
◇ Test "navigation applies deep links through the shared router" started.
✔ Test "search state hydrates from search routes" passed after 0.001 seconds.
✔ Test "search state trims queries and exposes a route" passed after 0.001 seconds.
✔ Test "navigation state tracks route sidebar recipe and cook mode" passed after 0.001 seconds.
✔ Test "route identifiers and native URLs cover every app route" passed after 0.001 seconds.
✔ Test "navigation applies deep links through the shared router" passed after 0.001 seconds.
✔ Test "native app state location is shared by app and native intents" passed after 0.003 seconds.
✔ Test "native app snapshot covers unavailable offline no-op queue and schema errors" passed after 0.005 seconds.
✔ Test "screen view models delegate to existing domain state" passed after 0.005 seconds.
✔ Test "native app snapshot persists first run cook shopping capture and queued mutations" passed after 0.006 seconds.
✔ Suite "App state and screen view models" passed after 0.006 seconds.
✔ Test run with 9 tests in 1 suite passed after 0.006 seconds.
