[0/1] Planning build
Building for debugging...
[0/6] Write sources
[1/6] Write swift-version--58304C5D6DBC2206.txt
[3/6] Emitting module SpoonjoyCoreTests
[4/6] Compiling SpoonjoyCoreTests OAuthRequestTests.swift
/Users/arimendelow/Projects/spoonjoy-apple/Tests/SpoonjoyCoreTests/OAuthRequestTests.swift:11:17: error: cannot find 'OAuthPKCE' in scope
  9 |         let verifier = "dBjftJeZ4CVP-mB92K27uhbUJU1p1r_wW1gFWFOEjXk"
 10 | 
 11 |         #expect(OAuthPKCE.isValidVerifier(verifier))
    |                 `- error: cannot find 'OAuthPKCE' in scope
 12 |         #expect(try OAuthPKCE.codeChallenge(for: verifier) == "E9Melhoa2OwvFrEMTJguCHaoeK1t8URWbuGJSstw-cM")
 13 |         #expect(OAuthPKCE.isValidVerifier(String(repeating: "a", count: 43)))

/Users/arimendelow/Projects/spoonjoy-apple/Tests/SpoonjoyCoreTests/OAuthRequestTests.swift:12:21: error: cannot find 'OAuthPKCE' in scope
 10 | 
 11 |         #expect(OAuthPKCE.isValidVerifier(verifier))
 12 |         #expect(try OAuthPKCE.codeChallenge(for: verifier) == "E9Melhoa2OwvFrEMTJguCHaoeK1t8URWbuGJSstw-cM")
    |                     `- error: cannot find 'OAuthPKCE' in scope
 13 |         #expect(OAuthPKCE.isValidVerifier(String(repeating: "a", count: 43)))
 14 |         #expect(OAuthPKCE.isValidVerifier(String(repeating: "a", count: 128)))

/Users/arimendelow/Projects/spoonjoy-apple/Tests/SpoonjoyCoreTests/OAuthRequestTests.swift:13:17: error: cannot find 'OAuthPKCE' in scope
 11 |         #expect(OAuthPKCE.isValidVerifier(verifier))
 12 |         #expect(try OAuthPKCE.codeChallenge(for: verifier) == "E9Melhoa2OwvFrEMTJguCHaoeK1t8URWbuGJSstw-cM")
 13 |         #expect(OAuthPKCE.isValidVerifier(String(repeating: "a", count: 43)))
    |                 `- error: cannot find 'OAuthPKCE' in scope
 14 |         #expect(OAuthPKCE.isValidVerifier(String(repeating: "a", count: 128)))
 15 |         #expect(OAuthPKCE.isValidVerifier(String(repeating: "a", count: 42)) == false)

/Users/arimendelow/Projects/spoonjoy-apple/Tests/SpoonjoyCoreTests/OAuthRequestTests.swift:14:17: error: cannot find 'OAuthPKCE' in scope
 12 |         #expect(try OAuthPKCE.codeChallenge(for: verifier) == "E9Melhoa2OwvFrEMTJguCHaoeK1t8URWbuGJSstw-cM")
 13 |         #expect(OAuthPKCE.isValidVerifier(String(repeating: "a", count: 43)))
 14 |         #expect(OAuthPKCE.isValidVerifier(String(repeating: "a", count: 128)))
    |                 `- error: cannot find 'OAuthPKCE' in scope
 15 |         #expect(OAuthPKCE.isValidVerifier(String(repeating: "a", count: 42)) == false)
 16 |         #expect(OAuthPKCE.isValidVerifier(String(repeating: "a", count: 129)) == false)

/Users/arimendelow/Projects/spoonjoy-apple/Tests/SpoonjoyCoreTests/OAuthRequestTests.swift:15:17: error: cannot find 'OAuthPKCE' in scope
 13 |         #expect(OAuthPKCE.isValidVerifier(String(repeating: "a", count: 43)))
 14 |         #expect(OAuthPKCE.isValidVerifier(String(repeating: "a", count: 128)))
 15 |         #expect(OAuthPKCE.isValidVerifier(String(repeating: "a", count: 42)) == false)
    |                 `- error: cannot find 'OAuthPKCE' in scope
 16 |         #expect(OAuthPKCE.isValidVerifier(String(repeating: "a", count: 129)) == false)
 17 |         #expect(OAuthPKCE.isValidVerifier("invalid verifier with spaces") == false)

/Users/arimendelow/Projects/spoonjoy-apple/Tests/SpoonjoyCoreTests/OAuthRequestTests.swift:16:17: error: cannot find 'OAuthPKCE' in scope
 14 |         #expect(OAuthPKCE.isValidVerifier(String(repeating: "a", count: 128)))
 15 |         #expect(OAuthPKCE.isValidVerifier(String(repeating: "a", count: 42)) == false)
 16 |         #expect(OAuthPKCE.isValidVerifier(String(repeating: "a", count: 129)) == false)
    |                 `- error: cannot find 'OAuthPKCE' in scope
 17 |         #expect(OAuthPKCE.isValidVerifier("invalid verifier with spaces") == false)
 18 |     }

/Users/arimendelow/Projects/spoonjoy-apple/Tests/SpoonjoyCoreTests/OAuthRequestTests.swift:17:17: error: cannot find 'OAuthPKCE' in scope
 15 |         #expect(OAuthPKCE.isValidVerifier(String(repeating: "a", count: 42)) == false)
 16 |         #expect(OAuthPKCE.isValidVerifier(String(repeating: "a", count: 129)) == false)
 17 |         #expect(OAuthPKCE.isValidVerifier("invalid verifier with spaces") == false)
    |                 `- error: cannot find 'OAuthPKCE' in scope
 18 |     }
 19 | 

/Users/arimendelow/Projects/spoonjoy-apple/Tests/SpoonjoyCoreTests/OAuthRequestTests.swift:22:34: error: cannot find 'OAuthState' in scope
 20 |     @Test("OAuth state trims and validates exact callback state")
 21 |     func oauthStateTrimsAndValidatesExactCallbackState() throws {
 22 |         let state = try #require(OAuthState(rawValue: " state_123 "))
    |                                  `- error: cannot find 'OAuthState' in scope
 23 | 
 24 |         #expect(state.rawValue == "state_123")

/Users/arimendelow/Projects/spoonjoy-apple/Tests/SpoonjoyCoreTests/OAuthRequestTests.swift:28:17: error: cannot find 'OAuthState' in scope
 26 |         #expect(state.matches(returnedState: " state_123 ") == false)
 27 |         #expect(state.matches(returnedState: "state_456") == false)
 28 |         #expect(OAuthState(rawValue: " \n ") == nil)
    |                 `- error: cannot find 'OAuthState' in scope
 29 |     }
 30 | 

/Users/arimendelow/Projects/spoonjoy-apple/Tests/SpoonjoyCoreTests/OAuthRequestTests.swift:22:21: error: no calls to throwing functions occur within 'try' expression
 20 |     @Test("OAuth state trims and validates exact callback state")
 21 |     func oauthStateTrimsAndValidatesExactCallbackState() throws {
 22 |         let state = try #require(OAuthState(rawValue: " state_123 "))
    |                     `- error: no calls to throwing functions occur within 'try' expression
 23 | 
 24 |         #expect(state.rawValue == "state_123")

/Users/arimendelow/Projects/spoonjoy-apple/Tests/SpoonjoyCoreTests/OAuthRequestTests.swift:33:21: error: cannot find 'OAuthRedirectValidator' in scope
 31 |     @Test("redirect validator accepts app links and localhost loopback only")
 32 |     func redirectValidatorAcceptsAppLinksAndLocalhostLoopbackOnly() throws {
 33 |         #expect(try OAuthRedirectValidator.validate(URL(string: "https://spoonjoy.app/oauth/callback")!))
    |                     `- error: cannot find 'OAuthRedirectValidator' in scope
 34 |         #expect(try OAuthRedirectValidator.validate(URL(string: "http://localhost:53123/callback")!))
 35 |         #expect(try OAuthRedirectValidator.validate(URL(string: "http://127.0.0.1:53123/callback")!))

/Users/arimendelow/Projects/spoonjoy-apple/Tests/SpoonjoyCoreTests/OAuthRequestTests.swift:34:21: error: cannot find 'OAuthRedirectValidator' in scope
 32 |     func redirectValidatorAcceptsAppLinksAndLocalhostLoopbackOnly() throws {
 33 |         #expect(try OAuthRedirectValidator.validate(URL(string: "https://spoonjoy.app/oauth/callback")!))
 34 |         #expect(try OAuthRedirectValidator.validate(URL(string: "http://localhost:53123/callback")!))
    |                     `- error: cannot find 'OAuthRedirectValidator' in scope
 35 |         #expect(try OAuthRedirectValidator.validate(URL(string: "http://127.0.0.1:53123/callback")!))
 36 | 

/Users/arimendelow/Projects/spoonjoy-apple/Tests/SpoonjoyCoreTests/OAuthRequestTests.swift:35:21: error: cannot find 'OAuthRedirectValidator' in scope
 33 |         #expect(try OAuthRedirectValidator.validate(URL(string: "https://spoonjoy.app/oauth/callback")!))
 34 |         #expect(try OAuthRedirectValidator.validate(URL(string: "http://localhost:53123/callback")!))
 35 |         #expect(try OAuthRedirectValidator.validate(URL(string: "http://127.0.0.1:53123/callback")!))
    |                     `- error: cannot find 'OAuthRedirectValidator' in scope
 36 | 
 37 |         #expect(throws: OAuthRedirectValidationError.self) {

/Users/arimendelow/Projects/spoonjoy-apple/Tests/SpoonjoyCoreTests/OAuthRequestTests.swift:37:25: error: cannot find 'OAuthRedirectValidationError' in scope
 35 |         #expect(try OAuthRedirectValidator.validate(URL(string: "http://127.0.0.1:53123/callback")!))
 36 | 
 37 |         #expect(throws: OAuthRedirectValidationError.self) {
    |                         `- error: cannot find 'OAuthRedirectValidationError' in scope
 38 |             try OAuthRedirectValidator.validate(URL(string: "spoonjoy://oauth/callback")!)
 39 |         }

/Users/arimendelow/Projects/spoonjoy-apple/Tests/SpoonjoyCoreTests/OAuthRequestTests.swift:38:17: error: cannot find 'OAuthRedirectValidator' in scope
 36 | 
 37 |         #expect(throws: OAuthRedirectValidationError.self) {
 38 |             try OAuthRedirectValidator.validate(URL(string: "spoonjoy://oauth/callback")!)
    |                 `- error: cannot find 'OAuthRedirectValidator' in scope
 39 |         }
 40 |         #expect(throws: OAuthRedirectValidationError.self) {

/Users/arimendelow/Projects/spoonjoy-apple/Tests/SpoonjoyCoreTests/OAuthRequestTests.swift:40:25: error: cannot find 'OAuthRedirectValidationError' in scope
 38 |             try OAuthRedirectValidator.validate(URL(string: "spoonjoy://oauth/callback")!)
 39 |         }
 40 |         #expect(throws: OAuthRedirectValidationError.self) {
    |                         `- error: cannot find 'OAuthRedirectValidationError' in scope
 41 |             try OAuthRedirectValidator.validate(URL(string: "http://example.com/oauth/callback")!)
 42 |         }

/Users/arimendelow/Projects/spoonjoy-apple/Tests/SpoonjoyCoreTests/OAuthRequestTests.swift:41:17: error: cannot find 'OAuthRedirectValidator' in scope
 39 |         }
 40 |         #expect(throws: OAuthRedirectValidationError.self) {
 41 |             try OAuthRedirectValidator.validate(URL(string: "http://example.com/oauth/callback")!)
    |                 `- error: cannot find 'OAuthRedirectValidator' in scope
 42 |         }
 43 |         #expect(throws: OAuthRedirectValidationError.self) {

/Users/arimendelow/Projects/spoonjoy-apple/Tests/SpoonjoyCoreTests/OAuthRequestTests.swift:43:25: error: cannot find 'OAuthRedirectValidationError' in scope
 41 |             try OAuthRedirectValidator.validate(URL(string: "http://example.com/oauth/callback")!)
 42 |         }
 43 |         #expect(throws: OAuthRedirectValidationError.self) {
    |                         `- error: cannot find 'OAuthRedirectValidationError' in scope
 44 |             try OAuthRedirectValidator.validate(URL(string: "https://user:pass@example.com/oauth/callback")!)
 45 |         }

/Users/arimendelow/Projects/spoonjoy-apple/Tests/SpoonjoyCoreTests/OAuthRequestTests.swift:44:17: error: cannot find 'OAuthRedirectValidator' in scope
 42 |         }
 43 |         #expect(throws: OAuthRedirectValidationError.self) {
 44 |             try OAuthRedirectValidator.validate(URL(string: "https://user:pass@example.com/oauth/callback")!)
    |                 `- error: cannot find 'OAuthRedirectValidator' in scope
 45 |         }
 46 |         #expect(throws: OAuthRedirectValidationError.self) {

/Users/arimendelow/Projects/spoonjoy-apple/Tests/SpoonjoyCoreTests/OAuthRequestTests.swift:46:25: error: cannot find 'OAuthRedirectValidationError' in scope
 44 |             try OAuthRedirectValidator.validate(URL(string: "https://user:pass@example.com/oauth/callback")!)
 45 |         }
 46 |         #expect(throws: OAuthRedirectValidationError.self) {
    |                         `- error: cannot find 'OAuthRedirectValidationError' in scope
 47 |             try OAuthRedirectValidator.validate(URL(string: "https://example.com/oauth/callback#fragment")!)
 48 |         }

/Users/arimendelow/Projects/spoonjoy-apple/Tests/SpoonjoyCoreTests/OAuthRequestTests.swift:47:17: error: cannot find 'OAuthRedirectValidator' in scope
 45 |         }
 46 |         #expect(throws: OAuthRedirectValidationError.self) {
 47 |             try OAuthRedirectValidator.validate(URL(string: "https://example.com/oauth/callback#fragment")!)
    |                 `- error: cannot find 'OAuthRedirectValidator' in scope
 48 |         }
 49 |     }

/Users/arimendelow/Projects/spoonjoy-apple/Tests/SpoonjoyCoreTests/OAuthRequestTests.swift:53:27: error: cannot find 'OAuthRequests' in scope
 51 |     @Test("register request sends dynamic client registration JSON")
 52 |     func registerRequestSendsDynamicClientRegistrationJSON() throws {
 53 |         let request = try OAuthRequests.registerClient(
    |                           `- error: cannot find 'OAuthRequests' in scope
 54 |             clientName: "Spoonjoy Apple",
 55 |             redirectURIs: [

/Users/arimendelow/Projects/spoonjoy-apple/Tests/SpoonjoyCoreTests/OAuthRequestTests.swift:60:37: error: cannot infer contextual base in reference to member 'spoonjoyProduction'
 58 |             ]
 59 |         )
 60 |         .urlRequest(configuration: .spoonjoyProduction)
    |                                     `- error: cannot infer contextual base in reference to member 'spoonjoyProduction'
 61 |         let body = try decodeJSONBody(OAuthRegisterBody.self, from: request)
 62 | 

/Users/arimendelow/Projects/spoonjoy-apple/Tests/SpoonjoyCoreTests/OAuthRequestTests.swift:63:36: error: cannot infer contextual base in reference to member 'post'
 61 |         let body = try decodeJSONBody(OAuthRegisterBody.self, from: request)
 62 | 
 63 |         #expect(request.method == .post)
    |                                    `- error: cannot infer contextual base in reference to member 'post'
 64 |         #expect(request.url.path == "/oauth/register")
 65 |         #expect(request.queryItems.isEmpty)

/Users/arimendelow/Projects/spoonjoy-apple/Tests/SpoonjoyCoreTests/OAuthRequestTests.swift:81:27: error: cannot find 'OAuthRequests' in scope
 79 |     @Test("authorize request builds browser URL and omits REST resource")
 80 |     func authorizeRequestBuildsBrowserURLAndOmitsRESTResource() throws {
 81 |         let request = try OAuthRequests.authorize(
    |                           `- error: cannot find 'OAuthRequests' in scope
 82 |             clientID: "cm_client_id_from_register",
 83 |             redirectURI: URL(string: "https://spoonjoy.app/oauth/callback")!,

/Users/arimendelow/Projects/spoonjoy-apple/Tests/SpoonjoyCoreTests/OAuthRequestTests.swift:85:33: error: cannot find 'OAuthState' in scope
 83 |             redirectURI: URL(string: "https://spoonjoy.app/oauth/callback")!,
 84 |             scope: "shopping_list:read shopping_list:write",
 85 |             state: try #require(OAuthState(rawValue: "state_123")),
    |                                 `- error: cannot find 'OAuthState' in scope
 86 |             codeChallenge: "pkce_s256_challenge"
 87 |         )

/Users/arimendelow/Projects/spoonjoy-apple/Tests/SpoonjoyCoreTests/OAuthRequestTests.swift:88:37: error: cannot infer contextual base in reference to member 'spoonjoyProduction'
 86 |             codeChallenge: "pkce_s256_challenge"
 87 |         )
 88 |         .urlRequest(configuration: .spoonjoyProduction)
    |                                     `- error: cannot infer contextual base in reference to member 'spoonjoyProduction'
 89 | 
 90 |         #expect(request.method == .get)

/Users/arimendelow/Projects/spoonjoy-apple/Tests/SpoonjoyCoreTests/OAuthRequestTests.swift:90:36: error: cannot infer contextual base in reference to member 'get'
 88 |         .urlRequest(configuration: .spoonjoyProduction)
 89 | 
 90 |         #expect(request.method == .get)
    |                                    `- error: cannot infer contextual base in reference to member 'get'
 91 |         #expect(request.url.path == "/oauth/authorize")
 92 |         #expect(request.headers["Authorization"] == nil)

/Users/arimendelow/Projects/spoonjoy-apple/Tests/SpoonjoyCoreTests/OAuthRequestTests.swift:108:28: error: cannot find 'OAuthRequests' in scope
106 |     @Test("token exchange refresh and revoke requests are form encoded")
107 |     func tokenExchangeRefreshAndRevokeRequestsAreFormEncoded() throws {
108 |         let exchange = try OAuthRequests.exchangeCode(
    |                            `- error: cannot find 'OAuthRequests' in scope
109 |             clientID: "cm_client_id_from_register",
110 |             redirectURI: URL(string: "https://spoonjoy.app/oauth/callback")!,

/Users/arimendelow/Projects/spoonjoy-apple/Tests/SpoonjoyCoreTests/OAuthRequestTests.swift:114:37: error: cannot infer contextual base in reference to member 'spoonjoyProduction'
112 |             codeVerifier: "pkce_verifier"
113 |         )
114 |         .urlRequest(configuration: .spoonjoyProduction)
    |                                     `- error: cannot infer contextual base in reference to member 'spoonjoyProduction'
115 |         let refresh = try OAuthRequests.refreshToken(
116 |             clientID: "cm_client_id_from_register",

/Users/arimendelow/Projects/spoonjoy-apple/Tests/SpoonjoyCoreTests/OAuthRequestTests.swift:115:27: error: cannot find 'OAuthRequests' in scope
113 |         )
114 |         .urlRequest(configuration: .spoonjoyProduction)
115 |         let refresh = try OAuthRequests.refreshToken(
    |                           `- error: cannot find 'OAuthRequests' in scope
116 |             clientID: "cm_client_id_from_register",
117 |             refreshToken: "ort_refresh"

/Users/arimendelow/Projects/spoonjoy-apple/Tests/SpoonjoyCoreTests/OAuthRequestTests.swift:119:37: error: cannot infer contextual base in reference to member 'spoonjoyProduction'
117 |             refreshToken: "ort_refresh"
118 |         )
119 |         .urlRequest(configuration: .spoonjoyProduction)
    |                                     `- error: cannot infer contextual base in reference to member 'spoonjoyProduction'
120 |         let revoke = try OAuthRequests.revoke(
121 |             refreshToken: "ort_refresh",

/Users/arimendelow/Projects/spoonjoy-apple/Tests/SpoonjoyCoreTests/OAuthRequestTests.swift:120:26: error: cannot find 'OAuthRequests' in scope
118 |         )
119 |         .urlRequest(configuration: .spoonjoyProduction)
120 |         let revoke = try OAuthRequests.revoke(
    |                          `- error: cannot find 'OAuthRequests' in scope
121 |             refreshToken: "ort_refresh",
122 |             clientID: "cm_client_id_from_register"

/Users/arimendelow/Projects/spoonjoy-apple/Tests/SpoonjoyCoreTests/OAuthRequestTests.swift:124:37: error: cannot infer contextual base in reference to member 'spoonjoyProduction'
122 |             clientID: "cm_client_id_from_register"
123 |         )
124 |         .urlRequest(configuration: .spoonjoyProduction)
    |                                     `- error: cannot infer contextual base in reference to member 'spoonjoyProduction'
125 | 
126 |         #expect(exchange.method == .post)

/Users/arimendelow/Projects/spoonjoy-apple/Tests/SpoonjoyCoreTests/OAuthRequestTests.swift:126:37: error: cannot infer contextual base in reference to member 'post'
124 |         .urlRequest(configuration: .spoonjoyProduction)
125 | 
126 |         #expect(exchange.method == .post)
    |                                     `- error: cannot infer contextual base in reference to member 'post'
127 |         #expect(exchange.url.path == "/oauth/token")
128 |         #expect(exchange.headers["Content-Type"] == "application/x-www-form-urlencoded")

/Users/arimendelow/Projects/spoonjoy-apple/Tests/SpoonjoyCoreTests/OAuthRequestTests.swift:139:36: error: cannot infer contextual base in reference to member 'post'
137 |         #expect(try formBody(from: exchange)["resource"] == nil)
138 | 
139 |         #expect(refresh.method == .post)
    |                                    `- error: cannot infer contextual base in reference to member 'post'
140 |         #expect(refresh.url.path == "/oauth/token")
141 |         #expect(try formBody(from: refresh) == [

/Users/arimendelow/Projects/spoonjoy-apple/Tests/SpoonjoyCoreTests/OAuthRequestTests.swift:147:35: error: cannot infer contextual base in reference to member 'post'
145 |         ])
146 | 
147 |         #expect(revoke.method == .post)
    |                                   `- error: cannot infer contextual base in reference to member 'post'
148 |         #expect(revoke.url.path == "/oauth/revoke")
149 |         #expect(try formBody(from: revoke) == [

/Users/arimendelow/Projects/spoonjoy-apple/Tests/SpoonjoyCoreTests/OAuthRequestTests.swift:159:13: error: cannot find 'OAuthRegisterResponse' in scope
157 |     func oauthRegisterAndTokenResponsesDecodeSnakeCasePayloads() throws {
158 |         let register = try JSONDecoder().decode(
159 |             OAuthRegisterResponse.self,
    |             `- error: cannot find 'OAuthRegisterResponse' in scope
160 |             from: Data(
161 |                 """

/Users/arimendelow/Projects/spoonjoy-apple/Tests/SpoonjoyCoreTests/OAuthRequestTests.swift:158:42: error: failed to produce diagnostic for expression; please submit a bug report (https://swift.org/contributing/#reporting-bugs)
156 |     @Test("OAuth register and token responses decode snake case payloads")
157 |     func oauthRegisterAndTokenResponsesDecodeSnakeCasePayloads() throws {
158 |         let register = try JSONDecoder().decode(
    |                                          `- error: failed to produce diagnostic for expression; please submit a bug report (https://swift.org/contributing/#reporting-bugs)
159 |             OAuthRegisterResponse.self,
160 |             from: Data(

/Users/arimendelow/Projects/spoonjoy-apple/Tests/SpoonjoyCoreTests/OAuthRequestTests.swift:173:13: error: cannot find 'OAuthTokenResponse' in scope
171 |         )
172 |         let token = try JSONDecoder().decode(
173 |             OAuthTokenResponse.self,
    |             `- error: cannot find 'OAuthTokenResponse' in scope
174 |             from: Data(
175 |                 """

/Users/arimendelow/Projects/spoonjoy-apple/Tests/SpoonjoyCoreTests/OAuthRequestTests.swift:172:39: error: failed to produce diagnostic for expression; please submit a bug report (https://swift.org/contributing/#reporting-bugs)
170 |             )
171 |         )
172 |         let token = try JSONDecoder().decode(
    |                                       `- error: failed to produce diagnostic for expression; please submit a bug report (https://swift.org/contributing/#reporting-bugs)
173 |             OAuthTokenResponse.self,
174 |             from: Data(
error: fatalError
