[0/1] Planning build
Building for debugging...
[0/6] Write swift-version--58304C5D6DBC2206.txt
[2/26] Compiling SpoonjoyCore CaptureDraft.swift
[3/26] Compiling SpoonjoyCore CookModeProgress.swift
[4/26] Compiling SpoonjoyCore OAuthPKCE.swift
[5/26] Compiling SpoonjoyCore OAuthRedirectValidator.swift
[6/26] Compiling SpoonjoyCore KitchenFixtureState.swift
[7/26] Compiling SpoonjoyCore SettingsState.swift
[8/26] Compiling SpoonjoyCore PaginationCursor.swift
[9/26] Compiling SpoonjoyCore PublicCatalogRequests.swift
[10/26] Compiling SpoonjoyCore OAuthRequests.swift
[11/26] Compiling SpoonjoyCore OAuthResponses.swift
[12/26] Compiling SpoonjoyCore ShoppingListAPI.swift
[13/26] Compiling SpoonjoyCore ShoppingListRequests.swift
[14/28] Compiling SpoonjoyCore SpoonjoyCore.swift
[15/28] Compiling SpoonjoyCore resource_bundle_accessor.swift
[16/28] Compiling SpoonjoyCore ShoppingListState.swift
[17/28] Compiling SpoonjoyCore RecipeCookbook.swift
[18/28] Compiling SpoonjoyCore APIRequestBuilder.swift
[19/28] Compiling SpoonjoyCore APIRetryPolicy.swift
[20/28] Compiling SpoonjoyCore APIClient.swift
[21/28] Compiling SpoonjoyCore APIEnvelope.swift
[22/28] Compiling SpoonjoyCore APIError.swift
[23/28] Emitting module SpoonjoyCore
[24/37] Emitting module SpoonjoyScenarioVerifier
[25/37] Compiling SpoonjoyScenarioVerifier main.swift
[25/37] Write Objects.LinkFileList
[26/37] Linking SpoonjoyScenarioVerifier
[27/37] Applying SpoonjoyScenarioVerifier
[29/37] Compiling SpoonjoyCoreTests SpoonjoyCoreBootstrapTests.swift
[30/37] Compiling SpoonjoyCoreTests ShoppingAPIClientTests.swift
[31/37] Compiling SpoonjoyCoreTests KitchenStateTests.swift
[32/37] Compiling SpoonjoyCoreTests OAuthRequestTests.swift
[33/37] Compiling SpoonjoyCoreTests APIReadClientTests.swift
[34/37] Compiling SpoonjoyCoreTests RecipeCookbookTests.swift
[35/37] Emitting module SpoonjoyCoreTests
[36/39] Emitting module SpoonjoyApplePackageTests
[37/39] Compiling SpoonjoyApplePackageTests runner.swift
[37/39] Write Objects.LinkFileList
[38/39] Linking SpoonjoyApplePackageTests
Build complete! (4.54s)
◇ Test run started.
↳ Testing Library Version: 1902
↳ Target Platform: arm64e-apple-macos14.0
◇ Suite "OAuth PKCE request construction" started.
◇ Test "PKCE verifier validation and S256 challenge match RFC vector" started.
◇ Test "OAuth state trims and validates exact callback state" started.
◇ Test "redirect validator accepts app links and localhost loopback only" started.
◇ Test "authorize request builds browser URL and omits REST resource" started.
◇ Test "token exchange refresh and revoke requests are form encoded" started.
◇ Test "OAuth register and token responses decode snake case payloads" started.
◇ Test "register request sends dynamic client registration JSON" started.
✔ Test "OAuth register and token responses decode snake case payloads" passed after 0.001 seconds.
✔ Test "OAuth state trims and validates exact callback state" passed after 0.001 seconds.
✔ Test "token exchange refresh and revoke requests are form encoded" passed after 0.001 seconds.
✔ Test "register request sends dynamic client registration JSON" passed after 0.001 seconds.
✔ Test "authorize request builds browser URL and omits REST resource" passed after 0.001 seconds.
✔ Test "PKCE verifier validation and S256 challenge match RFC vector" passed after 0.001 seconds.
✔ Test "redirect validator accepts app links and localhost loopback only" passed after 0.001 seconds.
✔ Suite "OAuth PKCE request construction" passed after 0.001 seconds.
✔ Test run with 7 tests in 1 suite passed after 0.001 seconds.
