[0/1] Planning build
Building for debugging...
[0/7] Write sources
[1/7] Write swift-version--58304C5D6DBC2206.txt
[3/44] Compiling SpoonjoyCore OAuthPKCE.swift
[4/44] Compiling SpoonjoyCore OAuthRedirectValidator.swift
[5/44] Compiling SpoonjoyCore OAuthRequests.swift
[6/44] Compiling SpoonjoyCore OAuthResponses.swift
[7/44] Compiling SpoonjoyCore APIRetryPolicy.swift
[8/44] Compiling SpoonjoyCore PaginationCursor.swift
[9/44] Compiling SpoonjoyCore PublicCatalogRequests.swift
[10/44] Compiling SpoonjoyCore ShoppingListAPI.swift
[11/44] Compiling SpoonjoyCore NativeCapabilityMetadata.swift
[12/44] Compiling SpoonjoyCore ScenarioCommand.swift
[13/44] Compiling SpoonjoyCore ScenarioReport.swift
[14/44] Compiling SpoonjoyCore ScenarioVerifier.swift
[15/44] Compiling SpoonjoyCore RefreshCoordinator.swift
[16/44] Compiling SpoonjoyCore TokenVault.swift
[17/44] Compiling SpoonjoyCore CaptureDraft.swift
[18/44] Compiling SpoonjoyCore CookModeProgress.swift
[19/47] Compiling SpoonjoyCore ShoppingListRequests.swift
[20/47] Compiling SpoonjoyCore AppNavigationState.swift
[21/47] Compiling SpoonjoyCore AppRoute.swift
[22/47] Compiling SpoonjoyCore DeepLinkRouter.swift
[23/47] Compiling SpoonjoyCore JSONFileStore.swift
[24/47] Compiling SpoonjoyCore MutationQueue.swift
[25/47] Compiling SpoonjoyCore OfflineSnapshot.swift
[26/47] Compiling SpoonjoyCore SyncCheckpoint.swift
[27/47] Compiling SpoonjoyCore APIClient.swift
[28/47] Compiling SpoonjoyCore APIEnvelope.swift
[29/47] Compiling SpoonjoyCore APIError.swift
[30/47] Compiling SpoonjoyCore APIRequestBuilder.swift
[31/47] Emitting module SpoonjoyCore
[32/47] Compiling SpoonjoyCore ScreenViewModels.swift
[33/47] Compiling SpoonjoyCore SearchState.swift
[34/47] Compiling SpoonjoyCore AuthSessionState.swift
[35/47] Compiling SpoonjoyCore InMemoryTokenVault.swift
[36/47] Compiling SpoonjoyCore KitchenFixtureState.swift
[37/47] Compiling SpoonjoyCore SettingsState.swift
[38/47] Compiling SpoonjoyCore ShoppingListState.swift
[39/47] Compiling SpoonjoyCore DeepLinkManifest.swift
[40/47] Compiling SpoonjoyCore RecipeCookbook.swift
[41/47] Compiling SpoonjoyCore SpoonjoyCore.swift
[42/47] Compiling SpoonjoyCore resource_bundle_accessor.swift
[43/61] Compiling SpoonjoyScenarioVerifier ScenarioProcessMain.swift
[44/61] Compiling SpoonjoyScenarioVerifier main.swift
[45/61] Emitting module SpoonjoyScenarioVerifier
[45/60] Linking SpoonjoyScenarioVerifier
[46/60] Applying SpoonjoyScenarioVerifier
[48/60] Compiling SpoonjoyCoreTests SpoonjoyCoreBootstrapTests.swift
[49/61] Emitting module SpoonjoyCoreTests
[50/61] Compiling SpoonjoyCoreTests OfflineStoreTests.swift
[51/61] Compiling SpoonjoyCoreTests TokenRefreshTests.swift
[52/61] Compiling SpoonjoyCoreTests ShoppingAPIClientTests.swift
[53/61] Compiling SpoonjoyCoreTests DeepLinkRouterTests.swift
[54/61] Compiling SpoonjoyCoreTests APIReadClientTests.swift
[55/61] Compiling SpoonjoyCoreTests AppStateTests.swift
[56/61] Compiling SpoonjoyCoreTests KitchenStateTests.swift
[57/61] Compiling SpoonjoyCoreTests RecipeCookbookTests.swift
[58/61] Compiling SpoonjoyCoreTests NativeScenarioTests.swift
[59/61] Compiling SpoonjoyCoreTests OAuthRequestTests.swift
[60/63] Compiling SpoonjoyApplePackageTests runner.swift
[61/63] Emitting module SpoonjoyApplePackageTests
[61/63] Write Objects.LinkFileList
[62/63] Linking SpoonjoyApplePackageTests
Build complete! (5.01s)
◇ Test run started.
↳ Testing Library Version: 1902
↳ Target Platform: arm64e-apple-macos14.0
◇ Suite "Native scenario metadata" started.
◇ Test "final report proves search capture settings and deep link safety" started.
✘ Test "final report proves search capture settings and deep link safety" recorded an issue at NativeScenarioTests.swift:111:6: Caught error: Scenario stage final is not implemented in bootstrap.
✘ Test "final report proves search capture settings and deep link safety" failed after 0.005 seconds with 1 issue.
✘ Suite "Native scenario metadata" failed after 0.005 seconds with 1 issue.
✘ Test run with 1 test in 1 suite failed after 0.005 seconds with 1 issue.
