[0/1] Planning build
Building for debugging...
[0/4] Write swift-version--58304C5D6DBC2206.txt
[2/41] Compiling SpoonjoyCore OAuthPKCE.swift
[3/41] Compiling SpoonjoyCore OAuthRedirectValidator.swift
[4/41] Compiling SpoonjoyCore OAuthRequests.swift
[5/41] Compiling SpoonjoyCore OAuthResponses.swift
[6/44] Compiling SpoonjoyCore RefreshCoordinator.swift
[7/44] Compiling SpoonjoyCore TokenVault.swift
[8/44] Compiling SpoonjoyCore CaptureDraft.swift
[9/44] Compiling SpoonjoyCore CookModeProgress.swift
[10/44] Compiling SpoonjoyCore ShoppingListRequests.swift
[11/44] Compiling SpoonjoyCore AppNavigationState.swift
[12/44] Compiling SpoonjoyCore AppRoute.swift
[13/44] Compiling SpoonjoyCore DeepLinkRouter.swift
[14/44] Compiling SpoonjoyCore APIClient.swift
[15/44] Compiling SpoonjoyCore APIEnvelope.swift
[16/44] Compiling SpoonjoyCore APIError.swift
[17/44] Compiling SpoonjoyCore APIRequestBuilder.swift
[18/44] Emitting module SpoonjoyCore
[19/44] Compiling SpoonjoyCore JSONFileStore.swift
[20/44] Compiling SpoonjoyCore MutationQueue.swift
[21/44] Compiling SpoonjoyCore OfflineSnapshot.swift
[22/44] Compiling SpoonjoyCore SyncCheckpoint.swift
[23/44] Compiling SpoonjoyCore APIRetryPolicy.swift
[24/44] Compiling SpoonjoyCore PaginationCursor.swift
[25/44] Compiling SpoonjoyCore PublicCatalogRequests.swift
[26/44] Compiling SpoonjoyCore ShoppingListAPI.swift
[27/44] Compiling SpoonjoyCore NativeCapabilityMetadata.swift
[28/44] Compiling SpoonjoyCore ScenarioCommand.swift
[29/44] Compiling SpoonjoyCore ScenarioReport.swift
[30/44] Compiling SpoonjoyCore ScenarioVerifier.swift
[31/44] Compiling SpoonjoyCore ScreenViewModels.swift
[32/44] Compiling SpoonjoyCore SearchState.swift
[33/44] Compiling SpoonjoyCore AuthSessionState.swift
[34/44] Compiling SpoonjoyCore InMemoryTokenVault.swift
[35/44] Compiling SpoonjoyCore KitchenFixtureState.swift
[36/44] Compiling SpoonjoyCore SettingsState.swift
[37/44] Compiling SpoonjoyCore ShoppingListState.swift
[38/44] Compiling SpoonjoyCore DeepLinkManifest.swift
[39/44] Compiling SpoonjoyCore RecipeCookbook.swift
[40/44] Compiling SpoonjoyCore SpoonjoyCore.swift
[41/44] Compiling SpoonjoyCore resource_bundle_accessor.swift
[42/47] Compiling SpoonjoyScenarioVerifier main.swift
[43/47] Emitting module SpoonjoyScenarioVerifier
[44/47] Compiling SpoonjoyScenarioVerifier ScenarioProcessMain.swift
[44/47] Write Objects.LinkFileList
[45/47] Linking SpoonjoyScenarioVerifier
[46/47] Applying SpoonjoyScenarioVerifier
Build of product 'SpoonjoyScenarioVerifier' complete! (2.14s)
native scenario verification ok: final
