[0/1] Planning build
Building for debugging...
[0/6] Write sources
[2/6] Write swift-version--58304C5D6DBC2206.txt
[4/8] Emitting module SpoonjoyCore
[5/8] Compiling SpoonjoyCore RefreshCoordinator.swift
[6/13] Emitting module SpoonjoyScenarioVerifier
[6/13] Write Objects.LinkFileList
[7/13] Linking SpoonjoyScenarioVerifier
[8/13] Applying SpoonjoyScenarioVerifier
[10/13] Emitting module SpoonjoyCoreTests
[11/13] Compiling SpoonjoyCoreTests TokenRefreshTests.swift
[11/13] Write Objects.LinkFileList
[12/13] Linking SpoonjoyApplePackageTests
Build complete! (2.52s)
◇ Test run started.
↳ Testing Library Version: 1902
↳ Target Platform: arm64e-apple-macos14.0
◇ Suite "Token vault and refresh coordination" started.
◇ Test "missing sessions are invalid refresh state" started.
◇ Test "refresh coordinator shares one concurrent refresh and rotates tokens atomically" started.
◇ Test "refresh failures preserve prior session and disconnect clears auth state" started.
◇ Test "auth sessions validate, classify state, and rotate token responses" started.
◇ Test "token vault persists client id and sessions independently" started.
◇ Test "refresh coordinator returns valid sessions without network refresh" started.
◇ Test "disconnect cancels in-flight refresh and prevents session resurrection" started.
✔ Test "refresh failures preserve prior session and disconnect clears auth state" passed after 0.001 seconds.
✔ Test "token vault persists client id and sessions independently" passed after 0.001 seconds.
✔ Test "missing sessions are invalid refresh state" passed after 0.001 seconds.
✔ Test "disconnect cancels in-flight refresh and prevents session resurrection" passed after 0.001 seconds.
✔ Test "refresh coordinator returns valid sessions without network refresh" passed after 0.001 seconds.
✔ Test "auth sessions validate, classify state, and rotate token responses" passed after 0.001 seconds.
✔ Test "refresh coordinator shares one concurrent refresh and rotates tokens atomically" passed after 0.035 seconds.
✔ Suite "Token vault and refresh coordination" passed after 0.035 seconds.
✔ Test run with 7 tests in 1 suite passed after 0.036 seconds.
