
 RUN  v4.0.18 /Users/arimendelow/Projects/spoonjoy-v2
      Coverage enabled with istanbul

 ✓ test/routes/api-v1-me.test.ts (9 tests) 364ms
 ✓ test/routes/api-v1-telemetry.test.ts (16 tests) 1251ms
     ✓ captures shopping-list item create, check, and delete operations without body values  419ms
 ✓ test/lib/api-v1-openapi.server.test.ts (10 tests) 185ms
 ✓ test/scripts/cleanup-local-qa-data.test.ts (49 tests) 101ms
 ✓ test/build-output-hygiene.test.ts (3 tests) 53ms
 ✓ test/scripts/migration-0019-native-push-devices.test.ts (3 tests) 33ms

 Test Files  6 passed (6)
      Tests  90 passed (90)
   Start at  00:33:19
   Duration  6.94s (transform 1.18s, setup 459ms, import 2.15s, tests 1.99s, environment 1.42s)

 % Coverage report from istanbul
-------------------|---------|----------|---------|---------|-------------------
File               | % Stmts | % Branch | % Funcs | % Lines | Uncovered Line #s
-------------------|---------|----------|---------|---------|-------------------
All files          |     100 |      100 |     100 |     100 |
 app/lib           |     100 |      100 |     100 |     100 |
  ...unt.server.ts |     100 |      100 |     100 |     100 |
  ...api.server.ts |     100 |      100 |     100 |     100 |
 scripts           |     100 |      100 |     100 |     100 |
  ...ut-hygiene.ts |     100 |      100 |     100 |     100 |
  ...l-qa-data.mjs |     100 |      100 |     100 |     100 |
-------------------|---------|----------|---------|---------|-------------------
