
 RUN  v4.0.18 /Users/arimendelow/Projects/spoonjoy-v2

 ❯ test/routes/api-v1-cookbook-writes.test.ts (7 tests | 6 failed) 268ms
     ✓ declares cookbook write routes as authenticated kitchen mutations 16ms
     × creates cookbooks with trimmed titles, exact mutation envelopes, and replay semantics 50ms
     × updates owned cookbook titles and rejects duplicate or cross-owner updates 24ms
     × deletes owned cookbooks idempotently, cascading links without deleting recipes 28ms
     × adds and removes active recipes with idempotency, detail refresh, and cookbook-save notifications 32ms
     × validates auth, scope, title, recipe state, and owner checks before writes 21ms
     × rejects cookbook idempotency conflicts across bodies, paths, operations, and in-progress reservations 21ms

⎯⎯⎯⎯⎯⎯⎯ Failed Tests 6 ⎯⎯⎯⎯⎯⎯⎯

 FAIL  test/routes/api-v1-cookbook-writes.test.ts > API v1 cookbook write mutations > creates cookbooks with trimmed titles, exact mutation envelopes, and replay semantics
AssertionError: expected 405 to be 201 // Object.is equality

- Expected
+ Received

- 201
+ 405

 ❯ test/routes/api-v1-cookbook-writes.test.ts:269:26
    267|     const firstPayload = await readJson(first);
    268| 
    269|     expect(first.status).toBe(201);
       |                          ^
    270|     expectPrivateEnvelopeHeaders(first, "req_cookbook_create");
    271|     expectSuccessEnvelope(firstPayload, "req_cookbook_create");

⎯⎯⎯⎯⎯⎯⎯⎯⎯⎯⎯⎯⎯⎯⎯⎯⎯⎯⎯⎯⎯⎯⎯⎯[1/6]⎯

 FAIL  test/routes/api-v1-cookbook-writes.test.ts > API v1 cookbook write mutations > updates owned cookbook titles and rejects duplicate or cross-owner updates
AssertionError: expected 405 to be 200 // Object.is equality

- Expected
+ Received

- 200
+ 405

 ❯ test/routes/api-v1-cookbook-writes.test.ts:309:28
    307|     const payload = await readJson(updated);
    308| 
    309|     expect(updated.status).toBe(200);
       |                            ^
    310|     expectPrivateEnvelopeHeaders(updated, "req_cookbook_update");
    311|     expectUpdateCookbookData(payload.data, body.clientMutationId);

⎯⎯⎯⎯⎯⎯⎯⎯⎯⎯⎯⎯⎯⎯⎯⎯⎯⎯⎯⎯⎯⎯⎯⎯[2/6]⎯

 FAIL  test/routes/api-v1-cookbook-writes.test.ts > API v1 cookbook write mutations > deletes owned cookbooks idempotently, cascading links without deleting recipes
AssertionError: expected 405 to be 200 // Object.is equality

- Expected
+ Received

- 200
+ 405

 ❯ test/routes/api-v1-cookbook-writes.test.ts:362:26
    360|     const payload = await readJson(first);
    361| 
    362|     expect(first.status).toBe(200);
       |                          ^
    363|     expectPrivateEnvelopeHeaders(first, "req_cookbook_delete");
    364|     expectDeleteCookbookData(payload.data, body.clientMutationId);

⎯⎯⎯⎯⎯⎯⎯⎯⎯⎯⎯⎯⎯⎯⎯⎯⎯⎯⎯⎯⎯⎯⎯⎯[3/6]⎯

 FAIL  test/routes/api-v1-cookbook-writes.test.ts > API v1 cookbook write mutations > adds and removes active recipes with idempotency, detail refresh, and cookbook-save notifications
AssertionError: expected 405 to be 201 // Object.is equality

- Expected
+ Received

- 201
+ 405

 ❯ test/routes/api-v1-cookbook-writes.test.ts:409:29
    407|     const addPayload = await readJson(firstAdd);
    408| 
    409|     expect(firstAdd.status).toBe(201);
       |                             ^
    410|     expectPrivateEnvelopeHeaders(firstAdd, "req_cookbook_add_recipe");
    411|     expectCookbookRecipeMutationData(addPayload.data, addBody.clientMu…

⎯⎯⎯⎯⎯⎯⎯⎯⎯⎯⎯⎯⎯⎯⎯⎯⎯⎯⎯⎯⎯⎯⎯⎯[4/6]⎯

 FAIL  test/routes/api-v1-cookbook-writes.test.ts > API v1 cookbook write mutations > validates auth, scope, title, recipe state, and owner checks before writes
AssertionError: expected 405 to be 401 // Object.is equality

- Expected
+ Received

- 401
+ 405

 ❯ test/routes/api-v1-cookbook-writes.test.ts:516:36
    514|       "cookbooks",
    515|     ).args);
    516|     expect(unauthenticated.status).toBe(401);
       |                                    ^
    517|     expectPrivateEnvelopeHeaders(unauthenticated, "req_cookbook_create…
    518|     expectErrorEnvelope(await readJson(unauthenticated), "req_cookbook…

⎯⎯⎯⎯⎯⎯⎯⎯⎯⎯⎯⎯⎯⎯⎯⎯⎯⎯⎯⎯⎯⎯⎯⎯[5/6]⎯

 FAIL  test/routes/api-v1-cookbook-writes.test.ts > API v1 cookbook write mutations > rejects cookbook idempotency conflicts across bodies, paths, operations, and in-progress reservations
AssertionError: expected 405 to be 201 // Object.is equality

- Expected
+ Received

- 201
+ 405

 ❯ test/routes/api-v1-cookbook-writes.test.ts:596:26
    594|       "cookbooks",
    595|     ).args);
    596|     expect(first.status).toBe(201);
       |                          ^
    597| 
    598|     const differentCreateBody = await action(routeArgs(

⎯⎯⎯⎯⎯⎯⎯⎯⎯⎯⎯⎯⎯⎯⎯⎯⎯⎯⎯⎯⎯⎯⎯⎯[6/6]⎯


 Test Files  1 failed (1)
      Tests  6 failed | 1 passed (7)
   Start at  14:00:09
   Duration  2.70s (transform 741ms, setup 244ms, import 1.42s, tests 268ms, environment 587ms)

