
> spoonjoy-v2@1.0.0 test
> pnpm run api:playground:generate && vitest --run test/routes/api-v1-recipe-writes.test.ts


> spoonjoy-v2@1.0.0 api:playground:generate /Users/arimendelow/Projects/spoonjoy-v2
> tsx scripts/generate-api-playground.ts

Generated app/lib/generated/api-v1-playground.ts

 RUN  v4.0.18 /Users/arimendelow/Projects/spoonjoy-v2

 ❯ test/routes/api-v1-recipe-writes.test.ts (7 tests | 6 failed) 352ms
     ✓ declares native recipe write scope rows 25ms
     × creates a recipe graph with exact mutation envelope and replay semantics 61ms
     × updates owned recipe metadata and rejects duplicate or cross-owner updates 36ms
     × soft deletes owned recipes with tombstone response, owner checks, and idempotent replay 38ms
     × forks recipes with source graph, title suffixing, cover copy, and notification side effects 34ms
     × validates mutation bodies, duplicate titles, deleted fork sources, auth, and scope before writes 28ms
     × rejects recipe idempotency conflicts across bodies, paths, and operations 40ms

⎯⎯⎯⎯⎯⎯⎯ Failed Tests 6 ⎯⎯⎯⎯⎯⎯⎯

 FAIL  test/routes/api-v1-recipe-writes.test.ts > API v1 recipe write mutations > creates a recipe graph with exact mutation envelope and replay semantics
AssertionError: expected 405 to be 201 // Object.is equality

- Expected
+ Received

- 201
+ 405

 ❯ test/routes/api-v1-recipe-writes.test.ts:282:26
    280|     const firstPayload = await readJson(first);
    281| 
    282|     expect(first.status).toBe(201);
       |                          ^
    283|     expectPrivateEnvelopeHeaders(first, "req_recipe_create");
    284|     expectSuccessEnvelope(firstPayload, "req_recipe_create");

⎯⎯⎯⎯⎯⎯⎯⎯⎯⎯⎯⎯⎯⎯⎯⎯⎯⎯⎯⎯⎯⎯⎯⎯[1/6]⎯

 FAIL  test/routes/api-v1-recipe-writes.test.ts > API v1 recipe write mutations > updates owned recipe metadata and rejects duplicate or cross-owner updates
AssertionError: expected 405 to be 400 // Object.is equality

- Expected
+ Received

- 400
+ 405

 ❯ test/routes/api-v1-recipe-writes.test.ts:355:30
    353|       `recipes/${recipe.id}`,
    354|     ));
    355|     expect(duplicate.status).toBe(400);
       |                              ^
    356|     expectPrivateEnvelopeHeaders(duplicate, "req_recipe_patch_duplicat…
    357|     await expect(readJson(duplicate)).resolves.toMatchObject({

⎯⎯⎯⎯⎯⎯⎯⎯⎯⎯⎯⎯⎯⎯⎯⎯⎯⎯⎯⎯⎯⎯⎯⎯[2/6]⎯

 FAIL  test/routes/api-v1-recipe-writes.test.ts > API v1 recipe write mutations > soft deletes owned recipes with tombstone response, owner checks, and idempotent replay
AssertionError: expected 405 to be 403 // Object.is equality

- Expected
+ Received

- 403
+ 405

 ❯ test/routes/api-v1-recipe-writes.test.ts:442:31
    440|       `recipes/${otherRecipe.id}`,
    441|     ));
    442|     expect(crossOwner.status).toBe(403);
       |                               ^
    443|     expectPrivateEnvelopeHeaders(crossOwner, "req_recipe_delete_cross_…
    444|     expectErrorEnvelope(await readJson(crossOwner), "req_recipe_delete…

⎯⎯⎯⎯⎯⎯⎯⎯⎯⎯⎯⎯⎯⎯⎯⎯⎯⎯⎯⎯⎯⎯⎯⎯[3/6]⎯

 FAIL  test/routes/api-v1-recipe-writes.test.ts > API v1 recipe write mutations > forks recipes with source graph, title suffixing, cover copy, and notification side effects
AssertionError: expected 405 to be 201 // Object.is equality

- Expected
+ Received

- 201
+ 405

 ❯ test/routes/api-v1-recipe-writes.test.ts:526:29
    524|     await Promise.all(captured);
    525| 
    526|     expect(response.status).toBe(201);
       |                             ^
    527|     expectPrivateEnvelopeHeaders(response, "req_recipe_fork");
    528|     expectSuccessEnvelope(payload, "req_recipe_fork");

⎯⎯⎯⎯⎯⎯⎯⎯⎯⎯⎯⎯⎯⎯⎯⎯⎯⎯⎯⎯⎯⎯⎯⎯[4/6]⎯

 FAIL  test/routes/api-v1-recipe-writes.test.ts > API v1 recipe write mutations > validates mutation bodies, duplicate titles, deleted fork sources, auth, and scope before writes
AssertionError: expected 405 to be 401 // Object.is equality

- Expected
+ Received

- 401
+ 405

 ❯ test/routes/api-v1-recipe-writes.test.ts:604:32
    602|       body: JSON.stringify({ clientMutationId: "missing-auth", unexpec…
    603|     }) as unknown as Request, "recipes"));
    604|     expect(missingAuth.status).toBe(401);
       |                                ^
    605|     expectPrivateEnvelopeHeaders(missingAuth, "req_recipe_missing_auth…
    606|     expectErrorEnvelope(await readJson(missingAuth), "req_recipe_missi…

⎯⎯⎯⎯⎯⎯⎯⎯⎯⎯⎯⎯⎯⎯⎯⎯⎯⎯⎯⎯⎯⎯⎯⎯[5/6]⎯

 FAIL  test/routes/api-v1-recipe-writes.test.ts > API v1 recipe write mutations > rejects recipe idempotency conflicts across bodies, paths, and operations
AssertionError: expected 405 to be 201 // Object.is equality

- Expected
+ Received

- 201
+ 405

 ❯ test/routes/api-v1-recipe-writes.test.ts:731:27
    729|       "recipes",
    730|     ));
    731|     expect(create.status).toBe(201);
       |                           ^
    732| 
    733|     const differentCreateBody = await action(routeArgs(

⎯⎯⎯⎯⎯⎯⎯⎯⎯⎯⎯⎯⎯⎯⎯⎯⎯⎯⎯⎯⎯⎯⎯⎯[6/6]⎯


 Test Files  1 failed (1)
      Tests  6 failed | 1 passed (7)
   Start at  03:40:18
   Duration  2.26s (transform 543ms, setup 174ms, import 1.28s, tests 352ms, environment 290ms)

