Unit 2b warning scan
Scanned logs:
/Users/arimendelow/Projects/spoonjoy-apple/tasks/2026-06-16-1754-doing-siri-full-access-parity/web/unit-2b-build-hygiene-green.log
/Users/arimendelow/Projects/spoonjoy-apple/tasks/2026-06-16-1754-doing-siri-full-access-parity/web/unit-2b-build.log
/Users/arimendelow/Projects/spoonjoy-apple/tasks/2026-06-16-1754-doing-siri-full-access-parity/web/unit-2b-cleanup-green.log
/Users/arimendelow/Projects/spoonjoy-apple/tasks/2026-06-16-1754-doing-siri-full-access-parity/web/unit-2b-docs-green.log
/Users/arimendelow/Projects/spoonjoy-apple/tasks/2026-06-16-1754-doing-siri-full-access-parity/web/unit-2b-edge-green.log
/Users/arimendelow/Projects/spoonjoy-apple/tasks/2026-06-16-1754-doing-siri-full-access-parity/web/unit-2b-focused-coverage.log
/Users/arimendelow/Projects/spoonjoy-apple/tasks/2026-06-16-1754-doing-siri-full-access-parity/web/unit-2b-me-green.log
/Users/arimendelow/Projects/spoonjoy-apple/tasks/2026-06-16-1754-doing-siri-full-access-parity/web/unit-2b-native-push-migration-green.log
/Users/arimendelow/Projects/spoonjoy-apple/tasks/2026-06-16-1754-doing-siri-full-access-parity/web/unit-2b-openapi-green.log
/Users/arimendelow/Projects/spoonjoy-apple/tasks/2026-06-16-1754-doing-siri-full-access-parity/web/unit-2b-playground-green.log
/Users/arimendelow/Projects/spoonjoy-apple/tasks/2026-06-16-1754-doing-siri-full-access-parity/web/unit-2b-review-fix-db-reset.log
/Users/arimendelow/Projects/spoonjoy-apple/tasks/2026-06-16-1754-doing-siri-full-access-parity/web/unit-2b-review-fix-docs-green.log
/Users/arimendelow/Projects/spoonjoy-apple/tasks/2026-06-16-1754-doing-siri-full-access-parity/web/unit-2b-review-fix-me-green.log
/Users/arimendelow/Projects/spoonjoy-apple/tasks/2026-06-16-1754-doing-siri-full-access-parity/web/unit-2b-review-fix-migration-green.log
/Users/arimendelow/Projects/spoonjoy-apple/tasks/2026-06-16-1754-doing-siri-full-access-parity/web/unit-2b-review-fix-openapi-green.log
/Users/arimendelow/Projects/spoonjoy-apple/tasks/2026-06-16-1754-doing-siri-full-access-parity/web/unit-2b-review-fix-playground-generate.log
/Users/arimendelow/Projects/spoonjoy-apple/tasks/2026-06-16-1754-doing-siri-full-access-parity/web/unit-2b-review-fix-telemetry-green.log
/Users/arimendelow/Projects/spoonjoy-apple/tasks/2026-06-16-1754-doing-siri-full-access-parity/web/unit-2b-review-fix-typecheck.log
/Users/arimendelow/Projects/spoonjoy-apple/tasks/2026-06-16-1754-doing-siri-full-access-parity/web/unit-2b-route-openapi-green.log
/Users/arimendelow/Projects/spoonjoy-apple/tasks/2026-06-16-1754-doing-siri-full-access-parity/web/unit-2b-telemetry-green.log
/Users/arimendelow/Projects/spoonjoy-apple/tasks/2026-06-16-1754-doing-siri-full-access-parity/web/unit-2b-typecheck.log

Pattern excludes hyphenated product/asset names such as validation-error while matching standalone warning/error/failure diagnostics.
No standalone warning/error/failure diagnostics found in final Unit 2b validation logs.
