
> spoonjoy-v2@1.0.0 test
> pnpm run api:playground:generate && vitest --run test/routes/api-v1-idempotent-recovery.test.ts


> spoonjoy-v2@1.0.0 api:playground:generate /Users/arimendelow/Projects/spoonjoy-v2
> tsx scripts/generate-api-playground.ts

Generated app/lib/generated/api-v1-playground.ts

 RUN  v4.0.18 /Users/arimendelow/Projects/spoonjoy-v2

 ❯ test/routes/api-v1-idempotent-recovery.test.ts (2 tests | 2 failed) 139ms
     × recovers a committed incomplete mutation instead of replaying the write 35ms
     × completes idempotency from recovery when a callback throws after committing 11ms

⎯⎯⎯⎯⎯⎯⎯ Failed Tests 2 ⎯⎯⎯⎯⎯⎯⎯

 FAIL  test/routes/api-v1-idempotent-recovery.test.ts > API v1 idempotent mutation recovery > recovers a committed incomplete mutation instead of replaying the write
TypeError: (0 , __vite_ssr_import_3__.runIdempotentApiV1Mutation) is not a function
 ❯ test/routes/api-v1-idempotent-recovery.test.ts:86:28
     84|
     85|     let writeCalls = 0;
     86|     const response = await runIdempotentApiV1Mutation(
       |                            ^
     87|       routeArgs(mutationRequest("req_recover_existing", body), "recipe…
     88|       "req_recover_existing",

⎯⎯⎯⎯⎯⎯⎯⎯⎯⎯⎯⎯⎯⎯⎯⎯⎯⎯⎯⎯⎯⎯⎯⎯[1/2]⎯

 FAIL  test/routes/api-v1-idempotent-recovery.test.ts > API v1 idempotent mutation recovery > completes idempotency from recovery when a callback throws after committing
TypeError: (0 , __vite_ssr_import_3__.runIdempotentApiV1Mutation) is not a function
 ❯ test/routes/api-v1-idempotent-recovery.test.ts:130:25
    128|
    129|     let writeCalls = 0;
    130|     const first = await runIdempotentApiV1Mutation(
       |                         ^
    131|       routeArgs(mutationRequest("req_recover_throw_first", body), "rec…
    132|       "req_recover_throw_first",

⎯⎯⎯⎯⎯⎯⎯⎯⎯⎯⎯⎯⎯⎯⎯⎯⎯⎯⎯⎯⎯⎯⎯⎯[2/2]⎯


 Test Files  1 failed (1)
      Tests  2 failed (2)
   Start at  04:02:36
   Duration  3.06s (transform 698ms, setup 324ms, import 1.23s, tests 139ms, environment 598ms)
