
 RUN  v4.0.18 /private/tmp/spoonjoy-aasa-red.OXT4xY

 ❯ test/routes/route-shell-coverage.test.ts (0 test)

⎯⎯⎯⎯⎯⎯ Failed Suites 1 ⎯⎯⎯⎯⎯⎯⎯

 FAIL  test/routes/route-shell-coverage.test.ts [ test/routes/route-shell-coverage.test.ts ]
Error: Failed to resolve import "~/lib/web-route-manifest.server" from "test/routes/route-shell-coverage.test.ts". Does the file exist?
  Plugin: vite:import-analysis
  File: /private/tmp/spoonjoy-aasa-red.OXT4xY/test/routes/route-shell-coverage.test.ts:57:58
  48 |    it("serves Apple App Site Association metadata for native Universal Links", async () => {
  49 |      const aasa = await import("~/routes/well-known.apple-app-site-association");
  50 |      const { buildAppleAppSiteAssociation } = await import("~/lib/web-route-manifest.server");
     |                                                            ^
  51 |      const response = await aasa.loader(routeArgs(new Request("https://spoonjoy.app/.well-known/apple-app-site-associa...
  52 |        context: { cloudflare: { env: { APPLE_TEAM_ID: "a1b2c3d4e5" } } }
 ❯ TransformPluginContext._formatLog ../../../Users/arimendelow/Projects/spoonjoy-v2/node_modules/.pnpm/vite@7.3.1_@types+node@22.19.21_jiti@2.6.1_lightningcss@1.30.2_tsx@4.21.0/node_modules/vite/dist/node/chunks/config.js:28999:43
 ❯ TransformPluginContext.error ../../../Users/arimendelow/Projects/spoonjoy-v2/node_modules/.pnpm/vite@7.3.1_@types+node@22.19.21_jiti@2.6.1_lightningcss@1.30.2_tsx@4.21.0/node_modules/vite/dist/node/chunks/config.js:28996:14
 ❯ normalizeUrl ../../../Users/arimendelow/Projects/spoonjoy-v2/node_modules/.pnpm/vite@7.3.1_@types+node@22.19.21_jiti@2.6.1_lightningcss@1.30.2_tsx@4.21.0/node_modules/vite/dist/node/chunks/config.js:27119:18
 ❯ ../../../Users/arimendelow/Projects/spoonjoy-v2/node_modules/.pnpm/vite@7.3.1_@types+node@22.19.21_jiti@2.6.1_lightningcss@1.30.2_tsx@4.21.0/node_modules/vite/dist/node/chunks/config.js:27177:32
 ❯ TransformPluginContext.transform ../../../Users/arimendelow/Projects/spoonjoy-v2/node_modules/.pnpm/vite@7.3.1_@types+node@22.19.21_jiti@2.6.1_lightningcss@1.30.2_tsx@4.21.0/node_modules/vite/dist/node/chunks/config.js:27145:4
 ❯ EnvironmentPluginContainer.transform ../../../Users/arimendelow/Projects/spoonjoy-v2/node_modules/.pnpm/vite@7.3.1_@types+node@22.19.21_jiti@2.6.1_lightningcss@1.30.2_tsx@4.21.0/node_modules/vite/dist/node/chunks/config.js:28797:14
 ❯ loadAndTransform ../../../Users/arimendelow/Projects/spoonjoy-v2/node_modules/.pnpm/vite@7.3.1_@types+node@22.19.21_jiti@2.6.1_lightningcss@1.30.2_tsx@4.21.0/node_modules/vite/dist/node/chunks/config.js:22670:26

⎯⎯⎯⎯⎯⎯⎯⎯⎯⎯⎯⎯⎯⎯⎯⎯⎯⎯⎯⎯⎯⎯⎯⎯[1/1]⎯


 Test Files  1 failed (1)
      Tests  no tests
   Start at  18:14:29
   Duration  378ms (transform 33ms, setup 83ms, import 0ms, tests 0ms, environment 154ms)

expected red status: 1
