
 RUN  v4.0.18 /Users/arimendelow/Projects/spoonjoy-v2

 ❯ test/routes/api-v1-recipe-steps.test.ts (8 tests | 7 failed) 380ms
     ✓ declares the recipe step mutation scope rows 17ms
     × creates, updates, replays, and deletes steps while returning dependency-aware recipe graphs 46ms
     × adds and deletes step ingredients with exact idempotent mutation envelopes 27ms
     × reorders steps and replaces step-output dependencies without losing graph parity 28ms
     × enforces authentication, kitchen write scope, and recipe ownership before step writes 30ms
     × rejects duplicate step numbers, malformed ingredients, missing ids, invalid dependency refs, and dependency cycles 59ms
     × rejects nested step and ingredient ids that do not belong to the routed recipe graph 30ms
     × protects step deletion and reorder operations that would break step-output dependencies 56ms

⎯⎯⎯⎯⎯⎯⎯ Failed Tests 7 ⎯⎯⎯⎯⎯⎯⎯

 FAIL  test/routes/api-v1-recipe-steps.test.ts > API v1 recipe step and dependency mutations > creates, updates, replays, and deletes steps while returning dependency-aware recipe graphs
AssertionError: expected 405 to be 201 // Object.is equality

- Expected
+ Received

- 201
+ 405

 ❯ test/routes/api-v1-recipe-steps.test.ts:289:28
    287|     const createPayload = await readJson(created);
    288|
    289|     expect(created.status).toBe(201);
       |                            ^
    290|     expectPrivateEnvelopeHeaders(created, "req_step_create");
    291|     expectSuccessEnvelope(createPayload, "req_step_create");

⎯⎯⎯⎯⎯⎯⎯⎯⎯⎯⎯⎯⎯⎯⎯⎯⎯⎯⎯⎯⎯⎯⎯⎯[1/7]⎯

 FAIL  test/routes/api-v1-recipe-steps.test.ts > API v1 recipe step and dependency mutations > adds and deletes step ingredients with exact idempotent mutation envelopes
AssertionError: expected 405 to be 201 // Object.is equality

- Expected
+ Received

- 201
+ 405

 ❯ test/routes/api-v1-recipe-steps.test.ts:422:26
    420|     const addPayload = await readJson(added);
    421|
    422|     expect(added.status).toBe(201);
       |                          ^
    423|     expectSuccessEnvelope(addPayload, "req_step_ingredient_add");
    424|     expect(addPayload.data).toMatchObject({

⎯⎯⎯⎯⎯⎯⎯⎯⎯⎯⎯⎯⎯⎯⎯⎯⎯⎯⎯⎯⎯⎯⎯⎯[2/7]⎯

 FAIL  test/routes/api-v1-recipe-steps.test.ts > API v1 recipe step and dependency mutations > reorders steps and replaces step-output dependencies without losing graph parity
AssertionError: expected 405 to be 200 // Object.is equality

- Expected
+ Received

- 200
+ 405

 ❯ test/routes/api-v1-recipe-steps.test.ts:514:30
    512|     const reorderPayload = await readJson(reordered);
    513|
    514|     expect(reordered.status).toBe(200);
       |                              ^
    515|     expectSuccessEnvelope(reorderPayload, "req_step_reorder");
    516|     expect(reorderPayload.data).toMatchObject({

⎯⎯⎯⎯⎯⎯⎯⎯⎯⎯⎯⎯⎯⎯⎯⎯⎯⎯⎯⎯⎯⎯⎯⎯[3/7]⎯

 FAIL  test/routes/api-v1-recipe-steps.test.ts > API v1 recipe step and dependency mutations > enforces authentication, kitchen write scope, and recipe ownership before step writes
AssertionError: expected 405 to be 401 // Object.is equality

- Expected
+ Received

- 401
+ 405

 ❯ test/routes/api-v1-recipe-steps.test.ts:617:30
    615|       `recipes/${fixture.recipe.id}/steps`,
    616|     ));
    617|     expect(anonymous.status).toBe(401);
       |                              ^
    618|     expectErrorEnvelope(await readJson(anonymous), "req_step_auth_anon…
    619|

⎯⎯⎯⎯⎯⎯⎯⎯⎯⎯⎯⎯⎯⎯⎯⎯⎯⎯⎯⎯⎯⎯⎯⎯[4/7]⎯

 FAIL  test/routes/api-v1-recipe-steps.test.ts > API v1 recipe step and dependency mutations > rejects duplicate step numbers, malformed ingredients, missing ids, invalid dependency refs, and dependency cycles
AssertionError: expected 405 to be 400 // Object.is equality

- Expected
+ Received

- 400
+ 405

 ❯ test/routes/api-v1-recipe-steps.test.ts:677:31
    675|         path,
    676|       ));
    677|       expect(response.status).toBe(requestId === "req_step_missing_id"…
       |                               ^
    678|       expectErrorEnvelope(
    679|         await readJson(response),

⎯⎯⎯⎯⎯⎯⎯⎯⎯⎯⎯⎯⎯⎯⎯⎯⎯⎯⎯⎯⎯⎯⎯⎯[5/7]⎯

 FAIL  test/routes/api-v1-recipe-steps.test.ts > API v1 recipe step and dependency mutations > rejects nested step and ingredient ids that do not belong to the routed recipe graph
AssertionError: expected 405 to be 404 // Object.is equality

- Expected
+ Received

- 404
+ 405

 ❯ test/routes/api-v1-recipe-steps.test.ts:741:31
    739|         path,
    740|       ));
    741|       expect(response.status).toBe(404);
       |                               ^
    742|       expectErrorEnvelope(await readJson(response), requestId, "not_fo…
    743|     }

⎯⎯⎯⎯⎯⎯⎯⎯⎯⎯⎯⎯⎯⎯⎯⎯⎯⎯⎯⎯⎯⎯⎯⎯[6/7]⎯

 FAIL  test/routes/api-v1-recipe-steps.test.ts > API v1 recipe step and dependency mutations > protects step deletion and reorder operations that would break step-output dependencies
AssertionError: expected 405 to be 400 // Object.is equality

- Expected
+ Received

- 400
+ 405

 ❯ test/routes/api-v1-recipe-steps.test.ts:755:36
    753|       `recipes/${fixture.recipe.id}/steps/${fixture.steps[0].id}`,
    754|     ));
    755|     expect(protectedDelete.status).toBe(400);
       |                                    ^
    756|     const deletePayload = await readJson(protectedDelete);
    757|     expectErrorEnvelope(deletePayload, "req_step_delete_protected", "v…

⎯⎯⎯⎯⎯⎯⎯⎯⎯⎯⎯⎯⎯⎯⎯⎯⎯⎯⎯⎯⎯⎯⎯⎯[7/7]⎯


 Test Files  1 failed (1)
      Tests  7 failed | 1 passed (8)
   Start at  05:29:05
   Duration  3.16s (transform 688ms, setup 225ms, import 1.54s, tests 380ms, environment 405ms)

