{
  "create": {
    "requestBody": "#/components/schemas/CreateCookbookRequest",
    "success": {
      "201": "#/components/schemas/CreateCookbookEnvelope"
    },
    "idempotency": {
      "key": "clientMutationId",
      "location": "jsonBody",
      "retentionHours": 24,
      "replayStatus": [
        201
      ],
      "conflictStatus": 409,
      "inProgressRetryAfterSeconds": 2,
      "retryBodyRule": "Persist and retry the same parsed JSON body for this clientMutationId. Spoonjoy canonicalizes object key order and ignores whitespace, but method, path, and body values still define conflicts."
    }
  },
  "update": {
    "requestBody": "#/components/schemas/UpdateCookbookRequest",
    "success": {
      "200": "#/components/schemas/UpdateCookbookEnvelope"
    },
    "idempotency": {
      "key": "clientMutationId",
      "location": "jsonBody",
      "retentionHours": 24,
      "replayStatus": [
        200
      ],
      "conflictStatus": 409,
      "inProgressRetryAfterSeconds": 2,
      "retryBodyRule": "Persist and retry the same parsed JSON body for this clientMutationId. Spoonjoy canonicalizes object key order and ignores whitespace, but method, path, and body values still define conflicts."
    }
  },
  "deleteCookbook": {
    "requestBody": "#/components/schemas/DeleteCookbookRequest",
    "success": {
      "200": "#/components/schemas/DeleteCookbookEnvelope"
    },
    "idempotency": {
      "key": "clientMutationId",
      "location": "jsonBodyOrXClientMutationIdHeaderOrQuery",
      "retentionHours": 24,
      "replayStatus": [
        200
      ],
      "conflictStatus": 409,
      "inProgressRetryAfterSeconds": 2,
      "retryBodyRule": "Persist and retry the same parsed JSON body for this clientMutationId, or the same X-Client-Mutation-Id header/query value when the DELETE body is omitted. Spoonjoy canonicalizes object key order and ignores whitespace, but method, path, and body values still define conflicts."
    }
  },
  "addRecipe": {
    "requestBody": "#/components/schemas/CookbookRecipeMutationRequest",
    "success": {
      "200": "#/components/schemas/AddRecipeToCookbookExistingEnvelope",
      "201": "#/components/schemas/AddRecipeToCookbookEnvelope"
    },
    "idempotency": {
      "key": "clientMutationId",
      "location": "jsonBody",
      "retentionHours": 24,
      "replayStatus": [
        200,
        201
      ],
      "conflictStatus": 409,
      "inProgressRetryAfterSeconds": 2,
      "retryBodyRule": "Persist and retry the same parsed JSON body for this clientMutationId. Spoonjoy canonicalizes object key order and ignores whitespace, but method, path, and body values still define conflicts."
    }
  },
  "removeRecipe": {
    "requestBody": "#/components/schemas/CookbookRecipeMutationRequest",
    "success": {
      "200": "#/components/schemas/RemoveRecipeFromCookbookEnvelope"
    },
    "idempotency": {
      "key": "clientMutationId",
      "location": "jsonBodyOrXClientMutationIdHeaderOrQuery",
      "retentionHours": 24,
      "replayStatus": [
        200
      ],
      "conflictStatus": 409,
      "inProgressRetryAfterSeconds": 2,
      "retryBodyRule": "Persist and retry the same parsed JSON body for this clientMutationId, or the same X-Client-Mutation-Id header/query value when the DELETE body is omitted. Spoonjoy canonicalizes object key order and ignores whitespace, but method, path, and body values still define conflicts."
    }
  }
}
